13:10:37.174 [main                     ] DEBUG GameApplication      - Logger initialized
13:10:37.178 [main                     ] DEBUG GameApplication      - Logging settings
Title: Newfoundland Moose Collision
Version: 1.0
Width: 840
Height: 650
Fullscreen: false
Intro: false
Profiling: false
Single step:false
App Mode: DEVELOPER
Menu Key: ESCAPE
Stage Style: DECORATED
Scene Factory: class MooseGame.NewfoundRacerApp$1

13:10:37.444 [JavaFX Application Thread] DEBUG GameApplication      - Initializing FXGL
13:10:37.448 [JavaFX Application Thread] INFO  Engine               - FXGL-11.9 (27.05.2020 17.06) on WINDOWS (J:14.0.1 FX:13.0.2)
13:10:37.449 [JavaFX Application Thread] DEBUG Engine               - JRE Vendor Name: Oracle Corporation
13:10:37.449 [JavaFX Application Thread] DEBUG Engine               - Running on OS: Windows 10 version 10.0
13:10:37.449 [JavaFX Application Thread] DEBUG Engine               - Architecture: amd64
13:10:37.449 [JavaFX Application Thread] INFO  Engine               - Source code and latest versions at: https://github.com/AlmasB/FXGL
13:10:37.449 [JavaFX Application Thread] INFO  Engine               -              Join the FXGL chat at: https://gitter.im/AlmasB/FXGL
13:10:37.515 [JavaFX Application Thread] DEBUG MainWindow           - Creating a JavaFX scene
13:10:37.544 [JavaFX Application Thread] DEBUG MainWindow           - Target settings size: 840.0 x 650.0
13:10:37.544 [JavaFX Application Thread] DEBUG MainWindow           - Scaled scene size:    840.0 x 650.0
13:10:37.544 [JavaFX Application Thread] DEBUG MainWindow           - Scaled ratio: (1.0, 1.0)
13:10:37.545 [JavaFX Application Thread] DEBUG MainWindow           - Set initial scene to FXGLStartupScene
13:10:37.548 [JavaFX Application Thread] DEBUG MainWindow           - Opening main window
13:10:37.614 [JavaFX Application Thread] DEBUG MainWindow           - Window border size: (16.0, 39.0)
13:10:37.614 [JavaFX Application Thread] DEBUG MainWindow           - Scaled size: 840.0 x 650.0
13:10:37.614 [JavaFX Application Thread] DEBUG MainWindow           - Scaled ratio: (1.0, 1.0)
13:10:37.614 [JavaFX Application Thread] DEBUG MainWindow           - Scene size: 840.0 x 650.0
13:10:37.614 [JavaFX Application Thread] DEBUG MainWindow           - Stage size: 856.0 x 689.0
13:10:37.620 [FXGL Background Thread 1 ] DEBUG Engine               - Initializing environment variables
13:10:37.637 [FXGL Background Thread 1 ] DEBUG WindowService        - Applying CSS: fxgl_dark.css
13:10:37.638 [FXGL Background Thread 1 ] DEBUG AssetLoaderService   - Loading from file system: /assets/ui/css/fxgl_dark.css
13:10:37.663 [FXGL Background Thread 1 ] DEBUG WindowService        - Initializing application scenes
13:10:37.682 [FXGL Background Thread 1 ] DEBUG GameWorld            - Game world initialized
13:10:37.703 [FXGL Background Thread 1 ] DEBUG PhysicsWorld         - Physics world initialized: appHeight=650, physics.ppm=50.0
13:10:37.704 [FXGL Background Thread 1 ] DEBUG GameScene            - Game scene initialized: 840x650
13:10:37.715 [FXGL Background Thread 1 ] DEBUG AssetLoaderService   - Loading from file system: /assets/music/8-Bit-Perplexion.mp3
13:10:37.799 [FXGL Background Thread 1 ] DEBUG AssetLoaderService   - Loading from file system: /assets/music/Caffeine-Crazed-Coin-Op-Kids.mp3
13:10:37.806 [FXGL Background Thread 1 ] DEBUG AudioPlayer          - Stopping music com.almasb.fxgl.audio.Music@3ef1e04
13:10:37.806 [FXGL Background Thread 1 ] DEBUG AudioPlayer          - Playing music com.almasb.fxgl.audio.Music@7b69652e
13:10:37.874 [FXGL Background Thread 1 ] DEBUG AssetLoaderService   - Loading from file system: /assets/textures/particles/trace_horizontal.png
13:10:37.903 [FXGL Background Thread 1 ] DEBUG FXGL.DefaultMenu     - createMenuBodyGameMenu()
13:10:37.910 [FXGL Background Thread 1 ] DEBUG FXGL.DefaultMenu     - createOptionsMenu()
13:10:37.913 [FXGL Background Thread 1 ] DEBUG AssetLoaderService   - Loading from file system: /assets/textures/particles/smoke.png
13:10:37.946 [FXGL Background Thread 1 ] DEBUG WindowService        - Application scenes initialized
13:10:37.952 [FXGL Background Thread 1 ] DEBUG SystemBundleService  - Loading FXGL system data
13:10:37.954 [FXGL Background Thread 1 ] DEBUG FileSystemAccess     - Reading from: E:\secondYear\Java\NewfoundlandRacer\out\artifacts\NewfoundlandRacer_jar\system\fxgl.bundle
13:10:37.958 [FXGL Background Thread 1 ] DEBUG SystemBundleService  - Bundle FXGL: {}
13:10:37.958 [FXGL Background Thread 1 ] INFO  Engine               - FXGL initialization took: 0.337 sec
13:10:37.959 [FXGL Background Thread 1 ] DEBUG GameApplication      - Loading localizations
13:10:37.960 [FXGL Background Thread 1 ] DEBUG AssetLoaderService   - Loading from file system: /assets/languages/english.lang
13:10:37.967 [FXGL Background Thread 1 ] DEBUG AssetLoaderService   - Loading from file system: /assets/languages/french.lang
13:10:37.969 [FXGL Background Thread 1 ] DEBUG AssetLoaderService   - Loading from file system: /assets/languages/german.lang
13:10:37.970 [FXGL Background Thread 1 ] DEBUG AssetLoaderService   - Loading from file system: /assets/languages/hungarian.lang
13:10:37.972 [FXGL Background Thread 1 ] DEBUG AssetLoaderService   - Loading from file system: /assets/languages/russian.lang
13:10:37.973 [FXGL Background Thread 1 ] DEBUG GameApplication      - Registering font factories with UI factory
13:10:37.973 [FXGL Background Thread 1 ] DEBUG AssetLoaderService   - Loading from file system: /assets/ui/fonts/VarelaRound-Regular.ttf
13:10:38.010 [FXGL Background Thread 1 ] DEBUG AssetLoaderService   - Loading from file system: /assets/ui/fonts/Abel-Regular.ttf
13:10:38.017 [FXGL Background Thread 1 ] DEBUG AssetLoaderService   - Loading from file system: /assets/ui/fonts/lucida_console.ttf
13:10:38.025 [FXGL Background Thread 1 ] DEBUG AssetLoaderService   - Loading from file system: /assets/ui/fonts/Courier-Prime.ttf
13:10:38.037 [JavaFX Application Thread] DEBUG Input                - Registered new binding: Move Right - D
13:10:38.037 [JavaFX Application Thread] DEBUG Input                - Registered new binding: Move Left - A
13:10:38.037 [JavaFX Application Thread] DEBUG Input                - Registered new binding: Move Up - W
13:10:38.037 [JavaFX Application Thread] DEBUG Input                - Registered new binding: Move Down - S
13:10:38.037 [JavaFX Application Thread] DEBUG AssetLoaderService   - Loading from file system: /assets/textures/fxgl_icon.png
13:10:38.043 [JavaFX Application Thread] DEBUG AssetLoaderService   - Loading from file system: /assets/ui/cursors/fxgl_default.png
13:10:38.045 [JavaFX Application Thread] DEBUG Input                - Registered new binding: Screenshot - P
13:10:38.046 [JavaFX Application Thread] DEBUG Input                - Registered new binding: System info dump - CTRL+9
13:10:38.046 [JavaFX Application Thread] DEBUG Input                - Registered new binding: Restart - CTRL+R
13:10:38.046 [JavaFX Application Thread] DEBUG LoopRunner           - Starting loop
13:10:38.062 [JavaFX Application Thread] DEBUG FXGLStartupScene     - STARTUP
13:10:38.062 [JavaFX Application Thread] DEBUG Input                - Clearing active input actions
13:10:38.067 [JavaFX Application Thread] DEBUG WindowService        - Removing overlay from FXGLStartupScene and adding to 
13:10:38.067 [JavaFX Application Thread] DEBUG MainWindow           - FXGLStartupScene -> 
13:10:38.067 [JavaFX Application Thread] DEBUG MainWindow           - Push state: NewfoundlandRacerMainMenu
13:10:38.067 [JavaFX Application Thread] DEBUG Input                - Clearing active input actions
13:10:38.073 [JavaFX Application Thread] DEBUG WindowService        - Removing overlay from  and adding to NewfoundlandRacerMainMenu
13:10:38.073 [JavaFX Application Thread] DEBUG MainWindow           -  -> NewfoundlandRacerMainMenu
13:10:39.284 [JavaFX Application Thread] DEBUG GameApplication      - Exiting FXGL
13:10:39.284 [JavaFX Application Thread] DEBUG LoopRunner           - Stopping loop
13:10:39.284 [JavaFX Application Thread] DEBUG SystemBundleService  - Saving FXGL system data
13:10:39.285 [JavaFX Application Thread] DEBUG FileSystemAccess     - Writing to: E:\secondYear\Java\NewfoundlandRacer\out\artifacts\NewfoundlandRacer_jar\system\fxgl.bundle
13:10:39.286 [JavaFX Application Thread] DEBUG GameApplication      - Shutting down background threads
13:10:39.286 [JavaFX Application Thread] DEBUG GameApplication      - Closing logger and exiting JavaFX
