00:14:45.395 [main                     ] DEBUG GameApplication      - Logger initialized
00:14:45.399 [main                     ] DEBUG GameApplication      - Logging settings
Title: Newfoundland Moose Collision
Version: 1.0
Width: 840
Height: 650
Fullscreen: false
Intro: false
Profiling: false
Single step:false
App Mode: DEVELOPER
Menu Key: ESCAPE
Stage Style: DECORATED
Scene Factory: class MooseGame.NewfoundRacerApp$1

00:14:45.701 [JavaFX Application Thread] DEBUG GameApplication      - Initializing FXGL
00:14:45.706 [JavaFX Application Thread] INFO  Engine               - FXGL-11.9 (27.05.2020 17.06) on WINDOWS (J:14.0.1 FX:13.0.2)
00:14:45.706 [JavaFX Application Thread] DEBUG Engine               - JRE Vendor Name: Oracle Corporation
00:14:45.706 [JavaFX Application Thread] DEBUG Engine               - Running on OS: Windows 10 version 10.0
00:14:45.707 [JavaFX Application Thread] DEBUG Engine               - Architecture: amd64
00:14:45.707 [JavaFX Application Thread] INFO  Engine               - Source code and latest versions at: https://github.com/AlmasB/FXGL
00:14:45.707 [JavaFX Application Thread] INFO  Engine               -              Join the FXGL chat at: https://gitter.im/AlmasB/FXGL
00:14:45.778 [JavaFX Application Thread] DEBUG MainWindow           - Creating a JavaFX scene
00:14:45.812 [JavaFX Application Thread] DEBUG MainWindow           - Target settings size: 840.0 x 650.0
00:14:45.812 [JavaFX Application Thread] DEBUG MainWindow           - Scaled scene size:    840.0 x 650.0
00:14:45.812 [JavaFX Application Thread] DEBUG MainWindow           - Scaled ratio: (1.0, 1.0)
00:14:45.813 [JavaFX Application Thread] DEBUG MainWindow           - Set initial scene to FXGLStartupScene
00:14:45.817 [JavaFX Application Thread] DEBUG MainWindow           - Opening main window
00:14:45.886 [JavaFX Application Thread] DEBUG MainWindow           - Window border size: (16.0, 39.0)
00:14:45.886 [JavaFX Application Thread] DEBUG MainWindow           - Scaled size: 840.0 x 650.0
00:14:45.886 [JavaFX Application Thread] DEBUG MainWindow           - Scaled ratio: (1.0, 1.0)
00:14:45.886 [JavaFX Application Thread] DEBUG MainWindow           - Scene size: 840.0 x 650.0
00:14:45.887 [JavaFX Application Thread] DEBUG MainWindow           - Stage size: 856.0 x 689.0
00:14:45.893 [FXGL Background Thread 1 ] DEBUG Engine               - Initializing environment variables
00:14:45.912 [FXGL Background Thread 1 ] DEBUG WindowService        - Applying CSS: fxgl_dark.css
00:14:45.912 [FXGL Background Thread 1 ] DEBUG AssetLoaderService   - Loading from file system: /assets/ui/css/fxgl_dark.css
00:14:45.941 [FXGL Background Thread 1 ] DEBUG WindowService        - Initializing application scenes
00:14:45.961 [FXGL Background Thread 1 ] DEBUG GameWorld            - Game world initialized
00:14:45.983 [FXGL Background Thread 1 ] DEBUG PhysicsWorld         - Physics world initialized: appHeight=650, physics.ppm=50.0
00:14:45.984 [FXGL Background Thread 1 ] DEBUG GameScene            - Game scene initialized: 840x650
00:14:45.995 [FXGL Background Thread 1 ] DEBUG AssetLoaderService   - Loading from file system: /assets/music/8-Bit-Perplexion.mp3
00:14:46.085 [FXGL Background Thread 1 ] DEBUG AssetLoaderService   - Loading from file system: /assets/music/Caffeine-Crazed-Coin-Op-Kids.mp3
00:14:46.092 [FXGL Background Thread 1 ] DEBUG AudioPlayer          - Stopping music com.almasb.fxgl.audio.Music@6f316035
00:14:46.093 [FXGL Background Thread 1 ] DEBUG AudioPlayer          - Playing music com.almasb.fxgl.audio.Music@4b94fb91
00:14:46.118 [FXGL Background Thread 1 ] DEBUG AssetLoaderService   - Loading from file system: /assets/textures/particles/trace_horizontal.png
00:14:46.168 [FXGL Background Thread 1 ] DEBUG FXGL.DefaultMenu     - createMenuBodyGameMenu()
00:14:46.174 [FXGL Background Thread 1 ] DEBUG FXGL.DefaultMenu     - createOptionsMenu()
00:14:46.177 [FXGL Background Thread 1 ] DEBUG AssetLoaderService   - Loading from file system: /assets/textures/particles/smoke.png
00:14:46.216 [FXGL Background Thread 1 ] DEBUG WindowService        - Application scenes initialized
00:14:46.221 [FXGL Background Thread 1 ] DEBUG SystemBundleService  - Loading FXGL system data
00:14:46.225 [FXGL Background Thread 1 ] DEBUG FileSystemAccess     - Reading from: E:\secondYear\Java\NewfoundlandRacer\out\artifacts\NewfoundlandRacer_jar\system\fxgl.bundle
00:14:46.228 [FXGL Background Thread 1 ] DEBUG SystemBundleService  - Bundle FXGL: {}
00:14:46.228 [FXGL Background Thread 1 ] INFO  Engine               - FXGL initialization took: 0.334 sec
00:14:46.230 [FXGL Background Thread 1 ] DEBUG GameApplication      - Loading localizations
00:14:46.230 [FXGL Background Thread 1 ] DEBUG AssetLoaderService   - Loading from file system: /assets/languages/english.lang
00:14:46.237 [FXGL Background Thread 1 ] DEBUG AssetLoaderService   - Loading from file system: /assets/languages/french.lang
00:14:46.239 [FXGL Background Thread 1 ] DEBUG AssetLoaderService   - Loading from file system: /assets/languages/german.lang
00:14:46.240 [FXGL Background Thread 1 ] DEBUG AssetLoaderService   - Loading from file system: /assets/languages/hungarian.lang
00:14:46.242 [FXGL Background Thread 1 ] DEBUG AssetLoaderService   - Loading from file system: /assets/languages/russian.lang
00:14:46.244 [FXGL Background Thread 1 ] DEBUG GameApplication      - Registering font factories with UI factory
00:14:46.244 [FXGL Background Thread 1 ] DEBUG AssetLoaderService   - Loading from file system: /assets/ui/fonts/VarelaRound-Regular.ttf
00:14:46.284 [FXGL Background Thread 1 ] DEBUG AssetLoaderService   - Loading from file system: /assets/ui/fonts/Abel-Regular.ttf
00:14:46.291 [FXGL Background Thread 1 ] DEBUG AssetLoaderService   - Loading from file system: /assets/ui/fonts/lucida_console.ttf
00:14:46.300 [FXGL Background Thread 1 ] DEBUG AssetLoaderService   - Loading from file system: /assets/ui/fonts/Courier-Prime.ttf
00:14:46.315 [JavaFX Application Thread] DEBUG Input                - Registered new binding: Move Right - D
00:14:46.315 [JavaFX Application Thread] DEBUG Input                - Registered new binding: Move Left - A
00:14:46.315 [JavaFX Application Thread] DEBUG Input                - Registered new binding: Move Up - W
00:14:46.315 [JavaFX Application Thread] DEBUG Input                - Registered new binding: Move Down - S
00:14:46.315 [JavaFX Application Thread] DEBUG AssetLoaderService   - Loading from file system: /assets/textures/fxgl_icon.png
00:14:46.332 [JavaFX Application Thread] DEBUG AssetLoaderService   - Loading from file system: /assets/ui/cursors/fxgl_default.png
00:14:46.334 [JavaFX Application Thread] DEBUG Input                - Registered new binding: Screenshot - P
00:14:46.335 [JavaFX Application Thread] DEBUG Input                - Registered new binding: System info dump - CTRL+9
00:14:46.335 [JavaFX Application Thread] DEBUG Input                - Registered new binding: Restart - CTRL+R
00:14:46.335 [JavaFX Application Thread] DEBUG LoopRunner           - Starting loop
00:14:46.351 [JavaFX Application Thread] DEBUG FXGLStartupScene     - STARTUP
00:14:46.351 [JavaFX Application Thread] DEBUG Input                - Clearing active input actions
00:14:46.357 [JavaFX Application Thread] DEBUG WindowService        - Removing overlay from FXGLStartupScene and adding to 
00:14:46.357 [JavaFX Application Thread] DEBUG MainWindow           - FXGLStartupScene -> 
00:14:46.357 [JavaFX Application Thread] DEBUG MainWindow           - Push state: NewfoundlandRacerMainMenu
00:14:46.357 [JavaFX Application Thread] DEBUG Input                - Clearing active input actions
00:14:46.363 [JavaFX Application Thread] DEBUG WindowService        - Removing overlay from  and adding to NewfoundlandRacerMainMenu
00:14:46.364 [JavaFX Application Thread] DEBUG MainWindow           -  -> NewfoundlandRacerMainMenu
00:14:49.230 [FXGL Background Thread 2 ] DEBUG Engine               - Logging environment variables
00:14:49.231 [FXGL Background Thread 2 ] DEBUG Engine               - achievements: []
00:14:49.231 [FXGL Background Thread 2 ] DEBUG Engine               - appIcon: fxgl_icon.png
00:14:49.231 [FXGL Background Thread 2 ] DEBUG Engine               - applicationMode: DEVELOPER
00:14:49.231 [FXGL Background Thread 2 ] DEBUG Engine               - cSSList: [fxgl_dark.css]
00:14:49.231 [FXGL Background Thread 2 ] DEBUG Engine               - configClass: Optional.empty
00:14:49.231 [FXGL Background Thread 2 ] DEBUG Engine               - credits: []
00:14:49.231 [FXGL Background Thread 2 ] DEBUG Engine               - devBBoxColorProperty: ObjectProperty [value: 0xff0000ff]
00:14:49.231 [FXGL Background Thread 2 ] DEBUG Engine               - devSensorColorProperty: ObjectProperty [value: 0xffff00ff]
00:14:49.231 [FXGL Background Thread 2 ] DEBUG Engine               - devShowBBoxProperty: BooleanProperty [value: false]
00:14:49.231 [FXGL Background Thread 2 ] DEBUG Engine               - devShowPositionProperty: BooleanProperty [value: false]
00:14:49.232 [FXGL Background Thread 2 ] DEBUG Engine               - enabledMenuItems: []
00:14:49.232 [FXGL Background Thread 2 ] DEBUG Engine               - engineServices: [class com.almasb.fxgl.app.GameApplication$GameApplicationService, class com.almasb.fxgl.app.services.WindowService, class com.almasb.fxgl.app.services.FXGLDialogService, class com.almasb.fxgl.app.services.IOTaskExecutorService, class com.almasb.fxgl.event.EventBusService, class com.almasb.fxgl.io.FileSystemService, class com.almasb.fxgl.localization.LocalizationService, class com.almasb.fxgl.app.services.AssetLoaderService, class com.almasb.fxgl.app.services.SystemBundleService, class com.almasb.fxgl.profile.SaveLoadService, class com.almasb.fxgl.ui.FXGLUIFactoryServiceProvider, class com.almasb.fxgl.ui.FXGLDialogFactoryServiceProvider, class com.almasb.fxgl.audio.AudioPlayer, class com.almasb.fxgl.notification.impl.NotificationServiceProvider, class com.almasb.fxgl.achievement.AchievementService, class com.almasb.fxgl.cutscene.CutsceneService, class com.almasb.fxgl.minigames.MiniGameService, class com.almasb.fxgl.net.NetService, class com.almasb.fxgl.app.services.UpdaterService, class com.almasb.fxgl.dev.DevService]
00:14:49.232 [FXGL Background Thread 2 ] DEBUG Engine               - fontGame: Abel-Regular.ttf
00:14:49.232 [FXGL Background Thread 2 ] DEBUG Engine               - fontMono: lucida_console.ttf
00:14:49.232 [FXGL Background Thread 2 ] DEBUG Engine               - fontText: Courier-Prime.ttf
00:14:49.232 [FXGL Background Thread 2 ] DEBUG Engine               - fontUI: VarelaRound-Regular.ttf
00:14:49.232 [FXGL Background Thread 2 ] DEBUG Engine               - fullScreen: BooleanProperty [value: false]
00:14:49.232 [FXGL Background Thread 2 ] DEBUG Engine               - gameDifficulty: MEDIUM
00:14:49.232 [FXGL Background Thread 2 ] DEBUG Engine               - gameDifficultyProperty: ObjectProperty [value: MEDIUM]
00:14:49.232 [FXGL Background Thread 2 ] DEBUG Engine               - globalMusicVolume: 0.5
00:14:49.232 [FXGL Background Thread 2 ] DEBUG Engine               - globalMusicVolumeProperty: DoubleProperty [value: 0.5]
00:14:49.232 [FXGL Background Thread 2 ] DEBUG Engine               - globalSoundVolume: 0.5
00:14:49.232 [FXGL Background Thread 2 ] DEBUG Engine               - globalSoundVolumeProperty: DoubleProperty [value: 0.5]
00:14:49.232 [FXGL Background Thread 2 ] DEBUG Engine               - height: 650
00:14:49.232 [FXGL Background Thread 2 ] DEBUG Engine               - isAndroid: false
00:14:49.232 [FXGL Background Thread 2 ] DEBUG Engine               - isBrowser: false
00:14:49.232 [FXGL Background Thread 2 ] DEBUG Engine               - isClickFeedbackEnabled: false
00:14:49.232 [FXGL Background Thread 2 ] DEBUG Engine               - isCloseConfirmation: false
00:14:49.233 [FXGL Background Thread 2 ] DEBUG Engine               - isDesktop: true
00:14:49.233 [FXGL Background Thread 2 ] DEBUG Engine               - isDeveloperMenuEnabled: false
00:14:49.233 [FXGL Background Thread 2 ] DEBUG Engine               - isExperimentalNative: false
00:14:49.233 [FXGL Background Thread 2 ] DEBUG Engine               - isExperimentalTiledLargeMap: false
00:14:49.233 [FXGL Background Thread 2 ] DEBUG Engine               - isFullScreenAllowed: false
00:14:49.233 [FXGL Background Thread 2 ] DEBUG Engine               - isFullScreenFromStart: false
00:14:49.233 [FXGL Background Thread 2 ] DEBUG Engine               - isGameMenuEnabled: true
00:14:49.233 [FXGL Background Thread 2 ] DEBUG Engine               - isIOS: false
00:14:49.233 [FXGL Background Thread 2 ] DEBUG Engine               - isIntroEnabled: false
00:14:49.233 [FXGL Background Thread 2 ] DEBUG Engine               - isLinux: false
00:14:49.233 [FXGL Background Thread 2 ] DEBUG Engine               - isMac: false
00:14:49.233 [FXGL Background Thread 2 ] DEBUG Engine               - isMainMenuEnabled: true
00:14:49.233 [FXGL Background Thread 2 ] DEBUG Engine               - isManualResizeEnabled: false
00:14:49.233 [FXGL Background Thread 2 ] DEBUG Engine               - isMobile: false
00:14:49.233 [FXGL Background Thread 2 ] DEBUG Engine               - isPreserveResizeRatio: false
00:14:49.233 [FXGL Background Thread 2 ] DEBUG Engine               - isProfilingEnabled: false
00:14:49.233 [FXGL Background Thread 2 ] DEBUG Engine               - isSingleStep: false
00:14:49.233 [FXGL Background Thread 2 ] DEBUG Engine               - isUserProfileEnabled: false
00:14:49.233 [FXGL Background Thread 2 ] DEBUG Engine               - isWindows: true
00:14:49.233 [FXGL Background Thread 2 ] DEBUG Engine               - language: ObjectProperty [value: ENGLISH]
00:14:49.233 [FXGL Background Thread 2 ] DEBUG Engine               - mainWindow: com.almasb.fxgl.app.MainWindow@30885e09
00:14:49.233 [FXGL Background Thread 2 ] DEBUG Engine               - menuKey: ESCAPE
00:14:49.233 [FXGL Background Thread 2 ] DEBUG Engine               - notificationViewClass: class com.almasb.fxgl.notification.view.XboxNotificationView
00:14:49.234 [FXGL Background Thread 2 ] DEBUG Engine               - pixelsPerMeter: 50.0
00:14:49.234 [FXGL Background Thread 2 ] DEBUG Engine               - platform: WINDOWS
00:14:49.234 [FXGL Background Thread 2 ] DEBUG Engine               - profileDir: profiles/
00:14:49.234 [FXGL Background Thread 2 ] DEBUG Engine               - profileName: StringProperty [value: DEFAULT]
00:14:49.234 [FXGL Background Thread 2 ] DEBUG Engine               - randomSeed: -1
00:14:49.234 [FXGL Background Thread 2 ] DEBUG Engine               - runtimeInfo: RuntimeInfo(platform=WINDOWS, version=11.9, build=27.05.2020 17.06)
00:14:49.234 [FXGL Background Thread 2 ] DEBUG Engine               - saveFileExt: sav
00:14:49.234 [FXGL Background Thread 2 ] DEBUG Engine               - sceneFactory: MooseGame.NewfoundRacerApp$1@758ac67c
00:14:49.234 [FXGL Background Thread 2 ] DEBUG Engine               - secondsIn24h: 60
00:14:49.234 [FXGL Background Thread 2 ] DEBUG Engine               - settings: Title: Newfoundland Moose Collision
Version: 1.0
Width: 840
Height: 650
Fullscreen: false
Intro: false
Profiling: false
Single step:false
App Mode: DEVELOPER
Menu Key: ESCAPE
Stage Style: DECORATED
Scene Factory: class MooseGame.NewfoundRacerApp$1

00:14:49.234 [FXGL Background Thread 2 ] DEBUG Engine               - soundMenuBack: menu/back.wav
00:14:49.234 [FXGL Background Thread 2 ] DEBUG Engine               - soundMenuPress: menu/press.wav
00:14:49.234 [FXGL Background Thread 2 ] DEBUG Engine               - soundMenuSelect: menu/select.wav
00:14:49.234 [FXGL Background Thread 2 ] DEBUG Engine               - soundNotification: core/notification.wav
00:14:49.234 [FXGL Background Thread 2 ] DEBUG Engine               - stageStyle: DECORATED
00:14:49.234 [FXGL Background Thread 2 ] DEBUG Engine               - supportedLanguages: [ENGLISH, FRENCH, GERMAN, HUNGARIAN, RUSSIAN]
00:14:49.234 [FXGL Background Thread 2 ] DEBUG Engine               - title: Newfoundland Moose Collision
00:14:49.234 [FXGL Background Thread 2 ] DEBUG Engine               - urlGithub: https://github.com/AlmasB/FXGL
00:14:49.234 [FXGL Background Thread 2 ] DEBUG Engine               - urlLeaderboard: http://fxgl-top.herokuapp.com/
00:14:49.234 [FXGL Background Thread 2 ] DEBUG Engine               - urlPOM: https://raw.githubusercontent.com/AlmasB/FXGL/master/pom.xml
00:14:49.234 [FXGL Background Thread 2 ] DEBUG Engine               - version: 1.0
00:14:49.235 [FXGL Background Thread 2 ] DEBUG Engine               - versionCheckDays: 7
00:14:49.235 [FXGL Background Thread 2 ] DEBUG Engine               - width: 840
00:14:49.235 [FXGL Background Thread 2 ] DEBUG Engine               - Logging services
00:14:49.235 [FXGL Background Thread 2 ] DEBUG Engine               - class com.almasb.fxgl.app.GameApplication$GameApplicationService
00:14:49.235 [FXGL Background Thread 2 ] DEBUG Engine               - class com.almasb.fxgl.app.services.WindowService
00:14:49.235 [FXGL Background Thread 2 ] DEBUG Engine               - class com.almasb.fxgl.app.services.FXGLDialogService
00:14:49.235 [FXGL Background Thread 2 ] DEBUG Engine               - class com.almasb.fxgl.app.services.IOTaskExecutorService
00:14:49.235 [FXGL Background Thread 2 ] DEBUG Engine               - class com.almasb.fxgl.event.EventBusService
00:14:49.235 [FXGL Background Thread 2 ] DEBUG Engine               - class com.almasb.fxgl.io.FileSystemService
00:14:49.235 [FXGL Background Thread 2 ] DEBUG Engine               - class com.almasb.fxgl.localization.LocalizationService
00:14:49.235 [FXGL Background Thread 2 ] DEBUG Engine               - class com.almasb.fxgl.app.services.AssetLoaderService
00:14:49.235 [FXGL Background Thread 2 ] DEBUG Engine               - class com.almasb.fxgl.app.services.SystemBundleService
00:14:49.235 [FXGL Background Thread 2 ] DEBUG Engine               - class com.almasb.fxgl.profile.SaveLoadService
00:14:49.235 [FXGL Background Thread 2 ] DEBUG Engine               - class com.almasb.fxgl.ui.FXGLUIFactoryServiceProvider
00:14:49.235 [FXGL Background Thread 2 ] DEBUG Engine               - class com.almasb.fxgl.ui.FXGLDialogFactoryServiceProvider
00:14:49.235 [FXGL Background Thread 2 ] DEBUG Engine               - class com.almasb.fxgl.audio.AudioPlayer
00:14:49.235 [FXGL Background Thread 2 ] DEBUG Engine               - class com.almasb.fxgl.notification.impl.NotificationServiceProvider
00:14:49.235 [FXGL Background Thread 2 ] DEBUG Engine               - class com.almasb.fxgl.achievement.AchievementService
00:14:49.235 [FXGL Background Thread 2 ] DEBUG Engine               - class com.almasb.fxgl.cutscene.CutsceneService
00:14:49.235 [FXGL Background Thread 2 ] DEBUG Engine               - class com.almasb.fxgl.minigames.MiniGameService
00:14:49.235 [FXGL Background Thread 2 ] DEBUG Engine               - class com.almasb.fxgl.net.NetService
00:14:49.235 [FXGL Background Thread 2 ] DEBUG Engine               - class com.almasb.fxgl.app.services.UpdaterService
00:14:49.235 [FXGL Background Thread 2 ] DEBUG Engine               - class com.almasb.fxgl.dev.DevService
00:14:50.678 [JavaFX Application Thread] DEBUG Menu                 - fireNewGame()
00:14:50.678 [JavaFX Application Thread] DEBUG WindowService        - Starting new game
00:14:50.678 [JavaFX Application Thread] DEBUG MainWindow           - Pop state: NewfoundlandRacerMainMenu
00:14:50.678 [JavaFX Application Thread] DEBUG Input                - Clearing active input actions
00:14:50.678 [JavaFX Application Thread] DEBUG WindowService        - Removing overlay from NewfoundlandRacerMainMenu and adding to 
00:14:50.678 [JavaFX Application Thread] DEBUG MainWindow           -  <- NewfoundlandRacerMainMenu
00:14:50.678 [JavaFX Application Thread] DEBUG Input                - Clearing active input actions
00:14:50.684 [JavaFX Application Thread] DEBUG WindowService        - Removing overlay from  and adding to FXGLLoadingScene
00:14:50.685 [JavaFX Application Thread] DEBUG MainWindow           -  -> FXGLLoadingScene
00:14:50.685 [JavaFX Application Thread] DEBUG WindowService        - Clearing previous game
00:14:50.685 [JavaFX Application Thread] DEBUG GameScene            - Clearing game scene
00:14:50.685 [JavaFX Application Thread] DEBUG GameWorld            - Clearing game world
00:14:50.685 [JavaFX Application Thread] DEBUG PhysicsWorld         - Clearing physics world
00:14:50.686 [FXGL Background Thread 1 ] DEBUG GameApplication      - Initializing game
00:14:50.690 [FXGL Background Thread 1 ] DEBUG AssetLoaderService   - Loading from file system: /assets/textures/4lanehighway.png
00:14:50.764 [FXGL Background Thread 1 ] DEBUG AssetLoaderService   - Loading from file system: /assets/textures/player.png
00:14:50.773 [FXGL Background Thread 1 ] DEBUG AssetLoaderService   - Loading from cache: /assets/music/8-Bit-Perplexion.mp3
00:14:50.773 [FXGL Background Thread 1 ] DEBUG AssetLoaderService   - Loading from cache: /assets/music/Caffeine-Crazed-Coin-Op-Kids.mp3
00:14:50.773 [FXGL Background Thread 1 ] DEBUG AudioPlayer          - Stopping music com.almasb.fxgl.audio.Music@4b94fb91
00:14:50.774 [FXGL Background Thread 1 ] DEBUG AudioPlayer          - Playing music com.almasb.fxgl.audio.Music@6f316035
00:14:50.776 [FXGL Background Thread 1 ] INFO  GameApplication      - Game initialization took: 0.090 sec
00:14:50.777 [JavaFX Application Thread] DEBUG Input                - Clearing active input actions
00:14:50.782 [JavaFX Application Thread] DEBUG WindowService        - Removing overlay from FXGLLoadingScene and adding to GameScene
00:14:50.782 [JavaFX Application Thread] DEBUG MainWindow           - FXGLLoadingScene -> GameScene
00:14:53.372 [JavaFX Application Thread] DEBUG AssetLoaderService   - Loading from file system: /assets/textures/driver1.png
00:14:54.729 [JavaFX Application Thread] DEBUG AssetLoaderService   - Loading from cache: /assets/textures/driver1.png
00:14:55.173 [JavaFX Application Thread] DEBUG AssetLoaderService   - Loading from file system: /assets/textures/pothole.png
00:14:56.027 [JavaFX Application Thread] DEBUG AssetLoaderService   - Loading from file system: /assets/textures/driver2.png
00:14:56.444 [JavaFX Application Thread] DEBUG AssetLoaderService   - Loading from file system: /assets/textures/cowmoosespriterunning.png
00:14:57.354 [JavaFX Application Thread] DEBUG AssetLoaderService   - Loading from file system: /assets/textures/coin.png
00:14:57.368 [JavaFX Application Thread] DEBUG AssetLoaderService   - Loading from file system: /assets/textures/driver0.png
00:14:58.236 [JavaFX Application Thread] DEBUG AssetLoaderService   - Loading from cache: /assets/textures/pothole.png
00:14:58.660 [JavaFX Application Thread] DEBUG AssetLoaderService   - Loading from cache: /assets/textures/driver2.png
00:14:59.320 [JavaFX Application Thread] DEBUG AssetLoaderService   - Loading from file system: /assets/sounds/coincollect.wav
00:15:00.001 [JavaFX Application Thread] DEBUG AssetLoaderService   - Loading from cache: /assets/textures/driver2.png
00:15:00.908 [JavaFX Application Thread] DEBUG AssetLoaderService   - Loading from cache: /assets/textures/cowmoosespriterunning.png
00:15:01.347 [JavaFX Application Thread] DEBUG AssetLoaderService   - Loading from cache: /assets/textures/pothole.png
00:15:01.356 [JavaFX Application Thread] DEBUG AssetLoaderService   - Loading from cache: /assets/textures/driver0.png
00:15:02.695 [JavaFX Application Thread] DEBUG AssetLoaderService   - Loading from cache: /assets/textures/coin.png
00:15:02.730 [JavaFX Application Thread] DEBUG AssetLoaderService   - Loading from file system: /assets/textures/driver3.png
00:15:04.023 [JavaFX Application Thread] DEBUG AssetLoaderService   - Loading from cache: /assets/textures/driver1.png
00:15:04.396 [JavaFX Application Thread] DEBUG AssetLoaderService   - Loading from cache: /assets/sounds/coincollect.wav
00:15:04.443 [JavaFX Application Thread] DEBUG AssetLoaderService   - Loading from cache: /assets/textures/pothole.png
00:15:05.320 [JavaFX Application Thread] DEBUG AssetLoaderService   - Loading from cache: /assets/textures/cowmoosespriterunning.png
00:15:05.356 [JavaFX Application Thread] DEBUG AssetLoaderService   - Loading from cache: /assets/textures/driver2.png
00:15:05.644 [JavaFX Application Thread] DEBUG AssetLoaderService   - Loading from cache: /assets/music/8-Bit-Perplexion.mp3
00:15:05.644 [JavaFX Application Thread] DEBUG AssetLoaderService   - Loading from cache: /assets/music/Caffeine-Crazed-Coin-Op-Kids.mp3
00:15:05.645 [JavaFX Application Thread] DEBUG AudioPlayer          - Stopping music com.almasb.fxgl.audio.Music@6f316035
00:15:05.645 [JavaFX Application Thread] DEBUG AudioPlayer          - Playing music com.almasb.fxgl.audio.Music@4b94fb91
00:15:05.647 [JavaFX Application Thread] DEBUG MainWindow           - Push state: DialogSubScene
00:15:05.647 [JavaFX Application Thread] DEBUG Input                - Clearing active input actions
00:15:05.653 [JavaFX Application Thread] DEBUG WindowService        - Removing overlay from GameScene and adding to DialogSubScene
00:15:05.653 [JavaFX Application Thread] DEBUG MainWindow           - GameScene -> DialogSubScene
00:15:05.653 [JavaFX Application Thread] DEBUG AssetLoaderService   - Loading from file system: /assets/sounds/carcrash.wav
00:15:13.400 [JavaFX Application Thread] DEBUG MainWindow           - Pop state: DialogSubScene
00:15:13.400 [JavaFX Application Thread] DEBUG Input                - Clearing active input actions
00:15:13.401 [JavaFX Application Thread] DEBUG WindowService        - Removing overlay from DialogSubScene and adding to GameScene
00:15:13.401 [JavaFX Application Thread] DEBUG MainWindow           - GameScene <- DialogSubScene
00:15:13.401 [JavaFX Application Thread] DEBUG Input                - Clearing active input actions
00:15:13.404 [JavaFX Application Thread] DEBUG WindowService        - Removing overlay from GameScene and adding to 
00:15:13.404 [JavaFX Application Thread] DEBUG MainWindow           - GameScene -> 
00:15:13.404 [JavaFX Application Thread] DEBUG MainWindow           - Push state: NewfoundlandRacerMainMenu
00:15:13.404 [JavaFX Application Thread] DEBUG Input                - Clearing active input actions
00:15:13.406 [JavaFX Application Thread] DEBUG WindowService        - Removing overlay from  and adding to NewfoundlandRacerMainMenu
00:15:13.406 [JavaFX Application Thread] DEBUG MainWindow           -  -> NewfoundlandRacerMainMenu
00:15:13.406 [JavaFX Application Thread] DEBUG AssetLoaderService   - Loading from cache: /assets/music/8-Bit-Perplexion.mp3
00:15:13.406 [JavaFX Application Thread] DEBUG AssetLoaderService   - Loading from cache: /assets/music/Caffeine-Crazed-Coin-Op-Kids.mp3
00:15:13.406 [JavaFX Application Thread] DEBUG AudioPlayer          - Stopping music com.almasb.fxgl.audio.Music@4b94fb91
00:15:13.407 [JavaFX Application Thread] DEBUG AudioPlayer          - Playing music com.almasb.fxgl.audio.Music@6f316035
00:15:20.257 [JavaFX Application Thread] DEBUG Menu                 - fireNewGame()
00:15:20.257 [JavaFX Application Thread] DEBUG WindowService        - Starting new game
00:15:20.257 [JavaFX Application Thread] DEBUG MainWindow           - Pop state: NewfoundlandRacerMainMenu
00:15:20.258 [JavaFX Application Thread] DEBUG Input                - Clearing active input actions
00:15:20.258 [JavaFX Application Thread] DEBUG WindowService        - Removing overlay from NewfoundlandRacerMainMenu and adding to 
00:15:20.258 [JavaFX Application Thread] DEBUG MainWindow           -  <- NewfoundlandRacerMainMenu
00:15:20.258 [JavaFX Application Thread] DEBUG Input                - Clearing active input actions
00:15:20.263 [JavaFX Application Thread] DEBUG WindowService        - Removing overlay from  and adding to FXGLLoadingScene
00:15:20.263 [JavaFX Application Thread] DEBUG MainWindow           -  -> FXGLLoadingScene
00:15:20.263 [JavaFX Application Thread] DEBUG WindowService        - Clearing previous game
00:15:20.263 [JavaFX Application Thread] DEBUG GameScene            - Clearing game scene
00:15:20.263 [JavaFX Application Thread] DEBUG GameWorld            - Clearing game world
00:15:20.264 [JavaFX Application Thread] DEBUG PhysicsWorld         - Clearing physics world
00:15:20.265 [FXGL Background Thread 1 ] DEBUG GameApplication      - Initializing game
00:15:20.265 [FXGL Background Thread 1 ] DEBUG AssetLoaderService   - Loading from cache: /assets/textures/4lanehighway.png@840.0x750.0
00:15:20.265 [FXGL Background Thread 1 ] DEBUG AssetLoaderService   - Loading from cache: /assets/textures/player.png
00:15:20.266 [FXGL Background Thread 1 ] DEBUG AssetLoaderService   - Loading from cache: /assets/music/8-Bit-Perplexion.mp3
00:15:20.266 [FXGL Background Thread 1 ] DEBUG AssetLoaderService   - Loading from cache: /assets/music/Caffeine-Crazed-Coin-Op-Kids.mp3
00:15:20.266 [FXGL Background Thread 1 ] DEBUG AudioPlayer          - Stopping music com.almasb.fxgl.audio.Music@6f316035
00:15:20.266 [FXGL Background Thread 1 ] DEBUG AudioPlayer          - Playing music com.almasb.fxgl.audio.Music@4b94fb91
00:15:20.267 [FXGL Background Thread 1 ] INFO  GameApplication      - Game initialization took: 0.002 sec
00:15:20.267 [JavaFX Application Thread] DEBUG Input                - Clearing active input actions
00:15:20.270 [JavaFX Application Thread] DEBUG WindowService        - Removing overlay from FXGLLoadingScene and adding to GameScene
00:15:20.270 [JavaFX Application Thread] DEBUG MainWindow           - FXGLLoadingScene -> GameScene
00:15:21.676 [JavaFX Application Thread] DEBUG AssetLoaderService   - Loading from cache: /assets/textures/driver1.png
00:15:23.049 [JavaFX Application Thread] DEBUG AssetLoaderService   - Loading from file system: /assets/textures/driver4.png
00:15:23.482 [JavaFX Application Thread] DEBUG AssetLoaderService   - Loading from cache: /assets/textures/pothole.png
00:15:24.332 [JavaFX Application Thread] DEBUG AssetLoaderService   - Loading from cache: /assets/textures/driver4.png
00:15:24.759 [JavaFX Application Thread] DEBUG AssetLoaderService   - Loading from cache: /assets/textures/cowmoosespriterunning.png
00:15:25.396 [JavaFX Application Thread] DEBUG AssetLoaderService   - Loading from cache: /assets/music/8-Bit-Perplexion.mp3
00:15:25.397 [JavaFX Application Thread] DEBUG AssetLoaderService   - Loading from cache: /assets/music/Caffeine-Crazed-Coin-Op-Kids.mp3
00:15:25.397 [JavaFX Application Thread] DEBUG AudioPlayer          - Stopping music com.almasb.fxgl.audio.Music@4b94fb91
00:15:25.397 [JavaFX Application Thread] DEBUG AudioPlayer          - Playing music com.almasb.fxgl.audio.Music@6f316035
00:15:25.398 [JavaFX Application Thread] DEBUG MainWindow           - Push state: DialogSubScene
00:15:25.398 [JavaFX Application Thread] DEBUG Input                - Clearing active input actions
00:15:25.399 [JavaFX Application Thread] DEBUG WindowService        - Removing overlay from GameScene and adding to DialogSubScene
00:15:25.399 [JavaFX Application Thread] DEBUG MainWindow           - GameScene -> DialogSubScene
00:15:25.399 [JavaFX Application Thread] DEBUG AssetLoaderService   - Loading from cache: /assets/sounds/carcrash.wav
00:15:26.821 [JavaFX Application Thread] DEBUG WindowService        - Starting new game
00:15:26.821 [JavaFX Application Thread] DEBUG MainWindow           - Pop state: DialogSubScene
00:15:26.821 [JavaFX Application Thread] DEBUG Input                - Clearing active input actions
00:15:26.821 [JavaFX Application Thread] DEBUG WindowService        - Removing overlay from DialogSubScene and adding to GameScene
00:15:26.821 [JavaFX Application Thread] DEBUG MainWindow           - GameScene <- DialogSubScene
00:15:26.821 [JavaFX Application Thread] DEBUG Input                - Clearing active input actions
00:15:26.823 [JavaFX Application Thread] DEBUG WindowService        - Removing overlay from GameScene and adding to FXGLLoadingScene
00:15:26.824 [JavaFX Application Thread] DEBUG MainWindow           - GameScene -> FXGLLoadingScene
00:15:26.824 [JavaFX Application Thread] DEBUG WindowService        - Clearing previous game
00:15:26.824 [JavaFX Application Thread] DEBUG GameScene            - Clearing game scene
00:15:26.824 [JavaFX Application Thread] DEBUG GameWorld            - Clearing game world
00:15:26.824 [JavaFX Application Thread] DEBUG PhysicsWorld         - Clearing physics world
00:15:26.824 [FXGL Background Thread 1 ] DEBUG GameApplication      - Initializing game
00:15:26.825 [FXGL Background Thread 1 ] DEBUG AssetLoaderService   - Loading from cache: /assets/textures/4lanehighway.png@840.0x750.0
00:15:26.825 [FXGL Background Thread 1 ] DEBUG AssetLoaderService   - Loading from cache: /assets/textures/player.png
00:15:26.825 [FXGL Background Thread 1 ] DEBUG AssetLoaderService   - Loading from cache: /assets/music/8-Bit-Perplexion.mp3
00:15:26.825 [FXGL Background Thread 1 ] DEBUG AssetLoaderService   - Loading from cache: /assets/music/Caffeine-Crazed-Coin-Op-Kids.mp3
00:15:26.825 [FXGL Background Thread 1 ] DEBUG AudioPlayer          - Stopping music com.almasb.fxgl.audio.Music@6f316035
00:15:26.859 [FXGL Background Thread 1 ] DEBUG AudioPlayer          - Playing music com.almasb.fxgl.audio.Music@4b94fb91
00:15:26.860 [FXGL Background Thread 1 ] INFO  GameApplication      - Game initialization took: 0.035 sec
00:15:26.863 [JavaFX Application Thread] DEBUG Input                - Clearing active input actions
00:15:26.865 [JavaFX Application Thread] DEBUG WindowService        - Removing overlay from FXGLLoadingScene and adding to GameScene
00:15:26.865 [JavaFX Application Thread] DEBUG MainWindow           - FXGLLoadingScene -> GameScene
00:15:28.252 [JavaFX Application Thread] DEBUG AssetLoaderService   - Loading from cache: /assets/textures/driver0.png
00:15:29.654 [JavaFX Application Thread] DEBUG AssetLoaderService   - Loading from cache: /assets/textures/driver2.png
00:15:30.105 [JavaFX Application Thread] DEBUG AssetLoaderService   - Loading from cache: /assets/textures/pothole.png
00:15:31.016 [JavaFX Application Thread] DEBUG AssetLoaderService   - Loading from cache: /assets/textures/driver2.png
00:15:31.148 [JavaFX Application Thread] DEBUG AssetLoaderService   - Loading from cache: /assets/music/8-Bit-Perplexion.mp3
00:15:31.148 [JavaFX Application Thread] DEBUG AssetLoaderService   - Loading from cache: /assets/music/Caffeine-Crazed-Coin-Op-Kids.mp3
00:15:31.148 [JavaFX Application Thread] DEBUG AudioPlayer          - Stopping music com.almasb.fxgl.audio.Music@4b94fb91
00:15:31.149 [JavaFX Application Thread] DEBUG AudioPlayer          - Playing music com.almasb.fxgl.audio.Music@6f316035
00:15:31.149 [JavaFX Application Thread] DEBUG MainWindow           - Push state: DialogSubScene
00:15:31.149 [JavaFX Application Thread] DEBUG Input                - Clearing active input actions
00:15:31.150 [JavaFX Application Thread] DEBUG WindowService        - Removing overlay from GameScene and adding to DialogSubScene
00:15:31.150 [JavaFX Application Thread] DEBUG MainWindow           - GameScene -> DialogSubScene
00:15:31.150 [JavaFX Application Thread] DEBUG AssetLoaderService   - Loading from cache: /assets/sounds/carcrash.wav
00:15:37.840 [JavaFX Application Thread] DEBUG WindowService        - Starting new game
00:15:37.840 [JavaFX Application Thread] DEBUG MainWindow           - Pop state: DialogSubScene
00:15:37.840 [JavaFX Application Thread] DEBUG Input                - Clearing active input actions
00:15:37.841 [JavaFX Application Thread] DEBUG WindowService        - Removing overlay from DialogSubScene and adding to GameScene
00:15:37.841 [JavaFX Application Thread] DEBUG MainWindow           - GameScene <- DialogSubScene
00:15:37.841 [JavaFX Application Thread] DEBUG Input                - Clearing active input actions
00:15:37.844 [JavaFX Application Thread] DEBUG WindowService        - Removing overlay from GameScene and adding to FXGLLoadingScene
00:15:37.844 [JavaFX Application Thread] DEBUG MainWindow           - GameScene -> FXGLLoadingScene
00:15:37.844 [JavaFX Application Thread] DEBUG WindowService        - Clearing previous game
00:15:37.844 [JavaFX Application Thread] DEBUG GameScene            - Clearing game scene
00:15:37.844 [JavaFX Application Thread] DEBUG GameWorld            - Clearing game world
00:15:37.844 [JavaFX Application Thread] DEBUG PhysicsWorld         - Clearing physics world
00:15:37.845 [FXGL Background Thread 1 ] DEBUG GameApplication      - Initializing game
00:15:37.845 [FXGL Background Thread 1 ] DEBUG AssetLoaderService   - Loading from cache: /assets/textures/4lanehighway.png@840.0x750.0
00:15:37.845 [FXGL Background Thread 1 ] DEBUG AssetLoaderService   - Loading from cache: /assets/textures/player.png
00:15:37.845 [FXGL Background Thread 1 ] DEBUG AssetLoaderService   - Loading from cache: /assets/music/8-Bit-Perplexion.mp3
00:15:37.846 [FXGL Background Thread 1 ] DEBUG AssetLoaderService   - Loading from cache: /assets/music/Caffeine-Crazed-Coin-Op-Kids.mp3
00:15:37.846 [FXGL Background Thread 1 ] DEBUG AudioPlayer          - Stopping music com.almasb.fxgl.audio.Music@6f316035
00:15:37.846 [FXGL Background Thread 1 ] DEBUG AudioPlayer          - Playing music com.almasb.fxgl.audio.Music@4b94fb91
00:15:37.847 [FXGL Background Thread 1 ] INFO  GameApplication      - Game initialization took: 0.002 sec
00:15:37.847 [JavaFX Application Thread] DEBUG Input                - Clearing active input actions
00:15:37.849 [JavaFX Application Thread] DEBUG WindowService        - Removing overlay from FXGLLoadingScene and adding to GameScene
00:15:37.850 [JavaFX Application Thread] DEBUG MainWindow           - FXGLLoadingScene -> GameScene
00:15:38.777 [JavaFX Application Thread] DEBUG GameApplication      - Exiting FXGL
00:15:38.777 [JavaFX Application Thread] DEBUG LoopRunner           - Stopping loop
00:15:38.777 [JavaFX Application Thread] DEBUG SystemBundleService  - Saving FXGL system data
00:15:38.778 [JavaFX Application Thread] DEBUG FileSystemAccess     - Writing to: E:\secondYear\Java\NewfoundlandRacer\out\artifacts\NewfoundlandRacer_jar\system\fxgl.bundle
00:15:38.779 [JavaFX Application Thread] DEBUG GameApplication      - Shutting down background threads
00:15:38.779 [JavaFX Application Thread] DEBUG GameApplication      - Closing logger and exiting JavaFX
