12:04:06.853 [main                     ] DEBUG GameApplication      - Logger initialized
12:04:06.856 [main                     ] DEBUG GameApplication      - Logging settings
Title: Newfoundland Moose Collision
Version: 1.0
Width: 840
Height: 650
Fullscreen: false
Intro: false
Profiling: false
Single step:false
App Mode: DEVELOPER
Menu Key: ESCAPE
Stage Style: DECORATED
Scene Factory: class MooseGame.NewfoundRacerApp$1

12:04:07.127 [JavaFX Application Thread] DEBUG GameApplication      - Initializing FXGL
12:04:07.131 [JavaFX Application Thread] INFO  Engine               - FXGL-11.9 (27.05.2020 17.06) on WINDOWS (J:14.0.1 FX:13.0.2)
12:04:07.132 [JavaFX Application Thread] DEBUG Engine               - JRE Vendor Name: Oracle Corporation
12:04:07.132 [JavaFX Application Thread] DEBUG Engine               - Running on OS: Windows 10 version 10.0
12:04:07.132 [JavaFX Application Thread] DEBUG Engine               - Architecture: amd64
12:04:07.132 [JavaFX Application Thread] INFO  Engine               - Source code and latest versions at: https://github.com/AlmasB/FXGL
12:04:07.132 [JavaFX Application Thread] INFO  Engine               -              Join the FXGL chat at: https://gitter.im/AlmasB/FXGL
12:04:07.202 [JavaFX Application Thread] DEBUG MainWindow           - Creating a JavaFX scene
12:04:07.231 [JavaFX Application Thread] DEBUG MainWindow           - Target settings size: 840.0 x 650.0
12:04:07.232 [JavaFX Application Thread] DEBUG MainWindow           - Scaled scene size:    840.0 x 650.0
12:04:07.232 [JavaFX Application Thread] DEBUG MainWindow           - Scaled ratio: (1.0, 1.0)
12:04:07.232 [JavaFX Application Thread] DEBUG MainWindow           - Set initial scene to FXGLStartupScene
12:04:07.236 [JavaFX Application Thread] DEBUG MainWindow           - Opening main window
12:04:07.302 [JavaFX Application Thread] DEBUG MainWindow           - Window border size: (16.0, 39.0)
12:04:07.302 [JavaFX Application Thread] DEBUG MainWindow           - Scaled size: 840.0 x 650.0
12:04:07.302 [JavaFX Application Thread] DEBUG MainWindow           - Scaled ratio: (1.0, 1.0)
12:04:07.302 [JavaFX Application Thread] DEBUG MainWindow           - Scene size: 840.0 x 650.0
12:04:07.302 [JavaFX Application Thread] DEBUG MainWindow           - Stage size: 856.0 x 689.0
12:04:07.307 [FXGL Background Thread 1 ] DEBUG Engine               - Initializing environment variables
12:04:07.325 [FXGL Background Thread 1 ] DEBUG WindowService        - Applying CSS: fxgl_dark.css
12:04:07.326 [FXGL Background Thread 1 ] DEBUG AssetLoaderService   - Loading from file system: /assets/ui/css/fxgl_dark.css
12:04:07.353 [FXGL Background Thread 1 ] DEBUG WindowService        - Initializing application scenes
12:04:07.373 [FXGL Background Thread 1 ] DEBUG GameWorld            - Game world initialized
12:04:07.393 [FXGL Background Thread 1 ] DEBUG PhysicsWorld         - Physics world initialized: appHeight=650, physics.ppm=50.0
12:04:07.394 [FXGL Background Thread 1 ] DEBUG GameScene            - Game scene initialized: 840x650
12:04:07.405 [FXGL Background Thread 1 ] DEBUG AssetLoaderService   - Loading from file system: /assets/music/8-Bit-Perplexion.mp3
12:04:07.493 [FXGL Background Thread 1 ] DEBUG AssetLoaderService   - Loading from file system: /assets/music/Caffeine-Crazed-Coin-Op-Kids.mp3
12:04:07.501 [FXGL Background Thread 1 ] DEBUG AudioPlayer          - Stopping music com.almasb.fxgl.audio.Music@6f316035
12:04:07.501 [FXGL Background Thread 1 ] DEBUG AudioPlayer          - Playing music com.almasb.fxgl.audio.Music@4b94fb91
12:04:07.575 [FXGL Background Thread 1 ] DEBUG AssetLoaderService   - Loading from file system: /assets/textures/particles/trace_horizontal.png
12:04:07.597 [FXGL Background Thread 1 ] DEBUG FXGL.DefaultMenu     - createMenuBodyGameMenu()
12:04:07.603 [FXGL Background Thread 1 ] DEBUG FXGL.DefaultMenu     - createOptionsMenu()
12:04:07.606 [FXGL Background Thread 1 ] DEBUG AssetLoaderService   - Loading from file system: /assets/textures/particles/smoke.png
12:04:07.640 [FXGL Background Thread 1 ] DEBUG WindowService        - Application scenes initialized
12:04:07.646 [FXGL Background Thread 1 ] DEBUG SystemBundleService  - Loading FXGL system data
12:04:07.649 [FXGL Background Thread 1 ] DEBUG FileSystemAccess     - Reading from: E:\secondYear\Java\NewfoundlandRacer\out\artifacts\NewfoundlandRacer_jar\system\fxgl.bundle
12:04:07.652 [FXGL Background Thread 1 ] DEBUG SystemBundleService  - Bundle FXGL: {}
12:04:07.652 [FXGL Background Thread 1 ] INFO  Engine               - FXGL initialization took: 0.344 sec
12:04:07.653 [FXGL Background Thread 1 ] DEBUG GameApplication      - Loading localizations
12:04:07.654 [FXGL Background Thread 1 ] DEBUG AssetLoaderService   - Loading from file system: /assets/languages/english.lang
12:04:07.661 [FXGL Background Thread 1 ] DEBUG AssetLoaderService   - Loading from file system: /assets/languages/french.lang
12:04:07.663 [FXGL Background Thread 1 ] DEBUG AssetLoaderService   - Loading from file system: /assets/languages/german.lang
12:04:07.664 [FXGL Background Thread 1 ] DEBUG AssetLoaderService   - Loading from file system: /assets/languages/hungarian.lang
12:04:07.667 [FXGL Background Thread 1 ] DEBUG AssetLoaderService   - Loading from file system: /assets/languages/russian.lang
12:04:07.668 [FXGL Background Thread 1 ] DEBUG GameApplication      - Registering font factories with UI factory
12:04:07.668 [FXGL Background Thread 1 ] DEBUG AssetLoaderService   - Loading from file system: /assets/ui/fonts/VarelaRound-Regular.ttf
12:04:07.706 [FXGL Background Thread 1 ] DEBUG AssetLoaderService   - Loading from file system: /assets/ui/fonts/Abel-Regular.ttf
12:04:07.712 [FXGL Background Thread 1 ] DEBUG AssetLoaderService   - Loading from file system: /assets/ui/fonts/lucida_console.ttf
12:04:07.721 [FXGL Background Thread 1 ] DEBUG AssetLoaderService   - Loading from file system: /assets/ui/fonts/Courier-Prime.ttf
12:04:07.734 [JavaFX Application Thread] DEBUG Input                - Registered new binding: Move Right - D
12:04:07.735 [JavaFX Application Thread] DEBUG Input                - Registered new binding: Move Left - A
12:04:07.735 [JavaFX Application Thread] DEBUG Input                - Registered new binding: Move Up - W
12:04:07.735 [JavaFX Application Thread] DEBUG Input                - Registered new binding: Move Down - S
12:04:07.735 [JavaFX Application Thread] DEBUG AssetLoaderService   - Loading from file system: /assets/textures/fxgl_icon.png
12:04:07.744 [JavaFX Application Thread] DEBUG AssetLoaderService   - Loading from file system: /assets/ui/cursors/fxgl_default.png
12:04:07.746 [JavaFX Application Thread] DEBUG Input                - Registered new binding: Screenshot - P
12:04:07.746 [JavaFX Application Thread] DEBUG Input                - Registered new binding: System info dump - CTRL+9
12:04:07.746 [JavaFX Application Thread] DEBUG Input                - Registered new binding: Restart - CTRL+R
12:04:07.746 [JavaFX Application Thread] DEBUG LoopRunner           - Starting loop
12:04:07.761 [JavaFX Application Thread] DEBUG FXGLStartupScene     - STARTUP
12:04:07.762 [JavaFX Application Thread] DEBUG Input                - Clearing active input actions
12:04:07.766 [JavaFX Application Thread] DEBUG WindowService        - Removing overlay from FXGLStartupScene and adding to 
12:04:07.767 [JavaFX Application Thread] DEBUG MainWindow           - FXGLStartupScene -> 
12:04:07.767 [JavaFX Application Thread] DEBUG MainWindow           - Push state: NewfoundlandRacerMainMenu
12:04:07.767 [JavaFX Application Thread] DEBUG Input                - Clearing active input actions
12:04:07.772 [JavaFX Application Thread] DEBUG WindowService        - Removing overlay from  and adding to NewfoundlandRacerMainMenu
12:04:07.773 [JavaFX Application Thread] DEBUG MainWindow           -  -> NewfoundlandRacerMainMenu
12:04:09.275 [JavaFX Application Thread] DEBUG GameApplication      - Exiting FXGL
12:04:09.275 [JavaFX Application Thread] DEBUG LoopRunner           - Stopping loop
12:04:09.275 [JavaFX Application Thread] DEBUG SystemBundleService  - Saving FXGL system data
12:04:09.276 [JavaFX Application Thread] DEBUG FileSystemAccess     - Writing to: E:\secondYear\Java\NewfoundlandRacer\out\artifacts\NewfoundlandRacer_jar\system\fxgl.bundle
12:04:09.277 [JavaFX Application Thread] DEBUG GameApplication      - Shutting down background threads
12:04:09.277 [JavaFX Application Thread] DEBUG GameApplication      - Closing logger and exiting JavaFX
