00:06:36.011 [main                     ] DEBUG GameApplication      - Logger initialized
00:06:36.015 [main                     ] DEBUG GameApplication      - Logging settings
Title: Newfoundland Moose Collision
Version: 1.0
Width: 840
Height: 650
Fullscreen: false
Intro: false
Profiling: false
Single step:false
App Mode: DEVELOPER
Menu Key: ESCAPE
Stage Style: DECORATED
Scene Factory: class MooseGame.NewfoundRacerApp$1

00:06:36.285 [JavaFX Application Thread] DEBUG GameApplication      - Initializing FXGL
00:06:36.291 [JavaFX Application Thread] INFO  Engine               - FXGL-11.9 (27.05.2020 17.06) on WINDOWS (J:14.0.1 FX:13.0.2)
00:06:36.291 [JavaFX Application Thread] DEBUG Engine               - JRE Vendor Name: Oracle Corporation
00:06:36.291 [JavaFX Application Thread] DEBUG Engine               - Running on OS: Windows 10 version 10.0
00:06:36.292 [JavaFX Application Thread] DEBUG Engine               - Architecture: amd64
00:06:36.292 [JavaFX Application Thread] INFO  Engine               - Source code and latest versions at: https://github.com/AlmasB/FXGL
00:06:36.292 [JavaFX Application Thread] INFO  Engine               -              Join the FXGL chat at: https://gitter.im/AlmasB/FXGL
00:06:36.365 [JavaFX Application Thread] DEBUG MainWindow           - Creating a JavaFX scene
00:06:36.396 [JavaFX Application Thread] DEBUG MainWindow           - Target settings size: 840.0 x 650.0
00:06:36.397 [JavaFX Application Thread] DEBUG MainWindow           - Scaled scene size:    840.0 x 650.0
00:06:36.397 [JavaFX Application Thread] DEBUG MainWindow           - Scaled ratio: (1.0, 1.0)
00:06:36.397 [JavaFX Application Thread] DEBUG MainWindow           - Set initial scene to FXGLStartupScene
00:06:36.401 [JavaFX Application Thread] DEBUG MainWindow           - Opening main window
00:06:36.469 [JavaFX Application Thread] DEBUG MainWindow           - Window border size: (16.0, 39.0)
00:06:36.469 [JavaFX Application Thread] DEBUG MainWindow           - Scaled size: 840.0 x 650.0
00:06:36.469 [JavaFX Application Thread] DEBUG MainWindow           - Scaled ratio: (1.0, 1.0)
00:06:36.469 [JavaFX Application Thread] DEBUG MainWindow           - Scene size: 840.0 x 650.0
00:06:36.469 [JavaFX Application Thread] DEBUG MainWindow           - Stage size: 856.0 x 689.0
00:06:36.474 [FXGL Background Thread 1 ] DEBUG Engine               - Initializing environment variables
00:06:36.491 [FXGL Background Thread 1 ] DEBUG WindowService        - Applying CSS: fxgl_dark.css
00:06:36.491 [FXGL Background Thread 1 ] DEBUG AssetLoaderService   - Loading from file system: /assets/ui/css/fxgl_dark.css
00:06:36.518 [FXGL Background Thread 1 ] DEBUG WindowService        - Initializing application scenes
00:06:36.536 [FXGL Background Thread 1 ] DEBUG GameWorld            - Game world initialized
00:06:36.558 [FXGL Background Thread 1 ] DEBUG PhysicsWorld         - Physics world initialized: appHeight=650, physics.ppm=50.0
00:06:36.560 [FXGL Background Thread 1 ] DEBUG GameScene            - Game scene initialized: 840x650
00:06:36.569 [FXGL Background Thread 1 ] DEBUG AssetLoaderService   - Loading from file system: /assets/music/8-Bit-Perplexion.mp3
00:06:36.665 [FXGL Background Thread 1 ] DEBUG AssetLoaderService   - Loading from file system: /assets/music/Caffeine-Crazed-Coin-Op-Kids.mp3
00:06:36.673 [FXGL Background Thread 1 ] DEBUG AudioPlayer          - Stopping music com.almasb.fxgl.audio.Music@6f316035
00:06:36.673 [FXGL Background Thread 1 ] DEBUG AudioPlayer          - Playing music com.almasb.fxgl.audio.Music@4b94fb91
00:06:36.701 [FXGL Background Thread 1 ] DEBUG AssetLoaderService   - Loading from file system: /assets/textures/particles/trace_horizontal.png
00:06:36.743 [FXGL Background Thread 1 ] DEBUG FXGL.DefaultMenu     - createMenuBodyGameMenu()
00:06:36.750 [FXGL Background Thread 1 ] DEBUG FXGL.DefaultMenu     - createOptionsMenu()
00:06:36.752 [FXGL Background Thread 1 ] DEBUG AssetLoaderService   - Loading from file system: /assets/textures/particles/smoke.png
00:06:36.794 [FXGL Background Thread 1 ] DEBUG WindowService        - Application scenes initialized
00:06:36.799 [FXGL Background Thread 1 ] DEBUG SystemBundleService  - Loading FXGL system data
00:06:36.802 [FXGL Background Thread 1 ] DEBUG FileSystemAccess     - Reading from: E:\secondYear\Java\NewfoundlandRacer\out\artifacts\NewfoundlandRacer_jar\system\fxgl.bundle
00:06:36.806 [FXGL Background Thread 1 ] DEBUG SystemBundleService  - Bundle FXGL: {}
00:06:36.806 [FXGL Background Thread 1 ] INFO  Engine               - FXGL initialization took: 0.331 sec
00:06:36.807 [FXGL Background Thread 1 ] DEBUG GameApplication      - Loading localizations
00:06:36.808 [FXGL Background Thread 1 ] DEBUG AssetLoaderService   - Loading from file system: /assets/languages/english.lang
00:06:36.815 [FXGL Background Thread 1 ] DEBUG AssetLoaderService   - Loading from file system: /assets/languages/french.lang
00:06:36.817 [FXGL Background Thread 1 ] DEBUG AssetLoaderService   - Loading from file system: /assets/languages/german.lang
00:06:36.818 [FXGL Background Thread 1 ] DEBUG AssetLoaderService   - Loading from file system: /assets/languages/hungarian.lang
00:06:36.820 [FXGL Background Thread 1 ] DEBUG AssetLoaderService   - Loading from file system: /assets/languages/russian.lang
00:06:36.821 [FXGL Background Thread 1 ] DEBUG GameApplication      - Registering font factories with UI factory
00:06:36.821 [FXGL Background Thread 1 ] DEBUG AssetLoaderService   - Loading from file system: /assets/ui/fonts/VarelaRound-Regular.ttf
00:06:36.860 [FXGL Background Thread 1 ] DEBUG AssetLoaderService   - Loading from file system: /assets/ui/fonts/Abel-Regular.ttf
00:06:36.868 [FXGL Background Thread 1 ] DEBUG AssetLoaderService   - Loading from file system: /assets/ui/fonts/lucida_console.ttf
00:06:36.876 [FXGL Background Thread 1 ] DEBUG AssetLoaderService   - Loading from file system: /assets/ui/fonts/Courier-Prime.ttf
00:06:36.889 [JavaFX Application Thread] DEBUG Input                - Registered new binding: Move Right - D
00:06:36.889 [JavaFX Application Thread] DEBUG Input                - Registered new binding: Move Left - A
00:06:36.889 [JavaFX Application Thread] DEBUG Input                - Registered new binding: Move Up - W
00:06:36.889 [JavaFX Application Thread] DEBUG Input                - Registered new binding: Move Down - S
00:06:36.889 [JavaFX Application Thread] DEBUG AssetLoaderService   - Loading from file system: /assets/textures/fxgl_icon.png
00:06:36.905 [JavaFX Application Thread] DEBUG AssetLoaderService   - Loading from file system: /assets/ui/cursors/fxgl_default.png
00:06:36.907 [JavaFX Application Thread] DEBUG Input                - Registered new binding: Screenshot - P
00:06:36.907 [JavaFX Application Thread] DEBUG Input                - Registered new binding: System info dump - CTRL+9
00:06:36.907 [JavaFX Application Thread] DEBUG Input                - Registered new binding: Restart - CTRL+R
00:06:36.907 [JavaFX Application Thread] DEBUG LoopRunner           - Starting loop
00:06:36.918 [JavaFX Application Thread] DEBUG FXGLStartupScene     - STARTUP
00:06:36.918 [JavaFX Application Thread] DEBUG Input                - Clearing active input actions
00:06:36.924 [JavaFX Application Thread] DEBUG WindowService        - Removing overlay from FXGLStartupScene and adding to 
00:06:36.924 [JavaFX Application Thread] DEBUG MainWindow           - FXGLStartupScene -> 
00:06:36.924 [JavaFX Application Thread] DEBUG MainWindow           - Push state: NewfoundlandRacerMainMenu
00:06:36.924 [JavaFX Application Thread] DEBUG Input                - Clearing active input actions
00:06:36.930 [JavaFX Application Thread] DEBUG WindowService        - Removing overlay from  and adding to NewfoundlandRacerMainMenu
00:06:36.930 [JavaFX Application Thread] DEBUG MainWindow           -  -> NewfoundlandRacerMainMenu
00:06:39.808 [FXGL Background Thread 2 ] DEBUG Engine               - Logging environment variables
00:06:39.808 [FXGL Background Thread 2 ] DEBUG Engine               - achievements: []
00:06:39.808 [FXGL Background Thread 2 ] DEBUG Engine               - appIcon: fxgl_icon.png
00:06:39.808 [FXGL Background Thread 2 ] DEBUG Engine               - applicationMode: DEVELOPER
00:06:39.808 [FXGL Background Thread 2 ] DEBUG Engine               - cSSList: [fxgl_dark.css]
00:06:39.808 [FXGL Background Thread 2 ] DEBUG Engine               - configClass: Optional.empty
00:06:39.808 [FXGL Background Thread 2 ] DEBUG Engine               - credits: []
00:06:39.808 [FXGL Background Thread 2 ] DEBUG Engine               - devBBoxColorProperty: ObjectProperty [value: 0xff0000ff]
00:06:39.809 [FXGL Background Thread 2 ] DEBUG Engine               - devSensorColorProperty: ObjectProperty [value: 0xffff00ff]
00:06:39.809 [FXGL Background Thread 2 ] DEBUG Engine               - devShowBBoxProperty: BooleanProperty [value: false]
00:06:39.809 [FXGL Background Thread 2 ] DEBUG Engine               - devShowPositionProperty: BooleanProperty [value: false]
00:06:39.809 [FXGL Background Thread 2 ] DEBUG Engine               - enabledMenuItems: []
00:06:39.809 [FXGL Background Thread 2 ] DEBUG Engine               - engineServices: [class com.almasb.fxgl.app.GameApplication$GameApplicationService, class com.almasb.fxgl.app.services.WindowService, class com.almasb.fxgl.app.services.FXGLDialogService, class com.almasb.fxgl.app.services.IOTaskExecutorService, class com.almasb.fxgl.event.EventBusService, class com.almasb.fxgl.io.FileSystemService, class com.almasb.fxgl.localization.LocalizationService, class com.almasb.fxgl.app.services.AssetLoaderService, class com.almasb.fxgl.app.services.SystemBundleService, class com.almasb.fxgl.profile.SaveLoadService, class com.almasb.fxgl.ui.FXGLUIFactoryServiceProvider, class com.almasb.fxgl.ui.FXGLDialogFactoryServiceProvider, class com.almasb.fxgl.audio.AudioPlayer, class com.almasb.fxgl.notification.impl.NotificationServiceProvider, class com.almasb.fxgl.achievement.AchievementService, class com.almasb.fxgl.cutscene.CutsceneService, class com.almasb.fxgl.minigames.MiniGameService, class com.almasb.fxgl.net.NetService, class com.almasb.fxgl.app.services.UpdaterService, class com.almasb.fxgl.dev.DevService]
00:06:39.809 [FXGL Background Thread 2 ] DEBUG Engine               - fontGame: Abel-Regular.ttf
00:06:39.809 [FXGL Background Thread 2 ] DEBUG Engine               - fontMono: lucida_console.ttf
00:06:39.809 [FXGL Background Thread 2 ] DEBUG Engine               - fontText: Courier-Prime.ttf
00:06:39.809 [FXGL Background Thread 2 ] DEBUG Engine               - fontUI: VarelaRound-Regular.ttf
00:06:39.809 [FXGL Background Thread 2 ] DEBUG Engine               - fullScreen: BooleanProperty [value: false]
00:06:39.809 [FXGL Background Thread 2 ] DEBUG Engine               - gameDifficulty: MEDIUM
00:06:39.809 [FXGL Background Thread 2 ] DEBUG Engine               - gameDifficultyProperty: ObjectProperty [value: MEDIUM]
00:06:39.809 [FXGL Background Thread 2 ] DEBUG Engine               - globalMusicVolume: 0.5
00:06:39.809 [FXGL Background Thread 2 ] DEBUG Engine               - globalMusicVolumeProperty: DoubleProperty [value: 0.5]
00:06:39.810 [FXGL Background Thread 2 ] DEBUG Engine               - globalSoundVolume: 0.5
00:06:39.810 [FXGL Background Thread 2 ] DEBUG Engine               - globalSoundVolumeProperty: DoubleProperty [value: 0.5]
00:06:39.810 [FXGL Background Thread 2 ] DEBUG Engine               - height: 650
00:06:39.810 [FXGL Background Thread 2 ] DEBUG Engine               - isAndroid: false
00:06:39.810 [FXGL Background Thread 2 ] DEBUG Engine               - isBrowser: false
00:06:39.810 [FXGL Background Thread 2 ] DEBUG Engine               - isClickFeedbackEnabled: false
00:06:39.810 [FXGL Background Thread 2 ] DEBUG Engine               - isCloseConfirmation: false
00:06:39.810 [FXGL Background Thread 2 ] DEBUG Engine               - isDesktop: true
00:06:39.810 [FXGL Background Thread 2 ] DEBUG Engine               - isDeveloperMenuEnabled: false
00:06:39.810 [FXGL Background Thread 2 ] DEBUG Engine               - isExperimentalNative: false
00:06:39.810 [FXGL Background Thread 2 ] DEBUG Engine               - isExperimentalTiledLargeMap: false
00:06:39.810 [FXGL Background Thread 2 ] DEBUG Engine               - isFullScreenAllowed: false
00:06:39.810 [FXGL Background Thread 2 ] DEBUG Engine               - isFullScreenFromStart: false
00:06:39.810 [FXGL Background Thread 2 ] DEBUG Engine               - isGameMenuEnabled: true
00:06:39.810 [FXGL Background Thread 2 ] DEBUG Engine               - isIOS: false
00:06:39.810 [FXGL Background Thread 2 ] DEBUG Engine               - isIntroEnabled: false
00:06:39.810 [FXGL Background Thread 2 ] DEBUG Engine               - isLinux: false
00:06:39.810 [FXGL Background Thread 2 ] DEBUG Engine               - isMac: false
00:06:39.810 [FXGL Background Thread 2 ] DEBUG Engine               - isMainMenuEnabled: true
00:06:39.810 [FXGL Background Thread 2 ] DEBUG Engine               - isManualResizeEnabled: false
00:06:39.811 [FXGL Background Thread 2 ] DEBUG Engine               - isMobile: false
00:06:39.811 [FXGL Background Thread 2 ] DEBUG Engine               - isPreserveResizeRatio: false
00:06:39.811 [FXGL Background Thread 2 ] DEBUG Engine               - isProfilingEnabled: false
00:06:39.811 [FXGL Background Thread 2 ] DEBUG Engine               - isSingleStep: false
00:06:39.811 [FXGL Background Thread 2 ] DEBUG Engine               - isUserProfileEnabled: false
00:06:39.811 [FXGL Background Thread 2 ] DEBUG Engine               - isWindows: true
00:06:39.811 [FXGL Background Thread 2 ] DEBUG Engine               - language: ObjectProperty [value: ENGLISH]
00:06:39.811 [FXGL Background Thread 2 ] DEBUG Engine               - mainWindow: com.almasb.fxgl.app.MainWindow@30885e09
00:06:39.811 [FXGL Background Thread 2 ] DEBUG Engine               - menuKey: ESCAPE
00:06:39.811 [FXGL Background Thread 2 ] DEBUG Engine               - notificationViewClass: class com.almasb.fxgl.notification.view.XboxNotificationView
00:06:39.811 [FXGL Background Thread 2 ] DEBUG Engine               - pixelsPerMeter: 50.0
00:06:39.811 [FXGL Background Thread 2 ] DEBUG Engine               - platform: WINDOWS
00:06:39.811 [FXGL Background Thread 2 ] DEBUG Engine               - profileDir: profiles/
00:06:39.811 [FXGL Background Thread 2 ] DEBUG Engine               - profileName: StringProperty [value: DEFAULT]
00:06:39.811 [FXGL Background Thread 2 ] DEBUG Engine               - randomSeed: -1
00:06:39.811 [FXGL Background Thread 2 ] DEBUG Engine               - runtimeInfo: RuntimeInfo(platform=WINDOWS, version=11.9, build=27.05.2020 17.06)
00:06:39.811 [FXGL Background Thread 2 ] DEBUG Engine               - saveFileExt: sav
00:06:39.812 [FXGL Background Thread 2 ] DEBUG Engine               - sceneFactory: MooseGame.NewfoundRacerApp$1@758ac67c
00:06:39.812 [FXGL Background Thread 2 ] DEBUG Engine               - secondsIn24h: 60
00:06:39.812 [FXGL Background Thread 2 ] DEBUG Engine               - settings: Title: Newfoundland Moose Collision
Version: 1.0
Width: 840
Height: 650
Fullscreen: false
Intro: false
Profiling: false
Single step:false
App Mode: DEVELOPER
Menu Key: ESCAPE
Stage Style: DECORATED
Scene Factory: class MooseGame.NewfoundRacerApp$1

00:06:39.812 [FXGL Background Thread 2 ] DEBUG Engine               - soundMenuBack: menu/back.wav
00:06:39.812 [FXGL Background Thread 2 ] DEBUG Engine               - soundMenuPress: menu/press.wav
00:06:39.812 [FXGL Background Thread 2 ] DEBUG Engine               - soundMenuSelect: menu/select.wav
00:06:39.812 [FXGL Background Thread 2 ] DEBUG Engine               - soundNotification: core/notification.wav
00:06:39.812 [FXGL Background Thread 2 ] DEBUG Engine               - stageStyle: DECORATED
00:06:39.812 [FXGL Background Thread 2 ] DEBUG Engine               - supportedLanguages: [ENGLISH, FRENCH, GERMAN, HUNGARIAN, RUSSIAN]
00:06:39.812 [FXGL Background Thread 2 ] DEBUG Engine               - title: Newfoundland Moose Collision
00:06:39.812 [FXGL Background Thread 2 ] DEBUG Engine               - urlGithub: https://github.com/AlmasB/FXGL
00:06:39.812 [FXGL Background Thread 2 ] DEBUG Engine               - urlLeaderboard: http://fxgl-top.herokuapp.com/
00:06:39.812 [FXGL Background Thread 2 ] DEBUG Engine               - urlPOM: https://raw.githubusercontent.com/AlmasB/FXGL/master/pom.xml
00:06:39.812 [FXGL Background Thread 2 ] DEBUG Engine               - version: 1.0
00:06:39.812 [FXGL Background Thread 2 ] DEBUG Engine               - versionCheckDays: 7
00:06:39.812 [FXGL Background Thread 2 ] DEBUG Engine               - width: 840
00:06:39.812 [FXGL Background Thread 2 ] DEBUG Engine               - Logging services
00:06:39.813 [FXGL Background Thread 2 ] DEBUG Engine               - class com.almasb.fxgl.app.GameApplication$GameApplicationService
00:06:39.813 [FXGL Background Thread 2 ] DEBUG Engine               - class com.almasb.fxgl.app.services.WindowService
00:06:39.813 [FXGL Background Thread 2 ] DEBUG Engine               - class com.almasb.fxgl.app.services.FXGLDialogService
00:06:39.813 [FXGL Background Thread 2 ] DEBUG Engine               - class com.almasb.fxgl.app.services.IOTaskExecutorService
00:06:39.813 [FXGL Background Thread 2 ] DEBUG Engine               - class com.almasb.fxgl.event.EventBusService
00:06:39.813 [FXGL Background Thread 2 ] DEBUG Engine               - class com.almasb.fxgl.io.FileSystemService
00:06:39.813 [FXGL Background Thread 2 ] DEBUG Engine               - class com.almasb.fxgl.localization.LocalizationService
00:06:39.813 [FXGL Background Thread 2 ] DEBUG Engine               - class com.almasb.fxgl.app.services.AssetLoaderService
00:06:39.813 [FXGL Background Thread 2 ] DEBUG Engine               - class com.almasb.fxgl.app.services.SystemBundleService
00:06:39.813 [FXGL Background Thread 2 ] DEBUG Engine               - class com.almasb.fxgl.profile.SaveLoadService
00:06:39.813 [FXGL Background Thread 2 ] DEBUG Engine               - class com.almasb.fxgl.ui.FXGLUIFactoryServiceProvider
00:06:39.813 [FXGL Background Thread 2 ] DEBUG Engine               - class com.almasb.fxgl.ui.FXGLDialogFactoryServiceProvider
00:06:39.813 [FXGL Background Thread 2 ] DEBUG Engine               - class com.almasb.fxgl.audio.AudioPlayer
00:06:39.813 [FXGL Background Thread 2 ] DEBUG Engine               - class com.almasb.fxgl.notification.impl.NotificationServiceProvider
00:06:39.813 [FXGL Background Thread 2 ] DEBUG Engine               - class com.almasb.fxgl.achievement.AchievementService
00:06:39.813 [FXGL Background Thread 2 ] DEBUG Engine               - class com.almasb.fxgl.cutscene.CutsceneService
00:06:39.813 [FXGL Background Thread 2 ] DEBUG Engine               - class com.almasb.fxgl.minigames.MiniGameService
00:06:39.813 [FXGL Background Thread 2 ] DEBUG Engine               - class com.almasb.fxgl.net.NetService
00:06:39.813 [FXGL Background Thread 2 ] DEBUG Engine               - class com.almasb.fxgl.app.services.UpdaterService
00:06:39.813 [FXGL Background Thread 2 ] DEBUG Engine               - class com.almasb.fxgl.dev.DevService
00:06:41.099 [JavaFX Application Thread] DEBUG GameApplication      - Exiting FXGL
00:06:41.099 [JavaFX Application Thread] DEBUG LoopRunner           - Stopping loop
00:06:41.099 [JavaFX Application Thread] DEBUG SystemBundleService  - Saving FXGL system data
00:06:41.100 [JavaFX Application Thread] DEBUG FileSystemAccess     - Writing to: E:\secondYear\Java\NewfoundlandRacer\out\artifacts\NewfoundlandRacer_jar\system\fxgl.bundle
00:06:41.102 [JavaFX Application Thread] DEBUG GameApplication      - Shutting down background threads
00:06:41.102 [JavaFX Application Thread] DEBUG GameApplication      - Closing logger and exiting JavaFX
