13:43:53.557 [main                     ] DEBUG GameApplication      - Logger initialized
13:43:53.561 [main                     ] DEBUG GameApplication      - Logging settings
Title: Newfoundland Moose Collision
Version: 0.1
Width: 840
Height: 650
Fullscreen: false
Intro: false
Profiling: false
Single step:false
App Mode: DEVELOPER
Menu Key: ESCAPE
Stage Style: DECORATED
Scene Factory: class MooseGame.NewfoundRacerApp$1

13:43:53.886 [JavaFX Application Thread] DEBUG GameApplication      - Initializing FXGL
13:43:53.896 [JavaFX Application Thread] INFO  Engine               - FXGL-11.9 (27.05.2020 17.06) on WINDOWS (J:14.0.1 FX:13.0.2)
13:43:53.896 [JavaFX Application Thread] DEBUG Engine               - JRE Vendor Name: Oracle Corporation
13:43:53.896 [JavaFX Application Thread] DEBUG Engine               - Running on OS: Windows 10 version 10.0
13:43:53.896 [JavaFX Application Thread] DEBUG Engine               - Architecture: amd64
13:43:53.896 [JavaFX Application Thread] INFO  Engine               - Source code and latest versions at: https://github.com/AlmasB/FXGL
13:43:53.896 [JavaFX Application Thread] INFO  Engine               -              Join the FXGL chat at: https://gitter.im/AlmasB/FXGL
13:43:53.974 [JavaFX Application Thread] DEBUG MainWindow           - Creating a JavaFX scene
13:43:54.013 [JavaFX Application Thread] DEBUG MainWindow           - Target settings size: 840.0 x 650.0
13:43:54.013 [JavaFX Application Thread] DEBUG MainWindow           - Scaled scene size:    840.0 x 650.0
13:43:54.013 [JavaFX Application Thread] DEBUG MainWindow           - Scaled ratio: (1.0, 1.0)
13:43:54.014 [JavaFX Application Thread] DEBUG MainWindow           - Set initial scene to FXGLStartupScene
13:43:54.019 [JavaFX Application Thread] DEBUG MainWindow           - Opening main window
13:43:54.096 [JavaFX Application Thread] DEBUG MainWindow           - Window border size: (16.0, 39.0)
13:43:54.096 [JavaFX Application Thread] DEBUG MainWindow           - Scaled size: 840.0 x 650.0
13:43:54.096 [JavaFX Application Thread] DEBUG MainWindow           - Scaled ratio: (1.0, 1.0)
13:43:54.096 [JavaFX Application Thread] DEBUG MainWindow           - Scene size: 840.0 x 650.0
13:43:54.096 [JavaFX Application Thread] DEBUG MainWindow           - Stage size: 856.0 x 689.0
13:43:54.102 [FXGL Background Thread 1 ] DEBUG Engine               - Initializing environment variables
13:43:54.123 [FXGL Background Thread 1 ] DEBUG WindowService        - Applying CSS: fxgl_dark.css
13:43:54.124 [FXGL Background Thread 1 ] DEBUG AssetLoaderService   - Loading from file system: /assets/ui/css/fxgl_dark.css
13:43:54.155 [FXGL Background Thread 1 ] DEBUG WindowService        - Initializing application scenes
13:43:54.175 [FXGL Background Thread 1 ] DEBUG GameWorld            - Game world initialized
13:43:54.202 [FXGL Background Thread 1 ] DEBUG PhysicsWorld         - Physics world initialized: appHeight=650, physics.ppm=50.0
13:43:54.204 [FXGL Background Thread 1 ] DEBUG GameScene            - Game scene initialized: 840x650
13:43:54.276 [FXGL Background Thread 1 ] DEBUG AssetLoaderService   - Loading from file system: /assets/textures/particles/trace_horizontal.png
13:43:54.302 [FXGL Background Thread 1 ] DEBUG FXGL.DefaultMenu     - createMenuBodyGameMenu()
13:43:54.311 [FXGL Background Thread 1 ] DEBUG FXGL.DefaultMenu     - createOptionsMenu()
13:43:54.314 [FXGL Background Thread 1 ] DEBUG AssetLoaderService   - Loading from file system: /assets/textures/particles/smoke.png
13:43:54.358 [FXGL Background Thread 1 ] DEBUG WindowService        - Application scenes initialized
13:43:54.365 [FXGL Background Thread 1 ] DEBUG SystemBundleService  - Loading FXGL system data
13:43:54.367 [FXGL Background Thread 1 ] DEBUG FileSystemAccess     - Reading from: E:\secondYear\Java\NewfoundlandRacer\system\fxgl.bundle
13:43:54.371 [FXGL Background Thread 1 ] DEBUG SystemBundleService  - Bundle FXGL: {}
13:43:54.371 [FXGL Background Thread 1 ] INFO  Engine               - FXGL initialization took: 0.268 sec
13:43:54.372 [FXGL Background Thread 1 ] DEBUG GameApplication      - Loading localizations
13:43:54.373 [FXGL Background Thread 1 ] DEBUG AssetLoaderService   - Loading from file system: /assets/languages/english.lang
13:43:54.381 [FXGL Background Thread 1 ] DEBUG AssetLoaderService   - Loading from file system: /assets/languages/french.lang
13:43:54.384 [FXGL Background Thread 1 ] DEBUG AssetLoaderService   - Loading from file system: /assets/languages/german.lang
13:43:54.385 [FXGL Background Thread 1 ] DEBUG AssetLoaderService   - Loading from file system: /assets/languages/hungarian.lang
13:43:54.388 [FXGL Background Thread 1 ] DEBUG AssetLoaderService   - Loading from file system: /assets/languages/russian.lang
13:43:54.390 [FXGL Background Thread 1 ] DEBUG GameApplication      - Registering font factories with UI factory
13:43:54.391 [FXGL Background Thread 1 ] DEBUG AssetLoaderService   - Loading from file system: /assets/ui/fonts/VarelaRound-Regular.ttf
13:43:54.419 [FXGL Background Thread 1 ] DEBUG AssetLoaderService   - Loading from file system: /assets/ui/fonts/Abel-Regular.ttf
13:43:54.422 [FXGL Background Thread 1 ] DEBUG AssetLoaderService   - Loading from file system: /assets/ui/fonts/lucida_console.ttf
13:43:54.425 [FXGL Background Thread 1 ] DEBUG AssetLoaderService   - Loading from file system: /assets/ui/fonts/Courier-Prime.ttf
13:43:54.433 [JavaFX Application Thread] DEBUG Input                - Registered new binding: Move Right - D
13:43:54.433 [JavaFX Application Thread] DEBUG Input                - Registered new binding: Move Left - A
13:43:54.433 [JavaFX Application Thread] DEBUG Input                - Registered new binding: Move Up - W
13:43:54.434 [JavaFX Application Thread] DEBUG Input                - Registered new binding: Move Down - S
13:43:54.434 [JavaFX Application Thread] DEBUG AssetLoaderService   - Loading from file system: /assets/textures/fxgl_icon.png
13:43:54.447 [JavaFX Application Thread] DEBUG AssetLoaderService   - Loading from file system: /assets/ui/cursors/fxgl_default.png
13:43:54.449 [JavaFX Application Thread] DEBUG Input                - Registered new binding: Screenshot - P
13:43:54.449 [JavaFX Application Thread] DEBUG Input                - Registered new binding: System info dump - CTRL+9
13:43:54.449 [JavaFX Application Thread] DEBUG Input                - Registered new binding: Restart - CTRL+R
13:43:54.450 [JavaFX Application Thread] DEBUG LoopRunner           - Starting loop
13:43:54.466 [JavaFX Application Thread] DEBUG FXGLStartupScene     - STARTUP
13:43:54.467 [JavaFX Application Thread] DEBUG Input                - Clearing active input actions
13:43:54.472 [JavaFX Application Thread] DEBUG WindowService        - Removing overlay from FXGLStartupScene and adding to 
13:43:54.472 [JavaFX Application Thread] DEBUG MainWindow           - FXGLStartupScene -> 
13:43:54.472 [JavaFX Application Thread] DEBUG MainWindow           - Push state: NewfoundlandRacerMainMenu
13:43:54.472 [JavaFX Application Thread] DEBUG Input                - Clearing active input actions
13:43:54.479 [JavaFX Application Thread] DEBUG WindowService        - Removing overlay from  and adding to NewfoundlandRacerMainMenu
13:43:54.479 [JavaFX Application Thread] DEBUG MainWindow           -  -> NewfoundlandRacerMainMenu
13:43:57.374 [FXGL Background Thread 2 ] DEBUG Engine               - Logging environment variables
13:43:57.374 [FXGL Background Thread 2 ] DEBUG Engine               - achievements: []
13:43:57.374 [FXGL Background Thread 2 ] DEBUG Engine               - appIcon: fxgl_icon.png
13:43:57.374 [FXGL Background Thread 2 ] DEBUG Engine               - applicationMode: DEVELOPER
13:43:57.374 [FXGL Background Thread 2 ] DEBUG Engine               - cSSList: [fxgl_dark.css]
13:43:57.374 [FXGL Background Thread 2 ] DEBUG Engine               - configClass: Optional.empty
13:43:57.374 [FXGL Background Thread 2 ] DEBUG Engine               - credits: []
13:43:57.375 [FXGL Background Thread 2 ] DEBUG Engine               - devBBoxColorProperty: ObjectProperty [value: 0xff0000ff]
13:43:57.375 [FXGL Background Thread 2 ] DEBUG Engine               - devSensorColorProperty: ObjectProperty [value: 0xffff00ff]
13:43:57.375 [FXGL Background Thread 2 ] DEBUG Engine               - devShowBBoxProperty: BooleanProperty [value: false]
13:43:57.375 [FXGL Background Thread 2 ] DEBUG Engine               - devShowPositionProperty: BooleanProperty [value: false]
13:43:57.375 [FXGL Background Thread 2 ] DEBUG Engine               - enabledMenuItems: []
13:43:57.375 [FXGL Background Thread 2 ] DEBUG Engine               - engineServices: [class com.almasb.fxgl.app.GameApplication$GameApplicationService, class com.almasb.fxgl.app.services.WindowService, class com.almasb.fxgl.app.services.FXGLDialogService, class com.almasb.fxgl.app.services.IOTaskExecutorService, class com.almasb.fxgl.event.EventBusService, class com.almasb.fxgl.io.FileSystemService, class com.almasb.fxgl.localization.LocalizationService, class com.almasb.fxgl.app.services.AssetLoaderService, class com.almasb.fxgl.app.services.SystemBundleService, class com.almasb.fxgl.profile.SaveLoadService, class com.almasb.fxgl.ui.FXGLUIFactoryServiceProvider, class com.almasb.fxgl.ui.FXGLDialogFactoryServiceProvider, class com.almasb.fxgl.audio.AudioPlayer, class com.almasb.fxgl.notification.impl.NotificationServiceProvider, class com.almasb.fxgl.achievement.AchievementService, class com.almasb.fxgl.cutscene.CutsceneService, class com.almasb.fxgl.minigames.MiniGameService, class com.almasb.fxgl.net.NetService, class com.almasb.fxgl.app.services.UpdaterService, class com.almasb.fxgl.dev.DevService]
13:43:57.375 [FXGL Background Thread 2 ] DEBUG Engine               - fontGame: Abel-Regular.ttf
13:43:57.375 [FXGL Background Thread 2 ] DEBUG Engine               - fontMono: lucida_console.ttf
13:43:57.375 [FXGL Background Thread 2 ] DEBUG Engine               - fontText: Courier-Prime.ttf
13:43:57.375 [FXGL Background Thread 2 ] DEBUG Engine               - fontUI: VarelaRound-Regular.ttf
13:43:57.375 [FXGL Background Thread 2 ] DEBUG Engine               - fullScreen: BooleanProperty [value: false]
13:43:57.375 [FXGL Background Thread 2 ] DEBUG Engine               - gameDifficulty: MEDIUM
13:43:57.375 [FXGL Background Thread 2 ] DEBUG Engine               - gameDifficultyProperty: ObjectProperty [value: MEDIUM]
13:43:57.376 [FXGL Background Thread 2 ] DEBUG Engine               - globalMusicVolume: 0.5
13:43:57.376 [FXGL Background Thread 2 ] DEBUG Engine               - globalMusicVolumeProperty: DoubleProperty [value: 0.5]
13:43:57.376 [FXGL Background Thread 2 ] DEBUG Engine               - globalSoundVolume: 0.5
13:43:57.376 [FXGL Background Thread 2 ] DEBUG Engine               - globalSoundVolumeProperty: DoubleProperty [value: 0.5]
13:43:57.376 [FXGL Background Thread 2 ] DEBUG Engine               - height: 650
13:43:57.376 [FXGL Background Thread 2 ] DEBUG Engine               - isAndroid: false
13:43:57.376 [FXGL Background Thread 2 ] DEBUG Engine               - isBrowser: false
13:43:57.376 [FXGL Background Thread 2 ] DEBUG Engine               - isClickFeedbackEnabled: false
13:43:57.376 [FXGL Background Thread 2 ] DEBUG Engine               - isCloseConfirmation: false
13:43:57.376 [FXGL Background Thread 2 ] DEBUG Engine               - isDesktop: true
13:43:57.376 [FXGL Background Thread 2 ] DEBUG Engine               - isDeveloperMenuEnabled: false
13:43:57.376 [FXGL Background Thread 2 ] DEBUG Engine               - isExperimentalNative: false
13:43:57.376 [FXGL Background Thread 2 ] DEBUG Engine               - isExperimentalTiledLargeMap: false
13:43:57.376 [FXGL Background Thread 2 ] DEBUG Engine               - isFullScreenAllowed: false
13:43:57.376 [FXGL Background Thread 2 ] DEBUG Engine               - isFullScreenFromStart: false
13:43:57.377 [FXGL Background Thread 2 ] DEBUG Engine               - isGameMenuEnabled: true
13:43:57.377 [FXGL Background Thread 2 ] DEBUG Engine               - isIOS: false
13:43:57.377 [FXGL Background Thread 2 ] DEBUG Engine               - isIntroEnabled: false
13:43:57.377 [FXGL Background Thread 2 ] DEBUG Engine               - isLinux: false
13:43:57.377 [FXGL Background Thread 2 ] DEBUG Engine               - isMac: false
13:43:57.377 [FXGL Background Thread 2 ] DEBUG Engine               - isMainMenuEnabled: true
13:43:57.377 [FXGL Background Thread 2 ] DEBUG Engine               - isManualResizeEnabled: false
13:43:57.377 [FXGL Background Thread 2 ] DEBUG Engine               - isMobile: false
13:43:57.377 [FXGL Background Thread 2 ] DEBUG Engine               - isPreserveResizeRatio: false
13:43:57.377 [FXGL Background Thread 2 ] DEBUG Engine               - isProfilingEnabled: false
13:43:57.377 [FXGL Background Thread 2 ] DEBUG Engine               - isSingleStep: false
13:43:57.377 [FXGL Background Thread 2 ] DEBUG Engine               - isUserProfileEnabled: false
13:43:57.377 [FXGL Background Thread 2 ] DEBUG Engine               - isWindows: true
13:43:57.377 [FXGL Background Thread 2 ] DEBUG Engine               - language: ObjectProperty [value: ENGLISH]
13:43:57.377 [FXGL Background Thread 2 ] DEBUG Engine               - mainWindow: com.almasb.fxgl.app.MainWindow@89c1046
13:43:57.377 [FXGL Background Thread 2 ] DEBUG Engine               - menuKey: ESCAPE
13:43:57.377 [FXGL Background Thread 2 ] DEBUG Engine               - notificationViewClass: class com.almasb.fxgl.notification.view.XboxNotificationView
13:43:57.378 [FXGL Background Thread 2 ] DEBUG Engine               - pixelsPerMeter: 50.0
13:43:57.378 [FXGL Background Thread 2 ] DEBUG Engine               - platform: WINDOWS
13:43:57.378 [FXGL Background Thread 2 ] DEBUG Engine               - profileDir: profiles/
13:43:57.378 [FXGL Background Thread 2 ] DEBUG Engine               - profileName: StringProperty [value: DEFAULT]
13:43:57.378 [FXGL Background Thread 2 ] DEBUG Engine               - randomSeed: -1
13:43:57.378 [FXGL Background Thread 2 ] DEBUG Engine               - runtimeInfo: RuntimeInfo(platform=WINDOWS, version=11.9, build=27.05.2020 17.06)
13:43:57.378 [FXGL Background Thread 2 ] DEBUG Engine               - saveFileExt: sav
13:43:57.378 [FXGL Background Thread 2 ] DEBUG Engine               - sceneFactory: MooseGame.NewfoundRacerApp$1@4d9e9f31
13:43:57.378 [FXGL Background Thread 2 ] DEBUG Engine               - secondsIn24h: 60
13:43:57.378 [FXGL Background Thread 2 ] DEBUG Engine               - settings: Title: Newfoundland Moose Collision
Version: 0.1
Width: 840
Height: 650
Fullscreen: false
Intro: false
Profiling: false
Single step:false
App Mode: DEVELOPER
Menu Key: ESCAPE
Stage Style: DECORATED
Scene Factory: class MooseGame.NewfoundRacerApp$1

13:43:57.378 [FXGL Background Thread 2 ] DEBUG Engine               - soundMenuBack: menu/back.wav
13:43:57.378 [FXGL Background Thread 2 ] DEBUG Engine               - soundMenuPress: menu/press.wav
13:43:57.378 [FXGL Background Thread 2 ] DEBUG Engine               - soundMenuSelect: menu/select.wav
13:43:57.378 [FXGL Background Thread 2 ] DEBUG Engine               - soundNotification: core/notification.wav
13:43:57.378 [FXGL Background Thread 2 ] DEBUG Engine               - stageStyle: DECORATED
13:43:57.378 [FXGL Background Thread 2 ] DEBUG Engine               - supportedLanguages: [ENGLISH, FRENCH, GERMAN, HUNGARIAN, RUSSIAN]
13:43:57.379 [FXGL Background Thread 2 ] DEBUG Engine               - title: Newfoundland Moose Collision
13:43:57.379 [FXGL Background Thread 2 ] DEBUG Engine               - urlGithub: https://github.com/AlmasB/FXGL
13:43:57.379 [FXGL Background Thread 2 ] DEBUG Engine               - urlLeaderboard: http://fxgl-top.herokuapp.com/
13:43:57.379 [FXGL Background Thread 2 ] DEBUG Engine               - urlPOM: https://raw.githubusercontent.com/AlmasB/FXGL/master/pom.xml
13:43:57.379 [FXGL Background Thread 2 ] DEBUG Engine               - version: 0.1
13:43:57.379 [FXGL Background Thread 2 ] DEBUG Engine               - versionCheckDays: 7
13:43:57.379 [FXGL Background Thread 2 ] DEBUG Engine               - width: 840
13:43:57.379 [FXGL Background Thread 2 ] DEBUG Engine               - Logging services
13:43:57.379 [FXGL Background Thread 2 ] DEBUG Engine               - class com.almasb.fxgl.app.GameApplication$GameApplicationService
13:43:57.379 [FXGL Background Thread 2 ] DEBUG Engine               - class com.almasb.fxgl.app.services.WindowService
13:43:57.379 [FXGL Background Thread 2 ] DEBUG Engine               - class com.almasb.fxgl.app.services.FXGLDialogService
13:43:57.379 [FXGL Background Thread 2 ] DEBUG Engine               - class com.almasb.fxgl.app.services.IOTaskExecutorService
13:43:57.379 [FXGL Background Thread 2 ] DEBUG Engine               - class com.almasb.fxgl.event.EventBusService
13:43:57.379 [FXGL Background Thread 2 ] DEBUG Engine               - class com.almasb.fxgl.io.FileSystemService
13:43:57.379 [FXGL Background Thread 2 ] DEBUG Engine               - class com.almasb.fxgl.localization.LocalizationService
13:43:57.379 [FXGL Background Thread 2 ] DEBUG Engine               - class com.almasb.fxgl.app.services.AssetLoaderService
13:43:57.379 [FXGL Background Thread 2 ] DEBUG Engine               - class com.almasb.fxgl.app.services.SystemBundleService
13:43:57.379 [FXGL Background Thread 2 ] DEBUG Engine               - class com.almasb.fxgl.profile.SaveLoadService
13:43:57.379 [FXGL Background Thread 2 ] DEBUG Engine               - class com.almasb.fxgl.ui.FXGLUIFactoryServiceProvider
13:43:57.379 [FXGL Background Thread 2 ] DEBUG Engine               - class com.almasb.fxgl.ui.FXGLDialogFactoryServiceProvider
13:43:57.379 [FXGL Background Thread 2 ] DEBUG Engine               - class com.almasb.fxgl.audio.AudioPlayer
13:43:57.379 [FXGL Background Thread 2 ] DEBUG Engine               - class com.almasb.fxgl.notification.impl.NotificationServiceProvider
13:43:57.379 [FXGL Background Thread 2 ] DEBUG Engine               - class com.almasb.fxgl.achievement.AchievementService
13:43:57.379 [FXGL Background Thread 2 ] DEBUG Engine               - class com.almasb.fxgl.cutscene.CutsceneService
13:43:57.380 [FXGL Background Thread 2 ] DEBUG Engine               - class com.almasb.fxgl.minigames.MiniGameService
13:43:57.380 [FXGL Background Thread 2 ] DEBUG Engine               - class com.almasb.fxgl.net.NetService
13:43:57.380 [FXGL Background Thread 2 ] DEBUG Engine               - class com.almasb.fxgl.app.services.UpdaterService
13:43:57.380 [FXGL Background Thread 2 ] DEBUG Engine               - class com.almasb.fxgl.dev.DevService
13:44:02.304 [JavaFX Application Thread] DEBUG GameApplication      - Exiting FXGL
13:44:02.305 [JavaFX Application Thread] DEBUG LoopRunner           - Stopping loop
13:44:02.305 [JavaFX Application Thread] DEBUG SystemBundleService  - Saving FXGL system data
13:44:02.306 [JavaFX Application Thread] DEBUG FileSystemAccess     - Writing to: E:\secondYear\Java\NewfoundlandRacer\system\fxgl.bundle
13:44:02.307 [JavaFX Application Thread] DEBUG GameApplication      - Shutting down background threads
13:44:02.307 [JavaFX Application Thread] DEBUG GameApplication      - Closing logger and exiting JavaFX
