22:15:35.420 [main                     ] DEBUG GameApplication      - Logger initialized
22:15:35.423 [main                     ] DEBUG GameApplication      - Logging settings
Title: Newfoundland Moose Collision
Version: 0.1
Width: 840
Height: 650
Fullscreen: false
Intro: false
Profiling: false
Single step:false
App Mode: DEVELOPER
Menu Key: ESCAPE
Stage Style: DECORATED
Scene Factory: class com.almasb.fxgl.app.scene.SceneFactory

22:15:35.830 [JavaFX Application Thread] DEBUG GameApplication      - Initializing FXGL
22:15:35.845 [JavaFX Application Thread] INFO  Engine               - FXGL-11.9 (27.05.2020 17.06) on WINDOWS (J:14.0.1 FX:13.0.2)
22:15:35.845 [JavaFX Application Thread] DEBUG Engine               - JRE Vendor Name: Oracle Corporation
22:15:35.845 [JavaFX Application Thread] DEBUG Engine               - Running on OS: Windows 10 version 10.0
22:15:35.845 [JavaFX Application Thread] DEBUG Engine               - Architecture: amd64
22:15:35.845 [JavaFX Application Thread] INFO  Engine               - Source code and latest versions at: https://github.com/AlmasB/FXGL
22:15:35.845 [JavaFX Application Thread] INFO  Engine               -              Join the FXGL chat at: https://gitter.im/AlmasB/FXGL
22:15:35.959 [JavaFX Application Thread] DEBUG MainWindow           - Creating a JavaFX scene
22:15:36.005 [JavaFX Application Thread] DEBUG MainWindow           - Target settings size: 840.0 x 650.0
22:15:36.006 [JavaFX Application Thread] DEBUG MainWindow           - Scaled scene size:    840.0 x 650.0
22:15:36.006 [JavaFX Application Thread] DEBUG MainWindow           - Scaled ratio: (1.0, 1.0)
22:15:36.007 [JavaFX Application Thread] DEBUG MainWindow           - Set initial scene to FXGLStartupScene
22:15:36.014 [JavaFX Application Thread] DEBUG MainWindow           - Opening main window
22:15:36.097 [JavaFX Application Thread] DEBUG MainWindow           - Window border size: (16.0, 39.0)
22:15:36.097 [JavaFX Application Thread] DEBUG MainWindow           - Scaled size: 840.0 x 650.0
22:15:36.097 [JavaFX Application Thread] DEBUG MainWindow           - Scaled ratio: (1.0, 1.0)
22:15:36.097 [JavaFX Application Thread] DEBUG MainWindow           - Scene size: 840.0 x 650.0
22:15:36.097 [JavaFX Application Thread] DEBUG MainWindow           - Stage size: 856.0 x 689.0
22:15:36.104 [FXGL Background Thread 1 ] DEBUG Engine               - Initializing environment variables
22:15:36.125 [FXGL Background Thread 1 ] DEBUG WindowService        - Applying CSS: fxgl_dark.css
22:15:36.125 [FXGL Background Thread 1 ] DEBUG AssetLoaderService   - Loading from file system: /assets/ui/css/fxgl_dark.css
22:15:36.160 [FXGL Background Thread 1 ] DEBUG WindowService        - Initializing application scenes
22:15:36.188 [FXGL Background Thread 1 ] DEBUG GameWorld            - Game world initialized
22:15:36.223 [FXGL Background Thread 1 ] DEBUG PhysicsWorld         - Physics world initialized: appHeight=650, physics.ppm=50.0
22:15:36.224 [FXGL Background Thread 1 ] DEBUG GameScene            - Game scene initialized: 840x650
22:15:36.252 [FXGL Background Thread 1 ] DEBUG AssetLoaderService   - Loading from file system: /assets/textures/particles/trace_horizontal.png
22:15:36.300 [FXGL Background Thread 1 ] DEBUG FXGL.DefaultMenu     - createMenuBodyGameMenu()
22:15:36.315 [FXGL Background Thread 1 ] DEBUG FXGL.DefaultMenu     - createOptionsMenu()
22:15:36.318 [FXGL Background Thread 1 ] DEBUG AssetLoaderService   - Loading from file system: /assets/textures/particles/smoke.png
22:15:36.356 [FXGL Background Thread 1 ] DEBUG WindowService        - Application scenes initialized
22:15:36.364 [FXGL Background Thread 1 ] DEBUG SystemBundleService  - Loading FXGL system data
22:15:36.368 [FXGL Background Thread 1 ] DEBUG FileSystemAccess     - Reading from: E:\secondYear\Java\NewfoundlandRacer\system\fxgl.bundle
22:15:36.372 [FXGL Background Thread 1 ] DEBUG SystemBundleService  - Bundle FXGL: {}
22:15:36.373 [FXGL Background Thread 1 ] INFO  Engine               - FXGL initialization took: 0.266 sec
22:15:36.374 [FXGL Background Thread 1 ] DEBUG GameApplication      - Loading localizations
22:15:36.374 [FXGL Background Thread 1 ] DEBUG AssetLoaderService   - Loading from file system: /assets/languages/english.lang
22:15:36.381 [FXGL Background Thread 1 ] DEBUG AssetLoaderService   - Loading from file system: /assets/languages/french.lang
22:15:36.383 [FXGL Background Thread 1 ] DEBUG AssetLoaderService   - Loading from file system: /assets/languages/german.lang
22:15:36.385 [FXGL Background Thread 1 ] DEBUG AssetLoaderService   - Loading from file system: /assets/languages/hungarian.lang
22:15:36.388 [FXGL Background Thread 1 ] DEBUG AssetLoaderService   - Loading from file system: /assets/languages/russian.lang
22:15:36.389 [FXGL Background Thread 1 ] DEBUG GameApplication      - Registering font factories with UI factory
22:15:36.389 [FXGL Background Thread 1 ] DEBUG AssetLoaderService   - Loading from file system: /assets/ui/fonts/VarelaRound-Regular.ttf
22:15:36.419 [FXGL Background Thread 1 ] DEBUG AssetLoaderService   - Loading from file system: /assets/ui/fonts/Abel-Regular.ttf
22:15:36.422 [FXGL Background Thread 1 ] DEBUG AssetLoaderService   - Loading from file system: /assets/ui/fonts/lucida_console.ttf
22:15:36.426 [FXGL Background Thread 1 ] DEBUG AssetLoaderService   - Loading from file system: /assets/ui/fonts/Courier-Prime.ttf
22:15:36.436 [JavaFX Application Thread] DEBUG Input                - Registered new binding: Move Right - D
22:15:36.436 [JavaFX Application Thread] DEBUG Input                - Registered new binding: Move Left - A
22:15:36.436 [JavaFX Application Thread] DEBUG Input                - Registered new binding: Move Up - W
22:15:36.436 [JavaFX Application Thread] DEBUG Input                - Registered new binding: Move Down - S
22:15:36.436 [JavaFX Application Thread] DEBUG AssetLoaderService   - Loading from file system: /assets/textures/fxgl_icon.png
22:15:36.450 [JavaFX Application Thread] DEBUG AssetLoaderService   - Loading from file system: /assets/ui/cursors/fxgl_default.png
22:15:36.452 [JavaFX Application Thread] DEBUG Input                - Registered new binding: Screenshot - P
22:15:36.453 [JavaFX Application Thread] DEBUG Input                - Registered new binding: System info dump - CTRL+9
22:15:36.453 [JavaFX Application Thread] DEBUG Input                - Registered new binding: Restart - CTRL+R
22:15:36.454 [JavaFX Application Thread] DEBUG LoopRunner           - Starting loop
22:15:36.474 [JavaFX Application Thread] DEBUG FXGLStartupScene     - STARTUP
22:15:36.474 [JavaFX Application Thread] DEBUG WindowService        - Starting new game
22:15:36.474 [JavaFX Application Thread] DEBUG Input                - Clearing active input actions
22:15:36.483 [JavaFX Application Thread] DEBUG WindowService        - Removing overlay from FXGLStartupScene and adding to FXGLLoadingScene
22:15:36.483 [JavaFX Application Thread] DEBUG MainWindow           - FXGLStartupScene -> FXGLLoadingScene
22:15:36.484 [JavaFX Application Thread] DEBUG WindowService        - Clearing previous game
22:15:36.484 [JavaFX Application Thread] DEBUG GameScene            - Clearing game scene
22:15:36.484 [JavaFX Application Thread] DEBUG GameWorld            - Clearing game world
22:15:36.484 [JavaFX Application Thread] DEBUG PhysicsWorld         - Clearing physics world
22:15:36.485 [FXGL Background Thread 1 ] DEBUG GameApplication      - Initializing game
22:15:36.491 [FXGL Background Thread 1 ] DEBUG AssetLoaderService   - Loading from file system: /assets/textures/4lanehighway.png
22:15:36.595 [FXGL Background Thread 1 ] DEBUG AssetLoaderService   - Loading from file system: /assets/textures/player.png
22:15:36.606 [FXGL Background Thread 1 ] DEBUG AssetLoaderService   - Loading from file system: /assets/textures/coin.png
22:15:36.615 [FXGL Background Thread 1 ] INFO  GameApplication      - Game initialization took: 0.130 sec
22:15:36.616 [JavaFX Application Thread] DEBUG Input                - Clearing active input actions
22:15:36.627 [JavaFX Application Thread] DEBUG WindowService        - Removing overlay from FXGLLoadingScene and adding to GameScene
22:15:36.627 [JavaFX Application Thread] DEBUG MainWindow           - FXGLLoadingScene -> GameScene
22:15:37.128 [JavaFX Application Thread] DEBUG AssetLoaderService   - Loading from file system: /assets/textures/driver.png
22:15:37.623 [JavaFX Application Thread] DEBUG AssetLoaderService   - Loading from cache: /assets/textures/driver.png
22:15:38.135 [JavaFX Application Thread] DEBUG AssetLoaderService   - Loading from cache: /assets/textures/driver.png
22:15:38.313 [JavaFX Application Thread] DEBUG AssetLoaderService   - Loading from file system: /assets/sounds/coincollect.wav
22:15:38.711 [JavaFX Application Thread] DEBUG AssetLoaderService   - Loading from cache: /assets/textures/driver.png
22:15:39.223 [JavaFX Application Thread] DEBUG AssetLoaderService   - Loading from cache: /assets/textures/driver.png
22:15:39.374 [FXGL Background Thread 2 ] DEBUG Engine               - Logging environment variables
22:15:39.374 [FXGL Background Thread 2 ] DEBUG Engine               - achievements: []
22:15:39.375 [FXGL Background Thread 2 ] DEBUG Engine               - appIcon: fxgl_icon.png
22:15:39.375 [FXGL Background Thread 2 ] DEBUG Engine               - applicationMode: DEVELOPER
22:15:39.375 [FXGL Background Thread 2 ] DEBUG Engine               - cSSList: [fxgl_dark.css]
22:15:39.375 [FXGL Background Thread 2 ] DEBUG Engine               - configClass: Optional.empty
22:15:39.375 [FXGL Background Thread 2 ] DEBUG Engine               - credits: []
22:15:39.375 [FXGL Background Thread 2 ] DEBUG Engine               - devBBoxColorProperty: ObjectProperty [value: 0xff0000ff]
22:15:39.376 [FXGL Background Thread 2 ] DEBUG Engine               - devSensorColorProperty: ObjectProperty [value: 0xffff00ff]
22:15:39.376 [FXGL Background Thread 2 ] DEBUG Engine               - devShowBBoxProperty: BooleanProperty [value: false]
22:15:39.376 [FXGL Background Thread 2 ] DEBUG Engine               - devShowPositionProperty: BooleanProperty [value: false]
22:15:39.376 [FXGL Background Thread 2 ] DEBUG Engine               - enabledMenuItems: []
22:15:39.376 [FXGL Background Thread 2 ] DEBUG Engine               - engineServices: [class com.almasb.fxgl.app.GameApplication$GameApplicationService, class com.almasb.fxgl.app.services.WindowService, class com.almasb.fxgl.app.services.FXGLDialogService, class com.almasb.fxgl.app.services.IOTaskExecutorService, class com.almasb.fxgl.event.EventBusService, class com.almasb.fxgl.io.FileSystemService, class com.almasb.fxgl.localization.LocalizationService, class com.almasb.fxgl.app.services.AssetLoaderService, class com.almasb.fxgl.app.services.SystemBundleService, class com.almasb.fxgl.profile.SaveLoadService, class com.almasb.fxgl.ui.FXGLUIFactoryServiceProvider, class com.almasb.fxgl.ui.FXGLDialogFactoryServiceProvider, class com.almasb.fxgl.audio.AudioPlayer, class com.almasb.fxgl.notification.impl.NotificationServiceProvider, class com.almasb.fxgl.achievement.AchievementService, class com.almasb.fxgl.cutscene.CutsceneService, class com.almasb.fxgl.minigames.MiniGameService, class com.almasb.fxgl.net.NetService, class com.almasb.fxgl.app.services.UpdaterService, class com.almasb.fxgl.dev.DevService]
22:15:39.377 [FXGL Background Thread 2 ] DEBUG Engine               - fontGame: Abel-Regular.ttf
22:15:39.377 [FXGL Background Thread 2 ] DEBUG Engine               - fontMono: lucida_console.ttf
22:15:39.377 [FXGL Background Thread 2 ] DEBUG Engine               - fontText: Courier-Prime.ttf
22:15:39.377 [FXGL Background Thread 2 ] DEBUG Engine               - fontUI: VarelaRound-Regular.ttf
22:15:39.377 [FXGL Background Thread 2 ] DEBUG Engine               - fullScreen: BooleanProperty [value: false]
22:15:39.377 [FXGL Background Thread 2 ] DEBUG Engine               - gameDifficulty: MEDIUM
22:15:39.377 [FXGL Background Thread 2 ] DEBUG Engine               - gameDifficultyProperty: ObjectProperty [value: MEDIUM]
22:15:39.378 [FXGL Background Thread 2 ] DEBUG Engine               - globalMusicVolume: 0.5
22:15:39.378 [FXGL Background Thread 2 ] DEBUG Engine               - globalMusicVolumeProperty: DoubleProperty [value: 0.5]
22:15:39.378 [FXGL Background Thread 2 ] DEBUG Engine               - globalSoundVolume: 0.5
22:15:39.378 [FXGL Background Thread 2 ] DEBUG Engine               - globalSoundVolumeProperty: DoubleProperty [value: 0.5]
22:15:39.378 [FXGL Background Thread 2 ] DEBUG Engine               - height: 650
22:15:39.378 [FXGL Background Thread 2 ] DEBUG Engine               - isAndroid: false
22:15:39.378 [FXGL Background Thread 2 ] DEBUG Engine               - isBrowser: false
22:15:39.379 [FXGL Background Thread 2 ] DEBUG Engine               - isClickFeedbackEnabled: false
22:15:39.379 [FXGL Background Thread 2 ] DEBUG Engine               - isCloseConfirmation: false
22:15:39.379 [FXGL Background Thread 2 ] DEBUG Engine               - isDesktop: true
22:15:39.379 [FXGL Background Thread 2 ] DEBUG Engine               - isDeveloperMenuEnabled: false
22:15:39.379 [FXGL Background Thread 2 ] DEBUG Engine               - isExperimentalNative: false
22:15:39.379 [FXGL Background Thread 2 ] DEBUG Engine               - isExperimentalTiledLargeMap: false
22:15:39.379 [FXGL Background Thread 2 ] DEBUG Engine               - isFullScreenAllowed: false
22:15:39.380 [FXGL Background Thread 2 ] DEBUG Engine               - isFullScreenFromStart: false
22:15:39.380 [FXGL Background Thread 2 ] DEBUG Engine               - isGameMenuEnabled: true
22:15:39.380 [FXGL Background Thread 2 ] DEBUG Engine               - isIOS: false
22:15:39.380 [FXGL Background Thread 2 ] DEBUG Engine               - isIntroEnabled: false
22:15:39.380 [FXGL Background Thread 2 ] DEBUG Engine               - isLinux: false
22:15:39.380 [FXGL Background Thread 2 ] DEBUG Engine               - isMac: false
22:15:39.380 [FXGL Background Thread 2 ] DEBUG Engine               - isMainMenuEnabled: false
22:15:39.380 [FXGL Background Thread 2 ] DEBUG Engine               - isManualResizeEnabled: false
22:15:39.381 [FXGL Background Thread 2 ] DEBUG Engine               - isMobile: false
22:15:39.381 [FXGL Background Thread 2 ] DEBUG Engine               - isPreserveResizeRatio: false
22:15:39.381 [FXGL Background Thread 2 ] DEBUG Engine               - isProfilingEnabled: false
22:15:39.381 [FXGL Background Thread 2 ] DEBUG Engine               - isSingleStep: false
22:15:39.381 [FXGL Background Thread 2 ] DEBUG Engine               - isUserProfileEnabled: false
22:15:39.381 [FXGL Background Thread 2 ] DEBUG Engine               - isWindows: true
22:15:39.381 [FXGL Background Thread 2 ] DEBUG Engine               - language: ObjectProperty [value: ENGLISH]
22:15:39.382 [FXGL Background Thread 2 ] DEBUG Engine               - mainWindow: com.almasb.fxgl.app.MainWindow@46d26ec7
22:15:39.382 [FXGL Background Thread 2 ] DEBUG Engine               - menuKey: ESCAPE
22:15:39.382 [FXGL Background Thread 2 ] DEBUG Engine               - notificationViewClass: class com.almasb.fxgl.notification.view.XboxNotificationView
22:15:39.382 [FXGL Background Thread 2 ] DEBUG Engine               - pixelsPerMeter: 50.0
22:15:39.382 [FXGL Background Thread 2 ] DEBUG Engine               - platform: WINDOWS
22:15:39.382 [FXGL Background Thread 2 ] DEBUG Engine               - profileDir: profiles/
22:15:39.382 [FXGL Background Thread 2 ] DEBUG Engine               - profileName: StringProperty [value: DEFAULT]
22:15:39.383 [FXGL Background Thread 2 ] DEBUG Engine               - randomSeed: -1
22:15:39.383 [FXGL Background Thread 2 ] DEBUG Engine               - runtimeInfo: RuntimeInfo(platform=WINDOWS, version=11.9, build=27.05.2020 17.06)
22:15:39.383 [FXGL Background Thread 2 ] DEBUG Engine               - saveFileExt: sav
22:15:39.383 [FXGL Background Thread 2 ] DEBUG Engine               - sceneFactory: com.almasb.fxgl.app.scene.SceneFactory@3d0f879
22:15:39.383 [FXGL Background Thread 2 ] DEBUG Engine               - secondsIn24h: 60
22:15:39.383 [FXGL Background Thread 2 ] DEBUG Engine               - settings: Title: Newfoundland Moose Collision
Version: 0.1
Width: 840
Height: 650
Fullscreen: false
Intro: false
Profiling: false
Single step:false
App Mode: DEVELOPER
Menu Key: ESCAPE
Stage Style: DECORATED
Scene Factory: class com.almasb.fxgl.app.scene.SceneFactory

22:15:39.383 [FXGL Background Thread 2 ] DEBUG Engine               - soundMenuBack: menu/back.wav
22:15:39.384 [FXGL Background Thread 2 ] DEBUG Engine               - soundMenuPress: menu/press.wav
22:15:39.384 [FXGL Background Thread 2 ] DEBUG Engine               - soundMenuSelect: menu/select.wav
22:15:39.384 [FXGL Background Thread 2 ] DEBUG Engine               - soundNotification: core/notification.wav
22:15:39.384 [FXGL Background Thread 2 ] DEBUG Engine               - stageStyle: DECORATED
22:15:39.384 [FXGL Background Thread 2 ] DEBUG Engine               - supportedLanguages: [ENGLISH, FRENCH, GERMAN, HUNGARIAN, RUSSIAN]
22:15:39.384 [FXGL Background Thread 2 ] DEBUG Engine               - title: Newfoundland Moose Collision
22:15:39.384 [FXGL Background Thread 2 ] DEBUG Engine               - urlGithub: https://github.com/AlmasB/FXGL
22:15:39.385 [FXGL Background Thread 2 ] DEBUG Engine               - urlLeaderboard: http://fxgl-top.herokuapp.com/
22:15:39.385 [FXGL Background Thread 2 ] DEBUG Engine               - urlPOM: https://raw.githubusercontent.com/AlmasB/FXGL/master/pom.xml
22:15:39.385 [FXGL Background Thread 2 ] DEBUG Engine               - version: 0.1
22:15:39.385 [FXGL Background Thread 2 ] DEBUG Engine               - versionCheckDays: 7
22:15:39.385 [FXGL Background Thread 2 ] DEBUG Engine               - width: 840
22:15:39.385 [FXGL Background Thread 2 ] DEBUG Engine               - Logging services
22:15:39.385 [FXGL Background Thread 2 ] DEBUG Engine               - class com.almasb.fxgl.app.GameApplication$GameApplicationService
22:15:39.385 [FXGL Background Thread 2 ] DEBUG Engine               - class com.almasb.fxgl.app.services.WindowService
22:15:39.385 [FXGL Background Thread 2 ] DEBUG Engine               - class com.almasb.fxgl.app.services.FXGLDialogService
22:15:39.386 [FXGL Background Thread 2 ] DEBUG Engine               - class com.almasb.fxgl.app.services.IOTaskExecutorService
22:15:39.386 [FXGL Background Thread 2 ] DEBUG Engine               - class com.almasb.fxgl.event.EventBusService
22:15:39.386 [FXGL Background Thread 2 ] DEBUG Engine               - class com.almasb.fxgl.io.FileSystemService
22:15:39.386 [FXGL Background Thread 2 ] DEBUG Engine               - class com.almasb.fxgl.localization.LocalizationService
22:15:39.386 [FXGL Background Thread 2 ] DEBUG Engine               - class com.almasb.fxgl.app.services.AssetLoaderService
22:15:39.386 [FXGL Background Thread 2 ] DEBUG Engine               - class com.almasb.fxgl.app.services.SystemBundleService
22:15:39.386 [FXGL Background Thread 2 ] DEBUG Engine               - class com.almasb.fxgl.profile.SaveLoadService
22:15:39.386 [FXGL Background Thread 2 ] DEBUG Engine               - class com.almasb.fxgl.ui.FXGLUIFactoryServiceProvider
22:15:39.386 [FXGL Background Thread 2 ] DEBUG Engine               - class com.almasb.fxgl.ui.FXGLDialogFactoryServiceProvider
22:15:39.387 [FXGL Background Thread 2 ] DEBUG Engine               - class com.almasb.fxgl.audio.AudioPlayer
22:15:39.387 [FXGL Background Thread 2 ] DEBUG Engine               - class com.almasb.fxgl.notification.impl.NotificationServiceProvider
22:15:39.387 [FXGL Background Thread 2 ] DEBUG Engine               - class com.almasb.fxgl.achievement.AchievementService
22:15:39.387 [FXGL Background Thread 2 ] DEBUG Engine               - class com.almasb.fxgl.cutscene.CutsceneService
22:15:39.387 [FXGL Background Thread 2 ] DEBUG Engine               - class com.almasb.fxgl.minigames.MiniGameService
22:15:39.387 [FXGL Background Thread 2 ] DEBUG Engine               - class com.almasb.fxgl.net.NetService
22:15:39.387 [FXGL Background Thread 2 ] DEBUG Engine               - class com.almasb.fxgl.app.services.UpdaterService
22:15:39.387 [FXGL Background Thread 2 ] DEBUG Engine               - class com.almasb.fxgl.dev.DevService
22:15:39.735 [JavaFX Application Thread] DEBUG AssetLoaderService   - Loading from cache: /assets/textures/driver.png
22:15:40.264 [JavaFX Application Thread] DEBUG AssetLoaderService   - Loading from cache: /assets/textures/driver.png
22:15:40.775 [JavaFX Application Thread] DEBUG AssetLoaderService   - Loading from cache: /assets/textures/driver.png
22:15:41.286 [JavaFX Application Thread] DEBUG AssetLoaderService   - Loading from cache: /assets/textures/driver.png
22:15:41.815 [JavaFX Application Thread] DEBUG AssetLoaderService   - Loading from cache: /assets/textures/driver.png
22:15:42.327 [JavaFX Application Thread] DEBUG AssetLoaderService   - Loading from cache: /assets/textures/driver.png
22:15:42.839 [JavaFX Application Thread] DEBUG AssetLoaderService   - Loading from cache: /assets/textures/driver.png
22:15:43.371 [JavaFX Application Thread] DEBUG AssetLoaderService   - Loading from cache: /assets/textures/driver.png
22:15:43.879 [JavaFX Application Thread] DEBUG AssetLoaderService   - Loading from cache: /assets/textures/driver.png
22:15:44.391 [JavaFX Application Thread] DEBUG AssetLoaderService   - Loading from cache: /assets/textures/driver.png
22:15:44.889 [JavaFX Application Thread] DEBUG AssetLoaderService   - Loading from cache: /assets/textures/driver.png
22:15:45.399 [JavaFX Application Thread] DEBUG AssetLoaderService   - Loading from cache: /assets/textures/driver.png
22:15:45.895 [JavaFX Application Thread] DEBUG AssetLoaderService   - Loading from cache: /assets/textures/driver.png
22:15:46.391 [JavaFX Application Thread] DEBUG AssetLoaderService   - Loading from cache: /assets/textures/driver.png
22:15:46.886 [JavaFX Application Thread] DEBUG AssetLoaderService   - Loading from cache: /assets/textures/driver.png
22:15:47.383 [JavaFX Application Thread] DEBUG AssetLoaderService   - Loading from cache: /assets/textures/driver.png
22:15:47.894 [JavaFX Application Thread] DEBUG AssetLoaderService   - Loading from cache: /assets/textures/driver.png
22:15:48.391 [JavaFX Application Thread] DEBUG AssetLoaderService   - Loading from cache: /assets/textures/driver.png
22:15:48.887 [JavaFX Application Thread] DEBUG AssetLoaderService   - Loading from cache: /assets/textures/driver.png
22:15:49.399 [JavaFX Application Thread] DEBUG AssetLoaderService   - Loading from cache: /assets/textures/driver.png
22:15:49.895 [JavaFX Application Thread] DEBUG AssetLoaderService   - Loading from cache: /assets/textures/driver.png
22:15:50.391 [JavaFX Application Thread] DEBUG AssetLoaderService   - Loading from cache: /assets/textures/driver.png
22:15:50.887 [JavaFX Application Thread] DEBUG AssetLoaderService   - Loading from cache: /assets/textures/driver.png
22:15:51.398 [JavaFX Application Thread] DEBUG AssetLoaderService   - Loading from cache: /assets/textures/driver.png
22:15:51.895 [JavaFX Application Thread] DEBUG AssetLoaderService   - Loading from cache: /assets/textures/driver.png
22:15:52.391 [JavaFX Application Thread] DEBUG AssetLoaderService   - Loading from cache: /assets/textures/driver.png
22:15:52.903 [JavaFX Application Thread] DEBUG AssetLoaderService   - Loading from cache: /assets/textures/driver.png
22:15:53.431 [JavaFX Application Thread] DEBUG AssetLoaderService   - Loading from cache: /assets/textures/driver.png
22:15:53.942 [JavaFX Application Thread] DEBUG AssetLoaderService   - Loading from cache: /assets/textures/driver.png
22:15:54.455 [JavaFX Application Thread] DEBUG AssetLoaderService   - Loading from cache: /assets/textures/driver.png
22:15:54.966 [JavaFX Application Thread] DEBUG AssetLoaderService   - Loading from cache: /assets/textures/driver.png
22:15:55.494 [JavaFX Application Thread] DEBUG AssetLoaderService   - Loading from cache: /assets/textures/driver.png
22:15:56.007 [JavaFX Application Thread] DEBUG AssetLoaderService   - Loading from cache: /assets/textures/driver.png
22:15:56.519 [JavaFX Application Thread] DEBUG AssetLoaderService   - Loading from cache: /assets/textures/driver.png
22:15:57.047 [JavaFX Application Thread] DEBUG AssetLoaderService   - Loading from cache: /assets/textures/driver.png
22:15:57.559 [JavaFX Application Thread] DEBUG AssetLoaderService   - Loading from cache: /assets/textures/driver.png
22:15:58.071 [JavaFX Application Thread] DEBUG AssetLoaderService   - Loading from cache: /assets/textures/driver.png
22:15:58.598 [JavaFX Application Thread] DEBUG AssetLoaderService   - Loading from cache: /assets/textures/driver.png
22:15:59.111 [JavaFX Application Thread] DEBUG AssetLoaderService   - Loading from cache: /assets/textures/driver.png
22:15:59.623 [JavaFX Application Thread] DEBUG AssetLoaderService   - Loading from cache: /assets/textures/driver.png
22:16:00.135 [JavaFX Application Thread] DEBUG AssetLoaderService   - Loading from cache: /assets/textures/driver.png
22:16:00.663 [JavaFX Application Thread] DEBUG AssetLoaderService   - Loading from cache: /assets/textures/driver.png
22:16:01.175 [JavaFX Application Thread] DEBUG AssetLoaderService   - Loading from cache: /assets/textures/driver.png
22:16:01.687 [JavaFX Application Thread] DEBUG AssetLoaderService   - Loading from cache: /assets/textures/driver.png
22:16:02.215 [JavaFX Application Thread] DEBUG AssetLoaderService   - Loading from cache: /assets/textures/driver.png
22:16:02.727 [JavaFX Application Thread] DEBUG AssetLoaderService   - Loading from cache: /assets/textures/driver.png
22:16:03.239 [JavaFX Application Thread] DEBUG AssetLoaderService   - Loading from cache: /assets/textures/driver.png
22:16:03.750 [JavaFX Application Thread] DEBUG AssetLoaderService   - Loading from cache: /assets/textures/driver.png
22:16:04.279 [JavaFX Application Thread] DEBUG AssetLoaderService   - Loading from cache: /assets/textures/driver.png
22:16:04.791 [JavaFX Application Thread] DEBUG AssetLoaderService   - Loading from cache: /assets/textures/driver.png
22:16:05.303 [JavaFX Application Thread] DEBUG AssetLoaderService   - Loading from cache: /assets/textures/driver.png
22:16:05.832 [JavaFX Application Thread] DEBUG AssetLoaderService   - Loading from cache: /assets/textures/driver.png
22:16:06.342 [JavaFX Application Thread] DEBUG AssetLoaderService   - Loading from cache: /assets/textures/driver.png
22:16:06.854 [JavaFX Application Thread] DEBUG AssetLoaderService   - Loading from cache: /assets/textures/driver.png
22:16:07.384 [JavaFX Application Thread] DEBUG AssetLoaderService   - Loading from cache: /assets/textures/driver.png
22:16:07.894 [JavaFX Application Thread] DEBUG AssetLoaderService   - Loading from cache: /assets/textures/driver.png
22:16:08.407 [JavaFX Application Thread] DEBUG AssetLoaderService   - Loading from cache: /assets/textures/driver.png
22:16:08.919 [JavaFX Application Thread] DEBUG AssetLoaderService   - Loading from cache: /assets/textures/driver.png
22:16:09.447 [JavaFX Application Thread] DEBUG AssetLoaderService   - Loading from cache: /assets/textures/driver.png
22:16:09.959 [JavaFX Application Thread] DEBUG AssetLoaderService   - Loading from cache: /assets/textures/driver.png
22:16:10.471 [JavaFX Application Thread] DEBUG AssetLoaderService   - Loading from cache: /assets/textures/driver.png
22:16:10.999 [JavaFX Application Thread] DEBUG AssetLoaderService   - Loading from cache: /assets/textures/driver.png
22:16:11.463 [JavaFX Application Thread] DEBUG GameApplication      - Exiting FXGL
22:16:11.463 [JavaFX Application Thread] DEBUG LoopRunner           - Stopping loop
22:16:11.463 [JavaFX Application Thread] DEBUG SystemBundleService  - Saving FXGL system data
22:16:11.464 [JavaFX Application Thread] DEBUG FileSystemAccess     - Writing to: E:\secondYear\Java\NewfoundlandRacer\system\fxgl.bundle
22:16:11.466 [JavaFX Application Thread] DEBUG GameApplication      - Shutting down background threads
22:16:11.466 [JavaFX Application Thread] DEBUG GameApplication      - Closing logger and exiting JavaFX
