20:07:01.344 [main                     ] DEBUG GameApplication      - Logger initialized
20:07:01.349 [main                     ] DEBUG GameApplication      - Logging settings
Title: Newfoundland Moose Collision
Version: 0.1
Width: 700
Height: 500
Fullscreen: false
Intro: false
Profiling: false
Single step:false
App Mode: DEVELOPER
Menu Key: ESCAPE
Stage Style: DECORATED
Scene Factory: class com.almasb.fxgl.app.scene.SceneFactory

20:07:01.768 [JavaFX Application Thread] DEBUG GameApplication      - Initializing FXGL
20:07:01.782 [JavaFX Application Thread] INFO  Engine               - FXGL-11.9 (27.05.2020 17.06) on WINDOWS (J:14.0.1 FX:13.0.2)
20:07:01.782 [JavaFX Application Thread] DEBUG Engine               - JRE Vendor Name: Oracle Corporation
20:07:01.782 [JavaFX Application Thread] DEBUG Engine               - Running on OS: Windows 10 version 10.0
20:07:01.782 [JavaFX Application Thread] DEBUG Engine               - Architecture: amd64
20:07:01.783 [JavaFX Application Thread] INFO  Engine               - Source code and latest versions at: https://github.com/AlmasB/FXGL
20:07:01.783 [JavaFX Application Thread] INFO  Engine               -              Join the FXGL chat at: https://gitter.im/AlmasB/FXGL
20:07:01.894 [JavaFX Application Thread] DEBUG MainWindow           - Creating a JavaFX scene
20:07:01.941 [JavaFX Application Thread] DEBUG MainWindow           - Target settings size: 700.0 x 500.0
20:07:01.941 [JavaFX Application Thread] DEBUG MainWindow           - Scaled scene size:    700.0 x 500.0
20:07:01.941 [JavaFX Application Thread] DEBUG MainWindow           - Scaled ratio: (1.0, 1.0)
20:07:01.942 [JavaFX Application Thread] DEBUG MainWindow           - Set initial scene to FXGLStartupScene
20:07:01.949 [JavaFX Application Thread] DEBUG MainWindow           - Opening main window
20:07:02.030 [JavaFX Application Thread] DEBUG MainWindow           - Window border size: (16.0, 39.0)
20:07:02.030 [JavaFX Application Thread] DEBUG MainWindow           - Scaled size: 700.0 x 500.0
20:07:02.030 [JavaFX Application Thread] DEBUG MainWindow           - Scaled ratio: (1.0, 1.0)
20:07:02.030 [JavaFX Application Thread] DEBUG MainWindow           - Scene size: 700.0 x 500.0
20:07:02.030 [JavaFX Application Thread] DEBUG MainWindow           - Stage size: 716.0 x 539.0
20:07:02.037 [FXGL Background Thread 1 ] DEBUG Engine               - Initializing environment variables
20:07:02.055 [FXGL Background Thread 1 ] DEBUG WindowService        - Applying CSS: fxgl_dark.css
20:07:02.055 [FXGL Background Thread 1 ] DEBUG AssetLoaderService   - Loading from file system: /assets/ui/css/fxgl_dark.css
20:07:02.089 [FXGL Background Thread 1 ] DEBUG WindowService        - Initializing application scenes
20:07:02.118 [FXGL Background Thread 1 ] DEBUG GameWorld            - Game world initialized
20:07:02.151 [FXGL Background Thread 1 ] DEBUG PhysicsWorld         - Physics world initialized: appHeight=500, physics.ppm=50.0
20:07:02.152 [FXGL Background Thread 1 ] DEBUG GameScene            - Game scene initialized: 700x500
20:07:02.175 [FXGL Background Thread 1 ] DEBUG AssetLoaderService   - Loading from file system: /assets/textures/particles/trace_horizontal.png
20:07:02.221 [FXGL Background Thread 1 ] WARN  FXGL.DefaultMenu     - FXGLDefaultMenu is not designed for resolutions < 800x600
20:07:02.221 [FXGL Background Thread 1 ] DEBUG FXGL.DefaultMenu     - createMenuBodyGameMenu()
20:07:02.235 [FXGL Background Thread 1 ] DEBUG FXGL.DefaultMenu     - createOptionsMenu()
20:07:02.239 [FXGL Background Thread 1 ] DEBUG AssetLoaderService   - Loading from file system: /assets/textures/particles/smoke.png
20:07:02.277 [FXGL Background Thread 1 ] DEBUG WindowService        - Application scenes initialized
20:07:02.286 [FXGL Background Thread 1 ] DEBUG SystemBundleService  - Loading FXGL system data
20:07:02.289 [FXGL Background Thread 1 ] DEBUG FileSystemAccess     - Reading from: E:\secondYear\Java\NewfoundlandRacer\system\fxgl.bundle
20:07:02.293 [FXGL Background Thread 1 ] DEBUG SystemBundleService  - Bundle FXGL: {}
20:07:02.293 [FXGL Background Thread 1 ] INFO  Engine               - FXGL initialization took: 0.254 sec
20:07:02.295 [FXGL Background Thread 1 ] DEBUG GameApplication      - Loading localizations
20:07:02.295 [FXGL Background Thread 1 ] DEBUG AssetLoaderService   - Loading from file system: /assets/languages/english.lang
20:07:02.303 [FXGL Background Thread 1 ] DEBUG AssetLoaderService   - Loading from file system: /assets/languages/french.lang
20:07:02.304 [FXGL Background Thread 1 ] DEBUG AssetLoaderService   - Loading from file system: /assets/languages/german.lang
20:07:02.305 [FXGL Background Thread 1 ] DEBUG AssetLoaderService   - Loading from file system: /assets/languages/hungarian.lang
20:07:02.307 [FXGL Background Thread 1 ] DEBUG AssetLoaderService   - Loading from file system: /assets/languages/russian.lang
20:07:02.308 [FXGL Background Thread 1 ] DEBUG GameApplication      - Registering font factories with UI factory
20:07:02.309 [FXGL Background Thread 1 ] DEBUG AssetLoaderService   - Loading from file system: /assets/ui/fonts/VarelaRound-Regular.ttf
20:07:02.339 [FXGL Background Thread 1 ] DEBUG AssetLoaderService   - Loading from file system: /assets/ui/fonts/Abel-Regular.ttf
20:07:02.341 [FXGL Background Thread 1 ] DEBUG AssetLoaderService   - Loading from file system: /assets/ui/fonts/lucida_console.ttf
20:07:02.345 [FXGL Background Thread 1 ] DEBUG AssetLoaderService   - Loading from file system: /assets/ui/fonts/Courier-Prime.ttf
20:07:02.354 [JavaFX Application Thread] DEBUG Input                - Registered new binding: Move Right - D
20:07:02.354 [JavaFX Application Thread] DEBUG Input                - Registered new binding: Move Left - A
20:07:02.354 [JavaFX Application Thread] DEBUG Input                - Registered new binding: Move Up - W
20:07:02.354 [JavaFX Application Thread] DEBUG Input                - Registered new binding: Move Down - S
20:07:02.354 [JavaFX Application Thread] DEBUG AssetLoaderService   - Loading from file system: /assets/textures/fxgl_icon.png
20:07:02.368 [JavaFX Application Thread] DEBUG AssetLoaderService   - Loading from file system: /assets/ui/cursors/fxgl_default.png
20:07:02.370 [JavaFX Application Thread] DEBUG Input                - Registered new binding: Screenshot - P
20:07:02.371 [JavaFX Application Thread] DEBUG Input                - Registered new binding: System info dump - CTRL+9
20:07:02.371 [JavaFX Application Thread] DEBUG Input                - Registered new binding: Restart - CTRL+R
20:07:02.372 [JavaFX Application Thread] DEBUG LoopRunner           - Starting loop
20:07:02.380 [JavaFX Application Thread] DEBUG FXGLStartupScene     - STARTUP
20:07:02.380 [JavaFX Application Thread] DEBUG WindowService        - Starting new game
20:07:02.380 [JavaFX Application Thread] DEBUG Input                - Clearing active input actions
20:07:02.389 [JavaFX Application Thread] DEBUG WindowService        - Removing overlay from FXGLStartupScene and adding to FXGLLoadingScene
20:07:02.389 [JavaFX Application Thread] DEBUG MainWindow           - FXGLStartupScene -> FXGLLoadingScene
20:07:02.389 [JavaFX Application Thread] DEBUG WindowService        - Clearing previous game
20:07:02.389 [JavaFX Application Thread] DEBUG GameScene            - Clearing game scene
20:07:02.389 [JavaFX Application Thread] DEBUG GameWorld            - Clearing game world
20:07:02.390 [JavaFX Application Thread] DEBUG PhysicsWorld         - Clearing physics world
20:07:02.391 [FXGL Background Thread 1 ] DEBUG GameApplication      - Initializing game
20:07:02.397 [FXGL Background Thread 1 ] DEBUG AssetLoaderService   - Loading from file system: /assets/textures/topdownroad.jpg
20:07:02.406 [FXGL Background Thread 1 ] DEBUG AssetLoaderService   - Loading from file system: /assets/textures/player.png
20:07:02.410 [FXGL Background Thread 1 ] INFO  GameApplication      - Game initialization took: 0.019 sec
20:07:02.417 [JavaFX Application Thread] DEBUG Input                - Clearing active input actions
20:07:02.423 [JavaFX Application Thread] DEBUG WindowService        - Removing overlay from FXGLLoadingScene and adding to GameScene
20:07:02.423 [JavaFX Application Thread] DEBUG MainWindow           - FXGLLoadingScene -> GameScene
20:07:04.021 [JavaFX Application Thread] DEBUG GameApplication      - Exiting FXGL
20:07:04.021 [JavaFX Application Thread] DEBUG LoopRunner           - Stopping loop
20:07:04.021 [JavaFX Application Thread] DEBUG SystemBundleService  - Saving FXGL system data
20:07:04.023 [JavaFX Application Thread] DEBUG FileSystemAccess     - Writing to: E:\secondYear\Java\NewfoundlandRacer\system\fxgl.bundle
20:07:04.024 [JavaFX Application Thread] DEBUG GameApplication      - Shutting down background threads
20:07:04.024 [JavaFX Application Thread] DEBUG GameApplication      - Closing logger and exiting JavaFX
