23:38:25.902 [main                     ] DEBUG GameApplication      - Logger initialized
23:38:25.906 [main                     ] DEBUG GameApplication      - Logging settings
Title: Newfoundland Moose Collision
Version: 0.1
Width: 840
Height: 650
Fullscreen: false
Intro: false
Profiling: false
Single step:false
App Mode: DEVELOPER
Menu Key: ESCAPE
Stage Style: DECORATED
Scene Factory: class com.almasb.fxgl.app.scene.SceneFactory

23:38:26.274 [JavaFX Application Thread] DEBUG GameApplication      - Initializing FXGL
23:38:26.287 [JavaFX Application Thread] INFO  Engine               - FXGL-11.9 (27.05.2020 17.06) on WINDOWS (J:14.0.1 FX:13.0.2)
23:38:26.287 [JavaFX Application Thread] DEBUG Engine               - JRE Vendor Name: Oracle Corporation
23:38:26.287 [JavaFX Application Thread] DEBUG Engine               - Running on OS: Windows 10 version 10.0
23:38:26.288 [JavaFX Application Thread] DEBUG Engine               - Architecture: amd64
23:38:26.288 [JavaFX Application Thread] INFO  Engine               - Source code and latest versions at: https://github.com/AlmasB/FXGL
23:38:26.288 [JavaFX Application Thread] INFO  Engine               -              Join the FXGL chat at: https://gitter.im/AlmasB/FXGL
23:38:26.402 [JavaFX Application Thread] DEBUG MainWindow           - Creating a JavaFX scene
23:38:26.444 [JavaFX Application Thread] DEBUG MainWindow           - Target settings size: 840.0 x 650.0
23:38:26.444 [JavaFX Application Thread] DEBUG MainWindow           - Scaled scene size:    840.0 x 650.0
23:38:26.445 [JavaFX Application Thread] DEBUG MainWindow           - Scaled ratio: (1.0, 1.0)
23:38:26.446 [JavaFX Application Thread] DEBUG MainWindow           - Set initial scene to FXGLStartupScene
23:38:26.452 [JavaFX Application Thread] DEBUG MainWindow           - Opening main window
23:38:26.535 [JavaFX Application Thread] DEBUG MainWindow           - Window border size: (16.0, 39.0)
23:38:26.535 [JavaFX Application Thread] DEBUG MainWindow           - Scaled size: 840.0 x 650.0
23:38:26.535 [JavaFX Application Thread] DEBUG MainWindow           - Scaled ratio: (1.0, 1.0)
23:38:26.535 [JavaFX Application Thread] DEBUG MainWindow           - Scene size: 840.0 x 650.0
23:38:26.535 [JavaFX Application Thread] DEBUG MainWindow           - Stage size: 856.0 x 689.0
23:38:26.542 [FXGL Background Thread 1 ] DEBUG Engine               - Initializing environment variables
23:38:26.564 [FXGL Background Thread 1 ] DEBUG WindowService        - Applying CSS: fxgl_dark.css
23:38:26.564 [FXGL Background Thread 1 ] DEBUG AssetLoaderService   - Loading from file system: /assets/ui/css/fxgl_dark.css
23:38:26.600 [FXGL Background Thread 1 ] DEBUG WindowService        - Initializing application scenes
23:38:26.626 [FXGL Background Thread 1 ] DEBUG GameWorld            - Game world initialized
23:38:26.661 [FXGL Background Thread 1 ] DEBUG PhysicsWorld         - Physics world initialized: appHeight=650, physics.ppm=50.0
23:38:26.662 [FXGL Background Thread 1 ] DEBUG GameScene            - Game scene initialized: 840x650
23:38:26.685 [FXGL Background Thread 1 ] DEBUG AssetLoaderService   - Loading from file system: /assets/textures/particles/trace_horizontal.png
23:38:26.727 [FXGL Background Thread 1 ] DEBUG FXGL.DefaultMenu     - createMenuBodyGameMenu()
23:38:26.741 [FXGL Background Thread 1 ] DEBUG FXGL.DefaultMenu     - createOptionsMenu()
23:38:26.744 [FXGL Background Thread 1 ] DEBUG AssetLoaderService   - Loading from file system: /assets/textures/particles/smoke.png
23:38:26.783 [FXGL Background Thread 1 ] DEBUG WindowService        - Application scenes initialized
23:38:26.791 [FXGL Background Thread 1 ] DEBUG SystemBundleService  - Loading FXGL system data
23:38:26.794 [FXGL Background Thread 1 ] DEBUG FileSystemAccess     - Reading from: E:\secondYear\Java\NewfoundlandRacer\system\fxgl.bundle
23:38:26.798 [FXGL Background Thread 1 ] DEBUG SystemBundleService  - Bundle FXGL: {}
23:38:26.798 [FXGL Background Thread 1 ] INFO  Engine               - FXGL initialization took: 0.254 sec
23:38:26.799 [FXGL Background Thread 1 ] DEBUG GameApplication      - Loading localizations
23:38:26.800 [FXGL Background Thread 1 ] DEBUG AssetLoaderService   - Loading from file system: /assets/languages/english.lang
23:38:26.807 [FXGL Background Thread 1 ] DEBUG AssetLoaderService   - Loading from file system: /assets/languages/french.lang
23:38:26.808 [FXGL Background Thread 1 ] DEBUG AssetLoaderService   - Loading from file system: /assets/languages/german.lang
23:38:26.810 [FXGL Background Thread 1 ] DEBUG AssetLoaderService   - Loading from file system: /assets/languages/hungarian.lang
23:38:26.813 [FXGL Background Thread 1 ] DEBUG AssetLoaderService   - Loading from file system: /assets/languages/russian.lang
23:38:26.815 [FXGL Background Thread 1 ] DEBUG GameApplication      - Registering font factories with UI factory
23:38:26.815 [FXGL Background Thread 1 ] DEBUG AssetLoaderService   - Loading from file system: /assets/ui/fonts/VarelaRound-Regular.ttf
23:38:26.847 [FXGL Background Thread 1 ] DEBUG AssetLoaderService   - Loading from file system: /assets/ui/fonts/Abel-Regular.ttf
23:38:26.850 [FXGL Background Thread 1 ] DEBUG AssetLoaderService   - Loading from file system: /assets/ui/fonts/lucida_console.ttf
23:38:26.854 [FXGL Background Thread 1 ] DEBUG AssetLoaderService   - Loading from file system: /assets/ui/fonts/Courier-Prime.ttf
23:38:26.864 [JavaFX Application Thread] DEBUG Input                - Registered new binding: Move Right - D
23:38:26.865 [JavaFX Application Thread] DEBUG Input                - Registered new binding: Move Left - A
23:38:26.865 [JavaFX Application Thread] DEBUG Input                - Registered new binding: Move Up - W
23:38:26.865 [JavaFX Application Thread] DEBUG Input                - Registered new binding: Move Down - S
23:38:26.865 [JavaFX Application Thread] DEBUG AssetLoaderService   - Loading from file system: /assets/textures/fxgl_icon.png
23:38:26.878 [JavaFX Application Thread] DEBUG AssetLoaderService   - Loading from file system: /assets/ui/cursors/fxgl_default.png
23:38:26.880 [JavaFX Application Thread] DEBUG Input                - Registered new binding: Screenshot - P
23:38:26.880 [JavaFX Application Thread] DEBUG Input                - Registered new binding: System info dump - CTRL+9
23:38:26.881 [JavaFX Application Thread] DEBUG Input                - Registered new binding: Restart - CTRL+R
23:38:26.881 [JavaFX Application Thread] DEBUG LoopRunner           - Starting loop
23:38:26.888 [JavaFX Application Thread] DEBUG FXGLStartupScene     - STARTUP
23:38:26.888 [JavaFX Application Thread] DEBUG WindowService        - Starting new game
23:38:26.889 [JavaFX Application Thread] DEBUG Input                - Clearing active input actions
23:38:26.898 [JavaFX Application Thread] DEBUG WindowService        - Removing overlay from FXGLStartupScene and adding to FXGLLoadingScene
23:38:26.898 [JavaFX Application Thread] DEBUG MainWindow           - FXGLStartupScene -> FXGLLoadingScene
23:38:26.898 [JavaFX Application Thread] DEBUG WindowService        - Clearing previous game
23:38:26.898 [JavaFX Application Thread] DEBUG GameScene            - Clearing game scene
23:38:26.898 [JavaFX Application Thread] DEBUG GameWorld            - Clearing game world
23:38:26.898 [JavaFX Application Thread] DEBUG PhysicsWorld         - Clearing physics world
23:38:26.899 [FXGL Background Thread 1 ] DEBUG GameApplication      - Initializing game
23:38:26.906 [FXGL Background Thread 1 ] DEBUG AssetLoaderService   - Loading from file system: /assets/textures/4lanehighway.png
23:38:26.982 [FXGL Background Thread 1 ] DEBUG AssetLoaderService   - Loading from file system: /assets/textures/player.png
23:38:26.993 [FXGL Background Thread 1 ] INFO  GameApplication      - Game initialization took: 0.094 sec
23:38:26.994 [JavaFX Application Thread] DEBUG Input                - Clearing active input actions
23:38:27.002 [JavaFX Application Thread] DEBUG WindowService        - Removing overlay from FXGLLoadingScene and adding to GameScene
23:38:27.003 [JavaFX Application Thread] DEBUG MainWindow           - FXGLLoadingScene -> GameScene
23:38:27.463 [JavaFX Application Thread] DEBUG AssetLoaderService   - Loading from file system: /assets/textures/driver0.png
23:38:27.974 [JavaFX Application Thread] DEBUG AssetLoaderService   - Loading from cache: /assets/textures/driver0.png
23:38:28.486 [JavaFX Application Thread] DEBUG AssetLoaderService   - Loading from file system: /assets/textures/driver1.png
23:38:28.999 [JavaFX Application Thread] DEBUG AssetLoaderService   - Loading from file system: /assets/textures/driver4.png
23:38:29.528 [JavaFX Application Thread] DEBUG AssetLoaderService   - Loading from cache: /assets/textures/driver0.png
23:38:29.800 [FXGL Background Thread 2 ] DEBUG Engine               - Logging environment variables
23:38:29.800 [FXGL Background Thread 2 ] DEBUG Engine               - achievements: []
23:38:29.800 [FXGL Background Thread 2 ] DEBUG Engine               - appIcon: fxgl_icon.png
23:38:29.800 [FXGL Background Thread 2 ] DEBUG Engine               - applicationMode: DEVELOPER
23:38:29.800 [FXGL Background Thread 2 ] DEBUG Engine               - cSSList: [fxgl_dark.css]
23:38:29.800 [FXGL Background Thread 2 ] DEBUG Engine               - configClass: Optional.empty
23:38:29.800 [FXGL Background Thread 2 ] DEBUG Engine               - credits: []
23:38:29.800 [FXGL Background Thread 2 ] DEBUG Engine               - devBBoxColorProperty: ObjectProperty [value: 0xff0000ff]
23:38:29.800 [FXGL Background Thread 2 ] DEBUG Engine               - devSensorColorProperty: ObjectProperty [value: 0xffff00ff]
23:38:29.800 [FXGL Background Thread 2 ] DEBUG Engine               - devShowBBoxProperty: BooleanProperty [value: false]
23:38:29.800 [FXGL Background Thread 2 ] DEBUG Engine               - devShowPositionProperty: BooleanProperty [value: false]
23:38:29.800 [FXGL Background Thread 2 ] DEBUG Engine               - enabledMenuItems: []
23:38:29.801 [FXGL Background Thread 2 ] DEBUG Engine               - engineServices: [class com.almasb.fxgl.app.GameApplication$GameApplicationService, class com.almasb.fxgl.app.services.WindowService, class com.almasb.fxgl.app.services.FXGLDialogService, class com.almasb.fxgl.app.services.IOTaskExecutorService, class com.almasb.fxgl.event.EventBusService, class com.almasb.fxgl.io.FileSystemService, class com.almasb.fxgl.localization.LocalizationService, class com.almasb.fxgl.app.services.AssetLoaderService, class com.almasb.fxgl.app.services.SystemBundleService, class com.almasb.fxgl.profile.SaveLoadService, class com.almasb.fxgl.ui.FXGLUIFactoryServiceProvider, class com.almasb.fxgl.ui.FXGLDialogFactoryServiceProvider, class com.almasb.fxgl.audio.AudioPlayer, class com.almasb.fxgl.notification.impl.NotificationServiceProvider, class com.almasb.fxgl.achievement.AchievementService, class com.almasb.fxgl.cutscene.CutsceneService, class com.almasb.fxgl.minigames.MiniGameService, class com.almasb.fxgl.net.NetService, class com.almasb.fxgl.app.services.UpdaterService, class com.almasb.fxgl.dev.DevService]
23:38:29.801 [FXGL Background Thread 2 ] DEBUG Engine               - fontGame: Abel-Regular.ttf
23:38:29.801 [FXGL Background Thread 2 ] DEBUG Engine               - fontMono: lucida_console.ttf
23:38:29.801 [FXGL Background Thread 2 ] DEBUG Engine               - fontText: Courier-Prime.ttf
23:38:29.801 [FXGL Background Thread 2 ] DEBUG Engine               - fontUI: VarelaRound-Regular.ttf
23:38:29.801 [FXGL Background Thread 2 ] DEBUG Engine               - fullScreen: BooleanProperty [value: false]
23:38:29.801 [FXGL Background Thread 2 ] DEBUG Engine               - gameDifficulty: MEDIUM
23:38:29.801 [FXGL Background Thread 2 ] DEBUG Engine               - gameDifficultyProperty: ObjectProperty [value: MEDIUM]
23:38:29.801 [FXGL Background Thread 2 ] DEBUG Engine               - globalMusicVolume: 0.5
23:38:29.801 [FXGL Background Thread 2 ] DEBUG Engine               - globalMusicVolumeProperty: DoubleProperty [value: 0.5]
23:38:29.801 [FXGL Background Thread 2 ] DEBUG Engine               - globalSoundVolume: 0.5
23:38:29.801 [FXGL Background Thread 2 ] DEBUG Engine               - globalSoundVolumeProperty: DoubleProperty [value: 0.5]
23:38:29.801 [FXGL Background Thread 2 ] DEBUG Engine               - height: 650
23:38:29.801 [FXGL Background Thread 2 ] DEBUG Engine               - isAndroid: false
23:38:29.801 [FXGL Background Thread 2 ] DEBUG Engine               - isBrowser: false
23:38:29.801 [FXGL Background Thread 2 ] DEBUG Engine               - isClickFeedbackEnabled: false
23:38:29.801 [FXGL Background Thread 2 ] DEBUG Engine               - isCloseConfirmation: false
23:38:29.801 [FXGL Background Thread 2 ] DEBUG Engine               - isDesktop: true
23:38:29.801 [FXGL Background Thread 2 ] DEBUG Engine               - isDeveloperMenuEnabled: false
23:38:29.801 [FXGL Background Thread 2 ] DEBUG Engine               - isExperimentalNative: false
23:38:29.801 [FXGL Background Thread 2 ] DEBUG Engine               - isExperimentalTiledLargeMap: false
23:38:29.801 [FXGL Background Thread 2 ] DEBUG Engine               - isFullScreenAllowed: false
23:38:29.801 [FXGL Background Thread 2 ] DEBUG Engine               - isFullScreenFromStart: false
23:38:29.802 [FXGL Background Thread 2 ] DEBUG Engine               - isGameMenuEnabled: true
23:38:29.802 [FXGL Background Thread 2 ] DEBUG Engine               - isIOS: false
23:38:29.802 [FXGL Background Thread 2 ] DEBUG Engine               - isIntroEnabled: false
23:38:29.802 [FXGL Background Thread 2 ] DEBUG Engine               - isLinux: false
23:38:29.802 [FXGL Background Thread 2 ] DEBUG Engine               - isMac: false
23:38:29.802 [FXGL Background Thread 2 ] DEBUG Engine               - isMainMenuEnabled: false
23:38:29.802 [FXGL Background Thread 2 ] DEBUG Engine               - isManualResizeEnabled: false
23:38:29.802 [FXGL Background Thread 2 ] DEBUG Engine               - isMobile: false
23:38:29.802 [FXGL Background Thread 2 ] DEBUG Engine               - isPreserveResizeRatio: false
23:38:29.802 [FXGL Background Thread 2 ] DEBUG Engine               - isProfilingEnabled: false
23:38:29.802 [FXGL Background Thread 2 ] DEBUG Engine               - isSingleStep: false
23:38:29.802 [FXGL Background Thread 2 ] DEBUG Engine               - isUserProfileEnabled: false
23:38:29.802 [FXGL Background Thread 2 ] DEBUG Engine               - isWindows: true
23:38:29.802 [FXGL Background Thread 2 ] DEBUG Engine               - language: ObjectProperty [value: ENGLISH]
23:38:29.802 [FXGL Background Thread 2 ] DEBUG Engine               - mainWindow: com.almasb.fxgl.app.MainWindow@46d26ec7
23:38:29.802 [FXGL Background Thread 2 ] DEBUG Engine               - menuKey: ESCAPE
23:38:29.802 [FXGL Background Thread 2 ] DEBUG Engine               - notificationViewClass: class com.almasb.fxgl.notification.view.XboxNotificationView
23:38:29.802 [FXGL Background Thread 2 ] DEBUG Engine               - pixelsPerMeter: 50.0
23:38:29.802 [FXGL Background Thread 2 ] DEBUG Engine               - platform: WINDOWS
23:38:29.802 [FXGL Background Thread 2 ] DEBUG Engine               - profileDir: profiles/
23:38:29.802 [FXGL Background Thread 2 ] DEBUG Engine               - profileName: StringProperty [value: DEFAULT]
23:38:29.802 [FXGL Background Thread 2 ] DEBUG Engine               - randomSeed: -1
23:38:29.803 [FXGL Background Thread 2 ] DEBUG Engine               - runtimeInfo: RuntimeInfo(platform=WINDOWS, version=11.9, build=27.05.2020 17.06)
23:38:29.803 [FXGL Background Thread 2 ] DEBUG Engine               - saveFileExt: sav
23:38:29.803 [FXGL Background Thread 2 ] DEBUG Engine               - sceneFactory: com.almasb.fxgl.app.scene.SceneFactory@3d0f879
23:38:29.803 [FXGL Background Thread 2 ] DEBUG Engine               - secondsIn24h: 60
23:38:29.803 [FXGL Background Thread 2 ] DEBUG Engine               - settings: Title: Newfoundland Moose Collision
Version: 0.1
Width: 840
Height: 650
Fullscreen: false
Intro: false
Profiling: false
Single step:false
App Mode: DEVELOPER
Menu Key: ESCAPE
Stage Style: DECORATED
Scene Factory: class com.almasb.fxgl.app.scene.SceneFactory

23:38:29.803 [FXGL Background Thread 2 ] DEBUG Engine               - soundMenuBack: menu/back.wav
23:38:29.803 [FXGL Background Thread 2 ] DEBUG Engine               - soundMenuPress: menu/press.wav
23:38:29.803 [FXGL Background Thread 2 ] DEBUG Engine               - soundMenuSelect: menu/select.wav
23:38:29.803 [FXGL Background Thread 2 ] DEBUG Engine               - soundNotification: core/notification.wav
23:38:29.803 [FXGL Background Thread 2 ] DEBUG Engine               - stageStyle: DECORATED
23:38:29.803 [FXGL Background Thread 2 ] DEBUG Engine               - supportedLanguages: [ENGLISH, FRENCH, GERMAN, HUNGARIAN, RUSSIAN]
23:38:29.803 [FXGL Background Thread 2 ] DEBUG Engine               - title: Newfoundland Moose Collision
23:38:29.803 [FXGL Background Thread 2 ] DEBUG Engine               - urlGithub: https://github.com/AlmasB/FXGL
23:38:29.803 [FXGL Background Thread 2 ] DEBUG Engine               - urlLeaderboard: http://fxgl-top.herokuapp.com/
23:38:29.803 [FXGL Background Thread 2 ] DEBUG Engine               - urlPOM: https://raw.githubusercontent.com/AlmasB/FXGL/master/pom.xml
23:38:29.803 [FXGL Background Thread 2 ] DEBUG Engine               - version: 0.1
23:38:29.803 [FXGL Background Thread 2 ] DEBUG Engine               - versionCheckDays: 7
23:38:29.803 [FXGL Background Thread 2 ] DEBUG Engine               - width: 840
23:38:29.803 [FXGL Background Thread 2 ] DEBUG Engine               - Logging services
23:38:29.803 [FXGL Background Thread 2 ] DEBUG Engine               - class com.almasb.fxgl.app.GameApplication$GameApplicationService
23:38:29.803 [FXGL Background Thread 2 ] DEBUG Engine               - class com.almasb.fxgl.app.services.WindowService
23:38:29.803 [FXGL Background Thread 2 ] DEBUG Engine               - class com.almasb.fxgl.app.services.FXGLDialogService
23:38:29.803 [FXGL Background Thread 2 ] DEBUG Engine               - class com.almasb.fxgl.app.services.IOTaskExecutorService
23:38:29.803 [FXGL Background Thread 2 ] DEBUG Engine               - class com.almasb.fxgl.event.EventBusService
23:38:29.804 [FXGL Background Thread 2 ] DEBUG Engine               - class com.almasb.fxgl.io.FileSystemService
23:38:29.804 [FXGL Background Thread 2 ] DEBUG Engine               - class com.almasb.fxgl.localization.LocalizationService
23:38:29.804 [FXGL Background Thread 2 ] DEBUG Engine               - class com.almasb.fxgl.app.services.AssetLoaderService
23:38:29.804 [FXGL Background Thread 2 ] DEBUG Engine               - class com.almasb.fxgl.app.services.SystemBundleService
23:38:29.804 [FXGL Background Thread 2 ] DEBUG Engine               - class com.almasb.fxgl.profile.SaveLoadService
23:38:29.804 [FXGL Background Thread 2 ] DEBUG Engine               - class com.almasb.fxgl.ui.FXGLUIFactoryServiceProvider
23:38:29.804 [FXGL Background Thread 2 ] DEBUG Engine               - class com.almasb.fxgl.ui.FXGLDialogFactoryServiceProvider
23:38:29.804 [FXGL Background Thread 2 ] DEBUG Engine               - class com.almasb.fxgl.audio.AudioPlayer
23:38:29.804 [FXGL Background Thread 2 ] DEBUG Engine               - class com.almasb.fxgl.notification.impl.NotificationServiceProvider
23:38:29.804 [FXGL Background Thread 2 ] DEBUG Engine               - class com.almasb.fxgl.achievement.AchievementService
23:38:29.804 [FXGL Background Thread 2 ] DEBUG Engine               - class com.almasb.fxgl.cutscene.CutsceneService
23:38:29.804 [FXGL Background Thread 2 ] DEBUG Engine               - class com.almasb.fxgl.minigames.MiniGameService
23:38:29.804 [FXGL Background Thread 2 ] DEBUG Engine               - class com.almasb.fxgl.net.NetService
23:38:29.804 [FXGL Background Thread 2 ] DEBUG Engine               - class com.almasb.fxgl.app.services.UpdaterService
23:38:29.804 [FXGL Background Thread 2 ] DEBUG Engine               - class com.almasb.fxgl.dev.DevService
23:38:30.037 [JavaFX Application Thread] DEBUG AssetLoaderService   - Loading from cache: /assets/textures/driver4.png
23:38:30.549 [JavaFX Application Thread] DEBUG AssetLoaderService   - Loading from cache: /assets/textures/driver0.png
23:38:31.062 [JavaFX Application Thread] DEBUG AssetLoaderService   - Loading from cache: /assets/textures/driver4.png
23:38:31.590 [JavaFX Application Thread] DEBUG AssetLoaderService   - Loading from cache: /assets/textures/driver4.png
23:38:32.101 [JavaFX Application Thread] DEBUG AssetLoaderService   - Loading from file system: /assets/textures/driver2.png
23:38:32.613 [JavaFX Application Thread] DEBUG AssetLoaderService   - Loading from file system: /assets/textures/driver3.png
23:38:33.143 [JavaFX Application Thread] DEBUG AssetLoaderService   - Loading from cache: /assets/textures/driver1.png
23:38:33.654 [JavaFX Application Thread] DEBUG AssetLoaderService   - Loading from cache: /assets/textures/driver3.png
23:38:34.167 [JavaFX Application Thread] DEBUG AssetLoaderService   - Loading from cache: /assets/textures/driver2.png
23:38:34.679 [JavaFX Application Thread] DEBUG AssetLoaderService   - Loading from cache: /assets/textures/driver2.png
23:38:35.192 [JavaFX Application Thread] DEBUG AssetLoaderService   - Loading from cache: /assets/textures/driver3.png
23:38:35.685 [JavaFX Application Thread] DEBUG AssetLoaderService   - Loading from cache: /assets/textures/driver3.png
23:38:36.185 [JavaFX Application Thread] DEBUG AssetLoaderService   - Loading from cache: /assets/textures/driver4.png
23:38:36.378 [JavaFX Application Thread] DEBUG GameApplication      - Exiting FXGL
23:38:36.378 [JavaFX Application Thread] DEBUG LoopRunner           - Stopping loop
23:38:36.378 [JavaFX Application Thread] DEBUG SystemBundleService  - Saving FXGL system data
23:38:36.380 [JavaFX Application Thread] DEBUG FileSystemAccess     - Writing to: E:\secondYear\Java\NewfoundlandRacer\system\fxgl.bundle
23:38:36.381 [JavaFX Application Thread] DEBUG GameApplication      - Shutting down background threads
23:38:36.381 [JavaFX Application Thread] DEBUG GameApplication      - Closing logger and exiting JavaFX
