18:46:59.012 [main                     ] DEBUG GameApplication      - Logger initialized
18:46:59.018 [main                     ] DEBUG GameApplication      - Logging settings
Title: Newfoundland Moose Collision
Version: 0.1
Width: 840
Height: 650
Fullscreen: false
Intro: false
Profiling: false
Single step:false
App Mode: DEVELOPER
Menu Key: ESCAPE
Stage Style: DECORATED
Scene Factory: class MooseGame.NewfoundRacerApp$1

18:46:59.356 [JavaFX Application Thread] DEBUG GameApplication      - Initializing FXGL
18:46:59.367 [JavaFX Application Thread] INFO  Engine               - FXGL-11.9 (27.05.2020 17.06) on WINDOWS (J:14.0.1 FX:13.0.2)
18:46:59.368 [JavaFX Application Thread] DEBUG Engine               - JRE Vendor Name: Oracle Corporation
18:46:59.368 [JavaFX Application Thread] DEBUG Engine               - Running on OS: Windows 10 version 10.0
18:46:59.368 [JavaFX Application Thread] DEBUG Engine               - Architecture: amd64
18:46:59.368 [JavaFX Application Thread] INFO  Engine               - Source code and latest versions at: https://github.com/AlmasB/FXGL
18:46:59.368 [JavaFX Application Thread] INFO  Engine               -              Join the FXGL chat at: https://gitter.im/AlmasB/FXGL
18:46:59.452 [JavaFX Application Thread] DEBUG MainWindow           - Creating a JavaFX scene
18:46:59.489 [JavaFX Application Thread] DEBUG MainWindow           - Target settings size: 840.0 x 650.0
18:46:59.489 [JavaFX Application Thread] DEBUG MainWindow           - Scaled scene size:    840.0 x 650.0
18:46:59.489 [JavaFX Application Thread] DEBUG MainWindow           - Scaled ratio: (1.0, 1.0)
18:46:59.490 [JavaFX Application Thread] DEBUG MainWindow           - Set initial scene to FXGLStartupScene
18:46:59.495 [JavaFX Application Thread] DEBUG MainWindow           - Opening main window
18:46:59.568 [JavaFX Application Thread] DEBUG MainWindow           - Window border size: (16.0, 39.0)
18:46:59.568 [JavaFX Application Thread] DEBUG MainWindow           - Scaled size: 840.0 x 650.0
18:46:59.568 [JavaFX Application Thread] DEBUG MainWindow           - Scaled ratio: (1.0, 1.0)
18:46:59.568 [JavaFX Application Thread] DEBUG MainWindow           - Scene size: 840.0 x 650.0
18:46:59.569 [JavaFX Application Thread] DEBUG MainWindow           - Stage size: 856.0 x 689.0
18:46:59.575 [FXGL Background Thread 1 ] DEBUG Engine               - Initializing environment variables
18:46:59.595 [FXGL Background Thread 1 ] DEBUG WindowService        - Applying CSS: fxgl_dark.css
18:46:59.595 [FXGL Background Thread 1 ] DEBUG AssetLoaderService   - Loading from file system: /assets/ui/css/fxgl_dark.css
18:46:59.628 [FXGL Background Thread 1 ] DEBUG WindowService        - Initializing application scenes
18:46:59.650 [FXGL Background Thread 1 ] DEBUG GameWorld            - Game world initialized
18:46:59.678 [FXGL Background Thread 1 ] DEBUG PhysicsWorld         - Physics world initialized: appHeight=650, physics.ppm=50.0
18:46:59.680 [FXGL Background Thread 1 ] DEBUG GameScene            - Game scene initialized: 840x650
18:46:59.703 [FXGL Background Thread 1 ] DEBUG AssetLoaderService   - Loading from file system: /assets/textures/particles/trace_horizontal.png
18:46:59.740 [FXGL Background Thread 1 ] DEBUG FXGL.DefaultMenu     - createMenuBodyGameMenu()
18:46:59.750 [FXGL Background Thread 1 ] DEBUG FXGL.DefaultMenu     - createOptionsMenu()
18:46:59.753 [FXGL Background Thread 1 ] DEBUG AssetLoaderService   - Loading from file system: /assets/textures/particles/smoke.png
18:46:59.800 [FXGL Background Thread 1 ] DEBUG WindowService        - Application scenes initialized
18:46:59.809 [FXGL Background Thread 1 ] DEBUG SystemBundleService  - Loading FXGL system data
18:46:59.812 [FXGL Background Thread 1 ] DEBUG FileSystemAccess     - Reading from: E:\secondYear\Java\NewfoundlandRacer\system\fxgl.bundle
18:46:59.817 [FXGL Background Thread 1 ] DEBUG SystemBundleService  - Bundle FXGL: {}
18:46:59.817 [FXGL Background Thread 1 ] INFO  Engine               - FXGL initialization took: 0.240 sec
18:46:59.818 [FXGL Background Thread 1 ] DEBUG GameApplication      - Loading localizations
18:46:59.819 [FXGL Background Thread 1 ] DEBUG AssetLoaderService   - Loading from file system: /assets/languages/english.lang
18:46:59.829 [FXGL Background Thread 1 ] DEBUG AssetLoaderService   - Loading from file system: /assets/languages/french.lang
18:46:59.830 [FXGL Background Thread 1 ] DEBUG AssetLoaderService   - Loading from file system: /assets/languages/german.lang
18:46:59.832 [FXGL Background Thread 1 ] DEBUG AssetLoaderService   - Loading from file system: /assets/languages/hungarian.lang
18:46:59.834 [FXGL Background Thread 1 ] DEBUG AssetLoaderService   - Loading from file system: /assets/languages/russian.lang
18:46:59.836 [FXGL Background Thread 1 ] DEBUG GameApplication      - Registering font factories with UI factory
18:46:59.836 [FXGL Background Thread 1 ] DEBUG AssetLoaderService   - Loading from file system: /assets/ui/fonts/VarelaRound-Regular.ttf
18:46:59.869 [FXGL Background Thread 1 ] DEBUG AssetLoaderService   - Loading from file system: /assets/ui/fonts/Abel-Regular.ttf
18:46:59.872 [FXGL Background Thread 1 ] DEBUG AssetLoaderService   - Loading from file system: /assets/ui/fonts/lucida_console.ttf
18:46:59.876 [FXGL Background Thread 1 ] DEBUG AssetLoaderService   - Loading from file system: /assets/ui/fonts/Courier-Prime.ttf
18:46:59.886 [JavaFX Application Thread] DEBUG Input                - Registered new binding: Move Right - D
18:46:59.886 [JavaFX Application Thread] DEBUG Input                - Registered new binding: Move Left - A
18:46:59.887 [JavaFX Application Thread] DEBUG Input                - Registered new binding: Move Up - W
18:46:59.887 [JavaFX Application Thread] DEBUG Input                - Registered new binding: Move Down - S
18:46:59.887 [JavaFX Application Thread] DEBUG AssetLoaderService   - Loading from file system: /assets/textures/fxgl_icon.png
18:46:59.906 [JavaFX Application Thread] DEBUG AssetLoaderService   - Loading from file system: /assets/ui/cursors/fxgl_default.png
18:46:59.908 [JavaFX Application Thread] DEBUG Input                - Registered new binding: Screenshot - P
18:46:59.909 [JavaFX Application Thread] DEBUG Input                - Registered new binding: System info dump - CTRL+9
18:46:59.909 [JavaFX Application Thread] DEBUG Input                - Registered new binding: Restart - CTRL+R
18:46:59.909 [JavaFX Application Thread] DEBUG LoopRunner           - Starting loop
18:46:59.922 [JavaFX Application Thread] DEBUG FXGLStartupScene     - STARTUP
18:46:59.923 [JavaFX Application Thread] DEBUG Input                - Clearing active input actions
18:46:59.929 [JavaFX Application Thread] DEBUG WindowService        - Removing overlay from FXGLStartupScene and adding to 
18:46:59.929 [JavaFX Application Thread] DEBUG MainWindow           - FXGLStartupScene -> 
18:46:59.929 [JavaFX Application Thread] DEBUG MainWindow           - Push state: NewfoundlandRacerMainMenu
18:46:59.929 [JavaFX Application Thread] DEBUG Input                - Clearing active input actions
18:46:59.932 [JavaFX Application Thread] DEBUG WindowService        - Removing overlay from  and adding to NewfoundlandRacerMainMenu
18:46:59.932 [JavaFX Application Thread] DEBUG MainWindow           -  -> NewfoundlandRacerMainMenu
18:47:00.428 [JavaFX Application Thread] DEBUG Menu                 - fireNewGame()
18:47:00.429 [JavaFX Application Thread] DEBUG WindowService        - Starting new game
18:47:00.429 [JavaFX Application Thread] DEBUG MainWindow           - Pop state: NewfoundlandRacerMainMenu
18:47:00.429 [JavaFX Application Thread] DEBUG Input                - Clearing active input actions
18:47:00.429 [JavaFX Application Thread] DEBUG WindowService        - Removing overlay from NewfoundlandRacerMainMenu and adding to 
18:47:00.429 [JavaFX Application Thread] DEBUG MainWindow           -  <- NewfoundlandRacerMainMenu
18:47:00.429 [JavaFX Application Thread] DEBUG Input                - Clearing active input actions
18:47:00.436 [JavaFX Application Thread] DEBUG WindowService        - Removing overlay from  and adding to FXGLLoadingScene
18:47:00.436 [JavaFX Application Thread] DEBUG MainWindow           -  -> FXGLLoadingScene
18:47:00.436 [JavaFX Application Thread] DEBUG WindowService        - Clearing previous game
18:47:00.436 [JavaFX Application Thread] DEBUG GameScene            - Clearing game scene
18:47:00.436 [JavaFX Application Thread] DEBUG GameWorld            - Clearing game world
18:47:00.436 [JavaFX Application Thread] DEBUG PhysicsWorld         - Clearing physics world
18:47:00.437 [FXGL Background Thread 1 ] DEBUG GameApplication      - Initializing game
18:47:00.444 [FXGL Background Thread 1 ] DEBUG AssetLoaderService   - Loading from file system: /assets/textures/4lanehighway.png
18:47:00.531 [FXGL Background Thread 1 ] DEBUG AssetLoaderService   - Loading from file system: /assets/textures/player.png
18:47:00.542 [FXGL Background Thread 1 ] INFO  GameApplication      - Game initialization took: 0.104 sec
18:47:00.555 [JavaFX Application Thread] DEBUG Input                - Clearing active input actions
18:47:00.559 [JavaFX Application Thread] DEBUG WindowService        - Removing overlay from FXGLLoadingScene and adding to GameScene
18:47:00.559 [JavaFX Application Thread] DEBUG MainWindow           - FXGLLoadingScene -> GameScene
18:47:01.917 [JavaFX Application Thread] DEBUG AssetLoaderService   - Loading from file system: /assets/textures/cowmoosespriterunning.png
18:47:02.470 [JavaFX Application Thread] DEBUG AssetLoaderService   - Loading from file system: /assets/textures/driver1.png
18:47:02.818 [FXGL Background Thread 2 ] DEBUG Engine               - Logging environment variables
18:47:02.818 [FXGL Background Thread 2 ] DEBUG Engine               - achievements: []
18:47:02.818 [FXGL Background Thread 2 ] DEBUG Engine               - appIcon: fxgl_icon.png
18:47:02.818 [FXGL Background Thread 2 ] DEBUG Engine               - applicationMode: DEVELOPER
18:47:02.818 [FXGL Background Thread 2 ] DEBUG Engine               - cSSList: [fxgl_dark.css]
18:47:02.818 [FXGL Background Thread 2 ] DEBUG Engine               - configClass: Optional.empty
18:47:02.819 [FXGL Background Thread 2 ] DEBUG Engine               - credits: []
18:47:02.819 [FXGL Background Thread 2 ] DEBUG Engine               - devBBoxColorProperty: ObjectProperty [value: 0xff0000ff]
18:47:02.819 [FXGL Background Thread 2 ] DEBUG Engine               - devSensorColorProperty: ObjectProperty [value: 0xffff00ff]
18:47:02.819 [FXGL Background Thread 2 ] DEBUG Engine               - devShowBBoxProperty: BooleanProperty [value: false]
18:47:02.819 [FXGL Background Thread 2 ] DEBUG Engine               - devShowPositionProperty: BooleanProperty [value: false]
18:47:02.819 [FXGL Background Thread 2 ] DEBUG Engine               - enabledMenuItems: []
18:47:02.819 [FXGL Background Thread 2 ] DEBUG Engine               - engineServices: [class com.almasb.fxgl.app.GameApplication$GameApplicationService, class com.almasb.fxgl.app.services.WindowService, class com.almasb.fxgl.app.services.FXGLDialogService, class com.almasb.fxgl.app.services.IOTaskExecutorService, class com.almasb.fxgl.event.EventBusService, class com.almasb.fxgl.io.FileSystemService, class com.almasb.fxgl.localization.LocalizationService, class com.almasb.fxgl.app.services.AssetLoaderService, class com.almasb.fxgl.app.services.SystemBundleService, class com.almasb.fxgl.profile.SaveLoadService, class com.almasb.fxgl.ui.FXGLUIFactoryServiceProvider, class com.almasb.fxgl.ui.FXGLDialogFactoryServiceProvider, class com.almasb.fxgl.audio.AudioPlayer, class com.almasb.fxgl.notification.impl.NotificationServiceProvider, class com.almasb.fxgl.achievement.AchievementService, class com.almasb.fxgl.cutscene.CutsceneService, class com.almasb.fxgl.minigames.MiniGameService, class com.almasb.fxgl.net.NetService, class com.almasb.fxgl.app.services.UpdaterService, class com.almasb.fxgl.dev.DevService]
18:47:02.820 [FXGL Background Thread 2 ] DEBUG Engine               - fontGame: Abel-Regular.ttf
18:47:02.820 [FXGL Background Thread 2 ] DEBUG Engine               - fontMono: lucida_console.ttf
18:47:02.820 [FXGL Background Thread 2 ] DEBUG Engine               - fontText: Courier-Prime.ttf
18:47:02.820 [FXGL Background Thread 2 ] DEBUG Engine               - fontUI: VarelaRound-Regular.ttf
18:47:02.820 [FXGL Background Thread 2 ] DEBUG Engine               - fullScreen: BooleanProperty [value: false]
18:47:02.820 [FXGL Background Thread 2 ] DEBUG Engine               - gameDifficulty: MEDIUM
18:47:02.820 [FXGL Background Thread 2 ] DEBUG Engine               - gameDifficultyProperty: ObjectProperty [value: MEDIUM]
18:47:02.820 [FXGL Background Thread 2 ] DEBUG Engine               - globalMusicVolume: 0.5
18:47:02.820 [FXGL Background Thread 2 ] DEBUG Engine               - globalMusicVolumeProperty: DoubleProperty [value: 0.5]
18:47:02.820 [FXGL Background Thread 2 ] DEBUG Engine               - globalSoundVolume: 0.5
18:47:02.821 [FXGL Background Thread 2 ] DEBUG Engine               - globalSoundVolumeProperty: DoubleProperty [value: 0.5]
18:47:02.821 [FXGL Background Thread 2 ] DEBUG Engine               - height: 650
18:47:02.821 [FXGL Background Thread 2 ] DEBUG Engine               - isAndroid: false
18:47:02.821 [FXGL Background Thread 2 ] DEBUG Engine               - isBrowser: false
18:47:02.821 [FXGL Background Thread 2 ] DEBUG Engine               - isClickFeedbackEnabled: false
18:47:02.821 [FXGL Background Thread 2 ] DEBUG Engine               - isCloseConfirmation: false
18:47:02.821 [FXGL Background Thread 2 ] DEBUG Engine               - isDesktop: true
18:47:02.821 [FXGL Background Thread 2 ] DEBUG Engine               - isDeveloperMenuEnabled: false
18:47:02.821 [FXGL Background Thread 2 ] DEBUG Engine               - isExperimentalNative: false
18:47:02.822 [FXGL Background Thread 2 ] DEBUG Engine               - isExperimentalTiledLargeMap: false
18:47:02.822 [FXGL Background Thread 2 ] DEBUG Engine               - isFullScreenAllowed: false
18:47:02.822 [FXGL Background Thread 2 ] DEBUG Engine               - isFullScreenFromStart: false
18:47:02.822 [FXGL Background Thread 2 ] DEBUG Engine               - isGameMenuEnabled: true
18:47:02.822 [FXGL Background Thread 2 ] DEBUG Engine               - isIOS: false
18:47:02.822 [FXGL Background Thread 2 ] DEBUG Engine               - isIntroEnabled: false
18:47:02.822 [FXGL Background Thread 2 ] DEBUG Engine               - isLinux: false
18:47:02.822 [FXGL Background Thread 2 ] DEBUG Engine               - isMac: false
18:47:02.822 [FXGL Background Thread 2 ] DEBUG Engine               - isMainMenuEnabled: true
18:47:02.823 [FXGL Background Thread 2 ] DEBUG Engine               - isManualResizeEnabled: false
18:47:02.823 [FXGL Background Thread 2 ] DEBUG Engine               - isMobile: false
18:47:02.823 [FXGL Background Thread 2 ] DEBUG Engine               - isPreserveResizeRatio: false
18:47:02.823 [FXGL Background Thread 2 ] DEBUG Engine               - isProfilingEnabled: false
18:47:02.823 [FXGL Background Thread 2 ] DEBUG Engine               - isSingleStep: false
18:47:02.823 [FXGL Background Thread 2 ] DEBUG Engine               - isUserProfileEnabled: false
18:47:02.823 [FXGL Background Thread 2 ] DEBUG Engine               - isWindows: true
18:47:02.823 [FXGL Background Thread 2 ] DEBUG Engine               - language: ObjectProperty [value: ENGLISH]
18:47:02.823 [FXGL Background Thread 2 ] DEBUG Engine               - mainWindow: com.almasb.fxgl.app.MainWindow@5132570d
18:47:02.824 [FXGL Background Thread 2 ] DEBUG Engine               - menuKey: ESCAPE
18:47:02.824 [FXGL Background Thread 2 ] DEBUG Engine               - notificationViewClass: class com.almasb.fxgl.notification.view.XboxNotificationView
18:47:02.824 [FXGL Background Thread 2 ] DEBUG Engine               - pixelsPerMeter: 50.0
18:47:02.824 [FXGL Background Thread 2 ] DEBUG Engine               - platform: WINDOWS
18:47:02.824 [FXGL Background Thread 2 ] DEBUG Engine               - profileDir: profiles/
18:47:02.824 [FXGL Background Thread 2 ] DEBUG Engine               - profileName: StringProperty [value: DEFAULT]
18:47:02.824 [FXGL Background Thread 2 ] DEBUG Engine               - randomSeed: -1
18:47:02.824 [FXGL Background Thread 2 ] DEBUG Engine               - runtimeInfo: RuntimeInfo(platform=WINDOWS, version=11.9, build=27.05.2020 17.06)
18:47:02.824 [FXGL Background Thread 2 ] DEBUG Engine               - saveFileExt: sav
18:47:02.824 [FXGL Background Thread 2 ] DEBUG Engine               - sceneFactory: MooseGame.NewfoundRacerApp$1@1430c34f
18:47:02.825 [FXGL Background Thread 2 ] DEBUG Engine               - secondsIn24h: 60
18:47:02.825 [FXGL Background Thread 2 ] DEBUG Engine               - settings: Title: Newfoundland Moose Collision
Version: 0.1
Width: 840
Height: 650
Fullscreen: false
Intro: false
Profiling: false
Single step:false
App Mode: DEVELOPER
Menu Key: ESCAPE
Stage Style: DECORATED
Scene Factory: class MooseGame.NewfoundRacerApp$1

18:47:02.825 [FXGL Background Thread 2 ] DEBUG Engine               - soundMenuBack: menu/back.wav
18:47:02.825 [FXGL Background Thread 2 ] DEBUG Engine               - soundMenuPress: menu/press.wav
18:47:02.825 [FXGL Background Thread 2 ] DEBUG Engine               - soundMenuSelect: menu/select.wav
18:47:02.825 [FXGL Background Thread 2 ] DEBUG Engine               - soundNotification: core/notification.wav
18:47:02.825 [FXGL Background Thread 2 ] DEBUG Engine               - stageStyle: DECORATED
18:47:02.825 [FXGL Background Thread 2 ] DEBUG Engine               - supportedLanguages: [ENGLISH, FRENCH, GERMAN, HUNGARIAN, RUSSIAN]
18:47:02.825 [FXGL Background Thread 2 ] DEBUG Engine               - title: Newfoundland Moose Collision
18:47:02.825 [FXGL Background Thread 2 ] DEBUG Engine               - urlGithub: https://github.com/AlmasB/FXGL
18:47:02.825 [FXGL Background Thread 2 ] DEBUG Engine               - urlLeaderboard: http://fxgl-top.herokuapp.com/
18:47:02.825 [FXGL Background Thread 2 ] DEBUG Engine               - urlPOM: https://raw.githubusercontent.com/AlmasB/FXGL/master/pom.xml
18:47:02.825 [FXGL Background Thread 2 ] DEBUG Engine               - version: 0.1
18:47:02.826 [FXGL Background Thread 2 ] DEBUG Engine               - versionCheckDays: 7
18:47:02.826 [FXGL Background Thread 2 ] DEBUG Engine               - width: 840
18:47:02.826 [FXGL Background Thread 2 ] DEBUG Engine               - Logging services
18:47:02.826 [FXGL Background Thread 2 ] DEBUG Engine               - class com.almasb.fxgl.app.GameApplication$GameApplicationService
18:47:02.826 [FXGL Background Thread 2 ] DEBUG Engine               - class com.almasb.fxgl.app.services.WindowService
18:47:02.826 [FXGL Background Thread 2 ] DEBUG Engine               - class com.almasb.fxgl.app.services.FXGLDialogService
18:47:02.826 [FXGL Background Thread 2 ] DEBUG Engine               - class com.almasb.fxgl.app.services.IOTaskExecutorService
18:47:02.826 [FXGL Background Thread 2 ] DEBUG Engine               - class com.almasb.fxgl.event.EventBusService
18:47:02.826 [FXGL Background Thread 2 ] DEBUG Engine               - class com.almasb.fxgl.io.FileSystemService
18:47:02.826 [FXGL Background Thread 2 ] DEBUG Engine               - class com.almasb.fxgl.localization.LocalizationService
18:47:02.826 [FXGL Background Thread 2 ] DEBUG Engine               - class com.almasb.fxgl.app.services.AssetLoaderService
18:47:02.826 [FXGL Background Thread 2 ] DEBUG Engine               - class com.almasb.fxgl.app.services.SystemBundleService
18:47:02.827 [FXGL Background Thread 2 ] DEBUG Engine               - class com.almasb.fxgl.profile.SaveLoadService
18:47:02.827 [FXGL Background Thread 2 ] DEBUG Engine               - class com.almasb.fxgl.ui.FXGLUIFactoryServiceProvider
18:47:02.827 [FXGL Background Thread 2 ] DEBUG Engine               - class com.almasb.fxgl.ui.FXGLDialogFactoryServiceProvider
18:47:02.827 [FXGL Background Thread 2 ] DEBUG Engine               - class com.almasb.fxgl.audio.AudioPlayer
18:47:02.827 [FXGL Background Thread 2 ] DEBUG Engine               - class com.almasb.fxgl.notification.impl.NotificationServiceProvider
18:47:02.827 [FXGL Background Thread 2 ] DEBUG Engine               - class com.almasb.fxgl.achievement.AchievementService
18:47:02.827 [FXGL Background Thread 2 ] DEBUG Engine               - class com.almasb.fxgl.cutscene.CutsceneService
18:47:02.827 [FXGL Background Thread 2 ] DEBUG Engine               - class com.almasb.fxgl.minigames.MiniGameService
18:47:02.827 [FXGL Background Thread 2 ] DEBUG Engine               - class com.almasb.fxgl.net.NetService
18:47:02.827 [FXGL Background Thread 2 ] DEBUG Engine               - class com.almasb.fxgl.app.services.UpdaterService
18:47:02.827 [FXGL Background Thread 2 ] DEBUG Engine               - class com.almasb.fxgl.dev.DevService
18:47:03.039 [JavaFX Application Thread] DEBUG AssetLoaderService   - Loading from cache: /assets/textures/cowmoosespriterunning.png
18:47:03.903 [JavaFX Application Thread] DEBUG AssetLoaderService   - Loading from file system: /assets/textures/pothole.png
18:47:04.511 [JavaFX Application Thread] DEBUG AssetLoaderService   - Loading from file system: /assets/textures/driver3.png
18:47:04.527 [JavaFX Application Thread] DEBUG AssetLoaderService   - Loading from cache: /assets/textures/cowmoosespriterunning.png
18:47:05.551 [JavaFX Application Thread] DEBUG GameApplication      - Exiting FXGL
18:47:05.551 [JavaFX Application Thread] DEBUG LoopRunner           - Stopping loop
18:47:05.551 [JavaFX Application Thread] DEBUG SystemBundleService  - Saving FXGL system data
18:47:05.552 [JavaFX Application Thread] DEBUG FileSystemAccess     - Writing to: E:\secondYear\Java\NewfoundlandRacer\system\fxgl.bundle
18:47:05.553 [JavaFX Application Thread] DEBUG GameApplication      - Shutting down background threads
18:47:05.553 [JavaFX Application Thread] DEBUG GameApplication      - Closing logger and exiting JavaFX
