22:21:49.328 [main                     ] DEBUG GameApplication      - Logger initialized
22:21:49.332 [main                     ] DEBUG GameApplication      - Logging settings
Title: Newfoundland Moose Collision
Version: 0.1
Width: 840
Height: 650
Fullscreen: false
Intro: false
Profiling: false
Single step:false
App Mode: DEVELOPER
Menu Key: ESCAPE
Stage Style: DECORATED
Scene Factory: class com.almasb.fxgl.app.scene.SceneFactory

22:21:49.732 [JavaFX Application Thread] DEBUG GameApplication      - Initializing FXGL
22:21:49.746 [JavaFX Application Thread] INFO  Engine               - FXGL-11.9 (27.05.2020 17.06) on WINDOWS (J:14.0.1 FX:13.0.2)
22:21:49.746 [JavaFX Application Thread] DEBUG Engine               - JRE Vendor Name: Oracle Corporation
22:21:49.746 [JavaFX Application Thread] DEBUG Engine               - Running on OS: Windows 10 version 10.0
22:21:49.746 [JavaFX Application Thread] DEBUG Engine               - Architecture: amd64
22:21:49.747 [JavaFX Application Thread] INFO  Engine               - Source code and latest versions at: https://github.com/AlmasB/FXGL
22:21:49.747 [JavaFX Application Thread] INFO  Engine               -              Join the FXGL chat at: https://gitter.im/AlmasB/FXGL
22:21:49.866 [JavaFX Application Thread] DEBUG MainWindow           - Creating a JavaFX scene
22:21:49.911 [JavaFX Application Thread] DEBUG MainWindow           - Target settings size: 840.0 x 650.0
22:21:49.911 [JavaFX Application Thread] DEBUG MainWindow           - Scaled scene size:    840.0 x 650.0
22:21:49.911 [JavaFX Application Thread] DEBUG MainWindow           - Scaled ratio: (1.0, 1.0)
22:21:49.913 [JavaFX Application Thread] DEBUG MainWindow           - Set initial scene to FXGLStartupScene
22:21:49.920 [JavaFX Application Thread] DEBUG MainWindow           - Opening main window
22:21:50.005 [JavaFX Application Thread] DEBUG MainWindow           - Window border size: (16.0, 39.0)
22:21:50.005 [JavaFX Application Thread] DEBUG MainWindow           - Scaled size: 840.0 x 650.0
22:21:50.005 [JavaFX Application Thread] DEBUG MainWindow           - Scaled ratio: (1.0, 1.0)
22:21:50.005 [JavaFX Application Thread] DEBUG MainWindow           - Scene size: 840.0 x 650.0
22:21:50.005 [JavaFX Application Thread] DEBUG MainWindow           - Stage size: 856.0 x 689.0
22:21:50.013 [FXGL Background Thread 1 ] DEBUG Engine               - Initializing environment variables
22:21:50.036 [FXGL Background Thread 1 ] DEBUG WindowService        - Applying CSS: fxgl_dark.css
22:21:50.037 [FXGL Background Thread 1 ] DEBUG AssetLoaderService   - Loading from file system: /assets/ui/css/fxgl_dark.css
22:21:50.071 [FXGL Background Thread 1 ] DEBUG WindowService        - Initializing application scenes
22:21:50.099 [FXGL Background Thread 1 ] DEBUG GameWorld            - Game world initialized
22:21:50.133 [FXGL Background Thread 1 ] DEBUG PhysicsWorld         - Physics world initialized: appHeight=650, physics.ppm=50.0
22:21:50.134 [FXGL Background Thread 1 ] DEBUG GameScene            - Game scene initialized: 840x650
22:21:50.159 [FXGL Background Thread 1 ] DEBUG AssetLoaderService   - Loading from file system: /assets/textures/particles/trace_horizontal.png
22:21:50.203 [FXGL Background Thread 1 ] DEBUG FXGL.DefaultMenu     - createMenuBodyGameMenu()
22:21:50.218 [FXGL Background Thread 1 ] DEBUG FXGL.DefaultMenu     - createOptionsMenu()
22:21:50.222 [FXGL Background Thread 1 ] DEBUG AssetLoaderService   - Loading from file system: /assets/textures/particles/smoke.png
22:21:50.261 [FXGL Background Thread 1 ] DEBUG WindowService        - Application scenes initialized
22:21:50.270 [FXGL Background Thread 1 ] DEBUG SystemBundleService  - Loading FXGL system data
22:21:50.273 [FXGL Background Thread 1 ] DEBUG FileSystemAccess     - Reading from: E:\secondYear\Java\NewfoundlandRacer\system\fxgl.bundle
22:21:50.276 [FXGL Background Thread 1 ] DEBUG SystemBundleService  - Bundle FXGL: {}
22:21:50.277 [FXGL Background Thread 1 ] INFO  Engine               - FXGL initialization took: 0.262 sec
22:21:50.278 [FXGL Background Thread 1 ] DEBUG GameApplication      - Loading localizations
22:21:50.278 [FXGL Background Thread 1 ] DEBUG AssetLoaderService   - Loading from file system: /assets/languages/english.lang
22:21:50.286 [FXGL Background Thread 1 ] DEBUG AssetLoaderService   - Loading from file system: /assets/languages/french.lang
22:21:50.287 [FXGL Background Thread 1 ] DEBUG AssetLoaderService   - Loading from file system: /assets/languages/german.lang
22:21:50.288 [FXGL Background Thread 1 ] DEBUG AssetLoaderService   - Loading from file system: /assets/languages/hungarian.lang
22:21:50.291 [FXGL Background Thread 1 ] DEBUG AssetLoaderService   - Loading from file system: /assets/languages/russian.lang
22:21:50.293 [FXGL Background Thread 1 ] DEBUG GameApplication      - Registering font factories with UI factory
22:21:50.293 [FXGL Background Thread 1 ] DEBUG AssetLoaderService   - Loading from file system: /assets/ui/fonts/VarelaRound-Regular.ttf
22:21:50.327 [FXGL Background Thread 1 ] DEBUG AssetLoaderService   - Loading from file system: /assets/ui/fonts/Abel-Regular.ttf
22:21:50.330 [FXGL Background Thread 1 ] DEBUG AssetLoaderService   - Loading from file system: /assets/ui/fonts/lucida_console.ttf
22:21:50.335 [FXGL Background Thread 1 ] DEBUG AssetLoaderService   - Loading from file system: /assets/ui/fonts/Courier-Prime.ttf
22:21:50.345 [JavaFX Application Thread] DEBUG Input                - Registered new binding: Move Right - D
22:21:50.345 [JavaFX Application Thread] DEBUG Input                - Registered new binding: Move Left - A
22:21:50.345 [JavaFX Application Thread] DEBUG Input                - Registered new binding: Move Up - W
22:21:50.345 [JavaFX Application Thread] DEBUG Input                - Registered new binding: Move Down - S
22:21:50.346 [JavaFX Application Thread] DEBUG AssetLoaderService   - Loading from file system: /assets/textures/fxgl_icon.png
22:21:50.360 [JavaFX Application Thread] DEBUG AssetLoaderService   - Loading from file system: /assets/ui/cursors/fxgl_default.png
22:21:50.362 [JavaFX Application Thread] DEBUG Input                - Registered new binding: Screenshot - P
22:21:50.362 [JavaFX Application Thread] DEBUG Input                - Registered new binding: System info dump - CTRL+9
22:21:50.363 [JavaFX Application Thread] DEBUG Input                - Registered new binding: Restart - CTRL+R
22:21:50.363 [JavaFX Application Thread] DEBUG LoopRunner           - Starting loop
22:21:50.379 [JavaFX Application Thread] DEBUG FXGLStartupScene     - STARTUP
22:21:50.379 [JavaFX Application Thread] DEBUG WindowService        - Starting new game
22:21:50.379 [JavaFX Application Thread] DEBUG Input                - Clearing active input actions
22:21:50.388 [JavaFX Application Thread] DEBUG WindowService        - Removing overlay from FXGLStartupScene and adding to FXGLLoadingScene
22:21:50.388 [JavaFX Application Thread] DEBUG MainWindow           - FXGLStartupScene -> FXGLLoadingScene
22:21:50.388 [JavaFX Application Thread] DEBUG WindowService        - Clearing previous game
22:21:50.389 [JavaFX Application Thread] DEBUG GameScene            - Clearing game scene
22:21:50.389 [JavaFX Application Thread] DEBUG GameWorld            - Clearing game world
22:21:50.389 [JavaFX Application Thread] DEBUG PhysicsWorld         - Clearing physics world
22:21:50.390 [FXGL Background Thread 1 ] DEBUG GameApplication      - Initializing game
22:21:50.396 [FXGL Background Thread 1 ] DEBUG AssetLoaderService   - Loading from file system: /assets/textures/4lanehighway.png
22:21:50.464 [FXGL Background Thread 1 ] DEBUG AssetLoaderService   - Loading from file system: /assets/textures/player.png
22:21:50.476 [FXGL Background Thread 1 ] INFO  GameApplication      - Game initialization took: 0.086 sec
22:21:50.478 [JavaFX Application Thread] DEBUG Input                - Clearing active input actions
22:21:50.485 [JavaFX Application Thread] DEBUG WindowService        - Removing overlay from FXGLLoadingScene and adding to GameScene
22:21:50.485 [JavaFX Application Thread] DEBUG MainWindow           - FXGLLoadingScene -> GameScene
22:21:50.855 [JavaFX Application Thread] DEBUG AssetLoaderService   - Loading from file system: /assets/textures/driver.png
22:21:51.255 [JavaFX Application Thread] DEBUG AssetLoaderService   - Loading from cache: /assets/textures/driver.png
22:21:51.671 [JavaFX Application Thread] DEBUG AssetLoaderService   - Loading from cache: /assets/textures/driver.png
22:21:52.087 [JavaFX Application Thread] DEBUG AssetLoaderService   - Loading from cache: /assets/textures/driver.png
22:21:52.519 [JavaFX Application Thread] DEBUG AssetLoaderService   - Loading from cache: /assets/textures/driver.png
22:21:52.934 [JavaFX Application Thread] DEBUG AssetLoaderService   - Loading from cache: /assets/textures/driver.png
22:21:53.278 [FXGL Background Thread 2 ] DEBUG Engine               - Logging environment variables
22:21:53.278 [FXGL Background Thread 2 ] DEBUG Engine               - achievements: []
22:21:53.278 [FXGL Background Thread 2 ] DEBUG Engine               - appIcon: fxgl_icon.png
22:21:53.278 [FXGL Background Thread 2 ] DEBUG Engine               - applicationMode: DEVELOPER
22:21:53.278 [FXGL Background Thread 2 ] DEBUG Engine               - cSSList: [fxgl_dark.css]
22:21:53.278 [FXGL Background Thread 2 ] DEBUG Engine               - configClass: Optional.empty
22:21:53.278 [FXGL Background Thread 2 ] DEBUG Engine               - credits: []
22:21:53.278 [FXGL Background Thread 2 ] DEBUG Engine               - devBBoxColorProperty: ObjectProperty [value: 0xff0000ff]
22:21:53.278 [FXGL Background Thread 2 ] DEBUG Engine               - devSensorColorProperty: ObjectProperty [value: 0xffff00ff]
22:21:53.278 [FXGL Background Thread 2 ] DEBUG Engine               - devShowBBoxProperty: BooleanProperty [value: false]
22:21:53.278 [FXGL Background Thread 2 ] DEBUG Engine               - devShowPositionProperty: BooleanProperty [value: false]
22:21:53.279 [FXGL Background Thread 2 ] DEBUG Engine               - enabledMenuItems: []
22:21:53.279 [FXGL Background Thread 2 ] DEBUG Engine               - engineServices: [class com.almasb.fxgl.app.GameApplication$GameApplicationService, class com.almasb.fxgl.app.services.WindowService, class com.almasb.fxgl.app.services.FXGLDialogService, class com.almasb.fxgl.app.services.IOTaskExecutorService, class com.almasb.fxgl.event.EventBusService, class com.almasb.fxgl.io.FileSystemService, class com.almasb.fxgl.localization.LocalizationService, class com.almasb.fxgl.app.services.AssetLoaderService, class com.almasb.fxgl.app.services.SystemBundleService, class com.almasb.fxgl.profile.SaveLoadService, class com.almasb.fxgl.ui.FXGLUIFactoryServiceProvider, class com.almasb.fxgl.ui.FXGLDialogFactoryServiceProvider, class com.almasb.fxgl.audio.AudioPlayer, class com.almasb.fxgl.notification.impl.NotificationServiceProvider, class com.almasb.fxgl.achievement.AchievementService, class com.almasb.fxgl.cutscene.CutsceneService, class com.almasb.fxgl.minigames.MiniGameService, class com.almasb.fxgl.net.NetService, class com.almasb.fxgl.app.services.UpdaterService, class com.almasb.fxgl.dev.DevService]
22:21:53.279 [FXGL Background Thread 2 ] DEBUG Engine               - fontGame: Abel-Regular.ttf
22:21:53.279 [FXGL Background Thread 2 ] DEBUG Engine               - fontMono: lucida_console.ttf
22:21:53.279 [FXGL Background Thread 2 ] DEBUG Engine               - fontText: Courier-Prime.ttf
22:21:53.279 [FXGL Background Thread 2 ] DEBUG Engine               - fontUI: VarelaRound-Regular.ttf
22:21:53.279 [FXGL Background Thread 2 ] DEBUG Engine               - fullScreen: BooleanProperty [value: false]
22:21:53.279 [FXGL Background Thread 2 ] DEBUG Engine               - gameDifficulty: MEDIUM
22:21:53.279 [FXGL Background Thread 2 ] DEBUG Engine               - gameDifficultyProperty: ObjectProperty [value: MEDIUM]
22:21:53.279 [FXGL Background Thread 2 ] DEBUG Engine               - globalMusicVolume: 0.5
22:21:53.279 [FXGL Background Thread 2 ] DEBUG Engine               - globalMusicVolumeProperty: DoubleProperty [value: 0.5]
22:21:53.279 [FXGL Background Thread 2 ] DEBUG Engine               - globalSoundVolume: 0.5
22:21:53.279 [FXGL Background Thread 2 ] DEBUG Engine               - globalSoundVolumeProperty: DoubleProperty [value: 0.5]
22:21:53.279 [FXGL Background Thread 2 ] DEBUG Engine               - height: 650
22:21:53.279 [FXGL Background Thread 2 ] DEBUG Engine               - isAndroid: false
22:21:53.279 [FXGL Background Thread 2 ] DEBUG Engine               - isBrowser: false
22:21:53.279 [FXGL Background Thread 2 ] DEBUG Engine               - isClickFeedbackEnabled: false
22:21:53.279 [FXGL Background Thread 2 ] DEBUG Engine               - isCloseConfirmation: false
22:21:53.280 [FXGL Background Thread 2 ] DEBUG Engine               - isDesktop: true
22:21:53.280 [FXGL Background Thread 2 ] DEBUG Engine               - isDeveloperMenuEnabled: false
22:21:53.280 [FXGL Background Thread 2 ] DEBUG Engine               - isExperimentalNative: false
22:21:53.280 [FXGL Background Thread 2 ] DEBUG Engine               - isExperimentalTiledLargeMap: false
22:21:53.280 [FXGL Background Thread 2 ] DEBUG Engine               - isFullScreenAllowed: false
22:21:53.280 [FXGL Background Thread 2 ] DEBUG Engine               - isFullScreenFromStart: false
22:21:53.280 [FXGL Background Thread 2 ] DEBUG Engine               - isGameMenuEnabled: true
22:21:53.280 [FXGL Background Thread 2 ] DEBUG Engine               - isIOS: false
22:21:53.280 [FXGL Background Thread 2 ] DEBUG Engine               - isIntroEnabled: false
22:21:53.280 [FXGL Background Thread 2 ] DEBUG Engine               - isLinux: false
22:21:53.280 [FXGL Background Thread 2 ] DEBUG Engine               - isMac: false
22:21:53.280 [FXGL Background Thread 2 ] DEBUG Engine               - isMainMenuEnabled: false
22:21:53.280 [FXGL Background Thread 2 ] DEBUG Engine               - isManualResizeEnabled: false
22:21:53.280 [FXGL Background Thread 2 ] DEBUG Engine               - isMobile: false
22:21:53.280 [FXGL Background Thread 2 ] DEBUG Engine               - isPreserveResizeRatio: false
22:21:53.280 [FXGL Background Thread 2 ] DEBUG Engine               - isProfilingEnabled: false
22:21:53.280 [FXGL Background Thread 2 ] DEBUG Engine               - isSingleStep: false
22:21:53.280 [FXGL Background Thread 2 ] DEBUG Engine               - isUserProfileEnabled: false
22:21:53.280 [FXGL Background Thread 2 ] DEBUG Engine               - isWindows: true
22:21:53.280 [FXGL Background Thread 2 ] DEBUG Engine               - language: ObjectProperty [value: ENGLISH]
22:21:53.281 [FXGL Background Thread 2 ] DEBUG Engine               - mainWindow: com.almasb.fxgl.app.MainWindow@6aa458a9
22:21:53.281 [FXGL Background Thread 2 ] DEBUG Engine               - menuKey: ESCAPE
22:21:53.281 [FXGL Background Thread 2 ] DEBUG Engine               - notificationViewClass: class com.almasb.fxgl.notification.view.XboxNotificationView
22:21:53.281 [FXGL Background Thread 2 ] DEBUG Engine               - pixelsPerMeter: 50.0
22:21:53.281 [FXGL Background Thread 2 ] DEBUG Engine               - platform: WINDOWS
22:21:53.281 [FXGL Background Thread 2 ] DEBUG Engine               - profileDir: profiles/
22:21:53.281 [FXGL Background Thread 2 ] DEBUG Engine               - profileName: StringProperty [value: DEFAULT]
22:21:53.281 [FXGL Background Thread 2 ] DEBUG Engine               - randomSeed: -1
22:21:53.281 [FXGL Background Thread 2 ] DEBUG Engine               - runtimeInfo: RuntimeInfo(platform=WINDOWS, version=11.9, build=27.05.2020 17.06)
22:21:53.281 [FXGL Background Thread 2 ] DEBUG Engine               - saveFileExt: sav
22:21:53.281 [FXGL Background Thread 2 ] DEBUG Engine               - sceneFactory: com.almasb.fxgl.app.scene.SceneFactory@2fa6db99
22:21:53.281 [FXGL Background Thread 2 ] DEBUG Engine               - secondsIn24h: 60
22:21:53.281 [FXGL Background Thread 2 ] DEBUG Engine               - settings: Title: Newfoundland Moose Collision
Version: 0.1
Width: 840
Height: 650
Fullscreen: false
Intro: false
Profiling: false
Single step:false
App Mode: DEVELOPER
Menu Key: ESCAPE
Stage Style: DECORATED
Scene Factory: class com.almasb.fxgl.app.scene.SceneFactory

22:21:53.281 [FXGL Background Thread 2 ] DEBUG Engine               - soundMenuBack: menu/back.wav
22:21:53.281 [FXGL Background Thread 2 ] DEBUG Engine               - soundMenuPress: menu/press.wav
22:21:53.281 [FXGL Background Thread 2 ] DEBUG Engine               - soundMenuSelect: menu/select.wav
22:21:53.281 [FXGL Background Thread 2 ] DEBUG Engine               - soundNotification: core/notification.wav
22:21:53.281 [FXGL Background Thread 2 ] DEBUG Engine               - stageStyle: DECORATED
22:21:53.281 [FXGL Background Thread 2 ] DEBUG Engine               - supportedLanguages: [ENGLISH, FRENCH, GERMAN, HUNGARIAN, RUSSIAN]
22:21:53.281 [FXGL Background Thread 2 ] DEBUG Engine               - title: Newfoundland Moose Collision
22:21:53.281 [FXGL Background Thread 2 ] DEBUG Engine               - urlGithub: https://github.com/AlmasB/FXGL
22:21:53.282 [FXGL Background Thread 2 ] DEBUG Engine               - urlLeaderboard: http://fxgl-top.herokuapp.com/
22:21:53.282 [FXGL Background Thread 2 ] DEBUG Engine               - urlPOM: https://raw.githubusercontent.com/AlmasB/FXGL/master/pom.xml
22:21:53.282 [FXGL Background Thread 2 ] DEBUG Engine               - version: 0.1
22:21:53.282 [FXGL Background Thread 2 ] DEBUG Engine               - versionCheckDays: 7
22:21:53.282 [FXGL Background Thread 2 ] DEBUG Engine               - width: 840
22:21:53.282 [FXGL Background Thread 2 ] DEBUG Engine               - Logging services
22:21:53.282 [FXGL Background Thread 2 ] DEBUG Engine               - class com.almasb.fxgl.app.GameApplication$GameApplicationService
22:21:53.282 [FXGL Background Thread 2 ] DEBUG Engine               - class com.almasb.fxgl.app.services.WindowService
22:21:53.282 [FXGL Background Thread 2 ] DEBUG Engine               - class com.almasb.fxgl.app.services.FXGLDialogService
22:21:53.282 [FXGL Background Thread 2 ] DEBUG Engine               - class com.almasb.fxgl.app.services.IOTaskExecutorService
22:21:53.282 [FXGL Background Thread 2 ] DEBUG Engine               - class com.almasb.fxgl.event.EventBusService
22:21:53.282 [FXGL Background Thread 2 ] DEBUG Engine               - class com.almasb.fxgl.io.FileSystemService
22:21:53.282 [FXGL Background Thread 2 ] DEBUG Engine               - class com.almasb.fxgl.localization.LocalizationService
22:21:53.282 [FXGL Background Thread 2 ] DEBUG Engine               - class com.almasb.fxgl.app.services.AssetLoaderService
22:21:53.282 [FXGL Background Thread 2 ] DEBUG Engine               - class com.almasb.fxgl.app.services.SystemBundleService
22:21:53.282 [FXGL Background Thread 2 ] DEBUG Engine               - class com.almasb.fxgl.profile.SaveLoadService
22:21:53.282 [FXGL Background Thread 2 ] DEBUG Engine               - class com.almasb.fxgl.ui.FXGLUIFactoryServiceProvider
22:21:53.282 [FXGL Background Thread 2 ] DEBUG Engine               - class com.almasb.fxgl.ui.FXGLDialogFactoryServiceProvider
22:21:53.282 [FXGL Background Thread 2 ] DEBUG Engine               - class com.almasb.fxgl.audio.AudioPlayer
22:21:53.282 [FXGL Background Thread 2 ] DEBUG Engine               - class com.almasb.fxgl.notification.impl.NotificationServiceProvider
22:21:53.282 [FXGL Background Thread 2 ] DEBUG Engine               - class com.almasb.fxgl.achievement.AchievementService
22:21:53.282 [FXGL Background Thread 2 ] DEBUG Engine               - class com.almasb.fxgl.cutscene.CutsceneService
22:21:53.282 [FXGL Background Thread 2 ] DEBUG Engine               - class com.almasb.fxgl.minigames.MiniGameService
22:21:53.282 [FXGL Background Thread 2 ] DEBUG Engine               - class com.almasb.fxgl.net.NetService
22:21:53.282 [FXGL Background Thread 2 ] DEBUG Engine               - class com.almasb.fxgl.app.services.UpdaterService
22:21:53.283 [FXGL Background Thread 2 ] DEBUG Engine               - class com.almasb.fxgl.dev.DevService
22:21:53.351 [JavaFX Application Thread] DEBUG AssetLoaderService   - Loading from cache: /assets/textures/driver.png
22:21:53.767 [JavaFX Application Thread] DEBUG AssetLoaderService   - Loading from cache: /assets/textures/driver.png
22:21:54.183 [JavaFX Application Thread] DEBUG AssetLoaderService   - Loading from cache: /assets/textures/driver.png
22:21:54.599 [JavaFX Application Thread] DEBUG AssetLoaderService   - Loading from cache: /assets/textures/driver.png
22:21:55.015 [JavaFX Application Thread] DEBUG AssetLoaderService   - Loading from cache: /assets/textures/driver.png
22:21:55.431 [JavaFX Application Thread] DEBUG AssetLoaderService   - Loading from cache: /assets/textures/driver.png
22:21:55.847 [JavaFX Application Thread] DEBUG AssetLoaderService   - Loading from cache: /assets/textures/driver.png
22:21:56.263 [JavaFX Application Thread] DEBUG AssetLoaderService   - Loading from cache: /assets/textures/driver.png
22:21:56.679 [JavaFX Application Thread] DEBUG AssetLoaderService   - Loading from cache: /assets/textures/driver.png
22:21:57.096 [JavaFX Application Thread] DEBUG AssetLoaderService   - Loading from cache: /assets/textures/driver.png
22:21:57.511 [JavaFX Application Thread] DEBUG AssetLoaderService   - Loading from cache: /assets/textures/driver.png
22:21:57.927 [JavaFX Application Thread] DEBUG AssetLoaderService   - Loading from cache: /assets/textures/driver.png
22:21:58.343 [JavaFX Application Thread] DEBUG AssetLoaderService   - Loading from cache: /assets/textures/driver.png
22:21:58.743 [JavaFX Application Thread] DEBUG AssetLoaderService   - Loading from cache: /assets/textures/driver.png
22:21:59.143 [JavaFX Application Thread] DEBUG AssetLoaderService   - Loading from cache: /assets/textures/driver.png
22:21:59.543 [JavaFX Application Thread] DEBUG AssetLoaderService   - Loading from cache: /assets/textures/driver.png
22:21:59.943 [JavaFX Application Thread] DEBUG AssetLoaderService   - Loading from cache: /assets/textures/driver.png
22:22:00.343 [JavaFX Application Thread] DEBUG AssetLoaderService   - Loading from cache: /assets/textures/driver.png
22:22:00.455 [JavaFX Application Thread] DEBUG AssetLoaderService   - Loading from file system: /assets/textures/coin.png
22:22:00.744 [JavaFX Application Thread] DEBUG AssetLoaderService   - Loading from cache: /assets/textures/driver.png
22:22:01.143 [JavaFX Application Thread] DEBUG AssetLoaderService   - Loading from cache: /assets/textures/driver.png
22:22:01.543 [JavaFX Application Thread] DEBUG AssetLoaderService   - Loading from cache: /assets/textures/driver.png
22:22:01.943 [JavaFX Application Thread] DEBUG AssetLoaderService   - Loading from cache: /assets/textures/driver.png
22:22:02.343 [JavaFX Application Thread] DEBUG AssetLoaderService   - Loading from cache: /assets/textures/driver.png
22:22:02.743 [JavaFX Application Thread] DEBUG AssetLoaderService   - Loading from cache: /assets/textures/driver.png
22:22:03.143 [JavaFX Application Thread] DEBUG AssetLoaderService   - Loading from cache: /assets/textures/driver.png
22:22:03.543 [JavaFX Application Thread] DEBUG AssetLoaderService   - Loading from cache: /assets/textures/driver.png
22:22:03.913 [JavaFX Application Thread] DEBUG AssetLoaderService   - Loading from file system: /assets/sounds/coincollect.wav
22:22:04.000 [JavaFX Application Thread] DEBUG AssetLoaderService   - Loading from cache: /assets/textures/driver.png
22:22:04.375 [JavaFX Application Thread] DEBUG AssetLoaderService   - Loading from cache: /assets/textures/driver.png
22:22:04.791 [JavaFX Application Thread] DEBUG AssetLoaderService   - Loading from cache: /assets/textures/driver.png
22:22:05.191 [JavaFX Application Thread] DEBUG AssetLoaderService   - Loading from cache: /assets/textures/driver.png
22:22:05.575 [JavaFX Application Thread] DEBUG AssetLoaderService   - Loading from cache: /assets/textures/driver.png
22:22:05.974 [JavaFX Application Thread] DEBUG AssetLoaderService   - Loading from cache: /assets/textures/driver.png
22:22:06.375 [JavaFX Application Thread] DEBUG AssetLoaderService   - Loading from cache: /assets/textures/driver.png
22:22:06.807 [JavaFX Application Thread] DEBUG AssetLoaderService   - Loading from cache: /assets/textures/driver.png
22:22:07.223 [JavaFX Application Thread] DEBUG AssetLoaderService   - Loading from cache: /assets/textures/driver.png
22:22:07.639 [JavaFX Application Thread] DEBUG AssetLoaderService   - Loading from cache: /assets/textures/driver.png
22:22:08.054 [JavaFX Application Thread] DEBUG AssetLoaderService   - Loading from cache: /assets/textures/driver.png
22:22:08.471 [JavaFX Application Thread] DEBUG AssetLoaderService   - Loading from cache: /assets/textures/driver.png
22:22:08.887 [JavaFX Application Thread] DEBUG AssetLoaderService   - Loading from cache: /assets/textures/driver.png
22:22:09.303 [JavaFX Application Thread] DEBUG AssetLoaderService   - Loading from cache: /assets/textures/driver.png
22:22:09.719 [JavaFX Application Thread] DEBUG AssetLoaderService   - Loading from cache: /assets/textures/driver.png
22:22:10.135 [JavaFX Application Thread] DEBUG AssetLoaderService   - Loading from cache: /assets/textures/driver.png
22:22:10.486 [JavaFX Application Thread] DEBUG AssetLoaderService   - Loading from cache: /assets/textures/coin.png
22:22:10.551 [JavaFX Application Thread] DEBUG AssetLoaderService   - Loading from cache: /assets/textures/driver.png
22:22:10.967 [JavaFX Application Thread] DEBUG AssetLoaderService   - Loading from cache: /assets/textures/driver.png
22:22:11.382 [JavaFX Application Thread] DEBUG AssetLoaderService   - Loading from cache: /assets/textures/driver.png
22:22:11.799 [JavaFX Application Thread] DEBUG AssetLoaderService   - Loading from cache: /assets/textures/driver.png
22:22:12.216 [JavaFX Application Thread] DEBUG AssetLoaderService   - Loading from cache: /assets/textures/driver.png
22:22:12.630 [JavaFX Application Thread] DEBUG AssetLoaderService   - Loading from cache: /assets/textures/driver.png
22:22:13.047 [JavaFX Application Thread] DEBUG AssetLoaderService   - Loading from cache: /assets/textures/driver.png
22:22:13.463 [JavaFX Application Thread] DEBUG AssetLoaderService   - Loading from cache: /assets/textures/driver.png
22:22:13.878 [JavaFX Application Thread] DEBUG AssetLoaderService   - Loading from cache: /assets/textures/driver.png
22:22:14.294 [JavaFX Application Thread] DEBUG AssetLoaderService   - Loading from cache: /assets/textures/driver.png
22:22:14.711 [JavaFX Application Thread] DEBUG AssetLoaderService   - Loading from cache: /assets/textures/driver.png
22:22:15.127 [JavaFX Application Thread] DEBUG AssetLoaderService   - Loading from cache: /assets/textures/driver.png
22:22:15.542 [JavaFX Application Thread] DEBUG AssetLoaderService   - Loading from cache: /assets/textures/driver.png
22:22:15.976 [JavaFX Application Thread] DEBUG AssetLoaderService   - Loading from cache: /assets/textures/driver.png
22:22:16.391 [JavaFX Application Thread] DEBUG AssetLoaderService   - Loading from cache: /assets/textures/driver.png
22:22:16.742 [JavaFX Application Thread] DEBUG AssetLoaderService   - Loading from cache: /assets/sounds/coincollect.wav
22:22:16.807 [JavaFX Application Thread] DEBUG AssetLoaderService   - Loading from cache: /assets/textures/driver.png
22:22:17.222 [JavaFX Application Thread] DEBUG AssetLoaderService   - Loading from cache: /assets/textures/driver.png
22:22:17.639 [JavaFX Application Thread] DEBUG AssetLoaderService   - Loading from cache: /assets/textures/driver.png
22:22:18.055 [JavaFX Application Thread] DEBUG AssetLoaderService   - Loading from cache: /assets/textures/driver.png
22:22:18.471 [JavaFX Application Thread] DEBUG AssetLoaderService   - Loading from cache: /assets/textures/driver.png
22:22:18.887 [JavaFX Application Thread] DEBUG AssetLoaderService   - Loading from cache: /assets/textures/driver.png
22:22:19.303 [JavaFX Application Thread] DEBUG AssetLoaderService   - Loading from cache: /assets/textures/driver.png
22:22:19.719 [JavaFX Application Thread] DEBUG AssetLoaderService   - Loading from cache: /assets/textures/driver.png
22:22:20.136 [JavaFX Application Thread] DEBUG AssetLoaderService   - Loading from cache: /assets/textures/driver.png
22:22:20.502 [JavaFX Application Thread] DEBUG AssetLoaderService   - Loading from cache: /assets/textures/coin.png
22:22:20.551 [JavaFX Application Thread] DEBUG AssetLoaderService   - Loading from cache: /assets/textures/driver.png
22:22:20.967 [JavaFX Application Thread] DEBUG AssetLoaderService   - Loading from cache: /assets/textures/driver.png
22:22:21.382 [JavaFX Application Thread] DEBUG AssetLoaderService   - Loading from cache: /assets/textures/driver.png
22:22:21.799 [JavaFX Application Thread] DEBUG AssetLoaderService   - Loading from cache: /assets/textures/driver.png
22:22:22.215 [JavaFX Application Thread] DEBUG AssetLoaderService   - Loading from cache: /assets/textures/driver.png
22:22:22.631 [JavaFX Application Thread] DEBUG AssetLoaderService   - Loading from cache: /assets/textures/driver.png
22:22:23.046 [JavaFX Application Thread] DEBUG AssetLoaderService   - Loading from cache: /assets/textures/driver.png
22:22:23.462 [JavaFX Application Thread] DEBUG AssetLoaderService   - Loading from cache: /assets/textures/driver.png
22:22:23.879 [JavaFX Application Thread] DEBUG AssetLoaderService   - Loading from cache: /assets/textures/driver.png
22:22:24.296 [JavaFX Application Thread] DEBUG AssetLoaderService   - Loading from cache: /assets/textures/driver.png
22:22:24.711 [JavaFX Application Thread] DEBUG AssetLoaderService   - Loading from cache: /assets/textures/driver.png
22:22:25.127 [JavaFX Application Thread] DEBUG AssetLoaderService   - Loading from cache: /assets/textures/driver.png
22:22:25.543 [JavaFX Application Thread] DEBUG AssetLoaderService   - Loading from cache: /assets/textures/driver.png
22:22:25.959 [JavaFX Application Thread] DEBUG AssetLoaderService   - Loading from cache: /assets/textures/driver.png
22:22:26.391 [JavaFX Application Thread] DEBUG AssetLoaderService   - Loading from cache: /assets/textures/driver.png
22:22:26.806 [JavaFX Application Thread] DEBUG AssetLoaderService   - Loading from cache: /assets/textures/driver.png
22:22:27.222 [JavaFX Application Thread] DEBUG AssetLoaderService   - Loading from cache: /assets/textures/driver.png
22:22:27.639 [JavaFX Application Thread] DEBUG AssetLoaderService   - Loading from cache: /assets/textures/driver.png
22:22:28.055 [JavaFX Application Thread] DEBUG AssetLoaderService   - Loading from cache: /assets/textures/driver.png
22:22:28.471 [JavaFX Application Thread] DEBUG AssetLoaderService   - Loading from cache: /assets/textures/driver.png
22:22:28.886 [JavaFX Application Thread] DEBUG AssetLoaderService   - Loading from cache: /assets/textures/driver.png
22:22:29.047 [JavaFX Application Thread] DEBUG AssetLoaderService   - Loading from cache: /assets/sounds/coincollect.wav
22:22:29.303 [JavaFX Application Thread] DEBUG AssetLoaderService   - Loading from cache: /assets/textures/driver.png
22:22:29.719 [JavaFX Application Thread] DEBUG AssetLoaderService   - Loading from cache: /assets/textures/driver.png
22:22:30.135 [JavaFX Application Thread] DEBUG AssetLoaderService   - Loading from cache: /assets/textures/driver.png
22:22:30.519 [JavaFX Application Thread] DEBUG AssetLoaderService   - Loading from cache: /assets/textures/coin.png
22:22:30.551 [JavaFX Application Thread] DEBUG AssetLoaderService   - Loading from cache: /assets/textures/driver.png
22:22:30.967 [JavaFX Application Thread] DEBUG AssetLoaderService   - Loading from cache: /assets/textures/driver.png
22:22:31.383 [JavaFX Application Thread] DEBUG AssetLoaderService   - Loading from cache: /assets/textures/driver.png
22:22:31.799 [JavaFX Application Thread] DEBUG AssetLoaderService   - Loading from cache: /assets/textures/driver.png
22:22:32.215 [JavaFX Application Thread] DEBUG AssetLoaderService   - Loading from cache: /assets/textures/driver.png
22:22:32.631 [JavaFX Application Thread] DEBUG AssetLoaderService   - Loading from cache: /assets/textures/driver.png
22:22:33.047 [JavaFX Application Thread] DEBUG AssetLoaderService   - Loading from cache: /assets/textures/driver.png
22:22:33.462 [JavaFX Application Thread] DEBUG AssetLoaderService   - Loading from cache: /assets/textures/driver.png
22:22:33.879 [JavaFX Application Thread] DEBUG AssetLoaderService   - Loading from cache: /assets/textures/driver.png
22:22:34.295 [JavaFX Application Thread] DEBUG AssetLoaderService   - Loading from cache: /assets/textures/driver.png
22:22:34.711 [JavaFX Application Thread] DEBUG AssetLoaderService   - Loading from cache: /assets/textures/driver.png
22:22:35.127 [JavaFX Application Thread] DEBUG AssetLoaderService   - Loading from cache: /assets/textures/driver.png
22:22:35.543 [JavaFX Application Thread] DEBUG AssetLoaderService   - Loading from cache: /assets/textures/driver.png
22:22:35.975 [JavaFX Application Thread] DEBUG AssetLoaderService   - Loading from cache: /assets/textures/driver.png
22:22:36.391 [JavaFX Application Thread] DEBUG AssetLoaderService   - Loading from cache: /assets/textures/driver.png
22:22:36.807 [JavaFX Application Thread] DEBUG AssetLoaderService   - Loading from cache: /assets/textures/driver.png
22:22:37.223 [JavaFX Application Thread] DEBUG AssetLoaderService   - Loading from cache: /assets/textures/driver.png
22:22:37.639 [JavaFX Application Thread] DEBUG AssetLoaderService   - Loading from cache: /assets/textures/driver.png
22:22:38.055 [JavaFX Application Thread] DEBUG AssetLoaderService   - Loading from cache: /assets/textures/driver.png
22:22:38.471 [JavaFX Application Thread] DEBUG AssetLoaderService   - Loading from cache: /assets/textures/driver.png
22:22:38.886 [JavaFX Application Thread] DEBUG AssetLoaderService   - Loading from cache: /assets/textures/driver.png
22:22:39.303 [JavaFX Application Thread] DEBUG AssetLoaderService   - Loading from cache: /assets/textures/driver.png
22:22:39.719 [JavaFX Application Thread] DEBUG AssetLoaderService   - Loading from cache: /assets/textures/driver.png
22:22:40.134 [JavaFX Application Thread] DEBUG AssetLoaderService   - Loading from cache: /assets/textures/driver.png
22:22:40.535 [JavaFX Application Thread] DEBUG AssetLoaderService   - Loading from cache: /assets/textures/coin.png
22:22:40.551 [JavaFX Application Thread] DEBUG AssetLoaderService   - Loading from cache: /assets/textures/driver.png
22:22:40.967 [JavaFX Application Thread] DEBUG AssetLoaderService   - Loading from cache: /assets/textures/driver.png
22:22:41.383 [JavaFX Application Thread] DEBUG AssetLoaderService   - Loading from cache: /assets/textures/driver.png
22:22:41.799 [JavaFX Application Thread] DEBUG AssetLoaderService   - Loading from cache: /assets/textures/driver.png
22:22:42.215 [JavaFX Application Thread] DEBUG AssetLoaderService   - Loading from cache: /assets/textures/driver.png
22:22:42.631 [JavaFX Application Thread] DEBUG AssetLoaderService   - Loading from cache: /assets/textures/driver.png
22:22:42.745 [JavaFX Application Thread] DEBUG AssetLoaderService   - Loading from cache: /assets/sounds/coincollect.wav
22:22:43.047 [JavaFX Application Thread] DEBUG AssetLoaderService   - Loading from cache: /assets/textures/driver.png
22:22:43.463 [JavaFX Application Thread] DEBUG AssetLoaderService   - Loading from cache: /assets/textures/driver.png
22:22:43.878 [JavaFX Application Thread] DEBUG AssetLoaderService   - Loading from cache: /assets/textures/driver.png
22:22:44.295 [JavaFX Application Thread] DEBUG AssetLoaderService   - Loading from cache: /assets/textures/driver.png
22:22:44.711 [JavaFX Application Thread] DEBUG AssetLoaderService   - Loading from cache: /assets/textures/driver.png
22:22:45.127 [JavaFX Application Thread] DEBUG AssetLoaderService   - Loading from cache: /assets/textures/driver.png
22:22:45.543 [JavaFX Application Thread] DEBUG AssetLoaderService   - Loading from cache: /assets/textures/driver.png
22:22:45.975 [JavaFX Application Thread] DEBUG AssetLoaderService   - Loading from cache: /assets/textures/driver.png
22:22:46.392 [JavaFX Application Thread] DEBUG AssetLoaderService   - Loading from cache: /assets/textures/driver.png
22:22:46.807 [JavaFX Application Thread] DEBUG AssetLoaderService   - Loading from cache: /assets/textures/driver.png
22:22:47.223 [JavaFX Application Thread] DEBUG AssetLoaderService   - Loading from cache: /assets/textures/driver.png
22:22:47.639 [JavaFX Application Thread] DEBUG AssetLoaderService   - Loading from cache: /assets/textures/driver.png
22:22:48.055 [JavaFX Application Thread] DEBUG AssetLoaderService   - Loading from cache: /assets/textures/driver.png
22:22:48.471 [JavaFX Application Thread] DEBUG AssetLoaderService   - Loading from cache: /assets/textures/driver.png
22:22:48.887 [JavaFX Application Thread] DEBUG AssetLoaderService   - Loading from cache: /assets/textures/driver.png
22:22:49.303 [JavaFX Application Thread] DEBUG AssetLoaderService   - Loading from cache: /assets/textures/driver.png
22:22:49.718 [JavaFX Application Thread] DEBUG AssetLoaderService   - Loading from cache: /assets/textures/driver.png
22:22:50.135 [JavaFX Application Thread] DEBUG AssetLoaderService   - Loading from cache: /assets/textures/driver.png
22:22:50.551 [JavaFX Application Thread] DEBUG AssetLoaderService   - Loading from cache: /assets/textures/driver.png
22:22:50.551 [JavaFX Application Thread] DEBUG AssetLoaderService   - Loading from cache: /assets/textures/coin.png
22:22:50.967 [JavaFX Application Thread] DEBUG AssetLoaderService   - Loading from cache: /assets/textures/driver.png
22:22:51.383 [JavaFX Application Thread] DEBUG AssetLoaderService   - Loading from cache: /assets/textures/driver.png
22:22:51.799 [JavaFX Application Thread] DEBUG AssetLoaderService   - Loading from cache: /assets/textures/driver.png
22:22:52.215 [JavaFX Application Thread] DEBUG AssetLoaderService   - Loading from cache: /assets/textures/driver.png
22:22:52.631 [JavaFX Application Thread] DEBUG AssetLoaderService   - Loading from cache: /assets/textures/driver.png
22:22:53.047 [JavaFX Application Thread] DEBUG AssetLoaderService   - Loading from cache: /assets/textures/driver.png
22:22:53.463 [JavaFX Application Thread] DEBUG AssetLoaderService   - Loading from cache: /assets/textures/driver.png
22:22:53.879 [JavaFX Application Thread] DEBUG AssetLoaderService   - Loading from cache: /assets/textures/driver.png
22:22:54.296 [JavaFX Application Thread] DEBUG AssetLoaderService   - Loading from cache: /assets/textures/driver.png
22:22:54.711 [JavaFX Application Thread] DEBUG AssetLoaderService   - Loading from cache: /assets/textures/driver.png
22:22:55.127 [JavaFX Application Thread] DEBUG AssetLoaderService   - Loading from cache: /assets/textures/driver.png
22:22:55.543 [JavaFX Application Thread] DEBUG AssetLoaderService   - Loading from cache: /assets/textures/driver.png
22:22:55.959 [JavaFX Application Thread] DEBUG AssetLoaderService   - Loading from cache: /assets/textures/driver.png
22:22:56.135 [JavaFX Application Thread] DEBUG AssetLoaderService   - Loading from cache: /assets/sounds/coincollect.wav
22:22:56.391 [JavaFX Application Thread] DEBUG AssetLoaderService   - Loading from cache: /assets/textures/driver.png
22:22:56.807 [JavaFX Application Thread] DEBUG AssetLoaderService   - Loading from cache: /assets/textures/driver.png
22:22:57.223 [JavaFX Application Thread] DEBUG AssetLoaderService   - Loading from cache: /assets/textures/driver.png
22:22:57.638 [JavaFX Application Thread] DEBUG AssetLoaderService   - Loading from cache: /assets/textures/driver.png
22:22:58.054 [JavaFX Application Thread] DEBUG AssetLoaderService   - Loading from cache: /assets/textures/driver.png
22:22:58.470 [JavaFX Application Thread] DEBUG AssetLoaderService   - Loading from cache: /assets/textures/driver.png
22:22:58.887 [JavaFX Application Thread] DEBUG AssetLoaderService   - Loading from cache: /assets/textures/driver.png
22:22:59.303 [JavaFX Application Thread] DEBUG AssetLoaderService   - Loading from cache: /assets/textures/driver.png
22:22:59.719 [JavaFX Application Thread] DEBUG AssetLoaderService   - Loading from cache: /assets/textures/driver.png
22:23:00.134 [JavaFX Application Thread] DEBUG AssetLoaderService   - Loading from cache: /assets/textures/driver.png
22:23:00.551 [JavaFX Application Thread] DEBUG AssetLoaderService   - Loading from cache: /assets/textures/driver.png
22:23:00.566 [JavaFX Application Thread] DEBUG AssetLoaderService   - Loading from cache: /assets/textures/coin.png
22:23:00.967 [JavaFX Application Thread] DEBUG AssetLoaderService   - Loading from cache: /assets/textures/driver.png
22:23:01.383 [JavaFX Application Thread] DEBUG AssetLoaderService   - Loading from cache: /assets/textures/driver.png
22:23:01.799 [JavaFX Application Thread] DEBUG AssetLoaderService   - Loading from cache: /assets/textures/driver.png
22:23:02.215 [JavaFX Application Thread] DEBUG AssetLoaderService   - Loading from cache: /assets/textures/driver.png
22:23:02.631 [JavaFX Application Thread] DEBUG AssetLoaderService   - Loading from cache: /assets/textures/driver.png
22:23:03.046 [JavaFX Application Thread] DEBUG AssetLoaderService   - Loading from cache: /assets/textures/driver.png
22:23:03.463 [JavaFX Application Thread] DEBUG AssetLoaderService   - Loading from cache: /assets/textures/driver.png
22:23:03.879 [JavaFX Application Thread] DEBUG AssetLoaderService   - Loading from cache: /assets/textures/driver.png
22:23:04.295 [JavaFX Application Thread] DEBUG AssetLoaderService   - Loading from cache: /assets/textures/driver.png
22:23:04.711 [JavaFX Application Thread] DEBUG AssetLoaderService   - Loading from cache: /assets/textures/driver.png
22:23:05.126 [JavaFX Application Thread] DEBUG AssetLoaderService   - Loading from cache: /assets/textures/driver.png
22:23:05.543 [JavaFX Application Thread] DEBUG AssetLoaderService   - Loading from cache: /assets/textures/driver.png
22:23:05.975 [JavaFX Application Thread] DEBUG AssetLoaderService   - Loading from cache: /assets/textures/driver.png
22:23:06.392 [JavaFX Application Thread] DEBUG AssetLoaderService   - Loading from cache: /assets/textures/driver.png
22:23:06.807 [JavaFX Application Thread] DEBUG AssetLoaderService   - Loading from cache: /assets/textures/driver.png
22:23:07.223 [JavaFX Application Thread] DEBUG AssetLoaderService   - Loading from cache: /assets/textures/driver.png
22:23:07.639 [JavaFX Application Thread] DEBUG AssetLoaderService   - Loading from cache: /assets/textures/driver.png
22:23:08.055 [JavaFX Application Thread] DEBUG AssetLoaderService   - Loading from cache: /assets/textures/driver.png
22:23:08.470 [JavaFX Application Thread] DEBUG AssetLoaderService   - Loading from cache: /assets/textures/driver.png
22:23:08.887 [JavaFX Application Thread] DEBUG AssetLoaderService   - Loading from cache: /assets/textures/driver.png
22:23:09.064 [JavaFX Application Thread] DEBUG AssetLoaderService   - Loading from cache: /assets/sounds/coincollect.wav
22:23:09.303 [JavaFX Application Thread] DEBUG AssetLoaderService   - Loading from cache: /assets/textures/driver.png
22:23:09.719 [JavaFX Application Thread] DEBUG AssetLoaderService   - Loading from cache: /assets/textures/driver.png
22:23:10.135 [JavaFX Application Thread] DEBUG AssetLoaderService   - Loading from cache: /assets/textures/driver.png
22:23:10.551 [JavaFX Application Thread] DEBUG AssetLoaderService   - Loading from cache: /assets/textures/driver.png
22:23:10.583 [JavaFX Application Thread] DEBUG AssetLoaderService   - Loading from cache: /assets/textures/coin.png
22:23:10.967 [JavaFX Application Thread] DEBUG AssetLoaderService   - Loading from cache: /assets/textures/driver.png
22:23:11.383 [JavaFX Application Thread] DEBUG AssetLoaderService   - Loading from cache: /assets/textures/driver.png
22:23:11.800 [JavaFX Application Thread] DEBUG AssetLoaderService   - Loading from cache: /assets/textures/driver.png
22:23:12.215 [JavaFX Application Thread] DEBUG AssetLoaderService   - Loading from cache: /assets/textures/driver.png
22:23:12.631 [JavaFX Application Thread] DEBUG AssetLoaderService   - Loading from cache: /assets/textures/driver.png
22:23:13.046 [JavaFX Application Thread] DEBUG AssetLoaderService   - Loading from cache: /assets/textures/driver.png
22:23:13.463 [JavaFX Application Thread] DEBUG AssetLoaderService   - Loading from cache: /assets/textures/driver.png
22:23:13.879 [JavaFX Application Thread] DEBUG AssetLoaderService   - Loading from cache: /assets/textures/driver.png
22:23:14.295 [JavaFX Application Thread] DEBUG AssetLoaderService   - Loading from cache: /assets/textures/driver.png
22:23:14.711 [JavaFX Application Thread] DEBUG AssetLoaderService   - Loading from cache: /assets/textures/driver.png
22:23:15.143 [JavaFX Application Thread] DEBUG AssetLoaderService   - Loading from cache: /assets/textures/driver.png
22:23:15.558 [JavaFX Application Thread] DEBUG AssetLoaderService   - Loading from cache: /assets/textures/driver.png
22:23:15.974 [JavaFX Application Thread] DEBUG AssetLoaderService   - Loading from cache: /assets/textures/driver.png
22:23:16.391 [JavaFX Application Thread] DEBUG AssetLoaderService   - Loading from cache: /assets/textures/driver.png
22:23:16.807 [JavaFX Application Thread] DEBUG AssetLoaderService   - Loading from cache: /assets/textures/driver.png
22:23:17.223 [JavaFX Application Thread] DEBUG AssetLoaderService   - Loading from cache: /assets/textures/driver.png
22:23:17.639 [JavaFX Application Thread] DEBUG AssetLoaderService   - Loading from cache: /assets/textures/driver.png
22:23:18.055 [JavaFX Application Thread] DEBUG AssetLoaderService   - Loading from cache: /assets/textures/driver.png
22:23:18.470 [JavaFX Application Thread] DEBUG AssetLoaderService   - Loading from cache: /assets/textures/driver.png
22:23:18.887 [JavaFX Application Thread] DEBUG AssetLoaderService   - Loading from cache: /assets/textures/driver.png
22:23:19.303 [JavaFX Application Thread] DEBUG AssetLoaderService   - Loading from cache: /assets/textures/driver.png
22:23:19.719 [JavaFX Application Thread] DEBUG AssetLoaderService   - Loading from cache: /assets/textures/driver.png
22:23:20.134 [JavaFX Application Thread] DEBUG AssetLoaderService   - Loading from cache: /assets/textures/driver.png
22:23:20.550 [JavaFX Application Thread] DEBUG AssetLoaderService   - Loading from cache: /assets/textures/driver.png
22:23:20.599 [JavaFX Application Thread] DEBUG AssetLoaderService   - Loading from cache: /assets/textures/coin.png
22:23:20.967 [JavaFX Application Thread] DEBUG AssetLoaderService   - Loading from cache: /assets/textures/driver.png
22:23:21.383 [JavaFX Application Thread] DEBUG AssetLoaderService   - Loading from cache: /assets/textures/driver.png
22:23:21.799 [JavaFX Application Thread] DEBUG AssetLoaderService   - Loading from cache: /assets/textures/driver.png
22:23:22.214 [JavaFX Application Thread] DEBUG AssetLoaderService   - Loading from cache: /assets/textures/driver.png
22:23:22.567 [JavaFX Application Thread] DEBUG AssetLoaderService   - Loading from cache: /assets/sounds/coincollect.wav
22:23:22.631 [JavaFX Application Thread] DEBUG AssetLoaderService   - Loading from cache: /assets/textures/driver.png
22:23:23.047 [JavaFX Application Thread] DEBUG AssetLoaderService   - Loading from cache: /assets/textures/driver.png
22:23:23.463 [JavaFX Application Thread] DEBUG AssetLoaderService   - Loading from cache: /assets/textures/driver.png
22:23:23.879 [JavaFX Application Thread] DEBUG AssetLoaderService   - Loading from cache: /assets/textures/driver.png
22:23:24.294 [JavaFX Application Thread] DEBUG AssetLoaderService   - Loading from cache: /assets/textures/driver.png
22:23:24.711 [JavaFX Application Thread] DEBUG AssetLoaderService   - Loading from cache: /assets/textures/driver.png
22:23:25.127 [JavaFX Application Thread] DEBUG AssetLoaderService   - Loading from cache: /assets/textures/driver.png
22:23:25.559 [JavaFX Application Thread] DEBUG AssetLoaderService   - Loading from cache: /assets/textures/driver.png
22:23:25.975 [JavaFX Application Thread] DEBUG AssetLoaderService   - Loading from cache: /assets/textures/driver.png
22:23:26.391 [JavaFX Application Thread] DEBUG AssetLoaderService   - Loading from cache: /assets/textures/driver.png
22:23:26.807 [JavaFX Application Thread] DEBUG AssetLoaderService   - Loading from cache: /assets/textures/driver.png
22:23:27.223 [JavaFX Application Thread] DEBUG AssetLoaderService   - Loading from cache: /assets/textures/driver.png
22:23:27.686 [JavaFX Application Thread] DEBUG GameApplication      - Exiting FXGL
22:23:27.686 [JavaFX Application Thread] DEBUG LoopRunner           - Stopping loop
22:23:27.686 [JavaFX Application Thread] DEBUG SystemBundleService  - Saving FXGL system data
22:23:27.687 [JavaFX Application Thread] DEBUG FileSystemAccess     - Writing to: E:\secondYear\Java\NewfoundlandRacer\system\fxgl.bundle
22:23:27.688 [JavaFX Application Thread] DEBUG GameApplication      - Shutting down background threads
22:23:27.688 [JavaFX Application Thread] DEBUG GameApplication      - Closing logger and exiting JavaFX
