22:25:04.774 [main                     ] DEBUG GameApplication      - Logger initialized
22:25:04.778 [main                     ] DEBUG GameApplication      - Logging settings
Title: Newfoundland Moose Collision
Version: 0.1
Width: 840
Height: 650
Fullscreen: false
Intro: false
Profiling: false
Single step:false
App Mode: DEVELOPER
Menu Key: ESCAPE
Stage Style: DECORATED
Scene Factory: class com.almasb.fxgl.app.scene.SceneFactory

22:25:05.167 [JavaFX Application Thread] DEBUG GameApplication      - Initializing FXGL
22:25:05.180 [JavaFX Application Thread] INFO  Engine               - FXGL-11.9 (27.05.2020 17.06) on WINDOWS (J:14.0.1 FX:13.0.2)
22:25:05.181 [JavaFX Application Thread] DEBUG Engine               - JRE Vendor Name: Oracle Corporation
22:25:05.181 [JavaFX Application Thread] DEBUG Engine               - Running on OS: Windows 10 version 10.0
22:25:05.181 [JavaFX Application Thread] DEBUG Engine               - Architecture: amd64
22:25:05.181 [JavaFX Application Thread] INFO  Engine               - Source code and latest versions at: https://github.com/AlmasB/FXGL
22:25:05.181 [JavaFX Application Thread] INFO  Engine               -              Join the FXGL chat at: https://gitter.im/AlmasB/FXGL
22:25:05.305 [JavaFX Application Thread] DEBUG MainWindow           - Creating a JavaFX scene
22:25:05.351 [JavaFX Application Thread] DEBUG MainWindow           - Target settings size: 840.0 x 650.0
22:25:05.351 [JavaFX Application Thread] DEBUG MainWindow           - Scaled scene size:    840.0 x 650.0
22:25:05.351 [JavaFX Application Thread] DEBUG MainWindow           - Scaled ratio: (1.0, 1.0)
22:25:05.352 [JavaFX Application Thread] DEBUG MainWindow           - Set initial scene to FXGLStartupScene
22:25:05.358 [JavaFX Application Thread] DEBUG MainWindow           - Opening main window
22:25:05.440 [JavaFX Application Thread] DEBUG MainWindow           - Window border size: (16.0, 39.0)
22:25:05.440 [JavaFX Application Thread] DEBUG MainWindow           - Scaled size: 840.0 x 650.0
22:25:05.441 [JavaFX Application Thread] DEBUG MainWindow           - Scaled ratio: (1.0, 1.0)
22:25:05.441 [JavaFX Application Thread] DEBUG MainWindow           - Scene size: 840.0 x 650.0
22:25:05.441 [JavaFX Application Thread] DEBUG MainWindow           - Stage size: 856.0 x 689.0
22:25:05.448 [FXGL Background Thread 1 ] DEBUG Engine               - Initializing environment variables
22:25:05.467 [FXGL Background Thread 1 ] DEBUG WindowService        - Applying CSS: fxgl_dark.css
22:25:05.467 [FXGL Background Thread 1 ] DEBUG AssetLoaderService   - Loading from file system: /assets/ui/css/fxgl_dark.css
22:25:05.503 [FXGL Background Thread 1 ] DEBUG WindowService        - Initializing application scenes
22:25:05.532 [FXGL Background Thread 1 ] DEBUG GameWorld            - Game world initialized
22:25:05.566 [FXGL Background Thread 1 ] DEBUG PhysicsWorld         - Physics world initialized: appHeight=650, physics.ppm=50.0
22:25:05.568 [FXGL Background Thread 1 ] DEBUG GameScene            - Game scene initialized: 840x650
22:25:05.591 [FXGL Background Thread 1 ] DEBUG AssetLoaderService   - Loading from file system: /assets/textures/particles/trace_horizontal.png
22:25:05.635 [FXGL Background Thread 1 ] DEBUG FXGL.DefaultMenu     - createMenuBodyGameMenu()
22:25:05.649 [FXGL Background Thread 1 ] DEBUG FXGL.DefaultMenu     - createOptionsMenu()
22:25:05.653 [FXGL Background Thread 1 ] DEBUG AssetLoaderService   - Loading from file system: /assets/textures/particles/smoke.png
22:25:05.691 [FXGL Background Thread 1 ] DEBUG WindowService        - Application scenes initialized
22:25:05.701 [FXGL Background Thread 1 ] DEBUG SystemBundleService  - Loading FXGL system data
22:25:05.704 [FXGL Background Thread 1 ] DEBUG FileSystemAccess     - Reading from: E:\secondYear\Java\NewfoundlandRacer\system\fxgl.bundle
22:25:05.708 [FXGL Background Thread 1 ] DEBUG SystemBundleService  - Bundle FXGL: {}
22:25:05.709 [FXGL Background Thread 1 ] INFO  Engine               - FXGL initialization took: 0.259 sec
22:25:05.710 [FXGL Background Thread 1 ] DEBUG GameApplication      - Loading localizations
22:25:05.710 [FXGL Background Thread 1 ] DEBUG AssetLoaderService   - Loading from file system: /assets/languages/english.lang
22:25:05.718 [FXGL Background Thread 1 ] DEBUG AssetLoaderService   - Loading from file system: /assets/languages/french.lang
22:25:05.719 [FXGL Background Thread 1 ] DEBUG AssetLoaderService   - Loading from file system: /assets/languages/german.lang
22:25:05.720 [FXGL Background Thread 1 ] DEBUG AssetLoaderService   - Loading from file system: /assets/languages/hungarian.lang
22:25:05.722 [FXGL Background Thread 1 ] DEBUG AssetLoaderService   - Loading from file system: /assets/languages/russian.lang
22:25:05.724 [FXGL Background Thread 1 ] DEBUG GameApplication      - Registering font factories with UI factory
22:25:05.724 [FXGL Background Thread 1 ] DEBUG AssetLoaderService   - Loading from file system: /assets/ui/fonts/VarelaRound-Regular.ttf
22:25:05.758 [FXGL Background Thread 1 ] DEBUG AssetLoaderService   - Loading from file system: /assets/ui/fonts/Abel-Regular.ttf
22:25:05.760 [FXGL Background Thread 1 ] DEBUG AssetLoaderService   - Loading from file system: /assets/ui/fonts/lucida_console.ttf
22:25:05.765 [FXGL Background Thread 1 ] DEBUG AssetLoaderService   - Loading from file system: /assets/ui/fonts/Courier-Prime.ttf
22:25:05.774 [JavaFX Application Thread] DEBUG Input                - Registered new binding: Move Right - D
22:25:05.774 [JavaFX Application Thread] DEBUG Input                - Registered new binding: Move Left - A
22:25:05.774 [JavaFX Application Thread] DEBUG Input                - Registered new binding: Move Up - W
22:25:05.774 [JavaFX Application Thread] DEBUG Input                - Registered new binding: Move Down - S
22:25:05.774 [JavaFX Application Thread] DEBUG AssetLoaderService   - Loading from file system: /assets/textures/fxgl_icon.png
22:25:05.786 [JavaFX Application Thread] DEBUG AssetLoaderService   - Loading from file system: /assets/ui/cursors/fxgl_default.png
22:25:05.788 [JavaFX Application Thread] DEBUG Input                - Registered new binding: Screenshot - P
22:25:05.789 [JavaFX Application Thread] DEBUG Input                - Registered new binding: System info dump - CTRL+9
22:25:05.789 [JavaFX Application Thread] DEBUG Input                - Registered new binding: Restart - CTRL+R
22:25:05.790 [JavaFX Application Thread] DEBUG LoopRunner           - Starting loop
22:25:05.798 [JavaFX Application Thread] DEBUG FXGLStartupScene     - STARTUP
22:25:05.798 [JavaFX Application Thread] DEBUG WindowService        - Starting new game
22:25:05.798 [JavaFX Application Thread] DEBUG Input                - Clearing active input actions
22:25:05.807 [JavaFX Application Thread] DEBUG WindowService        - Removing overlay from FXGLStartupScene and adding to FXGLLoadingScene
22:25:05.807 [JavaFX Application Thread] DEBUG MainWindow           - FXGLStartupScene -> FXGLLoadingScene
22:25:05.807 [JavaFX Application Thread] DEBUG WindowService        - Clearing previous game
22:25:05.808 [JavaFX Application Thread] DEBUG GameScene            - Clearing game scene
22:25:05.808 [JavaFX Application Thread] DEBUG GameWorld            - Clearing game world
22:25:05.808 [JavaFX Application Thread] DEBUG PhysicsWorld         - Clearing physics world
22:25:05.809 [FXGL Background Thread 1 ] DEBUG GameApplication      - Initializing game
22:25:05.815 [FXGL Background Thread 1 ] DEBUG AssetLoaderService   - Loading from file system: /assets/textures/4lanehighway.png
22:25:05.882 [FXGL Background Thread 1 ] DEBUG AssetLoaderService   - Loading from file system: /assets/textures/player.png
22:25:05.897 [FXGL Background Thread 1 ] INFO  GameApplication      - Game initialization took: 0.089 sec
22:25:05.898 [JavaFX Application Thread] DEBUG Input                - Clearing active input actions
22:25:05.906 [JavaFX Application Thread] DEBUG WindowService        - Removing overlay from FXGLLoadingScene and adding to GameScene
22:25:05.906 [JavaFX Application Thread] DEBUG MainWindow           - FXGLLoadingScene -> GameScene
22:25:06.353 [JavaFX Application Thread] DEBUG AssetLoaderService   - Loading from file system: /assets/textures/driver.png
22:25:06.849 [JavaFX Application Thread] DEBUG AssetLoaderService   - Loading from cache: /assets/textures/driver.png
22:25:07.377 [JavaFX Application Thread] DEBUG AssetLoaderService   - Loading from cache: /assets/textures/driver.png
22:25:07.890 [JavaFX Application Thread] DEBUG AssetLoaderService   - Loading from cache: /assets/textures/driver.png
22:25:08.401 [JavaFX Application Thread] DEBUG AssetLoaderService   - Loading from cache: /assets/textures/driver.png
22:25:08.710 [FXGL Background Thread 2 ] DEBUG Engine               - Logging environment variables
22:25:08.710 [FXGL Background Thread 2 ] DEBUG Engine               - achievements: []
22:25:08.710 [FXGL Background Thread 2 ] DEBUG Engine               - appIcon: fxgl_icon.png
22:25:08.710 [FXGL Background Thread 2 ] DEBUG Engine               - applicationMode: DEVELOPER
22:25:08.710 [FXGL Background Thread 2 ] DEBUG Engine               - cSSList: [fxgl_dark.css]
22:25:08.710 [FXGL Background Thread 2 ] DEBUG Engine               - configClass: Optional.empty
22:25:08.710 [FXGL Background Thread 2 ] DEBUG Engine               - credits: []
22:25:08.710 [FXGL Background Thread 2 ] DEBUG Engine               - devBBoxColorProperty: ObjectProperty [value: 0xff0000ff]
22:25:08.710 [FXGL Background Thread 2 ] DEBUG Engine               - devSensorColorProperty: ObjectProperty [value: 0xffff00ff]
22:25:08.710 [FXGL Background Thread 2 ] DEBUG Engine               - devShowBBoxProperty: BooleanProperty [value: false]
22:25:08.710 [FXGL Background Thread 2 ] DEBUG Engine               - devShowPositionProperty: BooleanProperty [value: false]
22:25:08.711 [FXGL Background Thread 2 ] DEBUG Engine               - enabledMenuItems: []
22:25:08.711 [FXGL Background Thread 2 ] DEBUG Engine               - engineServices: [class com.almasb.fxgl.app.GameApplication$GameApplicationService, class com.almasb.fxgl.app.services.WindowService, class com.almasb.fxgl.app.services.FXGLDialogService, class com.almasb.fxgl.app.services.IOTaskExecutorService, class com.almasb.fxgl.event.EventBusService, class com.almasb.fxgl.io.FileSystemService, class com.almasb.fxgl.localization.LocalizationService, class com.almasb.fxgl.app.services.AssetLoaderService, class com.almasb.fxgl.app.services.SystemBundleService, class com.almasb.fxgl.profile.SaveLoadService, class com.almasb.fxgl.ui.FXGLUIFactoryServiceProvider, class com.almasb.fxgl.ui.FXGLDialogFactoryServiceProvider, class com.almasb.fxgl.audio.AudioPlayer, class com.almasb.fxgl.notification.impl.NotificationServiceProvider, class com.almasb.fxgl.achievement.AchievementService, class com.almasb.fxgl.cutscene.CutsceneService, class com.almasb.fxgl.minigames.MiniGameService, class com.almasb.fxgl.net.NetService, class com.almasb.fxgl.app.services.UpdaterService, class com.almasb.fxgl.dev.DevService]
22:25:08.711 [FXGL Background Thread 2 ] DEBUG Engine               - fontGame: Abel-Regular.ttf
22:25:08.711 [FXGL Background Thread 2 ] DEBUG Engine               - fontMono: lucida_console.ttf
22:25:08.711 [FXGL Background Thread 2 ] DEBUG Engine               - fontText: Courier-Prime.ttf
22:25:08.711 [FXGL Background Thread 2 ] DEBUG Engine               - fontUI: VarelaRound-Regular.ttf
22:25:08.711 [FXGL Background Thread 2 ] DEBUG Engine               - fullScreen: BooleanProperty [value: false]
22:25:08.711 [FXGL Background Thread 2 ] DEBUG Engine               - gameDifficulty: MEDIUM
22:25:08.711 [FXGL Background Thread 2 ] DEBUG Engine               - gameDifficultyProperty: ObjectProperty [value: MEDIUM]
22:25:08.711 [FXGL Background Thread 2 ] DEBUG Engine               - globalMusicVolume: 0.5
22:25:08.711 [FXGL Background Thread 2 ] DEBUG Engine               - globalMusicVolumeProperty: DoubleProperty [value: 0.5]
22:25:08.711 [FXGL Background Thread 2 ] DEBUG Engine               - globalSoundVolume: 0.5
22:25:08.711 [FXGL Background Thread 2 ] DEBUG Engine               - globalSoundVolumeProperty: DoubleProperty [value: 0.5]
22:25:08.711 [FXGL Background Thread 2 ] DEBUG Engine               - height: 650
22:25:08.712 [FXGL Background Thread 2 ] DEBUG Engine               - isAndroid: false
22:25:08.712 [FXGL Background Thread 2 ] DEBUG Engine               - isBrowser: false
22:25:08.712 [FXGL Background Thread 2 ] DEBUG Engine               - isClickFeedbackEnabled: false
22:25:08.712 [FXGL Background Thread 2 ] DEBUG Engine               - isCloseConfirmation: false
22:25:08.712 [FXGL Background Thread 2 ] DEBUG Engine               - isDesktop: true
22:25:08.712 [FXGL Background Thread 2 ] DEBUG Engine               - isDeveloperMenuEnabled: false
22:25:08.712 [FXGL Background Thread 2 ] DEBUG Engine               - isExperimentalNative: false
22:25:08.712 [FXGL Background Thread 2 ] DEBUG Engine               - isExperimentalTiledLargeMap: false
22:25:08.712 [FXGL Background Thread 2 ] DEBUG Engine               - isFullScreenAllowed: false
22:25:08.712 [FXGL Background Thread 2 ] DEBUG Engine               - isFullScreenFromStart: false
22:25:08.712 [FXGL Background Thread 2 ] DEBUG Engine               - isGameMenuEnabled: true
22:25:08.712 [FXGL Background Thread 2 ] DEBUG Engine               - isIOS: false
22:25:08.712 [FXGL Background Thread 2 ] DEBUG Engine               - isIntroEnabled: false
22:25:08.712 [FXGL Background Thread 2 ] DEBUG Engine               - isLinux: false
22:25:08.712 [FXGL Background Thread 2 ] DEBUG Engine               - isMac: false
22:25:08.712 [FXGL Background Thread 2 ] DEBUG Engine               - isMainMenuEnabled: false
22:25:08.712 [FXGL Background Thread 2 ] DEBUG Engine               - isManualResizeEnabled: false
22:25:08.712 [FXGL Background Thread 2 ] DEBUG Engine               - isMobile: false
22:25:08.713 [FXGL Background Thread 2 ] DEBUG Engine               - isPreserveResizeRatio: false
22:25:08.713 [FXGL Background Thread 2 ] DEBUG Engine               - isProfilingEnabled: false
22:25:08.713 [FXGL Background Thread 2 ] DEBUG Engine               - isSingleStep: false
22:25:08.713 [FXGL Background Thread 2 ] DEBUG Engine               - isUserProfileEnabled: false
22:25:08.713 [FXGL Background Thread 2 ] DEBUG Engine               - isWindows: true
22:25:08.713 [FXGL Background Thread 2 ] DEBUG Engine               - language: ObjectProperty [value: ENGLISH]
22:25:08.713 [FXGL Background Thread 2 ] DEBUG Engine               - mainWindow: com.almasb.fxgl.app.MainWindow@6aa458a9
22:25:08.713 [FXGL Background Thread 2 ] DEBUG Engine               - menuKey: ESCAPE
22:25:08.713 [FXGL Background Thread 2 ] DEBUG Engine               - notificationViewClass: class com.almasb.fxgl.notification.view.XboxNotificationView
22:25:08.713 [FXGL Background Thread 2 ] DEBUG Engine               - pixelsPerMeter: 50.0
22:25:08.713 [FXGL Background Thread 2 ] DEBUG Engine               - platform: WINDOWS
22:25:08.713 [FXGL Background Thread 2 ] DEBUG Engine               - profileDir: profiles/
22:25:08.713 [FXGL Background Thread 2 ] DEBUG Engine               - profileName: StringProperty [value: DEFAULT]
22:25:08.713 [FXGL Background Thread 2 ] DEBUG Engine               - randomSeed: -1
22:25:08.713 [FXGL Background Thread 2 ] DEBUG Engine               - runtimeInfo: RuntimeInfo(platform=WINDOWS, version=11.9, build=27.05.2020 17.06)
22:25:08.713 [FXGL Background Thread 2 ] DEBUG Engine               - saveFileExt: sav
22:25:08.713 [FXGL Background Thread 2 ] DEBUG Engine               - sceneFactory: com.almasb.fxgl.app.scene.SceneFactory@2fa6db99
22:25:08.713 [FXGL Background Thread 2 ] DEBUG Engine               - secondsIn24h: 60
22:25:08.713 [FXGL Background Thread 2 ] DEBUG Engine               - settings: Title: Newfoundland Moose Collision
Version: 0.1
Width: 840
Height: 650
Fullscreen: false
Intro: false
Profiling: false
Single step:false
App Mode: DEVELOPER
Menu Key: ESCAPE
Stage Style: DECORATED
Scene Factory: class com.almasb.fxgl.app.scene.SceneFactory

22:25:08.714 [FXGL Background Thread 2 ] DEBUG Engine               - soundMenuBack: menu/back.wav
22:25:08.714 [FXGL Background Thread 2 ] DEBUG Engine               - soundMenuPress: menu/press.wav
22:25:08.714 [FXGL Background Thread 2 ] DEBUG Engine               - soundMenuSelect: menu/select.wav
22:25:08.714 [FXGL Background Thread 2 ] DEBUG Engine               - soundNotification: core/notification.wav
22:25:08.714 [FXGL Background Thread 2 ] DEBUG Engine               - stageStyle: DECORATED
22:25:08.714 [FXGL Background Thread 2 ] DEBUG Engine               - supportedLanguages: [ENGLISH, FRENCH, GERMAN, HUNGARIAN, RUSSIAN]
22:25:08.714 [FXGL Background Thread 2 ] DEBUG Engine               - title: Newfoundland Moose Collision
22:25:08.714 [FXGL Background Thread 2 ] DEBUG Engine               - urlGithub: https://github.com/AlmasB/FXGL
22:25:08.714 [FXGL Background Thread 2 ] DEBUG Engine               - urlLeaderboard: http://fxgl-top.herokuapp.com/
22:25:08.714 [FXGL Background Thread 2 ] DEBUG Engine               - urlPOM: https://raw.githubusercontent.com/AlmasB/FXGL/master/pom.xml
22:25:08.714 [FXGL Background Thread 2 ] DEBUG Engine               - version: 0.1
22:25:08.714 [FXGL Background Thread 2 ] DEBUG Engine               - versionCheckDays: 7
22:25:08.714 [FXGL Background Thread 2 ] DEBUG Engine               - width: 840
22:25:08.714 [FXGL Background Thread 2 ] DEBUG Engine               - Logging services
22:25:08.714 [FXGL Background Thread 2 ] DEBUG Engine               - class com.almasb.fxgl.app.GameApplication$GameApplicationService
22:25:08.714 [FXGL Background Thread 2 ] DEBUG Engine               - class com.almasb.fxgl.app.services.WindowService
22:25:08.714 [FXGL Background Thread 2 ] DEBUG Engine               - class com.almasb.fxgl.app.services.FXGLDialogService
22:25:08.714 [FXGL Background Thread 2 ] DEBUG Engine               - class com.almasb.fxgl.app.services.IOTaskExecutorService
22:25:08.714 [FXGL Background Thread 2 ] DEBUG Engine               - class com.almasb.fxgl.event.EventBusService
22:25:08.714 [FXGL Background Thread 2 ] DEBUG Engine               - class com.almasb.fxgl.io.FileSystemService
22:25:08.714 [FXGL Background Thread 2 ] DEBUG Engine               - class com.almasb.fxgl.localization.LocalizationService
22:25:08.714 [FXGL Background Thread 2 ] DEBUG Engine               - class com.almasb.fxgl.app.services.AssetLoaderService
22:25:08.714 [FXGL Background Thread 2 ] DEBUG Engine               - class com.almasb.fxgl.app.services.SystemBundleService
22:25:08.714 [FXGL Background Thread 2 ] DEBUG Engine               - class com.almasb.fxgl.profile.SaveLoadService
22:25:08.714 [FXGL Background Thread 2 ] DEBUG Engine               - class com.almasb.fxgl.ui.FXGLUIFactoryServiceProvider
22:25:08.715 [FXGL Background Thread 2 ] DEBUG Engine               - class com.almasb.fxgl.ui.FXGLDialogFactoryServiceProvider
22:25:08.715 [FXGL Background Thread 2 ] DEBUG Engine               - class com.almasb.fxgl.audio.AudioPlayer
22:25:08.715 [FXGL Background Thread 2 ] DEBUG Engine               - class com.almasb.fxgl.notification.impl.NotificationServiceProvider
22:25:08.715 [FXGL Background Thread 2 ] DEBUG Engine               - class com.almasb.fxgl.achievement.AchievementService
22:25:08.715 [FXGL Background Thread 2 ] DEBUG Engine               - class com.almasb.fxgl.cutscene.CutsceneService
22:25:08.715 [FXGL Background Thread 2 ] DEBUG Engine               - class com.almasb.fxgl.minigames.MiniGameService
22:25:08.715 [FXGL Background Thread 2 ] DEBUG Engine               - class com.almasb.fxgl.net.NetService
22:25:08.715 [FXGL Background Thread 2 ] DEBUG Engine               - class com.almasb.fxgl.app.services.UpdaterService
22:25:08.715 [FXGL Background Thread 2 ] DEBUG Engine               - class com.almasb.fxgl.dev.DevService
22:25:08.913 [JavaFX Application Thread] DEBUG AssetLoaderService   - Loading from cache: /assets/textures/driver.png
22:25:09.441 [JavaFX Application Thread] DEBUG AssetLoaderService   - Loading from cache: /assets/textures/driver.png
22:25:09.953 [JavaFX Application Thread] DEBUG AssetLoaderService   - Loading from cache: /assets/textures/driver.png
22:25:10.465 [JavaFX Application Thread] DEBUG AssetLoaderService   - Loading from cache: /assets/textures/driver.png
22:25:10.993 [JavaFX Application Thread] DEBUG AssetLoaderService   - Loading from cache: /assets/textures/driver.png
22:25:11.506 [JavaFX Application Thread] DEBUG AssetLoaderService   - Loading from cache: /assets/textures/driver.png
22:25:12.018 [JavaFX Application Thread] DEBUG AssetLoaderService   - Loading from cache: /assets/textures/driver.png
22:25:12.529 [JavaFX Application Thread] DEBUG AssetLoaderService   - Loading from cache: /assets/textures/driver.png
22:25:13.057 [JavaFX Application Thread] DEBUG AssetLoaderService   - Loading from cache: /assets/textures/driver.png
22:25:13.569 [JavaFX Application Thread] DEBUG AssetLoaderService   - Loading from cache: /assets/textures/driver.png
22:25:14.067 [JavaFX Application Thread] DEBUG AssetLoaderService   - Loading from cache: /assets/textures/driver.png
22:25:14.577 [JavaFX Application Thread] DEBUG AssetLoaderService   - Loading from cache: /assets/textures/driver.png
22:25:15.073 [JavaFX Application Thread] DEBUG AssetLoaderService   - Loading from cache: /assets/textures/driver.png
22:25:15.570 [JavaFX Application Thread] DEBUG AssetLoaderService   - Loading from cache: /assets/textures/driver.png
22:25:15.841 [JavaFX Application Thread] DEBUG AssetLoaderService   - Loading from file system: /assets/textures/coin.png
22:25:16.065 [JavaFX Application Thread] DEBUG AssetLoaderService   - Loading from cache: /assets/textures/driver.png
22:25:16.578 [JavaFX Application Thread] DEBUG AssetLoaderService   - Loading from cache: /assets/textures/driver.png
22:25:17.073 [JavaFX Application Thread] DEBUG AssetLoaderService   - Loading from cache: /assets/textures/driver.png
22:25:17.569 [JavaFX Application Thread] DEBUG AssetLoaderService   - Loading from cache: /assets/textures/driver.png
22:25:18.065 [JavaFX Application Thread] DEBUG AssetLoaderService   - Loading from cache: /assets/textures/driver.png
22:25:18.577 [JavaFX Application Thread] DEBUG AssetLoaderService   - Loading from cache: /assets/textures/driver.png
22:25:19.074 [JavaFX Application Thread] DEBUG AssetLoaderService   - Loading from cache: /assets/textures/driver.png
22:25:19.569 [JavaFX Application Thread] DEBUG AssetLoaderService   - Loading from cache: /assets/textures/driver.png
22:25:19.667 [JavaFX Application Thread] DEBUG AssetLoaderService   - Loading from file system: /assets/sounds/coincollect.wav
22:25:20.098 [JavaFX Application Thread] DEBUG AssetLoaderService   - Loading from cache: /assets/textures/driver.png
22:25:20.610 [JavaFX Application Thread] DEBUG AssetLoaderService   - Loading from cache: /assets/textures/driver.png
22:25:21.105 [JavaFX Application Thread] DEBUG AssetLoaderService   - Loading from cache: /assets/textures/driver.png
22:25:21.602 [JavaFX Application Thread] DEBUG AssetLoaderService   - Loading from cache: /assets/textures/driver.png
22:25:22.130 [JavaFX Application Thread] DEBUG AssetLoaderService   - Loading from cache: /assets/textures/driver.png
22:25:22.643 [JavaFX Application Thread] DEBUG AssetLoaderService   - Loading from cache: /assets/textures/driver.png
22:25:23.153 [JavaFX Application Thread] DEBUG AssetLoaderService   - Loading from cache: /assets/textures/driver.png
22:25:23.665 [JavaFX Application Thread] DEBUG AssetLoaderService   - Loading from cache: /assets/textures/driver.png
22:25:24.193 [JavaFX Application Thread] DEBUG AssetLoaderService   - Loading from cache: /assets/textures/driver.png
22:25:24.705 [JavaFX Application Thread] DEBUG AssetLoaderService   - Loading from cache: /assets/textures/driver.png
22:25:25.218 [JavaFX Application Thread] DEBUG AssetLoaderService   - Loading from cache: /assets/textures/driver.png
22:25:25.745 [JavaFX Application Thread] DEBUG AssetLoaderService   - Loading from cache: /assets/textures/driver.png
22:25:25.873 [JavaFX Application Thread] DEBUG AssetLoaderService   - Loading from cache: /assets/textures/coin.png
22:25:26.258 [JavaFX Application Thread] DEBUG AssetLoaderService   - Loading from cache: /assets/textures/driver.png
22:25:26.769 [JavaFX Application Thread] DEBUG AssetLoaderService   - Loading from cache: /assets/textures/driver.png
22:25:27.281 [JavaFX Application Thread] DEBUG AssetLoaderService   - Loading from cache: /assets/textures/driver.png
22:25:27.809 [JavaFX Application Thread] DEBUG AssetLoaderService   - Loading from cache: /assets/textures/driver.png
22:25:28.321 [JavaFX Application Thread] DEBUG AssetLoaderService   - Loading from cache: /assets/textures/driver.png
22:25:28.834 [JavaFX Application Thread] DEBUG AssetLoaderService   - Loading from cache: /assets/textures/driver.png
22:25:29.361 [JavaFX Application Thread] DEBUG AssetLoaderService   - Loading from cache: /assets/textures/driver.png
22:25:29.873 [JavaFX Application Thread] DEBUG AssetLoaderService   - Loading from cache: /assets/textures/driver.png
22:25:30.386 [JavaFX Application Thread] DEBUG AssetLoaderService   - Loading from cache: /assets/textures/driver.png
22:25:30.897 [JavaFX Application Thread] DEBUG AssetLoaderService   - Loading from cache: /assets/textures/driver.png
22:25:31.425 [JavaFX Application Thread] DEBUG AssetLoaderService   - Loading from cache: /assets/textures/driver.png
22:25:31.937 [JavaFX Application Thread] DEBUG AssetLoaderService   - Loading from cache: /assets/textures/driver.png
22:25:31.985 [JavaFX Application Thread] DEBUG AssetLoaderService   - Loading from cache: /assets/sounds/coincollect.wav
22:25:32.449 [JavaFX Application Thread] DEBUG AssetLoaderService   - Loading from cache: /assets/textures/driver.png
22:25:32.977 [JavaFX Application Thread] DEBUG AssetLoaderService   - Loading from cache: /assets/textures/driver.png
22:25:33.489 [JavaFX Application Thread] DEBUG AssetLoaderService   - Loading from cache: /assets/textures/driver.png
22:25:34.001 [JavaFX Application Thread] DEBUG AssetLoaderService   - Loading from cache: /assets/textures/driver.png
22:25:34.529 [JavaFX Application Thread] DEBUG AssetLoaderService   - Loading from cache: /assets/textures/driver.png
22:25:35.041 [JavaFX Application Thread] DEBUG AssetLoaderService   - Loading from cache: /assets/textures/driver.png
22:25:35.553 [JavaFX Application Thread] DEBUG AssetLoaderService   - Loading from cache: /assets/textures/driver.png
22:25:35.889 [JavaFX Application Thread] DEBUG AssetLoaderService   - Loading from cache: /assets/textures/coin.png
22:25:36.066 [JavaFX Application Thread] DEBUG AssetLoaderService   - Loading from cache: /assets/textures/driver.png
22:25:36.599 [JavaFX Application Thread] DEBUG GameApplication      - Exiting FXGL
22:25:36.599 [JavaFX Application Thread] DEBUG LoopRunner           - Stopping loop
22:25:36.599 [JavaFX Application Thread] DEBUG SystemBundleService  - Saving FXGL system data
22:25:36.600 [JavaFX Application Thread] DEBUG FileSystemAccess     - Writing to: E:\secondYear\Java\NewfoundlandRacer\system\fxgl.bundle
22:25:36.601 [JavaFX Application Thread] DEBUG GameApplication      - Shutting down background threads
22:25:36.601 [JavaFX Application Thread] DEBUG GameApplication      - Closing logger and exiting JavaFX
