22:32:58.374 [main                     ] DEBUG GameApplication      - Logger initialized
22:32:58.379 [main                     ] DEBUG GameApplication      - Logging settings
Title: Newfoundland Moose Collision
Version: 0.1
Width: 840
Height: 650
Fullscreen: false
Intro: false
Profiling: false
Single step:false
App Mode: DEVELOPER
Menu Key: ESCAPE
Stage Style: DECORATED
Scene Factory: class com.almasb.fxgl.app.scene.SceneFactory

22:32:58.755 [JavaFX Application Thread] DEBUG GameApplication      - Initializing FXGL
22:32:58.768 [JavaFX Application Thread] INFO  Engine               - FXGL-11.9 (27.05.2020 17.06) on WINDOWS (J:14.0.1 FX:13.0.2)
22:32:58.768 [JavaFX Application Thread] DEBUG Engine               - JRE Vendor Name: Oracle Corporation
22:32:58.768 [JavaFX Application Thread] DEBUG Engine               - Running on OS: Windows 10 version 10.0
22:32:58.768 [JavaFX Application Thread] DEBUG Engine               - Architecture: amd64
22:32:58.768 [JavaFX Application Thread] INFO  Engine               - Source code and latest versions at: https://github.com/AlmasB/FXGL
22:32:58.768 [JavaFX Application Thread] INFO  Engine               -              Join the FXGL chat at: https://gitter.im/AlmasB/FXGL
22:32:58.881 [JavaFX Application Thread] DEBUG MainWindow           - Creating a JavaFX scene
22:32:58.925 [JavaFX Application Thread] DEBUG MainWindow           - Target settings size: 840.0 x 650.0
22:32:58.925 [JavaFX Application Thread] DEBUG MainWindow           - Scaled scene size:    840.0 x 650.0
22:32:58.925 [JavaFX Application Thread] DEBUG MainWindow           - Scaled ratio: (1.0, 1.0)
22:32:58.926 [JavaFX Application Thread] DEBUG MainWindow           - Set initial scene to FXGLStartupScene
22:32:58.933 [JavaFX Application Thread] DEBUG MainWindow           - Opening main window
22:32:59.016 [JavaFX Application Thread] DEBUG MainWindow           - Window border size: (16.0, 39.0)
22:32:59.016 [JavaFX Application Thread] DEBUG MainWindow           - Scaled size: 840.0 x 650.0
22:32:59.016 [JavaFX Application Thread] DEBUG MainWindow           - Scaled ratio: (1.0, 1.0)
22:32:59.016 [JavaFX Application Thread] DEBUG MainWindow           - Scene size: 840.0 x 650.0
22:32:59.016 [JavaFX Application Thread] DEBUG MainWindow           - Stage size: 856.0 x 689.0
22:32:59.025 [FXGL Background Thread 1 ] DEBUG Engine               - Initializing environment variables
22:32:59.045 [FXGL Background Thread 1 ] DEBUG WindowService        - Applying CSS: fxgl_dark.css
22:32:59.046 [FXGL Background Thread 1 ] DEBUG AssetLoaderService   - Loading from file system: /assets/ui/css/fxgl_dark.css
22:32:59.081 [FXGL Background Thread 1 ] DEBUG WindowService        - Initializing application scenes
22:32:59.108 [FXGL Background Thread 1 ] DEBUG GameWorld            - Game world initialized
22:32:59.141 [FXGL Background Thread 1 ] DEBUG PhysicsWorld         - Physics world initialized: appHeight=650, physics.ppm=50.0
22:32:59.142 [FXGL Background Thread 1 ] DEBUG GameScene            - Game scene initialized: 840x650
22:32:59.164 [FXGL Background Thread 1 ] DEBUG AssetLoaderService   - Loading from file system: /assets/textures/particles/trace_horizontal.png
22:32:59.206 [FXGL Background Thread 1 ] DEBUG FXGL.DefaultMenu     - createMenuBodyGameMenu()
22:32:59.221 [FXGL Background Thread 1 ] DEBUG FXGL.DefaultMenu     - createOptionsMenu()
22:32:59.224 [FXGL Background Thread 1 ] DEBUG AssetLoaderService   - Loading from file system: /assets/textures/particles/smoke.png
22:32:59.262 [FXGL Background Thread 1 ] DEBUG WindowService        - Application scenes initialized
22:32:59.270 [FXGL Background Thread 1 ] DEBUG SystemBundleService  - Loading FXGL system data
22:32:59.274 [FXGL Background Thread 1 ] DEBUG FileSystemAccess     - Reading from: E:\secondYear\Java\NewfoundlandRacer\system\fxgl.bundle
22:32:59.277 [FXGL Background Thread 1 ] DEBUG SystemBundleService  - Bundle FXGL: {}
22:32:59.277 [FXGL Background Thread 1 ] INFO  Engine               - FXGL initialization took: 0.250 sec
22:32:59.279 [FXGL Background Thread 1 ] DEBUG GameApplication      - Loading localizations
22:32:59.279 [FXGL Background Thread 1 ] DEBUG AssetLoaderService   - Loading from file system: /assets/languages/english.lang
22:32:59.286 [FXGL Background Thread 1 ] DEBUG AssetLoaderService   - Loading from file system: /assets/languages/french.lang
22:32:59.287 [FXGL Background Thread 1 ] DEBUG AssetLoaderService   - Loading from file system: /assets/languages/german.lang
22:32:59.288 [FXGL Background Thread 1 ] DEBUG AssetLoaderService   - Loading from file system: /assets/languages/hungarian.lang
22:32:59.291 [FXGL Background Thread 1 ] DEBUG AssetLoaderService   - Loading from file system: /assets/languages/russian.lang
22:32:59.292 [FXGL Background Thread 1 ] DEBUG GameApplication      - Registering font factories with UI factory
22:32:59.292 [FXGL Background Thread 1 ] DEBUG AssetLoaderService   - Loading from file system: /assets/ui/fonts/VarelaRound-Regular.ttf
22:32:59.325 [FXGL Background Thread 1 ] DEBUG AssetLoaderService   - Loading from file system: /assets/ui/fonts/Abel-Regular.ttf
22:32:59.327 [FXGL Background Thread 1 ] DEBUG AssetLoaderService   - Loading from file system: /assets/ui/fonts/lucida_console.ttf
22:32:59.331 [FXGL Background Thread 1 ] DEBUG AssetLoaderService   - Loading from file system: /assets/ui/fonts/Courier-Prime.ttf
22:32:59.341 [JavaFX Application Thread] DEBUG Input                - Registered new binding: Move Right - D
22:32:59.341 [JavaFX Application Thread] DEBUG Input                - Registered new binding: Move Left - A
22:32:59.341 [JavaFX Application Thread] DEBUG Input                - Registered new binding: Move Up - W
22:32:59.341 [JavaFX Application Thread] DEBUG Input                - Registered new binding: Move Down - S
22:32:59.341 [JavaFX Application Thread] DEBUG AssetLoaderService   - Loading from file system: /assets/textures/fxgl_icon.png
22:32:59.355 [JavaFX Application Thread] DEBUG AssetLoaderService   - Loading from file system: /assets/ui/cursors/fxgl_default.png
22:32:59.357 [JavaFX Application Thread] DEBUG Input                - Registered new binding: Screenshot - P
22:32:59.357 [JavaFX Application Thread] DEBUG Input                - Registered new binding: System info dump - CTRL+9
22:32:59.358 [JavaFX Application Thread] DEBUG Input                - Registered new binding: Restart - CTRL+R
22:32:59.358 [JavaFX Application Thread] DEBUG LoopRunner           - Starting loop
22:32:59.371 [JavaFX Application Thread] DEBUG FXGLStartupScene     - STARTUP
22:32:59.371 [JavaFX Application Thread] DEBUG WindowService        - Starting new game
22:32:59.371 [JavaFX Application Thread] DEBUG Input                - Clearing active input actions
22:32:59.379 [JavaFX Application Thread] DEBUG WindowService        - Removing overlay from FXGLStartupScene and adding to FXGLLoadingScene
22:32:59.379 [JavaFX Application Thread] DEBUG MainWindow           - FXGLStartupScene -> FXGLLoadingScene
22:32:59.379 [JavaFX Application Thread] DEBUG WindowService        - Clearing previous game
22:32:59.379 [JavaFX Application Thread] DEBUG GameScene            - Clearing game scene
22:32:59.379 [JavaFX Application Thread] DEBUG GameWorld            - Clearing game world
22:32:59.379 [JavaFX Application Thread] DEBUG PhysicsWorld         - Clearing physics world
22:32:59.380 [FXGL Background Thread 1 ] DEBUG GameApplication      - Initializing game
22:32:59.386 [FXGL Background Thread 1 ] DEBUG AssetLoaderService   - Loading from file system: /assets/textures/4lanehighway.png
22:32:59.467 [FXGL Background Thread 1 ] DEBUG AssetLoaderService   - Loading from file system: /assets/textures/player.png
22:32:59.479 [FXGL Background Thread 1 ] INFO  GameApplication      - Game initialization took: 0.099 sec
22:32:59.488 [JavaFX Application Thread] DEBUG Input                - Clearing active input actions
22:32:59.494 [JavaFX Application Thread] DEBUG WindowService        - Removing overlay from FXGLLoadingScene and adding to GameScene
22:32:59.495 [JavaFX Application Thread] DEBUG MainWindow           - FXGLLoadingScene -> GameScene
22:32:59.927 [JavaFX Application Thread] DEBUG AssetLoaderService   - Loading from file system: /assets/textures/driver.png
22:33:00.422 [JavaFX Application Thread] DEBUG AssetLoaderService   - Loading from cache: /assets/textures/driver.png
22:33:00.952 [JavaFX Application Thread] DEBUG AssetLoaderService   - Loading from cache: /assets/textures/driver.png
22:33:01.463 [JavaFX Application Thread] DEBUG AssetLoaderService   - Loading from cache: /assets/textures/driver.png
22:33:01.974 [JavaFX Application Thread] DEBUG AssetLoaderService   - Loading from cache: /assets/textures/driver.png
22:33:02.279 [FXGL Background Thread 2 ] DEBUG Engine               - Logging environment variables
22:33:02.279 [FXGL Background Thread 2 ] DEBUG Engine               - achievements: []
22:33:02.279 [FXGL Background Thread 2 ] DEBUG Engine               - appIcon: fxgl_icon.png
22:33:02.280 [FXGL Background Thread 2 ] DEBUG Engine               - applicationMode: DEVELOPER
22:33:02.280 [FXGL Background Thread 2 ] DEBUG Engine               - cSSList: [fxgl_dark.css]
22:33:02.280 [FXGL Background Thread 2 ] DEBUG Engine               - configClass: Optional.empty
22:33:02.280 [FXGL Background Thread 2 ] DEBUG Engine               - credits: []
22:33:02.280 [FXGL Background Thread 2 ] DEBUG Engine               - devBBoxColorProperty: ObjectProperty [value: 0xff0000ff]
22:33:02.280 [FXGL Background Thread 2 ] DEBUG Engine               - devSensorColorProperty: ObjectProperty [value: 0xffff00ff]
22:33:02.281 [FXGL Background Thread 2 ] DEBUG Engine               - devShowBBoxProperty: BooleanProperty [value: false]
22:33:02.281 [FXGL Background Thread 2 ] DEBUG Engine               - devShowPositionProperty: BooleanProperty [value: false]
22:33:02.281 [FXGL Background Thread 2 ] DEBUG Engine               - enabledMenuItems: []
22:33:02.281 [FXGL Background Thread 2 ] DEBUG Engine               - engineServices: [class com.almasb.fxgl.app.GameApplication$GameApplicationService, class com.almasb.fxgl.app.services.WindowService, class com.almasb.fxgl.app.services.FXGLDialogService, class com.almasb.fxgl.app.services.IOTaskExecutorService, class com.almasb.fxgl.event.EventBusService, class com.almasb.fxgl.io.FileSystemService, class com.almasb.fxgl.localization.LocalizationService, class com.almasb.fxgl.app.services.AssetLoaderService, class com.almasb.fxgl.app.services.SystemBundleService, class com.almasb.fxgl.profile.SaveLoadService, class com.almasb.fxgl.ui.FXGLUIFactoryServiceProvider, class com.almasb.fxgl.ui.FXGLDialogFactoryServiceProvider, class com.almasb.fxgl.audio.AudioPlayer, class com.almasb.fxgl.notification.impl.NotificationServiceProvider, class com.almasb.fxgl.achievement.AchievementService, class com.almasb.fxgl.cutscene.CutsceneService, class com.almasb.fxgl.minigames.MiniGameService, class com.almasb.fxgl.net.NetService, class com.almasb.fxgl.app.services.UpdaterService, class com.almasb.fxgl.dev.DevService]
22:33:02.281 [FXGL Background Thread 2 ] DEBUG Engine               - fontGame: Abel-Regular.ttf
22:33:02.281 [FXGL Background Thread 2 ] DEBUG Engine               - fontMono: lucida_console.ttf
22:33:02.281 [FXGL Background Thread 2 ] DEBUG Engine               - fontText: Courier-Prime.ttf
22:33:02.282 [FXGL Background Thread 2 ] DEBUG Engine               - fontUI: VarelaRound-Regular.ttf
22:33:02.282 [FXGL Background Thread 2 ] DEBUG Engine               - fullScreen: BooleanProperty [value: false]
22:33:02.282 [FXGL Background Thread 2 ] DEBUG Engine               - gameDifficulty: MEDIUM
22:33:02.282 [FXGL Background Thread 2 ] DEBUG Engine               - gameDifficultyProperty: ObjectProperty [value: MEDIUM]
22:33:02.282 [FXGL Background Thread 2 ] DEBUG Engine               - globalMusicVolume: 0.5
22:33:02.282 [FXGL Background Thread 2 ] DEBUG Engine               - globalMusicVolumeProperty: DoubleProperty [value: 0.5]
22:33:02.282 [FXGL Background Thread 2 ] DEBUG Engine               - globalSoundVolume: 0.5
22:33:02.283 [FXGL Background Thread 2 ] DEBUG Engine               - globalSoundVolumeProperty: DoubleProperty [value: 0.5]
22:33:02.283 [FXGL Background Thread 2 ] DEBUG Engine               - height: 650
22:33:02.283 [FXGL Background Thread 2 ] DEBUG Engine               - isAndroid: false
22:33:02.283 [FXGL Background Thread 2 ] DEBUG Engine               - isBrowser: false
22:33:02.283 [FXGL Background Thread 2 ] DEBUG Engine               - isClickFeedbackEnabled: false
22:33:02.283 [FXGL Background Thread 2 ] DEBUG Engine               - isCloseConfirmation: false
22:33:02.283 [FXGL Background Thread 2 ] DEBUG Engine               - isDesktop: true
22:33:02.283 [FXGL Background Thread 2 ] DEBUG Engine               - isDeveloperMenuEnabled: false
22:33:02.283 [FXGL Background Thread 2 ] DEBUG Engine               - isExperimentalNative: false
22:33:02.284 [FXGL Background Thread 2 ] DEBUG Engine               - isExperimentalTiledLargeMap: false
22:33:02.284 [FXGL Background Thread 2 ] DEBUG Engine               - isFullScreenAllowed: false
22:33:02.284 [FXGL Background Thread 2 ] DEBUG Engine               - isFullScreenFromStart: false
22:33:02.284 [FXGL Background Thread 2 ] DEBUG Engine               - isGameMenuEnabled: true
22:33:02.284 [FXGL Background Thread 2 ] DEBUG Engine               - isIOS: false
22:33:02.284 [FXGL Background Thread 2 ] DEBUG Engine               - isIntroEnabled: false
22:33:02.284 [FXGL Background Thread 2 ] DEBUG Engine               - isLinux: false
22:33:02.284 [FXGL Background Thread 2 ] DEBUG Engine               - isMac: false
22:33:02.284 [FXGL Background Thread 2 ] DEBUG Engine               - isMainMenuEnabled: false
22:33:02.285 [FXGL Background Thread 2 ] DEBUG Engine               - isManualResizeEnabled: false
22:33:02.285 [FXGL Background Thread 2 ] DEBUG Engine               - isMobile: false
22:33:02.285 [FXGL Background Thread 2 ] DEBUG Engine               - isPreserveResizeRatio: false
22:33:02.285 [FXGL Background Thread 2 ] DEBUG Engine               - isProfilingEnabled: false
22:33:02.285 [FXGL Background Thread 2 ] DEBUG Engine               - isSingleStep: false
22:33:02.285 [FXGL Background Thread 2 ] DEBUG Engine               - isUserProfileEnabled: false
22:33:02.285 [FXGL Background Thread 2 ] DEBUG Engine               - isWindows: true
22:33:02.285 [FXGL Background Thread 2 ] DEBUG Engine               - language: ObjectProperty [value: ENGLISH]
22:33:02.285 [FXGL Background Thread 2 ] DEBUG Engine               - mainWindow: com.almasb.fxgl.app.MainWindow@3799bb71
22:33:02.285 [FXGL Background Thread 2 ] DEBUG Engine               - menuKey: ESCAPE
22:33:02.285 [FXGL Background Thread 2 ] DEBUG Engine               - notificationViewClass: class com.almasb.fxgl.notification.view.XboxNotificationView
22:33:02.285 [FXGL Background Thread 2 ] DEBUG Engine               - pixelsPerMeter: 50.0
22:33:02.285 [FXGL Background Thread 2 ] DEBUG Engine               - platform: WINDOWS
22:33:02.285 [FXGL Background Thread 2 ] DEBUG Engine               - profileDir: profiles/
22:33:02.285 [FXGL Background Thread 2 ] DEBUG Engine               - profileName: StringProperty [value: DEFAULT]
22:33:02.285 [FXGL Background Thread 2 ] DEBUG Engine               - randomSeed: -1
22:33:02.285 [FXGL Background Thread 2 ] DEBUG Engine               - runtimeInfo: RuntimeInfo(platform=WINDOWS, version=11.9, build=27.05.2020 17.06)
22:33:02.285 [FXGL Background Thread 2 ] DEBUG Engine               - saveFileExt: sav
22:33:02.285 [FXGL Background Thread 2 ] DEBUG Engine               - sceneFactory: com.almasb.fxgl.app.scene.SceneFactory@729b23e6
22:33:02.285 [FXGL Background Thread 2 ] DEBUG Engine               - secondsIn24h: 60
22:33:02.285 [FXGL Background Thread 2 ] DEBUG Engine               - settings: Title: Newfoundland Moose Collision
Version: 0.1
Width: 840
Height: 650
Fullscreen: false
Intro: false
Profiling: false
Single step:false
App Mode: DEVELOPER
Menu Key: ESCAPE
Stage Style: DECORATED
Scene Factory: class com.almasb.fxgl.app.scene.SceneFactory

22:33:02.285 [FXGL Background Thread 2 ] DEBUG Engine               - soundMenuBack: menu/back.wav
22:33:02.286 [FXGL Background Thread 2 ] DEBUG Engine               - soundMenuPress: menu/press.wav
22:33:02.286 [FXGL Background Thread 2 ] DEBUG Engine               - soundMenuSelect: menu/select.wav
22:33:02.286 [FXGL Background Thread 2 ] DEBUG Engine               - soundNotification: core/notification.wav
22:33:02.286 [FXGL Background Thread 2 ] DEBUG Engine               - stageStyle: DECORATED
22:33:02.286 [FXGL Background Thread 2 ] DEBUG Engine               - supportedLanguages: [ENGLISH, FRENCH, GERMAN, HUNGARIAN, RUSSIAN]
22:33:02.286 [FXGL Background Thread 2 ] DEBUG Engine               - title: Newfoundland Moose Collision
22:33:02.286 [FXGL Background Thread 2 ] DEBUG Engine               - urlGithub: https://github.com/AlmasB/FXGL
22:33:02.286 [FXGL Background Thread 2 ] DEBUG Engine               - urlLeaderboard: http://fxgl-top.herokuapp.com/
22:33:02.286 [FXGL Background Thread 2 ] DEBUG Engine               - urlPOM: https://raw.githubusercontent.com/AlmasB/FXGL/master/pom.xml
22:33:02.286 [FXGL Background Thread 2 ] DEBUG Engine               - version: 0.1
22:33:02.286 [FXGL Background Thread 2 ] DEBUG Engine               - versionCheckDays: 7
22:33:02.286 [FXGL Background Thread 2 ] DEBUG Engine               - width: 840
22:33:02.286 [FXGL Background Thread 2 ] DEBUG Engine               - Logging services
22:33:02.286 [FXGL Background Thread 2 ] DEBUG Engine               - class com.almasb.fxgl.app.GameApplication$GameApplicationService
22:33:02.286 [FXGL Background Thread 2 ] DEBUG Engine               - class com.almasb.fxgl.app.services.WindowService
22:33:02.286 [FXGL Background Thread 2 ] DEBUG Engine               - class com.almasb.fxgl.app.services.FXGLDialogService
22:33:02.286 [FXGL Background Thread 2 ] DEBUG Engine               - class com.almasb.fxgl.app.services.IOTaskExecutorService
22:33:02.286 [FXGL Background Thread 2 ] DEBUG Engine               - class com.almasb.fxgl.event.EventBusService
22:33:02.286 [FXGL Background Thread 2 ] DEBUG Engine               - class com.almasb.fxgl.io.FileSystemService
22:33:02.286 [FXGL Background Thread 2 ] DEBUG Engine               - class com.almasb.fxgl.localization.LocalizationService
22:33:02.286 [FXGL Background Thread 2 ] DEBUG Engine               - class com.almasb.fxgl.app.services.AssetLoaderService
22:33:02.286 [FXGL Background Thread 2 ] DEBUG Engine               - class com.almasb.fxgl.app.services.SystemBundleService
22:33:02.286 [FXGL Background Thread 2 ] DEBUG Engine               - class com.almasb.fxgl.profile.SaveLoadService
22:33:02.286 [FXGL Background Thread 2 ] DEBUG Engine               - class com.almasb.fxgl.ui.FXGLUIFactoryServiceProvider
22:33:02.286 [FXGL Background Thread 2 ] DEBUG Engine               - class com.almasb.fxgl.ui.FXGLDialogFactoryServiceProvider
22:33:02.287 [FXGL Background Thread 2 ] DEBUG Engine               - class com.almasb.fxgl.audio.AudioPlayer
22:33:02.287 [FXGL Background Thread 2 ] DEBUG Engine               - class com.almasb.fxgl.notification.impl.NotificationServiceProvider
22:33:02.287 [FXGL Background Thread 2 ] DEBUG Engine               - class com.almasb.fxgl.achievement.AchievementService
22:33:02.287 [FXGL Background Thread 2 ] DEBUG Engine               - class com.almasb.fxgl.cutscene.CutsceneService
22:33:02.287 [FXGL Background Thread 2 ] DEBUG Engine               - class com.almasb.fxgl.minigames.MiniGameService
22:33:02.287 [FXGL Background Thread 2 ] DEBUG Engine               - class com.almasb.fxgl.net.NetService
22:33:02.287 [FXGL Background Thread 2 ] DEBUG Engine               - class com.almasb.fxgl.app.services.UpdaterService
22:33:02.287 [FXGL Background Thread 2 ] DEBUG Engine               - class com.almasb.fxgl.dev.DevService
22:33:02.503 [JavaFX Application Thread] DEBUG AssetLoaderService   - Loading from cache: /assets/textures/driver.png
22:33:03.015 [JavaFX Application Thread] DEBUG AssetLoaderService   - Loading from cache: /assets/textures/driver.png
22:33:03.526 [JavaFX Application Thread] DEBUG AssetLoaderService   - Loading from cache: /assets/textures/driver.png
22:33:04.039 [JavaFX Application Thread] DEBUG AssetLoaderService   - Loading from cache: /assets/textures/driver.png
22:33:04.567 [JavaFX Application Thread] DEBUG AssetLoaderService   - Loading from cache: /assets/textures/driver.png
22:33:05.079 [JavaFX Application Thread] DEBUG AssetLoaderService   - Loading from cache: /assets/textures/driver.png
22:33:05.590 [JavaFX Application Thread] DEBUG AssetLoaderService   - Loading from cache: /assets/textures/driver.png
22:33:06.119 [JavaFX Application Thread] DEBUG AssetLoaderService   - Loading from cache: /assets/textures/driver.png
22:33:06.631 [JavaFX Application Thread] DEBUG AssetLoaderService   - Loading from cache: /assets/textures/driver.png
22:33:07.143 [JavaFX Application Thread] DEBUG AssetLoaderService   - Loading from cache: /assets/textures/driver.png
22:33:07.655 [JavaFX Application Thread] DEBUG AssetLoaderService   - Loading from cache: /assets/textures/driver.png
22:33:08.151 [JavaFX Application Thread] DEBUG AssetLoaderService   - Loading from cache: /assets/textures/driver.png
22:33:08.646 [JavaFX Application Thread] DEBUG AssetLoaderService   - Loading from cache: /assets/textures/driver.png
22:33:09.143 [JavaFX Application Thread] DEBUG AssetLoaderService   - Loading from cache: /assets/textures/driver.png
22:33:09.415 [JavaFX Application Thread] DEBUG AssetLoaderService   - Loading from file system: /assets/textures/coin.png
22:33:09.654 [JavaFX Application Thread] DEBUG AssetLoaderService   - Loading from cache: /assets/textures/driver.png
22:33:10.151 [JavaFX Application Thread] DEBUG AssetLoaderService   - Loading from cache: /assets/textures/driver.png
22:33:10.647 [JavaFX Application Thread] DEBUG AssetLoaderService   - Loading from cache: /assets/textures/driver.png
22:33:11.143 [JavaFX Application Thread] DEBUG AssetLoaderService   - Loading from cache: /assets/textures/driver.png
22:33:11.655 [JavaFX Application Thread] DEBUG AssetLoaderService   - Loading from cache: /assets/textures/driver.png
22:33:12.151 [JavaFX Application Thread] DEBUG AssetLoaderService   - Loading from cache: /assets/textures/driver.png
22:33:12.648 [JavaFX Application Thread] DEBUG AssetLoaderService   - Loading from cache: /assets/textures/driver.png
22:33:13.143 [JavaFX Application Thread] DEBUG AssetLoaderService   - Loading from cache: /assets/textures/driver.png
22:33:13.335 [JavaFX Application Thread] DEBUG AssetLoaderService   - Loading from file system: /assets/sounds/coincollect.wav
22:33:13.702 [JavaFX Application Thread] DEBUG AssetLoaderService   - Loading from cache: /assets/textures/driver.png
22:33:14.200 [JavaFX Application Thread] DEBUG AssetLoaderService   - Loading from cache: /assets/textures/driver.png
22:33:14.696 [JavaFX Application Thread] DEBUG AssetLoaderService   - Loading from cache: /assets/textures/driver.png
22:33:15.191 [JavaFX Application Thread] DEBUG AssetLoaderService   - Loading from cache: /assets/textures/driver.png
22:33:15.720 [JavaFX Application Thread] DEBUG AssetLoaderService   - Loading from cache: /assets/textures/driver.png
22:33:16.232 [JavaFX Application Thread] DEBUG AssetLoaderService   - Loading from cache: /assets/textures/driver.png
22:33:16.743 [JavaFX Application Thread] DEBUG AssetLoaderService   - Loading from cache: /assets/textures/driver.png
22:33:17.272 [JavaFX Application Thread] DEBUG AssetLoaderService   - Loading from cache: /assets/textures/driver.png
22:33:17.782 [JavaFX Application Thread] DEBUG AssetLoaderService   - Loading from cache: /assets/textures/driver.png
22:33:18.295 [JavaFX Application Thread] DEBUG AssetLoaderService   - Loading from cache: /assets/textures/driver.png
22:33:18.807 [JavaFX Application Thread] DEBUG AssetLoaderService   - Loading from cache: /assets/textures/driver.png
22:33:19.335 [JavaFX Application Thread] DEBUG AssetLoaderService   - Loading from cache: /assets/textures/driver.png
22:33:19.463 [JavaFX Application Thread] DEBUG AssetLoaderService   - Loading from cache: /assets/textures/coin.png
22:33:19.847 [JavaFX Application Thread] DEBUG AssetLoaderService   - Loading from cache: /assets/textures/driver.png
22:33:20.359 [JavaFX Application Thread] DEBUG AssetLoaderService   - Loading from cache: /assets/textures/driver.png
22:33:20.887 [JavaFX Application Thread] DEBUG AssetLoaderService   - Loading from cache: /assets/textures/driver.png
22:33:21.400 [JavaFX Application Thread] DEBUG AssetLoaderService   - Loading from cache: /assets/textures/driver.png
22:33:21.911 [JavaFX Application Thread] DEBUG AssetLoaderService   - Loading from cache: /assets/textures/driver.png
22:33:22.422 [JavaFX Application Thread] DEBUG AssetLoaderService   - Loading from cache: /assets/textures/driver.png
22:33:22.951 [JavaFX Application Thread] DEBUG AssetLoaderService   - Loading from cache: /assets/textures/driver.png
22:33:23.463 [JavaFX Application Thread] DEBUG AssetLoaderService   - Loading from cache: /assets/textures/driver.png
22:33:23.975 [JavaFX Application Thread] DEBUG AssetLoaderService   - Loading from cache: /assets/textures/driver.png
22:33:24.503 [JavaFX Application Thread] DEBUG AssetLoaderService   - Loading from cache: /assets/textures/driver.png
22:33:25.015 [JavaFX Application Thread] DEBUG AssetLoaderService   - Loading from cache: /assets/textures/driver.png
22:33:25.527 [JavaFX Application Thread] DEBUG AssetLoaderService   - Loading from cache: /assets/textures/driver.png
22:33:26.055 [JavaFX Application Thread] DEBUG AssetLoaderService   - Loading from cache: /assets/textures/driver.png
22:33:26.567 [JavaFX Application Thread] DEBUG AssetLoaderService   - Loading from cache: /assets/textures/driver.png
22:33:27.078 [JavaFX Application Thread] DEBUG AssetLoaderService   - Loading from cache: /assets/textures/driver.png
22:33:27.591 [JavaFX Application Thread] DEBUG AssetLoaderService   - Loading from cache: /assets/textures/driver.png
22:33:28.119 [JavaFX Application Thread] DEBUG AssetLoaderService   - Loading from cache: /assets/textures/driver.png
22:33:28.630 [JavaFX Application Thread] DEBUG AssetLoaderService   - Loading from cache: /assets/textures/driver.png
22:33:29.142 [JavaFX Application Thread] DEBUG AssetLoaderService   - Loading from cache: /assets/textures/driver.png
22:33:29.479 [JavaFX Application Thread] DEBUG AssetLoaderService   - Loading from cache: /assets/textures/coin.png
22:33:29.671 [JavaFX Application Thread] DEBUG AssetLoaderService   - Loading from cache: /assets/textures/driver.png
22:33:30.184 [JavaFX Application Thread] DEBUG AssetLoaderService   - Loading from cache: /assets/textures/driver.png
22:33:30.695 [JavaFX Application Thread] DEBUG AssetLoaderService   - Loading from cache: /assets/textures/driver.png
22:33:31.223 [JavaFX Application Thread] DEBUG AssetLoaderService   - Loading from cache: /assets/textures/driver.png
22:33:31.734 [JavaFX Application Thread] DEBUG AssetLoaderService   - Loading from cache: /assets/textures/driver.png
22:33:32.246 [JavaFX Application Thread] DEBUG AssetLoaderService   - Loading from cache: /assets/textures/driver.png
22:33:32.759 [JavaFX Application Thread] DEBUG AssetLoaderService   - Loading from cache: /assets/textures/driver.png
22:33:33.287 [JavaFX Application Thread] DEBUG AssetLoaderService   - Loading from cache: /assets/textures/driver.png
22:33:33.799 [JavaFX Application Thread] DEBUG AssetLoaderService   - Loading from cache: /assets/textures/driver.png
22:33:34.312 [JavaFX Application Thread] DEBUG AssetLoaderService   - Loading from cache: /assets/textures/driver.png
22:33:34.839 [JavaFX Application Thread] DEBUG AssetLoaderService   - Loading from cache: /assets/textures/driver.png
22:33:35.351 [JavaFX Application Thread] DEBUG AssetLoaderService   - Loading from cache: /assets/textures/driver.png
22:33:35.862 [JavaFX Application Thread] DEBUG AssetLoaderService   - Loading from cache: /assets/textures/driver.png
22:33:36.073 [JavaFX Application Thread] DEBUG AssetLoaderService   - Loading from cache: /assets/sounds/coincollect.wav
22:33:36.389 [JavaFX Application Thread] DEBUG AssetLoaderService   - Loading from cache: /assets/textures/driver.png
22:33:36.902 [JavaFX Application Thread] DEBUG AssetLoaderService   - Loading from cache: /assets/textures/driver.png
22:33:37.414 [JavaFX Application Thread] DEBUG AssetLoaderService   - Loading from cache: /assets/textures/driver.png
22:33:37.928 [JavaFX Application Thread] DEBUG AssetLoaderService   - Loading from cache: /assets/textures/driver.png
22:33:38.454 [JavaFX Application Thread] DEBUG AssetLoaderService   - Loading from cache: /assets/textures/driver.png
22:33:38.967 [JavaFX Application Thread] DEBUG AssetLoaderService   - Loading from cache: /assets/textures/driver.png
22:33:39.479 [JavaFX Application Thread] DEBUG AssetLoaderService   - Loading from cache: /assets/textures/driver.png
22:33:39.495 [JavaFX Application Thread] DEBUG AssetLoaderService   - Loading from cache: /assets/textures/coin.png
22:33:39.991 [JavaFX Application Thread] DEBUG AssetLoaderService   - Loading from cache: /assets/textures/driver.png
22:33:40.518 [JavaFX Application Thread] DEBUG AssetLoaderService   - Loading from cache: /assets/textures/driver.png
22:33:41.032 [JavaFX Application Thread] DEBUG AssetLoaderService   - Loading from cache: /assets/textures/driver.png
22:33:41.542 [JavaFX Application Thread] DEBUG AssetLoaderService   - Loading from cache: /assets/textures/driver.png
22:33:42.072 [JavaFX Application Thread] DEBUG AssetLoaderService   - Loading from cache: /assets/textures/driver.png
22:33:42.583 [JavaFX Application Thread] DEBUG AssetLoaderService   - Loading from cache: /assets/textures/driver.png
22:33:43.094 [JavaFX Application Thread] DEBUG AssetLoaderService   - Loading from cache: /assets/textures/driver.png
22:33:43.623 [JavaFX Application Thread] DEBUG AssetLoaderService   - Loading from cache: /assets/textures/driver.png
22:33:44.136 [JavaFX Application Thread] DEBUG AssetLoaderService   - Loading from cache: /assets/textures/driver.png
22:33:44.647 [JavaFX Application Thread] DEBUG AssetLoaderService   - Loading from cache: /assets/textures/driver.png
22:33:45.159 [JavaFX Application Thread] DEBUG AssetLoaderService   - Loading from cache: /assets/textures/driver.png
22:33:45.687 [JavaFX Application Thread] DEBUG AssetLoaderService   - Loading from cache: /assets/textures/driver.png
22:33:46.199 [JavaFX Application Thread] DEBUG AssetLoaderService   - Loading from cache: /assets/textures/driver.png
22:33:46.711 [JavaFX Application Thread] DEBUG AssetLoaderService   - Loading from cache: /assets/textures/driver.png
22:33:47.239 [JavaFX Application Thread] DEBUG AssetLoaderService   - Loading from cache: /assets/textures/driver.png
22:33:47.751 [JavaFX Application Thread] DEBUG AssetLoaderService   - Loading from cache: /assets/textures/driver.png
22:33:48.262 [JavaFX Application Thread] DEBUG AssetLoaderService   - Loading from cache: /assets/textures/driver.png
22:33:48.775 [JavaFX Application Thread] DEBUG AssetLoaderService   - Loading from cache: /assets/textures/driver.png
22:33:48.887 [JavaFX Application Thread] DEBUG AssetLoaderService   - Loading from cache: /assets/sounds/coincollect.wav
22:33:49.302 [JavaFX Application Thread] DEBUG AssetLoaderService   - Loading from cache: /assets/textures/driver.png
22:33:49.510 [JavaFX Application Thread] DEBUG AssetLoaderService   - Loading from cache: /assets/textures/coin.png
22:33:49.814 [JavaFX Application Thread] DEBUG AssetLoaderService   - Loading from cache: /assets/textures/driver.png
22:33:50.327 [JavaFX Application Thread] DEBUG AssetLoaderService   - Loading from cache: /assets/textures/driver.png
22:33:50.856 [JavaFX Application Thread] DEBUG AssetLoaderService   - Loading from cache: /assets/textures/driver.png
22:33:51.366 [JavaFX Application Thread] DEBUG AssetLoaderService   - Loading from cache: /assets/textures/driver.png
22:33:51.879 [JavaFX Application Thread] DEBUG AssetLoaderService   - Loading from cache: /assets/textures/driver.png
22:33:52.406 [JavaFX Application Thread] DEBUG AssetLoaderService   - Loading from cache: /assets/textures/driver.png
22:33:52.918 [JavaFX Application Thread] DEBUG AssetLoaderService   - Loading from cache: /assets/textures/driver.png
22:33:53.431 [JavaFX Application Thread] DEBUG AssetLoaderService   - Loading from cache: /assets/textures/driver.png
22:33:53.943 [JavaFX Application Thread] DEBUG AssetLoaderService   - Loading from cache: /assets/textures/driver.png
22:33:54.471 [JavaFX Application Thread] DEBUG AssetLoaderService   - Loading from cache: /assets/textures/driver.png
22:33:54.983 [JavaFX Application Thread] DEBUG AssetLoaderService   - Loading from cache: /assets/textures/driver.png
22:33:55.438 [JavaFX Application Thread] DEBUG GameApplication      - Exiting FXGL
22:33:55.438 [JavaFX Application Thread] DEBUG LoopRunner           - Stopping loop
22:33:55.438 [JavaFX Application Thread] DEBUG SystemBundleService  - Saving FXGL system data
22:33:55.440 [JavaFX Application Thread] DEBUG FileSystemAccess     - Writing to: E:\secondYear\Java\NewfoundlandRacer\system\fxgl.bundle
22:33:55.441 [JavaFX Application Thread] DEBUG GameApplication      - Shutting down background threads
22:33:55.441 [JavaFX Application Thread] DEBUG GameApplication      - Closing logger and exiting JavaFX
