15:07:21.244 [main                     ] DEBUG GameApplication      - Logger initialized
15:07:21.248 [main                     ] DEBUG GameApplication      - Logging settings
Title: Newfoundland Moose Collision
Version: 0.1
Width: 840
Height: 650
Fullscreen: false
Intro: false
Profiling: false
Single step:false
App Mode: DEVELOPER
Menu Key: ESCAPE
Stage Style: DECORATED
Scene Factory: class MooseGame.NewfoundRacerApp$1

15:07:21.618 [JavaFX Application Thread] DEBUG GameApplication      - Initializing FXGL
15:07:21.631 [JavaFX Application Thread] INFO  Engine               - FXGL-11.9 (27.05.2020 17.06) on WINDOWS (J:14.0.1 FX:13.0.2)
15:07:21.631 [JavaFX Application Thread] DEBUG Engine               - JRE Vendor Name: Oracle Corporation
15:07:21.631 [JavaFX Application Thread] DEBUG Engine               - Running on OS: Windows 10 version 10.0
15:07:21.631 [JavaFX Application Thread] DEBUG Engine               - Architecture: amd64
15:07:21.632 [JavaFX Application Thread] INFO  Engine               - Source code and latest versions at: https://github.com/AlmasB/FXGL
15:07:21.632 [JavaFX Application Thread] INFO  Engine               -              Join the FXGL chat at: https://gitter.im/AlmasB/FXGL
15:07:21.748 [JavaFX Application Thread] DEBUG MainWindow           - Creating a JavaFX scene
15:07:21.791 [JavaFX Application Thread] DEBUG MainWindow           - Target settings size: 840.0 x 650.0
15:07:21.792 [JavaFX Application Thread] DEBUG MainWindow           - Scaled scene size:    840.0 x 650.0
15:07:21.792 [JavaFX Application Thread] DEBUG MainWindow           - Scaled ratio: (1.0, 1.0)
15:07:21.793 [JavaFX Application Thread] DEBUG MainWindow           - Set initial scene to FXGLStartupScene
15:07:21.800 [JavaFX Application Thread] DEBUG MainWindow           - Opening main window
15:07:21.880 [JavaFX Application Thread] DEBUG MainWindow           - Window border size: (16.0, 39.0)
15:07:21.880 [JavaFX Application Thread] DEBUG MainWindow           - Scaled size: 840.0 x 650.0
15:07:21.880 [JavaFX Application Thread] DEBUG MainWindow           - Scaled ratio: (1.0, 1.0)
15:07:21.880 [JavaFX Application Thread] DEBUG MainWindow           - Scene size: 840.0 x 650.0
15:07:21.880 [JavaFX Application Thread] DEBUG MainWindow           - Stage size: 856.0 x 689.0
15:07:21.886 [FXGL Background Thread 1 ] DEBUG Engine               - Initializing environment variables
15:07:21.905 [FXGL Background Thread 1 ] DEBUG WindowService        - Applying CSS: fxgl_dark.css
15:07:21.906 [FXGL Background Thread 1 ] DEBUG AssetLoaderService   - Loading from file system: /assets/ui/css/fxgl_dark.css
15:07:21.939 [FXGL Background Thread 1 ] DEBUG WindowService        - Initializing application scenes
15:07:21.969 [FXGL Background Thread 1 ] DEBUG GameWorld            - Game world initialized
15:07:22.001 [FXGL Background Thread 1 ] DEBUG PhysicsWorld         - Physics world initialized: appHeight=650, physics.ppm=50.0
15:07:22.003 [FXGL Background Thread 1 ] DEBUG GameScene            - Game scene initialized: 840x650
15:07:22.028 [FXGL Background Thread 1 ] DEBUG AssetLoaderService   - Loading from file system: /assets/textures/particles/trace_horizontal.png
15:07:22.072 [FXGL Background Thread 1 ] DEBUG FXGL.DefaultMenu     - createMenuBodyGameMenu()
15:07:22.086 [FXGL Background Thread 1 ] DEBUG FXGL.DefaultMenu     - createOptionsMenu()
15:07:22.090 [FXGL Background Thread 1 ] DEBUG AssetLoaderService   - Loading from file system: /assets/textures/particles/smoke.png
15:07:22.129 [FXGL Background Thread 1 ] DEBUG WindowService        - Application scenes initialized
15:07:22.137 [FXGL Background Thread 1 ] DEBUG SystemBundleService  - Loading FXGL system data
15:07:22.140 [FXGL Background Thread 1 ] DEBUG FileSystemAccess     - Reading from: E:\secondYear\Java\NewfoundlandRacer\system\fxgl.bundle
15:07:22.144 [FXGL Background Thread 1 ] DEBUG SystemBundleService  - Bundle FXGL: {}
15:07:22.145 [FXGL Background Thread 1 ] INFO  Engine               - FXGL initialization took: 0.256 sec
15:07:22.146 [FXGL Background Thread 1 ] DEBUG GameApplication      - Loading localizations
15:07:22.146 [FXGL Background Thread 1 ] DEBUG AssetLoaderService   - Loading from file system: /assets/languages/english.lang
15:07:22.153 [FXGL Background Thread 1 ] DEBUG AssetLoaderService   - Loading from file system: /assets/languages/french.lang
15:07:22.155 [FXGL Background Thread 1 ] DEBUG AssetLoaderService   - Loading from file system: /assets/languages/german.lang
15:07:22.156 [FXGL Background Thread 1 ] DEBUG AssetLoaderService   - Loading from file system: /assets/languages/hungarian.lang
15:07:22.158 [FXGL Background Thread 1 ] DEBUG AssetLoaderService   - Loading from file system: /assets/languages/russian.lang
15:07:22.159 [FXGL Background Thread 1 ] DEBUG GameApplication      - Registering font factories with UI factory
15:07:22.160 [FXGL Background Thread 1 ] DEBUG AssetLoaderService   - Loading from file system: /assets/ui/fonts/VarelaRound-Regular.ttf
15:07:22.192 [FXGL Background Thread 1 ] DEBUG AssetLoaderService   - Loading from file system: /assets/ui/fonts/Abel-Regular.ttf
15:07:22.195 [FXGL Background Thread 1 ] DEBUG AssetLoaderService   - Loading from file system: /assets/ui/fonts/lucida_console.ttf
15:07:22.199 [FXGL Background Thread 1 ] DEBUG AssetLoaderService   - Loading from file system: /assets/ui/fonts/Courier-Prime.ttf
15:07:22.208 [JavaFX Application Thread] DEBUG Input                - Registered new binding: Move Right - D
15:07:22.208 [JavaFX Application Thread] DEBUG Input                - Registered new binding: Move Left - A
15:07:22.208 [JavaFX Application Thread] DEBUG Input                - Registered new binding: Move Up - W
15:07:22.208 [JavaFX Application Thread] DEBUG Input                - Registered new binding: Move Down - S
15:07:22.208 [JavaFX Application Thread] DEBUG AssetLoaderService   - Loading from file system: /assets/textures/fxgl_icon.png
15:07:22.221 [JavaFX Application Thread] DEBUG AssetLoaderService   - Loading from file system: /assets/ui/cursors/fxgl_default.png
15:07:22.223 [JavaFX Application Thread] DEBUG Input                - Registered new binding: Screenshot - P
15:07:22.223 [JavaFX Application Thread] DEBUG Input                - Registered new binding: System info dump - CTRL+9
15:07:22.224 [JavaFX Application Thread] DEBUG Input                - Registered new binding: Restart - CTRL+R
15:07:22.224 [JavaFX Application Thread] DEBUG LoopRunner           - Starting loop
15:07:22.233 [JavaFX Application Thread] DEBUG FXGLStartupScene     - STARTUP
15:07:22.234 [JavaFX Application Thread] DEBUG Input                - Clearing active input actions
15:07:22.239 [JavaFX Application Thread] DEBUG WindowService        - Removing overlay from FXGLStartupScene and adding to 
15:07:22.239 [JavaFX Application Thread] DEBUG MainWindow           - FXGLStartupScene -> 
15:07:22.239 [JavaFX Application Thread] DEBUG MainWindow           - Push state: NewfoundlandRacerMainMenu
15:07:22.240 [JavaFX Application Thread] DEBUG Input                - Clearing active input actions
15:07:22.244 [JavaFX Application Thread] DEBUG WindowService        - Removing overlay from  and adding to NewfoundlandRacerMainMenu
15:07:22.244 [JavaFX Application Thread] DEBUG MainWindow           -  -> NewfoundlandRacerMainMenu
15:07:23.383 [JavaFX Application Thread] DEBUG GameApplication      - Exiting FXGL
15:07:23.383 [JavaFX Application Thread] DEBUG LoopRunner           - Stopping loop
15:07:23.383 [JavaFX Application Thread] DEBUG SystemBundleService  - Saving FXGL system data
15:07:23.385 [JavaFX Application Thread] DEBUG FileSystemAccess     - Writing to: E:\secondYear\Java\NewfoundlandRacer\system\fxgl.bundle
15:07:23.386 [JavaFX Application Thread] DEBUG GameApplication      - Shutting down background threads
15:07:23.386 [JavaFX Application Thread] DEBUG GameApplication      - Closing logger and exiting JavaFX
