20:26:19.931 [main                     ] DEBUG GameApplication      - Logger initialized
20:26:19.935 [main                     ] DEBUG GameApplication      - Logging settings
Title: Newfoundland Moose Collision
Version: 0.1
Width: 840
Height: 650
Fullscreen: false
Intro: false
Profiling: false
Single step:false
App Mode: DEVELOPER
Menu Key: ESCAPE
Stage Style: DECORATED
Scene Factory: class MooseGame.NewfoundRacerApp$1

20:26:20.279 [JavaFX Application Thread] DEBUG GameApplication      - Initializing FXGL
20:26:20.286 [JavaFX Application Thread] INFO  Engine               - FXGL-11.9 (27.05.2020 17.06) on WINDOWS (J:14.0.1 FX:13.0.2)
20:26:20.286 [JavaFX Application Thread] DEBUG Engine               - JRE Vendor Name: Oracle Corporation
20:26:20.286 [JavaFX Application Thread] DEBUG Engine               - Running on OS: Windows 10 version 10.0
20:26:20.287 [JavaFX Application Thread] DEBUG Engine               - Architecture: amd64
20:26:20.287 [JavaFX Application Thread] INFO  Engine               - Source code and latest versions at: https://github.com/AlmasB/FXGL
20:26:20.287 [JavaFX Application Thread] INFO  Engine               -              Join the FXGL chat at: https://gitter.im/AlmasB/FXGL
20:26:20.373 [JavaFX Application Thread] DEBUG MainWindow           - Creating a JavaFX scene
20:26:20.410 [JavaFX Application Thread] DEBUG MainWindow           - Target settings size: 840.0 x 650.0
20:26:20.410 [JavaFX Application Thread] DEBUG MainWindow           - Scaled scene size:    840.0 x 650.0
20:26:20.411 [JavaFX Application Thread] DEBUG MainWindow           - Scaled ratio: (1.0, 1.0)
20:26:20.412 [JavaFX Application Thread] DEBUG MainWindow           - Set initial scene to FXGLStartupScene
20:26:20.418 [JavaFX Application Thread] DEBUG MainWindow           - Opening main window
20:26:20.494 [JavaFX Application Thread] DEBUG MainWindow           - Window border size: (16.0, 39.0)
20:26:20.494 [JavaFX Application Thread] DEBUG MainWindow           - Scaled size: 840.0 x 650.0
20:26:20.495 [JavaFX Application Thread] DEBUG MainWindow           - Scaled ratio: (1.0, 1.0)
20:26:20.495 [JavaFX Application Thread] DEBUG MainWindow           - Scene size: 840.0 x 650.0
20:26:20.495 [JavaFX Application Thread] DEBUG MainWindow           - Stage size: 856.0 x 689.0
20:26:20.500 [FXGL Background Thread 1 ] DEBUG Engine               - Initializing environment variables
20:26:20.522 [FXGL Background Thread 1 ] DEBUG WindowService        - Applying CSS: fxgl_dark.css
20:26:20.522 [FXGL Background Thread 1 ] DEBUG AssetLoaderService   - Loading from file system: /assets/ui/css/fxgl_dark.css
20:26:20.557 [FXGL Background Thread 1 ] DEBUG WindowService        - Initializing application scenes
20:26:20.577 [FXGL Background Thread 1 ] DEBUG GameWorld            - Game world initialized
20:26:20.605 [FXGL Background Thread 1 ] DEBUG PhysicsWorld         - Physics world initialized: appHeight=650, physics.ppm=50.0
20:26:20.606 [FXGL Background Thread 1 ] DEBUG GameScene            - Game scene initialized: 840x650
20:26:20.681 [FXGL Background Thread 1 ] DEBUG AssetLoaderService   - Loading from file system: /assets/textures/particles/trace_horizontal.png
20:26:20.705 [FXGL Background Thread 1 ] DEBUG FXGL.DefaultMenu     - createMenuBodyGameMenu()
20:26:20.713 [FXGL Background Thread 1 ] DEBUG FXGL.DefaultMenu     - createOptionsMenu()
20:26:20.716 [FXGL Background Thread 1 ] DEBUG AssetLoaderService   - Loading from file system: /assets/textures/particles/smoke.png
20:26:20.751 [FXGL Background Thread 1 ] DEBUG WindowService        - Application scenes initialized
20:26:20.758 [FXGL Background Thread 1 ] DEBUG SystemBundleService  - Loading FXGL system data
20:26:20.761 [FXGL Background Thread 1 ] DEBUG FileSystemAccess     - Reading from: E:\secondYear\Java\NewfoundlandRacer\system\fxgl.bundle
20:26:20.765 [FXGL Background Thread 1 ] DEBUG SystemBundleService  - Bundle FXGL: {}
20:26:20.765 [FXGL Background Thread 1 ] INFO  Engine               - FXGL initialization took: 0.263 sec
20:26:20.766 [FXGL Background Thread 1 ] DEBUG GameApplication      - Loading localizations
20:26:20.767 [FXGL Background Thread 1 ] DEBUG AssetLoaderService   - Loading from file system: /assets/languages/english.lang
20:26:20.774 [FXGL Background Thread 1 ] DEBUG AssetLoaderService   - Loading from file system: /assets/languages/french.lang
20:26:20.776 [FXGL Background Thread 1 ] DEBUG AssetLoaderService   - Loading from file system: /assets/languages/german.lang
20:26:20.778 [FXGL Background Thread 1 ] DEBUG AssetLoaderService   - Loading from file system: /assets/languages/hungarian.lang
20:26:20.780 [FXGL Background Thread 1 ] DEBUG AssetLoaderService   - Loading from file system: /assets/languages/russian.lang
20:26:20.781 [FXGL Background Thread 1 ] DEBUG GameApplication      - Registering font factories with UI factory
20:26:20.782 [FXGL Background Thread 1 ] DEBUG AssetLoaderService   - Loading from file system: /assets/ui/fonts/VarelaRound-Regular.ttf
20:26:20.812 [FXGL Background Thread 1 ] DEBUG AssetLoaderService   - Loading from file system: /assets/ui/fonts/Abel-Regular.ttf
20:26:20.814 [FXGL Background Thread 1 ] DEBUG AssetLoaderService   - Loading from file system: /assets/ui/fonts/lucida_console.ttf
20:26:20.818 [FXGL Background Thread 1 ] DEBUG AssetLoaderService   - Loading from file system: /assets/ui/fonts/Courier-Prime.ttf
20:26:20.825 [JavaFX Application Thread] DEBUG Input                - Registered new binding: Move Right - D
20:26:20.826 [JavaFX Application Thread] DEBUG Input                - Registered new binding: Move Left - A
20:26:20.826 [JavaFX Application Thread] DEBUG Input                - Registered new binding: Move Up - W
20:26:20.826 [JavaFX Application Thread] DEBUG Input                - Registered new binding: Move Down - S
20:26:20.826 [JavaFX Application Thread] DEBUG AssetLoaderService   - Loading from file system: /assets/textures/fxgl_icon.png
20:26:20.836 [JavaFX Application Thread] DEBUG AssetLoaderService   - Loading from file system: /assets/ui/cursors/fxgl_default.png
20:26:20.837 [JavaFX Application Thread] DEBUG Input                - Registered new binding: Screenshot - P
20:26:20.838 [JavaFX Application Thread] DEBUG Input                - Registered new binding: System info dump - CTRL+9
20:26:20.838 [JavaFX Application Thread] DEBUG Input                - Registered new binding: Restart - CTRL+R
20:26:20.838 [JavaFX Application Thread] DEBUG LoopRunner           - Starting loop
20:26:20.847 [JavaFX Application Thread] DEBUG FXGLStartupScene     - STARTUP
20:26:20.848 [JavaFX Application Thread] DEBUG Input                - Clearing active input actions
20:26:20.855 [JavaFX Application Thread] DEBUG WindowService        - Removing overlay from FXGLStartupScene and adding to 
20:26:20.855 [JavaFX Application Thread] DEBUG MainWindow           - FXGLStartupScene -> 
20:26:20.856 [JavaFX Application Thread] DEBUG MainWindow           - Push state: NewfoundlandRacerMainMenu
20:26:20.856 [JavaFX Application Thread] DEBUG Input                - Clearing active input actions
20:26:20.863 [JavaFX Application Thread] DEBUG WindowService        - Removing overlay from  and adding to NewfoundlandRacerMainMenu
20:26:20.864 [JavaFX Application Thread] DEBUG MainWindow           -  -> NewfoundlandRacerMainMenu
20:26:22.022 [JavaFX Application Thread] DEBUG GameApplication      - Exiting FXGL
20:26:22.022 [JavaFX Application Thread] DEBUG LoopRunner           - Stopping loop
20:26:22.022 [JavaFX Application Thread] DEBUG SystemBundleService  - Saving FXGL system data
20:26:22.024 [JavaFX Application Thread] DEBUG FileSystemAccess     - Writing to: E:\secondYear\Java\NewfoundlandRacer\system\fxgl.bundle
20:26:22.025 [JavaFX Application Thread] DEBUG GameApplication      - Shutting down background threads
20:26:22.025 [JavaFX Application Thread] DEBUG GameApplication      - Closing logger and exiting JavaFX
