12:01:43.981 [main                     ] DEBUG GameApplication      - Logger initialized
12:01:43.985 [main                     ] DEBUG GameApplication      - Logging settings
Title: Newfoundland Moose Collision
Version: 1.0
Width: 840
Height: 650
Fullscreen: false
Intro: false
Profiling: false
Single step:false
App Mode: DEVELOPER
Menu Key: ESCAPE
Stage Style: DECORATED
Scene Factory: class MooseGame.NewfoundRacerApp$1

12:01:44.290 [JavaFX Application Thread] DEBUG GameApplication      - Initializing FXGL
12:01:44.301 [JavaFX Application Thread] INFO  Engine               - FXGL-11.9 (27.05.2020 17.06) on WINDOWS (J:14.0.1 FX:13.0.2)
12:01:44.301 [JavaFX Application Thread] DEBUG Engine               - JRE Vendor Name: Oracle Corporation
12:01:44.301 [JavaFX Application Thread] DEBUG Engine               - Running on OS: Windows 10 version 10.0
12:01:44.301 [JavaFX Application Thread] DEBUG Engine               - Architecture: amd64
12:01:44.302 [JavaFX Application Thread] INFO  Engine               - Source code and latest versions at: https://github.com/AlmasB/FXGL
12:01:44.302 [JavaFX Application Thread] INFO  Engine               -              Join the FXGL chat at: https://gitter.im/AlmasB/FXGL
12:01:44.383 [JavaFX Application Thread] DEBUG MainWindow           - Creating a JavaFX scene
12:01:44.419 [JavaFX Application Thread] DEBUG MainWindow           - Target settings size: 840.0 x 650.0
12:01:44.419 [JavaFX Application Thread] DEBUG MainWindow           - Scaled scene size:    840.0 x 650.0
12:01:44.419 [JavaFX Application Thread] DEBUG MainWindow           - Scaled ratio: (1.0, 1.0)
12:01:44.420 [JavaFX Application Thread] DEBUG MainWindow           - Set initial scene to FXGLStartupScene
12:01:44.426 [JavaFX Application Thread] DEBUG MainWindow           - Opening main window
12:01:44.510 [JavaFX Application Thread] DEBUG MainWindow           - Window border size: (16.0, 39.0)
12:01:44.510 [JavaFX Application Thread] DEBUG MainWindow           - Scaled size: 840.0 x 650.0
12:01:44.510 [JavaFX Application Thread] DEBUG MainWindow           - Scaled ratio: (1.0, 1.0)
12:01:44.510 [JavaFX Application Thread] DEBUG MainWindow           - Scene size: 840.0 x 650.0
12:01:44.510 [JavaFX Application Thread] DEBUG MainWindow           - Stage size: 856.0 x 689.0
12:01:44.519 [FXGL Background Thread 1 ] DEBUG Engine               - Initializing environment variables
12:01:44.541 [FXGL Background Thread 1 ] DEBUG WindowService        - Applying CSS: fxgl_dark.css
12:01:44.542 [FXGL Background Thread 1 ] DEBUG AssetLoaderService   - Loading from file system: /assets/ui/css/fxgl_dark.css
12:01:44.578 [FXGL Background Thread 1 ] DEBUG WindowService        - Initializing application scenes
12:01:44.605 [FXGL Background Thread 1 ] DEBUG GameWorld            - Game world initialized
12:01:44.639 [FXGL Background Thread 1 ] DEBUG PhysicsWorld         - Physics world initialized: appHeight=650, physics.ppm=50.0
12:01:44.641 [FXGL Background Thread 1 ] DEBUG GameScene            - Game scene initialized: 840x650
12:01:44.656 [FXGL Background Thread 1 ] DEBUG AssetLoaderService   - Loading from file system: /assets/music/8-Bit-Perplexion.mp3
12:01:44.793 [FXGL Background Thread 1 ] DEBUG AssetLoaderService   - Loading from file system: /assets/music/Caffeine-Crazed-Coin-Op-Kids.mp3
12:01:44.803 [FXGL Background Thread 1 ] DEBUG AudioPlayer          - Stopping music com.almasb.fxgl.audio.Music@12fa2b0f
12:01:44.803 [FXGL Background Thread 1 ] DEBUG AudioPlayer          - Playing music com.almasb.fxgl.audio.Music@54e50869
12:01:44.897 [FXGL Background Thread 1 ] DEBUG AssetLoaderService   - Loading from file system: /assets/textures/particles/trace_horizontal.png
12:01:44.922 [FXGL Background Thread 1 ] DEBUG FXGL.DefaultMenu     - createMenuBodyGameMenu()
12:01:44.931 [FXGL Background Thread 1 ] DEBUG FXGL.DefaultMenu     - createOptionsMenu()
12:01:44.934 [FXGL Background Thread 1 ] DEBUG AssetLoaderService   - Loading from file system: /assets/textures/particles/smoke.png
12:01:44.969 [FXGL Background Thread 1 ] DEBUG WindowService        - Application scenes initialized
12:01:44.975 [FXGL Background Thread 1 ] DEBUG SystemBundleService  - Loading FXGL system data
12:01:44.978 [FXGL Background Thread 1 ] DEBUG FileSystemAccess     - Reading from: E:\secondYear\Java\NewfoundlandRacer\system\fxgl.bundle
12:01:44.982 [FXGL Background Thread 1 ] DEBUG SystemBundleService  - Bundle FXGL: {}
12:01:44.983 [FXGL Background Thread 1 ] INFO  Engine               - FXGL initialization took: 0.462 sec
12:01:44.984 [FXGL Background Thread 1 ] DEBUG GameApplication      - Loading localizations
12:01:44.984 [FXGL Background Thread 1 ] DEBUG AssetLoaderService   - Loading from file system: /assets/languages/english.lang
12:01:44.993 [FXGL Background Thread 1 ] DEBUG AssetLoaderService   - Loading from file system: /assets/languages/french.lang
12:01:44.994 [FXGL Background Thread 1 ] DEBUG AssetLoaderService   - Loading from file system: /assets/languages/german.lang
12:01:44.995 [FXGL Background Thread 1 ] DEBUG AssetLoaderService   - Loading from file system: /assets/languages/hungarian.lang
12:01:44.996 [FXGL Background Thread 1 ] DEBUG AssetLoaderService   - Loading from file system: /assets/languages/russian.lang
12:01:44.998 [FXGL Background Thread 1 ] DEBUG GameApplication      - Registering font factories with UI factory
12:01:44.998 [FXGL Background Thread 1 ] DEBUG AssetLoaderService   - Loading from file system: /assets/ui/fonts/VarelaRound-Regular.ttf
12:01:45.027 [FXGL Background Thread 1 ] DEBUG AssetLoaderService   - Loading from file system: /assets/ui/fonts/Abel-Regular.ttf
12:01:45.030 [FXGL Background Thread 1 ] DEBUG AssetLoaderService   - Loading from file system: /assets/ui/fonts/lucida_console.ttf
12:01:45.035 [FXGL Background Thread 1 ] DEBUG AssetLoaderService   - Loading from file system: /assets/ui/fonts/Courier-Prime.ttf
12:01:45.044 [JavaFX Application Thread] DEBUG Input                - Registered new binding: Move Right - D
12:01:45.044 [JavaFX Application Thread] DEBUG Input                - Registered new binding: Move Left - A
12:01:45.045 [JavaFX Application Thread] DEBUG Input                - Registered new binding: Move Up - W
12:01:45.045 [JavaFX Application Thread] DEBUG Input                - Registered new binding: Move Down - S
12:01:45.045 [JavaFX Application Thread] DEBUG AssetLoaderService   - Loading from file system: /assets/textures/fxgl_icon.png
12:01:45.054 [JavaFX Application Thread] DEBUG AssetLoaderService   - Loading from file system: /assets/ui/cursors/fxgl_default.png
12:01:45.055 [JavaFX Application Thread] DEBUG Input                - Registered new binding: Screenshot - P
12:01:45.056 [JavaFX Application Thread] DEBUG Input                - Registered new binding: System info dump - CTRL+9
12:01:45.056 [JavaFX Application Thread] DEBUG Input                - Registered new binding: Restart - CTRL+R
12:01:45.056 [JavaFX Application Thread] DEBUG LoopRunner           - Starting loop
12:01:45.064 [JavaFX Application Thread] DEBUG FXGLStartupScene     - STARTUP
12:01:45.065 [JavaFX Application Thread] DEBUG Input                - Clearing active input actions
12:01:45.069 [JavaFX Application Thread] DEBUG WindowService        - Removing overlay from FXGLStartupScene and adding to 
12:01:45.070 [JavaFX Application Thread] DEBUG MainWindow           - FXGLStartupScene -> 
12:01:45.070 [JavaFX Application Thread] DEBUG MainWindow           - Push state: NewfoundlandRacerMainMenu
12:01:45.070 [JavaFX Application Thread] DEBUG Input                - Clearing active input actions
12:01:45.077 [JavaFX Application Thread] DEBUG WindowService        - Removing overlay from  and adding to NewfoundlandRacerMainMenu
12:01:45.077 [JavaFX Application Thread] DEBUG MainWindow           -  -> NewfoundlandRacerMainMenu
12:01:47.985 [FXGL Background Thread 2 ] DEBUG Engine               - Logging environment variables
12:01:47.985 [FXGL Background Thread 2 ] DEBUG Engine               - achievements: []
12:01:47.985 [FXGL Background Thread 2 ] DEBUG Engine               - appIcon: fxgl_icon.png
12:01:47.985 [FXGL Background Thread 2 ] DEBUG Engine               - applicationMode: DEVELOPER
12:01:47.985 [FXGL Background Thread 2 ] DEBUG Engine               - cSSList: [fxgl_dark.css]
12:01:47.985 [FXGL Background Thread 2 ] DEBUG Engine               - configClass: Optional.empty
12:01:47.985 [FXGL Background Thread 2 ] DEBUG Engine               - credits: []
12:01:47.986 [FXGL Background Thread 2 ] DEBUG Engine               - devBBoxColorProperty: ObjectProperty [value: 0xff0000ff]
12:01:47.986 [FXGL Background Thread 2 ] DEBUG Engine               - devSensorColorProperty: ObjectProperty [value: 0xffff00ff]
12:01:47.986 [FXGL Background Thread 2 ] DEBUG Engine               - devShowBBoxProperty: BooleanProperty [value: false]
12:01:47.986 [FXGL Background Thread 2 ] DEBUG Engine               - devShowPositionProperty: BooleanProperty [value: false]
12:01:47.986 [FXGL Background Thread 2 ] DEBUG Engine               - enabledMenuItems: []
12:01:47.986 [FXGL Background Thread 2 ] DEBUG Engine               - engineServices: [class com.almasb.fxgl.app.GameApplication$GameApplicationService, class com.almasb.fxgl.app.services.WindowService, class com.almasb.fxgl.app.services.FXGLDialogService, class com.almasb.fxgl.app.services.IOTaskExecutorService, class com.almasb.fxgl.event.EventBusService, class com.almasb.fxgl.io.FileSystemService, class com.almasb.fxgl.localization.LocalizationService, class com.almasb.fxgl.app.services.AssetLoaderService, class com.almasb.fxgl.app.services.SystemBundleService, class com.almasb.fxgl.profile.SaveLoadService, class com.almasb.fxgl.ui.FXGLUIFactoryServiceProvider, class com.almasb.fxgl.ui.FXGLDialogFactoryServiceProvider, class com.almasb.fxgl.audio.AudioPlayer, class com.almasb.fxgl.notification.impl.NotificationServiceProvider, class com.almasb.fxgl.achievement.AchievementService, class com.almasb.fxgl.cutscene.CutsceneService, class com.almasb.fxgl.minigames.MiniGameService, class com.almasb.fxgl.net.NetService, class com.almasb.fxgl.app.services.UpdaterService, class com.almasb.fxgl.dev.DevService]
12:01:47.986 [FXGL Background Thread 2 ] DEBUG Engine               - fontGame: Abel-Regular.ttf
12:01:47.986 [FXGL Background Thread 2 ] DEBUG Engine               - fontMono: lucida_console.ttf
12:01:47.986 [FXGL Background Thread 2 ] DEBUG Engine               - fontText: Courier-Prime.ttf
12:01:47.986 [FXGL Background Thread 2 ] DEBUG Engine               - fontUI: VarelaRound-Regular.ttf
12:01:47.986 [FXGL Background Thread 2 ] DEBUG Engine               - fullScreen: BooleanProperty [value: false]
12:01:47.986 [FXGL Background Thread 2 ] DEBUG Engine               - gameDifficulty: MEDIUM
12:01:47.986 [FXGL Background Thread 2 ] DEBUG Engine               - gameDifficultyProperty: ObjectProperty [value: MEDIUM]
12:01:47.987 [FXGL Background Thread 2 ] DEBUG Engine               - globalMusicVolume: 0.5
12:01:47.987 [FXGL Background Thread 2 ] DEBUG Engine               - globalMusicVolumeProperty: DoubleProperty [value: 0.5]
12:01:47.987 [FXGL Background Thread 2 ] DEBUG Engine               - globalSoundVolume: 0.5
12:01:47.987 [FXGL Background Thread 2 ] DEBUG Engine               - globalSoundVolumeProperty: DoubleProperty [value: 0.5]
12:01:47.987 [FXGL Background Thread 2 ] DEBUG Engine               - height: 650
12:01:47.987 [FXGL Background Thread 2 ] DEBUG Engine               - isAndroid: false
12:01:47.987 [FXGL Background Thread 2 ] DEBUG Engine               - isBrowser: false
12:01:47.987 [FXGL Background Thread 2 ] DEBUG Engine               - isClickFeedbackEnabled: false
12:01:47.987 [FXGL Background Thread 2 ] DEBUG Engine               - isCloseConfirmation: false
12:01:47.987 [FXGL Background Thread 2 ] DEBUG Engine               - isDesktop: true
12:01:47.987 [FXGL Background Thread 2 ] DEBUG Engine               - isDeveloperMenuEnabled: false
12:01:47.987 [FXGL Background Thread 2 ] DEBUG Engine               - isExperimentalNative: false
12:01:47.987 [FXGL Background Thread 2 ] DEBUG Engine               - isExperimentalTiledLargeMap: false
12:01:47.987 [FXGL Background Thread 2 ] DEBUG Engine               - isFullScreenAllowed: false
12:01:47.987 [FXGL Background Thread 2 ] DEBUG Engine               - isFullScreenFromStart: false
12:01:47.987 [FXGL Background Thread 2 ] DEBUG Engine               - isGameMenuEnabled: true
12:01:47.987 [FXGL Background Thread 2 ] DEBUG Engine               - isIOS: false
12:01:47.988 [FXGL Background Thread 2 ] DEBUG Engine               - isIntroEnabled: false
12:01:47.988 [FXGL Background Thread 2 ] DEBUG Engine               - isLinux: false
12:01:47.988 [FXGL Background Thread 2 ] DEBUG Engine               - isMac: false
12:01:47.988 [FXGL Background Thread 2 ] DEBUG Engine               - isMainMenuEnabled: true
12:01:47.988 [FXGL Background Thread 2 ] DEBUG Engine               - isManualResizeEnabled: false
12:01:47.988 [FXGL Background Thread 2 ] DEBUG Engine               - isMobile: false
12:01:47.988 [FXGL Background Thread 2 ] DEBUG Engine               - isPreserveResizeRatio: false
12:01:47.988 [FXGL Background Thread 2 ] DEBUG Engine               - isProfilingEnabled: false
12:01:47.988 [FXGL Background Thread 2 ] DEBUG Engine               - isSingleStep: false
12:01:47.988 [FXGL Background Thread 2 ] DEBUG Engine               - isUserProfileEnabled: false
12:01:47.988 [FXGL Background Thread 2 ] DEBUG Engine               - isWindows: true
12:01:47.988 [FXGL Background Thread 2 ] DEBUG Engine               - language: ObjectProperty [value: ENGLISH]
12:01:47.988 [FXGL Background Thread 2 ] DEBUG Engine               - mainWindow: com.almasb.fxgl.app.MainWindow@2b9dc698
12:01:47.988 [FXGL Background Thread 2 ] DEBUG Engine               - menuKey: ESCAPE
12:01:47.988 [FXGL Background Thread 2 ] DEBUG Engine               - notificationViewClass: class com.almasb.fxgl.notification.view.XboxNotificationView
12:01:47.988 [FXGL Background Thread 2 ] DEBUG Engine               - pixelsPerMeter: 50.0
12:01:47.988 [FXGL Background Thread 2 ] DEBUG Engine               - platform: WINDOWS
12:01:47.988 [FXGL Background Thread 2 ] DEBUG Engine               - profileDir: profiles/
12:01:47.989 [FXGL Background Thread 2 ] DEBUG Engine               - profileName: StringProperty [value: DEFAULT]
12:01:47.989 [FXGL Background Thread 2 ] DEBUG Engine               - randomSeed: -1
12:01:47.989 [FXGL Background Thread 2 ] DEBUG Engine               - runtimeInfo: RuntimeInfo(platform=WINDOWS, version=11.9, build=27.05.2020 17.06)
12:01:47.989 [FXGL Background Thread 2 ] DEBUG Engine               - saveFileExt: sav
12:01:47.989 [FXGL Background Thread 2 ] DEBUG Engine               - sceneFactory: MooseGame.NewfoundRacerApp$1@6e9f4d8f
12:01:47.989 [FXGL Background Thread 2 ] DEBUG Engine               - secondsIn24h: 60
12:01:47.989 [FXGL Background Thread 2 ] DEBUG Engine               - settings: Title: Newfoundland Moose Collision
Version: 1.0
Width: 840
Height: 650
Fullscreen: false
Intro: false
Profiling: false
Single step:false
App Mode: DEVELOPER
Menu Key: ESCAPE
Stage Style: DECORATED
Scene Factory: class MooseGame.NewfoundRacerApp$1

12:01:47.989 [FXGL Background Thread 2 ] DEBUG Engine               - soundMenuBack: menu/back.wav
12:01:47.989 [FXGL Background Thread 2 ] DEBUG Engine               - soundMenuPress: menu/press.wav
12:01:47.989 [FXGL Background Thread 2 ] DEBUG Engine               - soundMenuSelect: menu/select.wav
12:01:47.989 [FXGL Background Thread 2 ] DEBUG Engine               - soundNotification: core/notification.wav
12:01:47.989 [FXGL Background Thread 2 ] DEBUG Engine               - stageStyle: DECORATED
12:01:47.989 [FXGL Background Thread 2 ] DEBUG Engine               - supportedLanguages: [ENGLISH, FRENCH, GERMAN, HUNGARIAN, RUSSIAN]
12:01:47.989 [FXGL Background Thread 2 ] DEBUG Engine               - title: Newfoundland Moose Collision
12:01:47.989 [FXGL Background Thread 2 ] DEBUG Engine               - urlGithub: https://github.com/AlmasB/FXGL
12:01:47.989 [FXGL Background Thread 2 ] DEBUG Engine               - urlLeaderboard: http://fxgl-top.herokuapp.com/
12:01:47.990 [FXGL Background Thread 2 ] DEBUG Engine               - urlPOM: https://raw.githubusercontent.com/AlmasB/FXGL/master/pom.xml
12:01:47.990 [FXGL Background Thread 2 ] DEBUG Engine               - version: 1.0
12:01:47.990 [FXGL Background Thread 2 ] DEBUG Engine               - versionCheckDays: 7
12:01:47.990 [FXGL Background Thread 2 ] DEBUG Engine               - width: 840
12:01:47.990 [FXGL Background Thread 2 ] DEBUG Engine               - Logging services
12:01:47.990 [FXGL Background Thread 2 ] DEBUG Engine               - class com.almasb.fxgl.app.GameApplication$GameApplicationService
12:01:47.990 [FXGL Background Thread 2 ] DEBUG Engine               - class com.almasb.fxgl.app.services.WindowService
12:01:47.990 [FXGL Background Thread 2 ] DEBUG Engine               - class com.almasb.fxgl.app.services.FXGLDialogService
12:01:47.990 [FXGL Background Thread 2 ] DEBUG Engine               - class com.almasb.fxgl.app.services.IOTaskExecutorService
12:01:47.990 [FXGL Background Thread 2 ] DEBUG Engine               - class com.almasb.fxgl.event.EventBusService
12:01:47.990 [FXGL Background Thread 2 ] DEBUG Engine               - class com.almasb.fxgl.io.FileSystemService
12:01:47.990 [FXGL Background Thread 2 ] DEBUG Engine               - class com.almasb.fxgl.localization.LocalizationService
12:01:47.990 [FXGL Background Thread 2 ] DEBUG Engine               - class com.almasb.fxgl.app.services.AssetLoaderService
12:01:47.990 [FXGL Background Thread 2 ] DEBUG Engine               - class com.almasb.fxgl.app.services.SystemBundleService
12:01:47.990 [FXGL Background Thread 2 ] DEBUG Engine               - class com.almasb.fxgl.profile.SaveLoadService
12:01:47.990 [FXGL Background Thread 2 ] DEBUG Engine               - class com.almasb.fxgl.ui.FXGLUIFactoryServiceProvider
12:01:47.990 [FXGL Background Thread 2 ] DEBUG Engine               - class com.almasb.fxgl.ui.FXGLDialogFactoryServiceProvider
12:01:47.990 [FXGL Background Thread 2 ] DEBUG Engine               - class com.almasb.fxgl.audio.AudioPlayer
12:01:47.990 [FXGL Background Thread 2 ] DEBUG Engine               - class com.almasb.fxgl.notification.impl.NotificationServiceProvider
12:01:47.990 [FXGL Background Thread 2 ] DEBUG Engine               - class com.almasb.fxgl.achievement.AchievementService
12:01:47.990 [FXGL Background Thread 2 ] DEBUG Engine               - class com.almasb.fxgl.cutscene.CutsceneService
12:01:47.991 [FXGL Background Thread 2 ] DEBUG Engine               - class com.almasb.fxgl.minigames.MiniGameService
12:01:47.991 [FXGL Background Thread 2 ] DEBUG Engine               - class com.almasb.fxgl.net.NetService
12:01:47.991 [FXGL Background Thread 2 ] DEBUG Engine               - class com.almasb.fxgl.app.services.UpdaterService
12:01:47.991 [FXGL Background Thread 2 ] DEBUG Engine               - class com.almasb.fxgl.dev.DevService
12:01:56.505 [JavaFX Application Thread] DEBUG GameApplication      - Exiting FXGL
12:01:56.505 [JavaFX Application Thread] DEBUG LoopRunner           - Stopping loop
12:01:56.505 [JavaFX Application Thread] DEBUG SystemBundleService  - Saving FXGL system data
12:01:56.506 [JavaFX Application Thread] DEBUG FileSystemAccess     - Writing to: E:\secondYear\Java\NewfoundlandRacer\system\fxgl.bundle
12:01:56.507 [JavaFX Application Thread] DEBUG GameApplication      - Shutting down background threads
12:01:56.507 [JavaFX Application Thread] DEBUG GameApplication      - Closing logger and exiting JavaFX
