18:38:59.348 [main                     ] DEBUG GameApplication      - Logger initialized
18:38:59.352 [main                     ] DEBUG GameApplication      - Logging settings
Title: Newfoundland Moose Collision
Version: 0.1
Width: 840
Height: 650
Fullscreen: false
Intro: false
Profiling: false
Single step:false
App Mode: DEVELOPER
Menu Key: ESCAPE
Stage Style: DECORATED
Scene Factory: class MooseGame.NewfoundRacerApp$1

18:38:59.688 [JavaFX Application Thread] DEBUG GameApplication      - Initializing FXGL
18:38:59.698 [JavaFX Application Thread] INFO  Engine               - FXGL-11.9 (27.05.2020 17.06) on WINDOWS (J:14.0.1 FX:13.0.2)
18:38:59.699 [JavaFX Application Thread] DEBUG Engine               - JRE Vendor Name: Oracle Corporation
18:38:59.699 [JavaFX Application Thread] DEBUG Engine               - Running on OS: Windows 10 version 10.0
18:38:59.699 [JavaFX Application Thread] DEBUG Engine               - Architecture: amd64
18:38:59.699 [JavaFX Application Thread] INFO  Engine               - Source code and latest versions at: https://github.com/AlmasB/FXGL
18:38:59.699 [JavaFX Application Thread] INFO  Engine               -              Join the FXGL chat at: https://gitter.im/AlmasB/FXGL
18:38:59.779 [JavaFX Application Thread] DEBUG MainWindow           - Creating a JavaFX scene
18:38:59.823 [JavaFX Application Thread] DEBUG MainWindow           - Target settings size: 840.0 x 650.0
18:38:59.823 [JavaFX Application Thread] DEBUG MainWindow           - Scaled scene size:    840.0 x 650.0
18:38:59.824 [JavaFX Application Thread] DEBUG MainWindow           - Scaled ratio: (1.0, 1.0)
18:38:59.825 [JavaFX Application Thread] DEBUG MainWindow           - Set initial scene to FXGLStartupScene
18:38:59.829 [JavaFX Application Thread] DEBUG MainWindow           - Opening main window
18:38:59.904 [JavaFX Application Thread] DEBUG MainWindow           - Window border size: (16.0, 39.0)
18:38:59.904 [JavaFX Application Thread] DEBUG MainWindow           - Scaled size: 840.0 x 650.0
18:38:59.905 [JavaFX Application Thread] DEBUG MainWindow           - Scaled ratio: (1.0, 1.0)
18:38:59.905 [JavaFX Application Thread] DEBUG MainWindow           - Scene size: 840.0 x 650.0
18:38:59.905 [JavaFX Application Thread] DEBUG MainWindow           - Stage size: 856.0 x 689.0
18:38:59.911 [FXGL Background Thread 1 ] DEBUG Engine               - Initializing environment variables
18:38:59.931 [FXGL Background Thread 1 ] DEBUG WindowService        - Applying CSS: fxgl_dark.css
18:38:59.931 [FXGL Background Thread 1 ] DEBUG AssetLoaderService   - Loading from file system: /assets/ui/css/fxgl_dark.css
18:38:59.960 [FXGL Background Thread 1 ] DEBUG WindowService        - Initializing application scenes
18:38:59.982 [FXGL Background Thread 1 ] DEBUG GameWorld            - Game world initialized
18:39:00.012 [FXGL Background Thread 1 ] DEBUG PhysicsWorld         - Physics world initialized: appHeight=650, physics.ppm=50.0
18:39:00.014 [FXGL Background Thread 1 ] DEBUG GameScene            - Game scene initialized: 840x650
18:39:00.039 [FXGL Background Thread 1 ] DEBUG AssetLoaderService   - Loading from file system: /assets/textures/particles/trace_horizontal.png
18:39:00.080 [FXGL Background Thread 1 ] DEBUG FXGL.DefaultMenu     - createMenuBodyGameMenu()
18:39:00.090 [FXGL Background Thread 1 ] DEBUG FXGL.DefaultMenu     - createOptionsMenu()
18:39:00.093 [FXGL Background Thread 1 ] DEBUG AssetLoaderService   - Loading from file system: /assets/textures/particles/smoke.png
18:39:00.133 [FXGL Background Thread 1 ] DEBUG WindowService        - Application scenes initialized
18:39:00.140 [FXGL Background Thread 1 ] DEBUG SystemBundleService  - Loading FXGL system data
18:39:00.143 [FXGL Background Thread 1 ] DEBUG FileSystemAccess     - Reading from: E:\secondYear\Java\NewfoundlandRacer\system\fxgl.bundle
18:39:00.147 [FXGL Background Thread 1 ] DEBUG SystemBundleService  - Bundle FXGL: {}
18:39:00.147 [FXGL Background Thread 1 ] INFO  Engine               - FXGL initialization took: 0.235 sec
18:39:00.149 [FXGL Background Thread 1 ] DEBUG GameApplication      - Loading localizations
18:39:00.149 [FXGL Background Thread 1 ] DEBUG AssetLoaderService   - Loading from file system: /assets/languages/english.lang
18:39:00.157 [FXGL Background Thread 1 ] DEBUG AssetLoaderService   - Loading from file system: /assets/languages/french.lang
18:39:00.159 [FXGL Background Thread 1 ] DEBUG AssetLoaderService   - Loading from file system: /assets/languages/german.lang
18:39:00.160 [FXGL Background Thread 1 ] DEBUG AssetLoaderService   - Loading from file system: /assets/languages/hungarian.lang
18:39:00.162 [FXGL Background Thread 1 ] DEBUG AssetLoaderService   - Loading from file system: /assets/languages/russian.lang
18:39:00.163 [FXGL Background Thread 1 ] DEBUG GameApplication      - Registering font factories with UI factory
18:39:00.163 [FXGL Background Thread 1 ] DEBUG AssetLoaderService   - Loading from file system: /assets/ui/fonts/VarelaRound-Regular.ttf
18:39:00.193 [FXGL Background Thread 1 ] DEBUG AssetLoaderService   - Loading from file system: /assets/ui/fonts/Abel-Regular.ttf
18:39:00.196 [FXGL Background Thread 1 ] DEBUG AssetLoaderService   - Loading from file system: /assets/ui/fonts/lucida_console.ttf
18:39:00.200 [FXGL Background Thread 1 ] DEBUG AssetLoaderService   - Loading from file system: /assets/ui/fonts/Courier-Prime.ttf
18:39:00.210 [JavaFX Application Thread] DEBUG Input                - Registered new binding: Move Right - D
18:39:00.210 [JavaFX Application Thread] DEBUG Input                - Registered new binding: Move Left - A
18:39:00.210 [JavaFX Application Thread] DEBUG Input                - Registered new binding: Move Up - W
18:39:00.210 [JavaFX Application Thread] DEBUG Input                - Registered new binding: Move Down - S
18:39:00.210 [JavaFX Application Thread] DEBUG AssetLoaderService   - Loading from file system: /assets/textures/fxgl_icon.png
18:39:00.227 [JavaFX Application Thread] DEBUG AssetLoaderService   - Loading from file system: /assets/ui/cursors/fxgl_default.png
18:39:00.229 [JavaFX Application Thread] DEBUG Input                - Registered new binding: Screenshot - P
18:39:00.229 [JavaFX Application Thread] DEBUG Input                - Registered new binding: System info dump - CTRL+9
18:39:00.229 [JavaFX Application Thread] DEBUG Input                - Registered new binding: Restart - CTRL+R
18:39:00.230 [JavaFX Application Thread] DEBUG LoopRunner           - Starting loop
18:39:00.240 [JavaFX Application Thread] DEBUG FXGLStartupScene     - STARTUP
18:39:00.242 [JavaFX Application Thread] DEBUG Input                - Clearing active input actions
18:39:00.249 [JavaFX Application Thread] DEBUG WindowService        - Removing overlay from FXGLStartupScene and adding to 
18:39:00.250 [JavaFX Application Thread] DEBUG MainWindow           - FXGLStartupScene -> 
18:39:00.250 [JavaFX Application Thread] DEBUG MainWindow           - Push state: NewfoundlandRacerMainMenu
18:39:00.250 [JavaFX Application Thread] DEBUG Input                - Clearing active input actions
18:39:00.253 [JavaFX Application Thread] DEBUG WindowService        - Removing overlay from  and adding to NewfoundlandRacerMainMenu
18:39:00.253 [JavaFX Application Thread] DEBUG MainWindow           -  -> NewfoundlandRacerMainMenu
18:39:00.860 [JavaFX Application Thread] DEBUG Menu                 - fireNewGame()
18:39:00.860 [JavaFX Application Thread] DEBUG WindowService        - Starting new game
18:39:00.860 [JavaFX Application Thread] DEBUG MainWindow           - Pop state: NewfoundlandRacerMainMenu
18:39:00.860 [JavaFX Application Thread] DEBUG Input                - Clearing active input actions
18:39:00.860 [JavaFX Application Thread] DEBUG WindowService        - Removing overlay from NewfoundlandRacerMainMenu and adding to 
18:39:00.860 [JavaFX Application Thread] DEBUG MainWindow           -  <- NewfoundlandRacerMainMenu
18:39:00.861 [JavaFX Application Thread] DEBUG Input                - Clearing active input actions
18:39:00.865 [JavaFX Application Thread] DEBUG WindowService        - Removing overlay from  and adding to FXGLLoadingScene
18:39:00.865 [JavaFX Application Thread] DEBUG MainWindow           -  -> FXGLLoadingScene
18:39:00.865 [JavaFX Application Thread] DEBUG WindowService        - Clearing previous game
18:39:00.865 [JavaFX Application Thread] DEBUG GameScene            - Clearing game scene
18:39:00.865 [JavaFX Application Thread] DEBUG GameWorld            - Clearing game world
18:39:00.866 [JavaFX Application Thread] DEBUG PhysicsWorld         - Clearing physics world
18:39:00.866 [FXGL Background Thread 1 ] DEBUG GameApplication      - Initializing game
18:39:00.872 [FXGL Background Thread 1 ] DEBUG AssetLoaderService   - Loading from file system: /assets/textures/4lanehighway.png
18:39:00.937 [FXGL Background Thread 1 ] DEBUG AssetLoaderService   - Loading from file system: /assets/textures/player.png
18:39:00.968 [FXGL Background Thread 1 ] INFO  GameApplication      - Game initialization took: 0.101 sec
18:39:00.976 [JavaFX Application Thread] DEBUG Input                - Clearing active input actions
18:39:00.980 [JavaFX Application Thread] DEBUG WindowService        - Removing overlay from FXGLLoadingScene and adding to GameScene
18:39:00.981 [JavaFX Application Thread] DEBUG MainWindow           - FXGLLoadingScene -> GameScene
18:39:02.799 [JavaFX Application Thread] DEBUG AssetLoaderService   - Loading from file system: /assets/textures/cowmoosespriterunning.png
18:39:02.811 [JavaFX Application Thread] DEBUG AssetLoaderService   - Loading from cache: /assets/textures/cowmoosespriterunning.png
18:39:03.150 [FXGL Background Thread 2 ] DEBUG Engine               - Logging environment variables
18:39:03.151 [FXGL Background Thread 2 ] DEBUG Engine               - achievements: []
18:39:03.151 [FXGL Background Thread 2 ] DEBUG Engine               - appIcon: fxgl_icon.png
18:39:03.152 [FXGL Background Thread 2 ] DEBUG Engine               - applicationMode: DEVELOPER
18:39:03.152 [FXGL Background Thread 2 ] DEBUG Engine               - cSSList: [fxgl_dark.css]
18:39:03.152 [FXGL Background Thread 2 ] DEBUG Engine               - configClass: Optional.empty
18:39:03.153 [FXGL Background Thread 2 ] DEBUG Engine               - credits: []
18:39:03.153 [FXGL Background Thread 2 ] DEBUG Engine               - devBBoxColorProperty: ObjectProperty [value: 0xff0000ff]
18:39:03.154 [FXGL Background Thread 2 ] DEBUG Engine               - devSensorColorProperty: ObjectProperty [value: 0xffff00ff]
18:39:03.154 [FXGL Background Thread 2 ] DEBUG Engine               - devShowBBoxProperty: BooleanProperty [value: false]
18:39:03.154 [FXGL Background Thread 2 ] DEBUG Engine               - devShowPositionProperty: BooleanProperty [value: false]
18:39:03.155 [FXGL Background Thread 2 ] DEBUG Engine               - enabledMenuItems: []
18:39:03.155 [FXGL Background Thread 2 ] DEBUG Engine               - engineServices: [class com.almasb.fxgl.app.GameApplication$GameApplicationService, class com.almasb.fxgl.app.services.WindowService, class com.almasb.fxgl.app.services.FXGLDialogService, class com.almasb.fxgl.app.services.IOTaskExecutorService, class com.almasb.fxgl.event.EventBusService, class com.almasb.fxgl.io.FileSystemService, class com.almasb.fxgl.localization.LocalizationService, class com.almasb.fxgl.app.services.AssetLoaderService, class com.almasb.fxgl.app.services.SystemBundleService, class com.almasb.fxgl.profile.SaveLoadService, class com.almasb.fxgl.ui.FXGLUIFactoryServiceProvider, class com.almasb.fxgl.ui.FXGLDialogFactoryServiceProvider, class com.almasb.fxgl.audio.AudioPlayer, class com.almasb.fxgl.notification.impl.NotificationServiceProvider, class com.almasb.fxgl.achievement.AchievementService, class com.almasb.fxgl.cutscene.CutsceneService, class com.almasb.fxgl.minigames.MiniGameService, class com.almasb.fxgl.net.NetService, class com.almasb.fxgl.app.services.UpdaterService, class com.almasb.fxgl.dev.DevService]
18:39:03.155 [FXGL Background Thread 2 ] DEBUG Engine               - fontGame: Abel-Regular.ttf
18:39:03.155 [FXGL Background Thread 2 ] DEBUG Engine               - fontMono: lucida_console.ttf
18:39:03.155 [FXGL Background Thread 2 ] DEBUG Engine               - fontText: Courier-Prime.ttf
18:39:03.156 [FXGL Background Thread 2 ] DEBUG Engine               - fontUI: VarelaRound-Regular.ttf
18:39:03.156 [FXGL Background Thread 2 ] DEBUG Engine               - fullScreen: BooleanProperty [value: false]
18:39:03.156 [FXGL Background Thread 2 ] DEBUG Engine               - gameDifficulty: MEDIUM
18:39:03.156 [FXGL Background Thread 2 ] DEBUG Engine               - gameDifficultyProperty: ObjectProperty [value: MEDIUM]
18:39:03.156 [FXGL Background Thread 2 ] DEBUG Engine               - globalMusicVolume: 0.5
18:39:03.156 [FXGL Background Thread 2 ] DEBUG Engine               - globalMusicVolumeProperty: DoubleProperty [value: 0.5]
18:39:03.156 [FXGL Background Thread 2 ] DEBUG Engine               - globalSoundVolume: 0.5
18:39:03.156 [FXGL Background Thread 2 ] DEBUG Engine               - globalSoundVolumeProperty: DoubleProperty [value: 0.5]
18:39:03.156 [FXGL Background Thread 2 ] DEBUG Engine               - height: 650
18:39:03.156 [FXGL Background Thread 2 ] DEBUG Engine               - isAndroid: false
18:39:03.156 [FXGL Background Thread 2 ] DEBUG Engine               - isBrowser: false
18:39:03.156 [FXGL Background Thread 2 ] DEBUG Engine               - isClickFeedbackEnabled: false
18:39:03.156 [FXGL Background Thread 2 ] DEBUG Engine               - isCloseConfirmation: false
18:39:03.156 [FXGL Background Thread 2 ] DEBUG Engine               - isDesktop: true
18:39:03.156 [FXGL Background Thread 2 ] DEBUG Engine               - isDeveloperMenuEnabled: false
18:39:03.156 [FXGL Background Thread 2 ] DEBUG Engine               - isExperimentalNative: false
18:39:03.157 [FXGL Background Thread 2 ] DEBUG Engine               - isExperimentalTiledLargeMap: false
18:39:03.157 [FXGL Background Thread 2 ] DEBUG Engine               - isFullScreenAllowed: false
18:39:03.157 [FXGL Background Thread 2 ] DEBUG Engine               - isFullScreenFromStart: false
18:39:03.157 [FXGL Background Thread 2 ] DEBUG Engine               - isGameMenuEnabled: true
18:39:03.157 [FXGL Background Thread 2 ] DEBUG Engine               - isIOS: false
18:39:03.157 [FXGL Background Thread 2 ] DEBUG Engine               - isIntroEnabled: false
18:39:03.157 [FXGL Background Thread 2 ] DEBUG Engine               - isLinux: false
18:39:03.157 [FXGL Background Thread 2 ] DEBUG Engine               - isMac: false
18:39:03.157 [FXGL Background Thread 2 ] DEBUG Engine               - isMainMenuEnabled: true
18:39:03.157 [FXGL Background Thread 2 ] DEBUG Engine               - isManualResizeEnabled: false
18:39:03.157 [FXGL Background Thread 2 ] DEBUG Engine               - isMobile: false
18:39:03.157 [FXGL Background Thread 2 ] DEBUG Engine               - isPreserveResizeRatio: false
18:39:03.157 [FXGL Background Thread 2 ] DEBUG Engine               - isProfilingEnabled: false
18:39:03.157 [FXGL Background Thread 2 ] DEBUG Engine               - isSingleStep: false
18:39:03.157 [FXGL Background Thread 2 ] DEBUG Engine               - isUserProfileEnabled: false
18:39:03.157 [FXGL Background Thread 2 ] DEBUG Engine               - isWindows: true
18:39:03.157 [FXGL Background Thread 2 ] DEBUG Engine               - language: ObjectProperty [value: ENGLISH]
18:39:03.157 [FXGL Background Thread 2 ] DEBUG Engine               - mainWindow: com.almasb.fxgl.app.MainWindow@38765bd3
18:39:03.157 [FXGL Background Thread 2 ] DEBUG Engine               - menuKey: ESCAPE
18:39:03.157 [FXGL Background Thread 2 ] DEBUG Engine               - notificationViewClass: class com.almasb.fxgl.notification.view.XboxNotificationView
18:39:03.157 [FXGL Background Thread 2 ] DEBUG Engine               - pixelsPerMeter: 50.0
18:39:03.157 [FXGL Background Thread 2 ] DEBUG Engine               - platform: WINDOWS
18:39:03.157 [FXGL Background Thread 2 ] DEBUG Engine               - profileDir: profiles/
18:39:03.157 [FXGL Background Thread 2 ] DEBUG Engine               - profileName: StringProperty [value: DEFAULT]
18:39:03.158 [FXGL Background Thread 2 ] DEBUG Engine               - randomSeed: -1
18:39:03.158 [FXGL Background Thread 2 ] DEBUG Engine               - runtimeInfo: RuntimeInfo(platform=WINDOWS, version=11.9, build=27.05.2020 17.06)
18:39:03.158 [FXGL Background Thread 2 ] DEBUG Engine               - saveFileExt: sav
18:39:03.158 [FXGL Background Thread 2 ] DEBUG Engine               - sceneFactory: MooseGame.NewfoundRacerApp$1@7d74c2b9
18:39:03.158 [FXGL Background Thread 2 ] DEBUG Engine               - secondsIn24h: 60
18:39:03.158 [FXGL Background Thread 2 ] DEBUG Engine               - settings: Title: Newfoundland Moose Collision
Version: 0.1
Width: 840
Height: 650
Fullscreen: false
Intro: false
Profiling: false
Single step:false
App Mode: DEVELOPER
Menu Key: ESCAPE
Stage Style: DECORATED
Scene Factory: class MooseGame.NewfoundRacerApp$1

18:39:03.158 [FXGL Background Thread 2 ] DEBUG Engine               - soundMenuBack: menu/back.wav
18:39:03.158 [FXGL Background Thread 2 ] DEBUG Engine               - soundMenuPress: menu/press.wav
18:39:03.158 [FXGL Background Thread 2 ] DEBUG Engine               - soundMenuSelect: menu/select.wav
18:39:03.158 [FXGL Background Thread 2 ] DEBUG Engine               - soundNotification: core/notification.wav
18:39:03.158 [FXGL Background Thread 2 ] DEBUG Engine               - stageStyle: DECORATED
18:39:03.158 [FXGL Background Thread 2 ] DEBUG Engine               - supportedLanguages: [ENGLISH, FRENCH, GERMAN, HUNGARIAN, RUSSIAN]
18:39:03.158 [FXGL Background Thread 2 ] DEBUG Engine               - title: Newfoundland Moose Collision
18:39:03.158 [FXGL Background Thread 2 ] DEBUG Engine               - urlGithub: https://github.com/AlmasB/FXGL
18:39:03.158 [FXGL Background Thread 2 ] DEBUG Engine               - urlLeaderboard: http://fxgl-top.herokuapp.com/
18:39:03.158 [FXGL Background Thread 2 ] DEBUG Engine               - urlPOM: https://raw.githubusercontent.com/AlmasB/FXGL/master/pom.xml
18:39:03.158 [FXGL Background Thread 2 ] DEBUG Engine               - version: 0.1
18:39:03.158 [FXGL Background Thread 2 ] DEBUG Engine               - versionCheckDays: 7
18:39:03.158 [FXGL Background Thread 2 ] DEBUG Engine               - width: 840
18:39:03.158 [FXGL Background Thread 2 ] DEBUG Engine               - Logging services
18:39:03.159 [FXGL Background Thread 2 ] DEBUG Engine               - class com.almasb.fxgl.app.GameApplication$GameApplicationService
18:39:03.159 [FXGL Background Thread 2 ] DEBUG Engine               - class com.almasb.fxgl.app.services.WindowService
18:39:03.159 [FXGL Background Thread 2 ] DEBUG Engine               - class com.almasb.fxgl.app.services.FXGLDialogService
18:39:03.159 [FXGL Background Thread 2 ] DEBUG Engine               - class com.almasb.fxgl.app.services.IOTaskExecutorService
18:39:03.159 [FXGL Background Thread 2 ] DEBUG Engine               - class com.almasb.fxgl.event.EventBusService
18:39:03.159 [FXGL Background Thread 2 ] DEBUG Engine               - class com.almasb.fxgl.io.FileSystemService
18:39:03.159 [FXGL Background Thread 2 ] DEBUG Engine               - class com.almasb.fxgl.localization.LocalizationService
18:39:03.159 [FXGL Background Thread 2 ] DEBUG Engine               - class com.almasb.fxgl.app.services.AssetLoaderService
18:39:03.159 [FXGL Background Thread 2 ] DEBUG Engine               - class com.almasb.fxgl.app.services.SystemBundleService
18:39:03.159 [FXGL Background Thread 2 ] DEBUG Engine               - class com.almasb.fxgl.profile.SaveLoadService
18:39:03.159 [FXGL Background Thread 2 ] DEBUG Engine               - class com.almasb.fxgl.ui.FXGLUIFactoryServiceProvider
18:39:03.159 [FXGL Background Thread 2 ] DEBUG Engine               - class com.almasb.fxgl.ui.FXGLDialogFactoryServiceProvider
18:39:03.159 [FXGL Background Thread 2 ] DEBUG Engine               - class com.almasb.fxgl.audio.AudioPlayer
18:39:03.159 [FXGL Background Thread 2 ] DEBUG Engine               - class com.almasb.fxgl.notification.impl.NotificationServiceProvider
18:39:03.159 [FXGL Background Thread 2 ] DEBUG Engine               - class com.almasb.fxgl.achievement.AchievementService
18:39:03.159 [FXGL Background Thread 2 ] DEBUG Engine               - class com.almasb.fxgl.cutscene.CutsceneService
18:39:03.159 [FXGL Background Thread 2 ] DEBUG Engine               - class com.almasb.fxgl.minigames.MiniGameService
18:39:03.159 [FXGL Background Thread 2 ] DEBUG Engine               - class com.almasb.fxgl.net.NetService
18:39:03.159 [FXGL Background Thread 2 ] DEBUG Engine               - class com.almasb.fxgl.app.services.UpdaterService
18:39:03.159 [FXGL Background Thread 2 ] DEBUG Engine               - class com.almasb.fxgl.dev.DevService
18:39:03.517 [JavaFX Application Thread] DEBUG AssetLoaderService   - Loading from file system: /assets/textures/driver1.png
18:39:04.285 [JavaFX Application Thread] DEBUG AssetLoaderService   - Loading from cache: /assets/textures/cowmoosespriterunning.png
18:39:04.287 [JavaFX Application Thread] DEBUG AssetLoaderService   - Loading from cache: /assets/textures/cowmoosespriterunning.png
18:39:04.954 [JavaFX Application Thread] DEBUG AssetLoaderService   - Loading from file system: /assets/textures/pothole.png
18:39:05.580 [JavaFX Application Thread] DEBUG AssetLoaderService   - Loading from file system: /assets/textures/driver4.png
18:39:05.594 [JavaFX Application Thread] DEBUG AssetLoaderService   - Loading from cache: /assets/textures/cowmoosespriterunning.png
18:39:05.595 [JavaFX Application Thread] DEBUG AssetLoaderService   - Loading from cache: /assets/textures/cowmoosespriterunning.png
18:39:06.844 [JavaFX Application Thread] DEBUG AssetLoaderService   - Loading from cache: /assets/textures/cowmoosespriterunning.png
18:39:06.845 [JavaFX Application Thread] DEBUG AssetLoaderService   - Loading from cache: /assets/textures/cowmoosespriterunning.png
18:39:07.358 [JavaFX Application Thread] DEBUG AssetLoaderService   - Loading from cache: /assets/textures/driver1.png
18:39:07.885 [JavaFX Application Thread] DEBUG AssetLoaderService   - Loading from file system: /assets/textures/coin.png
18:39:07.892 [JavaFX Application Thread] DEBUG AssetLoaderService   - Loading from cache: /assets/textures/pothole.png
18:39:07.917 [JavaFX Application Thread] DEBUG AssetLoaderService   - Loading from cache: /assets/textures/cowmoosespriterunning.png
18:39:07.918 [JavaFX Application Thread] DEBUG AssetLoaderService   - Loading from cache: /assets/textures/cowmoosespriterunning.png
18:39:09.181 [JavaFX Application Thread] DEBUG AssetLoaderService   - Loading from cache: /assets/textures/driver4.png
18:39:09.226 [JavaFX Application Thread] DEBUG AssetLoaderService   - Loading from cache: /assets/textures/cowmoosespriterunning.png
18:39:09.227 [JavaFX Application Thread] DEBUG AssetLoaderService   - Loading from cache: /assets/textures/cowmoosespriterunning.png
18:39:10.755 [JavaFX Application Thread] DEBUG AssetLoaderService   - Loading from cache: /assets/textures/cowmoosespriterunning.png
18:39:10.757 [JavaFX Application Thread] DEBUG AssetLoaderService   - Loading from cache: /assets/textures/cowmoosespriterunning.png
18:39:11.531 [JavaFX Application Thread] DEBUG AssetLoaderService   - Loading from cache: /assets/textures/pothole.png
18:39:11.533 [JavaFX Application Thread] DEBUG AssetLoaderService   - Loading from file system: /assets/textures/driver0.png
18:39:12.077 [JavaFX Application Thread] DEBUG AssetLoaderService   - Loading from cache: /assets/textures/cowmoosespriterunning.png
18:39:12.078 [JavaFX Application Thread] DEBUG AssetLoaderService   - Loading from cache: /assets/textures/cowmoosespriterunning.png
18:39:13.757 [JavaFX Application Thread] DEBUG AssetLoaderService   - Loading from cache: /assets/textures/driver1.png
18:39:13.789 [JavaFX Application Thread] DEBUG AssetLoaderService   - Loading from cache: /assets/textures/cowmoosespriterunning.png
18:39:13.791 [JavaFX Application Thread] DEBUG AssetLoaderService   - Loading from cache: /assets/textures/cowmoosespriterunning.png
18:39:15.221 [JavaFX Application Thread] DEBUG AssetLoaderService   - Loading from cache: /assets/textures/coin.png
18:39:15.230 [JavaFX Application Thread] DEBUG AssetLoaderService   - Loading from cache: /assets/textures/pothole.png
18:39:15.261 [JavaFX Application Thread] DEBUG AssetLoaderService   - Loading from cache: /assets/textures/cowmoosespriterunning.png
18:39:15.263 [JavaFX Application Thread] DEBUG AssetLoaderService   - Loading from cache: /assets/textures/cowmoosespriterunning.png
18:39:16.059 [JavaFX Application Thread] DEBUG AssetLoaderService   - Loading from cache: /assets/textures/driver1.png
18:39:16.925 [JavaFX Application Thread] DEBUG AssetLoaderService   - Loading from cache: /assets/textures/cowmoosespriterunning.png
18:39:16.926 [JavaFX Application Thread] DEBUG AssetLoaderService   - Loading from cache: /assets/textures/cowmoosespriterunning.png
18:39:18.184 [JavaFX Application Thread] DEBUG AssetLoaderService   - Loading from file system: /assets/textures/driver2.png
18:39:18.214 [JavaFX Application Thread] DEBUG AssetLoaderService   - Loading from cache: /assets/textures/cowmoosespriterunning.png
18:39:18.215 [JavaFX Application Thread] DEBUG AssetLoaderService   - Loading from cache: /assets/textures/cowmoosespriterunning.png
18:39:19.053 [JavaFX Application Thread] DEBUG AssetLoaderService   - Loading from cache: /assets/textures/pothole.png
18:39:19.917 [JavaFX Application Thread] DEBUG AssetLoaderService   - Loading from cache: /assets/textures/cowmoosespriterunning.png
18:39:19.918 [JavaFX Application Thread] DEBUG AssetLoaderService   - Loading from cache: /assets/textures/cowmoosespriterunning.png
18:39:20.860 [JavaFX Application Thread] DEBUG AssetLoaderService   - Loading from cache: /assets/textures/driver0.png
18:39:21.581 [JavaFX Application Thread] DEBUG AssetLoaderService   - Loading from cache: /assets/textures/cowmoosespriterunning.png
18:39:21.582 [JavaFX Application Thread] DEBUG AssetLoaderService   - Loading from cache: /assets/textures/cowmoosespriterunning.png
18:39:22.957 [JavaFX Application Thread] DEBUG AssetLoaderService   - Loading from cache: /assets/textures/coin.png
18:39:23.005 [JavaFX Application Thread] DEBUG AssetLoaderService   - Loading from cache: /assets/textures/pothole.png
18:39:23.053 [JavaFX Application Thread] DEBUG AssetLoaderService   - Loading from cache: /assets/textures/driver0.png
18:39:23.117 [JavaFX Application Thread] DEBUG AssetLoaderService   - Loading from cache: /assets/textures/cowmoosespriterunning.png
18:39:23.118 [JavaFX Application Thread] DEBUG AssetLoaderService   - Loading from cache: /assets/textures/cowmoosespriterunning.png
18:39:24.692 [JavaFX Application Thread] DEBUG AssetLoaderService   - Loading from cache: /assets/textures/cowmoosespriterunning.png
18:39:24.693 [JavaFX Application Thread] DEBUG AssetLoaderService   - Loading from cache: /assets/textures/cowmoosespriterunning.png
18:39:25.517 [JavaFX Application Thread] DEBUG AssetLoaderService   - Loading from cache: /assets/textures/driver2.png
18:39:26.445 [JavaFX Application Thread] DEBUG AssetLoaderService   - Loading from cache: /assets/textures/cowmoosespriterunning.png
18:39:26.446 [JavaFX Application Thread] DEBUG AssetLoaderService   - Loading from cache: /assets/textures/cowmoosespriterunning.png
18:39:26.923 [JavaFX Application Thread] DEBUG AssetLoaderService   - Loading from file system: /assets/sounds/coincollect.wav
18:39:27.229 [JavaFX Application Thread] DEBUG AssetLoaderService   - Loading from cache: /assets/textures/pothole.png
18:39:28.285 [JavaFX Application Thread] DEBUG AssetLoaderService   - Loading from cache: /assets/textures/driver2.png
18:39:28.366 [JavaFX Application Thread] DEBUG AssetLoaderService   - Loading from cache: /assets/textures/cowmoosespriterunning.png
18:39:28.368 [JavaFX Application Thread] DEBUG AssetLoaderService   - Loading from cache: /assets/textures/cowmoosespriterunning.png
18:39:29.532 [JavaFX Application Thread] DEBUG AssetLoaderService   - Loading from cache: /assets/sounds/coincollect.wav
18:39:29.789 [JavaFX Application Thread] DEBUG MainWindow           - Push state: DialogSubScene
18:39:29.789 [JavaFX Application Thread] DEBUG Input                - Clearing active input actions
18:39:29.794 [JavaFX Application Thread] DEBUG WindowService        - Removing overlay from GameScene and adding to DialogSubScene
18:39:29.795 [JavaFX Application Thread] DEBUG MainWindow           - GameScene -> DialogSubScene
18:39:31.042 [JavaFX Application Thread] DEBUG MainWindow           - Pop state: DialogSubScene
18:39:31.042 [JavaFX Application Thread] DEBUG Input                - Clearing active input actions
18:39:31.043 [JavaFX Application Thread] DEBUG WindowService        - Removing overlay from DialogSubScene and adding to GameScene
18:39:31.043 [JavaFX Application Thread] DEBUG MainWindow           - GameScene <- DialogSubScene
18:39:31.261 [JavaFX Application Thread] DEBUG AssetLoaderService   - Loading from cache: /assets/textures/cowmoosespriterunning.png
18:39:31.262 [JavaFX Application Thread] DEBUG AssetLoaderService   - Loading from cache: /assets/textures/cowmoosespriterunning.png
18:39:31.853 [JavaFX Application Thread] DEBUG AssetLoaderService   - Loading from cache: /assets/textures/driver2.png
18:39:32.509 [JavaFX Application Thread] DEBUG AssetLoaderService   - Loading from cache: /assets/textures/coin.png
18:39:32.572 [JavaFX Application Thread] DEBUG AssetLoaderService   - Loading from cache: /assets/textures/pothole.png
18:39:32.749 [JavaFX Application Thread] DEBUG AssetLoaderService   - Loading from cache: /assets/textures/cowmoosespriterunning.png
18:39:32.750 [JavaFX Application Thread] DEBUG AssetLoaderService   - Loading from cache: /assets/textures/cowmoosespriterunning.png
18:39:34.333 [JavaFX Application Thread] DEBUG AssetLoaderService   - Loading from cache: /assets/textures/driver4.png
18:39:34.428 [JavaFX Application Thread] DEBUG AssetLoaderService   - Loading from cache: /assets/textures/cowmoosespriterunning.png
18:39:34.428 [JavaFX Application Thread] DEBUG AssetLoaderService   - Loading from cache: /assets/textures/cowmoosespriterunning.png
18:39:35.821 [JavaFX Application Thread] DEBUG AssetLoaderService   - Loading from cache: /assets/textures/cowmoosespriterunning.png
18:39:35.821 [JavaFX Application Thread] DEBUG AssetLoaderService   - Loading from cache: /assets/textures/cowmoosespriterunning.png
18:39:36.605 [JavaFX Application Thread] DEBUG AssetLoaderService   - Loading from cache: /assets/textures/pothole.png
18:39:36.702 [JavaFX Application Thread] DEBUG AssetLoaderService   - Loading from cache: /assets/textures/driver1.png
18:39:37.389 [JavaFX Application Thread] DEBUG AssetLoaderService   - Loading from cache: /assets/textures/cowmoosespriterunning.png
18:39:37.389 [JavaFX Application Thread] DEBUG AssetLoaderService   - Loading from cache: /assets/textures/cowmoosespriterunning.png
18:39:37.822 [JavaFX Application Thread] DEBUG AssetLoaderService   - Loading from cache: /assets/sounds/coincollect.wav
18:39:38.925 [JavaFX Application Thread] DEBUG AssetLoaderService   - Loading from cache: /assets/textures/driver1.png
18:39:39.053 [JavaFX Application Thread] DEBUG AssetLoaderService   - Loading from cache: /assets/textures/cowmoosespriterunning.png
18:39:39.054 [JavaFX Application Thread] DEBUG AssetLoaderService   - Loading from cache: /assets/textures/cowmoosespriterunning.png
18:39:40.391 [JavaFX Application Thread] DEBUG AssetLoaderService   - Loading from cache: /assets/textures/coin.png
18:39:40.444 [JavaFX Application Thread] DEBUG AssetLoaderService   - Loading from cache: /assets/textures/pothole.png
18:39:40.602 [JavaFX Application Thread] DEBUG AssetLoaderService   - Loading from cache: /assets/textures/cowmoosespriterunning.png
18:39:40.602 [JavaFX Application Thread] DEBUG AssetLoaderService   - Loading from cache: /assets/textures/cowmoosespriterunning.png
18:39:41.341 [JavaFX Application Thread] DEBUG AssetLoaderService   - Loading from cache: /assets/textures/driver0.png
18:39:42.428 [JavaFX Application Thread] DEBUG AssetLoaderService   - Loading from cache: /assets/textures/cowmoosespriterunning.png
18:39:42.429 [JavaFX Application Thread] DEBUG AssetLoaderService   - Loading from cache: /assets/textures/cowmoosespriterunning.png
18:39:42.987 [JavaFX Application Thread] DEBUG GameApplication      - Exiting FXGL
18:39:42.987 [JavaFX Application Thread] DEBUG LoopRunner           - Stopping loop
18:39:42.987 [JavaFX Application Thread] DEBUG SystemBundleService  - Saving FXGL system data
18:39:42.988 [JavaFX Application Thread] DEBUG FileSystemAccess     - Writing to: E:\secondYear\Java\NewfoundlandRacer\system\fxgl.bundle
18:39:42.989 [JavaFX Application Thread] DEBUG GameApplication      - Shutting down background threads
18:39:42.989 [JavaFX Application Thread] DEBUG GameApplication      - Closing logger and exiting JavaFX
