09:14:58.686 [main                     ] DEBUG GameApplication      - Logger initialized
09:14:58.690 [main                     ] DEBUG GameApplication      - Logging settings
Title: Newfoundland Moose Collision
Version: 1.0
Width: 840
Height: 650
Fullscreen: false
Intro: false
Profiling: false
Single step:false
App Mode: DEVELOPER
Menu Key: ESCAPE
Stage Style: DECORATED
Scene Factory: class MooseGame.NewfoundRacerApp$1

09:14:58.979 [JavaFX Application Thread] DEBUG GameApplication      - Initializing FXGL
09:14:58.990 [JavaFX Application Thread] INFO  Engine               - FXGL-11.9 (27.05.2020 17.06) on WINDOWS (J:14.0.1 FX:13.0.2)
09:14:58.990 [JavaFX Application Thread] DEBUG Engine               - JRE Vendor Name: Oracle Corporation
09:14:58.990 [JavaFX Application Thread] DEBUG Engine               - Running on OS: Windows 10 version 10.0
09:14:58.990 [JavaFX Application Thread] DEBUG Engine               - Architecture: amd64
09:14:58.991 [JavaFX Application Thread] INFO  Engine               - Source code and latest versions at: https://github.com/AlmasB/FXGL
09:14:58.991 [JavaFX Application Thread] INFO  Engine               -              Join the FXGL chat at: https://gitter.im/AlmasB/FXGL
09:14:59.065 [JavaFX Application Thread] DEBUG MainWindow           - Creating a JavaFX scene
09:14:59.099 [JavaFX Application Thread] DEBUG MainWindow           - Target settings size: 840.0 x 650.0
09:14:59.100 [JavaFX Application Thread] DEBUG MainWindow           - Scaled scene size:    840.0 x 650.0
09:14:59.100 [JavaFX Application Thread] DEBUG MainWindow           - Scaled ratio: (1.0, 1.0)
09:14:59.101 [JavaFX Application Thread] DEBUG MainWindow           - Set initial scene to FXGLStartupScene
09:14:59.106 [JavaFX Application Thread] DEBUG MainWindow           - Opening main window
09:14:59.183 [JavaFX Application Thread] DEBUG MainWindow           - Window border size: (16.0, 39.0)
09:14:59.183 [JavaFX Application Thread] DEBUG MainWindow           - Scaled size: 840.0 x 650.0
09:14:59.183 [JavaFX Application Thread] DEBUG MainWindow           - Scaled ratio: (1.0, 1.0)
09:14:59.183 [JavaFX Application Thread] DEBUG MainWindow           - Scene size: 840.0 x 650.0
09:14:59.183 [JavaFX Application Thread] DEBUG MainWindow           - Stage size: 856.0 x 689.0
09:14:59.190 [FXGL Background Thread 1 ] DEBUG Engine               - Initializing environment variables
09:14:59.211 [FXGL Background Thread 1 ] DEBUG WindowService        - Applying CSS: fxgl_dark.css
09:14:59.212 [FXGL Background Thread 1 ] DEBUG AssetLoaderService   - Loading from file system: /assets/ui/css/fxgl_dark.css
09:14:59.243 [FXGL Background Thread 1 ] DEBUG WindowService        - Initializing application scenes
09:14:59.266 [FXGL Background Thread 1 ] DEBUG GameWorld            - Game world initialized
09:14:59.299 [FXGL Background Thread 1 ] DEBUG PhysicsWorld         - Physics world initialized: appHeight=650, physics.ppm=50.0
09:14:59.301 [FXGL Background Thread 1 ] DEBUG GameScene            - Game scene initialized: 840x650
09:14:59.316 [FXGL Background Thread 1 ] DEBUG AssetLoaderService   - Loading from file system: /assets/music/8-Bit-Perplexion.mp3
09:14:59.448 [FXGL Background Thread 1 ] DEBUG AssetLoaderService   - Loading from file system: /assets/music/Caffeine-Crazed-Coin-Op-Kids.mp3
09:14:59.456 [FXGL Background Thread 1 ] DEBUG AudioPlayer          - Stopping music com.almasb.fxgl.audio.Music@12fa2b0f
09:14:59.457 [FXGL Background Thread 1 ] DEBUG AudioPlayer          - Playing music com.almasb.fxgl.audio.Music@54e50869
09:14:59.520 [FXGL Background Thread 1 ] DEBUG AssetLoaderService   - Loading from file system: /assets/textures/particles/trace_horizontal.png
09:14:59.543 [FXGL Background Thread 1 ] DEBUG FXGL.DefaultMenu     - createMenuBodyGameMenu()
09:14:59.551 [FXGL Background Thread 1 ] DEBUG FXGL.DefaultMenu     - createOptionsMenu()
09:14:59.554 [FXGL Background Thread 1 ] DEBUG AssetLoaderService   - Loading from file system: /assets/textures/particles/smoke.png
09:14:59.588 [FXGL Background Thread 1 ] DEBUG WindowService        - Application scenes initialized
09:14:59.594 [FXGL Background Thread 1 ] DEBUG SystemBundleService  - Loading FXGL system data
09:14:59.597 [FXGL Background Thread 1 ] DEBUG FileSystemAccess     - Reading from: E:\secondYear\Java\NewfoundlandRacer\system\fxgl.bundle
09:14:59.600 [FXGL Background Thread 1 ] DEBUG SystemBundleService  - Bundle FXGL: {}
09:14:59.601 [FXGL Background Thread 1 ] INFO  Engine               - FXGL initialization took: 0.409 sec
09:14:59.602 [FXGL Background Thread 1 ] DEBUG GameApplication      - Loading localizations
09:14:59.602 [FXGL Background Thread 1 ] DEBUG AssetLoaderService   - Loading from file system: /assets/languages/english.lang
09:14:59.610 [FXGL Background Thread 1 ] DEBUG AssetLoaderService   - Loading from file system: /assets/languages/french.lang
09:14:59.612 [FXGL Background Thread 1 ] DEBUG AssetLoaderService   - Loading from file system: /assets/languages/german.lang
09:14:59.613 [FXGL Background Thread 1 ] DEBUG AssetLoaderService   - Loading from file system: /assets/languages/hungarian.lang
09:14:59.614 [FXGL Background Thread 1 ] DEBUG AssetLoaderService   - Loading from file system: /assets/languages/russian.lang
09:14:59.616 [FXGL Background Thread 1 ] DEBUG GameApplication      - Registering font factories with UI factory
09:14:59.616 [FXGL Background Thread 1 ] DEBUG AssetLoaderService   - Loading from file system: /assets/ui/fonts/VarelaRound-Regular.ttf
09:14:59.646 [FXGL Background Thread 1 ] DEBUG AssetLoaderService   - Loading from file system: /assets/ui/fonts/Abel-Regular.ttf
09:14:59.648 [FXGL Background Thread 1 ] DEBUG AssetLoaderService   - Loading from file system: /assets/ui/fonts/lucida_console.ttf
09:14:59.653 [FXGL Background Thread 1 ] DEBUG AssetLoaderService   - Loading from file system: /assets/ui/fonts/Courier-Prime.ttf
09:14:59.661 [JavaFX Application Thread] DEBUG Input                - Registered new binding: Move Right - D
09:14:59.661 [JavaFX Application Thread] DEBUG Input                - Registered new binding: Move Left - A
09:14:59.661 [JavaFX Application Thread] DEBUG Input                - Registered new binding: Move Up - W
09:14:59.661 [JavaFX Application Thread] DEBUG Input                - Registered new binding: Move Down - S
09:14:59.662 [JavaFX Application Thread] DEBUG AssetLoaderService   - Loading from file system: /assets/textures/fxgl_icon.png
09:14:59.677 [JavaFX Application Thread] DEBUG AssetLoaderService   - Loading from file system: /assets/ui/cursors/fxgl_default.png
09:14:59.678 [JavaFX Application Thread] DEBUG Input                - Registered new binding: Screenshot - P
09:14:59.679 [JavaFX Application Thread] DEBUG Input                - Registered new binding: System info dump - CTRL+9
09:14:59.679 [JavaFX Application Thread] DEBUG Input                - Registered new binding: Restart - CTRL+R
09:14:59.679 [JavaFX Application Thread] DEBUG LoopRunner           - Starting loop
09:14:59.691 [JavaFX Application Thread] DEBUG FXGLStartupScene     - STARTUP
09:14:59.692 [JavaFX Application Thread] DEBUG Input                - Clearing active input actions
09:14:59.696 [JavaFX Application Thread] DEBUG WindowService        - Removing overlay from FXGLStartupScene and adding to 
09:14:59.697 [JavaFX Application Thread] DEBUG MainWindow           - FXGLStartupScene -> 
09:14:59.697 [JavaFX Application Thread] DEBUG MainWindow           - Push state: NewfoundlandRacerMainMenu
09:14:59.697 [JavaFX Application Thread] DEBUG Input                - Clearing active input actions
09:14:59.703 [JavaFX Application Thread] DEBUG WindowService        - Removing overlay from  and adding to NewfoundlandRacerMainMenu
09:14:59.704 [JavaFX Application Thread] DEBUG MainWindow           -  -> NewfoundlandRacerMainMenu
09:15:02.603 [FXGL Background Thread 2 ] DEBUG Engine               - Logging environment variables
09:15:02.604 [FXGL Background Thread 2 ] DEBUG Engine               - achievements: []
09:15:02.604 [FXGL Background Thread 2 ] DEBUG Engine               - appIcon: fxgl_icon.png
09:15:02.605 [FXGL Background Thread 2 ] DEBUG Engine               - applicationMode: DEVELOPER
09:15:02.605 [FXGL Background Thread 2 ] DEBUG Engine               - cSSList: [fxgl_dark.css]
09:15:02.605 [FXGL Background Thread 2 ] DEBUG Engine               - configClass: Optional.empty
09:15:02.605 [FXGL Background Thread 2 ] DEBUG Engine               - credits: []
09:15:02.606 [FXGL Background Thread 2 ] DEBUG Engine               - devBBoxColorProperty: ObjectProperty [value: 0xff0000ff]
09:15:02.607 [FXGL Background Thread 2 ] DEBUG Engine               - devSensorColorProperty: ObjectProperty [value: 0xffff00ff]
09:15:02.607 [FXGL Background Thread 2 ] DEBUG Engine               - devShowBBoxProperty: BooleanProperty [value: false]
09:15:02.607 [FXGL Background Thread 2 ] DEBUG Engine               - devShowPositionProperty: BooleanProperty [value: false]
09:15:02.608 [FXGL Background Thread 2 ] DEBUG Engine               - enabledMenuItems: []
09:15:02.608 [FXGL Background Thread 2 ] DEBUG Engine               - engineServices: [class com.almasb.fxgl.app.GameApplication$GameApplicationService, class com.almasb.fxgl.app.services.WindowService, class com.almasb.fxgl.app.services.FXGLDialogService, class com.almasb.fxgl.app.services.IOTaskExecutorService, class com.almasb.fxgl.event.EventBusService, class com.almasb.fxgl.io.FileSystemService, class com.almasb.fxgl.localization.LocalizationService, class com.almasb.fxgl.app.services.AssetLoaderService, class com.almasb.fxgl.app.services.SystemBundleService, class com.almasb.fxgl.profile.SaveLoadService, class com.almasb.fxgl.ui.FXGLUIFactoryServiceProvider, class com.almasb.fxgl.ui.FXGLDialogFactoryServiceProvider, class com.almasb.fxgl.audio.AudioPlayer, class com.almasb.fxgl.notification.impl.NotificationServiceProvider, class com.almasb.fxgl.achievement.AchievementService, class com.almasb.fxgl.cutscene.CutsceneService, class com.almasb.fxgl.minigames.MiniGameService, class com.almasb.fxgl.net.NetService, class com.almasb.fxgl.app.services.UpdaterService, class com.almasb.fxgl.dev.DevService]
09:15:02.608 [FXGL Background Thread 2 ] DEBUG Engine               - fontGame: Abel-Regular.ttf
09:15:02.608 [FXGL Background Thread 2 ] DEBUG Engine               - fontMono: lucida_console.ttf
09:15:02.608 [FXGL Background Thread 2 ] DEBUG Engine               - fontText: Courier-Prime.ttf
09:15:02.608 [FXGL Background Thread 2 ] DEBUG Engine               - fontUI: VarelaRound-Regular.ttf
09:15:02.608 [FXGL Background Thread 2 ] DEBUG Engine               - fullScreen: BooleanProperty [value: false]
09:15:02.608 [FXGL Background Thread 2 ] DEBUG Engine               - gameDifficulty: MEDIUM
09:15:02.608 [FXGL Background Thread 2 ] DEBUG Engine               - gameDifficultyProperty: ObjectProperty [value: MEDIUM]
09:15:02.608 [FXGL Background Thread 2 ] DEBUG Engine               - globalMusicVolume: 0.5
09:15:02.608 [FXGL Background Thread 2 ] DEBUG Engine               - globalMusicVolumeProperty: DoubleProperty [value: 0.5]
09:15:02.608 [FXGL Background Thread 2 ] DEBUG Engine               - globalSoundVolume: 0.5
09:15:02.608 [FXGL Background Thread 2 ] DEBUG Engine               - globalSoundVolumeProperty: DoubleProperty [value: 0.5]
09:15:02.609 [FXGL Background Thread 2 ] DEBUG Engine               - height: 650
09:15:02.609 [FXGL Background Thread 2 ] DEBUG Engine               - isAndroid: false
09:15:02.609 [FXGL Background Thread 2 ] DEBUG Engine               - isBrowser: false
09:15:02.609 [FXGL Background Thread 2 ] DEBUG Engine               - isClickFeedbackEnabled: false
09:15:02.609 [FXGL Background Thread 2 ] DEBUG Engine               - isCloseConfirmation: false
09:15:02.609 [FXGL Background Thread 2 ] DEBUG Engine               - isDesktop: true
09:15:02.609 [FXGL Background Thread 2 ] DEBUG Engine               - isDeveloperMenuEnabled: false
09:15:02.609 [FXGL Background Thread 2 ] DEBUG Engine               - isExperimentalNative: false
09:15:02.609 [FXGL Background Thread 2 ] DEBUG Engine               - isExperimentalTiledLargeMap: false
09:15:02.609 [FXGL Background Thread 2 ] DEBUG Engine               - isFullScreenAllowed: false
09:15:02.609 [FXGL Background Thread 2 ] DEBUG Engine               - isFullScreenFromStart: false
09:15:02.609 [FXGL Background Thread 2 ] DEBUG Engine               - isGameMenuEnabled: true
09:15:02.609 [FXGL Background Thread 2 ] DEBUG Engine               - isIOS: false
09:15:02.609 [FXGL Background Thread 2 ] DEBUG Engine               - isIntroEnabled: false
09:15:02.609 [FXGL Background Thread 2 ] DEBUG Engine               - isLinux: false
09:15:02.609 [FXGL Background Thread 2 ] DEBUG Engine               - isMac: false
09:15:02.609 [FXGL Background Thread 2 ] DEBUG Engine               - isMainMenuEnabled: true
09:15:02.609 [FXGL Background Thread 2 ] DEBUG Engine               - isManualResizeEnabled: false
09:15:02.609 [FXGL Background Thread 2 ] DEBUG Engine               - isMobile: false
09:15:02.609 [FXGL Background Thread 2 ] DEBUG Engine               - isPreserveResizeRatio: false
09:15:02.609 [FXGL Background Thread 2 ] DEBUG Engine               - isProfilingEnabled: false
09:15:02.609 [FXGL Background Thread 2 ] DEBUG Engine               - isSingleStep: false
09:15:02.609 [FXGL Background Thread 2 ] DEBUG Engine               - isUserProfileEnabled: false
09:15:02.610 [FXGL Background Thread 2 ] DEBUG Engine               - isWindows: true
09:15:02.610 [FXGL Background Thread 2 ] DEBUG Engine               - language: ObjectProperty [value: ENGLISH]
09:15:02.610 [FXGL Background Thread 2 ] DEBUG Engine               - mainWindow: com.almasb.fxgl.app.MainWindow@3d28ae6
09:15:02.610 [FXGL Background Thread 2 ] DEBUG Engine               - menuKey: ESCAPE
09:15:02.610 [FXGL Background Thread 2 ] DEBUG Engine               - notificationViewClass: class com.almasb.fxgl.notification.view.XboxNotificationView
09:15:02.610 [FXGL Background Thread 2 ] DEBUG Engine               - pixelsPerMeter: 50.0
09:15:02.610 [FXGL Background Thread 2 ] DEBUG Engine               - platform: WINDOWS
09:15:02.610 [FXGL Background Thread 2 ] DEBUG Engine               - profileDir: profiles/
09:15:02.610 [FXGL Background Thread 2 ] DEBUG Engine               - profileName: StringProperty [value: DEFAULT]
09:15:02.610 [FXGL Background Thread 2 ] DEBUG Engine               - randomSeed: -1
09:15:02.610 [FXGL Background Thread 2 ] DEBUG Engine               - runtimeInfo: RuntimeInfo(platform=WINDOWS, version=11.9, build=27.05.2020 17.06)
09:15:02.610 [FXGL Background Thread 2 ] DEBUG Engine               - saveFileExt: sav
09:15:02.610 [FXGL Background Thread 2 ] DEBUG Engine               - sceneFactory: MooseGame.NewfoundRacerApp$1@46d014f8
09:15:02.610 [FXGL Background Thread 2 ] DEBUG Engine               - secondsIn24h: 60
09:15:02.610 [FXGL Background Thread 2 ] DEBUG Engine               - settings: Title: Newfoundland Moose Collision
Version: 1.0
Width: 840
Height: 650
Fullscreen: false
Intro: false
Profiling: false
Single step:false
App Mode: DEVELOPER
Menu Key: ESCAPE
Stage Style: DECORATED
Scene Factory: class MooseGame.NewfoundRacerApp$1

09:15:02.610 [FXGL Background Thread 2 ] DEBUG Engine               - soundMenuBack: menu/back.wav
09:15:02.610 [FXGL Background Thread 2 ] DEBUG Engine               - soundMenuPress: menu/press.wav
09:15:02.610 [FXGL Background Thread 2 ] DEBUG Engine               - soundMenuSelect: menu/select.wav
09:15:02.610 [FXGL Background Thread 2 ] DEBUG Engine               - soundNotification: core/notification.wav
09:15:02.610 [FXGL Background Thread 2 ] DEBUG Engine               - stageStyle: DECORATED
09:15:02.610 [FXGL Background Thread 2 ] DEBUG Engine               - supportedLanguages: [ENGLISH, FRENCH, GERMAN, HUNGARIAN, RUSSIAN]
09:15:02.611 [FXGL Background Thread 2 ] DEBUG Engine               - title: Newfoundland Moose Collision
09:15:02.611 [FXGL Background Thread 2 ] DEBUG Engine               - urlGithub: https://github.com/AlmasB/FXGL
09:15:02.611 [FXGL Background Thread 2 ] DEBUG Engine               - urlLeaderboard: http://fxgl-top.herokuapp.com/
09:15:02.611 [FXGL Background Thread 2 ] DEBUG Engine               - urlPOM: https://raw.githubusercontent.com/AlmasB/FXGL/master/pom.xml
09:15:02.611 [FXGL Background Thread 2 ] DEBUG Engine               - version: 1.0
09:15:02.611 [FXGL Background Thread 2 ] DEBUG Engine               - versionCheckDays: 7
09:15:02.611 [FXGL Background Thread 2 ] DEBUG Engine               - width: 840
09:15:02.611 [FXGL Background Thread 2 ] DEBUG Engine               - Logging services
09:15:02.611 [FXGL Background Thread 2 ] DEBUG Engine               - class com.almasb.fxgl.app.GameApplication$GameApplicationService
09:15:02.611 [FXGL Background Thread 2 ] DEBUG Engine               - class com.almasb.fxgl.app.services.WindowService
09:15:02.611 [FXGL Background Thread 2 ] DEBUG Engine               - class com.almasb.fxgl.app.services.FXGLDialogService
09:15:02.611 [FXGL Background Thread 2 ] DEBUG Engine               - class com.almasb.fxgl.app.services.IOTaskExecutorService
09:15:02.611 [FXGL Background Thread 2 ] DEBUG Engine               - class com.almasb.fxgl.event.EventBusService
09:15:02.611 [FXGL Background Thread 2 ] DEBUG Engine               - class com.almasb.fxgl.io.FileSystemService
09:15:02.611 [FXGL Background Thread 2 ] DEBUG Engine               - class com.almasb.fxgl.localization.LocalizationService
09:15:02.611 [FXGL Background Thread 2 ] DEBUG Engine               - class com.almasb.fxgl.app.services.AssetLoaderService
09:15:02.611 [FXGL Background Thread 2 ] DEBUG Engine               - class com.almasb.fxgl.app.services.SystemBundleService
09:15:02.611 [FXGL Background Thread 2 ] DEBUG Engine               - class com.almasb.fxgl.profile.SaveLoadService
09:15:02.611 [FXGL Background Thread 2 ] DEBUG Engine               - class com.almasb.fxgl.ui.FXGLUIFactoryServiceProvider
09:15:02.611 [FXGL Background Thread 2 ] DEBUG Engine               - class com.almasb.fxgl.ui.FXGLDialogFactoryServiceProvider
09:15:02.611 [FXGL Background Thread 2 ] DEBUG Engine               - class com.almasb.fxgl.audio.AudioPlayer
09:15:02.611 [FXGL Background Thread 2 ] DEBUG Engine               - class com.almasb.fxgl.notification.impl.NotificationServiceProvider
09:15:02.611 [FXGL Background Thread 2 ] DEBUG Engine               - class com.almasb.fxgl.achievement.AchievementService
09:15:02.611 [FXGL Background Thread 2 ] DEBUG Engine               - class com.almasb.fxgl.cutscene.CutsceneService
09:15:02.611 [FXGL Background Thread 2 ] DEBUG Engine               - class com.almasb.fxgl.minigames.MiniGameService
09:15:02.611 [FXGL Background Thread 2 ] DEBUG Engine               - class com.almasb.fxgl.net.NetService
09:15:02.612 [FXGL Background Thread 2 ] DEBUG Engine               - class com.almasb.fxgl.app.services.UpdaterService
09:15:02.612 [FXGL Background Thread 2 ] DEBUG Engine               - class com.almasb.fxgl.dev.DevService
09:15:12.189 [JavaFX Application Thread] DEBUG Menu                 - fireNewGame()
09:15:12.190 [JavaFX Application Thread] DEBUG WindowService        - Starting new game
09:15:12.190 [JavaFX Application Thread] DEBUG MainWindow           - Pop state: NewfoundlandRacerMainMenu
09:15:12.190 [JavaFX Application Thread] DEBUG Input                - Clearing active input actions
09:15:12.190 [JavaFX Application Thread] DEBUG WindowService        - Removing overlay from NewfoundlandRacerMainMenu and adding to 
09:15:12.190 [JavaFX Application Thread] DEBUG MainWindow           -  <- NewfoundlandRacerMainMenu
09:15:12.190 [JavaFX Application Thread] DEBUG Input                - Clearing active input actions
09:15:12.196 [JavaFX Application Thread] DEBUG WindowService        - Removing overlay from  and adding to FXGLLoadingScene
09:15:12.196 [JavaFX Application Thread] DEBUG MainWindow           -  -> FXGLLoadingScene
09:15:12.196 [JavaFX Application Thread] DEBUG WindowService        - Clearing previous game
09:15:12.196 [JavaFX Application Thread] DEBUG GameScene            - Clearing game scene
09:15:12.196 [JavaFX Application Thread] DEBUG GameWorld            - Clearing game world
09:15:12.196 [JavaFX Application Thread] DEBUG PhysicsWorld         - Clearing physics world
09:15:12.197 [FXGL Background Thread 1 ] DEBUG GameApplication      - Initializing game
09:15:12.202 [FXGL Background Thread 1 ] DEBUG AssetLoaderService   - Loading from file system: /assets/textures/4lanehighway.png
09:15:12.270 [FXGL Background Thread 1 ] DEBUG AssetLoaderService   - Loading from file system: /assets/textures/player.png
09:15:12.283 [FXGL Background Thread 1 ] DEBUG AssetLoaderService   - Loading from cache: /assets/music/8-Bit-Perplexion.mp3
09:15:12.283 [FXGL Background Thread 1 ] DEBUG AssetLoaderService   - Loading from cache: /assets/music/Caffeine-Crazed-Coin-Op-Kids.mp3
09:15:12.283 [FXGL Background Thread 1 ] DEBUG AudioPlayer          - Stopping music com.almasb.fxgl.audio.Music@54e50869
09:15:12.284 [FXGL Background Thread 1 ] DEBUG AudioPlayer          - Playing music com.almasb.fxgl.audio.Music@12fa2b0f
09:15:12.285 [FXGL Background Thread 1 ] INFO  GameApplication      - Game initialization took: 0.088 sec
09:15:12.286 [JavaFX Application Thread] DEBUG Input                - Clearing active input actions
09:15:12.296 [JavaFX Application Thread] DEBUG WindowService        - Removing overlay from FXGLLoadingScene and adding to GameScene
09:15:12.296 [JavaFX Application Thread] DEBUG MainWindow           - FXGLLoadingScene -> GameScene
09:15:14.359 [JavaFX Application Thread] DEBUG AssetLoaderService   - Loading from file system: /assets/textures/driver3.png
09:15:15.673 [JavaFX Application Thread] DEBUG AssetLoaderService   - Loading from file system: /assets/textures/driver1.png
09:15:16.130 [JavaFX Application Thread] DEBUG AssetLoaderService   - Loading from file system: /assets/textures/pothole.png
09:15:17.080 [JavaFX Application Thread] DEBUG AssetLoaderService   - Loading from cache: /assets/textures/driver1.png
09:15:17.513 [JavaFX Application Thread] DEBUG AssetLoaderService   - Loading from file system: /assets/textures/cowmoosespriterunning.png
09:15:18.408 [JavaFX Application Thread] DEBUG AssetLoaderService   - Loading from file system: /assets/textures/coin.png
09:15:18.424 [JavaFX Application Thread] DEBUG AssetLoaderService   - Loading from file system: /assets/textures/driver4.png
09:15:19.333 [JavaFX Application Thread] DEBUG AssetLoaderService   - Loading from cache: /assets/textures/pothole.png
09:15:19.796 [JavaFX Application Thread] DEBUG AssetLoaderService   - Loading from file system: /assets/textures/driver2.png
09:15:21.113 [JavaFX Application Thread] DEBUG AssetLoaderService   - Loading from file system: /assets/sounds/coincollect.wav
09:15:21.160 [JavaFX Application Thread] DEBUG AssetLoaderService   - Loading from cache: /assets/textures/driver2.png
09:15:22.033 [JavaFX Application Thread] DEBUG AssetLoaderService   - Loading from cache: /assets/textures/cowmoosespriterunning.png
09:15:22.382 [JavaFX Application Thread] DEBUG AssetLoaderService   - Loading from cache: /assets/music/8-Bit-Perplexion.mp3
09:15:22.382 [JavaFX Application Thread] DEBUG AssetLoaderService   - Loading from cache: /assets/music/Caffeine-Crazed-Coin-Op-Kids.mp3
09:15:22.382 [JavaFX Application Thread] DEBUG AudioPlayer          - Stopping music com.almasb.fxgl.audio.Music@12fa2b0f
09:15:22.384 [JavaFX Application Thread] DEBUG AudioPlayer          - Playing music com.almasb.fxgl.audio.Music@54e50869
09:15:22.386 [JavaFX Application Thread] DEBUG MainWindow           - Push state: DialogSubScene
09:15:22.386 [JavaFX Application Thread] DEBUG Input                - Clearing active input actions
09:15:22.393 [JavaFX Application Thread] DEBUG WindowService        - Removing overlay from GameScene and adding to DialogSubScene
09:15:22.393 [JavaFX Application Thread] DEBUG MainWindow           - GameScene -> DialogSubScene
09:15:22.393 [JavaFX Application Thread] DEBUG AssetLoaderService   - Loading from file system: /assets/sounds/carcrash.wav
09:15:29.161 [JavaFX Application Thread] DEBUG MainWindow           - Pop state: DialogSubScene
09:15:29.161 [JavaFX Application Thread] DEBUG Input                - Clearing active input actions
09:15:29.161 [JavaFX Application Thread] DEBUG WindowService        - Removing overlay from DialogSubScene and adding to GameScene
09:15:29.161 [JavaFX Application Thread] DEBUG MainWindow           - GameScene <- DialogSubScene
09:15:29.161 [JavaFX Application Thread] DEBUG Input                - Clearing active input actions
09:15:29.165 [JavaFX Application Thread] DEBUG WindowService        - Removing overlay from GameScene and adding to 
09:15:29.165 [JavaFX Application Thread] DEBUG MainWindow           - GameScene -> 
09:15:29.165 [JavaFX Application Thread] DEBUG MainWindow           - Push state: NewfoundlandRacerMainMenu
09:15:29.165 [JavaFX Application Thread] DEBUG Input                - Clearing active input actions
09:15:29.166 [JavaFX Application Thread] DEBUG WindowService        - Removing overlay from  and adding to NewfoundlandRacerMainMenu
09:15:29.166 [JavaFX Application Thread] DEBUG MainWindow           -  -> NewfoundlandRacerMainMenu
09:15:29.166 [JavaFX Application Thread] DEBUG AssetLoaderService   - Loading from cache: /assets/music/8-Bit-Perplexion.mp3
09:15:29.166 [JavaFX Application Thread] DEBUG AssetLoaderService   - Loading from cache: /assets/music/Caffeine-Crazed-Coin-Op-Kids.mp3
09:15:29.166 [JavaFX Application Thread] DEBUG AudioPlayer          - Stopping music com.almasb.fxgl.audio.Music@54e50869
09:15:29.166 [JavaFX Application Thread] DEBUG AudioPlayer          - Playing music com.almasb.fxgl.audio.Music@12fa2b0f
09:15:38.018 [JavaFX Application Thread] DEBUG GameApplication      - Exiting FXGL
09:15:38.018 [JavaFX Application Thread] DEBUG LoopRunner           - Stopping loop
09:15:38.018 [JavaFX Application Thread] DEBUG SystemBundleService  - Saving FXGL system data
09:15:38.019 [JavaFX Application Thread] DEBUG FileSystemAccess     - Writing to: E:\secondYear\Java\NewfoundlandRacer\system\fxgl.bundle
09:15:38.020 [JavaFX Application Thread] DEBUG GameApplication      - Shutting down background threads
09:15:38.020 [JavaFX Application Thread] DEBUG GameApplication      - Closing logger and exiting JavaFX
