23:28:35.193 [main                     ] DEBUG GameApplication      - Logger initialized
23:28:35.197 [main                     ] DEBUG GameApplication      - Logging settings
Title: Newfoundland Moose Collision
Version: 1.0
Width: 840
Height: 650
Fullscreen: false
Intro: false
Profiling: false
Single step:false
App Mode: DEVELOPER
Menu Key: ESCAPE
Stage Style: DECORATED
Scene Factory: class MooseGame.NewfoundRacerApp$1

23:28:35.517 [JavaFX Application Thread] DEBUG GameApplication      - Initializing FXGL
23:28:35.528 [JavaFX Application Thread] INFO  Engine               - FXGL-11.9 (27.05.2020 17.06) on WINDOWS (J:14.0.1 FX:13.0.2)
23:28:35.529 [JavaFX Application Thread] DEBUG Engine               - JRE Vendor Name: Oracle Corporation
23:28:35.529 [JavaFX Application Thread] DEBUG Engine               - Running on OS: Windows 10 version 10.0
23:28:35.529 [JavaFX Application Thread] DEBUG Engine               - Architecture: amd64
23:28:35.529 [JavaFX Application Thread] INFO  Engine               - Source code and latest versions at: https://github.com/AlmasB/FXGL
23:28:35.530 [JavaFX Application Thread] INFO  Engine               -              Join the FXGL chat at: https://gitter.im/AlmasB/FXGL
23:28:35.613 [JavaFX Application Thread] DEBUG MainWindow           - Creating a JavaFX scene
23:28:35.650 [JavaFX Application Thread] DEBUG MainWindow           - Target settings size: 840.0 x 650.0
23:28:35.650 [JavaFX Application Thread] DEBUG MainWindow           - Scaled scene size:    840.0 x 650.0
23:28:35.650 [JavaFX Application Thread] DEBUG MainWindow           - Scaled ratio: (1.0, 1.0)
23:28:35.651 [JavaFX Application Thread] DEBUG MainWindow           - Set initial scene to FXGLStartupScene
23:28:35.658 [JavaFX Application Thread] DEBUG MainWindow           - Opening main window
23:28:35.737 [JavaFX Application Thread] DEBUG MainWindow           - Window border size: (16.0, 39.0)
23:28:35.737 [JavaFX Application Thread] DEBUG MainWindow           - Scaled size: 840.0 x 650.0
23:28:35.738 [JavaFX Application Thread] DEBUG MainWindow           - Scaled ratio: (1.0, 1.0)
23:28:35.738 [JavaFX Application Thread] DEBUG MainWindow           - Scene size: 840.0 x 650.0
23:28:35.738 [JavaFX Application Thread] DEBUG MainWindow           - Stage size: 856.0 x 689.0
23:28:35.744 [FXGL Background Thread 1 ] DEBUG Engine               - Initializing environment variables
23:28:35.766 [FXGL Background Thread 1 ] DEBUG WindowService        - Applying CSS: fxgl_dark.css
23:28:35.766 [FXGL Background Thread 1 ] DEBUG AssetLoaderService   - Loading from file system: /assets/ui/css/fxgl_dark.css
23:28:35.804 [FXGL Background Thread 1 ] DEBUG WindowService        - Initializing application scenes
23:28:35.825 [FXGL Background Thread 1 ] DEBUG GameWorld            - Game world initialized
23:28:35.851 [FXGL Background Thread 1 ] DEBUG PhysicsWorld         - Physics world initialized: appHeight=650, physics.ppm=50.0
23:28:35.852 [FXGL Background Thread 1 ] DEBUG GameScene            - Game scene initialized: 840x650
23:28:35.864 [FXGL Background Thread 1 ] DEBUG AssetLoaderService   - Loading from file system: /assets/music/8-Bit-Perplexion.mp3
23:28:35.987 [FXGL Background Thread 1 ] DEBUG AssetLoaderService   - Loading from file system: /assets/music/Caffeine-Crazed-Coin-Op-Kids.mp3
23:28:35.992 [FXGL Background Thread 1 ] DEBUG AudioPlayer          - Stopping music com.almasb.fxgl.audio.Music@23e32d74
23:28:35.992 [FXGL Background Thread 1 ] DEBUG AudioPlayer          - Playing music com.almasb.fxgl.audio.Music@2f6115f8
23:28:36.056 [FXGL Background Thread 1 ] DEBUG AssetLoaderService   - Loading from file system: /assets/textures/particles/trace_horizontal.png
23:28:36.082 [FXGL Background Thread 1 ] DEBUG FXGL.DefaultMenu     - createMenuBodyGameMenu()
23:28:36.091 [FXGL Background Thread 1 ] DEBUG FXGL.DefaultMenu     - createOptionsMenu()
23:28:36.095 [FXGL Background Thread 1 ] DEBUG AssetLoaderService   - Loading from file system: /assets/textures/particles/smoke.png
23:28:36.128 [FXGL Background Thread 1 ] DEBUG WindowService        - Application scenes initialized
23:28:36.135 [FXGL Background Thread 1 ] DEBUG SystemBundleService  - Loading FXGL system data
23:28:36.137 [FXGL Background Thread 1 ] DEBUG FileSystemAccess     - Reading from: E:\secondYear\Java\NewfoundlandRacer\system\fxgl.bundle
23:28:36.142 [FXGL Background Thread 1 ] DEBUG SystemBundleService  - Bundle FXGL: {}
23:28:36.143 [FXGL Background Thread 1 ] INFO  Engine               - FXGL initialization took: 0.396 sec
23:28:36.143 [FXGL Background Thread 1 ] DEBUG GameApplication      - Loading localizations
23:28:36.144 [FXGL Background Thread 1 ] DEBUG AssetLoaderService   - Loading from file system: /assets/languages/english.lang
23:28:36.151 [FXGL Background Thread 1 ] DEBUG AssetLoaderService   - Loading from file system: /assets/languages/french.lang
23:28:36.153 [FXGL Background Thread 1 ] DEBUG AssetLoaderService   - Loading from file system: /assets/languages/german.lang
23:28:36.154 [FXGL Background Thread 1 ] DEBUG AssetLoaderService   - Loading from file system: /assets/languages/hungarian.lang
23:28:36.155 [FXGL Background Thread 1 ] DEBUG AssetLoaderService   - Loading from file system: /assets/languages/russian.lang
23:28:36.157 [FXGL Background Thread 1 ] DEBUG GameApplication      - Registering font factories with UI factory
23:28:36.157 [FXGL Background Thread 1 ] DEBUG AssetLoaderService   - Loading from file system: /assets/ui/fonts/VarelaRound-Regular.ttf
23:28:36.187 [FXGL Background Thread 1 ] DEBUG AssetLoaderService   - Loading from file system: /assets/ui/fonts/Abel-Regular.ttf
23:28:36.190 [FXGL Background Thread 1 ] DEBUG AssetLoaderService   - Loading from file system: /assets/ui/fonts/lucida_console.ttf
23:28:36.194 [FXGL Background Thread 1 ] DEBUG AssetLoaderService   - Loading from file system: /assets/ui/fonts/Courier-Prime.ttf
23:28:36.203 [JavaFX Application Thread] DEBUG Input                - Registered new binding: Move Right - D
23:28:36.203 [JavaFX Application Thread] DEBUG Input                - Registered new binding: Move Left - A
23:28:36.203 [JavaFX Application Thread] DEBUG Input                - Registered new binding: Move Up - W
23:28:36.203 [JavaFX Application Thread] DEBUG Input                - Registered new binding: Move Down - S
23:28:36.203 [JavaFX Application Thread] DEBUG AssetLoaderService   - Loading from file system: /assets/textures/fxgl_icon.png
23:28:36.223 [JavaFX Application Thread] DEBUG AssetLoaderService   - Loading from file system: /assets/ui/cursors/fxgl_default.png
23:28:36.224 [JavaFX Application Thread] DEBUG Input                - Registered new binding: Screenshot - P
23:28:36.224 [JavaFX Application Thread] DEBUG Input                - Registered new binding: System info dump - CTRL+9
23:28:36.225 [JavaFX Application Thread] DEBUG Input                - Registered new binding: Restart - CTRL+R
23:28:36.225 [JavaFX Application Thread] DEBUG LoopRunner           - Starting loop
23:28:36.245 [JavaFX Application Thread] DEBUG FXGLStartupScene     - STARTUP
23:28:36.246 [JavaFX Application Thread] DEBUG Input                - Clearing active input actions
23:28:36.252 [JavaFX Application Thread] DEBUG WindowService        - Removing overlay from FXGLStartupScene and adding to 
23:28:36.252 [JavaFX Application Thread] DEBUG MainWindow           - FXGLStartupScene -> 
23:28:36.253 [JavaFX Application Thread] DEBUG MainWindow           - Push state: NewfoundlandRacerMainMenu
23:28:36.253 [JavaFX Application Thread] DEBUG Input                - Clearing active input actions
23:28:36.261 [JavaFX Application Thread] DEBUG WindowService        - Removing overlay from  and adding to NewfoundlandRacerMainMenu
23:28:36.261 [JavaFX Application Thread] DEBUG MainWindow           -  -> NewfoundlandRacerMainMenu
23:28:37.972 [JavaFX Application Thread] DEBUG Menu                 - fireNewGame()
23:28:37.972 [JavaFX Application Thread] DEBUG WindowService        - Starting new game
23:28:37.973 [JavaFX Application Thread] DEBUG MainWindow           - Pop state: NewfoundlandRacerMainMenu
23:28:37.973 [JavaFX Application Thread] DEBUG Input                - Clearing active input actions
23:28:37.973 [JavaFX Application Thread] DEBUG WindowService        - Removing overlay from NewfoundlandRacerMainMenu and adding to 
23:28:37.974 [JavaFX Application Thread] DEBUG MainWindow           -  <- NewfoundlandRacerMainMenu
23:28:37.974 [JavaFX Application Thread] DEBUG Input                - Clearing active input actions
23:28:37.979 [JavaFX Application Thread] DEBUG WindowService        - Removing overlay from  and adding to FXGLLoadingScene
23:28:37.979 [JavaFX Application Thread] DEBUG MainWindow           -  -> FXGLLoadingScene
23:28:37.979 [JavaFX Application Thread] DEBUG WindowService        - Clearing previous game
23:28:37.979 [JavaFX Application Thread] DEBUG GameScene            - Clearing game scene
23:28:37.979 [JavaFX Application Thread] DEBUG GameWorld            - Clearing game world
23:28:37.979 [JavaFX Application Thread] DEBUG PhysicsWorld         - Clearing physics world
23:28:37.980 [FXGL Background Thread 1 ] DEBUG GameApplication      - Initializing game
23:28:37.985 [FXGL Background Thread 1 ] DEBUG AssetLoaderService   - Loading from file system: /assets/textures/4lanehighway.png
23:28:38.054 [FXGL Background Thread 1 ] DEBUG AssetLoaderService   - Loading from file system: /assets/textures/player.png
23:28:38.063 [FXGL Background Thread 1 ] DEBUG AssetLoaderService   - Loading from cache: /assets/music/8-Bit-Perplexion.mp3
23:28:38.063 [FXGL Background Thread 1 ] DEBUG AssetLoaderService   - Loading from cache: /assets/music/Caffeine-Crazed-Coin-Op-Kids.mp3
23:28:38.063 [FXGL Background Thread 1 ] DEBUG AudioPlayer          - Stopping music com.almasb.fxgl.audio.Music@2f6115f8
23:28:38.104 [FXGL Background Thread 1 ] DEBUG AudioPlayer          - Playing music com.almasb.fxgl.audio.Music@23e32d74
23:28:38.107 [FXGL Background Thread 1 ] INFO  GameApplication      - Game initialization took: 0.127 sec
23:28:38.107 [JavaFX Application Thread] DEBUG Input                - Clearing active input actions
23:28:38.111 [JavaFX Application Thread] DEBUG WindowService        - Removing overlay from FXGLLoadingScene and adding to GameScene
23:28:38.111 [JavaFX Application Thread] DEBUG MainWindow           - FXGLLoadingScene -> GameScene
23:28:39.145 [FXGL Background Thread 2 ] DEBUG Engine               - Logging environment variables
23:28:39.145 [FXGL Background Thread 2 ] DEBUG Engine               - achievements: []
23:28:39.145 [FXGL Background Thread 2 ] DEBUG Engine               - appIcon: fxgl_icon.png
23:28:39.145 [FXGL Background Thread 2 ] DEBUG Engine               - applicationMode: DEVELOPER
23:28:39.145 [FXGL Background Thread 2 ] DEBUG Engine               - cSSList: [fxgl_dark.css]
23:28:39.145 [FXGL Background Thread 2 ] DEBUG Engine               - configClass: Optional.empty
23:28:39.145 [FXGL Background Thread 2 ] DEBUG Engine               - credits: []
23:28:39.145 [FXGL Background Thread 2 ] DEBUG Engine               - devBBoxColorProperty: ObjectProperty [value: 0xff0000ff]
23:28:39.145 [FXGL Background Thread 2 ] DEBUG Engine               - devSensorColorProperty: ObjectProperty [value: 0xffff00ff]
23:28:39.145 [FXGL Background Thread 2 ] DEBUG Engine               - devShowBBoxProperty: BooleanProperty [value: false]
23:28:39.146 [FXGL Background Thread 2 ] DEBUG Engine               - devShowPositionProperty: BooleanProperty [value: false]
23:28:39.146 [FXGL Background Thread 2 ] DEBUG Engine               - enabledMenuItems: []
23:28:39.146 [FXGL Background Thread 2 ] DEBUG Engine               - engineServices: [class com.almasb.fxgl.app.GameApplication$GameApplicationService, class com.almasb.fxgl.app.services.WindowService, class com.almasb.fxgl.app.services.FXGLDialogService, class com.almasb.fxgl.app.services.IOTaskExecutorService, class com.almasb.fxgl.event.EventBusService, class com.almasb.fxgl.io.FileSystemService, class com.almasb.fxgl.localization.LocalizationService, class com.almasb.fxgl.app.services.AssetLoaderService, class com.almasb.fxgl.app.services.SystemBundleService, class com.almasb.fxgl.profile.SaveLoadService, class com.almasb.fxgl.ui.FXGLUIFactoryServiceProvider, class com.almasb.fxgl.ui.FXGLDialogFactoryServiceProvider, class com.almasb.fxgl.audio.AudioPlayer, class com.almasb.fxgl.notification.impl.NotificationServiceProvider, class com.almasb.fxgl.achievement.AchievementService, class com.almasb.fxgl.cutscene.CutsceneService, class com.almasb.fxgl.minigames.MiniGameService, class com.almasb.fxgl.net.NetService, class com.almasb.fxgl.app.services.UpdaterService, class com.almasb.fxgl.dev.DevService]
23:28:39.146 [FXGL Background Thread 2 ] DEBUG Engine               - fontGame: Abel-Regular.ttf
23:28:39.146 [FXGL Background Thread 2 ] DEBUG Engine               - fontMono: lucida_console.ttf
23:28:39.146 [FXGL Background Thread 2 ] DEBUG Engine               - fontText: Courier-Prime.ttf
23:28:39.146 [FXGL Background Thread 2 ] DEBUG Engine               - fontUI: VarelaRound-Regular.ttf
23:28:39.146 [FXGL Background Thread 2 ] DEBUG Engine               - fullScreen: BooleanProperty [value: false]
23:28:39.146 [FXGL Background Thread 2 ] DEBUG Engine               - gameDifficulty: MEDIUM
23:28:39.146 [FXGL Background Thread 2 ] DEBUG Engine               - gameDifficultyProperty: ObjectProperty [value: MEDIUM]
23:28:39.146 [FXGL Background Thread 2 ] DEBUG Engine               - globalMusicVolume: 0.5
23:28:39.146 [FXGL Background Thread 2 ] DEBUG Engine               - globalMusicVolumeProperty: DoubleProperty [value: 0.5]
23:28:39.146 [FXGL Background Thread 2 ] DEBUG Engine               - globalSoundVolume: 0.5
23:28:39.146 [FXGL Background Thread 2 ] DEBUG Engine               - globalSoundVolumeProperty: DoubleProperty [value: 0.5]
23:28:39.146 [FXGL Background Thread 2 ] DEBUG Engine               - height: 650
23:28:39.147 [FXGL Background Thread 2 ] DEBUG Engine               - isAndroid: false
23:28:39.147 [FXGL Background Thread 2 ] DEBUG Engine               - isBrowser: false
23:28:39.147 [FXGL Background Thread 2 ] DEBUG Engine               - isClickFeedbackEnabled: false
23:28:39.147 [FXGL Background Thread 2 ] DEBUG Engine               - isCloseConfirmation: false
23:28:39.147 [FXGL Background Thread 2 ] DEBUG Engine               - isDesktop: true
23:28:39.147 [FXGL Background Thread 2 ] DEBUG Engine               - isDeveloperMenuEnabled: false
23:28:39.147 [FXGL Background Thread 2 ] DEBUG Engine               - isExperimentalNative: false
23:28:39.147 [FXGL Background Thread 2 ] DEBUG Engine               - isExperimentalTiledLargeMap: false
23:28:39.147 [FXGL Background Thread 2 ] DEBUG Engine               - isFullScreenAllowed: false
23:28:39.147 [FXGL Background Thread 2 ] DEBUG Engine               - isFullScreenFromStart: false
23:28:39.147 [FXGL Background Thread 2 ] DEBUG Engine               - isGameMenuEnabled: true
23:28:39.147 [FXGL Background Thread 2 ] DEBUG Engine               - isIOS: false
23:28:39.147 [FXGL Background Thread 2 ] DEBUG Engine               - isIntroEnabled: false
23:28:39.147 [FXGL Background Thread 2 ] DEBUG Engine               - isLinux: false
23:28:39.147 [FXGL Background Thread 2 ] DEBUG Engine               - isMac: false
23:28:39.147 [FXGL Background Thread 2 ] DEBUG Engine               - isMainMenuEnabled: true
23:28:39.147 [FXGL Background Thread 2 ] DEBUG Engine               - isManualResizeEnabled: false
23:28:39.147 [FXGL Background Thread 2 ] DEBUG Engine               - isMobile: false
23:28:39.147 [FXGL Background Thread 2 ] DEBUG Engine               - isPreserveResizeRatio: false
23:28:39.148 [FXGL Background Thread 2 ] DEBUG Engine               - isProfilingEnabled: false
23:28:39.148 [FXGL Background Thread 2 ] DEBUG Engine               - isSingleStep: false
23:28:39.148 [FXGL Background Thread 2 ] DEBUG Engine               - isUserProfileEnabled: false
23:28:39.148 [FXGL Background Thread 2 ] DEBUG Engine               - isWindows: true
23:28:39.148 [FXGL Background Thread 2 ] DEBUG Engine               - language: ObjectProperty [value: ENGLISH]
23:28:39.148 [FXGL Background Thread 2 ] DEBUG Engine               - mainWindow: com.almasb.fxgl.app.MainWindow@57a0935e
23:28:39.148 [FXGL Background Thread 2 ] DEBUG Engine               - menuKey: ESCAPE
23:28:39.148 [FXGL Background Thread 2 ] DEBUG Engine               - notificationViewClass: class com.almasb.fxgl.notification.view.XboxNotificationView
23:28:39.148 [FXGL Background Thread 2 ] DEBUG Engine               - pixelsPerMeter: 50.0
23:28:39.148 [FXGL Background Thread 2 ] DEBUG Engine               - platform: WINDOWS
23:28:39.148 [FXGL Background Thread 2 ] DEBUG Engine               - profileDir: profiles/
23:28:39.148 [FXGL Background Thread 2 ] DEBUG Engine               - profileName: StringProperty [value: DEFAULT]
23:28:39.148 [FXGL Background Thread 2 ] DEBUG Engine               - randomSeed: -1
23:28:39.148 [FXGL Background Thread 2 ] DEBUG Engine               - runtimeInfo: RuntimeInfo(platform=WINDOWS, version=11.9, build=27.05.2020 17.06)
23:28:39.148 [FXGL Background Thread 2 ] DEBUG Engine               - saveFileExt: sav
23:28:39.148 [FXGL Background Thread 2 ] DEBUG Engine               - sceneFactory: MooseGame.NewfoundRacerApp$1@12a217ce
23:28:39.148 [FXGL Background Thread 2 ] DEBUG Engine               - secondsIn24h: 60
23:28:39.148 [FXGL Background Thread 2 ] DEBUG Engine               - settings: Title: Newfoundland Moose Collision
Version: 1.0
Width: 840
Height: 650
Fullscreen: false
Intro: false
Profiling: false
Single step:false
App Mode: DEVELOPER
Menu Key: ESCAPE
Stage Style: DECORATED
Scene Factory: class MooseGame.NewfoundRacerApp$1

23:28:39.148 [FXGL Background Thread 2 ] DEBUG Engine               - soundMenuBack: menu/back.wav
23:28:39.148 [FXGL Background Thread 2 ] DEBUG Engine               - soundMenuPress: menu/press.wav
23:28:39.148 [FXGL Background Thread 2 ] DEBUG Engine               - soundMenuSelect: menu/select.wav
23:28:39.148 [FXGL Background Thread 2 ] DEBUG Engine               - soundNotification: core/notification.wav
23:28:39.149 [FXGL Background Thread 2 ] DEBUG Engine               - stageStyle: DECORATED
23:28:39.149 [FXGL Background Thread 2 ] DEBUG Engine               - supportedLanguages: [ENGLISH, FRENCH, GERMAN, HUNGARIAN, RUSSIAN]
23:28:39.149 [FXGL Background Thread 2 ] DEBUG Engine               - title: Newfoundland Moose Collision
23:28:39.149 [FXGL Background Thread 2 ] DEBUG Engine               - urlGithub: https://github.com/AlmasB/FXGL
23:28:39.149 [FXGL Background Thread 2 ] DEBUG Engine               - urlLeaderboard: http://fxgl-top.herokuapp.com/
23:28:39.149 [FXGL Background Thread 2 ] DEBUG Engine               - urlPOM: https://raw.githubusercontent.com/AlmasB/FXGL/master/pom.xml
23:28:39.149 [FXGL Background Thread 2 ] DEBUG Engine               - version: 1.0
23:28:39.149 [FXGL Background Thread 2 ] DEBUG Engine               - versionCheckDays: 7
23:28:39.149 [FXGL Background Thread 2 ] DEBUG Engine               - width: 840
23:28:39.149 [FXGL Background Thread 2 ] DEBUG Engine               - Logging services
23:28:39.149 [FXGL Background Thread 2 ] DEBUG Engine               - class com.almasb.fxgl.app.GameApplication$GameApplicationService
23:28:39.149 [FXGL Background Thread 2 ] DEBUG Engine               - class com.almasb.fxgl.app.services.WindowService
23:28:39.149 [FXGL Background Thread 2 ] DEBUG Engine               - class com.almasb.fxgl.app.services.FXGLDialogService
23:28:39.149 [FXGL Background Thread 2 ] DEBUG Engine               - class com.almasb.fxgl.app.services.IOTaskExecutorService
23:28:39.149 [FXGL Background Thread 2 ] DEBUG Engine               - class com.almasb.fxgl.event.EventBusService
23:28:39.149 [FXGL Background Thread 2 ] DEBUG Engine               - class com.almasb.fxgl.io.FileSystemService
23:28:39.149 [FXGL Background Thread 2 ] DEBUG Engine               - class com.almasb.fxgl.localization.LocalizationService
23:28:39.149 [FXGL Background Thread 2 ] DEBUG Engine               - class com.almasb.fxgl.app.services.AssetLoaderService
23:28:39.149 [FXGL Background Thread 2 ] DEBUG Engine               - class com.almasb.fxgl.app.services.SystemBundleService
23:28:39.149 [FXGL Background Thread 2 ] DEBUG Engine               - class com.almasb.fxgl.profile.SaveLoadService
23:28:39.149 [FXGL Background Thread 2 ] DEBUG Engine               - class com.almasb.fxgl.ui.FXGLUIFactoryServiceProvider
23:28:39.149 [FXGL Background Thread 2 ] DEBUG Engine               - class com.almasb.fxgl.ui.FXGLDialogFactoryServiceProvider
23:28:39.149 [FXGL Background Thread 2 ] DEBUG Engine               - class com.almasb.fxgl.audio.AudioPlayer
23:28:39.149 [FXGL Background Thread 2 ] DEBUG Engine               - class com.almasb.fxgl.notification.impl.NotificationServiceProvider
23:28:39.149 [FXGL Background Thread 2 ] DEBUG Engine               - class com.almasb.fxgl.achievement.AchievementService
23:28:39.149 [FXGL Background Thread 2 ] DEBUG Engine               - class com.almasb.fxgl.cutscene.CutsceneService
23:28:39.149 [FXGL Background Thread 2 ] DEBUG Engine               - class com.almasb.fxgl.minigames.MiniGameService
23:28:39.149 [FXGL Background Thread 2 ] DEBUG Engine               - class com.almasb.fxgl.net.NetService
23:28:39.150 [FXGL Background Thread 2 ] DEBUG Engine               - class com.almasb.fxgl.app.services.UpdaterService
23:28:39.150 [FXGL Background Thread 2 ] DEBUG Engine               - class com.almasb.fxgl.dev.DevService
23:28:39.836 [JavaFX Application Thread] DEBUG AssetLoaderService   - Loading from file system: /assets/textures/driver0.png
23:28:41.170 [JavaFX Application Thread] DEBUG AssetLoaderService   - Loading from file system: /assets/textures/driver4.png
23:28:41.601 [JavaFX Application Thread] DEBUG AssetLoaderService   - Loading from file system: /assets/textures/pothole.png
23:28:42.042 [JavaFX Application Thread] DEBUG AssetLoaderService   - Loading from cache: /assets/music/8-Bit-Perplexion.mp3
23:28:42.042 [JavaFX Application Thread] DEBUG AssetLoaderService   - Loading from cache: /assets/music/Caffeine-Crazed-Coin-Op-Kids.mp3
23:28:42.042 [JavaFX Application Thread] DEBUG AudioPlayer          - Stopping music com.almasb.fxgl.audio.Music@23e32d74
23:28:42.042 [JavaFX Application Thread] DEBUG AudioPlayer          - Playing music com.almasb.fxgl.audio.Music@2f6115f8
23:28:42.043 [JavaFX Application Thread] DEBUG MainWindow           - Push state: DialogSubScene
23:28:42.043 [JavaFX Application Thread] DEBUG Input                - Clearing active input actions
23:28:42.047 [JavaFX Application Thread] DEBUG WindowService        - Removing overlay from GameScene and adding to DialogSubScene
23:28:42.048 [JavaFX Application Thread] DEBUG MainWindow           - GameScene -> DialogSubScene
23:28:42.048 [JavaFX Application Thread] DEBUG AssetLoaderService   - Loading from file system: /assets/sounds/carcrash.wav
23:28:44.759 [JavaFX Application Thread] DEBUG MainWindow           - Pop state: DialogSubScene
23:28:44.759 [JavaFX Application Thread] DEBUG Input                - Clearing active input actions
23:28:44.760 [JavaFX Application Thread] DEBUG WindowService        - Removing overlay from DialogSubScene and adding to GameScene
23:28:44.760 [JavaFX Application Thread] DEBUG MainWindow           - GameScene <- DialogSubScene
23:28:44.760 [JavaFX Application Thread] DEBUG Input                - Clearing active input actions
23:28:44.763 [JavaFX Application Thread] DEBUG WindowService        - Removing overlay from GameScene and adding to 
23:28:44.763 [JavaFX Application Thread] DEBUG MainWindow           - GameScene -> 
23:28:44.763 [JavaFX Application Thread] DEBUG MainWindow           - Push state: NewfoundlandRacerMainMenu
23:28:44.763 [JavaFX Application Thread] DEBUG Input                - Clearing active input actions
23:28:44.764 [JavaFX Application Thread] DEBUG WindowService        - Removing overlay from  and adding to NewfoundlandRacerMainMenu
23:28:44.764 [JavaFX Application Thread] DEBUG MainWindow           -  -> NewfoundlandRacerMainMenu
23:28:44.764 [JavaFX Application Thread] DEBUG AssetLoaderService   - Loading from cache: /assets/music/8-Bit-Perplexion.mp3
23:28:44.764 [JavaFX Application Thread] DEBUG AssetLoaderService   - Loading from cache: /assets/music/Caffeine-Crazed-Coin-Op-Kids.mp3
23:28:44.764 [JavaFX Application Thread] DEBUG AudioPlayer          - Stopping music com.almasb.fxgl.audio.Music@2f6115f8
23:28:44.765 [JavaFX Application Thread] DEBUG AudioPlayer          - Playing music com.almasb.fxgl.audio.Music@23e32d74
23:28:47.378 [JavaFX Application Thread] DEBUG Menu                 - fireNewGame()
23:28:47.378 [JavaFX Application Thread] DEBUG WindowService        - Starting new game
23:28:47.378 [JavaFX Application Thread] DEBUG MainWindow           - Pop state: NewfoundlandRacerMainMenu
23:28:47.378 [JavaFX Application Thread] DEBUG Input                - Clearing active input actions
23:28:47.378 [JavaFX Application Thread] DEBUG WindowService        - Removing overlay from NewfoundlandRacerMainMenu and adding to 
23:28:47.378 [JavaFX Application Thread] DEBUG MainWindow           -  <- NewfoundlandRacerMainMenu
23:28:47.378 [JavaFX Application Thread] DEBUG Input                - Clearing active input actions
23:28:47.381 [JavaFX Application Thread] DEBUG WindowService        - Removing overlay from  and adding to FXGLLoadingScene
23:28:47.381 [JavaFX Application Thread] DEBUG MainWindow           -  -> FXGLLoadingScene
23:28:47.381 [JavaFX Application Thread] DEBUG WindowService        - Clearing previous game
23:28:47.381 [JavaFX Application Thread] DEBUG GameScene            - Clearing game scene
23:28:47.382 [JavaFX Application Thread] DEBUG GameWorld            - Clearing game world
23:28:47.383 [JavaFX Application Thread] DEBUG PhysicsWorld         - Clearing physics world
23:28:47.383 [FXGL Background Thread 1 ] DEBUG GameApplication      - Initializing game
23:28:47.383 [FXGL Background Thread 1 ] DEBUG AssetLoaderService   - Loading from cache: /assets/textures/4lanehighway.png@840.0x750.0
23:28:47.384 [FXGL Background Thread 1 ] DEBUG AssetLoaderService   - Loading from cache: /assets/textures/player.png
23:28:47.384 [FXGL Background Thread 1 ] DEBUG AssetLoaderService   - Loading from cache: /assets/music/8-Bit-Perplexion.mp3
23:28:47.384 [FXGL Background Thread 1 ] DEBUG AssetLoaderService   - Loading from cache: /assets/music/Caffeine-Crazed-Coin-Op-Kids.mp3
23:28:47.384 [FXGL Background Thread 1 ] DEBUG AudioPlayer          - Stopping music com.almasb.fxgl.audio.Music@23e32d74
23:28:47.423 [FXGL Background Thread 1 ] DEBUG AudioPlayer          - Playing music com.almasb.fxgl.audio.Music@2f6115f8
23:28:47.424 [FXGL Background Thread 1 ] INFO  GameApplication      - Game initialization took: 0.041 sec
23:28:47.424 [JavaFX Application Thread] DEBUG Input                - Clearing active input actions
23:28:47.426 [JavaFX Application Thread] DEBUG WindowService        - Removing overlay from FXGLLoadingScene and adding to GameScene
23:28:47.427 [JavaFX Application Thread] DEBUG MainWindow           - FXGLLoadingScene -> GameScene
23:28:48.780 [JavaFX Application Thread] DEBUG AssetLoaderService   - Loading from file system: /assets/textures/driver2.png
23:28:50.127 [JavaFX Application Thread] DEBUG AssetLoaderService   - Loading from cache: /assets/textures/driver2.png
23:28:50.544 [JavaFX Application Thread] DEBUG AssetLoaderService   - Loading from cache: /assets/textures/pothole.png
23:28:51.440 [JavaFX Application Thread] DEBUG AssetLoaderService   - Loading from cache: /assets/textures/driver4.png
23:28:51.884 [JavaFX Application Thread] DEBUG AssetLoaderService   - Loading from file system: /assets/textures/cowmoosespriterunning.png
23:28:52.330 [JavaFX Application Thread] DEBUG AssetLoaderService   - Loading from cache: /assets/music/8-Bit-Perplexion.mp3
23:28:52.330 [JavaFX Application Thread] DEBUG AssetLoaderService   - Loading from cache: /assets/music/Caffeine-Crazed-Coin-Op-Kids.mp3
23:28:52.330 [JavaFX Application Thread] DEBUG AudioPlayer          - Stopping music com.almasb.fxgl.audio.Music@2f6115f8
23:28:52.332 [JavaFX Application Thread] DEBUG AudioPlayer          - Playing music com.almasb.fxgl.audio.Music@23e32d74
23:28:52.333 [JavaFX Application Thread] DEBUG MainWindow           - Push state: DialogSubScene
23:28:52.333 [JavaFX Application Thread] DEBUG Input                - Clearing active input actions
23:28:52.335 [JavaFX Application Thread] DEBUG WindowService        - Removing overlay from GameScene and adding to DialogSubScene
23:28:52.335 [JavaFX Application Thread] DEBUG MainWindow           - GameScene -> DialogSubScene
23:28:52.336 [JavaFX Application Thread] DEBUG AssetLoaderService   - Loading from cache: /assets/sounds/carcrash.wav
23:28:55.566 [JavaFX Application Thread] DEBUG WindowService        - Starting new game
23:28:55.566 [JavaFX Application Thread] DEBUG MainWindow           - Pop state: DialogSubScene
23:28:55.566 [JavaFX Application Thread] DEBUG Input                - Clearing active input actions
23:28:55.566 [JavaFX Application Thread] DEBUG WindowService        - Removing overlay from DialogSubScene and adding to GameScene
23:28:55.567 [JavaFX Application Thread] DEBUG MainWindow           - GameScene <- DialogSubScene
23:28:55.567 [JavaFX Application Thread] DEBUG Input                - Clearing active input actions
23:28:55.570 [JavaFX Application Thread] DEBUG WindowService        - Removing overlay from GameScene and adding to FXGLLoadingScene
23:28:55.570 [JavaFX Application Thread] DEBUG MainWindow           - GameScene -> FXGLLoadingScene
23:28:55.570 [JavaFX Application Thread] DEBUG WindowService        - Clearing previous game
23:28:55.570 [JavaFX Application Thread] DEBUG GameScene            - Clearing game scene
23:28:55.570 [JavaFX Application Thread] DEBUG GameWorld            - Clearing game world
23:28:55.571 [JavaFX Application Thread] DEBUG PhysicsWorld         - Clearing physics world
23:28:55.571 [FXGL Background Thread 1 ] DEBUG GameApplication      - Initializing game
23:28:55.571 [FXGL Background Thread 1 ] DEBUG AssetLoaderService   - Loading from cache: /assets/textures/4lanehighway.png@840.0x750.0
23:28:55.572 [FXGL Background Thread 1 ] DEBUG AssetLoaderService   - Loading from cache: /assets/textures/player.png
23:28:55.572 [FXGL Background Thread 1 ] DEBUG AssetLoaderService   - Loading from cache: /assets/music/8-Bit-Perplexion.mp3
23:28:55.572 [FXGL Background Thread 1 ] DEBUG AssetLoaderService   - Loading from cache: /assets/music/Caffeine-Crazed-Coin-Op-Kids.mp3
23:28:55.572 [FXGL Background Thread 1 ] DEBUG AudioPlayer          - Stopping music com.almasb.fxgl.audio.Music@23e32d74
23:28:55.572 [FXGL Background Thread 1 ] DEBUG AudioPlayer          - Playing music com.almasb.fxgl.audio.Music@2f6115f8
23:28:55.573 [FXGL Background Thread 1 ] INFO  GameApplication      - Game initialization took: 0.002 sec
23:28:55.573 [JavaFX Application Thread] DEBUG Input                - Clearing active input actions
23:28:55.576 [JavaFX Application Thread] DEBUG WindowService        - Removing overlay from FXGLLoadingScene and adding to GameScene
23:28:55.576 [JavaFX Application Thread] DEBUG MainWindow           - FXGLLoadingScene -> GameScene
23:28:57.043 [JavaFX Application Thread] DEBUG AssetLoaderService   - Loading from cache: /assets/textures/driver0.png
23:28:58.384 [JavaFX Application Thread] DEBUG AssetLoaderService   - Loading from cache: /assets/textures/driver4.png
23:28:58.834 [JavaFX Application Thread] DEBUG AssetLoaderService   - Loading from cache: /assets/textures/pothole.png
23:28:59.051 [JavaFX Application Thread] DEBUG AssetLoaderService   - Loading from cache: /assets/music/8-Bit-Perplexion.mp3
23:28:59.051 [JavaFX Application Thread] DEBUG AssetLoaderService   - Loading from cache: /assets/music/Caffeine-Crazed-Coin-Op-Kids.mp3
23:28:59.051 [JavaFX Application Thread] DEBUG AudioPlayer          - Stopping music com.almasb.fxgl.audio.Music@2f6115f8
23:28:59.052 [JavaFX Application Thread] DEBUG AudioPlayer          - Playing music com.almasb.fxgl.audio.Music@23e32d74
23:28:59.053 [JavaFX Application Thread] DEBUG MainWindow           - Push state: DialogSubScene
23:28:59.053 [JavaFX Application Thread] DEBUG Input                - Clearing active input actions
23:28:59.054 [JavaFX Application Thread] DEBUG WindowService        - Removing overlay from GameScene and adding to DialogSubScene
23:28:59.054 [JavaFX Application Thread] DEBUG MainWindow           - GameScene -> DialogSubScene
23:28:59.054 [JavaFX Application Thread] DEBUG AssetLoaderService   - Loading from cache: /assets/sounds/carcrash.wav
23:29:01.778 [JavaFX Application Thread] DEBUG WindowService        - Starting new game
23:29:01.778 [JavaFX Application Thread] DEBUG MainWindow           - Pop state: DialogSubScene
23:29:01.778 [JavaFX Application Thread] DEBUG Input                - Clearing active input actions
23:29:01.778 [JavaFX Application Thread] DEBUG WindowService        - Removing overlay from DialogSubScene and adding to GameScene
23:29:01.778 [JavaFX Application Thread] DEBUG MainWindow           - GameScene <- DialogSubScene
23:29:01.778 [JavaFX Application Thread] DEBUG Input                - Clearing active input actions
23:29:01.781 [JavaFX Application Thread] DEBUG WindowService        - Removing overlay from GameScene and adding to FXGLLoadingScene
23:29:01.781 [JavaFX Application Thread] DEBUG MainWindow           - GameScene -> FXGLLoadingScene
23:29:01.781 [JavaFX Application Thread] DEBUG WindowService        - Clearing previous game
23:29:01.781 [JavaFX Application Thread] DEBUG GameScene            - Clearing game scene
23:29:01.781 [JavaFX Application Thread] DEBUG GameWorld            - Clearing game world
23:29:01.782 [JavaFX Application Thread] DEBUG PhysicsWorld         - Clearing physics world
23:29:01.782 [FXGL Background Thread 1 ] DEBUG GameApplication      - Initializing game
23:29:01.783 [FXGL Background Thread 1 ] DEBUG AssetLoaderService   - Loading from cache: /assets/textures/4lanehighway.png@840.0x750.0
23:29:01.783 [FXGL Background Thread 1 ] DEBUG AssetLoaderService   - Loading from cache: /assets/textures/player.png
23:29:01.783 [FXGL Background Thread 1 ] DEBUG AssetLoaderService   - Loading from cache: /assets/music/8-Bit-Perplexion.mp3
23:29:01.783 [FXGL Background Thread 1 ] DEBUG AssetLoaderService   - Loading from cache: /assets/music/Caffeine-Crazed-Coin-Op-Kids.mp3
23:29:01.783 [FXGL Background Thread 1 ] DEBUG AudioPlayer          - Stopping music com.almasb.fxgl.audio.Music@23e32d74
23:29:01.784 [FXGL Background Thread 1 ] DEBUG AudioPlayer          - Playing music com.almasb.fxgl.audio.Music@2f6115f8
23:29:01.784 [FXGL Background Thread 1 ] INFO  GameApplication      - Game initialization took: 0.003 sec
23:29:01.785 [JavaFX Application Thread] DEBUG Input                - Clearing active input actions
23:29:01.788 [JavaFX Application Thread] DEBUG WindowService        - Removing overlay from FXGLLoadingScene and adding to GameScene
23:29:01.788 [JavaFX Application Thread] DEBUG MainWindow           - FXGLLoadingScene -> GameScene
23:29:03.162 [JavaFX Application Thread] DEBUG AssetLoaderService   - Loading from file system: /assets/textures/driver1.png
23:29:04.551 [JavaFX Application Thread] DEBUG AssetLoaderService   - Loading from cache: /assets/textures/driver2.png
23:29:04.989 [JavaFX Application Thread] DEBUG AssetLoaderService   - Loading from cache: /assets/textures/pothole.png
23:29:05.395 [JavaFX Application Thread] DEBUG AssetLoaderService   - Loading from cache: /assets/music/8-Bit-Perplexion.mp3
23:29:05.395 [JavaFX Application Thread] DEBUG AssetLoaderService   - Loading from cache: /assets/music/Caffeine-Crazed-Coin-Op-Kids.mp3
23:29:05.395 [JavaFX Application Thread] DEBUG AudioPlayer          - Stopping music com.almasb.fxgl.audio.Music@2f6115f8
23:29:05.431 [JavaFX Application Thread] DEBUG AudioPlayer          - Playing music com.almasb.fxgl.audio.Music@23e32d74
23:29:05.433 [JavaFX Application Thread] DEBUG MainWindow           - Push state: DialogSubScene
23:29:05.433 [JavaFX Application Thread] DEBUG Input                - Clearing active input actions
23:29:05.436 [JavaFX Application Thread] DEBUG WindowService        - Removing overlay from GameScene and adding to DialogSubScene
23:29:05.436 [JavaFX Application Thread] DEBUG MainWindow           - GameScene -> DialogSubScene
23:29:05.436 [JavaFX Application Thread] DEBUG AssetLoaderService   - Loading from cache: /assets/sounds/carcrash.wav
23:29:07.805 [JavaFX Application Thread] DEBUG MainWindow           - Pop state: DialogSubScene
23:29:07.805 [JavaFX Application Thread] DEBUG Input                - Clearing active input actions
23:29:07.805 [JavaFX Application Thread] DEBUG WindowService        - Removing overlay from DialogSubScene and adding to GameScene
23:29:07.805 [JavaFX Application Thread] DEBUG MainWindow           - GameScene <- DialogSubScene
23:29:07.805 [JavaFX Application Thread] DEBUG Input                - Clearing active input actions
23:29:07.807 [JavaFX Application Thread] DEBUG WindowService        - Removing overlay from GameScene and adding to 
23:29:07.808 [JavaFX Application Thread] DEBUG MainWindow           - GameScene -> 
23:29:07.808 [JavaFX Application Thread] DEBUG MainWindow           - Push state: NewfoundlandRacerMainMenu
23:29:07.808 [JavaFX Application Thread] DEBUG Input                - Clearing active input actions
23:29:07.808 [JavaFX Application Thread] DEBUG WindowService        - Removing overlay from  and adding to NewfoundlandRacerMainMenu
23:29:07.808 [JavaFX Application Thread] DEBUG MainWindow           -  -> NewfoundlandRacerMainMenu
23:29:07.808 [JavaFX Application Thread] DEBUG AssetLoaderService   - Loading from cache: /assets/music/8-Bit-Perplexion.mp3
23:29:07.808 [JavaFX Application Thread] DEBUG AssetLoaderService   - Loading from cache: /assets/music/Caffeine-Crazed-Coin-Op-Kids.mp3
23:29:07.808 [JavaFX Application Thread] DEBUG AudioPlayer          - Stopping music com.almasb.fxgl.audio.Music@23e32d74
23:29:07.809 [JavaFX Application Thread] DEBUG AudioPlayer          - Playing music com.almasb.fxgl.audio.Music@2f6115f8
23:29:10.171 [JavaFX Application Thread] DEBUG Menu                 - fireNewGame()
23:29:10.171 [JavaFX Application Thread] DEBUG WindowService        - Starting new game
23:29:10.171 [JavaFX Application Thread] DEBUG MainWindow           - Pop state: NewfoundlandRacerMainMenu
23:29:10.172 [JavaFX Application Thread] DEBUG Input                - Clearing active input actions
23:29:10.172 [JavaFX Application Thread] DEBUG WindowService        - Removing overlay from NewfoundlandRacerMainMenu and adding to 
23:29:10.172 [JavaFX Application Thread] DEBUG MainWindow           -  <- NewfoundlandRacerMainMenu
23:29:10.172 [JavaFX Application Thread] DEBUG Input                - Clearing active input actions
23:29:10.174 [JavaFX Application Thread] DEBUG WindowService        - Removing overlay from  and adding to FXGLLoadingScene
23:29:10.174 [JavaFX Application Thread] DEBUG MainWindow           -  -> FXGLLoadingScene
23:29:10.174 [JavaFX Application Thread] DEBUG WindowService        - Clearing previous game
23:29:10.174 [JavaFX Application Thread] DEBUG GameScene            - Clearing game scene
23:29:10.174 [JavaFX Application Thread] DEBUG GameWorld            - Clearing game world
23:29:10.175 [JavaFX Application Thread] DEBUG PhysicsWorld         - Clearing physics world
23:29:10.175 [FXGL Background Thread 1 ] DEBUG GameApplication      - Initializing game
23:29:10.175 [FXGL Background Thread 1 ] DEBUG AssetLoaderService   - Loading from cache: /assets/textures/4lanehighway.png@840.0x750.0
23:29:10.175 [FXGL Background Thread 1 ] DEBUG AssetLoaderService   - Loading from cache: /assets/textures/player.png
23:29:10.176 [FXGL Background Thread 1 ] DEBUG AssetLoaderService   - Loading from cache: /assets/music/8-Bit-Perplexion.mp3
23:29:10.176 [FXGL Background Thread 1 ] DEBUG AssetLoaderService   - Loading from cache: /assets/music/Caffeine-Crazed-Coin-Op-Kids.mp3
23:29:10.176 [FXGL Background Thread 1 ] DEBUG AudioPlayer          - Stopping music com.almasb.fxgl.audio.Music@2f6115f8
23:29:10.176 [FXGL Background Thread 1 ] DEBUG AudioPlayer          - Playing music com.almasb.fxgl.audio.Music@23e32d74
23:29:10.177 [FXGL Background Thread 1 ] INFO  GameApplication      - Game initialization took: 0.002 sec
23:29:10.177 [JavaFX Application Thread] DEBUG Input                - Clearing active input actions
23:29:10.179 [JavaFX Application Thread] DEBUG WindowService        - Removing overlay from FXGLLoadingScene and adding to GameScene
23:29:10.180 [JavaFX Application Thread] DEBUG MainWindow           - FXGLLoadingScene -> GameScene
23:29:11.666 [JavaFX Application Thread] DEBUG AssetLoaderService   - Loading from file system: /assets/textures/driver3.png
23:29:12.978 [JavaFX Application Thread] DEBUG AssetLoaderService   - Loading from cache: /assets/textures/driver0.png
23:29:13.392 [JavaFX Application Thread] DEBUG AssetLoaderService   - Loading from cache: /assets/textures/pothole.png
23:29:13.722 [JavaFX Application Thread] DEBUG GameApplication      - Exiting FXGL
23:29:13.723 [JavaFX Application Thread] DEBUG LoopRunner           - Stopping loop
23:29:13.723 [JavaFX Application Thread] DEBUG SystemBundleService  - Saving FXGL system data
23:29:13.724 [JavaFX Application Thread] DEBUG FileSystemAccess     - Writing to: E:\secondYear\Java\NewfoundlandRacer\system\fxgl.bundle
23:29:13.724 [JavaFX Application Thread] DEBUG GameApplication      - Shutting down background threads
23:29:13.725 [JavaFX Application Thread] DEBUG GameApplication      - Closing logger and exiting JavaFX
