17:00:42.190 [main                     ] DEBUG GameApplication      - Logger initialized
17:00:42.194 [main                     ] DEBUG GameApplication      - Logging settings
Title: Newfoundland Moose Collision
Version: 0.1
Width: 840
Height: 650
Fullscreen: false
Intro: false
Profiling: false
Single step:false
App Mode: DEVELOPER
Menu Key: ESCAPE
Stage Style: DECORATED
Scene Factory: class com.almasb.fxgl.app.scene.SceneFactory

17:00:42.592 [JavaFX Application Thread] DEBUG GameApplication      - Initializing FXGL
17:00:42.607 [JavaFX Application Thread] INFO  Engine               - FXGL-11.9 (27.05.2020 17.06) on WINDOWS (J:14.0.1 FX:13.0.2)
17:00:42.607 [JavaFX Application Thread] DEBUG Engine               - JRE Vendor Name: Oracle Corporation
17:00:42.608 [JavaFX Application Thread] DEBUG Engine               - Running on OS: Windows 10 version 10.0
17:00:42.608 [JavaFX Application Thread] DEBUG Engine               - Architecture: amd64
17:00:42.608 [JavaFX Application Thread] INFO  Engine               - Source code and latest versions at: https://github.com/AlmasB/FXGL
17:00:42.608 [JavaFX Application Thread] INFO  Engine               -              Join the FXGL chat at: https://gitter.im/AlmasB/FXGL
17:00:42.723 [JavaFX Application Thread] DEBUG MainWindow           - Creating a JavaFX scene
17:00:42.772 [JavaFX Application Thread] DEBUG MainWindow           - Target settings size: 840.0 x 650.0
17:00:42.772 [JavaFX Application Thread] DEBUG MainWindow           - Scaled scene size:    840.0 x 650.0
17:00:42.772 [JavaFX Application Thread] DEBUG MainWindow           - Scaled ratio: (1.0, 1.0)
17:00:42.773 [JavaFX Application Thread] DEBUG MainWindow           - Set initial scene to FXGLStartupScene
17:00:42.780 [JavaFX Application Thread] DEBUG MainWindow           - Opening main window
17:00:42.860 [JavaFX Application Thread] DEBUG MainWindow           - Window border size: (16.0, 39.0)
17:00:42.861 [JavaFX Application Thread] DEBUG MainWindow           - Scaled size: 840.0 x 650.0
17:00:42.861 [JavaFX Application Thread] DEBUG MainWindow           - Scaled ratio: (1.0, 1.0)
17:00:42.861 [JavaFX Application Thread] DEBUG MainWindow           - Scene size: 840.0 x 650.0
17:00:42.861 [JavaFX Application Thread] DEBUG MainWindow           - Stage size: 856.0 x 689.0
17:00:42.867 [FXGL Background Thread 1 ] DEBUG Engine               - Initializing environment variables
17:00:42.888 [FXGL Background Thread 1 ] DEBUG WindowService        - Applying CSS: fxgl_dark.css
17:00:42.888 [FXGL Background Thread 1 ] DEBUG AssetLoaderService   - Loading from file system: /assets/ui/css/fxgl_dark.css
17:00:42.923 [FXGL Background Thread 1 ] DEBUG WindowService        - Initializing application scenes
17:00:42.950 [FXGL Background Thread 1 ] DEBUG GameWorld            - Game world initialized
17:00:42.983 [FXGL Background Thread 1 ] DEBUG PhysicsWorld         - Physics world initialized: appHeight=650, physics.ppm=50.0
17:00:42.985 [FXGL Background Thread 1 ] DEBUG GameScene            - Game scene initialized: 840x650
17:00:43.008 [FXGL Background Thread 1 ] DEBUG AssetLoaderService   - Loading from file system: /assets/textures/particles/trace_horizontal.png
17:00:43.053 [FXGL Background Thread 1 ] DEBUG FXGL.DefaultMenu     - createMenuBodyGameMenu()
17:00:43.067 [FXGL Background Thread 1 ] DEBUG FXGL.DefaultMenu     - createOptionsMenu()
17:00:43.071 [FXGL Background Thread 1 ] DEBUG AssetLoaderService   - Loading from file system: /assets/textures/particles/smoke.png
17:00:43.112 [FXGL Background Thread 1 ] DEBUG WindowService        - Application scenes initialized
17:00:43.121 [FXGL Background Thread 1 ] DEBUG SystemBundleService  - Loading FXGL system data
17:00:43.124 [FXGL Background Thread 1 ] DEBUG FileSystemAccess     - Reading from: E:\secondYear\Java\NewfoundlandRacer\system\fxgl.bundle
17:00:43.128 [FXGL Background Thread 1 ] DEBUG SystemBundleService  - Bundle FXGL: {}
17:00:43.128 [FXGL Background Thread 1 ] INFO  Engine               - FXGL initialization took: 0.260 sec
17:00:43.129 [FXGL Background Thread 1 ] DEBUG GameApplication      - Loading localizations
17:00:43.130 [FXGL Background Thread 1 ] DEBUG AssetLoaderService   - Loading from file system: /assets/languages/english.lang
17:00:43.137 [FXGL Background Thread 1 ] DEBUG AssetLoaderService   - Loading from file system: /assets/languages/french.lang
17:00:43.139 [FXGL Background Thread 1 ] DEBUG AssetLoaderService   - Loading from file system: /assets/languages/german.lang
17:00:43.140 [FXGL Background Thread 1 ] DEBUG AssetLoaderService   - Loading from file system: /assets/languages/hungarian.lang
17:00:43.142 [FXGL Background Thread 1 ] DEBUG AssetLoaderService   - Loading from file system: /assets/languages/russian.lang
17:00:43.144 [FXGL Background Thread 1 ] DEBUG GameApplication      - Registering font factories with UI factory
17:00:43.144 [FXGL Background Thread 1 ] DEBUG AssetLoaderService   - Loading from file system: /assets/ui/fonts/VarelaRound-Regular.ttf
17:00:43.177 [FXGL Background Thread 1 ] DEBUG AssetLoaderService   - Loading from file system: /assets/ui/fonts/Abel-Regular.ttf
17:00:43.179 [FXGL Background Thread 1 ] DEBUG AssetLoaderService   - Loading from file system: /assets/ui/fonts/lucida_console.ttf
17:00:43.183 [FXGL Background Thread 1 ] DEBUG AssetLoaderService   - Loading from file system: /assets/ui/fonts/Courier-Prime.ttf
17:00:43.193 [JavaFX Application Thread] DEBUG Input                - Registered new binding: Move Right - D
17:00:43.193 [JavaFX Application Thread] DEBUG Input                - Registered new binding: Move Left - A
17:00:43.193 [JavaFX Application Thread] DEBUG Input                - Registered new binding: Move Up - W
17:00:43.193 [JavaFX Application Thread] DEBUG Input                - Registered new binding: Move Down - S
17:00:43.193 [JavaFX Application Thread] DEBUG AssetLoaderService   - Loading from file system: /assets/textures/fxgl_icon.png
17:00:43.206 [JavaFX Application Thread] DEBUG AssetLoaderService   - Loading from file system: /assets/ui/cursors/fxgl_default.png
17:00:43.208 [JavaFX Application Thread] DEBUG Input                - Registered new binding: Screenshot - P
17:00:43.208 [JavaFX Application Thread] DEBUG Input                - Registered new binding: System info dump - CTRL+9
17:00:43.209 [JavaFX Application Thread] DEBUG Input                - Registered new binding: Restart - CTRL+R
17:00:43.209 [JavaFX Application Thread] DEBUG LoopRunner           - Starting loop
17:00:43.221 [JavaFX Application Thread] DEBUG FXGLStartupScene     - STARTUP
17:00:43.221 [JavaFX Application Thread] DEBUG WindowService        - Starting new game
17:00:43.222 [JavaFX Application Thread] DEBUG Input                - Clearing active input actions
17:00:43.231 [JavaFX Application Thread] DEBUG WindowService        - Removing overlay from FXGLStartupScene and adding to FXGLLoadingScene
17:00:43.231 [JavaFX Application Thread] DEBUG MainWindow           - FXGLStartupScene -> FXGLLoadingScene
17:00:43.231 [JavaFX Application Thread] DEBUG WindowService        - Clearing previous game
17:00:43.231 [JavaFX Application Thread] DEBUG GameScene            - Clearing game scene
17:00:43.231 [JavaFX Application Thread] DEBUG GameWorld            - Clearing game world
17:00:43.231 [JavaFX Application Thread] DEBUG PhysicsWorld         - Clearing physics world
17:00:43.232 [FXGL Background Thread 1 ] DEBUG GameApplication      - Initializing game
17:00:43.240 [FXGL Background Thread 1 ] DEBUG AssetLoaderService   - Loading from file system: /assets/textures/4lanehighway.png
17:00:43.310 [FXGL Background Thread 1 ] DEBUG AssetLoaderService   - Loading from file system: /assets/textures/player.png
17:00:43.319 [FXGL Background Thread 1 ] DEBUG AssetLoaderService   - Loading from file system: /assets/textures/coin.png
17:00:43.327 [JavaFX Application Thread] DEBUG LoopRunner           - Stopping loop
17:00:43.327 [JavaFX Application Thread] FATAL GameApplication      - Uncaught Exception:

Fatal exception occurred: java.lang.RuntimeException : Initialization failed
E: com.almasb.fxgl.app.GameApplication$InitAppTask.failed(GameApplication.java:423)
E: javafx.concurrent.Task.setState(Task.java:710)
E: javafx.concurrent.Task$TaskCallable.lambda$call$2(Task.java:1455)
E: com.sun.javafx.application.PlatformImpl.lambda$runLater$10(PlatformImpl.java:428)
E: java.base/java.security.AccessController.doPrivileged(AccessController.java:391)
E: com.sun.javafx.application.PlatformImpl.lambda$runLater$11(PlatformImpl.java:427)
E: com.sun.glass.ui.InvokeLaterDispatcher$Future.run(InvokeLaterDispatcher.java:96)
E: com.sun.glass.ui.win.WinApplication._runLoop(Native Method)
E: com.sun.glass.ui.win.WinApplication.lambda$runLoop$3(WinApplication.java:174)
E: java.base/java.lang.Thread.run(Thread.java:832)

17:00:43.327 [JavaFX Application Thread] FATAL GameApplication      - Application will now exit
17:00:43.340 [JavaFX Application Thread] DEBUG MainWindow           - Push state: ErrorSubScene
17:00:43.341 [JavaFX Application Thread] DEBUG Input                - Clearing active input actions
17:00:43.351 [JavaFX Application Thread] DEBUG WindowService        - Removing overlay from FXGLLoadingScene and adding to ErrorSubScene
17:00:43.351 [JavaFX Application Thread] DEBUG MainWindow           - FXGLLoadingScene -> ErrorSubScene
17:00:46.131 [FXGL Background Thread 2 ] DEBUG Engine               - Logging environment variables
17:00:46.131 [FXGL Background Thread 2 ] DEBUG Engine               - achievements: []
17:00:46.131 [FXGL Background Thread 2 ] DEBUG Engine               - appIcon: fxgl_icon.png
17:00:46.131 [FXGL Background Thread 2 ] DEBUG Engine               - applicationMode: DEVELOPER
17:00:46.132 [FXGL Background Thread 2 ] DEBUG Engine               - cSSList: [fxgl_dark.css]
17:00:46.132 [FXGL Background Thread 2 ] DEBUG Engine               - configClass: Optional.empty
17:00:46.132 [FXGL Background Thread 2 ] DEBUG Engine               - credits: []
17:00:46.132 [FXGL Background Thread 2 ] DEBUG Engine               - devBBoxColorProperty: ObjectProperty [value: 0xff0000ff]
17:00:46.132 [FXGL Background Thread 2 ] DEBUG Engine               - devSensorColorProperty: ObjectProperty [value: 0xffff00ff]
17:00:46.132 [FXGL Background Thread 2 ] DEBUG Engine               - devShowBBoxProperty: BooleanProperty [value: false]
17:00:46.132 [FXGL Background Thread 2 ] DEBUG Engine               - devShowPositionProperty: BooleanProperty [value: false]
17:00:46.133 [FXGL Background Thread 2 ] DEBUG Engine               - enabledMenuItems: []
17:00:46.133 [FXGL Background Thread 2 ] DEBUG Engine               - engineServices: [class com.almasb.fxgl.app.GameApplication$GameApplicationService, class com.almasb.fxgl.app.services.WindowService, class com.almasb.fxgl.app.services.FXGLDialogService, class com.almasb.fxgl.app.services.IOTaskExecutorService, class com.almasb.fxgl.event.EventBusService, class com.almasb.fxgl.io.FileSystemService, class com.almasb.fxgl.localization.LocalizationService, class com.almasb.fxgl.app.services.AssetLoaderService, class com.almasb.fxgl.app.services.SystemBundleService, class com.almasb.fxgl.profile.SaveLoadService, class com.almasb.fxgl.ui.FXGLUIFactoryServiceProvider, class com.almasb.fxgl.ui.FXGLDialogFactoryServiceProvider, class com.almasb.fxgl.audio.AudioPlayer, class com.almasb.fxgl.notification.impl.NotificationServiceProvider, class com.almasb.fxgl.achievement.AchievementService, class com.almasb.fxgl.cutscene.CutsceneService, class com.almasb.fxgl.minigames.MiniGameService, class com.almasb.fxgl.net.NetService, class com.almasb.fxgl.app.services.UpdaterService, class com.almasb.fxgl.dev.DevService]
17:00:46.133 [FXGL Background Thread 2 ] DEBUG Engine               - fontGame: Abel-Regular.ttf
17:00:46.133 [FXGL Background Thread 2 ] DEBUG Engine               - fontMono: lucida_console.ttf
17:00:46.133 [FXGL Background Thread 2 ] DEBUG Engine               - fontText: Courier-Prime.ttf
17:00:46.133 [FXGL Background Thread 2 ] DEBUG Engine               - fontUI: VarelaRound-Regular.ttf
17:00:46.133 [FXGL Background Thread 2 ] DEBUG Engine               - fullScreen: BooleanProperty [value: false]
17:00:46.133 [FXGL Background Thread 2 ] DEBUG Engine               - gameDifficulty: MEDIUM
17:00:46.133 [FXGL Background Thread 2 ] DEBUG Engine               - gameDifficultyProperty: ObjectProperty [value: MEDIUM]
17:00:46.134 [FXGL Background Thread 2 ] DEBUG Engine               - globalMusicVolume: 0.5
17:00:46.134 [FXGL Background Thread 2 ] DEBUG Engine               - globalMusicVolumeProperty: DoubleProperty [value: 0.5]
17:00:46.134 [FXGL Background Thread 2 ] DEBUG Engine               - globalSoundVolume: 0.5
17:00:46.134 [FXGL Background Thread 2 ] DEBUG Engine               - globalSoundVolumeProperty: DoubleProperty [value: 0.5]
17:00:46.134 [FXGL Background Thread 2 ] DEBUG Engine               - height: 650
17:00:46.134 [FXGL Background Thread 2 ] DEBUG Engine               - isAndroid: false
17:00:46.134 [FXGL Background Thread 2 ] DEBUG Engine               - isBrowser: false
17:00:46.134 [FXGL Background Thread 2 ] DEBUG Engine               - isClickFeedbackEnabled: false
17:00:46.134 [FXGL Background Thread 2 ] DEBUG Engine               - isCloseConfirmation: false
17:00:46.134 [FXGL Background Thread 2 ] DEBUG Engine               - isDesktop: true
17:00:46.135 [FXGL Background Thread 2 ] DEBUG Engine               - isDeveloperMenuEnabled: false
17:00:46.135 [FXGL Background Thread 2 ] DEBUG Engine               - isExperimentalNative: false
17:00:46.135 [FXGL Background Thread 2 ] DEBUG Engine               - isExperimentalTiledLargeMap: false
17:00:46.135 [FXGL Background Thread 2 ] DEBUG Engine               - isFullScreenAllowed: false
17:00:46.135 [FXGL Background Thread 2 ] DEBUG Engine               - isFullScreenFromStart: false
17:00:46.135 [FXGL Background Thread 2 ] DEBUG Engine               - isGameMenuEnabled: true
17:00:46.135 [FXGL Background Thread 2 ] DEBUG Engine               - isIOS: false
17:00:46.135 [FXGL Background Thread 2 ] DEBUG Engine               - isIntroEnabled: false
17:00:46.135 [FXGL Background Thread 2 ] DEBUG Engine               - isLinux: false
17:00:46.135 [FXGL Background Thread 2 ] DEBUG Engine               - isMac: false
17:00:46.135 [FXGL Background Thread 2 ] DEBUG Engine               - isMainMenuEnabled: false
17:00:46.136 [FXGL Background Thread 2 ] DEBUG Engine               - isManualResizeEnabled: false
17:00:46.136 [FXGL Background Thread 2 ] DEBUG Engine               - isMobile: false
17:00:46.136 [FXGL Background Thread 2 ] DEBUG Engine               - isPreserveResizeRatio: false
17:00:46.136 [FXGL Background Thread 2 ] DEBUG Engine               - isProfilingEnabled: false
17:00:46.136 [FXGL Background Thread 2 ] DEBUG Engine               - isSingleStep: false
17:00:46.136 [FXGL Background Thread 2 ] DEBUG Engine               - isUserProfileEnabled: false
17:00:46.136 [FXGL Background Thread 2 ] DEBUG Engine               - isWindows: true
17:00:46.136 [FXGL Background Thread 2 ] DEBUG Engine               - language: ObjectProperty [value: ENGLISH]
17:00:46.136 [FXGL Background Thread 2 ] DEBUG Engine               - mainWindow: com.almasb.fxgl.app.MainWindow@60d9112c
17:00:46.136 [FXGL Background Thread 2 ] DEBUG Engine               - menuKey: ESCAPE
17:00:46.137 [FXGL Background Thread 2 ] DEBUG Engine               - notificationViewClass: class com.almasb.fxgl.notification.view.XboxNotificationView
17:00:46.137 [FXGL Background Thread 2 ] DEBUG Engine               - pixelsPerMeter: 50.0
17:00:46.137 [FXGL Background Thread 2 ] DEBUG Engine               - platform: WINDOWS
17:00:46.137 [FXGL Background Thread 2 ] DEBUG Engine               - profileDir: profiles/
17:00:46.137 [FXGL Background Thread 2 ] DEBUG Engine               - profileName: StringProperty [value: DEFAULT]
17:00:46.137 [FXGL Background Thread 2 ] DEBUG Engine               - randomSeed: -1
17:00:46.137 [FXGL Background Thread 2 ] DEBUG Engine               - runtimeInfo: RuntimeInfo(platform=WINDOWS, version=11.9, build=27.05.2020 17.06)
17:00:46.137 [FXGL Background Thread 2 ] DEBUG Engine               - saveFileExt: sav
17:00:46.137 [FXGL Background Thread 2 ] DEBUG Engine               - sceneFactory: com.almasb.fxgl.app.scene.SceneFactory@25db9353
17:00:46.137 [FXGL Background Thread 2 ] DEBUG Engine               - secondsIn24h: 60
17:00:46.137 [FXGL Background Thread 2 ] DEBUG Engine               - settings: Title: Newfoundland Moose Collision
Version: 0.1
Width: 840
Height: 650
Fullscreen: false
Intro: false
Profiling: false
Single step:false
App Mode: DEVELOPER
Menu Key: ESCAPE
Stage Style: DECORATED
Scene Factory: class com.almasb.fxgl.app.scene.SceneFactory

17:00:46.137 [FXGL Background Thread 2 ] DEBUG Engine               - soundMenuBack: menu/back.wav
17:00:46.137 [FXGL Background Thread 2 ] DEBUG Engine               - soundMenuPress: menu/press.wav
17:00:46.137 [FXGL Background Thread 2 ] DEBUG Engine               - soundMenuSelect: menu/select.wav
17:00:46.137 [FXGL Background Thread 2 ] DEBUG Engine               - soundNotification: core/notification.wav
17:00:46.137 [FXGL Background Thread 2 ] DEBUG Engine               - stageStyle: DECORATED
17:00:46.137 [FXGL Background Thread 2 ] DEBUG Engine               - supportedLanguages: [ENGLISH, FRENCH, GERMAN, HUNGARIAN, RUSSIAN]
17:00:46.137 [FXGL Background Thread 2 ] DEBUG Engine               - title: Newfoundland Moose Collision
17:00:46.137 [FXGL Background Thread 2 ] DEBUG Engine               - urlGithub: https://github.com/AlmasB/FXGL
17:00:46.137 [FXGL Background Thread 2 ] DEBUG Engine               - urlLeaderboard: http://fxgl-top.herokuapp.com/
17:00:46.138 [FXGL Background Thread 2 ] DEBUG Engine               - urlPOM: https://raw.githubusercontent.com/AlmasB/FXGL/master/pom.xml
17:00:46.138 [FXGL Background Thread 2 ] DEBUG Engine               - version: 0.1
17:00:46.138 [FXGL Background Thread 2 ] DEBUG Engine               - versionCheckDays: 7
17:00:46.138 [FXGL Background Thread 2 ] DEBUG Engine               - width: 840
17:00:46.138 [FXGL Background Thread 2 ] DEBUG Engine               - Logging services
17:00:46.138 [FXGL Background Thread 2 ] DEBUG Engine               - class com.almasb.fxgl.app.GameApplication$GameApplicationService
17:00:46.138 [FXGL Background Thread 2 ] DEBUG Engine               - class com.almasb.fxgl.app.services.WindowService
17:00:46.138 [FXGL Background Thread 2 ] DEBUG Engine               - class com.almasb.fxgl.app.services.FXGLDialogService
17:00:46.138 [FXGL Background Thread 2 ] DEBUG Engine               - class com.almasb.fxgl.app.services.IOTaskExecutorService
17:00:46.138 [FXGL Background Thread 2 ] DEBUG Engine               - class com.almasb.fxgl.event.EventBusService
17:00:46.138 [FXGL Background Thread 2 ] DEBUG Engine               - class com.almasb.fxgl.io.FileSystemService
17:00:46.138 [FXGL Background Thread 2 ] DEBUG Engine               - class com.almasb.fxgl.localization.LocalizationService
17:00:46.138 [FXGL Background Thread 2 ] DEBUG Engine               - class com.almasb.fxgl.app.services.AssetLoaderService
17:00:46.138 [FXGL Background Thread 2 ] DEBUG Engine               - class com.almasb.fxgl.app.services.SystemBundleService
17:00:46.138 [FXGL Background Thread 2 ] DEBUG Engine               - class com.almasb.fxgl.profile.SaveLoadService
17:00:46.138 [FXGL Background Thread 2 ] DEBUG Engine               - class com.almasb.fxgl.ui.FXGLUIFactoryServiceProvider
17:00:46.138 [FXGL Background Thread 2 ] DEBUG Engine               - class com.almasb.fxgl.ui.FXGLDialogFactoryServiceProvider
17:00:46.138 [FXGL Background Thread 2 ] DEBUG Engine               - class com.almasb.fxgl.audio.AudioPlayer
17:00:46.138 [FXGL Background Thread 2 ] DEBUG Engine               - class com.almasb.fxgl.notification.impl.NotificationServiceProvider
17:00:46.138 [FXGL Background Thread 2 ] DEBUG Engine               - class com.almasb.fxgl.achievement.AchievementService
17:00:46.138 [FXGL Background Thread 2 ] DEBUG Engine               - class com.almasb.fxgl.cutscene.CutsceneService
17:00:46.138 [FXGL Background Thread 2 ] DEBUG Engine               - class com.almasb.fxgl.minigames.MiniGameService
17:00:46.138 [FXGL Background Thread 2 ] DEBUG Engine               - class com.almasb.fxgl.net.NetService
17:00:46.138 [FXGL Background Thread 2 ] DEBUG Engine               - class com.almasb.fxgl.app.services.UpdaterService
17:00:46.138 [FXGL Background Thread 2 ] DEBUG Engine               - class com.almasb.fxgl.dev.DevService
17:00:53.923 [JavaFX Application Thread] DEBUG GameApplication      - Exiting FXGL
17:00:53.923 [JavaFX Application Thread] DEBUG GameApplication      - Shutting down background threads
17:00:53.923 [JavaFX Application Thread] DEBUG GameApplication      - Closing logger and exiting JavaFX
