18:47:57.319 [main                     ] DEBUG GameApplication      - Logger initialized
18:47:57.323 [main                     ] DEBUG GameApplication      - Logging settings
Title: Newfoundland Moose Collision
Version: 0.1
Width: 840
Height: 650
Fullscreen: false
Intro: false
Profiling: false
Single step:false
App Mode: DEVELOPER
Menu Key: ESCAPE
Stage Style: DECORATED
Scene Factory: class MooseGame.NewfoundRacerApp$1

18:47:57.643 [JavaFX Application Thread] DEBUG GameApplication      - Initializing FXGL
18:47:57.653 [JavaFX Application Thread] INFO  Engine               - FXGL-11.9 (27.05.2020 17.06) on WINDOWS (J:14.0.1 FX:13.0.2)
18:47:57.654 [JavaFX Application Thread] DEBUG Engine               - JRE Vendor Name: Oracle Corporation
18:47:57.654 [JavaFX Application Thread] DEBUG Engine               - Running on OS: Windows 10 version 10.0
18:47:57.654 [JavaFX Application Thread] DEBUG Engine               - Architecture: amd64
18:47:57.654 [JavaFX Application Thread] INFO  Engine               - Source code and latest versions at: https://github.com/AlmasB/FXGL
18:47:57.655 [JavaFX Application Thread] INFO  Engine               -              Join the FXGL chat at: https://gitter.im/AlmasB/FXGL
18:47:57.736 [JavaFX Application Thread] DEBUG MainWindow           - Creating a JavaFX scene
18:47:57.778 [JavaFX Application Thread] DEBUG MainWindow           - Target settings size: 840.0 x 650.0
18:47:57.778 [JavaFX Application Thread] DEBUG MainWindow           - Scaled scene size:    840.0 x 650.0
18:47:57.778 [JavaFX Application Thread] DEBUG MainWindow           - Scaled ratio: (1.0, 1.0)
18:47:57.779 [JavaFX Application Thread] DEBUG MainWindow           - Set initial scene to FXGLStartupScene
18:47:57.785 [JavaFX Application Thread] DEBUG MainWindow           - Opening main window
18:47:57.862 [JavaFX Application Thread] DEBUG MainWindow           - Window border size: (16.0, 39.0)
18:47:57.862 [JavaFX Application Thread] DEBUG MainWindow           - Scaled size: 840.0 x 650.0
18:47:57.863 [JavaFX Application Thread] DEBUG MainWindow           - Scaled ratio: (1.0, 1.0)
18:47:57.863 [JavaFX Application Thread] DEBUG MainWindow           - Scene size: 840.0 x 650.0
18:47:57.863 [JavaFX Application Thread] DEBUG MainWindow           - Stage size: 856.0 x 689.0
18:47:57.868 [FXGL Background Thread 1 ] DEBUG Engine               - Initializing environment variables
18:47:57.888 [FXGL Background Thread 1 ] DEBUG WindowService        - Applying CSS: fxgl_dark.css
18:47:57.889 [FXGL Background Thread 1 ] DEBUG AssetLoaderService   - Loading from file system: /assets/ui/css/fxgl_dark.css
18:47:57.920 [FXGL Background Thread 1 ] DEBUG WindowService        - Initializing application scenes
18:47:57.943 [FXGL Background Thread 1 ] DEBUG GameWorld            - Game world initialized
18:47:57.976 [FXGL Background Thread 1 ] DEBUG PhysicsWorld         - Physics world initialized: appHeight=650, physics.ppm=50.0
18:47:57.977 [FXGL Background Thread 1 ] DEBUG GameScene            - Game scene initialized: 840x650
18:47:57.998 [FXGL Background Thread 1 ] DEBUG AssetLoaderService   - Loading from file system: /assets/textures/particles/trace_horizontal.png
18:47:58.035 [FXGL Background Thread 1 ] DEBUG FXGL.DefaultMenu     - createMenuBodyGameMenu()
18:47:58.045 [FXGL Background Thread 1 ] DEBUG FXGL.DefaultMenu     - createOptionsMenu()
18:47:58.048 [FXGL Background Thread 1 ] DEBUG AssetLoaderService   - Loading from file system: /assets/textures/particles/smoke.png
18:47:58.087 [FXGL Background Thread 1 ] DEBUG WindowService        - Application scenes initialized
18:47:58.094 [FXGL Background Thread 1 ] DEBUG SystemBundleService  - Loading FXGL system data
18:47:58.096 [FXGL Background Thread 1 ] DEBUG FileSystemAccess     - Reading from: E:\secondYear\Java\NewfoundlandRacer\system\fxgl.bundle
18:47:58.103 [FXGL Background Thread 1 ] DEBUG SystemBundleService  - Bundle FXGL: {}
18:47:58.103 [FXGL Background Thread 1 ] INFO  Engine               - FXGL initialization took: 0.233 sec
18:47:58.104 [FXGL Background Thread 1 ] DEBUG GameApplication      - Loading localizations
18:47:58.105 [FXGL Background Thread 1 ] DEBUG AssetLoaderService   - Loading from file system: /assets/languages/english.lang
18:47:58.114 [FXGL Background Thread 1 ] DEBUG AssetLoaderService   - Loading from file system: /assets/languages/french.lang
18:47:58.115 [FXGL Background Thread 1 ] DEBUG AssetLoaderService   - Loading from file system: /assets/languages/german.lang
18:47:58.116 [FXGL Background Thread 1 ] DEBUG AssetLoaderService   - Loading from file system: /assets/languages/hungarian.lang
18:47:58.118 [FXGL Background Thread 1 ] DEBUG AssetLoaderService   - Loading from file system: /assets/languages/russian.lang
18:47:58.119 [FXGL Background Thread 1 ] DEBUG GameApplication      - Registering font factories with UI factory
18:47:58.120 [FXGL Background Thread 1 ] DEBUG AssetLoaderService   - Loading from file system: /assets/ui/fonts/VarelaRound-Regular.ttf
18:47:58.150 [FXGL Background Thread 1 ] DEBUG AssetLoaderService   - Loading from file system: /assets/ui/fonts/Abel-Regular.ttf
18:47:58.153 [FXGL Background Thread 1 ] DEBUG AssetLoaderService   - Loading from file system: /assets/ui/fonts/lucida_console.ttf
18:47:58.157 [FXGL Background Thread 1 ] DEBUG AssetLoaderService   - Loading from file system: /assets/ui/fonts/Courier-Prime.ttf
18:47:58.165 [JavaFX Application Thread] DEBUG Input                - Registered new binding: Move Right - D
18:47:58.165 [JavaFX Application Thread] DEBUG Input                - Registered new binding: Move Left - A
18:47:58.165 [JavaFX Application Thread] DEBUG Input                - Registered new binding: Move Up - W
18:47:58.165 [JavaFX Application Thread] DEBUG Input                - Registered new binding: Move Down - S
18:47:58.165 [JavaFX Application Thread] DEBUG AssetLoaderService   - Loading from file system: /assets/textures/fxgl_icon.png
18:47:58.177 [JavaFX Application Thread] DEBUG AssetLoaderService   - Loading from file system: /assets/ui/cursors/fxgl_default.png
18:47:58.179 [JavaFX Application Thread] DEBUG Input                - Registered new binding: Screenshot - P
18:47:58.179 [JavaFX Application Thread] DEBUG Input                - Registered new binding: System info dump - CTRL+9
18:47:58.179 [JavaFX Application Thread] DEBUG Input                - Registered new binding: Restart - CTRL+R
18:47:58.180 [JavaFX Application Thread] DEBUG LoopRunner           - Starting loop
18:47:58.196 [JavaFX Application Thread] DEBUG FXGLStartupScene     - STARTUP
18:47:58.197 [JavaFX Application Thread] DEBUG Input                - Clearing active input actions
18:47:58.202 [JavaFX Application Thread] DEBUG WindowService        - Removing overlay from FXGLStartupScene and adding to 
18:47:58.202 [JavaFX Application Thread] DEBUG MainWindow           - FXGLStartupScene -> 
18:47:58.202 [JavaFX Application Thread] DEBUG MainWindow           - Push state: NewfoundlandRacerMainMenu
18:47:58.202 [JavaFX Application Thread] DEBUG Input                - Clearing active input actions
18:47:58.204 [JavaFX Application Thread] DEBUG WindowService        - Removing overlay from  and adding to NewfoundlandRacerMainMenu
18:47:58.205 [JavaFX Application Thread] DEBUG MainWindow           -  -> NewfoundlandRacerMainMenu
18:47:58.694 [JavaFX Application Thread] DEBUG Menu                 - fireNewGame()
18:47:58.694 [JavaFX Application Thread] DEBUG WindowService        - Starting new game
18:47:58.695 [JavaFX Application Thread] DEBUG MainWindow           - Pop state: NewfoundlandRacerMainMenu
18:47:58.695 [JavaFX Application Thread] DEBUG Input                - Clearing active input actions
18:47:58.695 [JavaFX Application Thread] DEBUG WindowService        - Removing overlay from NewfoundlandRacerMainMenu and adding to 
18:47:58.695 [JavaFX Application Thread] DEBUG MainWindow           -  <- NewfoundlandRacerMainMenu
18:47:58.695 [JavaFX Application Thread] DEBUG Input                - Clearing active input actions
18:47:58.701 [JavaFX Application Thread] DEBUG WindowService        - Removing overlay from  and adding to FXGLLoadingScene
18:47:58.701 [JavaFX Application Thread] DEBUG MainWindow           -  -> FXGLLoadingScene
18:47:58.701 [JavaFX Application Thread] DEBUG WindowService        - Clearing previous game
18:47:58.701 [JavaFX Application Thread] DEBUG GameScene            - Clearing game scene
18:47:58.701 [JavaFX Application Thread] DEBUG GameWorld            - Clearing game world
18:47:58.701 [JavaFX Application Thread] DEBUG PhysicsWorld         - Clearing physics world
18:47:58.702 [FXGL Background Thread 1 ] DEBUG GameApplication      - Initializing game
18:47:58.707 [FXGL Background Thread 1 ] DEBUG AssetLoaderService   - Loading from file system: /assets/textures/4lanehighway.png
18:47:58.770 [FXGL Background Thread 1 ] DEBUG AssetLoaderService   - Loading from file system: /assets/textures/player.png
18:47:58.781 [FXGL Background Thread 1 ] INFO  GameApplication      - Game initialization took: 0.079 sec
18:47:58.781 [JavaFX Application Thread] DEBUG Input                - Clearing active input actions
18:47:58.789 [JavaFX Application Thread] DEBUG WindowService        - Removing overlay from FXGLLoadingScene and adding to GameScene
18:47:58.789 [JavaFX Application Thread] DEBUG MainWindow           - FXGLLoadingScene -> GameScene
18:48:00.241 [JavaFX Application Thread] DEBUG AssetLoaderService   - Loading from file system: /assets/textures/cowmoosespriterunning.png
18:48:00.863 [JavaFX Application Thread] DEBUG AssetLoaderService   - Loading from file system: /assets/textures/driver3.png
18:48:01.105 [FXGL Background Thread 2 ] DEBUG Engine               - Logging environment variables
18:48:01.105 [FXGL Background Thread 2 ] DEBUG Engine               - achievements: []
18:48:01.105 [FXGL Background Thread 2 ] DEBUG Engine               - appIcon: fxgl_icon.png
18:48:01.105 [FXGL Background Thread 2 ] DEBUG Engine               - applicationMode: DEVELOPER
18:48:01.105 [FXGL Background Thread 2 ] DEBUG Engine               - cSSList: [fxgl_dark.css]
18:48:01.105 [FXGL Background Thread 2 ] DEBUG Engine               - configClass: Optional.empty
18:48:01.105 [FXGL Background Thread 2 ] DEBUG Engine               - credits: []
18:48:01.105 [FXGL Background Thread 2 ] DEBUG Engine               - devBBoxColorProperty: ObjectProperty [value: 0xff0000ff]
18:48:01.105 [FXGL Background Thread 2 ] DEBUG Engine               - devSensorColorProperty: ObjectProperty [value: 0xffff00ff]
18:48:01.106 [FXGL Background Thread 2 ] DEBUG Engine               - devShowBBoxProperty: BooleanProperty [value: false]
18:48:01.106 [FXGL Background Thread 2 ] DEBUG Engine               - devShowPositionProperty: BooleanProperty [value: false]
18:48:01.106 [FXGL Background Thread 2 ] DEBUG Engine               - enabledMenuItems: []
18:48:01.106 [FXGL Background Thread 2 ] DEBUG Engine               - engineServices: [class com.almasb.fxgl.app.GameApplication$GameApplicationService, class com.almasb.fxgl.app.services.WindowService, class com.almasb.fxgl.app.services.FXGLDialogService, class com.almasb.fxgl.app.services.IOTaskExecutorService, class com.almasb.fxgl.event.EventBusService, class com.almasb.fxgl.io.FileSystemService, class com.almasb.fxgl.localization.LocalizationService, class com.almasb.fxgl.app.services.AssetLoaderService, class com.almasb.fxgl.app.services.SystemBundleService, class com.almasb.fxgl.profile.SaveLoadService, class com.almasb.fxgl.ui.FXGLUIFactoryServiceProvider, class com.almasb.fxgl.ui.FXGLDialogFactoryServiceProvider, class com.almasb.fxgl.audio.AudioPlayer, class com.almasb.fxgl.notification.impl.NotificationServiceProvider, class com.almasb.fxgl.achievement.AchievementService, class com.almasb.fxgl.cutscene.CutsceneService, class com.almasb.fxgl.minigames.MiniGameService, class com.almasb.fxgl.net.NetService, class com.almasb.fxgl.app.services.UpdaterService, class com.almasb.fxgl.dev.DevService]
18:48:01.106 [FXGL Background Thread 2 ] DEBUG Engine               - fontGame: Abel-Regular.ttf
18:48:01.106 [FXGL Background Thread 2 ] DEBUG Engine               - fontMono: lucida_console.ttf
18:48:01.106 [FXGL Background Thread 2 ] DEBUG Engine               - fontText: Courier-Prime.ttf
18:48:01.106 [FXGL Background Thread 2 ] DEBUG Engine               - fontUI: VarelaRound-Regular.ttf
18:48:01.106 [FXGL Background Thread 2 ] DEBUG Engine               - fullScreen: BooleanProperty [value: false]
18:48:01.106 [FXGL Background Thread 2 ] DEBUG Engine               - gameDifficulty: MEDIUM
18:48:01.106 [FXGL Background Thread 2 ] DEBUG Engine               - gameDifficultyProperty: ObjectProperty [value: MEDIUM]
18:48:01.106 [FXGL Background Thread 2 ] DEBUG Engine               - globalMusicVolume: 0.5
18:48:01.106 [FXGL Background Thread 2 ] DEBUG Engine               - globalMusicVolumeProperty: DoubleProperty [value: 0.5]
18:48:01.106 [FXGL Background Thread 2 ] DEBUG Engine               - globalSoundVolume: 0.5
18:48:01.106 [FXGL Background Thread 2 ] DEBUG Engine               - globalSoundVolumeProperty: DoubleProperty [value: 0.5]
18:48:01.107 [FXGL Background Thread 2 ] DEBUG Engine               - height: 650
18:48:01.107 [FXGL Background Thread 2 ] DEBUG Engine               - isAndroid: false
18:48:01.107 [FXGL Background Thread 2 ] DEBUG Engine               - isBrowser: false
18:48:01.107 [FXGL Background Thread 2 ] DEBUG Engine               - isClickFeedbackEnabled: false
18:48:01.107 [FXGL Background Thread 2 ] DEBUG Engine               - isCloseConfirmation: false
18:48:01.107 [FXGL Background Thread 2 ] DEBUG Engine               - isDesktop: true
18:48:01.107 [FXGL Background Thread 2 ] DEBUG Engine               - isDeveloperMenuEnabled: false
18:48:01.107 [FXGL Background Thread 2 ] DEBUG Engine               - isExperimentalNative: false
18:48:01.107 [FXGL Background Thread 2 ] DEBUG Engine               - isExperimentalTiledLargeMap: false
18:48:01.107 [FXGL Background Thread 2 ] DEBUG Engine               - isFullScreenAllowed: false
18:48:01.107 [FXGL Background Thread 2 ] DEBUG Engine               - isFullScreenFromStart: false
18:48:01.107 [FXGL Background Thread 2 ] DEBUG Engine               - isGameMenuEnabled: true
18:48:01.107 [FXGL Background Thread 2 ] DEBUG Engine               - isIOS: false
18:48:01.107 [FXGL Background Thread 2 ] DEBUG Engine               - isIntroEnabled: false
18:48:01.107 [FXGL Background Thread 2 ] DEBUG Engine               - isLinux: false
18:48:01.107 [FXGL Background Thread 2 ] DEBUG Engine               - isMac: false
18:48:01.107 [FXGL Background Thread 2 ] DEBUG Engine               - isMainMenuEnabled: true
18:48:01.107 [FXGL Background Thread 2 ] DEBUG Engine               - isManualResizeEnabled: false
18:48:01.107 [FXGL Background Thread 2 ] DEBUG Engine               - isMobile: false
18:48:01.107 [FXGL Background Thread 2 ] DEBUG Engine               - isPreserveResizeRatio: false
18:48:01.108 [FXGL Background Thread 2 ] DEBUG Engine               - isProfilingEnabled: false
18:48:01.108 [FXGL Background Thread 2 ] DEBUG Engine               - isSingleStep: false
18:48:01.108 [FXGL Background Thread 2 ] DEBUG Engine               - isUserProfileEnabled: false
18:48:01.108 [FXGL Background Thread 2 ] DEBUG Engine               - isWindows: true
18:48:01.108 [FXGL Background Thread 2 ] DEBUG Engine               - language: ObjectProperty [value: ENGLISH]
18:48:01.108 [FXGL Background Thread 2 ] DEBUG Engine               - mainWindow: com.almasb.fxgl.app.MainWindow@44b1ba26
18:48:01.108 [FXGL Background Thread 2 ] DEBUG Engine               - menuKey: ESCAPE
18:48:01.108 [FXGL Background Thread 2 ] DEBUG Engine               - notificationViewClass: class com.almasb.fxgl.notification.view.XboxNotificationView
18:48:01.108 [FXGL Background Thread 2 ] DEBUG Engine               - pixelsPerMeter: 50.0
18:48:01.108 [FXGL Background Thread 2 ] DEBUG Engine               - platform: WINDOWS
18:48:01.108 [FXGL Background Thread 2 ] DEBUG Engine               - profileDir: profiles/
18:48:01.108 [FXGL Background Thread 2 ] DEBUG Engine               - profileName: StringProperty [value: DEFAULT]
18:48:01.108 [FXGL Background Thread 2 ] DEBUG Engine               - randomSeed: -1
18:48:01.108 [FXGL Background Thread 2 ] DEBUG Engine               - runtimeInfo: RuntimeInfo(platform=WINDOWS, version=11.9, build=27.05.2020 17.06)
18:48:01.108 [FXGL Background Thread 2 ] DEBUG Engine               - saveFileExt: sav
18:48:01.108 [FXGL Background Thread 2 ] DEBUG Engine               - sceneFactory: MooseGame.NewfoundRacerApp$1@1b32cd4
18:48:01.108 [FXGL Background Thread 2 ] DEBUG Engine               - secondsIn24h: 60
18:48:01.108 [FXGL Background Thread 2 ] DEBUG Engine               - settings: Title: Newfoundland Moose Collision
Version: 0.1
Width: 840
Height: 650
Fullscreen: false
Intro: false
Profiling: false
Single step:false
App Mode: DEVELOPER
Menu Key: ESCAPE
Stage Style: DECORATED
Scene Factory: class MooseGame.NewfoundRacerApp$1

18:48:01.108 [FXGL Background Thread 2 ] DEBUG Engine               - soundMenuBack: menu/back.wav
18:48:01.108 [FXGL Background Thread 2 ] DEBUG Engine               - soundMenuPress: menu/press.wav
18:48:01.108 [FXGL Background Thread 2 ] DEBUG Engine               - soundMenuSelect: menu/select.wav
18:48:01.108 [FXGL Background Thread 2 ] DEBUG Engine               - soundNotification: core/notification.wav
18:48:01.109 [FXGL Background Thread 2 ] DEBUG Engine               - stageStyle: DECORATED
18:48:01.109 [FXGL Background Thread 2 ] DEBUG Engine               - supportedLanguages: [ENGLISH, FRENCH, GERMAN, HUNGARIAN, RUSSIAN]
18:48:01.109 [FXGL Background Thread 2 ] DEBUG Engine               - title: Newfoundland Moose Collision
18:48:01.109 [FXGL Background Thread 2 ] DEBUG Engine               - urlGithub: https://github.com/AlmasB/FXGL
18:48:01.109 [FXGL Background Thread 2 ] DEBUG Engine               - urlLeaderboard: http://fxgl-top.herokuapp.com/
18:48:01.109 [FXGL Background Thread 2 ] DEBUG Engine               - urlPOM: https://raw.githubusercontent.com/AlmasB/FXGL/master/pom.xml
18:48:01.109 [FXGL Background Thread 2 ] DEBUG Engine               - version: 0.1
18:48:01.109 [FXGL Background Thread 2 ] DEBUG Engine               - versionCheckDays: 7
18:48:01.109 [FXGL Background Thread 2 ] DEBUG Engine               - width: 840
18:48:01.109 [FXGL Background Thread 2 ] DEBUG Engine               - Logging services
18:48:01.109 [FXGL Background Thread 2 ] DEBUG Engine               - class com.almasb.fxgl.app.GameApplication$GameApplicationService
18:48:01.109 [FXGL Background Thread 2 ] DEBUG Engine               - class com.almasb.fxgl.app.services.WindowService
18:48:01.109 [FXGL Background Thread 2 ] DEBUG Engine               - class com.almasb.fxgl.app.services.FXGLDialogService
18:48:01.109 [FXGL Background Thread 2 ] DEBUG Engine               - class com.almasb.fxgl.app.services.IOTaskExecutorService
18:48:01.109 [FXGL Background Thread 2 ] DEBUG Engine               - class com.almasb.fxgl.event.EventBusService
18:48:01.109 [FXGL Background Thread 2 ] DEBUG Engine               - class com.almasb.fxgl.io.FileSystemService
18:48:01.109 [FXGL Background Thread 2 ] DEBUG Engine               - class com.almasb.fxgl.localization.LocalizationService
18:48:01.109 [FXGL Background Thread 2 ] DEBUG Engine               - class com.almasb.fxgl.app.services.AssetLoaderService
18:48:01.109 [FXGL Background Thread 2 ] DEBUG Engine               - class com.almasb.fxgl.app.services.SystemBundleService
18:48:01.109 [FXGL Background Thread 2 ] DEBUG Engine               - class com.almasb.fxgl.profile.SaveLoadService
18:48:01.109 [FXGL Background Thread 2 ] DEBUG Engine               - class com.almasb.fxgl.ui.FXGLUIFactoryServiceProvider
18:48:01.109 [FXGL Background Thread 2 ] DEBUG Engine               - class com.almasb.fxgl.ui.FXGLDialogFactoryServiceProvider
18:48:01.109 [FXGL Background Thread 2 ] DEBUG Engine               - class com.almasb.fxgl.audio.AudioPlayer
18:48:01.109 [FXGL Background Thread 2 ] DEBUG Engine               - class com.almasb.fxgl.notification.impl.NotificationServiceProvider
18:48:01.110 [FXGL Background Thread 2 ] DEBUG Engine               - class com.almasb.fxgl.achievement.AchievementService
18:48:01.110 [FXGL Background Thread 2 ] DEBUG Engine               - class com.almasb.fxgl.cutscene.CutsceneService
18:48:01.110 [FXGL Background Thread 2 ] DEBUG Engine               - class com.almasb.fxgl.minigames.MiniGameService
18:48:01.110 [FXGL Background Thread 2 ] DEBUG Engine               - class com.almasb.fxgl.net.NetService
18:48:01.110 [FXGL Background Thread 2 ] DEBUG Engine               - class com.almasb.fxgl.app.services.UpdaterService
18:48:01.110 [FXGL Background Thread 2 ] DEBUG Engine               - class com.almasb.fxgl.dev.DevService
18:48:01.602 [JavaFX Application Thread] DEBUG AssetLoaderService   - Loading from cache: /assets/textures/cowmoosespriterunning.png
18:48:02.313 [JavaFX Application Thread] DEBUG AssetLoaderService   - Loading from file system: /assets/textures/pothole.png
18:48:03.104 [JavaFX Application Thread] DEBUG AssetLoaderService   - Loading from file system: /assets/textures/driver0.png
18:48:03.120 [JavaFX Application Thread] DEBUG AssetLoaderService   - Loading from cache: /assets/textures/cowmoosespriterunning.png
18:48:03.994 [JavaFX Application Thread] DEBUG MainWindow           - Push state: DialogSubScene
18:48:03.994 [JavaFX Application Thread] DEBUG Input                - Clearing active input actions
18:48:04.000 [JavaFX Application Thread] DEBUG WindowService        - Removing overlay from GameScene and adding to DialogSubScene
18:48:04.000 [JavaFX Application Thread] DEBUG MainWindow           - GameScene -> DialogSubScene
18:48:04.748 [JavaFX Application Thread] DEBUG MainWindow           - Pop state: DialogSubScene
18:48:04.748 [JavaFX Application Thread] DEBUG Input                - Clearing active input actions
18:48:04.749 [JavaFX Application Thread] DEBUG WindowService        - Removing overlay from DialogSubScene and adding to GameScene
18:48:04.749 [JavaFX Application Thread] DEBUG MainWindow           - GameScene <- DialogSubScene
18:48:05.249 [JavaFX Application Thread] DEBUG AssetLoaderService   - Loading from cache: /assets/textures/cowmoosespriterunning.png
18:48:05.847 [JavaFX Application Thread] DEBUG GameApplication      - Exiting FXGL
18:48:05.847 [JavaFX Application Thread] DEBUG LoopRunner           - Stopping loop
18:48:05.847 [JavaFX Application Thread] DEBUG SystemBundleService  - Saving FXGL system data
18:48:05.848 [JavaFX Application Thread] DEBUG FileSystemAccess     - Writing to: E:\secondYear\Java\NewfoundlandRacer\system\fxgl.bundle
18:48:05.849 [JavaFX Application Thread] DEBUG GameApplication      - Shutting down background threads
18:48:05.849 [JavaFX Application Thread] DEBUG GameApplication      - Closing logger and exiting JavaFX
