23:55:04.726 [main                     ] DEBUG GameApplication      - Logger initialized
23:55:04.730 [main                     ] DEBUG GameApplication      - Logging settings
Title: Newfoundland Moose Collision
Version: 1.0
Width: 840
Height: 650
Fullscreen: false
Intro: false
Profiling: false
Single step:false
App Mode: DEVELOPER
Menu Key: ESCAPE
Stage Style: DECORATED
Scene Factory: class MooseGame.NewfoundRacerApp$1

23:55:05.039 [JavaFX Application Thread] DEBUG GameApplication      - Initializing FXGL
23:55:05.049 [JavaFX Application Thread] INFO  Engine               - FXGL-11.9 (27.05.2020 17.06) on WINDOWS (J:14.0.1 FX:13.0.2)
23:55:05.049 [JavaFX Application Thread] DEBUG Engine               - JRE Vendor Name: Oracle Corporation
23:55:05.049 [JavaFX Application Thread] DEBUG Engine               - Running on OS: Windows 10 version 10.0
23:55:05.049 [JavaFX Application Thread] DEBUG Engine               - Architecture: amd64
23:55:05.049 [JavaFX Application Thread] INFO  Engine               - Source code and latest versions at: https://github.com/AlmasB/FXGL
23:55:05.050 [JavaFX Application Thread] INFO  Engine               -              Join the FXGL chat at: https://gitter.im/AlmasB/FXGL
23:55:05.128 [JavaFX Application Thread] DEBUG MainWindow           - Creating a JavaFX scene
23:55:05.165 [JavaFX Application Thread] DEBUG MainWindow           - Target settings size: 840.0 x 650.0
23:55:05.165 [JavaFX Application Thread] DEBUG MainWindow           - Scaled scene size:    840.0 x 650.0
23:55:05.166 [JavaFX Application Thread] DEBUG MainWindow           - Scaled ratio: (1.0, 1.0)
23:55:05.167 [JavaFX Application Thread] DEBUG MainWindow           - Set initial scene to FXGLStartupScene
23:55:05.172 [JavaFX Application Thread] DEBUG MainWindow           - Opening main window
23:55:05.247 [JavaFX Application Thread] DEBUG MainWindow           - Window border size: (16.0, 39.0)
23:55:05.247 [JavaFX Application Thread] DEBUG MainWindow           - Scaled size: 840.0 x 650.0
23:55:05.247 [JavaFX Application Thread] DEBUG MainWindow           - Scaled ratio: (1.0, 1.0)
23:55:05.247 [JavaFX Application Thread] DEBUG MainWindow           - Scene size: 840.0 x 650.0
23:55:05.247 [JavaFX Application Thread] DEBUG MainWindow           - Stage size: 856.0 x 689.0
23:55:05.255 [FXGL Background Thread 1 ] DEBUG Engine               - Initializing environment variables
23:55:05.275 [FXGL Background Thread 1 ] DEBUG WindowService        - Applying CSS: fxgl_dark.css
23:55:05.275 [FXGL Background Thread 1 ] DEBUG AssetLoaderService   - Loading from file system: /assets/ui/css/fxgl_dark.css
23:55:05.309 [FXGL Background Thread 1 ] DEBUG WindowService        - Initializing application scenes
23:55:05.330 [FXGL Background Thread 1 ] DEBUG GameWorld            - Game world initialized
23:55:05.355 [FXGL Background Thread 1 ] DEBUG PhysicsWorld         - Physics world initialized: appHeight=650, physics.ppm=50.0
23:55:05.357 [FXGL Background Thread 1 ] DEBUG GameScene            - Game scene initialized: 840x650
23:55:05.370 [FXGL Background Thread 1 ] DEBUG AssetLoaderService   - Loading from file system: /assets/music/8-Bit-Perplexion.mp3
23:55:05.491 [FXGL Background Thread 1 ] DEBUG AssetLoaderService   - Loading from file system: /assets/music/Caffeine-Crazed-Coin-Op-Kids.mp3
23:55:05.500 [FXGL Background Thread 1 ] DEBUG AudioPlayer          - Stopping music com.almasb.fxgl.audio.Music@23e32d74
23:55:05.500 [FXGL Background Thread 1 ] DEBUG AudioPlayer          - Playing music com.almasb.fxgl.audio.Music@2f6115f8
23:55:05.566 [FXGL Background Thread 1 ] DEBUG AssetLoaderService   - Loading from file system: /assets/textures/particles/trace_horizontal.png
23:55:05.598 [FXGL Background Thread 1 ] DEBUG FXGL.DefaultMenu     - createMenuBodyGameMenu()
23:55:05.607 [FXGL Background Thread 1 ] DEBUG FXGL.DefaultMenu     - createOptionsMenu()
23:55:05.609 [FXGL Background Thread 1 ] DEBUG AssetLoaderService   - Loading from file system: /assets/textures/particles/smoke.png
23:55:05.645 [FXGL Background Thread 1 ] DEBUG WindowService        - Application scenes initialized
23:55:05.651 [FXGL Background Thread 1 ] DEBUG SystemBundleService  - Loading FXGL system data
23:55:05.653 [FXGL Background Thread 1 ] DEBUG FileSystemAccess     - Reading from: E:\secondYear\Java\NewfoundlandRacer\system\fxgl.bundle
23:55:05.657 [FXGL Background Thread 1 ] DEBUG SystemBundleService  - Bundle FXGL: {}
23:55:05.657 [FXGL Background Thread 1 ] INFO  Engine               - FXGL initialization took: 0.400 sec
23:55:05.659 [FXGL Background Thread 1 ] DEBUG GameApplication      - Loading localizations
23:55:05.659 [FXGL Background Thread 1 ] DEBUG AssetLoaderService   - Loading from file system: /assets/languages/english.lang
23:55:05.667 [FXGL Background Thread 1 ] DEBUG AssetLoaderService   - Loading from file system: /assets/languages/french.lang
23:55:05.669 [FXGL Background Thread 1 ] DEBUG AssetLoaderService   - Loading from file system: /assets/languages/german.lang
23:55:05.670 [FXGL Background Thread 1 ] DEBUG AssetLoaderService   - Loading from file system: /assets/languages/hungarian.lang
23:55:05.671 [FXGL Background Thread 1 ] DEBUG AssetLoaderService   - Loading from file system: /assets/languages/russian.lang
23:55:05.673 [FXGL Background Thread 1 ] DEBUG GameApplication      - Registering font factories with UI factory
23:55:05.673 [FXGL Background Thread 1 ] DEBUG AssetLoaderService   - Loading from file system: /assets/ui/fonts/VarelaRound-Regular.ttf
23:55:05.702 [FXGL Background Thread 1 ] DEBUG AssetLoaderService   - Loading from file system: /assets/ui/fonts/Abel-Regular.ttf
23:55:05.704 [FXGL Background Thread 1 ] DEBUG AssetLoaderService   - Loading from file system: /assets/ui/fonts/lucida_console.ttf
23:55:05.708 [FXGL Background Thread 1 ] DEBUG AssetLoaderService   - Loading from file system: /assets/ui/fonts/Courier-Prime.ttf
23:55:05.715 [JavaFX Application Thread] DEBUG Input                - Registered new binding: Move Right - D
23:55:05.716 [JavaFX Application Thread] DEBUG Input                - Registered new binding: Move Left - A
23:55:05.716 [JavaFX Application Thread] DEBUG Input                - Registered new binding: Move Up - W
23:55:05.716 [JavaFX Application Thread] DEBUG Input                - Registered new binding: Move Down - S
23:55:05.716 [JavaFX Application Thread] DEBUG AssetLoaderService   - Loading from file system: /assets/textures/fxgl_icon.png
23:55:05.727 [JavaFX Application Thread] DEBUG AssetLoaderService   - Loading from file system: /assets/ui/cursors/fxgl_default.png
23:55:05.729 [JavaFX Application Thread] DEBUG Input                - Registered new binding: Screenshot - P
23:55:05.729 [JavaFX Application Thread] DEBUG Input                - Registered new binding: System info dump - CTRL+9
23:55:05.730 [JavaFX Application Thread] DEBUG Input                - Registered new binding: Restart - CTRL+R
23:55:05.730 [JavaFX Application Thread] DEBUG LoopRunner           - Starting loop
23:55:05.734 [JavaFX Application Thread] DEBUG FXGLStartupScene     - STARTUP
23:55:05.735 [JavaFX Application Thread] DEBUG Input                - Clearing active input actions
23:55:05.741 [JavaFX Application Thread] DEBUG WindowService        - Removing overlay from FXGLStartupScene and adding to 
23:55:05.741 [JavaFX Application Thread] DEBUG MainWindow           - FXGLStartupScene -> 
23:55:05.742 [JavaFX Application Thread] DEBUG MainWindow           - Push state: NewfoundlandRacerMainMenu
23:55:05.742 [JavaFX Application Thread] DEBUG Input                - Clearing active input actions
23:55:05.749 [JavaFX Application Thread] DEBUG WindowService        - Removing overlay from  and adding to NewfoundlandRacerMainMenu
23:55:05.749 [JavaFX Application Thread] DEBUG MainWindow           -  -> NewfoundlandRacerMainMenu
23:55:08.659 [FXGL Background Thread 2 ] DEBUG Engine               - Logging environment variables
23:55:08.659 [FXGL Background Thread 2 ] DEBUG Engine               - achievements: []
23:55:08.660 [FXGL Background Thread 2 ] DEBUG Engine               - appIcon: fxgl_icon.png
23:55:08.660 [FXGL Background Thread 2 ] DEBUG Engine               - applicationMode: DEVELOPER
23:55:08.660 [FXGL Background Thread 2 ] DEBUG Engine               - cSSList: [fxgl_dark.css]
23:55:08.660 [FXGL Background Thread 2 ] DEBUG Engine               - configClass: Optional.empty
23:55:08.660 [FXGL Background Thread 2 ] DEBUG Engine               - credits: []
23:55:08.661 [FXGL Background Thread 2 ] DEBUG Engine               - devBBoxColorProperty: ObjectProperty [value: 0xff0000ff]
23:55:08.661 [FXGL Background Thread 2 ] DEBUG Engine               - devSensorColorProperty: ObjectProperty [value: 0xffff00ff]
23:55:08.661 [FXGL Background Thread 2 ] DEBUG Engine               - devShowBBoxProperty: BooleanProperty [value: false]
23:55:08.661 [FXGL Background Thread 2 ] DEBUG Engine               - devShowPositionProperty: BooleanProperty [value: false]
23:55:08.662 [FXGL Background Thread 2 ] DEBUG Engine               - enabledMenuItems: []
23:55:08.662 [FXGL Background Thread 2 ] DEBUG Engine               - engineServices: [class com.almasb.fxgl.app.GameApplication$GameApplicationService, class com.almasb.fxgl.app.services.WindowService, class com.almasb.fxgl.app.services.FXGLDialogService, class com.almasb.fxgl.app.services.IOTaskExecutorService, class com.almasb.fxgl.event.EventBusService, class com.almasb.fxgl.io.FileSystemService, class com.almasb.fxgl.localization.LocalizationService, class com.almasb.fxgl.app.services.AssetLoaderService, class com.almasb.fxgl.app.services.SystemBundleService, class com.almasb.fxgl.profile.SaveLoadService, class com.almasb.fxgl.ui.FXGLUIFactoryServiceProvider, class com.almasb.fxgl.ui.FXGLDialogFactoryServiceProvider, class com.almasb.fxgl.audio.AudioPlayer, class com.almasb.fxgl.notification.impl.NotificationServiceProvider, class com.almasb.fxgl.achievement.AchievementService, class com.almasb.fxgl.cutscene.CutsceneService, class com.almasb.fxgl.minigames.MiniGameService, class com.almasb.fxgl.net.NetService, class com.almasb.fxgl.app.services.UpdaterService, class com.almasb.fxgl.dev.DevService]
23:55:08.662 [FXGL Background Thread 2 ] DEBUG Engine               - fontGame: Abel-Regular.ttf
23:55:08.662 [FXGL Background Thread 2 ] DEBUG Engine               - fontMono: lucida_console.ttf
23:55:08.662 [FXGL Background Thread 2 ] DEBUG Engine               - fontText: Courier-Prime.ttf
23:55:08.662 [FXGL Background Thread 2 ] DEBUG Engine               - fontUI: VarelaRound-Regular.ttf
23:55:08.663 [FXGL Background Thread 2 ] DEBUG Engine               - fullScreen: BooleanProperty [value: false]
23:55:08.663 [FXGL Background Thread 2 ] DEBUG Engine               - gameDifficulty: MEDIUM
23:55:08.663 [FXGL Background Thread 2 ] DEBUG Engine               - gameDifficultyProperty: ObjectProperty [value: MEDIUM]
23:55:08.663 [FXGL Background Thread 2 ] DEBUG Engine               - globalMusicVolume: 0.5
23:55:08.663 [FXGL Background Thread 2 ] DEBUG Engine               - globalMusicVolumeProperty: DoubleProperty [value: 0.5]
23:55:08.663 [FXGL Background Thread 2 ] DEBUG Engine               - globalSoundVolume: 0.5
23:55:08.664 [FXGL Background Thread 2 ] DEBUG Engine               - globalSoundVolumeProperty: DoubleProperty [value: 0.5]
23:55:08.664 [FXGL Background Thread 2 ] DEBUG Engine               - height: 650
23:55:08.664 [FXGL Background Thread 2 ] DEBUG Engine               - isAndroid: false
23:55:08.664 [FXGL Background Thread 2 ] DEBUG Engine               - isBrowser: false
23:55:08.664 [FXGL Background Thread 2 ] DEBUG Engine               - isClickFeedbackEnabled: false
23:55:08.664 [FXGL Background Thread 2 ] DEBUG Engine               - isCloseConfirmation: false
23:55:08.664 [FXGL Background Thread 2 ] DEBUG Engine               - isDesktop: true
23:55:08.665 [FXGL Background Thread 2 ] DEBUG Engine               - isDeveloperMenuEnabled: false
23:55:08.665 [FXGL Background Thread 2 ] DEBUG Engine               - isExperimentalNative: false
23:55:08.665 [FXGL Background Thread 2 ] DEBUG Engine               - isExperimentalTiledLargeMap: false
23:55:08.665 [FXGL Background Thread 2 ] DEBUG Engine               - isFullScreenAllowed: false
23:55:08.665 [FXGL Background Thread 2 ] DEBUG Engine               - isFullScreenFromStart: false
23:55:08.665 [FXGL Background Thread 2 ] DEBUG Engine               - isGameMenuEnabled: true
23:55:08.666 [FXGL Background Thread 2 ] DEBUG Engine               - isIOS: false
23:55:08.666 [FXGL Background Thread 2 ] DEBUG Engine               - isIntroEnabled: false
23:55:08.666 [FXGL Background Thread 2 ] DEBUG Engine               - isLinux: false
23:55:08.666 [FXGL Background Thread 2 ] DEBUG Engine               - isMac: false
23:55:08.666 [FXGL Background Thread 2 ] DEBUG Engine               - isMainMenuEnabled: true
23:55:08.666 [FXGL Background Thread 2 ] DEBUG Engine               - isManualResizeEnabled: false
23:55:08.666 [FXGL Background Thread 2 ] DEBUG Engine               - isMobile: false
23:55:08.667 [FXGL Background Thread 2 ] DEBUG Engine               - isPreserveResizeRatio: false
23:55:08.667 [FXGL Background Thread 2 ] DEBUG Engine               - isProfilingEnabled: false
23:55:08.667 [FXGL Background Thread 2 ] DEBUG Engine               - isSingleStep: false
23:55:08.667 [FXGL Background Thread 2 ] DEBUG Engine               - isUserProfileEnabled: false
23:55:08.667 [FXGL Background Thread 2 ] DEBUG Engine               - isWindows: true
23:55:08.667 [FXGL Background Thread 2 ] DEBUG Engine               - language: ObjectProperty [value: ENGLISH]
23:55:08.668 [FXGL Background Thread 2 ] DEBUG Engine               - mainWindow: com.almasb.fxgl.app.MainWindow@2b9dc698
23:55:08.668 [FXGL Background Thread 2 ] DEBUG Engine               - menuKey: ESCAPE
23:55:08.668 [FXGL Background Thread 2 ] DEBUG Engine               - notificationViewClass: class com.almasb.fxgl.notification.view.XboxNotificationView
23:55:08.668 [FXGL Background Thread 2 ] DEBUG Engine               - pixelsPerMeter: 50.0
23:55:08.668 [FXGL Background Thread 2 ] DEBUG Engine               - platform: WINDOWS
23:55:08.668 [FXGL Background Thread 2 ] DEBUG Engine               - profileDir: profiles/
23:55:08.669 [FXGL Background Thread 2 ] DEBUG Engine               - profileName: StringProperty [value: DEFAULT]
23:55:08.669 [FXGL Background Thread 2 ] DEBUG Engine               - randomSeed: -1
23:55:08.669 [FXGL Background Thread 2 ] DEBUG Engine               - runtimeInfo: RuntimeInfo(platform=WINDOWS, version=11.9, build=27.05.2020 17.06)
23:55:08.669 [FXGL Background Thread 2 ] DEBUG Engine               - saveFileExt: sav
23:55:08.670 [FXGL Background Thread 2 ] DEBUG Engine               - sceneFactory: MooseGame.NewfoundRacerApp$1@6e9f4d8f
23:55:08.670 [FXGL Background Thread 2 ] DEBUG Engine               - secondsIn24h: 60
23:55:08.670 [FXGL Background Thread 2 ] DEBUG Engine               - settings: Title: Newfoundland Moose Collision
Version: 1.0
Width: 840
Height: 650
Fullscreen: false
Intro: false
Profiling: false
Single step:false
App Mode: DEVELOPER
Menu Key: ESCAPE
Stage Style: DECORATED
Scene Factory: class MooseGame.NewfoundRacerApp$1

23:55:08.670 [FXGL Background Thread 2 ] DEBUG Engine               - soundMenuBack: menu/back.wav
23:55:08.670 [FXGL Background Thread 2 ] DEBUG Engine               - soundMenuPress: menu/press.wav
23:55:08.671 [FXGL Background Thread 2 ] DEBUG Engine               - soundMenuSelect: menu/select.wav
23:55:08.671 [FXGL Background Thread 2 ] DEBUG Engine               - soundNotification: core/notification.wav
23:55:08.671 [FXGL Background Thread 2 ] DEBUG Engine               - stageStyle: DECORATED
23:55:08.671 [FXGL Background Thread 2 ] DEBUG Engine               - supportedLanguages: [ENGLISH, FRENCH, GERMAN, HUNGARIAN, RUSSIAN]
23:55:08.671 [FXGL Background Thread 2 ] DEBUG Engine               - title: Newfoundland Moose Collision
23:55:08.671 [FXGL Background Thread 2 ] DEBUG Engine               - urlGithub: https://github.com/AlmasB/FXGL
23:55:08.671 [FXGL Background Thread 2 ] DEBUG Engine               - urlLeaderboard: http://fxgl-top.herokuapp.com/
23:55:08.671 [FXGL Background Thread 2 ] DEBUG Engine               - urlPOM: https://raw.githubusercontent.com/AlmasB/FXGL/master/pom.xml
23:55:08.672 [FXGL Background Thread 2 ] DEBUG Engine               - version: 1.0
23:55:08.672 [FXGL Background Thread 2 ] DEBUG Engine               - versionCheckDays: 7
23:55:08.672 [FXGL Background Thread 2 ] DEBUG Engine               - width: 840
23:55:08.672 [FXGL Background Thread 2 ] DEBUG Engine               - Logging services
23:55:08.672 [FXGL Background Thread 2 ] DEBUG Engine               - class com.almasb.fxgl.app.GameApplication$GameApplicationService
23:55:08.672 [FXGL Background Thread 2 ] DEBUG Engine               - class com.almasb.fxgl.app.services.WindowService
23:55:08.672 [FXGL Background Thread 2 ] DEBUG Engine               - class com.almasb.fxgl.app.services.FXGLDialogService
23:55:08.672 [FXGL Background Thread 2 ] DEBUG Engine               - class com.almasb.fxgl.app.services.IOTaskExecutorService
23:55:08.672 [FXGL Background Thread 2 ] DEBUG Engine               - class com.almasb.fxgl.event.EventBusService
23:55:08.673 [FXGL Background Thread 2 ] DEBUG Engine               - class com.almasb.fxgl.io.FileSystemService
23:55:08.673 [FXGL Background Thread 2 ] DEBUG Engine               - class com.almasb.fxgl.localization.LocalizationService
23:55:08.673 [FXGL Background Thread 2 ] DEBUG Engine               - class com.almasb.fxgl.app.services.AssetLoaderService
23:55:08.673 [FXGL Background Thread 2 ] DEBUG Engine               - class com.almasb.fxgl.app.services.SystemBundleService
23:55:08.673 [FXGL Background Thread 2 ] DEBUG Engine               - class com.almasb.fxgl.profile.SaveLoadService
23:55:08.673 [FXGL Background Thread 2 ] DEBUG Engine               - class com.almasb.fxgl.ui.FXGLUIFactoryServiceProvider
23:55:08.673 [FXGL Background Thread 2 ] DEBUG Engine               - class com.almasb.fxgl.ui.FXGLDialogFactoryServiceProvider
23:55:08.673 [FXGL Background Thread 2 ] DEBUG Engine               - class com.almasb.fxgl.audio.AudioPlayer
23:55:08.673 [FXGL Background Thread 2 ] DEBUG Engine               - class com.almasb.fxgl.notification.impl.NotificationServiceProvider
23:55:08.674 [FXGL Background Thread 2 ] DEBUG Engine               - class com.almasb.fxgl.achievement.AchievementService
23:55:08.674 [FXGL Background Thread 2 ] DEBUG Engine               - class com.almasb.fxgl.cutscene.CutsceneService
23:55:08.674 [FXGL Background Thread 2 ] DEBUG Engine               - class com.almasb.fxgl.minigames.MiniGameService
23:55:08.674 [FXGL Background Thread 2 ] DEBUG Engine               - class com.almasb.fxgl.net.NetService
23:55:08.674 [FXGL Background Thread 2 ] DEBUG Engine               - class com.almasb.fxgl.app.services.UpdaterService
23:55:08.674 [FXGL Background Thread 2 ] DEBUG Engine               - class com.almasb.fxgl.dev.DevService
23:55:10.145 [JavaFX Application Thread] DEBUG Menu                 - fireExit()
23:55:10.147 [JavaFX Application Thread] DEBUG MainWindow           - Push state: DialogSubScene
23:55:10.147 [JavaFX Application Thread] DEBUG Input                - Clearing active input actions
23:55:10.150 [JavaFX Application Thread] DEBUG WindowService        - Removing overlay from NewfoundlandRacerMainMenu and adding to DialogSubScene
23:55:10.150 [JavaFX Application Thread] DEBUG MainWindow           - NewfoundlandRacerMainMenu -> DialogSubScene
23:55:10.872 [JavaFX Application Thread] DEBUG MainWindow           - Pop state: DialogSubScene
23:55:10.872 [JavaFX Application Thread] DEBUG Input                - Clearing active input actions
23:55:10.873 [JavaFX Application Thread] DEBUG WindowService        - Removing overlay from DialogSubScene and adding to NewfoundlandRacerMainMenu
23:55:10.873 [JavaFX Application Thread] DEBUG MainWindow           - NewfoundlandRacerMainMenu <- DialogSubScene
23:55:10.873 [JavaFX Application Thread] DEBUG GameApplication      - Exiting FXGL
23:55:10.873 [JavaFX Application Thread] DEBUG LoopRunner           - Stopping loop
23:55:10.873 [JavaFX Application Thread] DEBUG SystemBundleService  - Saving FXGL system data
23:55:10.874 [JavaFX Application Thread] DEBUG FileSystemAccess     - Writing to: E:\secondYear\Java\NewfoundlandRacer\system\fxgl.bundle
23:55:10.875 [JavaFX Application Thread] DEBUG GameApplication      - Shutting down background threads
23:55:10.876 [JavaFX Application Thread] DEBUG GameApplication      - Closing logger and exiting JavaFX
