12:19:33.684 [main                     ] DEBUG GameApplication      - Logger initialized
12:19:33.688 [main                     ] DEBUG GameApplication      - Logging settings
Title: Newfoundland Moose Collision
Version: 0.1
Width: 840
Height: 650
Fullscreen: false
Intro: false
Profiling: false
Single step:false
App Mode: DEVELOPER
Menu Key: ESCAPE
Stage Style: DECORATED
Scene Factory: class com.almasb.fxgl.app.scene.SceneFactory

12:19:34.057 [JavaFX Application Thread] DEBUG GameApplication      - Initializing FXGL
12:19:34.070 [JavaFX Application Thread] INFO  Engine               - FXGL-11.9 (27.05.2020 17.06) on WINDOWS (J:14.0.1 FX:13.0.2)
12:19:34.070 [JavaFX Application Thread] DEBUG Engine               - JRE Vendor Name: Oracle Corporation
12:19:34.071 [JavaFX Application Thread] DEBUG Engine               - Running on OS: Windows 10 version 10.0
12:19:34.071 [JavaFX Application Thread] DEBUG Engine               - Architecture: amd64
12:19:34.071 [JavaFX Application Thread] INFO  Engine               - Source code and latest versions at: https://github.com/AlmasB/FXGL
12:19:34.071 [JavaFX Application Thread] INFO  Engine               -              Join the FXGL chat at: https://gitter.im/AlmasB/FXGL
12:19:34.186 [JavaFX Application Thread] DEBUG MainWindow           - Creating a JavaFX scene
12:19:34.229 [JavaFX Application Thread] DEBUG MainWindow           - Target settings size: 840.0 x 650.0
12:19:34.229 [JavaFX Application Thread] DEBUG MainWindow           - Scaled scene size:    840.0 x 650.0
12:19:34.229 [JavaFX Application Thread] DEBUG MainWindow           - Scaled ratio: (1.0, 1.0)
12:19:34.230 [JavaFX Application Thread] DEBUG MainWindow           - Set initial scene to FXGLStartupScene
12:19:34.236 [JavaFX Application Thread] DEBUG MainWindow           - Opening main window
12:19:34.316 [JavaFX Application Thread] DEBUG MainWindow           - Window border size: (16.0, 39.0)
12:19:34.316 [JavaFX Application Thread] DEBUG MainWindow           - Scaled size: 840.0 x 650.0
12:19:34.316 [JavaFX Application Thread] DEBUG MainWindow           - Scaled ratio: (1.0, 1.0)
12:19:34.316 [JavaFX Application Thread] DEBUG MainWindow           - Scene size: 840.0 x 650.0
12:19:34.316 [JavaFX Application Thread] DEBUG MainWindow           - Stage size: 856.0 x 689.0
12:19:34.322 [FXGL Background Thread 1 ] DEBUG Engine               - Initializing environment variables
12:19:34.341 [FXGL Background Thread 1 ] DEBUG WindowService        - Applying CSS: fxgl_dark.css
12:19:34.341 [FXGL Background Thread 1 ] DEBUG AssetLoaderService   - Loading from file system: /assets/ui/css/fxgl_dark.css
12:19:34.375 [FXGL Background Thread 1 ] DEBUG WindowService        - Initializing application scenes
12:19:34.402 [FXGL Background Thread 1 ] DEBUG GameWorld            - Game world initialized
12:19:34.434 [FXGL Background Thread 1 ] DEBUG PhysicsWorld         - Physics world initialized: appHeight=650, physics.ppm=50.0
12:19:34.435 [FXGL Background Thread 1 ] DEBUG GameScene            - Game scene initialized: 840x650
12:19:34.458 [FXGL Background Thread 1 ] DEBUG AssetLoaderService   - Loading from file system: /assets/textures/particles/trace_horizontal.png
12:19:34.504 [FXGL Background Thread 1 ] DEBUG FXGL.DefaultMenu     - createMenuBodyGameMenu()
12:19:34.519 [FXGL Background Thread 1 ] DEBUG FXGL.DefaultMenu     - createOptionsMenu()
12:19:34.523 [FXGL Background Thread 1 ] DEBUG AssetLoaderService   - Loading from file system: /assets/textures/particles/smoke.png
12:19:34.563 [FXGL Background Thread 1 ] DEBUG WindowService        - Application scenes initialized
12:19:34.571 [FXGL Background Thread 1 ] DEBUG SystemBundleService  - Loading FXGL system data
12:19:34.574 [FXGL Background Thread 1 ] DEBUG FileSystemAccess     - Reading from: E:\secondYear\Java\NewfoundlandRacer\system\fxgl.bundle
12:19:34.578 [FXGL Background Thread 1 ] DEBUG SystemBundleService  - Bundle FXGL: {}
12:19:34.578 [FXGL Background Thread 1 ] INFO  Engine               - FXGL initialization took: 0.254 sec
12:19:34.580 [FXGL Background Thread 1 ] DEBUG GameApplication      - Loading localizations
12:19:34.580 [FXGL Background Thread 1 ] DEBUG AssetLoaderService   - Loading from file system: /assets/languages/english.lang
12:19:34.586 [FXGL Background Thread 1 ] DEBUG AssetLoaderService   - Loading from file system: /assets/languages/french.lang
12:19:34.587 [FXGL Background Thread 1 ] DEBUG AssetLoaderService   - Loading from file system: /assets/languages/german.lang
12:19:34.588 [FXGL Background Thread 1 ] DEBUG AssetLoaderService   - Loading from file system: /assets/languages/hungarian.lang
12:19:34.590 [FXGL Background Thread 1 ] DEBUG AssetLoaderService   - Loading from file system: /assets/languages/russian.lang
12:19:34.592 [FXGL Background Thread 1 ] DEBUG GameApplication      - Registering font factories with UI factory
12:19:34.592 [FXGL Background Thread 1 ] DEBUG AssetLoaderService   - Loading from file system: /assets/ui/fonts/VarelaRound-Regular.ttf
12:19:34.623 [FXGL Background Thread 1 ] DEBUG AssetLoaderService   - Loading from file system: /assets/ui/fonts/Abel-Regular.ttf
12:19:34.626 [FXGL Background Thread 1 ] DEBUG AssetLoaderService   - Loading from file system: /assets/ui/fonts/lucida_console.ttf
12:19:34.629 [FXGL Background Thread 1 ] DEBUG AssetLoaderService   - Loading from file system: /assets/ui/fonts/Courier-Prime.ttf
12:19:34.638 [JavaFX Application Thread] DEBUG Input                - Registered new binding: Move Right - D
12:19:34.638 [JavaFX Application Thread] DEBUG Input                - Registered new binding: Move Left - A
12:19:34.638 [JavaFX Application Thread] DEBUG Input                - Registered new binding: Move Up - W
12:19:34.638 [JavaFX Application Thread] DEBUG Input                - Registered new binding: Move Down - S
12:19:34.638 [JavaFX Application Thread] DEBUG AssetLoaderService   - Loading from file system: /assets/textures/fxgl_icon.png
12:19:34.656 [JavaFX Application Thread] DEBUG AssetLoaderService   - Loading from file system: /assets/ui/cursors/fxgl_default.png
12:19:34.658 [JavaFX Application Thread] DEBUG Input                - Registered new binding: Screenshot - P
12:19:34.658 [JavaFX Application Thread] DEBUG Input                - Registered new binding: System info dump - CTRL+9
12:19:34.659 [JavaFX Application Thread] DEBUG Input                - Registered new binding: Restart - CTRL+R
12:19:34.660 [JavaFX Application Thread] DEBUG LoopRunner           - Starting loop
12:19:34.671 [JavaFX Application Thread] DEBUG FXGLStartupScene     - STARTUP
12:19:34.671 [JavaFX Application Thread] DEBUG WindowService        - Starting new game
12:19:34.672 [JavaFX Application Thread] DEBUG Input                - Clearing active input actions
12:19:34.680 [JavaFX Application Thread] DEBUG WindowService        - Removing overlay from FXGLStartupScene and adding to FXGLLoadingScene
12:19:34.680 [JavaFX Application Thread] DEBUG MainWindow           - FXGLStartupScene -> FXGLLoadingScene
12:19:34.680 [JavaFX Application Thread] DEBUG WindowService        - Clearing previous game
12:19:34.681 [JavaFX Application Thread] DEBUG GameScene            - Clearing game scene
12:19:34.681 [JavaFX Application Thread] DEBUG GameWorld            - Clearing game world
12:19:34.681 [JavaFX Application Thread] DEBUG PhysicsWorld         - Clearing physics world
12:19:34.682 [FXGL Background Thread 1 ] DEBUG GameApplication      - Initializing game
12:19:34.687 [FXGL Background Thread 1 ] DEBUG AssetLoaderService   - Loading from file system: /assets/textures/4lanehighway.png
12:19:34.752 [FXGL Background Thread 1 ] DEBUG AssetLoaderService   - Loading from file system: /assets/textures/player.png
12:19:34.761 [FXGL Background Thread 1 ] DEBUG AssetLoaderService   - Loading from file system: /assets/textures/driver.png
12:19:34.764 [FXGL Background Thread 1 ] INFO  GameApplication      - Game initialization took: 0.082 sec
12:19:34.776 [JavaFX Application Thread] DEBUG Input                - Clearing active input actions
12:19:34.783 [JavaFX Application Thread] DEBUG WindowService        - Removing overlay from FXGLLoadingScene and adding to GameScene
12:19:34.783 [JavaFX Application Thread] DEBUG MainWindow           - FXGLLoadingScene -> GameScene
12:19:36.781 [JavaFX Application Thread] DEBUG AssetLoaderService   - Loading from cache: /assets/textures/driver.png
12:19:37.579 [FXGL Background Thread 2 ] DEBUG Engine               - Logging environment variables
12:19:37.580 [FXGL Background Thread 2 ] DEBUG Engine               - achievements: []
12:19:37.580 [FXGL Background Thread 2 ] DEBUG Engine               - appIcon: fxgl_icon.png
12:19:37.580 [FXGL Background Thread 2 ] DEBUG Engine               - applicationMode: DEVELOPER
12:19:37.580 [FXGL Background Thread 2 ] DEBUG Engine               - cSSList: [fxgl_dark.css]
12:19:37.580 [FXGL Background Thread 2 ] DEBUG Engine               - configClass: Optional.empty
12:19:37.581 [FXGL Background Thread 2 ] DEBUG Engine               - credits: []
12:19:37.581 [FXGL Background Thread 2 ] DEBUG Engine               - devBBoxColorProperty: ObjectProperty [value: 0xff0000ff]
12:19:37.582 [FXGL Background Thread 2 ] DEBUG Engine               - devSensorColorProperty: ObjectProperty [value: 0xffff00ff]
12:19:37.582 [FXGL Background Thread 2 ] DEBUG Engine               - devShowBBoxProperty: BooleanProperty [value: false]
12:19:37.582 [FXGL Background Thread 2 ] DEBUG Engine               - devShowPositionProperty: BooleanProperty [value: false]
12:19:37.583 [FXGL Background Thread 2 ] DEBUG Engine               - enabledMenuItems: []
12:19:37.583 [FXGL Background Thread 2 ] DEBUG Engine               - engineServices: [class com.almasb.fxgl.app.GameApplication$GameApplicationService, class com.almasb.fxgl.app.services.WindowService, class com.almasb.fxgl.app.services.FXGLDialogService, class com.almasb.fxgl.app.services.IOTaskExecutorService, class com.almasb.fxgl.event.EventBusService, class com.almasb.fxgl.io.FileSystemService, class com.almasb.fxgl.localization.LocalizationService, class com.almasb.fxgl.app.services.AssetLoaderService, class com.almasb.fxgl.app.services.SystemBundleService, class com.almasb.fxgl.profile.SaveLoadService, class com.almasb.fxgl.ui.FXGLUIFactoryServiceProvider, class com.almasb.fxgl.ui.FXGLDialogFactoryServiceProvider, class com.almasb.fxgl.audio.AudioPlayer, class com.almasb.fxgl.notification.impl.NotificationServiceProvider, class com.almasb.fxgl.achievement.AchievementService, class com.almasb.fxgl.cutscene.CutsceneService, class com.almasb.fxgl.minigames.MiniGameService, class com.almasb.fxgl.net.NetService, class com.almasb.fxgl.app.services.UpdaterService, class com.almasb.fxgl.dev.DevService]
12:19:37.583 [FXGL Background Thread 2 ] DEBUG Engine               - fontGame: Abel-Regular.ttf
12:19:37.583 [FXGL Background Thread 2 ] DEBUG Engine               - fontMono: lucida_console.ttf
12:19:37.583 [FXGL Background Thread 2 ] DEBUG Engine               - fontText: Courier-Prime.ttf
12:19:37.584 [FXGL Background Thread 2 ] DEBUG Engine               - fontUI: VarelaRound-Regular.ttf
12:19:37.584 [FXGL Background Thread 2 ] DEBUG Engine               - fullScreen: BooleanProperty [value: false]
12:19:37.584 [FXGL Background Thread 2 ] DEBUG Engine               - gameDifficulty: MEDIUM
12:19:37.584 [FXGL Background Thread 2 ] DEBUG Engine               - gameDifficultyProperty: ObjectProperty [value: MEDIUM]
12:19:37.585 [FXGL Background Thread 2 ] DEBUG Engine               - globalMusicVolume: 0.5
12:19:37.585 [FXGL Background Thread 2 ] DEBUG Engine               - globalMusicVolumeProperty: DoubleProperty [value: 0.5]
12:19:37.585 [FXGL Background Thread 2 ] DEBUG Engine               - globalSoundVolume: 0.5
12:19:37.585 [FXGL Background Thread 2 ] DEBUG Engine               - globalSoundVolumeProperty: DoubleProperty [value: 0.5]
12:19:37.586 [FXGL Background Thread 2 ] DEBUG Engine               - height: 650
12:19:37.586 [FXGL Background Thread 2 ] DEBUG Engine               - isAndroid: false
12:19:37.586 [FXGL Background Thread 2 ] DEBUG Engine               - isBrowser: false
12:19:37.586 [FXGL Background Thread 2 ] DEBUG Engine               - isClickFeedbackEnabled: false
12:19:37.586 [FXGL Background Thread 2 ] DEBUG Engine               - isCloseConfirmation: false
12:19:37.587 [FXGL Background Thread 2 ] DEBUG Engine               - isDesktop: true
12:19:37.587 [FXGL Background Thread 2 ] DEBUG Engine               - isDeveloperMenuEnabled: false
12:19:37.587 [FXGL Background Thread 2 ] DEBUG Engine               - isExperimentalNative: false
12:19:37.587 [FXGL Background Thread 2 ] DEBUG Engine               - isExperimentalTiledLargeMap: false
12:19:37.587 [FXGL Background Thread 2 ] DEBUG Engine               - isFullScreenAllowed: false
12:19:37.588 [FXGL Background Thread 2 ] DEBUG Engine               - isFullScreenFromStart: false
12:19:37.588 [FXGL Background Thread 2 ] DEBUG Engine               - isGameMenuEnabled: true
12:19:37.588 [FXGL Background Thread 2 ] DEBUG Engine               - isIOS: false
12:19:37.588 [FXGL Background Thread 2 ] DEBUG Engine               - isIntroEnabled: false
12:19:37.588 [FXGL Background Thread 2 ] DEBUG Engine               - isLinux: false
12:19:37.589 [FXGL Background Thread 2 ] DEBUG Engine               - isMac: false
12:19:37.589 [FXGL Background Thread 2 ] DEBUG Engine               - isMainMenuEnabled: false
12:19:37.589 [FXGL Background Thread 2 ] DEBUG Engine               - isManualResizeEnabled: false
12:19:37.589 [FXGL Background Thread 2 ] DEBUG Engine               - isMobile: false
12:19:37.589 [FXGL Background Thread 2 ] DEBUG Engine               - isPreserveResizeRatio: false
12:19:37.590 [FXGL Background Thread 2 ] DEBUG Engine               - isProfilingEnabled: false
12:19:37.590 [FXGL Background Thread 2 ] DEBUG Engine               - isSingleStep: false
12:19:37.590 [FXGL Background Thread 2 ] DEBUG Engine               - isUserProfileEnabled: false
12:19:37.590 [FXGL Background Thread 2 ] DEBUG Engine               - isWindows: true
12:19:37.590 [FXGL Background Thread 2 ] DEBUG Engine               - language: ObjectProperty [value: ENGLISH]
12:19:37.590 [FXGL Background Thread 2 ] DEBUG Engine               - mainWindow: com.almasb.fxgl.app.MainWindow@6a6e0289
12:19:37.591 [FXGL Background Thread 2 ] DEBUG Engine               - menuKey: ESCAPE
12:19:37.591 [FXGL Background Thread 2 ] DEBUG Engine               - notificationViewClass: class com.almasb.fxgl.notification.view.XboxNotificationView
12:19:37.591 [FXGL Background Thread 2 ] DEBUG Engine               - pixelsPerMeter: 50.0
12:19:37.592 [FXGL Background Thread 2 ] DEBUG Engine               - platform: WINDOWS
12:19:37.592 [FXGL Background Thread 2 ] DEBUG Engine               - profileDir: profiles/
12:19:37.592 [FXGL Background Thread 2 ] DEBUG Engine               - profileName: StringProperty [value: DEFAULT]
12:19:37.592 [FXGL Background Thread 2 ] DEBUG Engine               - randomSeed: -1
12:19:37.593 [FXGL Background Thread 2 ] DEBUG Engine               - runtimeInfo: RuntimeInfo(platform=WINDOWS, version=11.9, build=27.05.2020 17.06)
12:19:37.593 [FXGL Background Thread 2 ] DEBUG Engine               - saveFileExt: sav
12:19:37.593 [FXGL Background Thread 2 ] DEBUG Engine               - sceneFactory: com.almasb.fxgl.app.scene.SceneFactory@2f6c81a0
12:19:37.593 [FXGL Background Thread 2 ] DEBUG Engine               - secondsIn24h: 60
12:19:37.593 [FXGL Background Thread 2 ] DEBUG Engine               - settings: Title: Newfoundland Moose Collision
Version: 0.1
Width: 840
Height: 650
Fullscreen: false
Intro: false
Profiling: false
Single step:false
App Mode: DEVELOPER
Menu Key: ESCAPE
Stage Style: DECORATED
Scene Factory: class com.almasb.fxgl.app.scene.SceneFactory

12:19:37.593 [FXGL Background Thread 2 ] DEBUG Engine               - soundMenuBack: menu/back.wav
12:19:37.593 [FXGL Background Thread 2 ] DEBUG Engine               - soundMenuPress: menu/press.wav
12:19:37.593 [FXGL Background Thread 2 ] DEBUG Engine               - soundMenuSelect: menu/select.wav
12:19:37.594 [FXGL Background Thread 2 ] DEBUG Engine               - soundNotification: core/notification.wav
12:19:37.594 [FXGL Background Thread 2 ] DEBUG Engine               - stageStyle: DECORATED
12:19:37.594 [FXGL Background Thread 2 ] DEBUG Engine               - supportedLanguages: [ENGLISH, FRENCH, GERMAN, HUNGARIAN, RUSSIAN]
12:19:37.594 [FXGL Background Thread 2 ] DEBUG Engine               - title: Newfoundland Moose Collision
12:19:37.594 [FXGL Background Thread 2 ] DEBUG Engine               - urlGithub: https://github.com/AlmasB/FXGL
12:19:37.594 [FXGL Background Thread 2 ] DEBUG Engine               - urlLeaderboard: http://fxgl-top.herokuapp.com/
12:19:37.594 [FXGL Background Thread 2 ] DEBUG Engine               - urlPOM: https://raw.githubusercontent.com/AlmasB/FXGL/master/pom.xml
12:19:37.594 [FXGL Background Thread 2 ] DEBUG Engine               - version: 0.1
12:19:37.594 [FXGL Background Thread 2 ] DEBUG Engine               - versionCheckDays: 7
12:19:37.595 [FXGL Background Thread 2 ] DEBUG Engine               - width: 840
12:19:37.595 [FXGL Background Thread 2 ] DEBUG Engine               - Logging services
12:19:37.595 [FXGL Background Thread 2 ] DEBUG Engine               - class com.almasb.fxgl.app.GameApplication$GameApplicationService
12:19:37.595 [FXGL Background Thread 2 ] DEBUG Engine               - class com.almasb.fxgl.app.services.WindowService
12:19:37.595 [FXGL Background Thread 2 ] DEBUG Engine               - class com.almasb.fxgl.app.services.FXGLDialogService
12:19:37.595 [FXGL Background Thread 2 ] DEBUG Engine               - class com.almasb.fxgl.app.services.IOTaskExecutorService
12:19:37.595 [FXGL Background Thread 2 ] DEBUG Engine               - class com.almasb.fxgl.event.EventBusService
12:19:37.595 [FXGL Background Thread 2 ] DEBUG Engine               - class com.almasb.fxgl.io.FileSystemService
12:19:37.596 [FXGL Background Thread 2 ] DEBUG Engine               - class com.almasb.fxgl.localization.LocalizationService
12:19:37.596 [FXGL Background Thread 2 ] DEBUG Engine               - class com.almasb.fxgl.app.services.AssetLoaderService
12:19:37.596 [FXGL Background Thread 2 ] DEBUG Engine               - class com.almasb.fxgl.app.services.SystemBundleService
12:19:37.596 [FXGL Background Thread 2 ] DEBUG Engine               - class com.almasb.fxgl.profile.SaveLoadService
12:19:37.596 [FXGL Background Thread 2 ] DEBUG Engine               - class com.almasb.fxgl.ui.FXGLUIFactoryServiceProvider
12:19:37.596 [FXGL Background Thread 2 ] DEBUG Engine               - class com.almasb.fxgl.ui.FXGLDialogFactoryServiceProvider
12:19:37.596 [FXGL Background Thread 2 ] DEBUG Engine               - class com.almasb.fxgl.audio.AudioPlayer
12:19:37.596 [FXGL Background Thread 2 ] DEBUG Engine               - class com.almasb.fxgl.notification.impl.NotificationServiceProvider
12:19:37.596 [FXGL Background Thread 2 ] DEBUG Engine               - class com.almasb.fxgl.achievement.AchievementService
12:19:37.597 [FXGL Background Thread 2 ] DEBUG Engine               - class com.almasb.fxgl.cutscene.CutsceneService
12:19:37.597 [FXGL Background Thread 2 ] DEBUG Engine               - class com.almasb.fxgl.minigames.MiniGameService
12:19:37.597 [FXGL Background Thread 2 ] DEBUG Engine               - class com.almasb.fxgl.net.NetService
12:19:37.597 [FXGL Background Thread 2 ] DEBUG Engine               - class com.almasb.fxgl.app.services.UpdaterService
12:19:37.597 [FXGL Background Thread 2 ] DEBUG Engine               - class com.almasb.fxgl.dev.DevService
12:19:38.798 [JavaFX Application Thread] DEBUG AssetLoaderService   - Loading from cache: /assets/textures/driver.png
12:19:40.813 [JavaFX Application Thread] DEBUG AssetLoaderService   - Loading from cache: /assets/textures/driver.png
12:19:42.828 [JavaFX Application Thread] DEBUG AssetLoaderService   - Loading from cache: /assets/textures/driver.png
12:19:44.829 [JavaFX Application Thread] DEBUG AssetLoaderService   - Loading from cache: /assets/textures/driver.png
12:19:46.830 [JavaFX Application Thread] DEBUG AssetLoaderService   - Loading from cache: /assets/textures/driver.png
12:19:48.829 [JavaFX Application Thread] DEBUG AssetLoaderService   - Loading from cache: /assets/textures/driver.png
12:19:50.829 [JavaFX Application Thread] DEBUG AssetLoaderService   - Loading from cache: /assets/textures/driver.png
12:19:52.845 [JavaFX Application Thread] DEBUG AssetLoaderService   - Loading from cache: /assets/textures/driver.png
12:19:53.516 [JavaFX Application Thread] DEBUG GameApplication      - Exiting FXGL
12:19:53.516 [JavaFX Application Thread] DEBUG LoopRunner           - Stopping loop
12:19:53.516 [JavaFX Application Thread] DEBUG SystemBundleService  - Saving FXGL system data
12:19:53.518 [JavaFX Application Thread] DEBUG FileSystemAccess     - Writing to: E:\secondYear\Java\NewfoundlandRacer\system\fxgl.bundle
12:19:53.518 [JavaFX Application Thread] DEBUG GameApplication      - Shutting down background threads
12:19:53.519 [JavaFX Application Thread] DEBUG GameApplication      - Closing logger and exiting JavaFX
