23:25:28.135 [main                     ] DEBUG GameApplication      - Logger initialized
23:25:28.140 [main                     ] DEBUG GameApplication      - Logging settings
Title: Newfoundland Moose Collision
Version: 0.1
Width: 840
Height: 650
Fullscreen: false
Intro: false
Profiling: false
Single step:false
App Mode: DEVELOPER
Menu Key: ESCAPE
Stage Style: DECORATED
Scene Factory: class com.almasb.fxgl.app.scene.SceneFactory

23:25:28.506 [JavaFX Application Thread] DEBUG GameApplication      - Initializing FXGL
23:25:28.519 [JavaFX Application Thread] INFO  Engine               - FXGL-11.9 (27.05.2020 17.06) on WINDOWS (J:14.0.1 FX:13.0.2)
23:25:28.519 [JavaFX Application Thread] DEBUG Engine               - JRE Vendor Name: Oracle Corporation
23:25:28.519 [JavaFX Application Thread] DEBUG Engine               - Running on OS: Windows 10 version 10.0
23:25:28.519 [JavaFX Application Thread] DEBUG Engine               - Architecture: amd64
23:25:28.519 [JavaFX Application Thread] INFO  Engine               - Source code and latest versions at: https://github.com/AlmasB/FXGL
23:25:28.519 [JavaFX Application Thread] INFO  Engine               -              Join the FXGL chat at: https://gitter.im/AlmasB/FXGL
23:25:28.636 [JavaFX Application Thread] DEBUG MainWindow           - Creating a JavaFX scene
23:25:28.678 [JavaFX Application Thread] DEBUG MainWindow           - Target settings size: 840.0 x 650.0
23:25:28.678 [JavaFX Application Thread] DEBUG MainWindow           - Scaled scene size:    840.0 x 650.0
23:25:28.678 [JavaFX Application Thread] DEBUG MainWindow           - Scaled ratio: (1.0, 1.0)
23:25:28.679 [JavaFX Application Thread] DEBUG MainWindow           - Set initial scene to FXGLStartupScene
23:25:28.685 [JavaFX Application Thread] DEBUG MainWindow           - Opening main window
23:25:28.765 [JavaFX Application Thread] DEBUG MainWindow           - Window border size: (16.0, 39.0)
23:25:28.765 [JavaFX Application Thread] DEBUG MainWindow           - Scaled size: 840.0 x 650.0
23:25:28.765 [JavaFX Application Thread] DEBUG MainWindow           - Scaled ratio: (1.0, 1.0)
23:25:28.765 [JavaFX Application Thread] DEBUG MainWindow           - Scene size: 840.0 x 650.0
23:25:28.765 [JavaFX Application Thread] DEBUG MainWindow           - Stage size: 856.0 x 689.0
23:25:28.770 [FXGL Background Thread 1 ] DEBUG Engine               - Initializing environment variables
23:25:28.791 [FXGL Background Thread 1 ] DEBUG WindowService        - Applying CSS: fxgl_dark.css
23:25:28.791 [FXGL Background Thread 1 ] DEBUG AssetLoaderService   - Loading from file system: /assets/ui/css/fxgl_dark.css
23:25:28.823 [FXGL Background Thread 1 ] DEBUG WindowService        - Initializing application scenes
23:25:28.850 [FXGL Background Thread 1 ] DEBUG GameWorld            - Game world initialized
23:25:28.882 [FXGL Background Thread 1 ] DEBUG PhysicsWorld         - Physics world initialized: appHeight=650, physics.ppm=50.0
23:25:28.884 [FXGL Background Thread 1 ] DEBUG GameScene            - Game scene initialized: 840x650
23:25:28.906 [FXGL Background Thread 1 ] DEBUG AssetLoaderService   - Loading from file system: /assets/textures/particles/trace_horizontal.png
23:25:28.949 [FXGL Background Thread 1 ] DEBUG FXGL.DefaultMenu     - createMenuBodyGameMenu()
23:25:28.964 [FXGL Background Thread 1 ] DEBUG FXGL.DefaultMenu     - createOptionsMenu()
23:25:28.967 [FXGL Background Thread 1 ] DEBUG AssetLoaderService   - Loading from file system: /assets/textures/particles/smoke.png
23:25:29.005 [FXGL Background Thread 1 ] DEBUG WindowService        - Application scenes initialized
23:25:29.014 [FXGL Background Thread 1 ] DEBUG SystemBundleService  - Loading FXGL system data
23:25:29.017 [FXGL Background Thread 1 ] DEBUG FileSystemAccess     - Reading from: E:\secondYear\Java\NewfoundlandRacer\system\fxgl.bundle
23:25:29.021 [FXGL Background Thread 1 ] DEBUG SystemBundleService  - Bundle FXGL: {}
23:25:29.021 [FXGL Background Thread 1 ] INFO  Engine               - FXGL initialization took: 0.248 sec
23:25:29.022 [FXGL Background Thread 1 ] DEBUG GameApplication      - Loading localizations
23:25:29.023 [FXGL Background Thread 1 ] DEBUG AssetLoaderService   - Loading from file system: /assets/languages/english.lang
23:25:29.029 [FXGL Background Thread 1 ] DEBUG AssetLoaderService   - Loading from file system: /assets/languages/french.lang
23:25:29.031 [FXGL Background Thread 1 ] DEBUG AssetLoaderService   - Loading from file system: /assets/languages/german.lang
23:25:29.032 [FXGL Background Thread 1 ] DEBUG AssetLoaderService   - Loading from file system: /assets/languages/hungarian.lang
23:25:29.034 [FXGL Background Thread 1 ] DEBUG AssetLoaderService   - Loading from file system: /assets/languages/russian.lang
23:25:29.036 [FXGL Background Thread 1 ] DEBUG GameApplication      - Registering font factories with UI factory
23:25:29.036 [FXGL Background Thread 1 ] DEBUG AssetLoaderService   - Loading from file system: /assets/ui/fonts/VarelaRound-Regular.ttf
23:25:29.065 [FXGL Background Thread 1 ] DEBUG AssetLoaderService   - Loading from file system: /assets/ui/fonts/Abel-Regular.ttf
23:25:29.069 [FXGL Background Thread 1 ] DEBUG AssetLoaderService   - Loading from file system: /assets/ui/fonts/lucida_console.ttf
23:25:29.073 [FXGL Background Thread 1 ] DEBUG AssetLoaderService   - Loading from file system: /assets/ui/fonts/Courier-Prime.ttf
23:25:29.082 [JavaFX Application Thread] DEBUG Input                - Registered new binding: Move Right - D
23:25:29.082 [JavaFX Application Thread] DEBUG Input                - Registered new binding: Move Left - A
23:25:29.082 [JavaFX Application Thread] DEBUG Input                - Registered new binding: Move Up - W
23:25:29.082 [JavaFX Application Thread] DEBUG Input                - Registered new binding: Move Down - S
23:25:29.082 [JavaFX Application Thread] DEBUG AssetLoaderService   - Loading from file system: /assets/textures/fxgl_icon.png
23:25:29.094 [JavaFX Application Thread] DEBUG AssetLoaderService   - Loading from file system: /assets/ui/cursors/fxgl_default.png
23:25:29.096 [JavaFX Application Thread] DEBUG Input                - Registered new binding: Screenshot - P
23:25:29.096 [JavaFX Application Thread] DEBUG Input                - Registered new binding: System info dump - CTRL+9
23:25:29.097 [JavaFX Application Thread] DEBUG Input                - Registered new binding: Restart - CTRL+R
23:25:29.097 [JavaFX Application Thread] DEBUG LoopRunner           - Starting loop
23:25:29.105 [JavaFX Application Thread] DEBUG FXGLStartupScene     - STARTUP
23:25:29.105 [JavaFX Application Thread] DEBUG WindowService        - Starting new game
23:25:29.105 [JavaFX Application Thread] DEBUG Input                - Clearing active input actions
23:25:29.114 [JavaFX Application Thread] DEBUG WindowService        - Removing overlay from FXGLStartupScene and adding to FXGLLoadingScene
23:25:29.114 [JavaFX Application Thread] DEBUG MainWindow           - FXGLStartupScene -> FXGLLoadingScene
23:25:29.114 [JavaFX Application Thread] DEBUG WindowService        - Clearing previous game
23:25:29.114 [JavaFX Application Thread] DEBUG GameScene            - Clearing game scene
23:25:29.114 [JavaFX Application Thread] DEBUG GameWorld            - Clearing game world
23:25:29.115 [JavaFX Application Thread] DEBUG PhysicsWorld         - Clearing physics world
23:25:29.115 [FXGL Background Thread 1 ] DEBUG GameApplication      - Initializing game
23:25:29.121 [FXGL Background Thread 1 ] DEBUG AssetLoaderService   - Loading from file system: /assets/textures/4lanehighway.png
23:25:29.184 [FXGL Background Thread 1 ] DEBUG AssetLoaderService   - Loading from file system: /assets/textures/player.png
23:25:29.198 [FXGL Background Thread 1 ] INFO  GameApplication      - Game initialization took: 0.084 sec
23:25:29.209 [JavaFX Application Thread] DEBUG Input                - Clearing active input actions
23:25:29.215 [JavaFX Application Thread] DEBUG WindowService        - Removing overlay from FXGLLoadingScene and adding to GameScene
23:25:29.216 [JavaFX Application Thread] DEBUG MainWindow           - FXGLLoadingScene -> GameScene
23:25:29.696 [JavaFX Application Thread] DEBUG AssetLoaderService   - Loading from file system: /assets/textures/driver4.png
23:25:30.190 [JavaFX Application Thread] DEBUG AssetLoaderService   - Loading from file system: /assets/textures/driver3.png
23:25:30.702 [JavaFX Application Thread] DEBUG AssetLoaderService   - Loading from file system: /assets/textures/driver2.png
23:25:31.213 [JavaFX Application Thread] DEBUG AssetLoaderService   - Loading from file system: /assets/textures/driver0.png
23:25:31.741 [JavaFX Application Thread] DEBUG AssetLoaderService   - Loading from cache: /assets/textures/driver2.png
23:25:32.024 [FXGL Background Thread 2 ] DEBUG Engine               - Logging environment variables
23:25:32.025 [FXGL Background Thread 2 ] DEBUG Engine               - achievements: []
23:25:32.025 [FXGL Background Thread 2 ] DEBUG Engine               - appIcon: fxgl_icon.png
23:25:32.025 [FXGL Background Thread 2 ] DEBUG Engine               - applicationMode: DEVELOPER
23:25:32.025 [FXGL Background Thread 2 ] DEBUG Engine               - cSSList: [fxgl_dark.css]
23:25:32.025 [FXGL Background Thread 2 ] DEBUG Engine               - configClass: Optional.empty
23:25:32.025 [FXGL Background Thread 2 ] DEBUG Engine               - credits: []
23:25:32.026 [FXGL Background Thread 2 ] DEBUG Engine               - devBBoxColorProperty: ObjectProperty [value: 0xff0000ff]
23:25:32.026 [FXGL Background Thread 2 ] DEBUG Engine               - devSensorColorProperty: ObjectProperty [value: 0xffff00ff]
23:25:32.028 [FXGL Background Thread 2 ] DEBUG Engine               - devShowBBoxProperty: BooleanProperty [value: false]
23:25:32.028 [FXGL Background Thread 2 ] DEBUG Engine               - devShowPositionProperty: BooleanProperty [value: false]
23:25:32.028 [FXGL Background Thread 2 ] DEBUG Engine               - enabledMenuItems: []
23:25:32.028 [FXGL Background Thread 2 ] DEBUG Engine               - engineServices: [class com.almasb.fxgl.app.GameApplication$GameApplicationService, class com.almasb.fxgl.app.services.WindowService, class com.almasb.fxgl.app.services.FXGLDialogService, class com.almasb.fxgl.app.services.IOTaskExecutorService, class com.almasb.fxgl.event.EventBusService, class com.almasb.fxgl.io.FileSystemService, class com.almasb.fxgl.localization.LocalizationService, class com.almasb.fxgl.app.services.AssetLoaderService, class com.almasb.fxgl.app.services.SystemBundleService, class com.almasb.fxgl.profile.SaveLoadService, class com.almasb.fxgl.ui.FXGLUIFactoryServiceProvider, class com.almasb.fxgl.ui.FXGLDialogFactoryServiceProvider, class com.almasb.fxgl.audio.AudioPlayer, class com.almasb.fxgl.notification.impl.NotificationServiceProvider, class com.almasb.fxgl.achievement.AchievementService, class com.almasb.fxgl.cutscene.CutsceneService, class com.almasb.fxgl.minigames.MiniGameService, class com.almasb.fxgl.net.NetService, class com.almasb.fxgl.app.services.UpdaterService, class com.almasb.fxgl.dev.DevService]
23:25:32.028 [FXGL Background Thread 2 ] DEBUG Engine               - fontGame: Abel-Regular.ttf
23:25:32.028 [FXGL Background Thread 2 ] DEBUG Engine               - fontMono: lucida_console.ttf
23:25:32.028 [FXGL Background Thread 2 ] DEBUG Engine               - fontText: Courier-Prime.ttf
23:25:32.028 [FXGL Background Thread 2 ] DEBUG Engine               - fontUI: VarelaRound-Regular.ttf
23:25:32.028 [FXGL Background Thread 2 ] DEBUG Engine               - fullScreen: BooleanProperty [value: false]
23:25:32.028 [FXGL Background Thread 2 ] DEBUG Engine               - gameDifficulty: MEDIUM
23:25:32.028 [FXGL Background Thread 2 ] DEBUG Engine               - gameDifficultyProperty: ObjectProperty [value: MEDIUM]
23:25:32.028 [FXGL Background Thread 2 ] DEBUG Engine               - globalMusicVolume: 0.5
23:25:32.030 [FXGL Background Thread 2 ] DEBUG Engine               - globalMusicVolumeProperty: DoubleProperty [value: 0.5]
23:25:32.030 [FXGL Background Thread 2 ] DEBUG Engine               - globalSoundVolume: 0.5
23:25:32.030 [FXGL Background Thread 2 ] DEBUG Engine               - globalSoundVolumeProperty: DoubleProperty [value: 0.5]
23:25:32.030 [FXGL Background Thread 2 ] DEBUG Engine               - height: 650
23:25:32.030 [FXGL Background Thread 2 ] DEBUG Engine               - isAndroid: false
23:25:32.030 [FXGL Background Thread 2 ] DEBUG Engine               - isBrowser: false
23:25:32.030 [FXGL Background Thread 2 ] DEBUG Engine               - isClickFeedbackEnabled: false
23:25:32.030 [FXGL Background Thread 2 ] DEBUG Engine               - isCloseConfirmation: false
23:25:32.030 [FXGL Background Thread 2 ] DEBUG Engine               - isDesktop: true
23:25:32.030 [FXGL Background Thread 2 ] DEBUG Engine               - isDeveloperMenuEnabled: false
23:25:32.030 [FXGL Background Thread 2 ] DEBUG Engine               - isExperimentalNative: false
23:25:32.030 [FXGL Background Thread 2 ] DEBUG Engine               - isExperimentalTiledLargeMap: false
23:25:32.030 [FXGL Background Thread 2 ] DEBUG Engine               - isFullScreenAllowed: false
23:25:32.030 [FXGL Background Thread 2 ] DEBUG Engine               - isFullScreenFromStart: false
23:25:32.030 [FXGL Background Thread 2 ] DEBUG Engine               - isGameMenuEnabled: true
23:25:32.030 [FXGL Background Thread 2 ] DEBUG Engine               - isIOS: false
23:25:32.030 [FXGL Background Thread 2 ] DEBUG Engine               - isIntroEnabled: false
23:25:32.030 [FXGL Background Thread 2 ] DEBUG Engine               - isLinux: false
23:25:32.030 [FXGL Background Thread 2 ] DEBUG Engine               - isMac: false
23:25:32.030 [FXGL Background Thread 2 ] DEBUG Engine               - isMainMenuEnabled: false
23:25:32.030 [FXGL Background Thread 2 ] DEBUG Engine               - isManualResizeEnabled: false
23:25:32.031 [FXGL Background Thread 2 ] DEBUG Engine               - isMobile: false
23:25:32.031 [FXGL Background Thread 2 ] DEBUG Engine               - isPreserveResizeRatio: false
23:25:32.031 [FXGL Background Thread 2 ] DEBUG Engine               - isProfilingEnabled: false
23:25:32.031 [FXGL Background Thread 2 ] DEBUG Engine               - isSingleStep: false
23:25:32.031 [FXGL Background Thread 2 ] DEBUG Engine               - isUserProfileEnabled: false
23:25:32.031 [FXGL Background Thread 2 ] DEBUG Engine               - isWindows: true
23:25:32.031 [FXGL Background Thread 2 ] DEBUG Engine               - language: ObjectProperty [value: ENGLISH]
23:25:32.031 [FXGL Background Thread 2 ] DEBUG Engine               - mainWindow: com.almasb.fxgl.app.MainWindow@3799bb71
23:25:32.031 [FXGL Background Thread 2 ] DEBUG Engine               - menuKey: ESCAPE
23:25:32.031 [FXGL Background Thread 2 ] DEBUG Engine               - notificationViewClass: class com.almasb.fxgl.notification.view.XboxNotificationView
23:25:32.031 [FXGL Background Thread 2 ] DEBUG Engine               - pixelsPerMeter: 50.0
23:25:32.031 [FXGL Background Thread 2 ] DEBUG Engine               - platform: WINDOWS
23:25:32.031 [FXGL Background Thread 2 ] DEBUG Engine               - profileDir: profiles/
23:25:32.031 [FXGL Background Thread 2 ] DEBUG Engine               - profileName: StringProperty [value: DEFAULT]
23:25:32.031 [FXGL Background Thread 2 ] DEBUG Engine               - randomSeed: -1
23:25:32.031 [FXGL Background Thread 2 ] DEBUG Engine               - runtimeInfo: RuntimeInfo(platform=WINDOWS, version=11.9, build=27.05.2020 17.06)
23:25:32.031 [FXGL Background Thread 2 ] DEBUG Engine               - saveFileExt: sav
23:25:32.031 [FXGL Background Thread 2 ] DEBUG Engine               - sceneFactory: com.almasb.fxgl.app.scene.SceneFactory@729b23e6
23:25:32.031 [FXGL Background Thread 2 ] DEBUG Engine               - secondsIn24h: 60
23:25:32.031 [FXGL Background Thread 2 ] DEBUG Engine               - settings: Title: Newfoundland Moose Collision
Version: 0.1
Width: 840
Height: 650
Fullscreen: false
Intro: false
Profiling: false
Single step:false
App Mode: DEVELOPER
Menu Key: ESCAPE
Stage Style: DECORATED
Scene Factory: class com.almasb.fxgl.app.scene.SceneFactory

23:25:32.031 [FXGL Background Thread 2 ] DEBUG Engine               - soundMenuBack: menu/back.wav
23:25:32.031 [FXGL Background Thread 2 ] DEBUG Engine               - soundMenuPress: menu/press.wav
23:25:32.032 [FXGL Background Thread 2 ] DEBUG Engine               - soundMenuSelect: menu/select.wav
23:25:32.032 [FXGL Background Thread 2 ] DEBUG Engine               - soundNotification: core/notification.wav
23:25:32.032 [FXGL Background Thread 2 ] DEBUG Engine               - stageStyle: DECORATED
23:25:32.032 [FXGL Background Thread 2 ] DEBUG Engine               - supportedLanguages: [ENGLISH, FRENCH, GERMAN, HUNGARIAN, RUSSIAN]
23:25:32.032 [FXGL Background Thread 2 ] DEBUG Engine               - title: Newfoundland Moose Collision
23:25:32.032 [FXGL Background Thread 2 ] DEBUG Engine               - urlGithub: https://github.com/AlmasB/FXGL
23:25:32.032 [FXGL Background Thread 2 ] DEBUG Engine               - urlLeaderboard: http://fxgl-top.herokuapp.com/
23:25:32.032 [FXGL Background Thread 2 ] DEBUG Engine               - urlPOM: https://raw.githubusercontent.com/AlmasB/FXGL/master/pom.xml
23:25:32.032 [FXGL Background Thread 2 ] DEBUG Engine               - version: 0.1
23:25:32.032 [FXGL Background Thread 2 ] DEBUG Engine               - versionCheckDays: 7
23:25:32.032 [FXGL Background Thread 2 ] DEBUG Engine               - width: 840
23:25:32.032 [FXGL Background Thread 2 ] DEBUG Engine               - Logging services
23:25:32.032 [FXGL Background Thread 2 ] DEBUG Engine               - class com.almasb.fxgl.app.GameApplication$GameApplicationService
23:25:32.032 [FXGL Background Thread 2 ] DEBUG Engine               - class com.almasb.fxgl.app.services.WindowService
23:25:32.032 [FXGL Background Thread 2 ] DEBUG Engine               - class com.almasb.fxgl.app.services.FXGLDialogService
23:25:32.032 [FXGL Background Thread 2 ] DEBUG Engine               - class com.almasb.fxgl.app.services.IOTaskExecutorService
23:25:32.032 [FXGL Background Thread 2 ] DEBUG Engine               - class com.almasb.fxgl.event.EventBusService
23:25:32.032 [FXGL Background Thread 2 ] DEBUG Engine               - class com.almasb.fxgl.io.FileSystemService
23:25:32.032 [FXGL Background Thread 2 ] DEBUG Engine               - class com.almasb.fxgl.localization.LocalizationService
23:25:32.032 [FXGL Background Thread 2 ] DEBUG Engine               - class com.almasb.fxgl.app.services.AssetLoaderService
23:25:32.032 [FXGL Background Thread 2 ] DEBUG Engine               - class com.almasb.fxgl.app.services.SystemBundleService
23:25:32.032 [FXGL Background Thread 2 ] DEBUG Engine               - class com.almasb.fxgl.profile.SaveLoadService
23:25:32.032 [FXGL Background Thread 2 ] DEBUG Engine               - class com.almasb.fxgl.ui.FXGLUIFactoryServiceProvider
23:25:32.032 [FXGL Background Thread 2 ] DEBUG Engine               - class com.almasb.fxgl.ui.FXGLDialogFactoryServiceProvider
23:25:32.032 [FXGL Background Thread 2 ] DEBUG Engine               - class com.almasb.fxgl.audio.AudioPlayer
23:25:32.032 [FXGL Background Thread 2 ] DEBUG Engine               - class com.almasb.fxgl.notification.impl.NotificationServiceProvider
23:25:32.033 [FXGL Background Thread 2 ] DEBUG Engine               - class com.almasb.fxgl.achievement.AchievementService
23:25:32.033 [FXGL Background Thread 2 ] DEBUG Engine               - class com.almasb.fxgl.cutscene.CutsceneService
23:25:32.033 [FXGL Background Thread 2 ] DEBUG Engine               - class com.almasb.fxgl.minigames.MiniGameService
23:25:32.033 [FXGL Background Thread 2 ] DEBUG Engine               - class com.almasb.fxgl.net.NetService
23:25:32.033 [FXGL Background Thread 2 ] DEBUG Engine               - class com.almasb.fxgl.app.services.UpdaterService
23:25:32.033 [FXGL Background Thread 2 ] DEBUG Engine               - class com.almasb.fxgl.dev.DevService
23:25:32.253 [JavaFX Application Thread] DEBUG AssetLoaderService   - Loading from cache: /assets/textures/driver4.png
23:25:32.766 [JavaFX Application Thread] DEBUG AssetLoaderService   - Loading from cache: /assets/textures/driver3.png
23:25:33.278 [JavaFX Application Thread] DEBUG AssetLoaderService   - Loading from cache: /assets/textures/driver3.png
23:25:33.806 [JavaFX Application Thread] DEBUG AssetLoaderService   - Loading from cache: /assets/textures/driver2.png
23:25:34.319 [JavaFX Application Thread] DEBUG AssetLoaderService   - Loading from cache: /assets/textures/driver4.png
23:25:34.831 [JavaFX Application Thread] DEBUG AssetLoaderService   - Loading from cache: /assets/textures/driver0.png
23:25:35.358 [JavaFX Application Thread] DEBUG AssetLoaderService   - Loading from cache: /assets/textures/driver3.png
23:25:35.871 [JavaFX Application Thread] DEBUG AssetLoaderService   - Loading from cache: /assets/textures/driver2.png
23:25:36.382 [JavaFX Application Thread] DEBUG AssetLoaderService   - Loading from cache: /assets/textures/driver0.png
23:25:36.893 [JavaFX Application Thread] DEBUG AssetLoaderService   - Loading from cache: /assets/textures/driver4.png
23:25:37.406 [JavaFX Application Thread] DEBUG AssetLoaderService   - Loading from cache: /assets/textures/driver4.png
23:25:37.901 [JavaFX Application Thread] DEBUG AssetLoaderService   - Loading from cache: /assets/textures/driver4.png
23:25:38.398 [JavaFX Application Thread] DEBUG AssetLoaderService   - Loading from cache: /assets/textures/driver2.png
23:25:38.894 [JavaFX Application Thread] DEBUG AssetLoaderService   - Loading from cache: /assets/textures/driver4.png
23:25:39.166 [JavaFX Application Thread] DEBUG AssetLoaderService   - Loading from file system: /assets/textures/coin.png
23:25:39.405 [JavaFX Application Thread] DEBUG AssetLoaderService   - Loading from cache: /assets/textures/driver3.png
23:25:39.902 [JavaFX Application Thread] DEBUG AssetLoaderService   - Loading from file system: /assets/textures/driver1.png
23:25:40.398 [JavaFX Application Thread] DEBUG AssetLoaderService   - Loading from cache: /assets/textures/driver2.png
23:25:40.893 [JavaFX Application Thread] DEBUG AssetLoaderService   - Loading from cache: /assets/textures/driver4.png
23:25:41.406 [JavaFX Application Thread] DEBUG AssetLoaderService   - Loading from cache: /assets/textures/driver0.png
23:25:41.903 [JavaFX Application Thread] DEBUG AssetLoaderService   - Loading from cache: /assets/textures/driver4.png
23:25:42.397 [JavaFX Application Thread] DEBUG AssetLoaderService   - Loading from cache: /assets/textures/driver4.png
23:25:42.894 [JavaFX Application Thread] DEBUG AssetLoaderService   - Loading from cache: /assets/textures/driver1.png
23:25:43.405 [JavaFX Application Thread] DEBUG AssetLoaderService   - Loading from cache: /assets/textures/driver3.png
23:25:43.902 [JavaFX Application Thread] DEBUG AssetLoaderService   - Loading from cache: /assets/textures/driver1.png
23:25:44.398 [JavaFX Application Thread] DEBUG AssetLoaderService   - Loading from cache: /assets/textures/driver0.png
23:25:44.893 [JavaFX Application Thread] DEBUG AssetLoaderService   - Loading from cache: /assets/textures/driver3.png
23:25:45.422 [JavaFX Application Thread] DEBUG AssetLoaderService   - Loading from cache: /assets/textures/driver4.png
23:25:45.933 [JavaFX Application Thread] DEBUG AssetLoaderService   - Loading from cache: /assets/textures/driver4.png
23:25:46.446 [JavaFX Application Thread] DEBUG AssetLoaderService   - Loading from cache: /assets/textures/driver2.png
23:25:46.975 [JavaFX Application Thread] DEBUG AssetLoaderService   - Loading from cache: /assets/textures/driver0.png
23:25:47.485 [JavaFX Application Thread] DEBUG AssetLoaderService   - Loading from cache: /assets/textures/driver2.png
23:25:47.998 [JavaFX Application Thread] DEBUG AssetLoaderService   - Loading from cache: /assets/textures/driver1.png
23:25:48.527 [JavaFX Application Thread] DEBUG AssetLoaderService   - Loading from cache: /assets/textures/driver1.png
23:25:49.038 [JavaFX Application Thread] DEBUG AssetLoaderService   - Loading from cache: /assets/textures/driver3.png
23:25:49.166 [JavaFX Application Thread] DEBUG AssetLoaderService   - Loading from cache: /assets/textures/coin.png
23:25:49.550 [JavaFX Application Thread] DEBUG AssetLoaderService   - Loading from cache: /assets/textures/driver3.png
23:25:50.062 [JavaFX Application Thread] DEBUG AssetLoaderService   - Loading from cache: /assets/textures/driver2.png
23:25:50.590 [JavaFX Application Thread] DEBUG AssetLoaderService   - Loading from cache: /assets/textures/driver3.png
23:25:51.103 [JavaFX Application Thread] DEBUG AssetLoaderService   - Loading from cache: /assets/textures/driver2.png
23:25:51.614 [JavaFX Application Thread] DEBUG AssetLoaderService   - Loading from cache: /assets/textures/driver3.png
23:25:52.126 [JavaFX Application Thread] DEBUG AssetLoaderService   - Loading from cache: /assets/textures/driver0.png
23:25:52.653 [JavaFX Application Thread] DEBUG AssetLoaderService   - Loading from cache: /assets/textures/driver3.png
23:25:53.166 [JavaFX Application Thread] DEBUG AssetLoaderService   - Loading from cache: /assets/textures/driver3.png
23:25:53.343 [JavaFX Application Thread] DEBUG GameApplication      - Exiting FXGL
23:25:53.343 [JavaFX Application Thread] DEBUG LoopRunner           - Stopping loop
23:25:53.343 [JavaFX Application Thread] DEBUG SystemBundleService  - Saving FXGL system data
23:25:53.345 [JavaFX Application Thread] DEBUG FileSystemAccess     - Writing to: E:\secondYear\Java\NewfoundlandRacer\system\fxgl.bundle
23:25:53.347 [JavaFX Application Thread] DEBUG GameApplication      - Shutting down background threads
23:25:53.347 [JavaFX Application Thread] DEBUG GameApplication      - Closing logger and exiting JavaFX
