20:20:27.670 [main                     ] DEBUG GameApplication      - Logger initialized
20:20:27.674 [main                     ] DEBUG GameApplication      - Logging settings
Title: Newfoundland Moose Collision
Version: 0.1
Width: 840
Height: 650
Fullscreen: false
Intro: false
Profiling: false
Single step:false
App Mode: DEVELOPER
Menu Key: ESCAPE
Stage Style: DECORATED
Scene Factory: class MooseGame.NewfoundRacerApp$1

20:20:28.007 [JavaFX Application Thread] DEBUG GameApplication      - Initializing FXGL
20:20:28.014 [JavaFX Application Thread] INFO  Engine               - FXGL-11.9 (27.05.2020 17.06) on WINDOWS (J:14.0.1 FX:13.0.2)
20:20:28.015 [JavaFX Application Thread] DEBUG Engine               - JRE Vendor Name: Oracle Corporation
20:20:28.015 [JavaFX Application Thread] DEBUG Engine               - Running on OS: Windows 10 version 10.0
20:20:28.015 [JavaFX Application Thread] DEBUG Engine               - Architecture: amd64
20:20:28.015 [JavaFX Application Thread] INFO  Engine               - Source code and latest versions at: https://github.com/AlmasB/FXGL
20:20:28.015 [JavaFX Application Thread] INFO  Engine               -              Join the FXGL chat at: https://gitter.im/AlmasB/FXGL
20:20:28.097 [JavaFX Application Thread] DEBUG MainWindow           - Creating a JavaFX scene
20:20:28.134 [JavaFX Application Thread] DEBUG MainWindow           - Target settings size: 840.0 x 650.0
20:20:28.134 [JavaFX Application Thread] DEBUG MainWindow           - Scaled scene size:    840.0 x 650.0
20:20:28.135 [JavaFX Application Thread] DEBUG MainWindow           - Scaled ratio: (1.0, 1.0)
20:20:28.136 [JavaFX Application Thread] DEBUG MainWindow           - Set initial scene to FXGLStartupScene
20:20:28.142 [JavaFX Application Thread] DEBUG MainWindow           - Opening main window
20:20:28.219 [JavaFX Application Thread] DEBUG MainWindow           - Window border size: (16.0, 39.0)
20:20:28.219 [JavaFX Application Thread] DEBUG MainWindow           - Scaled size: 840.0 x 650.0
20:20:28.219 [JavaFX Application Thread] DEBUG MainWindow           - Scaled ratio: (1.0, 1.0)
20:20:28.219 [JavaFX Application Thread] DEBUG MainWindow           - Scene size: 840.0 x 650.0
20:20:28.219 [JavaFX Application Thread] DEBUG MainWindow           - Stage size: 856.0 x 689.0
20:20:28.226 [FXGL Background Thread 1 ] DEBUG Engine               - Initializing environment variables
20:20:28.248 [FXGL Background Thread 1 ] DEBUG WindowService        - Applying CSS: fxgl_dark.css
20:20:28.249 [FXGL Background Thread 1 ] DEBUG AssetLoaderService   - Loading from file system: /assets/ui/css/fxgl_dark.css
20:20:28.283 [FXGL Background Thread 1 ] DEBUG WindowService        - Initializing application scenes
20:20:28.304 [FXGL Background Thread 1 ] DEBUG GameWorld            - Game world initialized
20:20:28.331 [FXGL Background Thread 1 ] DEBUG PhysicsWorld         - Physics world initialized: appHeight=650, physics.ppm=50.0
20:20:28.333 [FXGL Background Thread 1 ] DEBUG GameScene            - Game scene initialized: 840x650
20:20:28.412 [FXGL Background Thread 1 ] DEBUG AssetLoaderService   - Loading from file system: /assets/textures/particles/trace_horizontal.png
20:20:28.436 [FXGL Background Thread 1 ] DEBUG FXGL.DefaultMenu     - createMenuBodyGameMenu()
20:20:28.444 [FXGL Background Thread 1 ] DEBUG FXGL.DefaultMenu     - createOptionsMenu()
20:20:28.447 [FXGL Background Thread 1 ] DEBUG AssetLoaderService   - Loading from file system: /assets/textures/particles/smoke.png
20:20:28.491 [FXGL Background Thread 1 ] DEBUG WindowService        - Application scenes initialized
20:20:28.499 [FXGL Background Thread 1 ] DEBUG SystemBundleService  - Loading FXGL system data
20:20:28.503 [FXGL Background Thread 1 ] DEBUG FileSystemAccess     - Reading from: E:\secondYear\Java\NewfoundlandRacer\system\fxgl.bundle
20:20:28.508 [FXGL Background Thread 1 ] DEBUG SystemBundleService  - Bundle FXGL: {}
20:20:28.508 [FXGL Background Thread 1 ] INFO  Engine               - FXGL initialization took: 0.280 sec
20:20:28.510 [FXGL Background Thread 1 ] DEBUG GameApplication      - Loading localizations
20:20:28.511 [FXGL Background Thread 1 ] DEBUG AssetLoaderService   - Loading from file system: /assets/languages/english.lang
20:20:28.521 [FXGL Background Thread 1 ] DEBUG AssetLoaderService   - Loading from file system: /assets/languages/french.lang
20:20:28.522 [FXGL Background Thread 1 ] DEBUG AssetLoaderService   - Loading from file system: /assets/languages/german.lang
20:20:28.524 [FXGL Background Thread 1 ] DEBUG AssetLoaderService   - Loading from file system: /assets/languages/hungarian.lang
20:20:28.526 [FXGL Background Thread 1 ] DEBUG AssetLoaderService   - Loading from file system: /assets/languages/russian.lang
20:20:28.527 [FXGL Background Thread 1 ] DEBUG GameApplication      - Registering font factories with UI factory
20:20:28.527 [FXGL Background Thread 1 ] DEBUG AssetLoaderService   - Loading from file system: /assets/ui/fonts/VarelaRound-Regular.ttf
20:20:28.556 [FXGL Background Thread 1 ] DEBUG AssetLoaderService   - Loading from file system: /assets/ui/fonts/Abel-Regular.ttf
20:20:28.559 [FXGL Background Thread 1 ] DEBUG AssetLoaderService   - Loading from file system: /assets/ui/fonts/lucida_console.ttf
20:20:28.562 [FXGL Background Thread 1 ] DEBUG AssetLoaderService   - Loading from file system: /assets/ui/fonts/Courier-Prime.ttf
20:20:28.571 [JavaFX Application Thread] DEBUG Input                - Registered new binding: Move Right - D
20:20:28.571 [JavaFX Application Thread] DEBUG Input                - Registered new binding: Move Left - A
20:20:28.571 [JavaFX Application Thread] DEBUG Input                - Registered new binding: Move Up - W
20:20:28.571 [JavaFX Application Thread] DEBUG Input                - Registered new binding: Move Down - S
20:20:28.571 [JavaFX Application Thread] DEBUG AssetLoaderService   - Loading from file system: /assets/textures/fxgl_icon.png
20:20:28.589 [JavaFX Application Thread] DEBUG AssetLoaderService   - Loading from file system: /assets/ui/cursors/fxgl_default.png
20:20:28.590 [JavaFX Application Thread] DEBUG Input                - Registered new binding: Screenshot - P
20:20:28.591 [JavaFX Application Thread] DEBUG Input                - Registered new binding: System info dump - CTRL+9
20:20:28.591 [JavaFX Application Thread] DEBUG Input                - Registered new binding: Restart - CTRL+R
20:20:28.591 [JavaFX Application Thread] DEBUG LoopRunner           - Starting loop
20:20:28.604 [JavaFX Application Thread] DEBUG FXGLStartupScene     - STARTUP
20:20:28.605 [JavaFX Application Thread] DEBUG Input                - Clearing active input actions
20:20:28.610 [JavaFX Application Thread] DEBUG WindowService        - Removing overlay from FXGLStartupScene and adding to 
20:20:28.610 [JavaFX Application Thread] DEBUG MainWindow           - FXGLStartupScene -> 
20:20:28.610 [JavaFX Application Thread] DEBUG MainWindow           - Push state: NewfoundlandRacerMainMenu
20:20:28.610 [JavaFX Application Thread] DEBUG Input                - Clearing active input actions
20:20:28.619 [JavaFX Application Thread] DEBUG WindowService        - Removing overlay from  and adding to NewfoundlandRacerMainMenu
20:20:28.620 [JavaFX Application Thread] DEBUG MainWindow           -  -> NewfoundlandRacerMainMenu
20:20:31.511 [FXGL Background Thread 2 ] DEBUG Engine               - Logging environment variables
20:20:31.511 [FXGL Background Thread 2 ] DEBUG Engine               - achievements: []
20:20:31.511 [FXGL Background Thread 2 ] DEBUG Engine               - appIcon: fxgl_icon.png
20:20:31.511 [FXGL Background Thread 2 ] DEBUG Engine               - applicationMode: DEVELOPER
20:20:31.511 [FXGL Background Thread 2 ] DEBUG Engine               - cSSList: [fxgl_dark.css]
20:20:31.512 [FXGL Background Thread 2 ] DEBUG Engine               - configClass: Optional.empty
20:20:31.512 [FXGL Background Thread 2 ] DEBUG Engine               - credits: []
20:20:31.512 [FXGL Background Thread 2 ] DEBUG Engine               - devBBoxColorProperty: ObjectProperty [value: 0xff0000ff]
20:20:31.512 [FXGL Background Thread 2 ] DEBUG Engine               - devSensorColorProperty: ObjectProperty [value: 0xffff00ff]
20:20:31.512 [FXGL Background Thread 2 ] DEBUG Engine               - devShowBBoxProperty: BooleanProperty [value: false]
20:20:31.512 [FXGL Background Thread 2 ] DEBUG Engine               - devShowPositionProperty: BooleanProperty [value: false]
20:20:31.512 [FXGL Background Thread 2 ] DEBUG Engine               - enabledMenuItems: []
20:20:31.513 [FXGL Background Thread 2 ] DEBUG Engine               - engineServices: [class com.almasb.fxgl.app.GameApplication$GameApplicationService, class com.almasb.fxgl.app.services.WindowService, class com.almasb.fxgl.app.services.FXGLDialogService, class com.almasb.fxgl.app.services.IOTaskExecutorService, class com.almasb.fxgl.event.EventBusService, class com.almasb.fxgl.io.FileSystemService, class com.almasb.fxgl.localization.LocalizationService, class com.almasb.fxgl.app.services.AssetLoaderService, class com.almasb.fxgl.app.services.SystemBundleService, class com.almasb.fxgl.profile.SaveLoadService, class com.almasb.fxgl.ui.FXGLUIFactoryServiceProvider, class com.almasb.fxgl.ui.FXGLDialogFactoryServiceProvider, class com.almasb.fxgl.audio.AudioPlayer, class com.almasb.fxgl.notification.impl.NotificationServiceProvider, class com.almasb.fxgl.achievement.AchievementService, class com.almasb.fxgl.cutscene.CutsceneService, class com.almasb.fxgl.minigames.MiniGameService, class com.almasb.fxgl.net.NetService, class com.almasb.fxgl.app.services.UpdaterService, class com.almasb.fxgl.dev.DevService]
20:20:31.513 [FXGL Background Thread 2 ] DEBUG Engine               - fontGame: Abel-Regular.ttf
20:20:31.513 [FXGL Background Thread 2 ] DEBUG Engine               - fontMono: lucida_console.ttf
20:20:31.513 [FXGL Background Thread 2 ] DEBUG Engine               - fontText: Courier-Prime.ttf
20:20:31.513 [FXGL Background Thread 2 ] DEBUG Engine               - fontUI: VarelaRound-Regular.ttf
20:20:31.513 [FXGL Background Thread 2 ] DEBUG Engine               - fullScreen: BooleanProperty [value: false]
20:20:31.513 [FXGL Background Thread 2 ] DEBUG Engine               - gameDifficulty: MEDIUM
20:20:31.513 [FXGL Background Thread 2 ] DEBUG Engine               - gameDifficultyProperty: ObjectProperty [value: MEDIUM]
20:20:31.514 [FXGL Background Thread 2 ] DEBUG Engine               - globalMusicVolume: 0.5
20:20:31.514 [FXGL Background Thread 2 ] DEBUG Engine               - globalMusicVolumeProperty: DoubleProperty [value: 0.5]
20:20:31.514 [FXGL Background Thread 2 ] DEBUG Engine               - globalSoundVolume: 0.5
20:20:31.514 [FXGL Background Thread 2 ] DEBUG Engine               - globalSoundVolumeProperty: DoubleProperty [value: 0.5]
20:20:31.514 [FXGL Background Thread 2 ] DEBUG Engine               - height: 650
20:20:31.514 [FXGL Background Thread 2 ] DEBUG Engine               - isAndroid: false
20:20:31.514 [FXGL Background Thread 2 ] DEBUG Engine               - isBrowser: false
20:20:31.514 [FXGL Background Thread 2 ] DEBUG Engine               - isClickFeedbackEnabled: false
20:20:31.514 [FXGL Background Thread 2 ] DEBUG Engine               - isCloseConfirmation: false
20:20:31.515 [FXGL Background Thread 2 ] DEBUG Engine               - isDesktop: true
20:20:31.515 [FXGL Background Thread 2 ] DEBUG Engine               - isDeveloperMenuEnabled: false
20:20:31.515 [FXGL Background Thread 2 ] DEBUG Engine               - isExperimentalNative: false
20:20:31.515 [FXGL Background Thread 2 ] DEBUG Engine               - isExperimentalTiledLargeMap: false
20:20:31.515 [FXGL Background Thread 2 ] DEBUG Engine               - isFullScreenAllowed: false
20:20:31.515 [FXGL Background Thread 2 ] DEBUG Engine               - isFullScreenFromStart: false
20:20:31.515 [FXGL Background Thread 2 ] DEBUG Engine               - isGameMenuEnabled: true
20:20:31.515 [FXGL Background Thread 2 ] DEBUG Engine               - isIOS: false
20:20:31.515 [FXGL Background Thread 2 ] DEBUG Engine               - isIntroEnabled: false
20:20:31.516 [FXGL Background Thread 2 ] DEBUG Engine               - isLinux: false
20:20:31.516 [FXGL Background Thread 2 ] DEBUG Engine               - isMac: false
20:20:31.516 [FXGL Background Thread 2 ] DEBUG Engine               - isMainMenuEnabled: true
20:20:31.516 [FXGL Background Thread 2 ] DEBUG Engine               - isManualResizeEnabled: false
20:20:31.516 [FXGL Background Thread 2 ] DEBUG Engine               - isMobile: false
20:20:31.516 [FXGL Background Thread 2 ] DEBUG Engine               - isPreserveResizeRatio: false
20:20:31.516 [FXGL Background Thread 2 ] DEBUG Engine               - isProfilingEnabled: false
20:20:31.516 [FXGL Background Thread 2 ] DEBUG Engine               - isSingleStep: false
20:20:31.516 [FXGL Background Thread 2 ] DEBUG Engine               - isUserProfileEnabled: false
20:20:31.516 [FXGL Background Thread 2 ] DEBUG Engine               - isWindows: true
20:20:31.516 [FXGL Background Thread 2 ] DEBUG Engine               - language: ObjectProperty [value: ENGLISH]
20:20:31.517 [FXGL Background Thread 2 ] DEBUG Engine               - mainWindow: com.almasb.fxgl.app.MainWindow@587edca4
20:20:31.517 [FXGL Background Thread 2 ] DEBUG Engine               - menuKey: ESCAPE
20:20:31.517 [FXGL Background Thread 2 ] DEBUG Engine               - notificationViewClass: class com.almasb.fxgl.notification.view.XboxNotificationView
20:20:31.517 [FXGL Background Thread 2 ] DEBUG Engine               - pixelsPerMeter: 50.0
20:20:31.517 [FXGL Background Thread 2 ] DEBUG Engine               - platform: WINDOWS
20:20:31.517 [FXGL Background Thread 2 ] DEBUG Engine               - profileDir: profiles/
20:20:31.517 [FXGL Background Thread 2 ] DEBUG Engine               - profileName: StringProperty [value: DEFAULT]
20:20:31.517 [FXGL Background Thread 2 ] DEBUG Engine               - randomSeed: -1
20:20:31.517 [FXGL Background Thread 2 ] DEBUG Engine               - runtimeInfo: RuntimeInfo(platform=WINDOWS, version=11.9, build=27.05.2020 17.06)
20:20:31.517 [FXGL Background Thread 2 ] DEBUG Engine               - saveFileExt: sav
20:20:31.517 [FXGL Background Thread 2 ] DEBUG Engine               - sceneFactory: MooseGame.NewfoundRacerApp$1@1d7c59cf
20:20:31.517 [FXGL Background Thread 2 ] DEBUG Engine               - secondsIn24h: 60
20:20:31.518 [FXGL Background Thread 2 ] DEBUG Engine               - settings: Title: Newfoundland Moose Collision
Version: 0.1
Width: 840
Height: 650
Fullscreen: false
Intro: false
Profiling: false
Single step:false
App Mode: DEVELOPER
Menu Key: ESCAPE
Stage Style: DECORATED
Scene Factory: class MooseGame.NewfoundRacerApp$1

20:20:31.518 [FXGL Background Thread 2 ] DEBUG Engine               - soundMenuBack: menu/back.wav
20:20:31.518 [FXGL Background Thread 2 ] DEBUG Engine               - soundMenuPress: menu/press.wav
20:20:31.518 [FXGL Background Thread 2 ] DEBUG Engine               - soundMenuSelect: menu/select.wav
20:20:31.518 [FXGL Background Thread 2 ] DEBUG Engine               - soundNotification: core/notification.wav
20:20:31.518 [FXGL Background Thread 2 ] DEBUG Engine               - stageStyle: DECORATED
20:20:31.518 [FXGL Background Thread 2 ] DEBUG Engine               - supportedLanguages: [ENGLISH, FRENCH, GERMAN, HUNGARIAN, RUSSIAN]
20:20:31.518 [FXGL Background Thread 2 ] DEBUG Engine               - title: Newfoundland Moose Collision
20:20:31.518 [FXGL Background Thread 2 ] DEBUG Engine               - urlGithub: https://github.com/AlmasB/FXGL
20:20:31.518 [FXGL Background Thread 2 ] DEBUG Engine               - urlLeaderboard: http://fxgl-top.herokuapp.com/
20:20:31.518 [FXGL Background Thread 2 ] DEBUG Engine               - urlPOM: https://raw.githubusercontent.com/AlmasB/FXGL/master/pom.xml
20:20:31.518 [FXGL Background Thread 2 ] DEBUG Engine               - version: 0.1
20:20:31.518 [FXGL Background Thread 2 ] DEBUG Engine               - versionCheckDays: 7
20:20:31.518 [FXGL Background Thread 2 ] DEBUG Engine               - width: 840
20:20:31.519 [FXGL Background Thread 2 ] DEBUG Engine               - Logging services
20:20:31.519 [FXGL Background Thread 2 ] DEBUG Engine               - class com.almasb.fxgl.app.GameApplication$GameApplicationService
20:20:31.519 [FXGL Background Thread 2 ] DEBUG Engine               - class com.almasb.fxgl.app.services.WindowService
20:20:31.519 [FXGL Background Thread 2 ] DEBUG Engine               - class com.almasb.fxgl.app.services.FXGLDialogService
20:20:31.519 [FXGL Background Thread 2 ] DEBUG Engine               - class com.almasb.fxgl.app.services.IOTaskExecutorService
20:20:31.519 [FXGL Background Thread 2 ] DEBUG Engine               - class com.almasb.fxgl.event.EventBusService
20:20:31.519 [FXGL Background Thread 2 ] DEBUG Engine               - class com.almasb.fxgl.io.FileSystemService
20:20:31.519 [FXGL Background Thread 2 ] DEBUG Engine               - class com.almasb.fxgl.localization.LocalizationService
20:20:31.519 [FXGL Background Thread 2 ] DEBUG Engine               - class com.almasb.fxgl.app.services.AssetLoaderService
20:20:31.519 [FXGL Background Thread 2 ] DEBUG Engine               - class com.almasb.fxgl.app.services.SystemBundleService
20:20:31.519 [FXGL Background Thread 2 ] DEBUG Engine               - class com.almasb.fxgl.profile.SaveLoadService
20:20:31.519 [FXGL Background Thread 2 ] DEBUG Engine               - class com.almasb.fxgl.ui.FXGLUIFactoryServiceProvider
20:20:31.519 [FXGL Background Thread 2 ] DEBUG Engine               - class com.almasb.fxgl.ui.FXGLDialogFactoryServiceProvider
20:20:31.519 [FXGL Background Thread 2 ] DEBUG Engine               - class com.almasb.fxgl.audio.AudioPlayer
20:20:31.519 [FXGL Background Thread 2 ] DEBUG Engine               - class com.almasb.fxgl.notification.impl.NotificationServiceProvider
20:20:31.520 [FXGL Background Thread 2 ] DEBUG Engine               - class com.almasb.fxgl.achievement.AchievementService
20:20:31.520 [FXGL Background Thread 2 ] DEBUG Engine               - class com.almasb.fxgl.cutscene.CutsceneService
20:20:31.520 [FXGL Background Thread 2 ] DEBUG Engine               - class com.almasb.fxgl.minigames.MiniGameService
20:20:31.520 [FXGL Background Thread 2 ] DEBUG Engine               - class com.almasb.fxgl.net.NetService
20:20:31.520 [FXGL Background Thread 2 ] DEBUG Engine               - class com.almasb.fxgl.app.services.UpdaterService
20:20:31.520 [FXGL Background Thread 2 ] DEBUG Engine               - class com.almasb.fxgl.dev.DevService
20:20:42.020 [JavaFX Application Thread] DEBUG GameApplication      - Exiting FXGL
20:20:42.020 [JavaFX Application Thread] DEBUG LoopRunner           - Stopping loop
20:20:42.020 [JavaFX Application Thread] DEBUG SystemBundleService  - Saving FXGL system data
20:20:42.022 [JavaFX Application Thread] DEBUG FileSystemAccess     - Writing to: E:\secondYear\Java\NewfoundlandRacer\system\fxgl.bundle
20:20:42.023 [JavaFX Application Thread] DEBUG GameApplication      - Shutting down background threads
20:20:42.023 [JavaFX Application Thread] DEBUG GameApplication      - Closing logger and exiting JavaFX
