10:09:49.967 [main                     ] DEBUG GameApplication      - Logger initialized
10:09:49.971 [main                     ] DEBUG GameApplication      - Logging settings
Title: Newfoundland Moose Collision
Version: 0.1
Width: 840
Height: 650
Fullscreen: false
Intro: false
Profiling: false
Single step:false
App Mode: DEVELOPER
Menu Key: ESCAPE
Stage Style: DECORATED
Scene Factory: class MooseGame.NewfoundRacerApp$1

10:09:50.292 [JavaFX Application Thread] DEBUG GameApplication      - Initializing FXGL
10:09:50.301 [JavaFX Application Thread] INFO  Engine               - FXGL-11.9 (27.05.2020 17.06) on WINDOWS (J:14.0.1 FX:13.0.2)
10:09:50.302 [JavaFX Application Thread] DEBUG Engine               - JRE Vendor Name: Oracle Corporation
10:09:50.302 [JavaFX Application Thread] DEBUG Engine               - Running on OS: Windows 10 version 10.0
10:09:50.302 [JavaFX Application Thread] DEBUG Engine               - Architecture: amd64
10:09:50.302 [JavaFX Application Thread] INFO  Engine               - Source code and latest versions at: https://github.com/AlmasB/FXGL
10:09:50.302 [JavaFX Application Thread] INFO  Engine               -              Join the FXGL chat at: https://gitter.im/AlmasB/FXGL
10:09:50.383 [JavaFX Application Thread] DEBUG MainWindow           - Creating a JavaFX scene
10:09:50.426 [JavaFX Application Thread] DEBUG MainWindow           - Target settings size: 840.0 x 650.0
10:09:50.426 [JavaFX Application Thread] DEBUG MainWindow           - Scaled scene size:    840.0 x 650.0
10:09:50.426 [JavaFX Application Thread] DEBUG MainWindow           - Scaled ratio: (1.0, 1.0)
10:09:50.428 [JavaFX Application Thread] DEBUG MainWindow           - Set initial scene to FXGLStartupScene
10:09:50.433 [JavaFX Application Thread] DEBUG MainWindow           - Opening main window
10:09:50.512 [JavaFX Application Thread] DEBUG MainWindow           - Window border size: (16.0, 39.0)
10:09:50.512 [JavaFX Application Thread] DEBUG MainWindow           - Scaled size: 840.0 x 650.0
10:09:50.512 [JavaFX Application Thread] DEBUG MainWindow           - Scaled ratio: (1.0, 1.0)
10:09:50.512 [JavaFX Application Thread] DEBUG MainWindow           - Scene size: 840.0 x 650.0
10:09:50.512 [JavaFX Application Thread] DEBUG MainWindow           - Stage size: 856.0 x 689.0
10:09:50.518 [FXGL Background Thread 1 ] DEBUG Engine               - Initializing environment variables
10:09:50.535 [FXGL Background Thread 1 ] DEBUG WindowService        - Applying CSS: fxgl_dark.css
10:09:50.536 [FXGL Background Thread 1 ] DEBUG AssetLoaderService   - Loading from file system: /assets/ui/css/fxgl_dark.css
10:09:50.567 [FXGL Background Thread 1 ] DEBUG WindowService        - Initializing application scenes
10:09:50.589 [FXGL Background Thread 1 ] DEBUG GameWorld            - Game world initialized
10:09:50.620 [FXGL Background Thread 1 ] DEBUG PhysicsWorld         - Physics world initialized: appHeight=650, physics.ppm=50.0
10:09:50.622 [FXGL Background Thread 1 ] DEBUG GameScene            - Game scene initialized: 840x650
10:09:50.692 [FXGL Background Thread 1 ] DEBUG AssetLoaderService   - Loading from file system: /assets/textures/particles/trace_horizontal.png
10:09:50.729 [FXGL Background Thread 1 ] DEBUG FXGL.DefaultMenu     - createMenuBodyGameMenu()
10:09:50.736 [FXGL Background Thread 1 ] DEBUG FXGL.DefaultMenu     - createOptionsMenu()
10:09:50.739 [FXGL Background Thread 1 ] DEBUG AssetLoaderService   - Loading from file system: /assets/textures/particles/smoke.png
10:09:50.781 [FXGL Background Thread 1 ] DEBUG WindowService        - Application scenes initialized
10:09:50.788 [FXGL Background Thread 1 ] DEBUG SystemBundleService  - Loading FXGL system data
10:09:50.791 [FXGL Background Thread 1 ] DEBUG FileSystemAccess     - Reading from: E:\secondYear\Java\NewfoundlandRacer\system\fxgl.bundle
10:09:50.795 [FXGL Background Thread 1 ] DEBUG SystemBundleService  - Bundle FXGL: {}
10:09:50.796 [FXGL Background Thread 1 ] INFO  Engine               - FXGL initialization took: 0.277 sec
10:09:50.797 [FXGL Background Thread 1 ] DEBUG GameApplication      - Loading localizations
10:09:50.798 [FXGL Background Thread 1 ] DEBUG AssetLoaderService   - Loading from file system: /assets/languages/english.lang
10:09:50.807 [FXGL Background Thread 1 ] DEBUG AssetLoaderService   - Loading from file system: /assets/languages/french.lang
10:09:50.809 [FXGL Background Thread 1 ] DEBUG AssetLoaderService   - Loading from file system: /assets/languages/german.lang
10:09:50.810 [FXGL Background Thread 1 ] DEBUG AssetLoaderService   - Loading from file system: /assets/languages/hungarian.lang
10:09:50.812 [FXGL Background Thread 1 ] DEBUG AssetLoaderService   - Loading from file system: /assets/languages/russian.lang
10:09:50.813 [FXGL Background Thread 1 ] DEBUG GameApplication      - Registering font factories with UI factory
10:09:50.813 [FXGL Background Thread 1 ] DEBUG AssetLoaderService   - Loading from file system: /assets/ui/fonts/VarelaRound-Regular.ttf
10:09:50.841 [FXGL Background Thread 1 ] DEBUG AssetLoaderService   - Loading from file system: /assets/ui/fonts/Abel-Regular.ttf
10:09:50.843 [FXGL Background Thread 1 ] DEBUG AssetLoaderService   - Loading from file system: /assets/ui/fonts/lucida_console.ttf
10:09:50.846 [FXGL Background Thread 1 ] DEBUG AssetLoaderService   - Loading from file system: /assets/ui/fonts/Courier-Prime.ttf
10:09:50.853 [JavaFX Application Thread] DEBUG Input                - Registered new binding: Move Right - D
10:09:50.853 [JavaFX Application Thread] DEBUG Input                - Registered new binding: Move Left - A
10:09:50.854 [JavaFX Application Thread] DEBUG Input                - Registered new binding: Move Up - W
10:09:50.854 [JavaFX Application Thread] DEBUG Input                - Registered new binding: Move Down - S
10:09:50.854 [JavaFX Application Thread] DEBUG AssetLoaderService   - Loading from file system: /assets/textures/fxgl_icon.png
10:09:50.868 [JavaFX Application Thread] DEBUG AssetLoaderService   - Loading from file system: /assets/ui/cursors/fxgl_default.png
10:09:50.869 [JavaFX Application Thread] DEBUG Input                - Registered new binding: Screenshot - P
10:09:50.870 [JavaFX Application Thread] DEBUG Input                - Registered new binding: System info dump - CTRL+9
10:09:50.870 [JavaFX Application Thread] DEBUG Input                - Registered new binding: Restart - CTRL+R
10:09:50.870 [JavaFX Application Thread] DEBUG LoopRunner           - Starting loop
10:09:50.875 [JavaFX Application Thread] DEBUG FXGLStartupScene     - STARTUP
10:09:50.876 [JavaFX Application Thread] DEBUG Input                - Clearing active input actions
10:09:50.880 [JavaFX Application Thread] DEBUG WindowService        - Removing overlay from FXGLStartupScene and adding to 
10:09:50.881 [JavaFX Application Thread] DEBUG MainWindow           - FXGLStartupScene -> 
10:09:50.881 [JavaFX Application Thread] DEBUG MainWindow           - Push state: NewfoundlandRacerMainMenu
10:09:50.881 [JavaFX Application Thread] DEBUG Input                - Clearing active input actions
10:09:50.887 [JavaFX Application Thread] DEBUG WindowService        - Removing overlay from  and adding to NewfoundlandRacerMainMenu
10:09:50.887 [JavaFX Application Thread] DEBUG MainWindow           -  -> NewfoundlandRacerMainMenu
10:09:51.585 [JavaFX Application Thread] DEBUG Menu                 - fireNewGame()
10:09:51.585 [JavaFX Application Thread] DEBUG WindowService        - Starting new game
10:09:51.585 [JavaFX Application Thread] DEBUG MainWindow           - Pop state: NewfoundlandRacerMainMenu
10:09:51.585 [JavaFX Application Thread] DEBUG Input                - Clearing active input actions
10:09:51.586 [JavaFX Application Thread] DEBUG WindowService        - Removing overlay from NewfoundlandRacerMainMenu and adding to 
10:09:51.586 [JavaFX Application Thread] DEBUG MainWindow           -  <- NewfoundlandRacerMainMenu
10:09:51.586 [JavaFX Application Thread] DEBUG Input                - Clearing active input actions
10:09:51.591 [JavaFX Application Thread] DEBUG WindowService        - Removing overlay from  and adding to FXGLLoadingScene
10:09:51.592 [JavaFX Application Thread] DEBUG MainWindow           -  -> FXGLLoadingScene
10:09:51.592 [JavaFX Application Thread] DEBUG WindowService        - Clearing previous game
10:09:51.592 [JavaFX Application Thread] DEBUG GameScene            - Clearing game scene
10:09:51.592 [JavaFX Application Thread] DEBUG GameWorld            - Clearing game world
10:09:51.592 [JavaFX Application Thread] DEBUG PhysicsWorld         - Clearing physics world
10:09:51.593 [FXGL Background Thread 1 ] DEBUG GameApplication      - Initializing game
10:09:51.598 [FXGL Background Thread 1 ] DEBUG AssetLoaderService   - Loading from file system: /assets/textures/4lanehighway.png
10:09:51.660 [FXGL Background Thread 1 ] DEBUG AssetLoaderService   - Loading from file system: /assets/textures/player.png
10:09:51.670 [FXGL Background Thread 1 ] INFO  GameApplication      - Game initialization took: 0.078 sec
10:09:51.671 [JavaFX Application Thread] DEBUG Input                - Clearing active input actions
10:09:51.675 [JavaFX Application Thread] DEBUG WindowService        - Removing overlay from FXGLLoadingScene and adding to GameScene
10:09:51.676 [JavaFX Application Thread] DEBUG MainWindow           - FXGLLoadingScene -> GameScene
10:09:53.071 [JavaFX Application Thread] DEBUG AssetLoaderService   - Loading from file system: /assets/textures/driver1.png
10:09:53.798 [FXGL Background Thread 2 ] DEBUG Engine               - Logging environment variables
10:09:53.798 [FXGL Background Thread 2 ] DEBUG Engine               - achievements: []
10:09:53.798 [FXGL Background Thread 2 ] DEBUG Engine               - appIcon: fxgl_icon.png
10:09:53.798 [FXGL Background Thread 2 ] DEBUG Engine               - applicationMode: DEVELOPER
10:09:53.798 [FXGL Background Thread 2 ] DEBUG Engine               - cSSList: [fxgl_dark.css]
10:09:53.798 [FXGL Background Thread 2 ] DEBUG Engine               - configClass: Optional.empty
10:09:53.798 [FXGL Background Thread 2 ] DEBUG Engine               - credits: []
10:09:53.798 [FXGL Background Thread 2 ] DEBUG Engine               - devBBoxColorProperty: ObjectProperty [value: 0xff0000ff]
10:09:53.799 [FXGL Background Thread 2 ] DEBUG Engine               - devSensorColorProperty: ObjectProperty [value: 0xffff00ff]
10:09:53.799 [FXGL Background Thread 2 ] DEBUG Engine               - devShowBBoxProperty: BooleanProperty [value: false]
10:09:53.799 [FXGL Background Thread 2 ] DEBUG Engine               - devShowPositionProperty: BooleanProperty [value: false]
10:09:53.799 [FXGL Background Thread 2 ] DEBUG Engine               - enabledMenuItems: []
10:09:53.799 [FXGL Background Thread 2 ] DEBUG Engine               - engineServices: [class com.almasb.fxgl.app.GameApplication$GameApplicationService, class com.almasb.fxgl.app.services.WindowService, class com.almasb.fxgl.app.services.FXGLDialogService, class com.almasb.fxgl.app.services.IOTaskExecutorService, class com.almasb.fxgl.event.EventBusService, class com.almasb.fxgl.io.FileSystemService, class com.almasb.fxgl.localization.LocalizationService, class com.almasb.fxgl.app.services.AssetLoaderService, class com.almasb.fxgl.app.services.SystemBundleService, class com.almasb.fxgl.profile.SaveLoadService, class com.almasb.fxgl.ui.FXGLUIFactoryServiceProvider, class com.almasb.fxgl.ui.FXGLDialogFactoryServiceProvider, class com.almasb.fxgl.audio.AudioPlayer, class com.almasb.fxgl.notification.impl.NotificationServiceProvider, class com.almasb.fxgl.achievement.AchievementService, class com.almasb.fxgl.cutscene.CutsceneService, class com.almasb.fxgl.minigames.MiniGameService, class com.almasb.fxgl.net.NetService, class com.almasb.fxgl.app.services.UpdaterService, class com.almasb.fxgl.dev.DevService]
10:09:53.799 [FXGL Background Thread 2 ] DEBUG Engine               - fontGame: Abel-Regular.ttf
10:09:53.799 [FXGL Background Thread 2 ] DEBUG Engine               - fontMono: lucida_console.ttf
10:09:53.799 [FXGL Background Thread 2 ] DEBUG Engine               - fontText: Courier-Prime.ttf
10:09:53.799 [FXGL Background Thread 2 ] DEBUG Engine               - fontUI: VarelaRound-Regular.ttf
10:09:53.799 [FXGL Background Thread 2 ] DEBUG Engine               - fullScreen: BooleanProperty [value: false]
10:09:53.800 [FXGL Background Thread 2 ] DEBUG Engine               - gameDifficulty: MEDIUM
10:09:53.800 [FXGL Background Thread 2 ] DEBUG Engine               - gameDifficultyProperty: ObjectProperty [value: MEDIUM]
10:09:53.800 [FXGL Background Thread 2 ] DEBUG Engine               - globalMusicVolume: 0.5
10:09:53.800 [FXGL Background Thread 2 ] DEBUG Engine               - globalMusicVolumeProperty: DoubleProperty [value: 0.5]
10:09:53.800 [FXGL Background Thread 2 ] DEBUG Engine               - globalSoundVolume: 0.5
10:09:53.800 [FXGL Background Thread 2 ] DEBUG Engine               - globalSoundVolumeProperty: DoubleProperty [value: 0.5]
10:09:53.800 [FXGL Background Thread 2 ] DEBUG Engine               - height: 650
10:09:53.800 [FXGL Background Thread 2 ] DEBUG Engine               - isAndroid: false
10:09:53.800 [FXGL Background Thread 2 ] DEBUG Engine               - isBrowser: false
10:09:53.800 [FXGL Background Thread 2 ] DEBUG Engine               - isClickFeedbackEnabled: false
10:09:53.801 [FXGL Background Thread 2 ] DEBUG Engine               - isCloseConfirmation: false
10:09:53.801 [FXGL Background Thread 2 ] DEBUG Engine               - isDesktop: true
10:09:53.801 [FXGL Background Thread 2 ] DEBUG Engine               - isDeveloperMenuEnabled: false
10:09:53.801 [FXGL Background Thread 2 ] DEBUG Engine               - isExperimentalNative: false
10:09:53.801 [FXGL Background Thread 2 ] DEBUG Engine               - isExperimentalTiledLargeMap: false
10:09:53.801 [FXGL Background Thread 2 ] DEBUG Engine               - isFullScreenAllowed: false
10:09:53.801 [FXGL Background Thread 2 ] DEBUG Engine               - isFullScreenFromStart: false
10:09:53.801 [FXGL Background Thread 2 ] DEBUG Engine               - isGameMenuEnabled: true
10:09:53.801 [FXGL Background Thread 2 ] DEBUG Engine               - isIOS: false
10:09:53.801 [FXGL Background Thread 2 ] DEBUG Engine               - isIntroEnabled: false
10:09:53.801 [FXGL Background Thread 2 ] DEBUG Engine               - isLinux: false
10:09:53.801 [FXGL Background Thread 2 ] DEBUG Engine               - isMac: false
10:09:53.801 [FXGL Background Thread 2 ] DEBUG Engine               - isMainMenuEnabled: true
10:09:53.801 [FXGL Background Thread 2 ] DEBUG Engine               - isManualResizeEnabled: false
10:09:53.801 [FXGL Background Thread 2 ] DEBUG Engine               - isMobile: false
10:09:53.801 [FXGL Background Thread 2 ] DEBUG Engine               - isPreserveResizeRatio: false
10:09:53.801 [FXGL Background Thread 2 ] DEBUG Engine               - isProfilingEnabled: false
10:09:53.801 [FXGL Background Thread 2 ] DEBUG Engine               - isSingleStep: false
10:09:53.801 [FXGL Background Thread 2 ] DEBUG Engine               - isUserProfileEnabled: false
10:09:53.802 [FXGL Background Thread 2 ] DEBUG Engine               - isWindows: true
10:09:53.802 [FXGL Background Thread 2 ] DEBUG Engine               - language: ObjectProperty [value: ENGLISH]
10:09:53.802 [FXGL Background Thread 2 ] DEBUG Engine               - mainWindow: com.almasb.fxgl.app.MainWindow@60188b37
10:09:53.802 [FXGL Background Thread 2 ] DEBUG Engine               - menuKey: ESCAPE
10:09:53.802 [FXGL Background Thread 2 ] DEBUG Engine               - notificationViewClass: class com.almasb.fxgl.notification.view.XboxNotificationView
10:09:53.802 [FXGL Background Thread 2 ] DEBUG Engine               - pixelsPerMeter: 50.0
10:09:53.802 [FXGL Background Thread 2 ] DEBUG Engine               - platform: WINDOWS
10:09:53.802 [FXGL Background Thread 2 ] DEBUG Engine               - profileDir: profiles/
10:09:53.802 [FXGL Background Thread 2 ] DEBUG Engine               - profileName: StringProperty [value: DEFAULT]
10:09:53.802 [FXGL Background Thread 2 ] DEBUG Engine               - randomSeed: -1
10:09:53.802 [FXGL Background Thread 2 ] DEBUG Engine               - runtimeInfo: RuntimeInfo(platform=WINDOWS, version=11.9, build=27.05.2020 17.06)
10:09:53.802 [FXGL Background Thread 2 ] DEBUG Engine               - saveFileExt: sav
10:09:53.802 [FXGL Background Thread 2 ] DEBUG Engine               - sceneFactory: MooseGame.NewfoundRacerApp$1@251a1950
10:09:53.802 [FXGL Background Thread 2 ] DEBUG Engine               - secondsIn24h: 60
10:09:53.802 [FXGL Background Thread 2 ] DEBUG Engine               - settings: Title: Newfoundland Moose Collision
Version: 0.1
Width: 840
Height: 650
Fullscreen: false
Intro: false
Profiling: false
Single step:false
App Mode: DEVELOPER
Menu Key: ESCAPE
Stage Style: DECORATED
Scene Factory: class MooseGame.NewfoundRacerApp$1

10:09:53.802 [FXGL Background Thread 2 ] DEBUG Engine               - soundMenuBack: menu/back.wav
10:09:53.802 [FXGL Background Thread 2 ] DEBUG Engine               - soundMenuPress: menu/press.wav
10:09:53.802 [FXGL Background Thread 2 ] DEBUG Engine               - soundMenuSelect: menu/select.wav
10:09:53.802 [FXGL Background Thread 2 ] DEBUG Engine               - soundNotification: core/notification.wav
10:09:53.802 [FXGL Background Thread 2 ] DEBUG Engine               - stageStyle: DECORATED
10:09:53.802 [FXGL Background Thread 2 ] DEBUG Engine               - supportedLanguages: [ENGLISH, FRENCH, GERMAN, HUNGARIAN, RUSSIAN]
10:09:53.803 [FXGL Background Thread 2 ] DEBUG Engine               - title: Newfoundland Moose Collision
10:09:53.803 [FXGL Background Thread 2 ] DEBUG Engine               - urlGithub: https://github.com/AlmasB/FXGL
10:09:53.803 [FXGL Background Thread 2 ] DEBUG Engine               - urlLeaderboard: http://fxgl-top.herokuapp.com/
10:09:53.803 [FXGL Background Thread 2 ] DEBUG Engine               - urlPOM: https://raw.githubusercontent.com/AlmasB/FXGL/master/pom.xml
10:09:53.803 [FXGL Background Thread 2 ] DEBUG Engine               - version: 0.1
10:09:53.803 [FXGL Background Thread 2 ] DEBUG Engine               - versionCheckDays: 7
10:09:53.803 [FXGL Background Thread 2 ] DEBUG Engine               - width: 840
10:09:53.803 [FXGL Background Thread 2 ] DEBUG Engine               - Logging services
10:09:53.803 [FXGL Background Thread 2 ] DEBUG Engine               - class com.almasb.fxgl.app.GameApplication$GameApplicationService
10:09:53.803 [FXGL Background Thread 2 ] DEBUG Engine               - class com.almasb.fxgl.app.services.WindowService
10:09:53.803 [FXGL Background Thread 2 ] DEBUG Engine               - class com.almasb.fxgl.app.services.FXGLDialogService
10:09:53.803 [FXGL Background Thread 2 ] DEBUG Engine               - class com.almasb.fxgl.app.services.IOTaskExecutorService
10:09:53.803 [FXGL Background Thread 2 ] DEBUG Engine               - class com.almasb.fxgl.event.EventBusService
10:09:53.803 [FXGL Background Thread 2 ] DEBUG Engine               - class com.almasb.fxgl.io.FileSystemService
10:09:53.803 [FXGL Background Thread 2 ] DEBUG Engine               - class com.almasb.fxgl.localization.LocalizationService
10:09:53.803 [FXGL Background Thread 2 ] DEBUG Engine               - class com.almasb.fxgl.app.services.AssetLoaderService
10:09:53.803 [FXGL Background Thread 2 ] DEBUG Engine               - class com.almasb.fxgl.app.services.SystemBundleService
10:09:53.803 [FXGL Background Thread 2 ] DEBUG Engine               - class com.almasb.fxgl.profile.SaveLoadService
10:09:53.803 [FXGL Background Thread 2 ] DEBUG Engine               - class com.almasb.fxgl.ui.FXGLUIFactoryServiceProvider
10:09:53.803 [FXGL Background Thread 2 ] DEBUG Engine               - class com.almasb.fxgl.ui.FXGLDialogFactoryServiceProvider
10:09:53.803 [FXGL Background Thread 2 ] DEBUG Engine               - class com.almasb.fxgl.audio.AudioPlayer
10:09:53.804 [FXGL Background Thread 2 ] DEBUG Engine               - class com.almasb.fxgl.notification.impl.NotificationServiceProvider
10:09:53.804 [FXGL Background Thread 2 ] DEBUG Engine               - class com.almasb.fxgl.achievement.AchievementService
10:09:53.804 [FXGL Background Thread 2 ] DEBUG Engine               - class com.almasb.fxgl.cutscene.CutsceneService
10:09:53.804 [FXGL Background Thread 2 ] DEBUG Engine               - class com.almasb.fxgl.minigames.MiniGameService
10:09:53.804 [FXGL Background Thread 2 ] DEBUG Engine               - class com.almasb.fxgl.net.NetService
10:09:53.804 [FXGL Background Thread 2 ] DEBUG Engine               - class com.almasb.fxgl.app.services.UpdaterService
10:09:53.804 [FXGL Background Thread 2 ] DEBUG Engine               - class com.almasb.fxgl.dev.DevService
10:09:53.904 [JavaFX Application Thread] DEBUG AssetLoaderService   - Loading from file system: /assets/textures/pothole.png
10:09:54.328 [JavaFX Application Thread] DEBUG AssetLoaderService   - Loading from file system: /assets/textures/driver2.png
10:09:54.503 [JavaFX Application Thread] DEBUG MainWindow           - Push state: DialogSubScene
10:09:54.504 [JavaFX Application Thread] DEBUG Input                - Clearing active input actions
10:09:54.508 [JavaFX Application Thread] DEBUG WindowService        - Removing overlay from GameScene and adding to DialogSubScene
10:09:54.508 [JavaFX Application Thread] DEBUG MainWindow           - GameScene -> DialogSubScene
10:10:03.863 [JavaFX Application Thread] DEBUG GameApplication      - Exiting FXGL
10:10:03.863 [JavaFX Application Thread] DEBUG LoopRunner           - Stopping loop
10:10:03.863 [JavaFX Application Thread] DEBUG SystemBundleService  - Saving FXGL system data
10:10:03.865 [JavaFX Application Thread] DEBUG FileSystemAccess     - Writing to: E:\secondYear\Java\NewfoundlandRacer\system\fxgl.bundle
10:10:03.866 [JavaFX Application Thread] DEBUG GameApplication      - Shutting down background threads
10:10:03.866 [JavaFX Application Thread] DEBUG GameApplication      - Closing logger and exiting JavaFX
