21:08:23.666 [main                     ] DEBUG GameApplication      - Logger initialized
21:08:23.670 [main                     ] DEBUG GameApplication      - Logging settings
Title: Newfoundland Moose Collision
Version: 0.1
Width: 840
Height: 650
Fullscreen: false
Intro: false
Profiling: false
Single step:false
App Mode: DEVELOPER
Menu Key: ESCAPE
Stage Style: DECORATED
Scene Factory: class MooseGame.NewfoundRacerApp$1

21:08:23.982 [JavaFX Application Thread] DEBUG GameApplication      - Initializing FXGL
21:08:23.992 [JavaFX Application Thread] INFO  Engine               - FXGL-11.9 (27.05.2020 17.06) on WINDOWS (J:14.0.1 FX:13.0.2)
21:08:23.992 [JavaFX Application Thread] DEBUG Engine               - JRE Vendor Name: Oracle Corporation
21:08:23.992 [JavaFX Application Thread] DEBUG Engine               - Running on OS: Windows 10 version 10.0
21:08:23.992 [JavaFX Application Thread] DEBUG Engine               - Architecture: amd64
21:08:23.992 [JavaFX Application Thread] INFO  Engine               - Source code and latest versions at: https://github.com/AlmasB/FXGL
21:08:23.992 [JavaFX Application Thread] INFO  Engine               -              Join the FXGL chat at: https://gitter.im/AlmasB/FXGL
21:08:24.070 [JavaFX Application Thread] DEBUG MainWindow           - Creating a JavaFX scene
21:08:24.106 [JavaFX Application Thread] DEBUG MainWindow           - Target settings size: 840.0 x 650.0
21:08:24.106 [JavaFX Application Thread] DEBUG MainWindow           - Scaled scene size:    840.0 x 650.0
21:08:24.107 [JavaFX Application Thread] DEBUG MainWindow           - Scaled ratio: (1.0, 1.0)
21:08:24.108 [JavaFX Application Thread] DEBUG MainWindow           - Set initial scene to FXGLStartupScene
21:08:24.113 [JavaFX Application Thread] DEBUG MainWindow           - Opening main window
21:08:24.187 [JavaFX Application Thread] DEBUG MainWindow           - Window border size: (16.0, 39.0)
21:08:24.187 [JavaFX Application Thread] DEBUG MainWindow           - Scaled size: 840.0 x 650.0
21:08:24.187 [JavaFX Application Thread] DEBUG MainWindow           - Scaled ratio: (1.0, 1.0)
21:08:24.188 [JavaFX Application Thread] DEBUG MainWindow           - Scene size: 840.0 x 650.0
21:08:24.188 [JavaFX Application Thread] DEBUG MainWindow           - Stage size: 856.0 x 689.0
21:08:24.193 [FXGL Background Thread 1 ] DEBUG Engine               - Initializing environment variables
21:08:24.218 [FXGL Background Thread 1 ] DEBUG WindowService        - Applying CSS: fxgl_dark.css
21:08:24.218 [FXGL Background Thread 1 ] DEBUG AssetLoaderService   - Loading from file system: /assets/ui/css/fxgl_dark.css
21:08:24.250 [FXGL Background Thread 1 ] DEBUG WindowService        - Initializing application scenes
21:08:24.271 [FXGL Background Thread 1 ] DEBUG GameWorld            - Game world initialized
21:08:24.296 [FXGL Background Thread 1 ] DEBUG PhysicsWorld         - Physics world initialized: appHeight=650, physics.ppm=50.0
21:08:24.298 [FXGL Background Thread 1 ] DEBUG GameScene            - Game scene initialized: 840x650
21:08:24.321 [FXGL Background Thread 1 ] DEBUG AssetLoaderService   - Loading from file system: /assets/textures/particles/trace_horizontal.png
21:08:24.358 [FXGL Background Thread 1 ] DEBUG FXGL.DefaultMenu     - createMenuBodyGameMenu()
21:08:24.368 [FXGL Background Thread 1 ] DEBUG FXGL.DefaultMenu     - createOptionsMenu()
21:08:24.371 [FXGL Background Thread 1 ] DEBUG AssetLoaderService   - Loading from file system: /assets/textures/particles/smoke.png
21:08:24.413 [FXGL Background Thread 1 ] DEBUG WindowService        - Application scenes initialized
21:08:24.422 [FXGL Background Thread 1 ] DEBUG SystemBundleService  - Loading FXGL system data
21:08:24.425 [FXGL Background Thread 1 ] DEBUG FileSystemAccess     - Reading from: E:\secondYear\Java\NewfoundlandRacer\system\fxgl.bundle
21:08:24.430 [FXGL Background Thread 1 ] DEBUG SystemBundleService  - Bundle FXGL: {}
21:08:24.431 [FXGL Background Thread 1 ] INFO  Engine               - FXGL initialization took: 0.236 sec
21:08:24.432 [FXGL Background Thread 1 ] DEBUG GameApplication      - Loading localizations
21:08:24.433 [FXGL Background Thread 1 ] DEBUG AssetLoaderService   - Loading from file system: /assets/languages/english.lang
21:08:24.440 [FXGL Background Thread 1 ] DEBUG AssetLoaderService   - Loading from file system: /assets/languages/french.lang
21:08:24.441 [FXGL Background Thread 1 ] DEBUG AssetLoaderService   - Loading from file system: /assets/languages/german.lang
21:08:24.442 [FXGL Background Thread 1 ] DEBUG AssetLoaderService   - Loading from file system: /assets/languages/hungarian.lang
21:08:24.445 [FXGL Background Thread 1 ] DEBUG AssetLoaderService   - Loading from file system: /assets/languages/russian.lang
21:08:24.446 [FXGL Background Thread 1 ] DEBUG GameApplication      - Registering font factories with UI factory
21:08:24.447 [FXGL Background Thread 1 ] DEBUG AssetLoaderService   - Loading from file system: /assets/ui/fonts/VarelaRound-Regular.ttf
21:08:24.476 [FXGL Background Thread 1 ] DEBUG AssetLoaderService   - Loading from file system: /assets/ui/fonts/Abel-Regular.ttf
21:08:24.480 [FXGL Background Thread 1 ] DEBUG AssetLoaderService   - Loading from file system: /assets/ui/fonts/lucida_console.ttf
21:08:24.484 [FXGL Background Thread 1 ] DEBUG AssetLoaderService   - Loading from file system: /assets/ui/fonts/Courier-Prime.ttf
21:08:24.492 [JavaFX Application Thread] DEBUG Input                - Registered new binding: Move Right - D
21:08:24.492 [JavaFX Application Thread] DEBUG Input                - Registered new binding: Move Left - A
21:08:24.492 [JavaFX Application Thread] DEBUG Input                - Registered new binding: Move Up - W
21:08:24.492 [JavaFX Application Thread] DEBUG Input                - Registered new binding: Move Down - S
21:08:24.493 [JavaFX Application Thread] DEBUG AssetLoaderService   - Loading from file system: /assets/textures/fxgl_icon.png
21:08:24.504 [JavaFX Application Thread] DEBUG AssetLoaderService   - Loading from file system: /assets/ui/cursors/fxgl_default.png
21:08:24.506 [JavaFX Application Thread] DEBUG Input                - Registered new binding: Screenshot - P
21:08:24.506 [JavaFX Application Thread] DEBUG Input                - Registered new binding: System info dump - CTRL+9
21:08:24.506 [JavaFX Application Thread] DEBUG Input                - Registered new binding: Restart - CTRL+R
21:08:24.507 [JavaFX Application Thread] DEBUG LoopRunner           - Starting loop
21:08:24.516 [JavaFX Application Thread] DEBUG FXGLStartupScene     - STARTUP
21:08:24.517 [JavaFX Application Thread] DEBUG Input                - Clearing active input actions
21:08:24.522 [JavaFX Application Thread] DEBUG WindowService        - Removing overlay from FXGLStartupScene and adding to 
21:08:24.523 [JavaFX Application Thread] DEBUG MainWindow           - FXGLStartupScene -> 
21:08:24.523 [JavaFX Application Thread] DEBUG MainWindow           - Push state: NewfoundlandRacerMainMenu
21:08:24.523 [JavaFX Application Thread] DEBUG Input                - Clearing active input actions
21:08:24.525 [JavaFX Application Thread] DEBUG WindowService        - Removing overlay from  and adding to NewfoundlandRacerMainMenu
21:08:24.526 [JavaFX Application Thread] DEBUG MainWindow           -  -> NewfoundlandRacerMainMenu
21:08:25.059 [JavaFX Application Thread] DEBUG Menu                 - fireNewGame()
21:08:25.059 [JavaFX Application Thread] DEBUG WindowService        - Starting new game
21:08:25.059 [JavaFX Application Thread] DEBUG MainWindow           - Pop state: NewfoundlandRacerMainMenu
21:08:25.059 [JavaFX Application Thread] DEBUG Input                - Clearing active input actions
21:08:25.059 [JavaFX Application Thread] DEBUG WindowService        - Removing overlay from NewfoundlandRacerMainMenu and adding to 
21:08:25.060 [JavaFX Application Thread] DEBUG MainWindow           -  <- NewfoundlandRacerMainMenu
21:08:25.060 [JavaFX Application Thread] DEBUG Input                - Clearing active input actions
21:08:25.066 [JavaFX Application Thread] DEBUG WindowService        - Removing overlay from  and adding to FXGLLoadingScene
21:08:25.066 [JavaFX Application Thread] DEBUG MainWindow           -  -> FXGLLoadingScene
21:08:25.066 [JavaFX Application Thread] DEBUG WindowService        - Clearing previous game
21:08:25.066 [JavaFX Application Thread] DEBUG GameScene            - Clearing game scene
21:08:25.066 [JavaFX Application Thread] DEBUG GameWorld            - Clearing game world
21:08:25.066 [JavaFX Application Thread] DEBUG PhysicsWorld         - Clearing physics world
21:08:25.067 [FXGL Background Thread 1 ] DEBUG GameApplication      - Initializing game
21:08:25.073 [FXGL Background Thread 1 ] DEBUG AssetLoaderService   - Loading from file system: /assets/textures/4lanehighway.png
21:08:25.142 [FXGL Background Thread 1 ] DEBUG AssetLoaderService   - Loading from file system: /assets/textures/player.png
21:08:25.152 [FXGL Background Thread 1 ] INFO  GameApplication      - Game initialization took: 0.085 sec
21:08:25.153 [JavaFX Application Thread] DEBUG Input                - Clearing active input actions
21:08:25.159 [JavaFX Application Thread] DEBUG WindowService        - Removing overlay from FXGLLoadingScene and adding to GameScene
21:08:25.159 [JavaFX Application Thread] DEBUG MainWindow           - FXGLLoadingScene -> GameScene
21:08:26.217 [JavaFX Application Thread] DEBUG AssetLoaderService   - Loading from file system: /assets/textures/cowmoosespriterunning.png
21:08:26.220 [JavaFX Application Thread] DEBUG AssetLoaderService   - Loading from cache: /assets/textures/cowmoosespriterunning.png
21:08:26.633 [JavaFX Application Thread] DEBUG AssetLoaderService   - Loading from file system: /assets/textures/driver0.png
21:08:27.057 [JavaFX Application Thread] DEBUG AssetLoaderService   - Loading from cache: /assets/textures/cowmoosespriterunning.png
21:08:27.058 [JavaFX Application Thread] DEBUG AssetLoaderService   - Loading from cache: /assets/textures/cowmoosespriterunning.png
21:08:27.434 [FXGL Background Thread 2 ] DEBUG Engine               - Logging environment variables
21:08:27.434 [FXGL Background Thread 2 ] DEBUG Engine               - achievements: []
21:08:27.435 [FXGL Background Thread 2 ] DEBUG Engine               - appIcon: fxgl_icon.png
21:08:27.435 [FXGL Background Thread 2 ] DEBUG Engine               - applicationMode: DEVELOPER
21:08:27.435 [FXGL Background Thread 2 ] DEBUG Engine               - cSSList: [fxgl_dark.css]
21:08:27.435 [FXGL Background Thread 2 ] DEBUG Engine               - configClass: Optional.empty
21:08:27.435 [FXGL Background Thread 2 ] DEBUG Engine               - credits: []
21:08:27.436 [FXGL Background Thread 2 ] DEBUG Engine               - devBBoxColorProperty: ObjectProperty [value: 0xff0000ff]
21:08:27.436 [FXGL Background Thread 2 ] DEBUG Engine               - devSensorColorProperty: ObjectProperty [value: 0xffff00ff]
21:08:27.436 [FXGL Background Thread 2 ] DEBUG Engine               - devShowBBoxProperty: BooleanProperty [value: false]
21:08:27.437 [FXGL Background Thread 2 ] DEBUG Engine               - devShowPositionProperty: BooleanProperty [value: false]
21:08:27.437 [FXGL Background Thread 2 ] DEBUG Engine               - enabledMenuItems: []
21:08:27.437 [FXGL Background Thread 2 ] DEBUG Engine               - engineServices: [class com.almasb.fxgl.app.GameApplication$GameApplicationService, class com.almasb.fxgl.app.services.WindowService, class com.almasb.fxgl.app.services.FXGLDialogService, class com.almasb.fxgl.app.services.IOTaskExecutorService, class com.almasb.fxgl.event.EventBusService, class com.almasb.fxgl.io.FileSystemService, class com.almasb.fxgl.localization.LocalizationService, class com.almasb.fxgl.app.services.AssetLoaderService, class com.almasb.fxgl.app.services.SystemBundleService, class com.almasb.fxgl.profile.SaveLoadService, class com.almasb.fxgl.ui.FXGLUIFactoryServiceProvider, class com.almasb.fxgl.ui.FXGLDialogFactoryServiceProvider, class com.almasb.fxgl.audio.AudioPlayer, class com.almasb.fxgl.notification.impl.NotificationServiceProvider, class com.almasb.fxgl.achievement.AchievementService, class com.almasb.fxgl.cutscene.CutsceneService, class com.almasb.fxgl.minigames.MiniGameService, class com.almasb.fxgl.net.NetService, class com.almasb.fxgl.app.services.UpdaterService, class com.almasb.fxgl.dev.DevService]
21:08:27.438 [FXGL Background Thread 2 ] DEBUG Engine               - fontGame: Abel-Regular.ttf
21:08:27.438 [FXGL Background Thread 2 ] DEBUG Engine               - fontMono: lucida_console.ttf
21:08:27.438 [FXGL Background Thread 2 ] DEBUG Engine               - fontText: Courier-Prime.ttf
21:08:27.438 [FXGL Background Thread 2 ] DEBUG Engine               - fontUI: VarelaRound-Regular.ttf
21:08:27.438 [FXGL Background Thread 2 ] DEBUG Engine               - fullScreen: BooleanProperty [value: false]
21:08:27.438 [FXGL Background Thread 2 ] DEBUG Engine               - gameDifficulty: MEDIUM
21:08:27.438 [FXGL Background Thread 2 ] DEBUG Engine               - gameDifficultyProperty: ObjectProperty [value: MEDIUM]
21:08:27.438 [FXGL Background Thread 2 ] DEBUG Engine               - globalMusicVolume: 0.5
21:08:27.438 [FXGL Background Thread 2 ] DEBUG Engine               - globalMusicVolumeProperty: DoubleProperty [value: 0.5]
21:08:27.438 [FXGL Background Thread 2 ] DEBUG Engine               - globalSoundVolume: 0.5
21:08:27.439 [FXGL Background Thread 2 ] DEBUG Engine               - globalSoundVolumeProperty: DoubleProperty [value: 0.5]
21:08:27.439 [FXGL Background Thread 2 ] DEBUG Engine               - height: 650
21:08:27.439 [FXGL Background Thread 2 ] DEBUG Engine               - isAndroid: false
21:08:27.439 [FXGL Background Thread 2 ] DEBUG Engine               - isBrowser: false
21:08:27.439 [FXGL Background Thread 2 ] DEBUG Engine               - isClickFeedbackEnabled: false
21:08:27.439 [FXGL Background Thread 2 ] DEBUG Engine               - isCloseConfirmation: false
21:08:27.440 [FXGL Background Thread 2 ] DEBUG Engine               - isDesktop: true
21:08:27.440 [FXGL Background Thread 2 ] DEBUG Engine               - isDeveloperMenuEnabled: false
21:08:27.440 [FXGL Background Thread 2 ] DEBUG Engine               - isExperimentalNative: false
21:08:27.440 [FXGL Background Thread 2 ] DEBUG Engine               - isExperimentalTiledLargeMap: false
21:08:27.440 [FXGL Background Thread 2 ] DEBUG Engine               - isFullScreenAllowed: false
21:08:27.440 [FXGL Background Thread 2 ] DEBUG Engine               - isFullScreenFromStart: false
21:08:27.442 [FXGL Background Thread 2 ] DEBUG Engine               - isGameMenuEnabled: true
21:08:27.442 [FXGL Background Thread 2 ] DEBUG Engine               - isIOS: false
21:08:27.442 [FXGL Background Thread 2 ] DEBUG Engine               - isIntroEnabled: false
21:08:27.442 [FXGL Background Thread 2 ] DEBUG Engine               - isLinux: false
21:08:27.442 [FXGL Background Thread 2 ] DEBUG Engine               - isMac: false
21:08:27.442 [FXGL Background Thread 2 ] DEBUG Engine               - isMainMenuEnabled: true
21:08:27.443 [FXGL Background Thread 2 ] DEBUG Engine               - isManualResizeEnabled: false
21:08:27.443 [FXGL Background Thread 2 ] DEBUG Engine               - isMobile: false
21:08:27.443 [FXGL Background Thread 2 ] DEBUG Engine               - isPreserveResizeRatio: false
21:08:27.443 [FXGL Background Thread 2 ] DEBUG Engine               - isProfilingEnabled: false
21:08:27.443 [FXGL Background Thread 2 ] DEBUG Engine               - isSingleStep: false
21:08:27.443 [FXGL Background Thread 2 ] DEBUG Engine               - isUserProfileEnabled: false
21:08:27.443 [FXGL Background Thread 2 ] DEBUG Engine               - isWindows: true
21:08:27.443 [FXGL Background Thread 2 ] DEBUG Engine               - language: ObjectProperty [value: ENGLISH]
21:08:27.443 [FXGL Background Thread 2 ] DEBUG Engine               - mainWindow: com.almasb.fxgl.app.MainWindow@5fffc4be
21:08:27.443 [FXGL Background Thread 2 ] DEBUG Engine               - menuKey: ESCAPE
21:08:27.443 [FXGL Background Thread 2 ] DEBUG Engine               - notificationViewClass: class com.almasb.fxgl.notification.view.XboxNotificationView
21:08:27.443 [FXGL Background Thread 2 ] DEBUG Engine               - pixelsPerMeter: 50.0
21:08:27.443 [FXGL Background Thread 2 ] DEBUG Engine               - platform: WINDOWS
21:08:27.443 [FXGL Background Thread 2 ] DEBUG Engine               - profileDir: profiles/
21:08:27.444 [FXGL Background Thread 2 ] DEBUG Engine               - profileName: StringProperty [value: DEFAULT]
21:08:27.444 [FXGL Background Thread 2 ] DEBUG Engine               - randomSeed: -1
21:08:27.444 [FXGL Background Thread 2 ] DEBUG Engine               - runtimeInfo: RuntimeInfo(platform=WINDOWS, version=11.9, build=27.05.2020 17.06)
21:08:27.444 [FXGL Background Thread 2 ] DEBUG Engine               - saveFileExt: sav
21:08:27.444 [FXGL Background Thread 2 ] DEBUG Engine               - sceneFactory: MooseGame.NewfoundRacerApp$1@1afd5125
21:08:27.444 [FXGL Background Thread 2 ] DEBUG Engine               - secondsIn24h: 60
21:08:27.445 [FXGL Background Thread 2 ] DEBUG Engine               - settings: Title: Newfoundland Moose Collision
Version: 0.1
Width: 840
Height: 650
Fullscreen: false
Intro: false
Profiling: false
Single step:false
App Mode: DEVELOPER
Menu Key: ESCAPE
Stage Style: DECORATED
Scene Factory: class MooseGame.NewfoundRacerApp$1

21:08:27.445 [FXGL Background Thread 2 ] DEBUG Engine               - soundMenuBack: menu/back.wav
21:08:27.445 [FXGL Background Thread 2 ] DEBUG Engine               - soundMenuPress: menu/press.wav
21:08:27.445 [FXGL Background Thread 2 ] DEBUG Engine               - soundMenuSelect: menu/select.wav
21:08:27.445 [FXGL Background Thread 2 ] DEBUG Engine               - soundNotification: core/notification.wav
21:08:27.446 [FXGL Background Thread 2 ] DEBUG Engine               - stageStyle: DECORATED
21:08:27.446 [FXGL Background Thread 2 ] DEBUG Engine               - supportedLanguages: [ENGLISH, FRENCH, GERMAN, HUNGARIAN, RUSSIAN]
21:08:27.446 [FXGL Background Thread 2 ] DEBUG Engine               - title: Newfoundland Moose Collision
21:08:27.446 [FXGL Background Thread 2 ] DEBUG Engine               - urlGithub: https://github.com/AlmasB/FXGL
21:08:27.446 [FXGL Background Thread 2 ] DEBUG Engine               - urlLeaderboard: http://fxgl-top.herokuapp.com/
21:08:27.446 [FXGL Background Thread 2 ] DEBUG Engine               - urlPOM: https://raw.githubusercontent.com/AlmasB/FXGL/master/pom.xml
21:08:27.446 [FXGL Background Thread 2 ] DEBUG Engine               - version: 0.1
21:08:27.448 [FXGL Background Thread 2 ] DEBUG Engine               - versionCheckDays: 7
21:08:27.448 [FXGL Background Thread 2 ] DEBUG Engine               - width: 840
21:08:27.448 [FXGL Background Thread 2 ] DEBUG Engine               - Logging services
21:08:27.448 [FXGL Background Thread 2 ] DEBUG Engine               - class com.almasb.fxgl.app.GameApplication$GameApplicationService
21:08:27.448 [FXGL Background Thread 2 ] DEBUG Engine               - class com.almasb.fxgl.app.services.WindowService
21:08:27.448 [FXGL Background Thread 2 ] DEBUG Engine               - class com.almasb.fxgl.app.services.FXGLDialogService
21:08:27.448 [FXGL Background Thread 2 ] DEBUG Engine               - class com.almasb.fxgl.app.services.IOTaskExecutorService
21:08:27.448 [FXGL Background Thread 2 ] DEBUG Engine               - class com.almasb.fxgl.event.EventBusService
21:08:27.448 [FXGL Background Thread 2 ] DEBUG Engine               - class com.almasb.fxgl.io.FileSystemService
21:08:27.448 [FXGL Background Thread 2 ] DEBUG Engine               - class com.almasb.fxgl.localization.LocalizationService
21:08:27.448 [FXGL Background Thread 2 ] DEBUG Engine               - class com.almasb.fxgl.app.services.AssetLoaderService
21:08:27.448 [FXGL Background Thread 2 ] DEBUG Engine               - class com.almasb.fxgl.app.services.SystemBundleService
21:08:27.448 [FXGL Background Thread 2 ] DEBUG Engine               - class com.almasb.fxgl.profile.SaveLoadService
21:08:27.448 [FXGL Background Thread 2 ] DEBUG Engine               - class com.almasb.fxgl.ui.FXGLUIFactoryServiceProvider
21:08:27.448 [FXGL Background Thread 2 ] DEBUG Engine               - class com.almasb.fxgl.ui.FXGLDialogFactoryServiceProvider
21:08:27.448 [FXGL Background Thread 2 ] DEBUG Engine               - class com.almasb.fxgl.audio.AudioPlayer
21:08:27.448 [FXGL Background Thread 2 ] DEBUG Engine               - class com.almasb.fxgl.notification.impl.NotificationServiceProvider
21:08:27.448 [FXGL Background Thread 2 ] DEBUG Engine               - class com.almasb.fxgl.achievement.AchievementService
21:08:27.448 [FXGL Background Thread 2 ] DEBUG Engine               - class com.almasb.fxgl.cutscene.CutsceneService
21:08:27.448 [FXGL Background Thread 2 ] DEBUG Engine               - class com.almasb.fxgl.minigames.MiniGameService
21:08:27.449 [FXGL Background Thread 2 ] DEBUG Engine               - class com.almasb.fxgl.net.NetService
21:08:27.449 [FXGL Background Thread 2 ] DEBUG Engine               - class com.almasb.fxgl.app.services.UpdaterService
21:08:27.449 [FXGL Background Thread 2 ] DEBUG Engine               - class com.almasb.fxgl.dev.DevService
21:08:27.466 [JavaFX Application Thread] DEBUG AssetLoaderService   - Loading from file system: /assets/textures/pothole.png
21:08:27.897 [JavaFX Application Thread] DEBUG AssetLoaderService   - Loading from file system: /assets/textures/driver4.png
21:08:27.904 [JavaFX Application Thread] DEBUG AssetLoaderService   - Loading from cache: /assets/textures/cowmoosespriterunning.png
21:08:27.904 [JavaFX Application Thread] DEBUG AssetLoaderService   - Loading from cache: /assets/textures/cowmoosespriterunning.png
21:08:28.744 [JavaFX Application Thread] DEBUG AssetLoaderService   - Loading from cache: /assets/textures/cowmoosespriterunning.png
21:08:28.744 [JavaFX Application Thread] DEBUG AssetLoaderService   - Loading from cache: /assets/textures/cowmoosespriterunning.png
21:08:29.058 [JavaFX Application Thread] DEBUG MainWindow           - Push state: DialogSubScene
21:08:29.058 [JavaFX Application Thread] DEBUG Input                - Clearing active input actions
21:08:29.063 [JavaFX Application Thread] DEBUG WindowService        - Removing overlay from GameScene and adding to DialogSubScene
21:08:29.063 [JavaFX Application Thread] DEBUG MainWindow           - GameScene -> DialogSubScene
21:08:30.275 [JavaFX Application Thread] DEBUG MainWindow           - Pop state: DialogSubScene
21:08:30.275 [JavaFX Application Thread] DEBUG Input                - Clearing active input actions
21:08:30.276 [JavaFX Application Thread] DEBUG WindowService        - Removing overlay from DialogSubScene and adding to GameScene
21:08:30.276 [JavaFX Application Thread] DEBUG MainWindow           - GameScene <- DialogSubScene
21:08:30.353 [JavaFX Application Thread] DEBUG AssetLoaderService   - Loading from file system: /assets/textures/driver1.png
21:08:30.753 [JavaFX Application Thread] DEBUG AssetLoaderService   - Loading from file system: /assets/textures/coin.png
21:08:30.764 [JavaFX Application Thread] DEBUG AssetLoaderService   - Loading from cache: /assets/textures/pothole.png
21:08:30.785 [JavaFX Application Thread] DEBUG AssetLoaderService   - Loading from cache: /assets/textures/cowmoosespriterunning.png
21:08:30.786 [JavaFX Application Thread] DEBUG AssetLoaderService   - Loading from cache: /assets/textures/cowmoosespriterunning.png
21:08:30.881 [JavaFX Application Thread] DEBUG MainWindow           - Push state: DialogSubScene
21:08:30.881 [JavaFX Application Thread] DEBUG Input                - Clearing active input actions
21:08:30.882 [JavaFX Application Thread] DEBUG WindowService        - Removing overlay from GameScene and adding to DialogSubScene
21:08:30.882 [JavaFX Application Thread] DEBUG MainWindow           - GameScene -> DialogSubScene
21:08:31.668 [JavaFX Application Thread] DEBUG MainWindow           - Pop state: DialogSubScene
21:08:31.668 [JavaFX Application Thread] DEBUG Input                - Clearing active input actions
21:08:31.669 [JavaFX Application Thread] DEBUG WindowService        - Removing overlay from DialogSubScene and adding to GameScene
21:08:31.669 [JavaFX Application Thread] DEBUG MainWindow           - GameScene <- DialogSubScene
21:08:32.060 [JavaFX Application Thread] DEBUG MainWindow           - Push state: DialogSubScene
21:08:32.060 [JavaFX Application Thread] DEBUG Input                - Clearing active input actions
21:08:32.064 [JavaFX Application Thread] DEBUG WindowService        - Removing overlay from GameScene and adding to DialogSubScene
21:08:32.064 [JavaFX Application Thread] DEBUG MainWindow           - GameScene -> DialogSubScene
21:08:33.041 [JavaFX Application Thread] DEBUG MainWindow           - Pop state: DialogSubScene
21:08:33.041 [JavaFX Application Thread] DEBUG Input                - Clearing active input actions
21:08:33.041 [JavaFX Application Thread] DEBUG WindowService        - Removing overlay from DialogSubScene and adding to GameScene
21:08:33.041 [JavaFX Application Thread] DEBUG MainWindow           - GameScene <- DialogSubScene
21:08:33.073 [JavaFX Application Thread] DEBUG MainWindow           - Push state: DialogSubScene
21:08:33.073 [JavaFX Application Thread] DEBUG Input                - Clearing active input actions
21:08:33.074 [JavaFX Application Thread] DEBUG WindowService        - Removing overlay from GameScene and adding to DialogSubScene
21:08:33.074 [JavaFX Application Thread] DEBUG MainWindow           - GameScene -> DialogSubScene
21:08:33.604 [JavaFX Application Thread] DEBUG MainWindow           - Pop state: DialogSubScene
21:08:33.604 [JavaFX Application Thread] DEBUG Input                - Clearing active input actions
21:08:33.605 [JavaFX Application Thread] DEBUG WindowService        - Removing overlay from DialogSubScene and adding to GameScene
21:08:33.605 [JavaFX Application Thread] DEBUG MainWindow           - GameScene <- DialogSubScene
21:08:33.883 [JavaFX Application Thread] DEBUG AssetLoaderService   - Loading from file system: /assets/textures/driver2.png
21:08:33.897 [JavaFX Application Thread] DEBUG AssetLoaderService   - Loading from cache: /assets/textures/cowmoosespriterunning.png
21:08:33.897 [JavaFX Application Thread] DEBUG AssetLoaderService   - Loading from cache: /assets/textures/cowmoosespriterunning.png
21:08:34.731 [JavaFX Application Thread] DEBUG AssetLoaderService   - Loading from cache: /assets/textures/cowmoosespriterunning.png
21:08:34.733 [JavaFX Application Thread] DEBUG AssetLoaderService   - Loading from cache: /assets/textures/cowmoosespriterunning.png
21:08:35.128 [JavaFX Application Thread] DEBUG AssetLoaderService   - Loading from cache: /assets/textures/pothole.png
21:08:35.135 [JavaFX Application Thread] DEBUG AssetLoaderService   - Loading from cache: /assets/textures/driver0.png
21:08:35.565 [JavaFX Application Thread] DEBUG AssetLoaderService   - Loading from cache: /assets/textures/cowmoosespriterunning.png
21:08:35.568 [JavaFX Application Thread] DEBUG AssetLoaderService   - Loading from cache: /assets/textures/cowmoosespriterunning.png
21:08:36.385 [JavaFX Application Thread] DEBUG AssetLoaderService   - Loading from cache: /assets/textures/driver4.png
21:08:36.401 [JavaFX Application Thread] DEBUG AssetLoaderService   - Loading from cache: /assets/textures/cowmoosespriterunning.png
21:08:36.401 [JavaFX Application Thread] DEBUG AssetLoaderService   - Loading from cache: /assets/textures/cowmoosespriterunning.png
21:08:37.202 [JavaFX Application Thread] DEBUG AssetLoaderService   - Loading from cache: /assets/textures/coin.png
21:08:37.218 [JavaFX Application Thread] DEBUG AssetLoaderService   - Loading from cache: /assets/textures/pothole.png
21:08:37.244 [JavaFX Application Thread] DEBUG AssetLoaderService   - Loading from cache: /assets/textures/cowmoosespriterunning.png
21:08:37.245 [JavaFX Application Thread] DEBUG AssetLoaderService   - Loading from cache: /assets/textures/cowmoosespriterunning.png
21:08:37.648 [JavaFX Application Thread] DEBUG AssetLoaderService   - Loading from cache: /assets/textures/driver1.png
21:08:38.081 [JavaFX Application Thread] DEBUG AssetLoaderService   - Loading from cache: /assets/textures/cowmoosespriterunning.png
21:08:38.081 [JavaFX Application Thread] DEBUG AssetLoaderService   - Loading from cache: /assets/textures/cowmoosespriterunning.png
21:08:38.904 [JavaFX Application Thread] DEBUG AssetLoaderService   - Loading from cache: /assets/textures/driver4.png
21:08:38.926 [JavaFX Application Thread] DEBUG AssetLoaderService   - Loading from cache: /assets/textures/cowmoosespriterunning.png
21:08:38.927 [JavaFX Application Thread] DEBUG AssetLoaderService   - Loading from cache: /assets/textures/cowmoosespriterunning.png
21:08:39.052 [JavaFX Application Thread] DEBUG MainWindow           - Push state: DialogSubScene
21:08:39.052 [JavaFX Application Thread] DEBUG Input                - Clearing active input actions
21:08:39.054 [JavaFX Application Thread] DEBUG WindowService        - Removing overlay from GameScene and adding to DialogSubScene
21:08:39.054 [JavaFX Application Thread] DEBUG MainWindow           - GameScene -> DialogSubScene
21:08:39.733 [JavaFX Application Thread] DEBUG MainWindow           - Pop state: DialogSubScene
21:08:39.733 [JavaFX Application Thread] DEBUG Input                - Clearing active input actions
21:08:39.733 [JavaFX Application Thread] DEBUG WindowService        - Removing overlay from DialogSubScene and adding to GameScene
21:08:39.733 [JavaFX Application Thread] DEBUG MainWindow           - GameScene <- DialogSubScene
21:08:39.969 [JavaFX Application Thread] DEBUG MainWindow           - Push state: DialogSubScene
21:08:39.969 [JavaFX Application Thread] DEBUG Input                - Clearing active input actions
21:08:39.970 [JavaFX Application Thread] DEBUG WindowService        - Removing overlay from GameScene and adding to DialogSubScene
21:08:39.970 [JavaFX Application Thread] DEBUG MainWindow           - GameScene -> DialogSubScene
21:08:40.705 [JavaFX Application Thread] DEBUG MainWindow           - Pop state: DialogSubScene
21:08:40.705 [JavaFX Application Thread] DEBUG Input                - Clearing active input actions
21:08:40.706 [JavaFX Application Thread] DEBUG WindowService        - Removing overlay from DialogSubScene and adding to GameScene
21:08:40.706 [JavaFX Application Thread] DEBUG MainWindow           - GameScene <- DialogSubScene
21:08:40.722 [JavaFX Application Thread] DEBUG AssetLoaderService   - Loading from cache: /assets/textures/pothole.png
21:08:41.176 [JavaFX Application Thread] DEBUG AssetLoaderService   - Loading from cache: /assets/textures/cowmoosespriterunning.png
21:08:41.177 [JavaFX Application Thread] DEBUG AssetLoaderService   - Loading from cache: /assets/textures/cowmoosespriterunning.png
21:08:41.569 [JavaFX Application Thread] DEBUG AssetLoaderService   - Loading from cache: /assets/textures/driver4.png
21:08:42.015 [JavaFX Application Thread] DEBUG AssetLoaderService   - Loading from cache: /assets/textures/cowmoosespriterunning.png
21:08:42.016 [JavaFX Application Thread] DEBUG AssetLoaderService   - Loading from cache: /assets/textures/cowmoosespriterunning.png
21:08:42.785 [JavaFX Application Thread] DEBUG AssetLoaderService   - Loading from cache: /assets/textures/coin.png
21:08:42.801 [JavaFX Application Thread] DEBUG AssetLoaderService   - Loading from cache: /assets/textures/pothole.png
21:08:42.828 [JavaFX Application Thread] DEBUG AssetLoaderService   - Loading from file system: /assets/textures/driver3.png
21:08:42.850 [JavaFX Application Thread] DEBUG AssetLoaderService   - Loading from cache: /assets/textures/cowmoosespriterunning.png
21:08:42.850 [JavaFX Application Thread] DEBUG AssetLoaderService   - Loading from cache: /assets/textures/cowmoosespriterunning.png
21:08:43.697 [JavaFX Application Thread] DEBUG AssetLoaderService   - Loading from cache: /assets/textures/cowmoosespriterunning.png
21:08:43.699 [JavaFX Application Thread] DEBUG AssetLoaderService   - Loading from cache: /assets/textures/cowmoosespriterunning.png
21:08:43.938 [JavaFX Application Thread] DEBUG MainWindow           - Push state: DialogSubScene
21:08:43.938 [JavaFX Application Thread] DEBUG Input                - Clearing active input actions
21:08:43.939 [JavaFX Application Thread] DEBUG WindowService        - Removing overlay from GameScene and adding to DialogSubScene
21:08:43.939 [JavaFX Application Thread] DEBUG MainWindow           - GameScene -> DialogSubScene
21:08:44.437 [JavaFX Application Thread] DEBUG MainWindow           - Pop state: DialogSubScene
21:08:44.437 [JavaFX Application Thread] DEBUG Input                - Clearing active input actions
21:08:44.437 [JavaFX Application Thread] DEBUG WindowService        - Removing overlay from DialogSubScene and adding to GameScene
21:08:44.437 [JavaFX Application Thread] DEBUG MainWindow           - GameScene <- DialogSubScene
21:08:44.577 [JavaFX Application Thread] DEBUG AssetLoaderService   - Loading from cache: /assets/textures/driver3.png
21:08:44.600 [JavaFX Application Thread] DEBUG MainWindow           - Push state: DialogSubScene
21:08:44.600 [JavaFX Application Thread] DEBUG Input                - Clearing active input actions
21:08:44.600 [JavaFX Application Thread] DEBUG WindowService        - Removing overlay from GameScene and adding to DialogSubScene
21:08:44.600 [JavaFX Application Thread] DEBUG MainWindow           - GameScene -> DialogSubScene
21:08:45.158 [JavaFX Application Thread] DEBUG MainWindow           - Pop state: DialogSubScene
21:08:45.158 [JavaFX Application Thread] DEBUG Input                - Clearing active input actions
21:08:45.158 [JavaFX Application Thread] DEBUG WindowService        - Removing overlay from DialogSubScene and adding to GameScene
21:08:45.158 [JavaFX Application Thread] DEBUG MainWindow           - GameScene <- DialogSubScene
21:08:45.185 [JavaFX Application Thread] DEBUG MainWindow           - Push state: DialogSubScene
21:08:45.185 [JavaFX Application Thread] DEBUG Input                - Clearing active input actions
21:08:45.185 [JavaFX Application Thread] DEBUG WindowService        - Removing overlay from GameScene and adding to DialogSubScene
21:08:45.186 [JavaFX Application Thread] DEBUG MainWindow           - GameScene -> DialogSubScene
21:08:45.688 [JavaFX Application Thread] DEBUG MainWindow           - Pop state: DialogSubScene
21:08:45.688 [JavaFX Application Thread] DEBUG Input                - Clearing active input actions
21:08:45.688 [JavaFX Application Thread] DEBUG WindowService        - Removing overlay from DialogSubScene and adding to GameScene
21:08:45.688 [JavaFX Application Thread] DEBUG MainWindow           - GameScene <- DialogSubScene
21:08:45.801 [JavaFX Application Thread] DEBUG MainWindow           - Push state: DialogSubScene
21:08:45.801 [JavaFX Application Thread] DEBUG Input                - Clearing active input actions
21:08:45.801 [JavaFX Application Thread] DEBUG WindowService        - Removing overlay from GameScene and adding to DialogSubScene
21:08:45.801 [JavaFX Application Thread] DEBUG MainWindow           - GameScene -> DialogSubScene
21:08:46.312 [JavaFX Application Thread] DEBUG MainWindow           - Pop state: DialogSubScene
21:08:46.313 [JavaFX Application Thread] DEBUG Input                - Clearing active input actions
21:08:46.313 [JavaFX Application Thread] DEBUG WindowService        - Removing overlay from DialogSubScene and adding to GameScene
21:08:46.313 [JavaFX Application Thread] DEBUG MainWindow           - GameScene <- DialogSubScene
21:08:46.585 [JavaFX Application Thread] DEBUG AssetLoaderService   - Loading from cache: /assets/textures/cowmoosespriterunning.png
21:08:46.586 [JavaFX Application Thread] DEBUG AssetLoaderService   - Loading from cache: /assets/textures/cowmoosespriterunning.png
21:08:46.609 [JavaFX Application Thread] DEBUG MainWindow           - Push state: DialogSubScene
21:08:46.609 [JavaFX Application Thread] DEBUG Input                - Clearing active input actions
21:08:46.609 [JavaFX Application Thread] DEBUG WindowService        - Removing overlay from GameScene and adding to DialogSubScene
21:08:46.610 [JavaFX Application Thread] DEBUG MainWindow           - GameScene -> DialogSubScene
21:08:47.060 [JavaFX Application Thread] DEBUG MainWindow           - Pop state: DialogSubScene
21:08:47.060 [JavaFX Application Thread] DEBUG Input                - Clearing active input actions
21:08:47.060 [JavaFX Application Thread] DEBUG WindowService        - Removing overlay from DialogSubScene and adding to GameScene
21:08:47.060 [JavaFX Application Thread] DEBUG MainWindow           - GameScene <- DialogSubScene
21:08:47.392 [JavaFX Application Thread] DEBUG AssetLoaderService   - Loading from cache: /assets/textures/pothole.png
21:08:47.837 [JavaFX Application Thread] DEBUG AssetLoaderService   - Loading from cache: /assets/textures/driver2.png
21:08:47.869 [JavaFX Application Thread] DEBUG AssetLoaderService   - Loading from cache: /assets/textures/cowmoosespriterunning.png
21:08:47.870 [JavaFX Application Thread] DEBUG AssetLoaderService   - Loading from cache: /assets/textures/cowmoosespriterunning.png
21:08:48.705 [JavaFX Application Thread] DEBUG AssetLoaderService   - Loading from cache: /assets/textures/cowmoosespriterunning.png
21:08:48.705 [JavaFX Application Thread] DEBUG AssetLoaderService   - Loading from cache: /assets/textures/cowmoosespriterunning.png
21:08:49.089 [JavaFX Application Thread] DEBUG AssetLoaderService   - Loading from cache: /assets/textures/driver0.png
21:08:49.454 [JavaFX Application Thread] DEBUG AssetLoaderService   - Loading from cache: /assets/textures/coin.png
21:08:49.482 [JavaFX Application Thread] DEBUG AssetLoaderService   - Loading from cache: /assets/textures/pothole.png
21:08:49.550 [JavaFX Application Thread] DEBUG AssetLoaderService   - Loading from cache: /assets/textures/cowmoosespriterunning.png
21:08:49.550 [JavaFX Application Thread] DEBUG AssetLoaderService   - Loading from cache: /assets/textures/cowmoosespriterunning.png
21:08:50.351 [JavaFX Application Thread] DEBUG AssetLoaderService   - Loading from cache: /assets/textures/driver4.png
21:08:50.393 [JavaFX Application Thread] DEBUG AssetLoaderService   - Loading from cache: /assets/textures/cowmoosespriterunning.png
21:08:50.394 [JavaFX Application Thread] DEBUG AssetLoaderService   - Loading from cache: /assets/textures/cowmoosespriterunning.png
21:08:50.496 [JavaFX Application Thread] DEBUG MainWindow           - Push state: DialogSubScene
21:08:50.496 [JavaFX Application Thread] DEBUG Input                - Clearing active input actions
21:08:50.497 [JavaFX Application Thread] DEBUG WindowService        - Removing overlay from GameScene and adding to DialogSubScene
21:08:50.497 [JavaFX Application Thread] DEBUG MainWindow           - GameScene -> DialogSubScene
21:08:51.037 [JavaFX Application Thread] DEBUG MainWindow           - Pop state: DialogSubScene
21:08:51.037 [JavaFX Application Thread] DEBUG Input                - Clearing active input actions
21:08:51.038 [JavaFX Application Thread] DEBUG WindowService        - Removing overlay from DialogSubScene and adding to GameScene
21:08:51.038 [JavaFX Application Thread] DEBUG MainWindow           - GameScene <- DialogSubScene
21:08:51.759 [JavaFX Application Thread] DEBUG AssetLoaderService   - Loading from cache: /assets/textures/cowmoosespriterunning.png
21:08:51.760 [JavaFX Application Thread] DEBUG AssetLoaderService   - Loading from cache: /assets/textures/cowmoosespriterunning.png
21:08:52.097 [JavaFX Application Thread] DEBUG AssetLoaderService   - Loading from cache: /assets/textures/pothole.png
21:08:52.136 [JavaFX Application Thread] DEBUG AssetLoaderService   - Loading from cache: /assets/textures/driver3.png
21:08:52.600 [JavaFX Application Thread] DEBUG AssetLoaderService   - Loading from cache: /assets/textures/cowmoosespriterunning.png
21:08:52.601 [JavaFX Application Thread] DEBUG AssetLoaderService   - Loading from cache: /assets/textures/cowmoosespriterunning.png
21:08:53.393 [JavaFX Application Thread] DEBUG AssetLoaderService   - Loading from cache: /assets/textures/driver4.png
21:08:53.435 [JavaFX Application Thread] DEBUG MainWindow           - Push state: DialogSubScene
21:08:53.435 [JavaFX Application Thread] DEBUG Input                - Clearing active input actions
21:08:53.437 [JavaFX Application Thread] DEBUG WindowService        - Removing overlay from GameScene and adding to DialogSubScene
21:08:53.437 [JavaFX Application Thread] DEBUG MainWindow           - GameScene -> DialogSubScene
21:08:54.196 [JavaFX Application Thread] DEBUG MainWindow           - Pop state: DialogSubScene
21:08:54.196 [JavaFX Application Thread] DEBUG Input                - Clearing active input actions
21:08:54.197 [JavaFX Application Thread] DEBUG WindowService        - Removing overlay from DialogSubScene and adding to GameScene
21:08:54.197 [JavaFX Application Thread] DEBUG MainWindow           - GameScene <- DialogSubScene
21:08:54.209 [JavaFX Application Thread] DEBUG AssetLoaderService   - Loading from cache: /assets/textures/cowmoosespriterunning.png
21:08:54.209 [JavaFX Application Thread] DEBUG AssetLoaderService   - Loading from cache: /assets/textures/cowmoosespriterunning.png
21:08:54.913 [JavaFX Application Thread] DEBUG AssetLoaderService   - Loading from cache: /assets/textures/coin.png
21:08:54.954 [JavaFX Application Thread] DEBUG AssetLoaderService   - Loading from cache: /assets/textures/pothole.png
21:08:55.041 [JavaFX Application Thread] DEBUG AssetLoaderService   - Loading from cache: /assets/textures/cowmoosespriterunning.png
21:08:55.042 [JavaFX Application Thread] DEBUG AssetLoaderService   - Loading from cache: /assets/textures/cowmoosespriterunning.png
21:08:55.410 [JavaFX Application Thread] DEBUG AssetLoaderService   - Loading from cache: /assets/textures/driver1.png
21:08:55.649 [JavaFX Application Thread] DEBUG MainWindow           - Push state: DialogSubScene
21:08:55.649 [JavaFX Application Thread] DEBUG Input                - Clearing active input actions
21:08:55.651 [JavaFX Application Thread] DEBUG WindowService        - Removing overlay from GameScene and adding to DialogSubScene
21:08:55.651 [JavaFX Application Thread] DEBUG MainWindow           - GameScene -> DialogSubScene
21:08:58.015 [JavaFX Application Thread] DEBUG GameApplication      - Exiting FXGL
21:08:58.015 [JavaFX Application Thread] DEBUG LoopRunner           - Stopping loop
21:08:58.015 [JavaFX Application Thread] DEBUG SystemBundleService  - Saving FXGL system data
21:08:58.016 [JavaFX Application Thread] DEBUG FileSystemAccess     - Writing to: E:\secondYear\Java\NewfoundlandRacer\system\fxgl.bundle
21:08:58.017 [JavaFX Application Thread] DEBUG GameApplication      - Shutting down background threads
21:08:58.018 [JavaFX Application Thread] DEBUG GameApplication      - Closing logger and exiting JavaFX
