19:59:10.028 [main                     ] DEBUG GameApplication      - Logger initialized
19:59:10.033 [main                     ] DEBUG GameApplication      - Logging settings
Title: Newfoundland Moose Collision
Version: 0.1
Width: 840
Height: 650
Fullscreen: false
Intro: false
Profiling: false
Single step:false
App Mode: DEVELOPER
Menu Key: ESCAPE
Stage Style: DECORATED
Scene Factory: class MooseGame.NewfoundRacerApp$1

19:59:10.380 [JavaFX Application Thread] DEBUG GameApplication      - Initializing FXGL
19:59:10.392 [JavaFX Application Thread] INFO  Engine               - FXGL-11.9 (27.05.2020 17.06) on WINDOWS (J:14.0.1 FX:13.0.2)
19:59:10.392 [JavaFX Application Thread] DEBUG Engine               - JRE Vendor Name: Oracle Corporation
19:59:10.393 [JavaFX Application Thread] DEBUG Engine               - Running on OS: Windows 10 version 10.0
19:59:10.393 [JavaFX Application Thread] DEBUG Engine               - Architecture: amd64
19:59:10.393 [JavaFX Application Thread] INFO  Engine               - Source code and latest versions at: https://github.com/AlmasB/FXGL
19:59:10.393 [JavaFX Application Thread] INFO  Engine               -              Join the FXGL chat at: https://gitter.im/AlmasB/FXGL
19:59:10.475 [JavaFX Application Thread] DEBUG MainWindow           - Creating a JavaFX scene
19:59:10.512 [JavaFX Application Thread] DEBUG MainWindow           - Target settings size: 840.0 x 650.0
19:59:10.513 [JavaFX Application Thread] DEBUG MainWindow           - Scaled scene size:    840.0 x 650.0
19:59:10.513 [JavaFX Application Thread] DEBUG MainWindow           - Scaled ratio: (1.0, 1.0)
19:59:10.514 [JavaFX Application Thread] DEBUG MainWindow           - Set initial scene to FXGLStartupScene
19:59:10.519 [JavaFX Application Thread] DEBUG MainWindow           - Opening main window
19:59:10.593 [JavaFX Application Thread] DEBUG MainWindow           - Window border size: (16.0, 39.0)
19:59:10.593 [JavaFX Application Thread] DEBUG MainWindow           - Scaled size: 840.0 x 650.0
19:59:10.594 [JavaFX Application Thread] DEBUG MainWindow           - Scaled ratio: (1.0, 1.0)
19:59:10.594 [JavaFX Application Thread] DEBUG MainWindow           - Scene size: 840.0 x 650.0
19:59:10.594 [JavaFX Application Thread] DEBUG MainWindow           - Stage size: 856.0 x 689.0
19:59:10.600 [FXGL Background Thread 1 ] DEBUG Engine               - Initializing environment variables
19:59:10.619 [FXGL Background Thread 1 ] DEBUG WindowService        - Applying CSS: fxgl_dark.css
19:59:10.620 [FXGL Background Thread 1 ] DEBUG AssetLoaderService   - Loading from file system: /assets/ui/css/fxgl_dark.css
19:59:10.654 [FXGL Background Thread 1 ] DEBUG WindowService        - Initializing application scenes
19:59:10.675 [FXGL Background Thread 1 ] DEBUG GameWorld            - Game world initialized
19:59:10.707 [FXGL Background Thread 1 ] DEBUG PhysicsWorld         - Physics world initialized: appHeight=650, physics.ppm=50.0
19:59:10.709 [FXGL Background Thread 1 ] DEBUG GameScene            - Game scene initialized: 840x650
19:59:10.759 [FXGL Background Thread 1 ] DEBUG AssetLoaderService   - Loading from file system: /assets/textures/particles/trace_horizontal.png
19:59:10.794 [FXGL Background Thread 1 ] DEBUG FXGL.DefaultMenu     - createMenuBodyGameMenu()
19:59:10.804 [FXGL Background Thread 1 ] DEBUG FXGL.DefaultMenu     - createOptionsMenu()
19:59:10.808 [FXGL Background Thread 1 ] DEBUG AssetLoaderService   - Loading from file system: /assets/textures/particles/smoke.png
19:59:10.864 [FXGL Background Thread 1 ] DEBUG WindowService        - Application scenes initialized
19:59:10.872 [FXGL Background Thread 1 ] DEBUG SystemBundleService  - Loading FXGL system data
19:59:10.875 [FXGL Background Thread 1 ] DEBUG FileSystemAccess     - Reading from: E:\secondYear\Java\NewfoundlandRacer\system\fxgl.bundle
19:59:10.880 [FXGL Background Thread 1 ] DEBUG SystemBundleService  - Bundle FXGL: {}
19:59:10.880 [FXGL Background Thread 1 ] INFO  Engine               - FXGL initialization took: 0.279 sec
19:59:10.882 [FXGL Background Thread 1 ] DEBUG GameApplication      - Loading localizations
19:59:10.882 [FXGL Background Thread 1 ] DEBUG AssetLoaderService   - Loading from file system: /assets/languages/english.lang
19:59:10.893 [FXGL Background Thread 1 ] DEBUG AssetLoaderService   - Loading from file system: /assets/languages/french.lang
19:59:10.895 [FXGL Background Thread 1 ] DEBUG AssetLoaderService   - Loading from file system: /assets/languages/german.lang
19:59:10.896 [FXGL Background Thread 1 ] DEBUG AssetLoaderService   - Loading from file system: /assets/languages/hungarian.lang
19:59:10.899 [FXGL Background Thread 1 ] DEBUG AssetLoaderService   - Loading from file system: /assets/languages/russian.lang
19:59:10.900 [FXGL Background Thread 1 ] DEBUG GameApplication      - Registering font factories with UI factory
19:59:10.900 [FXGL Background Thread 1 ] DEBUG AssetLoaderService   - Loading from file system: /assets/ui/fonts/VarelaRound-Regular.ttf
19:59:10.931 [FXGL Background Thread 1 ] DEBUG AssetLoaderService   - Loading from file system: /assets/ui/fonts/Abel-Regular.ttf
19:59:10.933 [FXGL Background Thread 1 ] DEBUG AssetLoaderService   - Loading from file system: /assets/ui/fonts/lucida_console.ttf
19:59:10.937 [FXGL Background Thread 1 ] DEBUG AssetLoaderService   - Loading from file system: /assets/ui/fonts/Courier-Prime.ttf
19:59:10.944 [JavaFX Application Thread] DEBUG Input                - Registered new binding: Move Right - D
19:59:10.945 [JavaFX Application Thread] DEBUG Input                - Registered new binding: Move Left - A
19:59:10.945 [JavaFX Application Thread] DEBUG Input                - Registered new binding: Move Up - W
19:59:10.945 [JavaFX Application Thread] DEBUG Input                - Registered new binding: Move Down - S
19:59:10.945 [JavaFX Application Thread] DEBUG AssetLoaderService   - Loading from file system: /assets/textures/fxgl_icon.png
19:59:10.959 [JavaFX Application Thread] DEBUG AssetLoaderService   - Loading from file system: /assets/ui/cursors/fxgl_default.png
19:59:10.960 [JavaFX Application Thread] DEBUG Input                - Registered new binding: Screenshot - P
19:59:10.960 [JavaFX Application Thread] DEBUG Input                - Registered new binding: System info dump - CTRL+9
19:59:10.961 [JavaFX Application Thread] DEBUG Input                - Registered new binding: Restart - CTRL+R
19:59:10.961 [JavaFX Application Thread] DEBUG LoopRunner           - Starting loop
19:59:10.975 [JavaFX Application Thread] DEBUG FXGLStartupScene     - STARTUP
19:59:10.976 [JavaFX Application Thread] DEBUG Input                - Clearing active input actions
19:59:10.982 [JavaFX Application Thread] DEBUG WindowService        - Removing overlay from FXGLStartupScene and adding to 
19:59:10.982 [JavaFX Application Thread] DEBUG MainWindow           - FXGLStartupScene -> 
19:59:10.982 [JavaFX Application Thread] DEBUG MainWindow           - Push state: NewfoundlandRacerMainMenu
19:59:10.983 [JavaFX Application Thread] DEBUG Input                - Clearing active input actions
19:59:10.990 [JavaFX Application Thread] DEBUG WindowService        - Removing overlay from  and adding to NewfoundlandRacerMainMenu
19:59:10.990 [JavaFX Application Thread] DEBUG MainWindow           -  -> NewfoundlandRacerMainMenu
19:59:13.714 [JavaFX Application Thread] DEBUG GameApplication      - Exiting FXGL
19:59:13.714 [JavaFX Application Thread] DEBUG LoopRunner           - Stopping loop
19:59:13.715 [JavaFX Application Thread] DEBUG SystemBundleService  - Saving FXGL system data
19:59:13.716 [JavaFX Application Thread] DEBUG FileSystemAccess     - Writing to: E:\secondYear\Java\NewfoundlandRacer\system\fxgl.bundle
19:59:13.717 [JavaFX Application Thread] DEBUG GameApplication      - Shutting down background threads
19:59:13.717 [JavaFX Application Thread] DEBUG GameApplication      - Closing logger and exiting JavaFX
