11:11:47.849 [main                     ] DEBUG GameApplication      - Logger initialized
11:11:47.859 [main                     ] DEBUG GameApplication      - Logging settings
Title: Newfoundland Moose Collision
Version: 1.0
Width: 840
Height: 650
Fullscreen: false
Intro: false
Profiling: false
Single step:false
App Mode: DEVELOPER
Menu Key: ESCAPE
Stage Style: DECORATED
Scene Factory: class MooseGame.NewfoundRacerApp$1

11:11:48.431 [JavaFX Application Thread] DEBUG GameApplication      - Initializing FXGL
11:11:48.451 [JavaFX Application Thread] INFO  Engine               - FXGL-11.9 (27.05.2020 17.06) on WINDOWS (J:14.0.1 FX:13.0.2)
11:11:48.451 [JavaFX Application Thread] DEBUG Engine               - JRE Vendor Name: Oracle Corporation
11:11:48.452 [JavaFX Application Thread] DEBUG Engine               - Running on OS: Windows 10 version 10.0
11:11:48.452 [JavaFX Application Thread] DEBUG Engine               - Architecture: amd64
11:11:48.453 [JavaFX Application Thread] INFO  Engine               - Source code and latest versions at: https://github.com/AlmasB/FXGL
11:11:48.453 [JavaFX Application Thread] INFO  Engine               -              Join the FXGL chat at: https://gitter.im/AlmasB/FXGL
11:11:48.603 [JavaFX Application Thread] DEBUG MainWindow           - Creating a JavaFX scene
11:11:48.689 [JavaFX Application Thread] DEBUG MainWindow           - Target settings size: 840.0 x 650.0
11:11:48.689 [JavaFX Application Thread] DEBUG MainWindow           - Scaled scene size:    840.0 x 650.0
11:11:48.689 [JavaFX Application Thread] DEBUG MainWindow           - Scaled ratio: (1.0, 1.0)
11:11:48.691 [JavaFX Application Thread] DEBUG MainWindow           - Set initial scene to FXGLStartupScene
11:11:48.702 [JavaFX Application Thread] DEBUG MainWindow           - Opening main window
11:11:48.815 [JavaFX Application Thread] DEBUG MainWindow           - Window border size: (16.0, 39.0)
11:11:48.815 [JavaFX Application Thread] DEBUG MainWindow           - Scaled size: 840.0 x 650.0
11:11:48.816 [JavaFX Application Thread] DEBUG MainWindow           - Scaled ratio: (1.0, 1.0)
11:11:48.816 [JavaFX Application Thread] DEBUG MainWindow           - Scene size: 840.0 x 650.0
11:11:48.816 [JavaFX Application Thread] DEBUG MainWindow           - Stage size: 856.0 x 689.0
11:11:48.824 [FXGL Background Thread 1 ] DEBUG Engine               - Initializing environment variables
11:11:48.848 [FXGL Background Thread 1 ] DEBUG WindowService        - Applying CSS: fxgl_dark.css
11:11:48.849 [FXGL Background Thread 1 ] DEBUG AssetLoaderService   - Loading from file system: /assets/ui/css/fxgl_dark.css
11:11:48.891 [FXGL Background Thread 1 ] DEBUG WindowService        - Initializing application scenes
11:11:48.921 [FXGL Background Thread 1 ] DEBUG GameWorld            - Game world initialized
11:11:48.960 [FXGL Background Thread 1 ] DEBUG PhysicsWorld         - Physics world initialized: appHeight=650, physics.ppm=50.0
11:11:48.962 [FXGL Background Thread 1 ] DEBUG GameScene            - Game scene initialized: 840x650
11:11:48.979 [FXGL Background Thread 1 ] DEBUG AssetLoaderService   - Loading from file system: /assets/music/8-Bit-Perplexion.mp3
11:11:49.166 [FXGL Background Thread 1 ] DEBUG AssetLoaderService   - Loading from file system: /assets/music/Caffeine-Crazed-Coin-Op-Kids.mp3
11:11:49.173 [FXGL Background Thread 1 ] DEBUG AudioPlayer          - Stopping music com.almasb.fxgl.audio.Music@5b24d2e3
11:11:49.173 [FXGL Background Thread 1 ] DEBUG AudioPlayer          - Playing music com.almasb.fxgl.audio.Music@c2580fd
11:11:49.265 [FXGL Background Thread 1 ] DEBUG AssetLoaderService   - Loading from file system: /assets/textures/particles/trace_horizontal.png
11:11:49.312 [FXGL Background Thread 1 ] DEBUG FXGL.DefaultMenu     - createMenuBodyGameMenu()
11:11:49.323 [FXGL Background Thread 1 ] DEBUG FXGL.DefaultMenu     - createOptionsMenu()
11:11:49.327 [FXGL Background Thread 1 ] DEBUG AssetLoaderService   - Loading from file system: /assets/textures/particles/smoke.png
11:11:49.401 [FXGL Background Thread 1 ] DEBUG WindowService        - Application scenes initialized
11:11:49.409 [FXGL Background Thread 1 ] DEBUG SystemBundleService  - Loading FXGL system data
11:11:49.413 [FXGL Background Thread 1 ] DEBUG FileSystemAccess     - Reading from: E:\secondYear\Java\NewfoundlandRacer\system\fxgl.bundle
11:11:49.420 [FXGL Background Thread 1 ] DEBUG SystemBundleService  - Bundle FXGL: {}
11:11:49.420 [FXGL Background Thread 1 ] INFO  Engine               - FXGL initialization took: 0.594 sec
11:11:49.421 [FXGL Background Thread 1 ] DEBUG GameApplication      - Loading localizations
11:11:49.422 [FXGL Background Thread 1 ] DEBUG AssetLoaderService   - Loading from file system: /assets/languages/english.lang
11:11:49.435 [FXGL Background Thread 1 ] DEBUG AssetLoaderService   - Loading from file system: /assets/languages/french.lang
11:11:49.437 [FXGL Background Thread 1 ] DEBUG AssetLoaderService   - Loading from file system: /assets/languages/german.lang
11:11:49.439 [FXGL Background Thread 1 ] DEBUG AssetLoaderService   - Loading from file system: /assets/languages/hungarian.lang
11:11:49.441 [FXGL Background Thread 1 ] DEBUG AssetLoaderService   - Loading from file system: /assets/languages/russian.lang
11:11:49.443 [FXGL Background Thread 1 ] DEBUG GameApplication      - Registering font factories with UI factory
11:11:49.443 [FXGL Background Thread 1 ] DEBUG AssetLoaderService   - Loading from file system: /assets/ui/fonts/VarelaRound-Regular.ttf
11:11:49.488 [FXGL Background Thread 1 ] DEBUG AssetLoaderService   - Loading from file system: /assets/ui/fonts/Abel-Regular.ttf
11:11:49.492 [FXGL Background Thread 1 ] DEBUG AssetLoaderService   - Loading from file system: /assets/ui/fonts/lucida_console.ttf
11:11:49.498 [FXGL Background Thread 1 ] DEBUG AssetLoaderService   - Loading from file system: /assets/ui/fonts/Courier-Prime.ttf
11:11:49.510 [JavaFX Application Thread] DEBUG Input                - Registered new binding: Move Right - D
11:11:49.511 [JavaFX Application Thread] DEBUG Input                - Registered new binding: Move Left - A
11:11:49.511 [JavaFX Application Thread] DEBUG Input                - Registered new binding: Move Up - W
11:11:49.511 [JavaFX Application Thread] DEBUG Input                - Registered new binding: Move Down - S
11:11:49.511 [JavaFX Application Thread] DEBUG AssetLoaderService   - Loading from file system: /assets/textures/fxgl_icon.png
11:11:49.538 [JavaFX Application Thread] DEBUG AssetLoaderService   - Loading from file system: /assets/ui/cursors/fxgl_default.png
11:11:49.541 [JavaFX Application Thread] DEBUG Input                - Registered new binding: Screenshot - P
11:11:49.541 [JavaFX Application Thread] DEBUG Input                - Registered new binding: System info dump - CTRL+9
11:11:49.541 [JavaFX Application Thread] DEBUG Input                - Registered new binding: Restart - CTRL+R
11:11:49.542 [JavaFX Application Thread] DEBUG LoopRunner           - Starting loop
11:11:49.558 [JavaFX Application Thread] DEBUG FXGLStartupScene     - STARTUP
11:11:49.560 [JavaFX Application Thread] DEBUG Input                - Clearing active input actions
11:11:49.567 [JavaFX Application Thread] DEBUG WindowService        - Removing overlay from FXGLStartupScene and adding to 
11:11:49.567 [JavaFX Application Thread] DEBUG MainWindow           - FXGLStartupScene -> 
11:11:49.568 [JavaFX Application Thread] DEBUG MainWindow           - Push state: NewfoundlandRacerMainMenu
11:11:49.568 [JavaFX Application Thread] DEBUG Input                - Clearing active input actions
11:11:49.578 [JavaFX Application Thread] DEBUG WindowService        - Removing overlay from  and adding to NewfoundlandRacerMainMenu
11:11:49.578 [JavaFX Application Thread] DEBUG MainWindow           -  -> NewfoundlandRacerMainMenu
11:11:52.423 [FXGL Background Thread 2 ] DEBUG Engine               - Logging environment variables
11:11:52.423 [FXGL Background Thread 2 ] DEBUG Engine               - achievements: []
11:11:52.423 [FXGL Background Thread 2 ] DEBUG Engine               - appIcon: fxgl_icon.png
11:11:52.423 [FXGL Background Thread 2 ] DEBUG Engine               - applicationMode: DEVELOPER
11:11:52.423 [FXGL Background Thread 2 ] DEBUG Engine               - cSSList: [fxgl_dark.css]
11:11:52.423 [FXGL Background Thread 2 ] DEBUG Engine               - configClass: Optional.empty
11:11:52.423 [FXGL Background Thread 2 ] DEBUG Engine               - credits: []
11:11:52.424 [FXGL Background Thread 2 ] DEBUG Engine               - devBBoxColorProperty: ObjectProperty [value: 0xff0000ff]
11:11:52.424 [FXGL Background Thread 2 ] DEBUG Engine               - devSensorColorProperty: ObjectProperty [value: 0xffff00ff]
11:11:52.424 [FXGL Background Thread 2 ] DEBUG Engine               - devShowBBoxProperty: BooleanProperty [value: false]
11:11:52.424 [FXGL Background Thread 2 ] DEBUG Engine               - devShowPositionProperty: BooleanProperty [value: false]
11:11:52.424 [FXGL Background Thread 2 ] DEBUG Engine               - enabledMenuItems: []
11:11:52.424 [FXGL Background Thread 2 ] DEBUG Engine               - engineServices: [class com.almasb.fxgl.app.GameApplication$GameApplicationService, class com.almasb.fxgl.app.services.WindowService, class com.almasb.fxgl.app.services.FXGLDialogService, class com.almasb.fxgl.app.services.IOTaskExecutorService, class com.almasb.fxgl.event.EventBusService, class com.almasb.fxgl.io.FileSystemService, class com.almasb.fxgl.localization.LocalizationService, class com.almasb.fxgl.app.services.AssetLoaderService, class com.almasb.fxgl.app.services.SystemBundleService, class com.almasb.fxgl.profile.SaveLoadService, class com.almasb.fxgl.ui.FXGLUIFactoryServiceProvider, class com.almasb.fxgl.ui.FXGLDialogFactoryServiceProvider, class com.almasb.fxgl.audio.AudioPlayer, class com.almasb.fxgl.notification.impl.NotificationServiceProvider, class com.almasb.fxgl.achievement.AchievementService, class com.almasb.fxgl.cutscene.CutsceneService, class com.almasb.fxgl.minigames.MiniGameService, class com.almasb.fxgl.net.NetService, class com.almasb.fxgl.app.services.UpdaterService, class com.almasb.fxgl.dev.DevService]
11:11:52.424 [FXGL Background Thread 2 ] DEBUG Engine               - fontGame: Abel-Regular.ttf
11:11:52.424 [FXGL Background Thread 2 ] DEBUG Engine               - fontMono: lucida_console.ttf
11:11:52.424 [FXGL Background Thread 2 ] DEBUG Engine               - fontText: Courier-Prime.ttf
11:11:52.424 [FXGL Background Thread 2 ] DEBUG Engine               - fontUI: VarelaRound-Regular.ttf
11:11:52.424 [FXGL Background Thread 2 ] DEBUG Engine               - fullScreen: BooleanProperty [value: false]
11:11:52.424 [FXGL Background Thread 2 ] DEBUG Engine               - gameDifficulty: MEDIUM
11:11:52.424 [FXGL Background Thread 2 ] DEBUG Engine               - gameDifficultyProperty: ObjectProperty [value: MEDIUM]
11:11:52.424 [FXGL Background Thread 2 ] DEBUG Engine               - globalMusicVolume: 0.5
11:11:52.425 [FXGL Background Thread 2 ] DEBUG Engine               - globalMusicVolumeProperty: DoubleProperty [value: 0.5]
11:11:52.425 [FXGL Background Thread 2 ] DEBUG Engine               - globalSoundVolume: 0.5
11:11:52.425 [FXGL Background Thread 2 ] DEBUG Engine               - globalSoundVolumeProperty: DoubleProperty [value: 0.5]
11:11:52.425 [FXGL Background Thread 2 ] DEBUG Engine               - height: 650
11:11:52.425 [FXGL Background Thread 2 ] DEBUG Engine               - isAndroid: false
11:11:52.425 [FXGL Background Thread 2 ] DEBUG Engine               - isBrowser: false
11:11:52.425 [FXGL Background Thread 2 ] DEBUG Engine               - isClickFeedbackEnabled: false
11:11:52.425 [FXGL Background Thread 2 ] DEBUG Engine               - isCloseConfirmation: false
11:11:52.425 [FXGL Background Thread 2 ] DEBUG Engine               - isDesktop: true
11:11:52.425 [FXGL Background Thread 2 ] DEBUG Engine               - isDeveloperMenuEnabled: false
11:11:52.425 [FXGL Background Thread 2 ] DEBUG Engine               - isExperimentalNative: false
11:11:52.425 [FXGL Background Thread 2 ] DEBUG Engine               - isExperimentalTiledLargeMap: false
11:11:52.425 [FXGL Background Thread 2 ] DEBUG Engine               - isFullScreenAllowed: false
11:11:52.425 [FXGL Background Thread 2 ] DEBUG Engine               - isFullScreenFromStart: false
11:11:52.425 [FXGL Background Thread 2 ] DEBUG Engine               - isGameMenuEnabled: true
11:11:52.425 [FXGL Background Thread 2 ] DEBUG Engine               - isIOS: false
11:11:52.425 [FXGL Background Thread 2 ] DEBUG Engine               - isIntroEnabled: false
11:11:52.425 [FXGL Background Thread 2 ] DEBUG Engine               - isLinux: false
11:11:52.425 [FXGL Background Thread 2 ] DEBUG Engine               - isMac: false
11:11:52.425 [FXGL Background Thread 2 ] DEBUG Engine               - isMainMenuEnabled: true
11:11:52.425 [FXGL Background Thread 2 ] DEBUG Engine               - isManualResizeEnabled: false
11:11:52.425 [FXGL Background Thread 2 ] DEBUG Engine               - isMobile: false
11:11:52.425 [FXGL Background Thread 2 ] DEBUG Engine               - isPreserveResizeRatio: false
11:11:52.426 [FXGL Background Thread 2 ] DEBUG Engine               - isProfilingEnabled: false
11:11:52.426 [FXGL Background Thread 2 ] DEBUG Engine               - isSingleStep: false
11:11:52.426 [FXGL Background Thread 2 ] DEBUG Engine               - isUserProfileEnabled: false
11:11:52.426 [FXGL Background Thread 2 ] DEBUG Engine               - isWindows: true
11:11:52.426 [FXGL Background Thread 2 ] DEBUG Engine               - language: ObjectProperty [value: ENGLISH]
11:11:52.426 [FXGL Background Thread 2 ] DEBUG Engine               - mainWindow: com.almasb.fxgl.app.MainWindow@62675fd0
11:11:52.426 [FXGL Background Thread 2 ] DEBUG Engine               - menuKey: ESCAPE
11:11:52.426 [FXGL Background Thread 2 ] DEBUG Engine               - notificationViewClass: class com.almasb.fxgl.notification.view.XboxNotificationView
11:11:52.426 [FXGL Background Thread 2 ] DEBUG Engine               - pixelsPerMeter: 50.0
11:11:52.426 [FXGL Background Thread 2 ] DEBUG Engine               - platform: WINDOWS
11:11:52.426 [FXGL Background Thread 2 ] DEBUG Engine               - profileDir: profiles/
11:11:52.426 [FXGL Background Thread 2 ] DEBUG Engine               - profileName: StringProperty [value: DEFAULT]
11:11:52.426 [FXGL Background Thread 2 ] DEBUG Engine               - randomSeed: -1
11:11:52.426 [FXGL Background Thread 2 ] DEBUG Engine               - runtimeInfo: RuntimeInfo(platform=WINDOWS, version=11.9, build=27.05.2020 17.06)
11:11:52.426 [FXGL Background Thread 2 ] DEBUG Engine               - saveFileExt: sav
11:11:52.426 [FXGL Background Thread 2 ] DEBUG Engine               - sceneFactory: MooseGame.NewfoundRacerApp$1@2765ddf8
11:11:52.426 [FXGL Background Thread 2 ] DEBUG Engine               - secondsIn24h: 60
11:11:52.426 [FXGL Background Thread 2 ] DEBUG Engine               - settings: Title: Newfoundland Moose Collision
Version: 1.0
Width: 840
Height: 650
Fullscreen: false
Intro: false
Profiling: false
Single step:false
App Mode: DEVELOPER
Menu Key: ESCAPE
Stage Style: DECORATED
Scene Factory: class MooseGame.NewfoundRacerApp$1

11:11:52.426 [FXGL Background Thread 2 ] DEBUG Engine               - soundMenuBack: menu/back.wav
11:11:52.426 [FXGL Background Thread 2 ] DEBUG Engine               - soundMenuPress: menu/press.wav
11:11:52.427 [FXGL Background Thread 2 ] DEBUG Engine               - soundMenuSelect: menu/select.wav
11:11:52.427 [FXGL Background Thread 2 ] DEBUG Engine               - soundNotification: core/notification.wav
11:11:52.427 [FXGL Background Thread 2 ] DEBUG Engine               - stageStyle: DECORATED
11:11:52.427 [FXGL Background Thread 2 ] DEBUG Engine               - supportedLanguages: [ENGLISH, FRENCH, GERMAN, HUNGARIAN, RUSSIAN]
11:11:52.427 [FXGL Background Thread 2 ] DEBUG Engine               - title: Newfoundland Moose Collision
11:11:52.427 [FXGL Background Thread 2 ] DEBUG Engine               - urlGithub: https://github.com/AlmasB/FXGL
11:11:52.427 [FXGL Background Thread 2 ] DEBUG Engine               - urlLeaderboard: http://fxgl-top.herokuapp.com/
11:11:52.427 [FXGL Background Thread 2 ] DEBUG Engine               - urlPOM: https://raw.githubusercontent.com/AlmasB/FXGL/master/pom.xml
11:11:52.427 [FXGL Background Thread 2 ] DEBUG Engine               - version: 1.0
11:11:52.427 [FXGL Background Thread 2 ] DEBUG Engine               - versionCheckDays: 7
11:11:52.427 [FXGL Background Thread 2 ] DEBUG Engine               - width: 840
11:11:52.427 [FXGL Background Thread 2 ] DEBUG Engine               - Logging services
11:11:52.427 [FXGL Background Thread 2 ] DEBUG Engine               - class com.almasb.fxgl.app.GameApplication$GameApplicationService
11:11:52.427 [FXGL Background Thread 2 ] DEBUG Engine               - class com.almasb.fxgl.app.services.WindowService
11:11:52.427 [FXGL Background Thread 2 ] DEBUG Engine               - class com.almasb.fxgl.app.services.FXGLDialogService
11:11:52.427 [FXGL Background Thread 2 ] DEBUG Engine               - class com.almasb.fxgl.app.services.IOTaskExecutorService
11:11:52.427 [FXGL Background Thread 2 ] DEBUG Engine               - class com.almasb.fxgl.event.EventBusService
11:11:52.427 [FXGL Background Thread 2 ] DEBUG Engine               - class com.almasb.fxgl.io.FileSystemService
11:11:52.427 [FXGL Background Thread 2 ] DEBUG Engine               - class com.almasb.fxgl.localization.LocalizationService
11:11:52.427 [FXGL Background Thread 2 ] DEBUG Engine               - class com.almasb.fxgl.app.services.AssetLoaderService
11:11:52.428 [FXGL Background Thread 2 ] DEBUG Engine               - class com.almasb.fxgl.app.services.SystemBundleService
11:11:52.428 [FXGL Background Thread 2 ] DEBUG Engine               - class com.almasb.fxgl.profile.SaveLoadService
11:11:52.428 [FXGL Background Thread 2 ] DEBUG Engine               - class com.almasb.fxgl.ui.FXGLUIFactoryServiceProvider
11:11:52.428 [FXGL Background Thread 2 ] DEBUG Engine               - class com.almasb.fxgl.ui.FXGLDialogFactoryServiceProvider
11:11:52.428 [FXGL Background Thread 2 ] DEBUG Engine               - class com.almasb.fxgl.audio.AudioPlayer
11:11:52.428 [FXGL Background Thread 2 ] DEBUG Engine               - class com.almasb.fxgl.notification.impl.NotificationServiceProvider
11:11:52.428 [FXGL Background Thread 2 ] DEBUG Engine               - class com.almasb.fxgl.achievement.AchievementService
11:11:52.428 [FXGL Background Thread 2 ] DEBUG Engine               - class com.almasb.fxgl.cutscene.CutsceneService
11:11:52.428 [FXGL Background Thread 2 ] DEBUG Engine               - class com.almasb.fxgl.minigames.MiniGameService
11:11:52.428 [FXGL Background Thread 2 ] DEBUG Engine               - class com.almasb.fxgl.net.NetService
11:11:52.428 [FXGL Background Thread 2 ] DEBUG Engine               - class com.almasb.fxgl.app.services.UpdaterService
11:11:52.428 [FXGL Background Thread 2 ] DEBUG Engine               - class com.almasb.fxgl.dev.DevService
11:11:53.505 [JavaFX Application Thread] DEBUG Menu                 - fireNewGame()
11:11:53.505 [JavaFX Application Thread] DEBUG WindowService        - Starting new game
11:11:53.505 [JavaFX Application Thread] DEBUG MainWindow           - Pop state: NewfoundlandRacerMainMenu
11:11:53.505 [JavaFX Application Thread] DEBUG Input                - Clearing active input actions
11:11:53.505 [JavaFX Application Thread] DEBUG WindowService        - Removing overlay from NewfoundlandRacerMainMenu and adding to 
11:11:53.506 [JavaFX Application Thread] DEBUG MainWindow           -  <- NewfoundlandRacerMainMenu
11:11:53.506 [JavaFX Application Thread] DEBUG Input                - Clearing active input actions
11:11:53.513 [JavaFX Application Thread] DEBUG WindowService        - Removing overlay from  and adding to FXGLLoadingScene
11:11:53.513 [JavaFX Application Thread] DEBUG MainWindow           -  -> FXGLLoadingScene
11:11:53.513 [JavaFX Application Thread] DEBUG WindowService        - Clearing previous game
11:11:53.513 [JavaFX Application Thread] DEBUG GameScene            - Clearing game scene
11:11:53.513 [JavaFX Application Thread] DEBUG GameWorld            - Clearing game world
11:11:53.513 [JavaFX Application Thread] DEBUG PhysicsWorld         - Clearing physics world
11:11:53.515 [FXGL Background Thread 1 ] DEBUG GameApplication      - Initializing game
11:11:53.522 [FXGL Background Thread 1 ] DEBUG AssetLoaderService   - Loading from file system: /assets/textures/4lanehighway.png
11:11:53.618 [FXGL Background Thread 1 ] DEBUG AssetLoaderService   - Loading from file system: /assets/textures/player.png
11:11:53.631 [FXGL Background Thread 1 ] DEBUG AssetLoaderService   - Loading from cache: /assets/music/8-Bit-Perplexion.mp3
11:11:53.631 [FXGL Background Thread 1 ] DEBUG AssetLoaderService   - Loading from cache: /assets/music/Caffeine-Crazed-Coin-Op-Kids.mp3
11:11:53.631 [FXGL Background Thread 1 ] DEBUG AudioPlayer          - Stopping music com.almasb.fxgl.audio.Music@c2580fd
11:11:53.632 [FXGL Background Thread 1 ] DEBUG AudioPlayer          - Playing music com.almasb.fxgl.audio.Music@5b24d2e3
11:11:53.634 [FXGL Background Thread 1 ] INFO  GameApplication      - Game initialization took: 0.119 sec
11:11:53.635 [JavaFX Application Thread] DEBUG Input                - Clearing active input actions
11:11:53.657 [JavaFX Application Thread] DEBUG WindowService        - Removing overlay from FXGLLoadingScene and adding to GameScene
11:11:53.658 [JavaFX Application Thread] DEBUG MainWindow           - FXGLLoadingScene -> GameScene
11:11:55.724 [JavaFX Application Thread] DEBUG AssetLoaderService   - Loading from file system: /assets/textures/driver2.png
11:11:57.123 [JavaFX Application Thread] DEBUG AssetLoaderService   - Loading from cache: /assets/textures/driver2.png
11:11:57.587 [JavaFX Application Thread] DEBUG AssetLoaderService   - Loading from file system: /assets/textures/pothole.png
11:11:58.524 [JavaFX Application Thread] DEBUG AssetLoaderService   - Loading from file system: /assets/textures/driver3.png
11:11:58.988 [JavaFX Application Thread] DEBUG AssetLoaderService   - Loading from file system: /assets/textures/cowmoosespriterunning.png
11:11:59.935 [JavaFX Application Thread] DEBUG AssetLoaderService   - Loading from file system: /assets/textures/coin.png
11:11:59.953 [JavaFX Application Thread] DEBUG AssetLoaderService   - Loading from file system: /assets/textures/driver4.png
11:12:00.899 [JavaFX Application Thread] DEBUG AssetLoaderService   - Loading from cache: /assets/textures/pothole.png
11:12:01.347 [JavaFX Application Thread] DEBUG AssetLoaderService   - Loading from file system: /assets/textures/driver1.png
11:12:01.812 [JavaFX Application Thread] DEBUG AssetLoaderService   - Loading from file system: /assets/sounds/coincollect.wav
11:12:02.814 [JavaFX Application Thread] DEBUG AssetLoaderService   - Loading from cache: /assets/textures/driver2.png
11:12:03.724 [JavaFX Application Thread] DEBUG AssetLoaderService   - Loading from cache: /assets/textures/cowmoosespriterunning.png
11:12:04.179 [JavaFX Application Thread] DEBUG AssetLoaderService   - Loading from cache: /assets/textures/pothole.png
11:12:04.195 [JavaFX Application Thread] DEBUG AssetLoaderService   - Loading from cache: /assets/textures/driver2.png
11:12:05.550 [JavaFX Application Thread] DEBUG AssetLoaderService   - Loading from cache: /assets/textures/coin.png
11:12:05.578 [JavaFX Application Thread] DEBUG AssetLoaderService   - Loading from file system: /assets/textures/driver0.png
11:12:07.037 [JavaFX Application Thread] DEBUG AssetLoaderService   - Loading from cache: /assets/textures/driver1.png
11:12:07.251 [JavaFX Application Thread] DEBUG AssetLoaderService   - Loading from cache: /assets/sounds/coincollect.wav
11:12:07.491 [JavaFX Application Thread] DEBUG AssetLoaderService   - Loading from cache: /assets/textures/pothole.png
11:12:08.435 [JavaFX Application Thread] DEBUG AssetLoaderService   - Loading from cache: /assets/textures/cowmoosespriterunning.png
11:12:08.483 [JavaFX Application Thread] DEBUG AssetLoaderService   - Loading from cache: /assets/textures/driver4.png
11:12:09.946 [JavaFX Application Thread] DEBUG AssetLoaderService   - Loading from cache: /assets/textures/driver2.png
11:12:10.930 [JavaFX Application Thread] DEBUG AssetLoaderService   - Loading from cache: /assets/textures/pothole.png
11:12:11.395 [JavaFX Application Thread] DEBUG AssetLoaderService   - Loading from cache: /assets/textures/coin.png
11:12:11.443 [JavaFX Application Thread] DEBUG AssetLoaderService   - Loading from cache: /assets/textures/driver4.png
11:12:12.956 [JavaFX Application Thread] DEBUG AssetLoaderService   - Loading from cache: /assets/textures/driver1.png
11:12:13.370 [JavaFX Application Thread] DEBUG AssetLoaderService   - Loading from cache: /assets/textures/cowmoosespriterunning.png
11:12:13.538 [JavaFX Application Thread] DEBUG AssetLoaderService   - Loading from cache: /assets/sounds/coincollect.wav
11:12:14.412 [JavaFX Application Thread] DEBUG AssetLoaderService   - Loading from cache: /assets/textures/pothole.png
11:12:14.467 [JavaFX Application Thread] DEBUG AssetLoaderService   - Loading from cache: /assets/textures/driver2.png
11:12:15.923 [JavaFX Application Thread] DEBUG AssetLoaderService   - Loading from cache: /assets/textures/driver4.png
11:12:17.343 [JavaFX Application Thread] DEBUG AssetLoaderService   - Loading from cache: /assets/textures/coin.png
11:12:17.435 [JavaFX Application Thread] DEBUG AssetLoaderService   - Loading from cache: /assets/textures/driver1.png
11:12:17.857 [JavaFX Application Thread] DEBUG AssetLoaderService   - Loading from cache: /assets/textures/pothole.png
11:12:18.355 [JavaFX Application Thread] DEBUG AssetLoaderService   - Loading from cache: /assets/textures/cowmoosespriterunning.png
11:12:18.940 [JavaFX Application Thread] DEBUG AssetLoaderService   - Loading from cache: /assets/textures/driver4.png
11:12:19.246 [JavaFX Application Thread] DEBUG AssetLoaderService   - Loading from cache: /assets/sounds/coincollect.wav
11:12:20.413 [JavaFX Application Thread] DEBUG AssetLoaderService   - Loading from cache: /assets/textures/driver1.png
11:12:21.322 [JavaFX Application Thread] DEBUG AssetLoaderService   - Loading from cache: /assets/textures/pothole.png
11:12:21.891 [JavaFX Application Thread] DEBUG AssetLoaderService   - Loading from cache: /assets/textures/driver0.png
11:12:22.412 [JavaFX Application Thread] DEBUG AssetLoaderService   - Loading from cache: /assets/music/8-Bit-Perplexion.mp3
11:12:22.412 [JavaFX Application Thread] DEBUG AssetLoaderService   - Loading from cache: /assets/music/Caffeine-Crazed-Coin-Op-Kids.mp3
11:12:22.412 [JavaFX Application Thread] DEBUG AudioPlayer          - Stopping music com.almasb.fxgl.audio.Music@5b24d2e3
11:12:22.413 [JavaFX Application Thread] DEBUG AudioPlayer          - Playing music com.almasb.fxgl.audio.Music@c2580fd
11:12:22.414 [JavaFX Application Thread] DEBUG MainWindow           - Push state: DialogSubScene
11:12:22.414 [JavaFX Application Thread] DEBUG Input                - Clearing active input actions
11:12:22.419 [JavaFX Application Thread] DEBUG WindowService        - Removing overlay from GameScene and adding to DialogSubScene
11:12:22.419 [JavaFX Application Thread] DEBUG MainWindow           - GameScene -> DialogSubScene
11:12:22.419 [JavaFX Application Thread] DEBUG AssetLoaderService   - Loading from file system: /assets/sounds/carcrash.wav
11:12:28.319 [JavaFX Application Thread] DEBUG MainWindow           - Pop state: DialogSubScene
11:12:28.319 [JavaFX Application Thread] DEBUG Input                - Clearing active input actions
11:12:28.320 [JavaFX Application Thread] DEBUG WindowService        - Removing overlay from DialogSubScene and adding to GameScene
11:12:28.320 [JavaFX Application Thread] DEBUG MainWindow           - GameScene <- DialogSubScene
11:12:28.320 [JavaFX Application Thread] DEBUG Input                - Clearing active input actions
11:12:28.327 [JavaFX Application Thread] DEBUG WindowService        - Removing overlay from GameScene and adding to 
11:12:28.327 [JavaFX Application Thread] DEBUG MainWindow           - GameScene -> 
11:12:28.327 [JavaFX Application Thread] DEBUG MainWindow           - Push state: NewfoundlandRacerMainMenu
11:12:28.327 [JavaFX Application Thread] DEBUG Input                - Clearing active input actions
11:12:28.328 [JavaFX Application Thread] DEBUG WindowService        - Removing overlay from  and adding to NewfoundlandRacerMainMenu
11:12:28.329 [JavaFX Application Thread] DEBUG MainWindow           -  -> NewfoundlandRacerMainMenu
11:12:28.329 [JavaFX Application Thread] DEBUG AssetLoaderService   - Loading from cache: /assets/music/8-Bit-Perplexion.mp3
11:12:28.329 [JavaFX Application Thread] DEBUG AssetLoaderService   - Loading from cache: /assets/music/Caffeine-Crazed-Coin-Op-Kids.mp3
11:12:28.329 [JavaFX Application Thread] DEBUG AudioPlayer          - Stopping music com.almasb.fxgl.audio.Music@c2580fd
11:12:28.329 [JavaFX Application Thread] DEBUG AudioPlayer          - Playing music com.almasb.fxgl.audio.Music@5b24d2e3
11:12:29.530 [JavaFX Application Thread] DEBUG GameApplication      - Exiting FXGL
11:12:29.531 [JavaFX Application Thread] DEBUG LoopRunner           - Stopping loop
11:12:29.531 [JavaFX Application Thread] DEBUG SystemBundleService  - Saving FXGL system data
11:12:29.533 [JavaFX Application Thread] DEBUG FileSystemAccess     - Writing to: E:\secondYear\Java\NewfoundlandRacer\system\fxgl.bundle
11:12:29.534 [JavaFX Application Thread] DEBUG GameApplication      - Shutting down background threads
11:12:29.534 [JavaFX Application Thread] DEBUG GameApplication      - Closing logger and exiting JavaFX
