20:03:05.474 [main                     ] DEBUG GameApplication      - Logger initialized
20:03:05.478 [main                     ] DEBUG GameApplication      - Logging settings
Title: Newfoundland Moose Collision
Version: 0.1
Width: 840
Height: 650
Fullscreen: false
Intro: false
Profiling: false
Single step:false
App Mode: DEVELOPER
Menu Key: ESCAPE
Stage Style: DECORATED
Scene Factory: class MooseGame.NewfoundRacerApp$1

20:03:05.793 [JavaFX Application Thread] DEBUG GameApplication      - Initializing FXGL
20:03:05.801 [JavaFX Application Thread] INFO  Engine               - FXGL-11.9 (27.05.2020 17.06) on WINDOWS (J:14.0.1 FX:13.0.2)
20:03:05.801 [JavaFX Application Thread] DEBUG Engine               - JRE Vendor Name: Oracle Corporation
20:03:05.801 [JavaFX Application Thread] DEBUG Engine               - Running on OS: Windows 10 version 10.0
20:03:05.801 [JavaFX Application Thread] DEBUG Engine               - Architecture: amd64
20:03:05.801 [JavaFX Application Thread] INFO  Engine               - Source code and latest versions at: https://github.com/AlmasB/FXGL
20:03:05.801 [JavaFX Application Thread] INFO  Engine               -              Join the FXGL chat at: https://gitter.im/AlmasB/FXGL
20:03:05.887 [JavaFX Application Thread] DEBUG MainWindow           - Creating a JavaFX scene
20:03:05.924 [JavaFX Application Thread] DEBUG MainWindow           - Target settings size: 840.0 x 650.0
20:03:05.924 [JavaFX Application Thread] DEBUG MainWindow           - Scaled scene size:    840.0 x 650.0
20:03:05.924 [JavaFX Application Thread] DEBUG MainWindow           - Scaled ratio: (1.0, 1.0)
20:03:05.926 [JavaFX Application Thread] DEBUG MainWindow           - Set initial scene to FXGLStartupScene
20:03:05.932 [JavaFX Application Thread] DEBUG MainWindow           - Opening main window
20:03:06.017 [JavaFX Application Thread] DEBUG MainWindow           - Window border size: (16.0, 39.0)
20:03:06.017 [JavaFX Application Thread] DEBUG MainWindow           - Scaled size: 840.0 x 650.0
20:03:06.017 [JavaFX Application Thread] DEBUG MainWindow           - Scaled ratio: (1.0, 1.0)
20:03:06.018 [JavaFX Application Thread] DEBUG MainWindow           - Scene size: 840.0 x 650.0
20:03:06.018 [JavaFX Application Thread] DEBUG MainWindow           - Stage size: 856.0 x 689.0
20:03:06.024 [FXGL Background Thread 1 ] DEBUG Engine               - Initializing environment variables
20:03:06.047 [FXGL Background Thread 1 ] DEBUG WindowService        - Applying CSS: fxgl_dark.css
20:03:06.047 [FXGL Background Thread 1 ] DEBUG AssetLoaderService   - Loading from file system: /assets/ui/css/fxgl_dark.css
20:03:06.079 [FXGL Background Thread 1 ] DEBUG WindowService        - Initializing application scenes
20:03:06.099 [FXGL Background Thread 1 ] DEBUG GameWorld            - Game world initialized
20:03:06.128 [FXGL Background Thread 1 ] DEBUG PhysicsWorld         - Physics world initialized: appHeight=650, physics.ppm=50.0
20:03:06.130 [FXGL Background Thread 1 ] DEBUG GameScene            - Game scene initialized: 840x650
20:03:06.185 [FXGL Background Thread 1 ] DEBUG AssetLoaderService   - Loading from file system: /assets/textures/particles/trace_horizontal.png
20:03:06.215 [FXGL Background Thread 1 ] DEBUG FXGL.DefaultMenu     - createMenuBodyGameMenu()
20:03:06.223 [FXGL Background Thread 1 ] DEBUG FXGL.DefaultMenu     - createOptionsMenu()
20:03:06.228 [FXGL Background Thread 1 ] DEBUG AssetLoaderService   - Loading from file system: /assets/textures/particles/smoke.png
20:03:06.269 [FXGL Background Thread 1 ] DEBUG WindowService        - Application scenes initialized
20:03:06.276 [FXGL Background Thread 1 ] DEBUG SystemBundleService  - Loading FXGL system data
20:03:06.279 [FXGL Background Thread 1 ] DEBUG FileSystemAccess     - Reading from: E:\secondYear\Java\NewfoundlandRacer\system\fxgl.bundle
20:03:06.283 [FXGL Background Thread 1 ] DEBUG SystemBundleService  - Bundle FXGL: {}
20:03:06.284 [FXGL Background Thread 1 ] INFO  Engine               - FXGL initialization took: 0.258 sec
20:03:06.285 [FXGL Background Thread 1 ] DEBUG GameApplication      - Loading localizations
20:03:06.285 [FXGL Background Thread 1 ] DEBUG AssetLoaderService   - Loading from file system: /assets/languages/english.lang
20:03:06.293 [FXGL Background Thread 1 ] DEBUG AssetLoaderService   - Loading from file system: /assets/languages/french.lang
20:03:06.294 [FXGL Background Thread 1 ] DEBUG AssetLoaderService   - Loading from file system: /assets/languages/german.lang
20:03:06.296 [FXGL Background Thread 1 ] DEBUG AssetLoaderService   - Loading from file system: /assets/languages/hungarian.lang
20:03:06.298 [FXGL Background Thread 1 ] DEBUG AssetLoaderService   - Loading from file system: /assets/languages/russian.lang
20:03:06.299 [FXGL Background Thread 1 ] DEBUG GameApplication      - Registering font factories with UI factory
20:03:06.300 [FXGL Background Thread 1 ] DEBUG AssetLoaderService   - Loading from file system: /assets/ui/fonts/VarelaRound-Regular.ttf
20:03:06.330 [FXGL Background Thread 1 ] DEBUG AssetLoaderService   - Loading from file system: /assets/ui/fonts/Abel-Regular.ttf
20:03:06.332 [FXGL Background Thread 1 ] DEBUG AssetLoaderService   - Loading from file system: /assets/ui/fonts/lucida_console.ttf
20:03:06.336 [FXGL Background Thread 1 ] DEBUG AssetLoaderService   - Loading from file system: /assets/ui/fonts/Courier-Prime.ttf
20:03:06.343 [JavaFX Application Thread] DEBUG Input                - Registered new binding: Move Right - D
20:03:06.343 [JavaFX Application Thread] DEBUG Input                - Registered new binding: Move Left - A
20:03:06.343 [JavaFX Application Thread] DEBUG Input                - Registered new binding: Move Up - W
20:03:06.343 [JavaFX Application Thread] DEBUG Input                - Registered new binding: Move Down - S
20:03:06.343 [JavaFX Application Thread] DEBUG AssetLoaderService   - Loading from file system: /assets/textures/fxgl_icon.png
20:03:06.356 [JavaFX Application Thread] DEBUG AssetLoaderService   - Loading from file system: /assets/ui/cursors/fxgl_default.png
20:03:06.358 [JavaFX Application Thread] DEBUG Input                - Registered new binding: Screenshot - P
20:03:06.359 [JavaFX Application Thread] DEBUG Input                - Registered new binding: System info dump - CTRL+9
20:03:06.359 [JavaFX Application Thread] DEBUG Input                - Registered new binding: Restart - CTRL+R
20:03:06.360 [JavaFX Application Thread] DEBUG LoopRunner           - Starting loop
20:03:06.378 [JavaFX Application Thread] DEBUG FXGLStartupScene     - STARTUP
20:03:06.379 [JavaFX Application Thread] DEBUG Input                - Clearing active input actions
20:03:06.385 [JavaFX Application Thread] DEBUG WindowService        - Removing overlay from FXGLStartupScene and adding to 
20:03:06.385 [JavaFX Application Thread] DEBUG MainWindow           - FXGLStartupScene -> 
20:03:06.385 [JavaFX Application Thread] DEBUG MainWindow           - Push state: NewfoundlandRacerMainMenu
20:03:06.385 [JavaFX Application Thread] DEBUG Input                - Clearing active input actions
20:03:06.392 [JavaFX Application Thread] DEBUG WindowService        - Removing overlay from  and adding to NewfoundlandRacerMainMenu
20:03:06.393 [JavaFX Application Thread] DEBUG MainWindow           -  -> NewfoundlandRacerMainMenu
20:03:09.030 [JavaFX Application Thread] DEBUG GameApplication      - Exiting FXGL
20:03:09.030 [JavaFX Application Thread] DEBUG LoopRunner           - Stopping loop
20:03:09.030 [JavaFX Application Thread] DEBUG SystemBundleService  - Saving FXGL system data
20:03:09.031 [JavaFX Application Thread] DEBUG FileSystemAccess     - Writing to: E:\secondYear\Java\NewfoundlandRacer\system\fxgl.bundle
20:03:09.032 [JavaFX Application Thread] DEBUG GameApplication      - Shutting down background threads
20:03:09.032 [JavaFX Application Thread] DEBUG GameApplication      - Closing logger and exiting JavaFX
