19:59:40.012 [main                     ] DEBUG GameApplication      - Logger initialized
19:59:40.016 [main                     ] DEBUG GameApplication      - Logging settings
Title: Newfoundland Moose Collision
Version: 0.1
Width: 840
Height: 650
Fullscreen: false
Intro: false
Profiling: false
Single step:false
App Mode: DEVELOPER
Menu Key: ESCAPE
Stage Style: DECORATED
Scene Factory: class MooseGame.NewfoundRacerApp$1

19:59:40.336 [JavaFX Application Thread] DEBUG GameApplication      - Initializing FXGL
19:59:40.343 [JavaFX Application Thread] INFO  Engine               - FXGL-11.9 (27.05.2020 17.06) on WINDOWS (J:14.0.1 FX:13.0.2)
19:59:40.343 [JavaFX Application Thread] DEBUG Engine               - JRE Vendor Name: Oracle Corporation
19:59:40.343 [JavaFX Application Thread] DEBUG Engine               - Running on OS: Windows 10 version 10.0
19:59:40.344 [JavaFX Application Thread] DEBUG Engine               - Architecture: amd64
19:59:40.344 [JavaFX Application Thread] INFO  Engine               - Source code and latest versions at: https://github.com/AlmasB/FXGL
19:59:40.344 [JavaFX Application Thread] INFO  Engine               -              Join the FXGL chat at: https://gitter.im/AlmasB/FXGL
19:59:40.428 [JavaFX Application Thread] DEBUG MainWindow           - Creating a JavaFX scene
19:59:40.466 [JavaFX Application Thread] DEBUG MainWindow           - Target settings size: 840.0 x 650.0
19:59:40.466 [JavaFX Application Thread] DEBUG MainWindow           - Scaled scene size:    840.0 x 650.0
19:59:40.466 [JavaFX Application Thread] DEBUG MainWindow           - Scaled ratio: (1.0, 1.0)
19:59:40.467 [JavaFX Application Thread] DEBUG MainWindow           - Set initial scene to FXGLStartupScene
19:59:40.473 [JavaFX Application Thread] DEBUG MainWindow           - Opening main window
19:59:40.550 [JavaFX Application Thread] DEBUG MainWindow           - Window border size: (16.0, 39.0)
19:59:40.550 [JavaFX Application Thread] DEBUG MainWindow           - Scaled size: 840.0 x 650.0
19:59:40.550 [JavaFX Application Thread] DEBUG MainWindow           - Scaled ratio: (1.0, 1.0)
19:59:40.550 [JavaFX Application Thread] DEBUG MainWindow           - Scene size: 840.0 x 650.0
19:59:40.550 [JavaFX Application Thread] DEBUG MainWindow           - Stage size: 856.0 x 689.0
19:59:40.556 [FXGL Background Thread 1 ] DEBUG Engine               - Initializing environment variables
19:59:40.578 [FXGL Background Thread 1 ] DEBUG WindowService        - Applying CSS: fxgl_dark.css
19:59:40.578 [FXGL Background Thread 1 ] DEBUG AssetLoaderService   - Loading from file system: /assets/ui/css/fxgl_dark.css
19:59:40.613 [FXGL Background Thread 1 ] DEBUG WindowService        - Initializing application scenes
19:59:40.635 [FXGL Background Thread 1 ] DEBUG GameWorld            - Game world initialized
19:59:40.661 [FXGL Background Thread 1 ] DEBUG PhysicsWorld         - Physics world initialized: appHeight=650, physics.ppm=50.0
19:59:40.662 [FXGL Background Thread 1 ] DEBUG GameScene            - Game scene initialized: 840x650
19:59:40.713 [FXGL Background Thread 1 ] DEBUG AssetLoaderService   - Loading from file system: /assets/textures/particles/trace_horizontal.png
19:59:40.742 [FXGL Background Thread 1 ] DEBUG FXGL.DefaultMenu     - createMenuBodyGameMenu()
19:59:40.750 [FXGL Background Thread 1 ] DEBUG FXGL.DefaultMenu     - createOptionsMenu()
19:59:40.753 [FXGL Background Thread 1 ] DEBUG AssetLoaderService   - Loading from file system: /assets/textures/particles/smoke.png
19:59:40.791 [FXGL Background Thread 1 ] DEBUG WindowService        - Application scenes initialized
19:59:40.799 [FXGL Background Thread 1 ] DEBUG SystemBundleService  - Loading FXGL system data
19:59:40.801 [FXGL Background Thread 1 ] DEBUG FileSystemAccess     - Reading from: E:\secondYear\Java\NewfoundlandRacer\system\fxgl.bundle
19:59:40.805 [FXGL Background Thread 1 ] DEBUG SystemBundleService  - Bundle FXGL: {}
19:59:40.805 [FXGL Background Thread 1 ] INFO  Engine               - FXGL initialization took: 0.247 sec
19:59:40.807 [FXGL Background Thread 1 ] DEBUG GameApplication      - Loading localizations
19:59:40.807 [FXGL Background Thread 1 ] DEBUG AssetLoaderService   - Loading from file system: /assets/languages/english.lang
19:59:40.815 [FXGL Background Thread 1 ] DEBUG AssetLoaderService   - Loading from file system: /assets/languages/french.lang
19:59:40.816 [FXGL Background Thread 1 ] DEBUG AssetLoaderService   - Loading from file system: /assets/languages/german.lang
19:59:40.817 [FXGL Background Thread 1 ] DEBUG AssetLoaderService   - Loading from file system: /assets/languages/hungarian.lang
19:59:40.819 [FXGL Background Thread 1 ] DEBUG AssetLoaderService   - Loading from file system: /assets/languages/russian.lang
19:59:40.820 [FXGL Background Thread 1 ] DEBUG GameApplication      - Registering font factories with UI factory
19:59:40.820 [FXGL Background Thread 1 ] DEBUG AssetLoaderService   - Loading from file system: /assets/ui/fonts/VarelaRound-Regular.ttf
19:59:40.850 [FXGL Background Thread 1 ] DEBUG AssetLoaderService   - Loading from file system: /assets/ui/fonts/Abel-Regular.ttf
19:59:40.853 [FXGL Background Thread 1 ] DEBUG AssetLoaderService   - Loading from file system: /assets/ui/fonts/lucida_console.ttf
19:59:40.856 [FXGL Background Thread 1 ] DEBUG AssetLoaderService   - Loading from file system: /assets/ui/fonts/Courier-Prime.ttf
19:59:40.864 [JavaFX Application Thread] DEBUG Input                - Registered new binding: Move Right - D
19:59:40.864 [JavaFX Application Thread] DEBUG Input                - Registered new binding: Move Left - A
19:59:40.864 [JavaFX Application Thread] DEBUG Input                - Registered new binding: Move Up - W
19:59:40.864 [JavaFX Application Thread] DEBUG Input                - Registered new binding: Move Down - S
19:59:40.864 [JavaFX Application Thread] DEBUG AssetLoaderService   - Loading from file system: /assets/textures/fxgl_icon.png
19:59:40.877 [JavaFX Application Thread] DEBUG AssetLoaderService   - Loading from file system: /assets/ui/cursors/fxgl_default.png
19:59:40.879 [JavaFX Application Thread] DEBUG Input                - Registered new binding: Screenshot - P
19:59:40.879 [JavaFX Application Thread] DEBUG Input                - Registered new binding: System info dump - CTRL+9
19:59:40.879 [JavaFX Application Thread] DEBUG Input                - Registered new binding: Restart - CTRL+R
19:59:40.880 [JavaFX Application Thread] DEBUG LoopRunner           - Starting loop
19:59:40.887 [JavaFX Application Thread] DEBUG FXGLStartupScene     - STARTUP
19:59:40.888 [JavaFX Application Thread] DEBUG Input                - Clearing active input actions
19:59:40.893 [JavaFX Application Thread] DEBUG WindowService        - Removing overlay from FXGLStartupScene and adding to 
19:59:40.894 [JavaFX Application Thread] DEBUG MainWindow           - FXGLStartupScene -> 
19:59:40.894 [JavaFX Application Thread] DEBUG MainWindow           - Push state: NewfoundlandRacerMainMenu
19:59:40.894 [JavaFX Application Thread] DEBUG Input                - Clearing active input actions
19:59:40.901 [JavaFX Application Thread] DEBUG WindowService        - Removing overlay from  and adding to NewfoundlandRacerMainMenu
19:59:40.901 [JavaFX Application Thread] DEBUG MainWindow           -  -> NewfoundlandRacerMainMenu
19:59:43.809 [FXGL Background Thread 2 ] DEBUG Engine               - Logging environment variables
19:59:43.809 [FXGL Background Thread 2 ] DEBUG Engine               - achievements: []
19:59:43.809 [FXGL Background Thread 2 ] DEBUG Engine               - appIcon: fxgl_icon.png
19:59:43.809 [FXGL Background Thread 2 ] DEBUG Engine               - applicationMode: DEVELOPER
19:59:43.809 [FXGL Background Thread 2 ] DEBUG Engine               - cSSList: [fxgl_dark.css]
19:59:43.809 [FXGL Background Thread 2 ] DEBUG Engine               - configClass: Optional.empty
19:59:43.809 [FXGL Background Thread 2 ] DEBUG Engine               - credits: []
19:59:43.809 [FXGL Background Thread 2 ] DEBUG Engine               - devBBoxColorProperty: ObjectProperty [value: 0xff0000ff]
19:59:43.809 [FXGL Background Thread 2 ] DEBUG Engine               - devSensorColorProperty: ObjectProperty [value: 0xffff00ff]
19:59:43.810 [FXGL Background Thread 2 ] DEBUG Engine               - devShowBBoxProperty: BooleanProperty [value: false]
19:59:43.810 [FXGL Background Thread 2 ] DEBUG Engine               - devShowPositionProperty: BooleanProperty [value: false]
19:59:43.810 [FXGL Background Thread 2 ] DEBUG Engine               - enabledMenuItems: []
19:59:43.810 [FXGL Background Thread 2 ] DEBUG Engine               - engineServices: [class com.almasb.fxgl.app.GameApplication$GameApplicationService, class com.almasb.fxgl.app.services.WindowService, class com.almasb.fxgl.app.services.FXGLDialogService, class com.almasb.fxgl.app.services.IOTaskExecutorService, class com.almasb.fxgl.event.EventBusService, class com.almasb.fxgl.io.FileSystemService, class com.almasb.fxgl.localization.LocalizationService, class com.almasb.fxgl.app.services.AssetLoaderService, class com.almasb.fxgl.app.services.SystemBundleService, class com.almasb.fxgl.profile.SaveLoadService, class com.almasb.fxgl.ui.FXGLUIFactoryServiceProvider, class com.almasb.fxgl.ui.FXGLDialogFactoryServiceProvider, class com.almasb.fxgl.audio.AudioPlayer, class com.almasb.fxgl.notification.impl.NotificationServiceProvider, class com.almasb.fxgl.achievement.AchievementService, class com.almasb.fxgl.cutscene.CutsceneService, class com.almasb.fxgl.minigames.MiniGameService, class com.almasb.fxgl.net.NetService, class com.almasb.fxgl.app.services.UpdaterService, class com.almasb.fxgl.dev.DevService]
19:59:43.810 [FXGL Background Thread 2 ] DEBUG Engine               - fontGame: Abel-Regular.ttf
19:59:43.810 [FXGL Background Thread 2 ] DEBUG Engine               - fontMono: lucida_console.ttf
19:59:43.810 [FXGL Background Thread 2 ] DEBUG Engine               - fontText: Courier-Prime.ttf
19:59:43.810 [FXGL Background Thread 2 ] DEBUG Engine               - fontUI: VarelaRound-Regular.ttf
19:59:43.810 [FXGL Background Thread 2 ] DEBUG Engine               - fullScreen: BooleanProperty [value: false]
19:59:43.810 [FXGL Background Thread 2 ] DEBUG Engine               - gameDifficulty: MEDIUM
19:59:43.810 [FXGL Background Thread 2 ] DEBUG Engine               - gameDifficultyProperty: ObjectProperty [value: MEDIUM]
19:59:43.810 [FXGL Background Thread 2 ] DEBUG Engine               - globalMusicVolume: 0.5
19:59:43.810 [FXGL Background Thread 2 ] DEBUG Engine               - globalMusicVolumeProperty: DoubleProperty [value: 0.5]
19:59:43.810 [FXGL Background Thread 2 ] DEBUG Engine               - globalSoundVolume: 0.5
19:59:43.810 [FXGL Background Thread 2 ] DEBUG Engine               - globalSoundVolumeProperty: DoubleProperty [value: 0.5]
19:59:43.811 [FXGL Background Thread 2 ] DEBUG Engine               - height: 650
19:59:43.811 [FXGL Background Thread 2 ] DEBUG Engine               - isAndroid: false
19:59:43.811 [FXGL Background Thread 2 ] DEBUG Engine               - isBrowser: false
19:59:43.811 [FXGL Background Thread 2 ] DEBUG Engine               - isClickFeedbackEnabled: false
19:59:43.811 [FXGL Background Thread 2 ] DEBUG Engine               - isCloseConfirmation: false
19:59:43.811 [FXGL Background Thread 2 ] DEBUG Engine               - isDesktop: true
19:59:43.811 [FXGL Background Thread 2 ] DEBUG Engine               - isDeveloperMenuEnabled: false
19:59:43.811 [FXGL Background Thread 2 ] DEBUG Engine               - isExperimentalNative: false
19:59:43.811 [FXGL Background Thread 2 ] DEBUG Engine               - isExperimentalTiledLargeMap: false
19:59:43.811 [FXGL Background Thread 2 ] DEBUG Engine               - isFullScreenAllowed: false
19:59:43.811 [FXGL Background Thread 2 ] DEBUG Engine               - isFullScreenFromStart: false
19:59:43.811 [FXGL Background Thread 2 ] DEBUG Engine               - isGameMenuEnabled: true
19:59:43.811 [FXGL Background Thread 2 ] DEBUG Engine               - isIOS: false
19:59:43.811 [FXGL Background Thread 2 ] DEBUG Engine               - isIntroEnabled: false
19:59:43.811 [FXGL Background Thread 2 ] DEBUG Engine               - isLinux: false
19:59:43.811 [FXGL Background Thread 2 ] DEBUG Engine               - isMac: false
19:59:43.811 [FXGL Background Thread 2 ] DEBUG Engine               - isMainMenuEnabled: true
19:59:43.812 [FXGL Background Thread 2 ] DEBUG Engine               - isManualResizeEnabled: false
19:59:43.812 [FXGL Background Thread 2 ] DEBUG Engine               - isMobile: false
19:59:43.812 [FXGL Background Thread 2 ] DEBUG Engine               - isPreserveResizeRatio: false
19:59:43.812 [FXGL Background Thread 2 ] DEBUG Engine               - isProfilingEnabled: false
19:59:43.812 [FXGL Background Thread 2 ] DEBUG Engine               - isSingleStep: false
19:59:43.812 [FXGL Background Thread 2 ] DEBUG Engine               - isUserProfileEnabled: false
19:59:43.812 [FXGL Background Thread 2 ] DEBUG Engine               - isWindows: true
19:59:43.812 [FXGL Background Thread 2 ] DEBUG Engine               - language: ObjectProperty [value: ENGLISH]
19:59:43.812 [FXGL Background Thread 2 ] DEBUG Engine               - mainWindow: com.almasb.fxgl.app.MainWindow@46357373
19:59:43.812 [FXGL Background Thread 2 ] DEBUG Engine               - menuKey: ESCAPE
19:59:43.812 [FXGL Background Thread 2 ] DEBUG Engine               - notificationViewClass: class com.almasb.fxgl.notification.view.XboxNotificationView
19:59:43.812 [FXGL Background Thread 2 ] DEBUG Engine               - pixelsPerMeter: 50.0
19:59:43.812 [FXGL Background Thread 2 ] DEBUG Engine               - platform: WINDOWS
19:59:43.812 [FXGL Background Thread 2 ] DEBUG Engine               - profileDir: profiles/
19:59:43.812 [FXGL Background Thread 2 ] DEBUG Engine               - profileName: StringProperty [value: DEFAULT]
19:59:43.812 [FXGL Background Thread 2 ] DEBUG Engine               - randomSeed: -1
19:59:43.812 [FXGL Background Thread 2 ] DEBUG Engine               - runtimeInfo: RuntimeInfo(platform=WINDOWS, version=11.9, build=27.05.2020 17.06)
19:59:43.812 [FXGL Background Thread 2 ] DEBUG Engine               - saveFileExt: sav
19:59:43.813 [FXGL Background Thread 2 ] DEBUG Engine               - sceneFactory: MooseGame.NewfoundRacerApp$1@337f5d1
19:59:43.813 [FXGL Background Thread 2 ] DEBUG Engine               - secondsIn24h: 60
19:59:43.813 [FXGL Background Thread 2 ] DEBUG Engine               - settings: Title: Newfoundland Moose Collision
Version: 0.1
Width: 840
Height: 650
Fullscreen: false
Intro: false
Profiling: false
Single step:false
App Mode: DEVELOPER
Menu Key: ESCAPE
Stage Style: DECORATED
Scene Factory: class MooseGame.NewfoundRacerApp$1

19:59:43.813 [FXGL Background Thread 2 ] DEBUG Engine               - soundMenuBack: menu/back.wav
19:59:43.813 [FXGL Background Thread 2 ] DEBUG Engine               - soundMenuPress: menu/press.wav
19:59:43.813 [FXGL Background Thread 2 ] DEBUG Engine               - soundMenuSelect: menu/select.wav
19:59:43.813 [FXGL Background Thread 2 ] DEBUG Engine               - soundNotification: core/notification.wav
19:59:43.813 [FXGL Background Thread 2 ] DEBUG Engine               - stageStyle: DECORATED
19:59:43.813 [FXGL Background Thread 2 ] DEBUG Engine               - supportedLanguages: [ENGLISH, FRENCH, GERMAN, HUNGARIAN, RUSSIAN]
19:59:43.813 [FXGL Background Thread 2 ] DEBUG Engine               - title: Newfoundland Moose Collision
19:59:43.813 [FXGL Background Thread 2 ] DEBUG Engine               - urlGithub: https://github.com/AlmasB/FXGL
19:59:43.813 [FXGL Background Thread 2 ] DEBUG Engine               - urlLeaderboard: http://fxgl-top.herokuapp.com/
19:59:43.813 [FXGL Background Thread 2 ] DEBUG Engine               - urlPOM: https://raw.githubusercontent.com/AlmasB/FXGL/master/pom.xml
19:59:43.813 [FXGL Background Thread 2 ] DEBUG Engine               - version: 0.1
19:59:43.813 [FXGL Background Thread 2 ] DEBUG Engine               - versionCheckDays: 7
19:59:43.813 [FXGL Background Thread 2 ] DEBUG Engine               - width: 840
19:59:43.813 [FXGL Background Thread 2 ] DEBUG Engine               - Logging services
19:59:43.813 [FXGL Background Thread 2 ] DEBUG Engine               - class com.almasb.fxgl.app.GameApplication$GameApplicationService
19:59:43.813 [FXGL Background Thread 2 ] DEBUG Engine               - class com.almasb.fxgl.app.services.WindowService
19:59:43.814 [FXGL Background Thread 2 ] DEBUG Engine               - class com.almasb.fxgl.app.services.FXGLDialogService
19:59:43.814 [FXGL Background Thread 2 ] DEBUG Engine               - class com.almasb.fxgl.app.services.IOTaskExecutorService
19:59:43.814 [FXGL Background Thread 2 ] DEBUG Engine               - class com.almasb.fxgl.event.EventBusService
19:59:43.814 [FXGL Background Thread 2 ] DEBUG Engine               - class com.almasb.fxgl.io.FileSystemService
19:59:43.814 [FXGL Background Thread 2 ] DEBUG Engine               - class com.almasb.fxgl.localization.LocalizationService
19:59:43.814 [FXGL Background Thread 2 ] DEBUG Engine               - class com.almasb.fxgl.app.services.AssetLoaderService
19:59:43.814 [FXGL Background Thread 2 ] DEBUG Engine               - class com.almasb.fxgl.app.services.SystemBundleService
19:59:43.814 [FXGL Background Thread 2 ] DEBUG Engine               - class com.almasb.fxgl.profile.SaveLoadService
19:59:43.814 [FXGL Background Thread 2 ] DEBUG Engine               - class com.almasb.fxgl.ui.FXGLUIFactoryServiceProvider
19:59:43.814 [FXGL Background Thread 2 ] DEBUG Engine               - class com.almasb.fxgl.ui.FXGLDialogFactoryServiceProvider
19:59:43.814 [FXGL Background Thread 2 ] DEBUG Engine               - class com.almasb.fxgl.audio.AudioPlayer
19:59:43.814 [FXGL Background Thread 2 ] DEBUG Engine               - class com.almasb.fxgl.notification.impl.NotificationServiceProvider
19:59:43.814 [FXGL Background Thread 2 ] DEBUG Engine               - class com.almasb.fxgl.achievement.AchievementService
19:59:43.814 [FXGL Background Thread 2 ] DEBUG Engine               - class com.almasb.fxgl.cutscene.CutsceneService
19:59:43.814 [FXGL Background Thread 2 ] DEBUG Engine               - class com.almasb.fxgl.minigames.MiniGameService
19:59:43.814 [FXGL Background Thread 2 ] DEBUG Engine               - class com.almasb.fxgl.net.NetService
19:59:43.814 [FXGL Background Thread 2 ] DEBUG Engine               - class com.almasb.fxgl.app.services.UpdaterService
19:59:43.814 [FXGL Background Thread 2 ] DEBUG Engine               - class com.almasb.fxgl.dev.DevService
19:59:47.445 [JavaFX Application Thread] DEBUG GameApplication      - Exiting FXGL
19:59:47.446 [JavaFX Application Thread] DEBUG LoopRunner           - Stopping loop
19:59:47.446 [JavaFX Application Thread] DEBUG SystemBundleService  - Saving FXGL system data
19:59:47.447 [JavaFX Application Thread] DEBUG FileSystemAccess     - Writing to: E:\secondYear\Java\NewfoundlandRacer\system\fxgl.bundle
19:59:47.449 [JavaFX Application Thread] DEBUG GameApplication      - Shutting down background threads
19:59:47.449 [JavaFX Application Thread] DEBUG GameApplication      - Closing logger and exiting JavaFX
