22:12:52.868 [main                     ] DEBUG GameApplication      - Logger initialized
22:12:52.872 [main                     ] DEBUG GameApplication      - Logging settings
Title: Newfoundland Moose Collision
Version: 0.1
Width: 840
Height: 650
Fullscreen: false
Intro: false
Profiling: false
Single step:false
App Mode: DEVELOPER
Menu Key: ESCAPE
Stage Style: DECORATED
Scene Factory: class com.almasb.fxgl.app.scene.SceneFactory

22:12:53.252 [JavaFX Application Thread] DEBUG GameApplication      - Initializing FXGL
22:12:53.265 [JavaFX Application Thread] INFO  Engine               - FXGL-11.9 (27.05.2020 17.06) on WINDOWS (J:14.0.1 FX:13.0.2)
22:12:53.265 [JavaFX Application Thread] DEBUG Engine               - JRE Vendor Name: Oracle Corporation
22:12:53.265 [JavaFX Application Thread] DEBUG Engine               - Running on OS: Windows 10 version 10.0
22:12:53.266 [JavaFX Application Thread] DEBUG Engine               - Architecture: amd64
22:12:53.266 [JavaFX Application Thread] INFO  Engine               - Source code and latest versions at: https://github.com/AlmasB/FXGL
22:12:53.266 [JavaFX Application Thread] INFO  Engine               -              Join the FXGL chat at: https://gitter.im/AlmasB/FXGL
22:12:53.382 [JavaFX Application Thread] DEBUG MainWindow           - Creating a JavaFX scene
22:12:53.430 [JavaFX Application Thread] DEBUG MainWindow           - Target settings size: 840.0 x 650.0
22:12:53.430 [JavaFX Application Thread] DEBUG MainWindow           - Scaled scene size:    840.0 x 650.0
22:12:53.430 [JavaFX Application Thread] DEBUG MainWindow           - Scaled ratio: (1.0, 1.0)
22:12:53.431 [JavaFX Application Thread] DEBUG MainWindow           - Set initial scene to FXGLStartupScene
22:12:53.438 [JavaFX Application Thread] DEBUG MainWindow           - Opening main window
22:12:53.519 [JavaFX Application Thread] DEBUG MainWindow           - Window border size: (16.0, 39.0)
22:12:53.520 [JavaFX Application Thread] DEBUG MainWindow           - Scaled size: 840.0 x 650.0
22:12:53.520 [JavaFX Application Thread] DEBUG MainWindow           - Scaled ratio: (1.0, 1.0)
22:12:53.520 [JavaFX Application Thread] DEBUG MainWindow           - Scene size: 840.0 x 650.0
22:12:53.520 [JavaFX Application Thread] DEBUG MainWindow           - Stage size: 856.0 x 689.0
22:12:53.525 [FXGL Background Thread 1 ] DEBUG Engine               - Initializing environment variables
22:12:53.546 [FXGL Background Thread 1 ] DEBUG WindowService        - Applying CSS: fxgl_dark.css
22:12:53.547 [FXGL Background Thread 1 ] DEBUG AssetLoaderService   - Loading from file system: /assets/ui/css/fxgl_dark.css
22:12:53.582 [FXGL Background Thread 1 ] DEBUG WindowService        - Initializing application scenes
22:12:53.608 [FXGL Background Thread 1 ] DEBUG GameWorld            - Game world initialized
22:12:53.644 [FXGL Background Thread 1 ] DEBUG PhysicsWorld         - Physics world initialized: appHeight=650, physics.ppm=50.0
22:12:53.646 [FXGL Background Thread 1 ] DEBUG GameScene            - Game scene initialized: 840x650
22:12:53.670 [FXGL Background Thread 1 ] DEBUG AssetLoaderService   - Loading from file system: /assets/textures/particles/trace_horizontal.png
22:12:53.721 [FXGL Background Thread 1 ] DEBUG FXGL.DefaultMenu     - createMenuBodyGameMenu()
22:12:53.736 [FXGL Background Thread 1 ] DEBUG FXGL.DefaultMenu     - createOptionsMenu()
22:12:53.739 [FXGL Background Thread 1 ] DEBUG AssetLoaderService   - Loading from file system: /assets/textures/particles/smoke.png
22:12:53.779 [FXGL Background Thread 1 ] DEBUG WindowService        - Application scenes initialized
22:12:53.788 [FXGL Background Thread 1 ] DEBUG SystemBundleService  - Loading FXGL system data
22:12:53.791 [FXGL Background Thread 1 ] DEBUG FileSystemAccess     - Reading from: E:\secondYear\Java\NewfoundlandRacer\system\fxgl.bundle
22:12:53.794 [FXGL Background Thread 1 ] DEBUG SystemBundleService  - Bundle FXGL: {}
22:12:53.795 [FXGL Background Thread 1 ] INFO  Engine               - FXGL initialization took: 0.268 sec
22:12:53.796 [FXGL Background Thread 1 ] DEBUG GameApplication      - Loading localizations
22:12:53.797 [FXGL Background Thread 1 ] DEBUG AssetLoaderService   - Loading from file system: /assets/languages/english.lang
22:12:53.804 [FXGL Background Thread 1 ] DEBUG AssetLoaderService   - Loading from file system: /assets/languages/french.lang
22:12:53.805 [FXGL Background Thread 1 ] DEBUG AssetLoaderService   - Loading from file system: /assets/languages/german.lang
22:12:53.806 [FXGL Background Thread 1 ] DEBUG AssetLoaderService   - Loading from file system: /assets/languages/hungarian.lang
22:12:53.809 [FXGL Background Thread 1 ] DEBUG AssetLoaderService   - Loading from file system: /assets/languages/russian.lang
22:12:53.811 [FXGL Background Thread 1 ] DEBUG GameApplication      - Registering font factories with UI factory
22:12:53.811 [FXGL Background Thread 1 ] DEBUG AssetLoaderService   - Loading from file system: /assets/ui/fonts/VarelaRound-Regular.ttf
22:12:53.842 [FXGL Background Thread 1 ] DEBUG AssetLoaderService   - Loading from file system: /assets/ui/fonts/Abel-Regular.ttf
22:12:53.845 [FXGL Background Thread 1 ] DEBUG AssetLoaderService   - Loading from file system: /assets/ui/fonts/lucida_console.ttf
22:12:53.849 [FXGL Background Thread 1 ] DEBUG AssetLoaderService   - Loading from file system: /assets/ui/fonts/Courier-Prime.ttf
22:12:53.858 [JavaFX Application Thread] DEBUG Input                - Registered new binding: Move Right - D
22:12:53.858 [JavaFX Application Thread] DEBUG Input                - Registered new binding: Move Left - A
22:12:53.859 [JavaFX Application Thread] DEBUG Input                - Registered new binding: Move Up - W
22:12:53.859 [JavaFX Application Thread] DEBUG Input                - Registered new binding: Move Down - S
22:12:53.859 [JavaFX Application Thread] DEBUG AssetLoaderService   - Loading from file system: /assets/textures/fxgl_icon.png
22:12:53.873 [JavaFX Application Thread] DEBUG AssetLoaderService   - Loading from file system: /assets/ui/cursors/fxgl_default.png
22:12:53.874 [JavaFX Application Thread] DEBUG Input                - Registered new binding: Screenshot - P
22:12:53.875 [JavaFX Application Thread] DEBUG Input                - Registered new binding: System info dump - CTRL+9
22:12:53.875 [JavaFX Application Thread] DEBUG Input                - Registered new binding: Restart - CTRL+R
22:12:53.876 [JavaFX Application Thread] DEBUG LoopRunner           - Starting loop
22:12:53.881 [JavaFX Application Thread] DEBUG FXGLStartupScene     - STARTUP
22:12:53.881 [JavaFX Application Thread] DEBUG WindowService        - Starting new game
22:12:53.881 [JavaFX Application Thread] DEBUG Input                - Clearing active input actions
22:12:53.891 [JavaFX Application Thread] DEBUG WindowService        - Removing overlay from FXGLStartupScene and adding to FXGLLoadingScene
22:12:53.891 [JavaFX Application Thread] DEBUG MainWindow           - FXGLStartupScene -> FXGLLoadingScene
22:12:53.891 [JavaFX Application Thread] DEBUG WindowService        - Clearing previous game
22:12:53.891 [JavaFX Application Thread] DEBUG GameScene            - Clearing game scene
22:12:53.891 [JavaFX Application Thread] DEBUG GameWorld            - Clearing game world
22:12:53.891 [JavaFX Application Thread] DEBUG PhysicsWorld         - Clearing physics world
22:12:53.892 [FXGL Background Thread 1 ] DEBUG GameApplication      - Initializing game
22:12:53.898 [FXGL Background Thread 1 ] DEBUG AssetLoaderService   - Loading from file system: /assets/textures/4lanehighway.png
22:12:53.959 [FXGL Background Thread 1 ] DEBUG AssetLoaderService   - Loading from file system: /assets/textures/player.png
22:12:53.969 [FXGL Background Thread 1 ] DEBUG AssetLoaderService   - Loading from file system: /assets/textures/coin.png
22:12:53.979 [FXGL Background Thread 1 ] INFO  GameApplication      - Game initialization took: 0.086 sec
22:12:53.991 [JavaFX Application Thread] DEBUG Input                - Clearing active input actions
22:12:53.999 [JavaFX Application Thread] DEBUG WindowService        - Removing overlay from FXGLLoadingScene and adding to GameScene
22:12:53.999 [JavaFX Application Thread] DEBUG MainWindow           - FXGLLoadingScene -> GameScene
22:12:54.280 [JavaFX Application Thread] DEBUG AssetLoaderService   - Loading from file system: /assets/textures/driver.png
22:12:54.566 [JavaFX Application Thread] DEBUG AssetLoaderService   - Loading from cache: /assets/textures/driver.png
22:12:54.869 [JavaFX Application Thread] DEBUG AssetLoaderService   - Loading from cache: /assets/textures/driver.png
22:12:55.189 [JavaFX Application Thread] DEBUG AssetLoaderService   - Loading from cache: /assets/textures/driver.png
22:12:55.509 [JavaFX Application Thread] DEBUG AssetLoaderService   - Loading from cache: /assets/textures/driver.png
22:12:55.751 [JavaFX Application Thread] DEBUG AssetLoaderService   - Loading from file system: /assets/sounds/coincollect.wav
22:12:55.862 [JavaFX Application Thread] DEBUG AssetLoaderService   - Loading from cache: /assets/textures/driver.png
22:12:56.165 [JavaFX Application Thread] DEBUG AssetLoaderService   - Loading from cache: /assets/textures/driver.png
22:12:56.485 [JavaFX Application Thread] DEBUG AssetLoaderService   - Loading from cache: /assets/textures/driver.png
22:12:56.797 [FXGL Background Thread 2 ] DEBUG Engine               - Logging environment variables
22:12:56.797 [FXGL Background Thread 2 ] DEBUG Engine               - achievements: []
22:12:56.797 [FXGL Background Thread 2 ] DEBUG Engine               - appIcon: fxgl_icon.png
22:12:56.797 [FXGL Background Thread 2 ] DEBUG Engine               - applicationMode: DEVELOPER
22:12:56.798 [FXGL Background Thread 2 ] DEBUG Engine               - cSSList: [fxgl_dark.css]
22:12:56.798 [FXGL Background Thread 2 ] DEBUG Engine               - configClass: Optional.empty
22:12:56.798 [FXGL Background Thread 2 ] DEBUG Engine               - credits: []
22:12:56.798 [FXGL Background Thread 2 ] DEBUG Engine               - devBBoxColorProperty: ObjectProperty [value: 0xff0000ff]
22:12:56.798 [FXGL Background Thread 2 ] DEBUG Engine               - devSensorColorProperty: ObjectProperty [value: 0xffff00ff]
22:12:56.798 [FXGL Background Thread 2 ] DEBUG Engine               - devShowBBoxProperty: BooleanProperty [value: false]
22:12:56.798 [FXGL Background Thread 2 ] DEBUG Engine               - devShowPositionProperty: BooleanProperty [value: false]
22:12:56.799 [FXGL Background Thread 2 ] DEBUG Engine               - enabledMenuItems: []
22:12:56.799 [FXGL Background Thread 2 ] DEBUG Engine               - engineServices: [class com.almasb.fxgl.app.GameApplication$GameApplicationService, class com.almasb.fxgl.app.services.WindowService, class com.almasb.fxgl.app.services.FXGLDialogService, class com.almasb.fxgl.app.services.IOTaskExecutorService, class com.almasb.fxgl.event.EventBusService, class com.almasb.fxgl.io.FileSystemService, class com.almasb.fxgl.localization.LocalizationService, class com.almasb.fxgl.app.services.AssetLoaderService, class com.almasb.fxgl.app.services.SystemBundleService, class com.almasb.fxgl.profile.SaveLoadService, class com.almasb.fxgl.ui.FXGLUIFactoryServiceProvider, class com.almasb.fxgl.ui.FXGLDialogFactoryServiceProvider, class com.almasb.fxgl.audio.AudioPlayer, class com.almasb.fxgl.notification.impl.NotificationServiceProvider, class com.almasb.fxgl.achievement.AchievementService, class com.almasb.fxgl.cutscene.CutsceneService, class com.almasb.fxgl.minigames.MiniGameService, class com.almasb.fxgl.net.NetService, class com.almasb.fxgl.app.services.UpdaterService, class com.almasb.fxgl.dev.DevService]
22:12:56.799 [FXGL Background Thread 2 ] DEBUG Engine               - fontGame: Abel-Regular.ttf
22:12:56.799 [FXGL Background Thread 2 ] DEBUG Engine               - fontMono: lucida_console.ttf
22:12:56.799 [FXGL Background Thread 2 ] DEBUG Engine               - fontText: Courier-Prime.ttf
22:12:56.799 [FXGL Background Thread 2 ] DEBUG Engine               - fontUI: VarelaRound-Regular.ttf
22:12:56.799 [FXGL Background Thread 2 ] DEBUG Engine               - fullScreen: BooleanProperty [value: false]
22:12:56.799 [FXGL Background Thread 2 ] DEBUG Engine               - gameDifficulty: MEDIUM
22:12:56.799 [FXGL Background Thread 2 ] DEBUG Engine               - gameDifficultyProperty: ObjectProperty [value: MEDIUM]
22:12:56.800 [FXGL Background Thread 2 ] DEBUG Engine               - globalMusicVolume: 0.5
22:12:56.800 [FXGL Background Thread 2 ] DEBUG Engine               - globalMusicVolumeProperty: DoubleProperty [value: 0.5]
22:12:56.800 [FXGL Background Thread 2 ] DEBUG Engine               - globalSoundVolume: 0.5
22:12:56.800 [FXGL Background Thread 2 ] DEBUG Engine               - globalSoundVolumeProperty: DoubleProperty [value: 0.5]
22:12:56.800 [FXGL Background Thread 2 ] DEBUG Engine               - height: 650
22:12:56.800 [FXGL Background Thread 2 ] DEBUG Engine               - isAndroid: false
22:12:56.800 [FXGL Background Thread 2 ] DEBUG Engine               - isBrowser: false
22:12:56.800 [FXGL Background Thread 2 ] DEBUG Engine               - isClickFeedbackEnabled: false
22:12:56.800 [FXGL Background Thread 2 ] DEBUG Engine               - isCloseConfirmation: false
22:12:56.800 [FXGL Background Thread 2 ] DEBUG Engine               - isDesktop: true
22:12:56.801 [FXGL Background Thread 2 ] DEBUG Engine               - isDeveloperMenuEnabled: false
22:12:56.801 [FXGL Background Thread 2 ] DEBUG Engine               - isExperimentalNative: false
22:12:56.801 [FXGL Background Thread 2 ] DEBUG Engine               - isExperimentalTiledLargeMap: false
22:12:56.801 [FXGL Background Thread 2 ] DEBUG Engine               - isFullScreenAllowed: false
22:12:56.801 [FXGL Background Thread 2 ] DEBUG Engine               - isFullScreenFromStart: false
22:12:56.801 [FXGL Background Thread 2 ] DEBUG Engine               - isGameMenuEnabled: true
22:12:56.801 [FXGL Background Thread 2 ] DEBUG Engine               - isIOS: false
22:12:56.801 [FXGL Background Thread 2 ] DEBUG Engine               - isIntroEnabled: false
22:12:56.801 [FXGL Background Thread 2 ] DEBUG Engine               - isLinux: false
22:12:56.801 [FXGL Background Thread 2 ] DEBUG Engine               - isMac: false
22:12:56.802 [FXGL Background Thread 2 ] DEBUG Engine               - isMainMenuEnabled: false
22:12:56.802 [FXGL Background Thread 2 ] DEBUG Engine               - isManualResizeEnabled: false
22:12:56.802 [FXGL Background Thread 2 ] DEBUG Engine               - isMobile: false
22:12:56.802 [FXGL Background Thread 2 ] DEBUG Engine               - isPreserveResizeRatio: false
22:12:56.802 [FXGL Background Thread 2 ] DEBUG Engine               - isProfilingEnabled: false
22:12:56.802 [FXGL Background Thread 2 ] DEBUG Engine               - isSingleStep: false
22:12:56.802 [FXGL Background Thread 2 ] DEBUG Engine               - isUserProfileEnabled: false
22:12:56.802 [FXGL Background Thread 2 ] DEBUG Engine               - isWindows: true
22:12:56.802 [FXGL Background Thread 2 ] DEBUG Engine               - language: ObjectProperty [value: ENGLISH]
22:12:56.802 [FXGL Background Thread 2 ] DEBUG Engine               - mainWindow: com.almasb.fxgl.app.MainWindow@46d26ec7
22:12:56.803 [FXGL Background Thread 2 ] DEBUG Engine               - menuKey: ESCAPE
22:12:56.803 [FXGL Background Thread 2 ] DEBUG Engine               - notificationViewClass: class com.almasb.fxgl.notification.view.XboxNotificationView
22:12:56.803 [FXGL Background Thread 2 ] DEBUG Engine               - pixelsPerMeter: 50.0
22:12:56.803 [FXGL Background Thread 2 ] DEBUG Engine               - platform: WINDOWS
22:12:56.803 [FXGL Background Thread 2 ] DEBUG Engine               - profileDir: profiles/
22:12:56.803 [FXGL Background Thread 2 ] DEBUG Engine               - profileName: StringProperty [value: DEFAULT]
22:12:56.803 [FXGL Background Thread 2 ] DEBUG Engine               - randomSeed: -1
22:12:56.803 [FXGL Background Thread 2 ] DEBUG Engine               - runtimeInfo: RuntimeInfo(platform=WINDOWS, version=11.9, build=27.05.2020 17.06)
22:12:56.803 [FXGL Background Thread 2 ] DEBUG Engine               - saveFileExt: sav
22:12:56.803 [FXGL Background Thread 2 ] DEBUG Engine               - sceneFactory: com.almasb.fxgl.app.scene.SceneFactory@3d0f879
22:12:56.803 [FXGL Background Thread 2 ] DEBUG Engine               - secondsIn24h: 60
22:12:56.804 [FXGL Background Thread 2 ] DEBUG Engine               - settings: Title: Newfoundland Moose Collision
Version: 0.1
Width: 840
Height: 650
Fullscreen: false
Intro: false
Profiling: false
Single step:false
App Mode: DEVELOPER
Menu Key: ESCAPE
Stage Style: DECORATED
Scene Factory: class com.almasb.fxgl.app.scene.SceneFactory

22:12:56.804 [FXGL Background Thread 2 ] DEBUG Engine               - soundMenuBack: menu/back.wav
22:12:56.804 [FXGL Background Thread 2 ] DEBUG Engine               - soundMenuPress: menu/press.wav
22:12:56.804 [FXGL Background Thread 2 ] DEBUG Engine               - soundMenuSelect: menu/select.wav
22:12:56.804 [FXGL Background Thread 2 ] DEBUG Engine               - soundNotification: core/notification.wav
22:12:56.804 [FXGL Background Thread 2 ] DEBUG Engine               - stageStyle: DECORATED
22:12:56.804 [FXGL Background Thread 2 ] DEBUG Engine               - supportedLanguages: [ENGLISH, FRENCH, GERMAN, HUNGARIAN, RUSSIAN]
22:12:56.804 [FXGL Background Thread 2 ] DEBUG Engine               - title: Newfoundland Moose Collision
22:12:56.804 [FXGL Background Thread 2 ] DEBUG Engine               - urlGithub: https://github.com/AlmasB/FXGL
22:12:56.804 [FXGL Background Thread 2 ] DEBUG Engine               - urlLeaderboard: http://fxgl-top.herokuapp.com/
22:12:56.804 [FXGL Background Thread 2 ] DEBUG Engine               - urlPOM: https://raw.githubusercontent.com/AlmasB/FXGL/master/pom.xml
22:12:56.805 [FXGL Background Thread 2 ] DEBUG Engine               - version: 0.1
22:12:56.805 [FXGL Background Thread 2 ] DEBUG Engine               - versionCheckDays: 7
22:12:56.805 [FXGL Background Thread 2 ] DEBUG Engine               - width: 840
22:12:56.805 [FXGL Background Thread 2 ] DEBUG Engine               - Logging services
22:12:56.805 [FXGL Background Thread 2 ] DEBUG Engine               - class com.almasb.fxgl.app.GameApplication$GameApplicationService
22:12:56.805 [FXGL Background Thread 2 ] DEBUG Engine               - class com.almasb.fxgl.app.services.WindowService
22:12:56.805 [FXGL Background Thread 2 ] DEBUG Engine               - class com.almasb.fxgl.app.services.FXGLDialogService
22:12:56.805 [FXGL Background Thread 2 ] DEBUG Engine               - class com.almasb.fxgl.app.services.IOTaskExecutorService
22:12:56.805 [JavaFX Application Thread] DEBUG AssetLoaderService   - Loading from cache: /assets/textures/driver.png
22:12:56.805 [FXGL Background Thread 2 ] DEBUG Engine               - class com.almasb.fxgl.event.EventBusService
22:12:56.805 [FXGL Background Thread 2 ] DEBUG Engine               - class com.almasb.fxgl.io.FileSystemService
22:12:56.805 [FXGL Background Thread 2 ] DEBUG Engine               - class com.almasb.fxgl.localization.LocalizationService
22:12:56.805 [FXGL Background Thread 2 ] DEBUG Engine               - class com.almasb.fxgl.app.services.AssetLoaderService
22:12:56.806 [FXGL Background Thread 2 ] DEBUG Engine               - class com.almasb.fxgl.app.services.SystemBundleService
22:12:56.806 [FXGL Background Thread 2 ] DEBUG Engine               - class com.almasb.fxgl.profile.SaveLoadService
22:12:56.806 [FXGL Background Thread 2 ] DEBUG Engine               - class com.almasb.fxgl.ui.FXGLUIFactoryServiceProvider
22:12:56.806 [FXGL Background Thread 2 ] DEBUG Engine               - class com.almasb.fxgl.ui.FXGLDialogFactoryServiceProvider
22:12:56.806 [FXGL Background Thread 2 ] DEBUG Engine               - class com.almasb.fxgl.audio.AudioPlayer
22:12:56.806 [FXGL Background Thread 2 ] DEBUG Engine               - class com.almasb.fxgl.notification.impl.NotificationServiceProvider
22:12:56.806 [FXGL Background Thread 2 ] DEBUG Engine               - class com.almasb.fxgl.achievement.AchievementService
22:12:56.806 [FXGL Background Thread 2 ] DEBUG Engine               - class com.almasb.fxgl.cutscene.CutsceneService
22:12:56.806 [FXGL Background Thread 2 ] DEBUG Engine               - class com.almasb.fxgl.minigames.MiniGameService
22:12:56.806 [FXGL Background Thread 2 ] DEBUG Engine               - class com.almasb.fxgl.net.NetService
22:12:56.806 [FXGL Background Thread 2 ] DEBUG Engine               - class com.almasb.fxgl.app.services.UpdaterService
22:12:56.806 [FXGL Background Thread 2 ] DEBUG Engine               - class com.almasb.fxgl.dev.DevService
22:12:57.125 [JavaFX Application Thread] DEBUG AssetLoaderService   - Loading from cache: /assets/textures/driver.png
22:12:57.446 [JavaFX Application Thread] DEBUG AssetLoaderService   - Loading from cache: /assets/textures/driver.png
22:12:57.749 [JavaFX Application Thread] DEBUG AssetLoaderService   - Loading from cache: /assets/textures/driver.png
22:12:58.069 [JavaFX Application Thread] DEBUG AssetLoaderService   - Loading from cache: /assets/textures/driver.png
22:12:58.390 [JavaFX Application Thread] DEBUG AssetLoaderService   - Loading from cache: /assets/textures/driver.png
22:12:58.709 [JavaFX Application Thread] DEBUG AssetLoaderService   - Loading from cache: /assets/textures/driver.png
22:12:59.014 [JavaFX Application Thread] DEBUG AssetLoaderService   - Loading from cache: /assets/textures/driver.png
22:12:59.333 [JavaFX Application Thread] DEBUG AssetLoaderService   - Loading from cache: /assets/textures/driver.png
22:12:59.653 [JavaFX Application Thread] DEBUG AssetLoaderService   - Loading from cache: /assets/textures/driver.png
22:12:59.973 [JavaFX Application Thread] DEBUG AssetLoaderService   - Loading from cache: /assets/textures/driver.png
22:13:00.294 [JavaFX Application Thread] DEBUG AssetLoaderService   - Loading from cache: /assets/textures/driver.png
22:13:00.598 [JavaFX Application Thread] DEBUG AssetLoaderService   - Loading from cache: /assets/textures/driver.png
22:13:00.917 [JavaFX Application Thread] DEBUG AssetLoaderService   - Loading from cache: /assets/textures/driver.png
22:13:01.237 [JavaFX Application Thread] DEBUG AssetLoaderService   - Loading from cache: /assets/textures/driver.png
22:13:01.557 [JavaFX Application Thread] DEBUG AssetLoaderService   - Loading from cache: /assets/textures/driver.png
22:13:01.877 [JavaFX Application Thread] DEBUG AssetLoaderService   - Loading from cache: /assets/textures/driver.png
22:13:02.165 [JavaFX Application Thread] DEBUG AssetLoaderService   - Loading from cache: /assets/textures/driver.png
22:13:02.469 [JavaFX Application Thread] DEBUG AssetLoaderService   - Loading from cache: /assets/textures/driver.png
22:13:02.773 [JavaFX Application Thread] DEBUG AssetLoaderService   - Loading from cache: /assets/textures/driver.png
22:13:03.077 [JavaFX Application Thread] DEBUG AssetLoaderService   - Loading from cache: /assets/textures/driver.png
22:13:03.366 [JavaFX Application Thread] DEBUG AssetLoaderService   - Loading from cache: /assets/textures/driver.png
22:13:03.669 [JavaFX Application Thread] DEBUG AssetLoaderService   - Loading from cache: /assets/textures/driver.png
22:13:03.974 [JavaFX Application Thread] DEBUG AssetLoaderService   - Loading from cache: /assets/textures/driver.png
22:13:04.277 [JavaFX Application Thread] DEBUG AssetLoaderService   - Loading from cache: /assets/textures/driver.png
22:13:04.566 [JavaFX Application Thread] DEBUG AssetLoaderService   - Loading from cache: /assets/textures/driver.png
22:13:04.870 [JavaFX Application Thread] DEBUG AssetLoaderService   - Loading from cache: /assets/textures/driver.png
22:13:05.174 [JavaFX Application Thread] DEBUG AssetLoaderService   - Loading from cache: /assets/textures/driver.png
22:13:05.479 [JavaFX Application Thread] DEBUG AssetLoaderService   - Loading from cache: /assets/textures/driver.png
22:13:05.765 [JavaFX Application Thread] DEBUG AssetLoaderService   - Loading from cache: /assets/textures/driver.png
22:13:06.069 [JavaFX Application Thread] DEBUG AssetLoaderService   - Loading from cache: /assets/textures/driver.png
22:13:06.373 [JavaFX Application Thread] DEBUG AssetLoaderService   - Loading from cache: /assets/textures/driver.png
22:13:06.678 [JavaFX Application Thread] DEBUG AssetLoaderService   - Loading from cache: /assets/textures/driver.png
22:13:06.966 [JavaFX Application Thread] DEBUG AssetLoaderService   - Loading from cache: /assets/textures/driver.png
22:13:07.269 [JavaFX Application Thread] DEBUG AssetLoaderService   - Loading from cache: /assets/textures/driver.png
22:13:07.573 [JavaFX Application Thread] DEBUG AssetLoaderService   - Loading from cache: /assets/textures/driver.png
22:13:07.877 [JavaFX Application Thread] DEBUG AssetLoaderService   - Loading from cache: /assets/textures/driver.png
22:13:08.166 [JavaFX Application Thread] DEBUG AssetLoaderService   - Loading from cache: /assets/textures/driver.png
22:13:08.469 [JavaFX Application Thread] DEBUG AssetLoaderService   - Loading from cache: /assets/textures/driver.png
22:13:08.774 [JavaFX Application Thread] DEBUG AssetLoaderService   - Loading from cache: /assets/textures/driver.png
22:13:09.077 [JavaFX Application Thread] DEBUG AssetLoaderService   - Loading from cache: /assets/textures/driver.png
22:13:09.365 [JavaFX Application Thread] DEBUG AssetLoaderService   - Loading from cache: /assets/textures/driver.png
22:13:09.669 [JavaFX Application Thread] DEBUG AssetLoaderService   - Loading from cache: /assets/textures/driver.png
22:13:09.973 [JavaFX Application Thread] DEBUG AssetLoaderService   - Loading from cache: /assets/textures/driver.png
22:13:10.294 [JavaFX Application Thread] DEBUG AssetLoaderService   - Loading from cache: /assets/textures/driver.png
22:13:10.598 [JavaFX Application Thread] DEBUG AssetLoaderService   - Loading from cache: /assets/textures/driver.png
22:13:10.917 [JavaFX Application Thread] DEBUG AssetLoaderService   - Loading from cache: /assets/textures/driver.png
22:13:11.237 [JavaFX Application Thread] DEBUG AssetLoaderService   - Loading from cache: /assets/textures/driver.png
22:13:11.557 [JavaFX Application Thread] DEBUG AssetLoaderService   - Loading from cache: /assets/textures/driver.png
22:13:11.878 [JavaFX Application Thread] DEBUG AssetLoaderService   - Loading from cache: /assets/textures/driver.png
22:13:12.182 [JavaFX Application Thread] DEBUG AssetLoaderService   - Loading from cache: /assets/textures/driver.png
22:13:12.501 [JavaFX Application Thread] DEBUG AssetLoaderService   - Loading from cache: /assets/textures/driver.png
22:13:12.821 [JavaFX Application Thread] DEBUG AssetLoaderService   - Loading from cache: /assets/textures/driver.png
22:13:13.142 [JavaFX Application Thread] DEBUG AssetLoaderService   - Loading from cache: /assets/textures/driver.png
22:13:13.462 [JavaFX Application Thread] DEBUG AssetLoaderService   - Loading from cache: /assets/textures/driver.png
22:13:13.765 [JavaFX Application Thread] DEBUG AssetLoaderService   - Loading from cache: /assets/textures/driver.png
22:13:14.085 [JavaFX Application Thread] DEBUG AssetLoaderService   - Loading from cache: /assets/textures/driver.png
22:13:14.405 [JavaFX Application Thread] DEBUG AssetLoaderService   - Loading from cache: /assets/textures/driver.png
22:13:14.726 [JavaFX Application Thread] DEBUG AssetLoaderService   - Loading from cache: /assets/textures/driver.png
22:13:15.045 [JavaFX Application Thread] DEBUG AssetLoaderService   - Loading from cache: /assets/textures/driver.png
22:13:15.350 [JavaFX Application Thread] DEBUG AssetLoaderService   - Loading from cache: /assets/textures/driver.png
22:13:15.669 [JavaFX Application Thread] DEBUG AssetLoaderService   - Loading from cache: /assets/textures/driver.png
22:13:15.989 [JavaFX Application Thread] DEBUG AssetLoaderService   - Loading from cache: /assets/textures/driver.png
22:13:16.309 [JavaFX Application Thread] DEBUG AssetLoaderService   - Loading from cache: /assets/textures/driver.png
22:13:16.613 [JavaFX Application Thread] DEBUG AssetLoaderService   - Loading from cache: /assets/textures/driver.png
22:13:16.933 [JavaFX Application Thread] DEBUG AssetLoaderService   - Loading from cache: /assets/textures/driver.png
22:13:17.254 [JavaFX Application Thread] DEBUG AssetLoaderService   - Loading from cache: /assets/textures/driver.png
22:13:17.574 [JavaFX Application Thread] DEBUG AssetLoaderService   - Loading from cache: /assets/textures/driver.png
22:13:17.893 [JavaFX Application Thread] DEBUG AssetLoaderService   - Loading from cache: /assets/textures/driver.png
22:13:18.198 [JavaFX Application Thread] DEBUG AssetLoaderService   - Loading from cache: /assets/textures/driver.png
22:13:18.517 [JavaFX Application Thread] DEBUG AssetLoaderService   - Loading from cache: /assets/textures/driver.png
22:13:18.838 [JavaFX Application Thread] DEBUG AssetLoaderService   - Loading from cache: /assets/textures/driver.png
22:13:19.157 [JavaFX Application Thread] DEBUG AssetLoaderService   - Loading from cache: /assets/textures/driver.png
22:13:19.478 [JavaFX Application Thread] DEBUG AssetLoaderService   - Loading from cache: /assets/textures/driver.png
22:13:19.782 [JavaFX Application Thread] DEBUG AssetLoaderService   - Loading from cache: /assets/textures/driver.png
22:13:20.101 [JavaFX Application Thread] DEBUG AssetLoaderService   - Loading from cache: /assets/textures/driver.png
22:13:20.421 [JavaFX Application Thread] DEBUG AssetLoaderService   - Loading from cache: /assets/textures/driver.png
22:13:20.742 [JavaFX Application Thread] DEBUG AssetLoaderService   - Loading from cache: /assets/textures/driver.png
22:13:21.062 [JavaFX Application Thread] DEBUG AssetLoaderService   - Loading from cache: /assets/textures/driver.png
22:13:21.365 [JavaFX Application Thread] DEBUG AssetLoaderService   - Loading from cache: /assets/textures/driver.png
22:13:21.686 [JavaFX Application Thread] DEBUG AssetLoaderService   - Loading from cache: /assets/textures/driver.png
22:13:22.005 [JavaFX Application Thread] DEBUG AssetLoaderService   - Loading from cache: /assets/textures/driver.png
22:13:22.325 [JavaFX Application Thread] DEBUG AssetLoaderService   - Loading from cache: /assets/textures/driver.png
22:13:22.646 [JavaFX Application Thread] DEBUG AssetLoaderService   - Loading from cache: /assets/textures/driver.png
22:13:22.950 [JavaFX Application Thread] DEBUG AssetLoaderService   - Loading from cache: /assets/textures/driver.png
22:13:23.270 [JavaFX Application Thread] DEBUG AssetLoaderService   - Loading from cache: /assets/textures/driver.png
22:13:23.589 [JavaFX Application Thread] DEBUG AssetLoaderService   - Loading from cache: /assets/textures/driver.png
22:13:23.909 [JavaFX Application Thread] DEBUG AssetLoaderService   - Loading from cache: /assets/textures/driver.png
22:13:24.229 [JavaFX Application Thread] DEBUG AssetLoaderService   - Loading from cache: /assets/textures/driver.png
22:13:24.533 [JavaFX Application Thread] DEBUG AssetLoaderService   - Loading from cache: /assets/textures/driver.png
22:13:24.853 [JavaFX Application Thread] DEBUG AssetLoaderService   - Loading from cache: /assets/textures/driver.png
22:13:25.173 [JavaFX Application Thread] DEBUG AssetLoaderService   - Loading from cache: /assets/textures/driver.png
22:13:25.493 [JavaFX Application Thread] DEBUG AssetLoaderService   - Loading from cache: /assets/textures/driver.png
22:13:25.797 [JavaFX Application Thread] DEBUG AssetLoaderService   - Loading from cache: /assets/textures/driver.png
22:13:26.117 [JavaFX Application Thread] DEBUG AssetLoaderService   - Loading from cache: /assets/textures/driver.png
22:13:26.438 [JavaFX Application Thread] DEBUG AssetLoaderService   - Loading from cache: /assets/textures/driver.png
22:13:26.757 [JavaFX Application Thread] DEBUG AssetLoaderService   - Loading from cache: /assets/textures/driver.png
22:13:27.077 [JavaFX Application Thread] DEBUG AssetLoaderService   - Loading from cache: /assets/textures/driver.png
22:13:27.381 [JavaFX Application Thread] DEBUG AssetLoaderService   - Loading from cache: /assets/textures/driver.png
22:13:27.702 [JavaFX Application Thread] DEBUG AssetLoaderService   - Loading from cache: /assets/textures/driver.png
22:13:27.821 [JavaFX Application Thread] DEBUG GameApplication      - Exiting FXGL
22:13:27.821 [JavaFX Application Thread] DEBUG LoopRunner           - Stopping loop
22:13:27.821 [JavaFX Application Thread] DEBUG SystemBundleService  - Saving FXGL system data
22:13:27.823 [JavaFX Application Thread] DEBUG FileSystemAccess     - Writing to: E:\secondYear\Java\NewfoundlandRacer\system\fxgl.bundle
22:13:27.824 [JavaFX Application Thread] DEBUG GameApplication      - Shutting down background threads
22:13:27.824 [JavaFX Application Thread] DEBUG GameApplication      - Closing logger and exiting JavaFX
