12:12:23.219 [main                     ] DEBUG GameApplication      - Logger initialized
12:12:23.224 [main                     ] DEBUG GameApplication      - Logging settings
Title: Newfoundland Moose Collision
Version: 0.1
Width: 840
Height: 650
Fullscreen: false
Intro: false
Profiling: false
Single step:false
App Mode: DEVELOPER
Menu Key: ESCAPE
Stage Style: DECORATED
Scene Factory: class com.almasb.fxgl.app.scene.SceneFactory

12:12:23.596 [JavaFX Application Thread] DEBUG GameApplication      - Initializing FXGL
12:12:23.610 [JavaFX Application Thread] INFO  Engine               - FXGL-11.9 (27.05.2020 17.06) on WINDOWS (J:14.0.1 FX:13.0.2)
12:12:23.610 [JavaFX Application Thread] DEBUG Engine               - JRE Vendor Name: Oracle Corporation
12:12:23.610 [JavaFX Application Thread] DEBUG Engine               - Running on OS: Windows 10 version 10.0
12:12:23.610 [JavaFX Application Thread] DEBUG Engine               - Architecture: amd64
12:12:23.610 [JavaFX Application Thread] INFO  Engine               - Source code and latest versions at: https://github.com/AlmasB/FXGL
12:12:23.610 [JavaFX Application Thread] INFO  Engine               -              Join the FXGL chat at: https://gitter.im/AlmasB/FXGL
12:12:23.723 [JavaFX Application Thread] DEBUG MainWindow           - Creating a JavaFX scene
12:12:23.765 [JavaFX Application Thread] DEBUG MainWindow           - Target settings size: 840.0 x 650.0
12:12:23.766 [JavaFX Application Thread] DEBUG MainWindow           - Scaled scene size:    840.0 x 650.0
12:12:23.766 [JavaFX Application Thread] DEBUG MainWindow           - Scaled ratio: (1.0, 1.0)
12:12:23.767 [JavaFX Application Thread] DEBUG MainWindow           - Set initial scene to FXGLStartupScene
12:12:23.773 [JavaFX Application Thread] DEBUG MainWindow           - Opening main window
12:12:23.853 [JavaFX Application Thread] DEBUG MainWindow           - Window border size: (16.0, 39.0)
12:12:23.854 [JavaFX Application Thread] DEBUG MainWindow           - Scaled size: 840.0 x 650.0
12:12:23.854 [JavaFX Application Thread] DEBUG MainWindow           - Scaled ratio: (1.0, 1.0)
12:12:23.854 [JavaFX Application Thread] DEBUG MainWindow           - Scene size: 840.0 x 650.0
12:12:23.854 [JavaFX Application Thread] DEBUG MainWindow           - Stage size: 856.0 x 689.0
12:12:23.860 [FXGL Background Thread 1 ] DEBUG Engine               - Initializing environment variables
12:12:23.882 [FXGL Background Thread 1 ] DEBUG WindowService        - Applying CSS: fxgl_dark.css
12:12:23.882 [FXGL Background Thread 1 ] DEBUG AssetLoaderService   - Loading from file system: /assets/ui/css/fxgl_dark.css
12:12:23.915 [FXGL Background Thread 1 ] DEBUG WindowService        - Initializing application scenes
12:12:23.943 [FXGL Background Thread 1 ] DEBUG GameWorld            - Game world initialized
12:12:23.975 [FXGL Background Thread 1 ] DEBUG PhysicsWorld         - Physics world initialized: appHeight=650, physics.ppm=50.0
12:12:23.977 [FXGL Background Thread 1 ] DEBUG GameScene            - Game scene initialized: 840x650
12:12:23.999 [FXGL Background Thread 1 ] DEBUG AssetLoaderService   - Loading from file system: /assets/textures/particles/trace_horizontal.png
12:12:24.047 [FXGL Background Thread 1 ] DEBUG FXGL.DefaultMenu     - createMenuBodyGameMenu()
12:12:24.061 [FXGL Background Thread 1 ] DEBUG FXGL.DefaultMenu     - createOptionsMenu()
12:12:24.065 [FXGL Background Thread 1 ] DEBUG AssetLoaderService   - Loading from file system: /assets/textures/particles/smoke.png
12:12:24.107 [FXGL Background Thread 1 ] DEBUG WindowService        - Application scenes initialized
12:12:24.115 [FXGL Background Thread 1 ] DEBUG SystemBundleService  - Loading FXGL system data
12:12:24.118 [FXGL Background Thread 1 ] DEBUG FileSystemAccess     - Reading from: E:\secondYear\Java\NewfoundlandRacer\system\fxgl.bundle
12:12:24.122 [FXGL Background Thread 1 ] DEBUG SystemBundleService  - Bundle FXGL: {}
12:12:24.122 [FXGL Background Thread 1 ] INFO  Engine               - FXGL initialization took: 0.259 sec
12:12:24.123 [FXGL Background Thread 1 ] DEBUG GameApplication      - Loading localizations
12:12:24.124 [FXGL Background Thread 1 ] DEBUG AssetLoaderService   - Loading from file system: /assets/languages/english.lang
12:12:24.131 [FXGL Background Thread 1 ] DEBUG AssetLoaderService   - Loading from file system: /assets/languages/french.lang
12:12:24.132 [FXGL Background Thread 1 ] DEBUG AssetLoaderService   - Loading from file system: /assets/languages/german.lang
12:12:24.133 [FXGL Background Thread 1 ] DEBUG AssetLoaderService   - Loading from file system: /assets/languages/hungarian.lang
12:12:24.135 [FXGL Background Thread 1 ] DEBUG AssetLoaderService   - Loading from file system: /assets/languages/russian.lang
12:12:24.137 [FXGL Background Thread 1 ] DEBUG GameApplication      - Registering font factories with UI factory
12:12:24.137 [FXGL Background Thread 1 ] DEBUG AssetLoaderService   - Loading from file system: /assets/ui/fonts/VarelaRound-Regular.ttf
12:12:24.167 [FXGL Background Thread 1 ] DEBUG AssetLoaderService   - Loading from file system: /assets/ui/fonts/Abel-Regular.ttf
12:12:24.169 [FXGL Background Thread 1 ] DEBUG AssetLoaderService   - Loading from file system: /assets/ui/fonts/lucida_console.ttf
12:12:24.173 [FXGL Background Thread 1 ] DEBUG AssetLoaderService   - Loading from file system: /assets/ui/fonts/Courier-Prime.ttf
12:12:24.181 [JavaFX Application Thread] DEBUG Input                - Registered new binding: Move Right - D
12:12:24.182 [JavaFX Application Thread] DEBUG Input                - Registered new binding: Move Left - A
12:12:24.182 [JavaFX Application Thread] DEBUG Input                - Registered new binding: Move Up - W
12:12:24.182 [JavaFX Application Thread] DEBUG Input                - Registered new binding: Move Down - S
12:12:24.182 [JavaFX Application Thread] DEBUG AssetLoaderService   - Loading from file system: /assets/textures/fxgl_icon.png
12:12:24.202 [JavaFX Application Thread] DEBUG AssetLoaderService   - Loading from file system: /assets/ui/cursors/fxgl_default.png
12:12:24.204 [JavaFX Application Thread] DEBUG Input                - Registered new binding: Screenshot - P
12:12:24.204 [JavaFX Application Thread] DEBUG Input                - Registered new binding: System info dump - CTRL+9
12:12:24.204 [JavaFX Application Thread] DEBUG Input                - Registered new binding: Restart - CTRL+R
12:12:24.205 [JavaFX Application Thread] DEBUG LoopRunner           - Starting loop
12:12:24.211 [JavaFX Application Thread] DEBUG FXGLStartupScene     - STARTUP
12:12:24.211 [JavaFX Application Thread] DEBUG WindowService        - Starting new game
12:12:24.212 [JavaFX Application Thread] DEBUG Input                - Clearing active input actions
12:12:24.220 [JavaFX Application Thread] DEBUG WindowService        - Removing overlay from FXGLStartupScene and adding to FXGLLoadingScene
12:12:24.220 [JavaFX Application Thread] DEBUG MainWindow           - FXGLStartupScene -> FXGLLoadingScene
12:12:24.220 [JavaFX Application Thread] DEBUG WindowService        - Clearing previous game
12:12:24.220 [JavaFX Application Thread] DEBUG GameScene            - Clearing game scene
12:12:24.220 [JavaFX Application Thread] DEBUG GameWorld            - Clearing game world
12:12:24.220 [JavaFX Application Thread] DEBUG PhysicsWorld         - Clearing physics world
12:12:24.221 [FXGL Background Thread 1 ] DEBUG GameApplication      - Initializing game
12:12:24.227 [FXGL Background Thread 1 ] DEBUG AssetLoaderService   - Loading from file system: /assets/textures/4lanehighway.png
12:12:24.321 [FXGL Background Thread 1 ] DEBUG AssetLoaderService   - Loading from file system: /assets/textures/player.png
12:12:24.331 [FXGL Background Thread 1 ] DEBUG AssetLoaderService   - Loading from file system: /assets/textures/driver.png
12:12:24.334 [FXGL Background Thread 1 ] INFO  GameApplication      - Game initialization took: 0.112 sec
12:12:24.334 [JavaFX Application Thread] DEBUG Input                - Clearing active input actions
12:12:24.340 [JavaFX Application Thread] DEBUG WindowService        - Removing overlay from FXGLLoadingScene and adding to GameScene
12:12:24.340 [JavaFX Application Thread] DEBUG MainWindow           - FXGLLoadingScene -> GameScene
12:12:26.335 [JavaFX Application Thread] DEBUG AssetLoaderService   - Loading from cache: /assets/textures/driver.png
12:12:27.125 [FXGL Background Thread 2 ] DEBUG Engine               - Logging environment variables
12:12:27.126 [FXGL Background Thread 2 ] DEBUG Engine               - achievements: []
12:12:27.126 [FXGL Background Thread 2 ] DEBUG Engine               - appIcon: fxgl_icon.png
12:12:27.126 [FXGL Background Thread 2 ] DEBUG Engine               - applicationMode: DEVELOPER
12:12:27.127 [FXGL Background Thread 2 ] DEBUG Engine               - cSSList: [fxgl_dark.css]
12:12:27.127 [FXGL Background Thread 2 ] DEBUG Engine               - configClass: Optional.empty
12:12:27.127 [FXGL Background Thread 2 ] DEBUG Engine               - credits: []
12:12:27.127 [FXGL Background Thread 2 ] DEBUG Engine               - devBBoxColorProperty: ObjectProperty [value: 0xff0000ff]
12:12:27.127 [FXGL Background Thread 2 ] DEBUG Engine               - devSensorColorProperty: ObjectProperty [value: 0xffff00ff]
12:12:27.128 [FXGL Background Thread 2 ] DEBUG Engine               - devShowBBoxProperty: BooleanProperty [value: false]
12:12:27.128 [FXGL Background Thread 2 ] DEBUG Engine               - devShowPositionProperty: BooleanProperty [value: false]
12:12:27.129 [FXGL Background Thread 2 ] DEBUG Engine               - enabledMenuItems: []
12:12:27.129 [FXGL Background Thread 2 ] DEBUG Engine               - engineServices: [class com.almasb.fxgl.app.GameApplication$GameApplicationService, class com.almasb.fxgl.app.services.WindowService, class com.almasb.fxgl.app.services.FXGLDialogService, class com.almasb.fxgl.app.services.IOTaskExecutorService, class com.almasb.fxgl.event.EventBusService, class com.almasb.fxgl.io.FileSystemService, class com.almasb.fxgl.localization.LocalizationService, class com.almasb.fxgl.app.services.AssetLoaderService, class com.almasb.fxgl.app.services.SystemBundleService, class com.almasb.fxgl.profile.SaveLoadService, class com.almasb.fxgl.ui.FXGLUIFactoryServiceProvider, class com.almasb.fxgl.ui.FXGLDialogFactoryServiceProvider, class com.almasb.fxgl.audio.AudioPlayer, class com.almasb.fxgl.notification.impl.NotificationServiceProvider, class com.almasb.fxgl.achievement.AchievementService, class com.almasb.fxgl.cutscene.CutsceneService, class com.almasb.fxgl.minigames.MiniGameService, class com.almasb.fxgl.net.NetService, class com.almasb.fxgl.app.services.UpdaterService, class com.almasb.fxgl.dev.DevService]
12:12:27.129 [FXGL Background Thread 2 ] DEBUG Engine               - fontGame: Abel-Regular.ttf
12:12:27.129 [FXGL Background Thread 2 ] DEBUG Engine               - fontMono: lucida_console.ttf
12:12:27.129 [FXGL Background Thread 2 ] DEBUG Engine               - fontText: Courier-Prime.ttf
12:12:27.129 [FXGL Background Thread 2 ] DEBUG Engine               - fontUI: VarelaRound-Regular.ttf
12:12:27.129 [FXGL Background Thread 2 ] DEBUG Engine               - fullScreen: BooleanProperty [value: false]
12:12:27.129 [FXGL Background Thread 2 ] DEBUG Engine               - gameDifficulty: MEDIUM
12:12:27.129 [FXGL Background Thread 2 ] DEBUG Engine               - gameDifficultyProperty: ObjectProperty [value: MEDIUM]
12:12:27.130 [FXGL Background Thread 2 ] DEBUG Engine               - globalMusicVolume: 0.5
12:12:27.130 [FXGL Background Thread 2 ] DEBUG Engine               - globalMusicVolumeProperty: DoubleProperty [value: 0.5]
12:12:27.130 [FXGL Background Thread 2 ] DEBUG Engine               - globalSoundVolume: 0.5
12:12:27.130 [FXGL Background Thread 2 ] DEBUG Engine               - globalSoundVolumeProperty: DoubleProperty [value: 0.5]
12:12:27.130 [FXGL Background Thread 2 ] DEBUG Engine               - height: 650
12:12:27.130 [FXGL Background Thread 2 ] DEBUG Engine               - isAndroid: false
12:12:27.130 [FXGL Background Thread 2 ] DEBUG Engine               - isBrowser: false
12:12:27.130 [FXGL Background Thread 2 ] DEBUG Engine               - isClickFeedbackEnabled: false
12:12:27.130 [FXGL Background Thread 2 ] DEBUG Engine               - isCloseConfirmation: false
12:12:27.130 [FXGL Background Thread 2 ] DEBUG Engine               - isDesktop: true
12:12:27.130 [FXGL Background Thread 2 ] DEBUG Engine               - isDeveloperMenuEnabled: false
12:12:27.130 [FXGL Background Thread 2 ] DEBUG Engine               - isExperimentalNative: false
12:12:27.130 [FXGL Background Thread 2 ] DEBUG Engine               - isExperimentalTiledLargeMap: false
12:12:27.130 [FXGL Background Thread 2 ] DEBUG Engine               - isFullScreenAllowed: false
12:12:27.131 [FXGL Background Thread 2 ] DEBUG Engine               - isFullScreenFromStart: false
12:12:27.131 [FXGL Background Thread 2 ] DEBUG Engine               - isGameMenuEnabled: true
12:12:27.131 [FXGL Background Thread 2 ] DEBUG Engine               - isIOS: false
12:12:27.131 [FXGL Background Thread 2 ] DEBUG Engine               - isIntroEnabled: false
12:12:27.131 [FXGL Background Thread 2 ] DEBUG Engine               - isLinux: false
12:12:27.131 [FXGL Background Thread 2 ] DEBUG Engine               - isMac: false
12:12:27.131 [FXGL Background Thread 2 ] DEBUG Engine               - isMainMenuEnabled: false
12:12:27.131 [FXGL Background Thread 2 ] DEBUG Engine               - isManualResizeEnabled: false
12:12:27.131 [FXGL Background Thread 2 ] DEBUG Engine               - isMobile: false
12:12:27.131 [FXGL Background Thread 2 ] DEBUG Engine               - isPreserveResizeRatio: false
12:12:27.131 [FXGL Background Thread 2 ] DEBUG Engine               - isProfilingEnabled: false
12:12:27.131 [FXGL Background Thread 2 ] DEBUG Engine               - isSingleStep: false
12:12:27.131 [FXGL Background Thread 2 ] DEBUG Engine               - isUserProfileEnabled: false
12:12:27.131 [FXGL Background Thread 2 ] DEBUG Engine               - isWindows: true
12:12:27.131 [FXGL Background Thread 2 ] DEBUG Engine               - language: ObjectProperty [value: ENGLISH]
12:12:27.131 [FXGL Background Thread 2 ] DEBUG Engine               - mainWindow: com.almasb.fxgl.app.MainWindow@6a6e0289
12:12:27.131 [FXGL Background Thread 2 ] DEBUG Engine               - menuKey: ESCAPE
12:12:27.131 [FXGL Background Thread 2 ] DEBUG Engine               - notificationViewClass: class com.almasb.fxgl.notification.view.XboxNotificationView
12:12:27.131 [FXGL Background Thread 2 ] DEBUG Engine               - pixelsPerMeter: 50.0
12:12:27.131 [FXGL Background Thread 2 ] DEBUG Engine               - platform: WINDOWS
12:12:27.131 [FXGL Background Thread 2 ] DEBUG Engine               - profileDir: profiles/
12:12:27.132 [FXGL Background Thread 2 ] DEBUG Engine               - profileName: StringProperty [value: DEFAULT]
12:12:27.132 [FXGL Background Thread 2 ] DEBUG Engine               - randomSeed: -1
12:12:27.132 [FXGL Background Thread 2 ] DEBUG Engine               - runtimeInfo: RuntimeInfo(platform=WINDOWS, version=11.9, build=27.05.2020 17.06)
12:12:27.132 [FXGL Background Thread 2 ] DEBUG Engine               - saveFileExt: sav
12:12:27.132 [FXGL Background Thread 2 ] DEBUG Engine               - sceneFactory: com.almasb.fxgl.app.scene.SceneFactory@2f6c81a0
12:12:27.132 [FXGL Background Thread 2 ] DEBUG Engine               - secondsIn24h: 60
12:12:27.132 [FXGL Background Thread 2 ] DEBUG Engine               - settings: Title: Newfoundland Moose Collision
Version: 0.1
Width: 840
Height: 650
Fullscreen: false
Intro: false
Profiling: false
Single step:false
App Mode: DEVELOPER
Menu Key: ESCAPE
Stage Style: DECORATED
Scene Factory: class com.almasb.fxgl.app.scene.SceneFactory

12:12:27.132 [FXGL Background Thread 2 ] DEBUG Engine               - soundMenuBack: menu/back.wav
12:12:27.132 [FXGL Background Thread 2 ] DEBUG Engine               - soundMenuPress: menu/press.wav
12:12:27.132 [FXGL Background Thread 2 ] DEBUG Engine               - soundMenuSelect: menu/select.wav
12:12:27.132 [FXGL Background Thread 2 ] DEBUG Engine               - soundNotification: core/notification.wav
12:12:27.132 [FXGL Background Thread 2 ] DEBUG Engine               - stageStyle: DECORATED
12:12:27.132 [FXGL Background Thread 2 ] DEBUG Engine               - supportedLanguages: [ENGLISH, FRENCH, GERMAN, HUNGARIAN, RUSSIAN]
12:12:27.132 [FXGL Background Thread 2 ] DEBUG Engine               - title: Newfoundland Moose Collision
12:12:27.132 [FXGL Background Thread 2 ] DEBUG Engine               - urlGithub: https://github.com/AlmasB/FXGL
12:12:27.132 [FXGL Background Thread 2 ] DEBUG Engine               - urlLeaderboard: http://fxgl-top.herokuapp.com/
12:12:27.132 [FXGL Background Thread 2 ] DEBUG Engine               - urlPOM: https://raw.githubusercontent.com/AlmasB/FXGL/master/pom.xml
12:12:27.132 [FXGL Background Thread 2 ] DEBUG Engine               - version: 0.1
12:12:27.132 [FXGL Background Thread 2 ] DEBUG Engine               - versionCheckDays: 7
12:12:27.132 [FXGL Background Thread 2 ] DEBUG Engine               - width: 840
12:12:27.132 [FXGL Background Thread 2 ] DEBUG Engine               - Logging services
12:12:27.132 [FXGL Background Thread 2 ] DEBUG Engine               - class com.almasb.fxgl.app.GameApplication$GameApplicationService
12:12:27.132 [FXGL Background Thread 2 ] DEBUG Engine               - class com.almasb.fxgl.app.services.WindowService
12:12:27.133 [FXGL Background Thread 2 ] DEBUG Engine               - class com.almasb.fxgl.app.services.FXGLDialogService
12:12:27.133 [FXGL Background Thread 2 ] DEBUG Engine               - class com.almasb.fxgl.app.services.IOTaskExecutorService
12:12:27.133 [FXGL Background Thread 2 ] DEBUG Engine               - class com.almasb.fxgl.event.EventBusService
12:12:27.133 [FXGL Background Thread 2 ] DEBUG Engine               - class com.almasb.fxgl.io.FileSystemService
12:12:27.133 [FXGL Background Thread 2 ] DEBUG Engine               - class com.almasb.fxgl.localization.LocalizationService
12:12:27.133 [FXGL Background Thread 2 ] DEBUG Engine               - class com.almasb.fxgl.app.services.AssetLoaderService
12:12:27.133 [FXGL Background Thread 2 ] DEBUG Engine               - class com.almasb.fxgl.app.services.SystemBundleService
12:12:27.133 [FXGL Background Thread 2 ] DEBUG Engine               - class com.almasb.fxgl.profile.SaveLoadService
12:12:27.133 [FXGL Background Thread 2 ] DEBUG Engine               - class com.almasb.fxgl.ui.FXGLUIFactoryServiceProvider
12:12:27.133 [FXGL Background Thread 2 ] DEBUG Engine               - class com.almasb.fxgl.ui.FXGLDialogFactoryServiceProvider
12:12:27.133 [FXGL Background Thread 2 ] DEBUG Engine               - class com.almasb.fxgl.audio.AudioPlayer
12:12:27.133 [FXGL Background Thread 2 ] DEBUG Engine               - class com.almasb.fxgl.notification.impl.NotificationServiceProvider
12:12:27.133 [FXGL Background Thread 2 ] DEBUG Engine               - class com.almasb.fxgl.achievement.AchievementService
12:12:27.133 [FXGL Background Thread 2 ] DEBUG Engine               - class com.almasb.fxgl.cutscene.CutsceneService
12:12:27.133 [FXGL Background Thread 2 ] DEBUG Engine               - class com.almasb.fxgl.minigames.MiniGameService
12:12:27.133 [FXGL Background Thread 2 ] DEBUG Engine               - class com.almasb.fxgl.net.NetService
12:12:27.133 [FXGL Background Thread 2 ] DEBUG Engine               - class com.almasb.fxgl.app.services.UpdaterService
12:12:27.133 [FXGL Background Thread 2 ] DEBUG Engine               - class com.almasb.fxgl.dev.DevService
12:12:28.353 [JavaFX Application Thread] DEBUG AssetLoaderService   - Loading from cache: /assets/textures/driver.png
12:12:30.369 [JavaFX Application Thread] DEBUG AssetLoaderService   - Loading from cache: /assets/textures/driver.png
12:12:32.385 [JavaFX Application Thread] DEBUG AssetLoaderService   - Loading from cache: /assets/textures/driver.png
12:12:34.385 [JavaFX Application Thread] DEBUG AssetLoaderService   - Loading from cache: /assets/textures/driver.png
12:12:36.384 [JavaFX Application Thread] DEBUG AssetLoaderService   - Loading from cache: /assets/textures/driver.png
12:12:38.385 [JavaFX Application Thread] DEBUG AssetLoaderService   - Loading from cache: /assets/textures/driver.png
12:12:40.385 [JavaFX Application Thread] DEBUG AssetLoaderService   - Loading from cache: /assets/textures/driver.png
12:12:42.400 [JavaFX Application Thread] DEBUG AssetLoaderService   - Loading from cache: /assets/textures/driver.png
12:12:44.415 [JavaFX Application Thread] DEBUG AssetLoaderService   - Loading from cache: /assets/textures/driver.png
12:12:46.449 [JavaFX Application Thread] DEBUG AssetLoaderService   - Loading from cache: /assets/textures/driver.png
12:12:48.464 [JavaFX Application Thread] DEBUG AssetLoaderService   - Loading from cache: /assets/textures/driver.png
12:12:50.481 [JavaFX Application Thread] DEBUG AssetLoaderService   - Loading from cache: /assets/textures/driver.png
12:12:52.496 [JavaFX Application Thread] DEBUG AssetLoaderService   - Loading from cache: /assets/textures/driver.png
12:12:54.513 [JavaFX Application Thread] DEBUG AssetLoaderService   - Loading from cache: /assets/textures/driver.png
12:12:56.529 [JavaFX Application Thread] DEBUG AssetLoaderService   - Loading from cache: /assets/textures/driver.png
12:12:58.544 [JavaFX Application Thread] DEBUG AssetLoaderService   - Loading from cache: /assets/textures/driver.png
12:13:00.560 [JavaFX Application Thread] DEBUG AssetLoaderService   - Loading from cache: /assets/textures/driver.png
12:13:02.576 [JavaFX Application Thread] DEBUG AssetLoaderService   - Loading from cache: /assets/textures/driver.png
12:13:04.594 [JavaFX Application Thread] DEBUG AssetLoaderService   - Loading from cache: /assets/textures/driver.png
12:13:06.608 [JavaFX Application Thread] DEBUG AssetLoaderService   - Loading from cache: /assets/textures/driver.png
12:13:08.625 [JavaFX Application Thread] DEBUG AssetLoaderService   - Loading from cache: /assets/textures/driver.png
12:13:10.641 [JavaFX Application Thread] DEBUG AssetLoaderService   - Loading from cache: /assets/textures/driver.png
12:13:12.657 [JavaFX Application Thread] DEBUG AssetLoaderService   - Loading from cache: /assets/textures/driver.png
12:13:14.672 [JavaFX Application Thread] DEBUG AssetLoaderService   - Loading from cache: /assets/textures/driver.png
12:13:16.688 [JavaFX Application Thread] DEBUG AssetLoaderService   - Loading from cache: /assets/textures/driver.png
12:13:18.704 [JavaFX Application Thread] DEBUG AssetLoaderService   - Loading from cache: /assets/textures/driver.png
12:13:20.721 [JavaFX Application Thread] DEBUG AssetLoaderService   - Loading from cache: /assets/textures/driver.png
12:13:22.736 [JavaFX Application Thread] DEBUG AssetLoaderService   - Loading from cache: /assets/textures/driver.png
12:13:24.752 [JavaFX Application Thread] DEBUG AssetLoaderService   - Loading from cache: /assets/textures/driver.png
12:13:26.768 [JavaFX Application Thread] DEBUG AssetLoaderService   - Loading from cache: /assets/textures/driver.png
12:13:28.784 [JavaFX Application Thread] DEBUG AssetLoaderService   - Loading from cache: /assets/textures/driver.png
12:13:30.800 [JavaFX Application Thread] DEBUG AssetLoaderService   - Loading from cache: /assets/textures/driver.png
12:13:32.832 [JavaFX Application Thread] DEBUG AssetLoaderService   - Loading from cache: /assets/textures/driver.png
12:13:34.849 [JavaFX Application Thread] DEBUG AssetLoaderService   - Loading from cache: /assets/textures/driver.png
12:13:36.865 [JavaFX Application Thread] DEBUG AssetLoaderService   - Loading from cache: /assets/textures/driver.png
12:13:38.880 [JavaFX Application Thread] DEBUG AssetLoaderService   - Loading from cache: /assets/textures/driver.png
12:13:40.897 [JavaFX Application Thread] DEBUG AssetLoaderService   - Loading from cache: /assets/textures/driver.png
12:13:42.912 [JavaFX Application Thread] DEBUG AssetLoaderService   - Loading from cache: /assets/textures/driver.png
12:13:43.550 [JavaFX Application Thread] DEBUG GameApplication      - Exiting FXGL
12:13:43.550 [JavaFX Application Thread] DEBUG LoopRunner           - Stopping loop
12:13:43.550 [JavaFX Application Thread] DEBUG SystemBundleService  - Saving FXGL system data
12:13:43.551 [JavaFX Application Thread] DEBUG FileSystemAccess     - Writing to: E:\secondYear\Java\NewfoundlandRacer\system\fxgl.bundle
12:13:43.552 [JavaFX Application Thread] DEBUG GameApplication      - Shutting down background threads
12:13:43.553 [JavaFX Application Thread] DEBUG GameApplication      - Closing logger and exiting JavaFX
