15:07:56.701 [main                     ] DEBUG GameApplication      - Logger initialized
15:07:56.705 [main                     ] DEBUG GameApplication      - Logging settings
Title: Newfoundland Moose Collision
Version: 0.1
Width: 840
Height: 650
Fullscreen: false
Intro: false
Profiling: false
Single step:false
App Mode: DEVELOPER
Menu Key: ESCAPE
Stage Style: DECORATED
Scene Factory: class MooseGame.NewfoundRacerApp$1

15:07:57.068 [JavaFX Application Thread] DEBUG GameApplication      - Initializing FXGL
15:07:57.080 [JavaFX Application Thread] INFO  Engine               - FXGL-11.9 (27.05.2020 17.06) on WINDOWS (J:14.0.1 FX:13.0.2)
15:07:57.081 [JavaFX Application Thread] DEBUG Engine               - JRE Vendor Name: Oracle Corporation
15:07:57.081 [JavaFX Application Thread] DEBUG Engine               - Running on OS: Windows 10 version 10.0
15:07:57.081 [JavaFX Application Thread] DEBUG Engine               - Architecture: amd64
15:07:57.081 [JavaFX Application Thread] INFO  Engine               - Source code and latest versions at: https://github.com/AlmasB/FXGL
15:07:57.081 [JavaFX Application Thread] INFO  Engine               -              Join the FXGL chat at: https://gitter.im/AlmasB/FXGL
15:07:57.192 [JavaFX Application Thread] DEBUG MainWindow           - Creating a JavaFX scene
15:07:57.234 [JavaFX Application Thread] DEBUG MainWindow           - Target settings size: 840.0 x 650.0
15:07:57.234 [JavaFX Application Thread] DEBUG MainWindow           - Scaled scene size:    840.0 x 650.0
15:07:57.234 [JavaFX Application Thread] DEBUG MainWindow           - Scaled ratio: (1.0, 1.0)
15:07:57.236 [JavaFX Application Thread] DEBUG MainWindow           - Set initial scene to FXGLStartupScene
15:07:57.241 [JavaFX Application Thread] DEBUG MainWindow           - Opening main window
15:07:57.322 [JavaFX Application Thread] DEBUG MainWindow           - Window border size: (16.0, 39.0)
15:07:57.323 [JavaFX Application Thread] DEBUG MainWindow           - Scaled size: 840.0 x 650.0
15:07:57.323 [JavaFX Application Thread] DEBUG MainWindow           - Scaled ratio: (1.0, 1.0)
15:07:57.323 [JavaFX Application Thread] DEBUG MainWindow           - Scene size: 840.0 x 650.0
15:07:57.323 [JavaFX Application Thread] DEBUG MainWindow           - Stage size: 856.0 x 689.0
15:07:57.331 [FXGL Background Thread 1 ] DEBUG Engine               - Initializing environment variables
15:07:57.354 [FXGL Background Thread 1 ] DEBUG WindowService        - Applying CSS: fxgl_dark.css
15:07:57.355 [FXGL Background Thread 1 ] DEBUG AssetLoaderService   - Loading from file system: /assets/ui/css/fxgl_dark.css
15:07:57.389 [FXGL Background Thread 1 ] DEBUG WindowService        - Initializing application scenes
15:07:57.415 [FXGL Background Thread 1 ] DEBUG GameWorld            - Game world initialized
15:07:57.447 [FXGL Background Thread 1 ] DEBUG PhysicsWorld         - Physics world initialized: appHeight=650, physics.ppm=50.0
15:07:57.449 [FXGL Background Thread 1 ] DEBUG GameScene            - Game scene initialized: 840x650
15:07:57.473 [FXGL Background Thread 1 ] DEBUG AssetLoaderService   - Loading from file system: /assets/textures/particles/trace_horizontal.png
15:07:57.519 [FXGL Background Thread 1 ] DEBUG FXGL.DefaultMenu     - createMenuBodyGameMenu()
15:07:57.532 [FXGL Background Thread 1 ] DEBUG FXGL.DefaultMenu     - createOptionsMenu()
15:07:57.536 [FXGL Background Thread 1 ] DEBUG AssetLoaderService   - Loading from file system: /assets/textures/particles/smoke.png
15:07:57.575 [FXGL Background Thread 1 ] DEBUG WindowService        - Application scenes initialized
15:07:57.584 [FXGL Background Thread 1 ] DEBUG SystemBundleService  - Loading FXGL system data
15:07:57.587 [FXGL Background Thread 1 ] DEBUG FileSystemAccess     - Reading from: E:\secondYear\Java\NewfoundlandRacer\system\fxgl.bundle
15:07:57.591 [FXGL Background Thread 1 ] DEBUG SystemBundleService  - Bundle FXGL: {}
15:07:57.591 [FXGL Background Thread 1 ] INFO  Engine               - FXGL initialization took: 0.259 sec
15:07:57.592 [FXGL Background Thread 1 ] DEBUG GameApplication      - Loading localizations
15:07:57.593 [FXGL Background Thread 1 ] DEBUG AssetLoaderService   - Loading from file system: /assets/languages/english.lang
15:07:57.600 [FXGL Background Thread 1 ] DEBUG AssetLoaderService   - Loading from file system: /assets/languages/french.lang
15:07:57.601 [FXGL Background Thread 1 ] DEBUG AssetLoaderService   - Loading from file system: /assets/languages/german.lang
15:07:57.602 [FXGL Background Thread 1 ] DEBUG AssetLoaderService   - Loading from file system: /assets/languages/hungarian.lang
15:07:57.605 [FXGL Background Thread 1 ] DEBUG AssetLoaderService   - Loading from file system: /assets/languages/russian.lang
15:07:57.607 [FXGL Background Thread 1 ] DEBUG GameApplication      - Registering font factories with UI factory
15:07:57.607 [FXGL Background Thread 1 ] DEBUG AssetLoaderService   - Loading from file system: /assets/ui/fonts/VarelaRound-Regular.ttf
15:07:57.641 [FXGL Background Thread 1 ] DEBUG AssetLoaderService   - Loading from file system: /assets/ui/fonts/Abel-Regular.ttf
15:07:57.645 [FXGL Background Thread 1 ] DEBUG AssetLoaderService   - Loading from file system: /assets/ui/fonts/lucida_console.ttf
15:07:57.649 [FXGL Background Thread 1 ] DEBUG AssetLoaderService   - Loading from file system: /assets/ui/fonts/Courier-Prime.ttf
15:07:57.660 [JavaFX Application Thread] DEBUG Input                - Registered new binding: Move Right - D
15:07:57.660 [JavaFX Application Thread] DEBUG Input                - Registered new binding: Move Left - A
15:07:57.660 [JavaFX Application Thread] DEBUG Input                - Registered new binding: Move Up - W
15:07:57.660 [JavaFX Application Thread] DEBUG Input                - Registered new binding: Move Down - S
15:07:57.660 [JavaFX Application Thread] DEBUG AssetLoaderService   - Loading from file system: /assets/textures/fxgl_icon.png
15:07:57.673 [JavaFX Application Thread] DEBUG AssetLoaderService   - Loading from file system: /assets/ui/cursors/fxgl_default.png
15:07:57.675 [JavaFX Application Thread] DEBUG Input                - Registered new binding: Screenshot - P
15:07:57.675 [JavaFX Application Thread] DEBUG Input                - Registered new binding: System info dump - CTRL+9
15:07:57.675 [JavaFX Application Thread] DEBUG Input                - Registered new binding: Restart - CTRL+R
15:07:57.676 [JavaFX Application Thread] DEBUG LoopRunner           - Starting loop
15:07:57.681 [JavaFX Application Thread] DEBUG FXGLStartupScene     - STARTUP
15:07:57.682 [JavaFX Application Thread] DEBUG Input                - Clearing active input actions
15:07:57.688 [JavaFX Application Thread] DEBUG WindowService        - Removing overlay from FXGLStartupScene and adding to 
15:07:57.688 [JavaFX Application Thread] DEBUG MainWindow           - FXGLStartupScene -> 
15:07:57.688 [JavaFX Application Thread] DEBUG MainWindow           - Push state: NewfoundlandRacerMainMenu
15:07:57.688 [JavaFX Application Thread] DEBUG Input                - Clearing active input actions
15:07:57.692 [JavaFX Application Thread] DEBUG WindowService        - Removing overlay from  and adding to NewfoundlandRacerMainMenu
15:07:57.693 [JavaFX Application Thread] DEBUG MainWindow           -  -> NewfoundlandRacerMainMenu
15:08:00.594 [FXGL Background Thread 2 ] DEBUG Engine               - Logging environment variables
15:08:00.595 [FXGL Background Thread 2 ] DEBUG Engine               - achievements: []
15:08:00.595 [FXGL Background Thread 2 ] DEBUG Engine               - appIcon: fxgl_icon.png
15:08:00.596 [FXGL Background Thread 2 ] DEBUG Engine               - applicationMode: DEVELOPER
15:08:00.596 [FXGL Background Thread 2 ] DEBUG Engine               - cSSList: [fxgl_dark.css]
15:08:00.596 [FXGL Background Thread 2 ] DEBUG Engine               - configClass: Optional.empty
15:08:00.597 [FXGL Background Thread 2 ] DEBUG Engine               - credits: []
15:08:00.597 [FXGL Background Thread 2 ] DEBUG Engine               - devBBoxColorProperty: ObjectProperty [value: 0xff0000ff]
15:08:00.598 [FXGL Background Thread 2 ] DEBUG Engine               - devSensorColorProperty: ObjectProperty [value: 0xffff00ff]
15:08:00.598 [FXGL Background Thread 2 ] DEBUG Engine               - devShowBBoxProperty: BooleanProperty [value: false]
15:08:00.598 [FXGL Background Thread 2 ] DEBUG Engine               - devShowPositionProperty: BooleanProperty [value: false]
15:08:00.599 [FXGL Background Thread 2 ] DEBUG Engine               - enabledMenuItems: []
15:08:00.599 [FXGL Background Thread 2 ] DEBUG Engine               - engineServices: [class com.almasb.fxgl.app.GameApplication$GameApplicationService, class com.almasb.fxgl.app.services.WindowService, class com.almasb.fxgl.app.services.FXGLDialogService, class com.almasb.fxgl.app.services.IOTaskExecutorService, class com.almasb.fxgl.event.EventBusService, class com.almasb.fxgl.io.FileSystemService, class com.almasb.fxgl.localization.LocalizationService, class com.almasb.fxgl.app.services.AssetLoaderService, class com.almasb.fxgl.app.services.SystemBundleService, class com.almasb.fxgl.profile.SaveLoadService, class com.almasb.fxgl.ui.FXGLUIFactoryServiceProvider, class com.almasb.fxgl.ui.FXGLDialogFactoryServiceProvider, class com.almasb.fxgl.audio.AudioPlayer, class com.almasb.fxgl.notification.impl.NotificationServiceProvider, class com.almasb.fxgl.achievement.AchievementService, class com.almasb.fxgl.cutscene.CutsceneService, class com.almasb.fxgl.minigames.MiniGameService, class com.almasb.fxgl.net.NetService, class com.almasb.fxgl.app.services.UpdaterService, class com.almasb.fxgl.dev.DevService]
15:08:00.599 [FXGL Background Thread 2 ] DEBUG Engine               - fontGame: Abel-Regular.ttf
15:08:00.599 [FXGL Background Thread 2 ] DEBUG Engine               - fontMono: lucida_console.ttf
15:08:00.599 [FXGL Background Thread 2 ] DEBUG Engine               - fontText: Courier-Prime.ttf
15:08:00.599 [FXGL Background Thread 2 ] DEBUG Engine               - fontUI: VarelaRound-Regular.ttf
15:08:00.599 [FXGL Background Thread 2 ] DEBUG Engine               - fullScreen: BooleanProperty [value: false]
15:08:00.599 [FXGL Background Thread 2 ] DEBUG Engine               - gameDifficulty: MEDIUM
15:08:00.599 [FXGL Background Thread 2 ] DEBUG Engine               - gameDifficultyProperty: ObjectProperty [value: MEDIUM]
15:08:00.600 [FXGL Background Thread 2 ] DEBUG Engine               - globalMusicVolume: 0.5
15:08:00.600 [FXGL Background Thread 2 ] DEBUG Engine               - globalMusicVolumeProperty: DoubleProperty [value: 0.5]
15:08:00.600 [FXGL Background Thread 2 ] DEBUG Engine               - globalSoundVolume: 0.5
15:08:00.600 [FXGL Background Thread 2 ] DEBUG Engine               - globalSoundVolumeProperty: DoubleProperty [value: 0.5]
15:08:00.600 [FXGL Background Thread 2 ] DEBUG Engine               - height: 650
15:08:00.600 [FXGL Background Thread 2 ] DEBUG Engine               - isAndroid: false
15:08:00.600 [FXGL Background Thread 2 ] DEBUG Engine               - isBrowser: false
15:08:00.600 [FXGL Background Thread 2 ] DEBUG Engine               - isClickFeedbackEnabled: false
15:08:00.600 [FXGL Background Thread 2 ] DEBUG Engine               - isCloseConfirmation: false
15:08:00.600 [FXGL Background Thread 2 ] DEBUG Engine               - isDesktop: true
15:08:00.600 [FXGL Background Thread 2 ] DEBUG Engine               - isDeveloperMenuEnabled: false
15:08:00.600 [FXGL Background Thread 2 ] DEBUG Engine               - isExperimentalNative: false
15:08:00.600 [FXGL Background Thread 2 ] DEBUG Engine               - isExperimentalTiledLargeMap: false
15:08:00.600 [FXGL Background Thread 2 ] DEBUG Engine               - isFullScreenAllowed: false
15:08:00.600 [FXGL Background Thread 2 ] DEBUG Engine               - isFullScreenFromStart: false
15:08:00.600 [FXGL Background Thread 2 ] DEBUG Engine               - isGameMenuEnabled: true
15:08:00.600 [FXGL Background Thread 2 ] DEBUG Engine               - isIOS: false
15:08:00.600 [FXGL Background Thread 2 ] DEBUG Engine               - isIntroEnabled: false
15:08:00.601 [FXGL Background Thread 2 ] DEBUG Engine               - isLinux: false
15:08:00.601 [FXGL Background Thread 2 ] DEBUG Engine               - isMac: false
15:08:00.601 [FXGL Background Thread 2 ] DEBUG Engine               - isMainMenuEnabled: true
15:08:00.601 [FXGL Background Thread 2 ] DEBUG Engine               - isManualResizeEnabled: false
15:08:00.601 [FXGL Background Thread 2 ] DEBUG Engine               - isMobile: false
15:08:00.601 [FXGL Background Thread 2 ] DEBUG Engine               - isPreserveResizeRatio: false
15:08:00.601 [FXGL Background Thread 2 ] DEBUG Engine               - isProfilingEnabled: false
15:08:00.601 [FXGL Background Thread 2 ] DEBUG Engine               - isSingleStep: false
15:08:00.601 [FXGL Background Thread 2 ] DEBUG Engine               - isUserProfileEnabled: false
15:08:00.601 [FXGL Background Thread 2 ] DEBUG Engine               - isWindows: true
15:08:00.601 [FXGL Background Thread 2 ] DEBUG Engine               - language: ObjectProperty [value: ENGLISH]
15:08:00.601 [FXGL Background Thread 2 ] DEBUG Engine               - mainWindow: com.almasb.fxgl.app.MainWindow@21c26dbe
15:08:00.601 [FXGL Background Thread 2 ] DEBUG Engine               - menuKey: ESCAPE
15:08:00.601 [FXGL Background Thread 2 ] DEBUG Engine               - notificationViewClass: class com.almasb.fxgl.notification.view.XboxNotificationView
15:08:00.601 [FXGL Background Thread 2 ] DEBUG Engine               - pixelsPerMeter: 50.0
15:08:00.601 [FXGL Background Thread 2 ] DEBUG Engine               - platform: WINDOWS
15:08:00.601 [FXGL Background Thread 2 ] DEBUG Engine               - profileDir: profiles/
15:08:00.601 [FXGL Background Thread 2 ] DEBUG Engine               - profileName: StringProperty [value: DEFAULT]
15:08:00.601 [FXGL Background Thread 2 ] DEBUG Engine               - randomSeed: -1
15:08:00.601 [FXGL Background Thread 2 ] DEBUG Engine               - runtimeInfo: RuntimeInfo(platform=WINDOWS, version=11.9, build=27.05.2020 17.06)
15:08:00.602 [FXGL Background Thread 2 ] DEBUG Engine               - saveFileExt: sav
15:08:00.602 [FXGL Background Thread 2 ] DEBUG Engine               - sceneFactory: MooseGame.NewfoundRacerApp$1@64c0e7e2
15:08:00.602 [FXGL Background Thread 2 ] DEBUG Engine               - secondsIn24h: 60
15:08:00.602 [FXGL Background Thread 2 ] DEBUG Engine               - settings: Title: Newfoundland Moose Collision
Version: 0.1
Width: 840
Height: 650
Fullscreen: false
Intro: false
Profiling: false
Single step:false
App Mode: DEVELOPER
Menu Key: ESCAPE
Stage Style: DECORATED
Scene Factory: class MooseGame.NewfoundRacerApp$1

15:08:00.602 [FXGL Background Thread 2 ] DEBUG Engine               - soundMenuBack: menu/back.wav
15:08:00.602 [FXGL Background Thread 2 ] DEBUG Engine               - soundMenuPress: menu/press.wav
15:08:00.602 [FXGL Background Thread 2 ] DEBUG Engine               - soundMenuSelect: menu/select.wav
15:08:00.602 [FXGL Background Thread 2 ] DEBUG Engine               - soundNotification: core/notification.wav
15:08:00.602 [FXGL Background Thread 2 ] DEBUG Engine               - stageStyle: DECORATED
15:08:00.602 [FXGL Background Thread 2 ] DEBUG Engine               - supportedLanguages: [ENGLISH, FRENCH, GERMAN, HUNGARIAN, RUSSIAN]
15:08:00.602 [FXGL Background Thread 2 ] DEBUG Engine               - title: Newfoundland Moose Collision
15:08:00.602 [FXGL Background Thread 2 ] DEBUG Engine               - urlGithub: https://github.com/AlmasB/FXGL
15:08:00.602 [FXGL Background Thread 2 ] DEBUG Engine               - urlLeaderboard: http://fxgl-top.herokuapp.com/
15:08:00.602 [FXGL Background Thread 2 ] DEBUG Engine               - urlPOM: https://raw.githubusercontent.com/AlmasB/FXGL/master/pom.xml
15:08:00.602 [FXGL Background Thread 2 ] DEBUG Engine               - version: 0.1
15:08:00.602 [FXGL Background Thread 2 ] DEBUG Engine               - versionCheckDays: 7
15:08:00.602 [FXGL Background Thread 2 ] DEBUG Engine               - width: 840
15:08:00.602 [FXGL Background Thread 2 ] DEBUG Engine               - Logging services
15:08:00.602 [FXGL Background Thread 2 ] DEBUG Engine               - class com.almasb.fxgl.app.GameApplication$GameApplicationService
15:08:00.602 [FXGL Background Thread 2 ] DEBUG Engine               - class com.almasb.fxgl.app.services.WindowService
15:08:00.602 [FXGL Background Thread 2 ] DEBUG Engine               - class com.almasb.fxgl.app.services.FXGLDialogService
15:08:00.602 [FXGL Background Thread 2 ] DEBUG Engine               - class com.almasb.fxgl.app.services.IOTaskExecutorService
15:08:00.602 [FXGL Background Thread 2 ] DEBUG Engine               - class com.almasb.fxgl.event.EventBusService
15:08:00.603 [FXGL Background Thread 2 ] DEBUG Engine               - class com.almasb.fxgl.io.FileSystemService
15:08:00.603 [FXGL Background Thread 2 ] DEBUG Engine               - class com.almasb.fxgl.localization.LocalizationService
15:08:00.603 [FXGL Background Thread 2 ] DEBUG Engine               - class com.almasb.fxgl.app.services.AssetLoaderService
15:08:00.603 [FXGL Background Thread 2 ] DEBUG Engine               - class com.almasb.fxgl.app.services.SystemBundleService
15:08:00.603 [FXGL Background Thread 2 ] DEBUG Engine               - class com.almasb.fxgl.profile.SaveLoadService
15:08:00.603 [FXGL Background Thread 2 ] DEBUG Engine               - class com.almasb.fxgl.ui.FXGLUIFactoryServiceProvider
15:08:00.603 [FXGL Background Thread 2 ] DEBUG Engine               - class com.almasb.fxgl.ui.FXGLDialogFactoryServiceProvider
15:08:00.603 [FXGL Background Thread 2 ] DEBUG Engine               - class com.almasb.fxgl.audio.AudioPlayer
15:08:00.603 [FXGL Background Thread 2 ] DEBUG Engine               - class com.almasb.fxgl.notification.impl.NotificationServiceProvider
15:08:00.603 [FXGL Background Thread 2 ] DEBUG Engine               - class com.almasb.fxgl.achievement.AchievementService
15:08:00.603 [FXGL Background Thread 2 ] DEBUG Engine               - class com.almasb.fxgl.cutscene.CutsceneService
15:08:00.603 [FXGL Background Thread 2 ] DEBUG Engine               - class com.almasb.fxgl.minigames.MiniGameService
15:08:00.603 [FXGL Background Thread 2 ] DEBUG Engine               - class com.almasb.fxgl.net.NetService
15:08:00.603 [FXGL Background Thread 2 ] DEBUG Engine               - class com.almasb.fxgl.app.services.UpdaterService
15:08:00.603 [FXGL Background Thread 2 ] DEBUG Engine               - class com.almasb.fxgl.dev.DevService
15:08:02.502 [JavaFX Application Thread] DEBUG GameApplication      - Exiting FXGL
15:08:02.502 [JavaFX Application Thread] DEBUG LoopRunner           - Stopping loop
15:08:02.503 [JavaFX Application Thread] DEBUG SystemBundleService  - Saving FXGL system data
15:08:02.504 [JavaFX Application Thread] DEBUG FileSystemAccess     - Writing to: E:\secondYear\Java\NewfoundlandRacer\system\fxgl.bundle
15:08:02.505 [JavaFX Application Thread] DEBUG GameApplication      - Shutting down background threads
15:08:02.506 [JavaFX Application Thread] DEBUG GameApplication      - Closing logger and exiting JavaFX
