22:07:16.681 [main                     ] DEBUG GameApplication      - Logger initialized
22:07:16.685 [main                     ] DEBUG GameApplication      - Logging settings
Title: Newfoundland Moose Collision
Version: 0.1
Width: 840
Height: 650
Fullscreen: false
Intro: false
Profiling: false
Single step:false
App Mode: DEVELOPER
Menu Key: ESCAPE
Stage Style: DECORATED
Scene Factory: class MooseGame.NewfoundRacerApp$1

22:07:17.075 [JavaFX Application Thread] DEBUG GameApplication      - Initializing FXGL
22:07:17.088 [JavaFX Application Thread] INFO  Engine               - FXGL-11.9 (27.05.2020 17.06) on WINDOWS (J:14.0.1 FX:13.0.2)
22:07:17.088 [JavaFX Application Thread] DEBUG Engine               - JRE Vendor Name: Oracle Corporation
22:07:17.088 [JavaFX Application Thread] DEBUG Engine               - Running on OS: Windows 10 version 10.0
22:07:17.088 [JavaFX Application Thread] DEBUG Engine               - Architecture: amd64
22:07:17.088 [JavaFX Application Thread] INFO  Engine               - Source code and latest versions at: https://github.com/AlmasB/FXGL
22:07:17.088 [JavaFX Application Thread] INFO  Engine               -              Join the FXGL chat at: https://gitter.im/AlmasB/FXGL
22:07:17.199 [JavaFX Application Thread] DEBUG MainWindow           - Creating a JavaFX scene
22:07:17.242 [JavaFX Application Thread] DEBUG MainWindow           - Target settings size: 840.0 x 650.0
22:07:17.242 [JavaFX Application Thread] DEBUG MainWindow           - Scaled scene size:    840.0 x 650.0
22:07:17.243 [JavaFX Application Thread] DEBUG MainWindow           - Scaled ratio: (1.0, 1.0)
22:07:17.244 [JavaFX Application Thread] DEBUG MainWindow           - Set initial scene to FXGLStartupScene
22:07:17.250 [JavaFX Application Thread] DEBUG MainWindow           - Opening main window
22:07:17.335 [JavaFX Application Thread] DEBUG MainWindow           - Window border size: (16.0, 39.0)
22:07:17.335 [JavaFX Application Thread] DEBUG MainWindow           - Scaled size: 840.0 x 650.0
22:07:17.335 [JavaFX Application Thread] DEBUG MainWindow           - Scaled ratio: (1.0, 1.0)
22:07:17.335 [JavaFX Application Thread] DEBUG MainWindow           - Scene size: 840.0 x 650.0
22:07:17.335 [JavaFX Application Thread] DEBUG MainWindow           - Stage size: 856.0 x 689.0
22:07:17.342 [FXGL Background Thread 1 ] DEBUG Engine               - Initializing environment variables
22:07:17.362 [FXGL Background Thread 1 ] DEBUG WindowService        - Applying CSS: fxgl_dark.css
22:07:17.362 [FXGL Background Thread 1 ] DEBUG AssetLoaderService   - Loading from file system: /assets/ui/css/fxgl_dark.css
22:07:17.396 [FXGL Background Thread 1 ] DEBUG WindowService        - Initializing application scenes
22:07:17.424 [FXGL Background Thread 1 ] DEBUG GameWorld            - Game world initialized
22:07:17.457 [FXGL Background Thread 1 ] DEBUG PhysicsWorld         - Physics world initialized: appHeight=650, physics.ppm=50.0
22:07:17.459 [FXGL Background Thread 1 ] DEBUG GameScene            - Game scene initialized: 840x650
22:07:17.485 [FXGL Background Thread 1 ] DEBUG AssetLoaderService   - Loading from file system: /assets/textures/particles/trace_horizontal.png
22:07:17.529 [FXGL Background Thread 1 ] DEBUG FXGL.DefaultMenu     - createMenuBodyGameMenu()
22:07:17.544 [FXGL Background Thread 1 ] DEBUG FXGL.DefaultMenu     - createOptionsMenu()
22:07:17.548 [FXGL Background Thread 1 ] DEBUG AssetLoaderService   - Loading from file system: /assets/textures/particles/smoke.png
22:07:17.588 [FXGL Background Thread 1 ] DEBUG WindowService        - Application scenes initialized
22:07:17.597 [FXGL Background Thread 1 ] DEBUG SystemBundleService  - Loading FXGL system data
22:07:17.600 [FXGL Background Thread 1 ] DEBUG FileSystemAccess     - Reading from: E:\secondYear\Java\NewfoundlandRacer\system\fxgl.bundle
22:07:17.605 [FXGL Background Thread 1 ] DEBUG SystemBundleService  - Bundle FXGL: {}
22:07:17.605 [FXGL Background Thread 1 ] INFO  Engine               - FXGL initialization took: 0.262 sec
22:07:17.606 [FXGL Background Thread 1 ] DEBUG GameApplication      - Loading localizations
22:07:17.607 [FXGL Background Thread 1 ] DEBUG AssetLoaderService   - Loading from file system: /assets/languages/english.lang
22:07:17.614 [FXGL Background Thread 1 ] DEBUG AssetLoaderService   - Loading from file system: /assets/languages/french.lang
22:07:17.616 [FXGL Background Thread 1 ] DEBUG AssetLoaderService   - Loading from file system: /assets/languages/german.lang
22:07:17.617 [FXGL Background Thread 1 ] DEBUG AssetLoaderService   - Loading from file system: /assets/languages/hungarian.lang
22:07:17.620 [FXGL Background Thread 1 ] DEBUG AssetLoaderService   - Loading from file system: /assets/languages/russian.lang
22:07:17.622 [FXGL Background Thread 1 ] DEBUG GameApplication      - Registering font factories with UI factory
22:07:17.623 [FXGL Background Thread 1 ] DEBUG AssetLoaderService   - Loading from file system: /assets/ui/fonts/VarelaRound-Regular.ttf
22:07:17.657 [FXGL Background Thread 1 ] DEBUG AssetLoaderService   - Loading from file system: /assets/ui/fonts/Abel-Regular.ttf
22:07:17.660 [FXGL Background Thread 1 ] DEBUG AssetLoaderService   - Loading from file system: /assets/ui/fonts/lucida_console.ttf
22:07:17.664 [FXGL Background Thread 1 ] DEBUG AssetLoaderService   - Loading from file system: /assets/ui/fonts/Courier-Prime.ttf
22:07:17.678 [JavaFX Application Thread] DEBUG Input                - Registered new binding: Move Right - D
22:07:17.678 [JavaFX Application Thread] DEBUG Input                - Registered new binding: Move Left - A
22:07:17.678 [JavaFX Application Thread] DEBUG Input                - Registered new binding: Move Up - W
22:07:17.679 [JavaFX Application Thread] DEBUG Input                - Registered new binding: Move Down - S
22:07:17.679 [JavaFX Application Thread] DEBUG AssetLoaderService   - Loading from file system: /assets/textures/fxgl_icon.png
22:07:17.693 [JavaFX Application Thread] DEBUG AssetLoaderService   - Loading from file system: /assets/ui/cursors/fxgl_default.png
22:07:17.695 [JavaFX Application Thread] DEBUG Input                - Registered new binding: Screenshot - P
22:07:17.696 [JavaFX Application Thread] DEBUG Input                - Registered new binding: System info dump - CTRL+9
22:07:17.696 [JavaFX Application Thread] DEBUG Input                - Registered new binding: Restart - CTRL+R
22:07:17.697 [JavaFX Application Thread] DEBUG LoopRunner           - Starting loop
22:07:17.706 [JavaFX Application Thread] DEBUG FXGLStartupScene     - STARTUP
22:07:17.707 [JavaFX Application Thread] DEBUG Input                - Clearing active input actions
22:07:17.713 [JavaFX Application Thread] DEBUG WindowService        - Removing overlay from FXGLStartupScene and adding to 
22:07:17.713 [JavaFX Application Thread] DEBUG MainWindow           - FXGLStartupScene -> 
22:07:17.713 [JavaFX Application Thread] DEBUG MainWindow           - Push state: NewfoundlandRacerMainMenu
22:07:17.713 [JavaFX Application Thread] DEBUG Input                - Clearing active input actions
22:07:17.717 [JavaFX Application Thread] DEBUG WindowService        - Removing overlay from  and adding to NewfoundlandRacerMainMenu
22:07:17.717 [JavaFX Application Thread] DEBUG MainWindow           -  -> NewfoundlandRacerMainMenu
22:07:18.392 [JavaFX Application Thread] DEBUG Menu                 - fireNewGame()
22:07:18.393 [JavaFX Application Thread] DEBUG WindowService        - Starting new game
22:07:18.393 [JavaFX Application Thread] DEBUG MainWindow           - Pop state: NewfoundlandRacerMainMenu
22:07:18.393 [JavaFX Application Thread] DEBUG Input                - Clearing active input actions
22:07:18.393 [JavaFX Application Thread] DEBUG WindowService        - Removing overlay from NewfoundlandRacerMainMenu and adding to 
22:07:18.393 [JavaFX Application Thread] DEBUG MainWindow           -  <- NewfoundlandRacerMainMenu
22:07:18.394 [JavaFX Application Thread] DEBUG Input                - Clearing active input actions
22:07:18.400 [JavaFX Application Thread] DEBUG WindowService        - Removing overlay from  and adding to FXGLLoadingScene
22:07:18.400 [JavaFX Application Thread] DEBUG MainWindow           -  -> FXGLLoadingScene
22:07:18.400 [JavaFX Application Thread] DEBUG WindowService        - Clearing previous game
22:07:18.400 [JavaFX Application Thread] DEBUG GameScene            - Clearing game scene
22:07:18.400 [JavaFX Application Thread] DEBUG GameWorld            - Clearing game world
22:07:18.400 [JavaFX Application Thread] DEBUG PhysicsWorld         - Clearing physics world
22:07:18.402 [FXGL Background Thread 1 ] DEBUG GameApplication      - Initializing game
22:07:18.408 [FXGL Background Thread 1 ] DEBUG AssetLoaderService   - Loading from file system: /assets/textures/4lanehighway.png
22:07:18.473 [FXGL Background Thread 1 ] DEBUG AssetLoaderService   - Loading from file system: /assets/textures/player.png
22:07:18.488 [FXGL Background Thread 1 ] INFO  GameApplication      - Game initialization took: 0.087 sec
22:07:18.502 [JavaFX Application Thread] DEBUG Input                - Clearing active input actions
22:07:18.509 [JavaFX Application Thread] DEBUG WindowService        - Removing overlay from FXGLLoadingScene and adding to GameScene
22:07:18.509 [JavaFX Application Thread] DEBUG MainWindow           - FXGLLoadingScene -> GameScene
22:07:18.983 [JavaFX Application Thread] DEBUG AssetLoaderService   - Loading from file system: /assets/textures/driver4.png
22:07:19.462 [JavaFX Application Thread] DEBUG AssetLoaderService   - Loading from cache: /assets/textures/driver4.png
22:07:19.974 [JavaFX Application Thread] DEBUG AssetLoaderService   - Loading from cache: /assets/textures/driver4.png
22:07:20.454 [JavaFX Application Thread] DEBUG AssetLoaderService   - Loading from file system: /assets/textures/cowmoosespriterunning.png
22:07:20.485 [JavaFX Application Thread] DEBUG AssetLoaderService   - Loading from file system: /assets/textures/driver0.png
22:07:20.608 [FXGL Background Thread 2 ] DEBUG Engine               - Logging environment variables
22:07:20.608 [FXGL Background Thread 2 ] DEBUG Engine               - achievements: []
22:07:20.608 [FXGL Background Thread 2 ] DEBUG Engine               - appIcon: fxgl_icon.png
22:07:20.609 [FXGL Background Thread 2 ] DEBUG Engine               - applicationMode: DEVELOPER
22:07:20.609 [FXGL Background Thread 2 ] DEBUG Engine               - cSSList: [fxgl_dark.css]
22:07:20.609 [FXGL Background Thread 2 ] DEBUG Engine               - configClass: Optional.empty
22:07:20.609 [FXGL Background Thread 2 ] DEBUG Engine               - credits: []
22:07:20.609 [FXGL Background Thread 2 ] DEBUG Engine               - devBBoxColorProperty: ObjectProperty [value: 0xff0000ff]
22:07:20.609 [FXGL Background Thread 2 ] DEBUG Engine               - devSensorColorProperty: ObjectProperty [value: 0xffff00ff]
22:07:20.610 [FXGL Background Thread 2 ] DEBUG Engine               - devShowBBoxProperty: BooleanProperty [value: false]
22:07:20.610 [FXGL Background Thread 2 ] DEBUG Engine               - devShowPositionProperty: BooleanProperty [value: false]
22:07:20.610 [FXGL Background Thread 2 ] DEBUG Engine               - enabledMenuItems: []
22:07:20.610 [FXGL Background Thread 2 ] DEBUG Engine               - engineServices: [class com.almasb.fxgl.app.GameApplication$GameApplicationService, class com.almasb.fxgl.app.services.WindowService, class com.almasb.fxgl.app.services.FXGLDialogService, class com.almasb.fxgl.app.services.IOTaskExecutorService, class com.almasb.fxgl.event.EventBusService, class com.almasb.fxgl.io.FileSystemService, class com.almasb.fxgl.localization.LocalizationService, class com.almasb.fxgl.app.services.AssetLoaderService, class com.almasb.fxgl.app.services.SystemBundleService, class com.almasb.fxgl.profile.SaveLoadService, class com.almasb.fxgl.ui.FXGLUIFactoryServiceProvider, class com.almasb.fxgl.ui.FXGLDialogFactoryServiceProvider, class com.almasb.fxgl.audio.AudioPlayer, class com.almasb.fxgl.notification.impl.NotificationServiceProvider, class com.almasb.fxgl.achievement.AchievementService, class com.almasb.fxgl.cutscene.CutsceneService, class com.almasb.fxgl.minigames.MiniGameService, class com.almasb.fxgl.net.NetService, class com.almasb.fxgl.app.services.UpdaterService, class com.almasb.fxgl.dev.DevService]
22:07:20.611 [FXGL Background Thread 2 ] DEBUG Engine               - fontGame: Abel-Regular.ttf
22:07:20.611 [FXGL Background Thread 2 ] DEBUG Engine               - fontMono: lucida_console.ttf
22:07:20.611 [FXGL Background Thread 2 ] DEBUG Engine               - fontText: Courier-Prime.ttf
22:07:20.611 [FXGL Background Thread 2 ] DEBUG Engine               - fontUI: VarelaRound-Regular.ttf
22:07:20.611 [FXGL Background Thread 2 ] DEBUG Engine               - fullScreen: BooleanProperty [value: false]
22:07:20.611 [FXGL Background Thread 2 ] DEBUG Engine               - gameDifficulty: MEDIUM
22:07:20.611 [FXGL Background Thread 2 ] DEBUG Engine               - gameDifficultyProperty: ObjectProperty [value: MEDIUM]
22:07:20.611 [FXGL Background Thread 2 ] DEBUG Engine               - globalMusicVolume: 0.5
22:07:20.612 [FXGL Background Thread 2 ] DEBUG Engine               - globalMusicVolumeProperty: DoubleProperty [value: 0.5]
22:07:20.612 [FXGL Background Thread 2 ] DEBUG Engine               - globalSoundVolume: 0.5
22:07:20.612 [FXGL Background Thread 2 ] DEBUG Engine               - globalSoundVolumeProperty: DoubleProperty [value: 0.5]
22:07:20.612 [FXGL Background Thread 2 ] DEBUG Engine               - height: 650
22:07:20.612 [FXGL Background Thread 2 ] DEBUG Engine               - isAndroid: false
22:07:20.612 [FXGL Background Thread 2 ] DEBUG Engine               - isBrowser: false
22:07:20.613 [FXGL Background Thread 2 ] DEBUG Engine               - isClickFeedbackEnabled: false
22:07:20.613 [FXGL Background Thread 2 ] DEBUG Engine               - isCloseConfirmation: false
22:07:20.613 [FXGL Background Thread 2 ] DEBUG Engine               - isDesktop: true
22:07:20.613 [FXGL Background Thread 2 ] DEBUG Engine               - isDeveloperMenuEnabled: false
22:07:20.613 [FXGL Background Thread 2 ] DEBUG Engine               - isExperimentalNative: false
22:07:20.613 [FXGL Background Thread 2 ] DEBUG Engine               - isExperimentalTiledLargeMap: false
22:07:20.613 [FXGL Background Thread 2 ] DEBUG Engine               - isFullScreenAllowed: false
22:07:20.613 [FXGL Background Thread 2 ] DEBUG Engine               - isFullScreenFromStart: false
22:07:20.613 [FXGL Background Thread 2 ] DEBUG Engine               - isGameMenuEnabled: true
22:07:20.614 [FXGL Background Thread 2 ] DEBUG Engine               - isIOS: false
22:07:20.614 [FXGL Background Thread 2 ] DEBUG Engine               - isIntroEnabled: false
22:07:20.614 [FXGL Background Thread 2 ] DEBUG Engine               - isLinux: false
22:07:20.614 [FXGL Background Thread 2 ] DEBUG Engine               - isMac: false
22:07:20.614 [FXGL Background Thread 2 ] DEBUG Engine               - isMainMenuEnabled: true
22:07:20.614 [FXGL Background Thread 2 ] DEBUG Engine               - isManualResizeEnabled: false
22:07:20.614 [FXGL Background Thread 2 ] DEBUG Engine               - isMobile: false
22:07:20.614 [FXGL Background Thread 2 ] DEBUG Engine               - isPreserveResizeRatio: false
22:07:20.614 [FXGL Background Thread 2 ] DEBUG Engine               - isProfilingEnabled: false
22:07:20.614 [FXGL Background Thread 2 ] DEBUG Engine               - isSingleStep: false
22:07:20.614 [FXGL Background Thread 2 ] DEBUG Engine               - isUserProfileEnabled: false
22:07:20.614 [FXGL Background Thread 2 ] DEBUG Engine               - isWindows: true
22:07:20.614 [FXGL Background Thread 2 ] DEBUG Engine               - language: ObjectProperty [value: ENGLISH]
22:07:20.614 [FXGL Background Thread 2 ] DEBUG Engine               - mainWindow: com.almasb.fxgl.app.MainWindow@1d085c36
22:07:20.614 [FXGL Background Thread 2 ] DEBUG Engine               - menuKey: ESCAPE
22:07:20.614 [FXGL Background Thread 2 ] DEBUG Engine               - notificationViewClass: class com.almasb.fxgl.notification.view.XboxNotificationView
22:07:20.614 [FXGL Background Thread 2 ] DEBUG Engine               - pixelsPerMeter: 50.0
22:07:20.614 [FXGL Background Thread 2 ] DEBUG Engine               - platform: WINDOWS
22:07:20.614 [FXGL Background Thread 2 ] DEBUG Engine               - profileDir: profiles/
22:07:20.615 [FXGL Background Thread 2 ] DEBUG Engine               - profileName: StringProperty [value: DEFAULT]
22:07:20.615 [FXGL Background Thread 2 ] DEBUG Engine               - randomSeed: -1
22:07:20.615 [FXGL Background Thread 2 ] DEBUG Engine               - runtimeInfo: RuntimeInfo(platform=WINDOWS, version=11.9, build=27.05.2020 17.06)
22:07:20.615 [FXGL Background Thread 2 ] DEBUG Engine               - saveFileExt: sav
22:07:20.615 [FXGL Background Thread 2 ] DEBUG Engine               - sceneFactory: MooseGame.NewfoundRacerApp$1@580ad1f3
22:07:20.615 [FXGL Background Thread 2 ] DEBUG Engine               - secondsIn24h: 60
22:07:20.615 [FXGL Background Thread 2 ] DEBUG Engine               - settings: Title: Newfoundland Moose Collision
Version: 0.1
Width: 840
Height: 650
Fullscreen: false
Intro: false
Profiling: false
Single step:false
App Mode: DEVELOPER
Menu Key: ESCAPE
Stage Style: DECORATED
Scene Factory: class MooseGame.NewfoundRacerApp$1

22:07:20.615 [FXGL Background Thread 2 ] DEBUG Engine               - soundMenuBack: menu/back.wav
22:07:20.615 [FXGL Background Thread 2 ] DEBUG Engine               - soundMenuPress: menu/press.wav
22:07:20.615 [FXGL Background Thread 2 ] DEBUG Engine               - soundMenuSelect: menu/select.wav
22:07:20.615 [FXGL Background Thread 2 ] DEBUG Engine               - soundNotification: core/notification.wav
22:07:20.615 [FXGL Background Thread 2 ] DEBUG Engine               - stageStyle: DECORATED
22:07:20.615 [FXGL Background Thread 2 ] DEBUG Engine               - supportedLanguages: [ENGLISH, FRENCH, GERMAN, HUNGARIAN, RUSSIAN]
22:07:20.615 [FXGL Background Thread 2 ] DEBUG Engine               - title: Newfoundland Moose Collision
22:07:20.615 [FXGL Background Thread 2 ] DEBUG Engine               - urlGithub: https://github.com/AlmasB/FXGL
22:07:20.615 [FXGL Background Thread 2 ] DEBUG Engine               - urlLeaderboard: http://fxgl-top.herokuapp.com/
22:07:20.615 [FXGL Background Thread 2 ] DEBUG Engine               - urlPOM: https://raw.githubusercontent.com/AlmasB/FXGL/master/pom.xml
22:07:20.615 [FXGL Background Thread 2 ] DEBUG Engine               - version: 0.1
22:07:20.615 [FXGL Background Thread 2 ] DEBUG Engine               - versionCheckDays: 7
22:07:20.615 [FXGL Background Thread 2 ] DEBUG Engine               - width: 840
22:07:20.615 [FXGL Background Thread 2 ] DEBUG Engine               - Logging services
22:07:20.615 [FXGL Background Thread 2 ] DEBUG Engine               - class com.almasb.fxgl.app.GameApplication$GameApplicationService
22:07:20.615 [FXGL Background Thread 2 ] DEBUG Engine               - class com.almasb.fxgl.app.services.WindowService
22:07:20.616 [FXGL Background Thread 2 ] DEBUG Engine               - class com.almasb.fxgl.app.services.FXGLDialogService
22:07:20.616 [FXGL Background Thread 2 ] DEBUG Engine               - class com.almasb.fxgl.app.services.IOTaskExecutorService
22:07:20.616 [FXGL Background Thread 2 ] DEBUG Engine               - class com.almasb.fxgl.event.EventBusService
22:07:20.616 [FXGL Background Thread 2 ] DEBUG Engine               - class com.almasb.fxgl.io.FileSystemService
22:07:20.616 [FXGL Background Thread 2 ] DEBUG Engine               - class com.almasb.fxgl.localization.LocalizationService
22:07:20.616 [FXGL Background Thread 2 ] DEBUG Engine               - class com.almasb.fxgl.app.services.AssetLoaderService
22:07:20.616 [FXGL Background Thread 2 ] DEBUG Engine               - class com.almasb.fxgl.app.services.SystemBundleService
22:07:20.616 [FXGL Background Thread 2 ] DEBUG Engine               - class com.almasb.fxgl.profile.SaveLoadService
22:07:20.616 [FXGL Background Thread 2 ] DEBUG Engine               - class com.almasb.fxgl.ui.FXGLUIFactoryServiceProvider
22:07:20.616 [FXGL Background Thread 2 ] DEBUG Engine               - class com.almasb.fxgl.ui.FXGLDialogFactoryServiceProvider
22:07:20.616 [FXGL Background Thread 2 ] DEBUG Engine               - class com.almasb.fxgl.audio.AudioPlayer
22:07:20.616 [FXGL Background Thread 2 ] DEBUG Engine               - class com.almasb.fxgl.notification.impl.NotificationServiceProvider
22:07:20.616 [FXGL Background Thread 2 ] DEBUG Engine               - class com.almasb.fxgl.achievement.AchievementService
22:07:20.616 [FXGL Background Thread 2 ] DEBUG Engine               - class com.almasb.fxgl.cutscene.CutsceneService
22:07:20.616 [FXGL Background Thread 2 ] DEBUG Engine               - class com.almasb.fxgl.minigames.MiniGameService
22:07:20.616 [FXGL Background Thread 2 ] DEBUG Engine               - class com.almasb.fxgl.net.NetService
22:07:20.616 [FXGL Background Thread 2 ] DEBUG Engine               - class com.almasb.fxgl.app.services.UpdaterService
22:07:20.616 [FXGL Background Thread 2 ] DEBUG Engine               - class com.almasb.fxgl.dev.DevService
22:07:21.013 [JavaFX Application Thread] DEBUG AssetLoaderService   - Loading from file system: /assets/textures/driver2.png
22:07:21.526 [JavaFX Application Thread] DEBUG AssetLoaderService   - Loading from file system: /assets/textures/driver1.png
22:07:22.038 [JavaFX Application Thread] DEBUG AssetLoaderService   - Loading from cache: /assets/textures/driver4.png
22:07:22.470 [JavaFX Application Thread] DEBUG AssetLoaderService   - Loading from cache: /assets/textures/cowmoosespriterunning.png
22:07:22.566 [JavaFX Application Thread] DEBUG AssetLoaderService   - Loading from cache: /assets/textures/driver4.png
22:07:23.079 [JavaFX Application Thread] DEBUG AssetLoaderService   - Loading from file system: /assets/textures/driver3.png
22:07:23.590 [JavaFX Application Thread] DEBUG AssetLoaderService   - Loading from cache: /assets/textures/driver1.png
22:07:24.103 [JavaFX Application Thread] DEBUG AssetLoaderService   - Loading from cache: /assets/textures/driver2.png
22:07:24.486 [JavaFX Application Thread] DEBUG AssetLoaderService   - Loading from cache: /assets/textures/cowmoosespriterunning.png
22:07:24.630 [JavaFX Application Thread] DEBUG AssetLoaderService   - Loading from cache: /assets/textures/driver3.png
22:07:25.142 [JavaFX Application Thread] DEBUG AssetLoaderService   - Loading from cache: /assets/textures/driver4.png
22:07:25.653 [JavaFX Application Thread] DEBUG AssetLoaderService   - Loading from cache: /assets/textures/driver3.png
22:07:26.182 [JavaFX Application Thread] DEBUG AssetLoaderService   - Loading from cache: /assets/textures/driver0.png
22:07:26.502 [JavaFX Application Thread] DEBUG AssetLoaderService   - Loading from cache: /assets/textures/cowmoosespriterunning.png
22:07:26.678 [JavaFX Application Thread] DEBUG AssetLoaderService   - Loading from cache: /assets/textures/driver1.png
22:07:27.174 [JavaFX Application Thread] DEBUG AssetLoaderService   - Loading from cache: /assets/textures/driver3.png
22:07:27.670 [JavaFX Application Thread] DEBUG AssetLoaderService   - Loading from cache: /assets/textures/driver2.png
22:07:28.183 [JavaFX Application Thread] DEBUG AssetLoaderService   - Loading from cache: /assets/textures/driver2.png
22:07:28.438 [JavaFX Application Thread] DEBUG AssetLoaderService   - Loading from file system: /assets/textures/coin.png
22:07:28.502 [JavaFX Application Thread] DEBUG AssetLoaderService   - Loading from cache: /assets/textures/cowmoosespriterunning.png
22:07:28.677 [JavaFX Application Thread] DEBUG AssetLoaderService   - Loading from cache: /assets/textures/driver2.png
22:07:29.174 [JavaFX Application Thread] DEBUG AssetLoaderService   - Loading from cache: /assets/textures/driver4.png
22:07:29.671 [JavaFX Application Thread] DEBUG AssetLoaderService   - Loading from cache: /assets/textures/driver0.png
22:07:30.183 [JavaFX Application Thread] DEBUG AssetLoaderService   - Loading from cache: /assets/textures/driver0.png
22:07:30.502 [JavaFX Application Thread] DEBUG AssetLoaderService   - Loading from cache: /assets/textures/cowmoosespriterunning.png
22:07:30.678 [JavaFX Application Thread] DEBUG AssetLoaderService   - Loading from cache: /assets/textures/driver1.png
22:07:31.175 [JavaFX Application Thread] DEBUG AssetLoaderService   - Loading from cache: /assets/textures/driver2.png
22:07:31.669 [JavaFX Application Thread] DEBUG AssetLoaderService   - Loading from cache: /assets/textures/driver2.png
22:07:32.182 [JavaFX Application Thread] DEBUG AssetLoaderService   - Loading from cache: /assets/textures/driver0.png
22:07:32.502 [JavaFX Application Thread] DEBUG AssetLoaderService   - Loading from cache: /assets/textures/cowmoosespriterunning.png
22:07:32.679 [JavaFX Application Thread] DEBUG AssetLoaderService   - Loading from cache: /assets/textures/driver4.png
22:07:33.175 [JavaFX Application Thread] DEBUG AssetLoaderService   - Loading from cache: /assets/textures/driver1.png
22:07:33.687 [JavaFX Application Thread] DEBUG AssetLoaderService   - Loading from cache: /assets/textures/driver0.png
22:07:34.182 [JavaFX Application Thread] DEBUG AssetLoaderService   - Loading from cache: /assets/textures/driver4.png
22:07:34.517 [JavaFX Application Thread] DEBUG AssetLoaderService   - Loading from cache: /assets/textures/cowmoosespriterunning.png
22:07:34.694 [JavaFX Application Thread] DEBUG AssetLoaderService   - Loading from cache: /assets/textures/driver0.png
22:07:35.206 [JavaFX Application Thread] DEBUG AssetLoaderService   - Loading from cache: /assets/textures/driver3.png
22:07:35.735 [JavaFX Application Thread] DEBUG AssetLoaderService   - Loading from cache: /assets/textures/driver1.png
22:07:36.245 [JavaFX Application Thread] DEBUG AssetLoaderService   - Loading from cache: /assets/textures/driver2.png
22:07:36.534 [JavaFX Application Thread] DEBUG AssetLoaderService   - Loading from cache: /assets/textures/cowmoosespriterunning.png
22:07:36.759 [JavaFX Application Thread] DEBUG AssetLoaderService   - Loading from cache: /assets/textures/driver1.png
22:07:37.285 [JavaFX Application Thread] DEBUG AssetLoaderService   - Loading from cache: /assets/textures/driver3.png
22:07:37.799 [JavaFX Application Thread] DEBUG AssetLoaderService   - Loading from cache: /assets/textures/driver3.png
22:07:38.310 [JavaFX Application Thread] DEBUG AssetLoaderService   - Loading from cache: /assets/textures/driver4.png
22:07:38.438 [JavaFX Application Thread] DEBUG AssetLoaderService   - Loading from cache: /assets/textures/coin.png
22:07:38.550 [JavaFX Application Thread] DEBUG AssetLoaderService   - Loading from cache: /assets/textures/cowmoosespriterunning.png
22:07:38.823 [JavaFX Application Thread] DEBUG AssetLoaderService   - Loading from cache: /assets/textures/driver1.png
22:07:39.351 [JavaFX Application Thread] DEBUG AssetLoaderService   - Loading from cache: /assets/textures/driver3.png
22:07:39.862 [JavaFX Application Thread] DEBUG AssetLoaderService   - Loading from cache: /assets/textures/driver2.png
22:07:40.375 [JavaFX Application Thread] DEBUG AssetLoaderService   - Loading from cache: /assets/textures/driver4.png
22:07:40.566 [JavaFX Application Thread] DEBUG AssetLoaderService   - Loading from cache: /assets/textures/cowmoosespriterunning.png
22:07:40.887 [JavaFX Application Thread] DEBUG AssetLoaderService   - Loading from cache: /assets/textures/driver2.png
22:07:41.414 [JavaFX Application Thread] DEBUG AssetLoaderService   - Loading from cache: /assets/textures/driver1.png
22:07:41.926 [JavaFX Application Thread] DEBUG AssetLoaderService   - Loading from cache: /assets/textures/driver2.png
22:07:42.438 [JavaFX Application Thread] DEBUG AssetLoaderService   - Loading from cache: /assets/textures/driver0.png
22:07:42.583 [JavaFX Application Thread] DEBUG AssetLoaderService   - Loading from cache: /assets/textures/cowmoosespriterunning.png
22:07:42.967 [JavaFX Application Thread] DEBUG AssetLoaderService   - Loading from cache: /assets/textures/driver2.png
22:07:43.479 [JavaFX Application Thread] DEBUG AssetLoaderService   - Loading from cache: /assets/textures/driver3.png
22:07:43.990 [JavaFX Application Thread] DEBUG AssetLoaderService   - Loading from cache: /assets/textures/driver2.png
22:07:44.518 [JavaFX Application Thread] DEBUG AssetLoaderService   - Loading from cache: /assets/textures/driver1.png
22:07:44.598 [JavaFX Application Thread] DEBUG AssetLoaderService   - Loading from cache: /assets/textures/cowmoosespriterunning.png
22:07:45.030 [JavaFX Application Thread] DEBUG AssetLoaderService   - Loading from cache: /assets/textures/driver2.png
22:07:45.542 [JavaFX Application Thread] DEBUG AssetLoaderService   - Loading from cache: /assets/textures/driver3.png
22:07:46.054 [JavaFX Application Thread] DEBUG AssetLoaderService   - Loading from cache: /assets/textures/driver1.png
22:07:46.582 [JavaFX Application Thread] DEBUG AssetLoaderService   - Loading from cache: /assets/textures/driver3.png
22:07:46.615 [JavaFX Application Thread] DEBUG AssetLoaderService   - Loading from cache: /assets/textures/cowmoosespriterunning.png
22:07:47.093 [JavaFX Application Thread] DEBUG AssetLoaderService   - Loading from cache: /assets/textures/driver2.png
22:07:47.607 [JavaFX Application Thread] DEBUG AssetLoaderService   - Loading from cache: /assets/textures/driver2.png
22:07:48.133 [JavaFX Application Thread] DEBUG AssetLoaderService   - Loading from cache: /assets/textures/driver1.png
22:07:48.455 [JavaFX Application Thread] DEBUG AssetLoaderService   - Loading from cache: /assets/textures/coin.png
22:07:48.630 [JavaFX Application Thread] DEBUG AssetLoaderService   - Loading from cache: /assets/textures/cowmoosespriterunning.png
22:07:48.647 [JavaFX Application Thread] DEBUG AssetLoaderService   - Loading from cache: /assets/textures/driver3.png
22:07:49.158 [JavaFX Application Thread] DEBUG AssetLoaderService   - Loading from cache: /assets/textures/driver4.png
22:07:49.687 [JavaFX Application Thread] DEBUG AssetLoaderService   - Loading from cache: /assets/textures/driver2.png
22:07:50.199 [JavaFX Application Thread] DEBUG AssetLoaderService   - Loading from cache: /assets/textures/driver2.png
22:07:50.646 [JavaFX Application Thread] DEBUG AssetLoaderService   - Loading from cache: /assets/textures/cowmoosespriterunning.png
22:07:50.711 [JavaFX Application Thread] DEBUG AssetLoaderService   - Loading from cache: /assets/textures/driver1.png
22:07:51.222 [JavaFX Application Thread] DEBUG AssetLoaderService   - Loading from cache: /assets/textures/driver3.png
22:07:51.750 [JavaFX Application Thread] DEBUG AssetLoaderService   - Loading from cache: /assets/textures/driver0.png
22:07:52.262 [JavaFX Application Thread] DEBUG AssetLoaderService   - Loading from cache: /assets/textures/driver4.png
22:07:52.662 [JavaFX Application Thread] DEBUG AssetLoaderService   - Loading from cache: /assets/textures/cowmoosespriterunning.png
22:07:52.774 [JavaFX Application Thread] DEBUG AssetLoaderService   - Loading from cache: /assets/textures/driver3.png
22:07:53.303 [JavaFX Application Thread] DEBUG AssetLoaderService   - Loading from cache: /assets/textures/driver3.png
22:07:53.814 [JavaFX Application Thread] DEBUG AssetLoaderService   - Loading from cache: /assets/textures/driver2.png
22:07:54.326 [JavaFX Application Thread] DEBUG AssetLoaderService   - Loading from cache: /assets/textures/driver1.png
22:07:54.678 [JavaFX Application Thread] DEBUG AssetLoaderService   - Loading from cache: /assets/textures/cowmoosespriterunning.png
22:07:54.838 [JavaFX Application Thread] DEBUG AssetLoaderService   - Loading from cache: /assets/textures/driver1.png
22:07:55.367 [JavaFX Application Thread] DEBUG AssetLoaderService   - Loading from cache: /assets/textures/driver1.png
22:07:55.878 [JavaFX Application Thread] DEBUG AssetLoaderService   - Loading from cache: /assets/textures/driver0.png
22:07:56.390 [JavaFX Application Thread] DEBUG AssetLoaderService   - Loading from cache: /assets/textures/driver2.png
22:07:56.694 [JavaFX Application Thread] DEBUG AssetLoaderService   - Loading from cache: /assets/textures/cowmoosespriterunning.png
22:07:56.918 [JavaFX Application Thread] DEBUG AssetLoaderService   - Loading from cache: /assets/textures/driver4.png
22:07:57.431 [JavaFX Application Thread] DEBUG AssetLoaderService   - Loading from cache: /assets/textures/driver2.png
22:07:57.942 [JavaFX Application Thread] DEBUG AssetLoaderService   - Loading from cache: /assets/textures/driver0.png
22:07:58.454 [JavaFX Application Thread] DEBUG AssetLoaderService   - Loading from cache: /assets/textures/driver4.png
22:07:58.486 [JavaFX Application Thread] DEBUG AssetLoaderService   - Loading from cache: /assets/textures/coin.png
22:07:58.710 [JavaFX Application Thread] DEBUG AssetLoaderService   - Loading from cache: /assets/textures/cowmoosespriterunning.png
22:07:58.982 [JavaFX Application Thread] DEBUG AssetLoaderService   - Loading from cache: /assets/textures/driver1.png
22:07:59.494 [JavaFX Application Thread] DEBUG AssetLoaderService   - Loading from cache: /assets/textures/driver1.png
22:08:00.006 [JavaFX Application Thread] DEBUG AssetLoaderService   - Loading from cache: /assets/textures/driver3.png
22:08:00.534 [JavaFX Application Thread] DEBUG AssetLoaderService   - Loading from cache: /assets/textures/driver2.png
22:08:00.726 [JavaFX Application Thread] DEBUG AssetLoaderService   - Loading from cache: /assets/textures/cowmoosespriterunning.png
22:08:01.046 [JavaFX Application Thread] DEBUG AssetLoaderService   - Loading from cache: /assets/textures/driver2.png
22:08:01.591 [JavaFX Application Thread] DEBUG GameApplication      - Exiting FXGL
22:08:01.591 [JavaFX Application Thread] DEBUG LoopRunner           - Stopping loop
22:08:01.591 [JavaFX Application Thread] DEBUG SystemBundleService  - Saving FXGL system data
22:08:01.592 [JavaFX Application Thread] DEBUG FileSystemAccess     - Writing to: E:\secondYear\Java\NewfoundlandRacer\system\fxgl.bundle
22:08:01.593 [JavaFX Application Thread] DEBUG GameApplication      - Shutting down background threads
22:08:01.594 [JavaFX Application Thread] DEBUG GameApplication      - Closing logger and exiting JavaFX
