22:24:23.666 [main                     ] DEBUG GameApplication      - Logger initialized
22:24:23.670 [main                     ] DEBUG GameApplication      - Logging settings
Title: Newfoundland Moose Collision
Version: 0.1
Width: 840
Height: 650
Fullscreen: false
Intro: false
Profiling: false
Single step:false
App Mode: DEVELOPER
Menu Key: ESCAPE
Stage Style: DECORATED
Scene Factory: class com.almasb.fxgl.app.scene.SceneFactory

22:24:24.071 [JavaFX Application Thread] DEBUG GameApplication      - Initializing FXGL
22:24:24.087 [JavaFX Application Thread] INFO  Engine               - FXGL-11.9 (27.05.2020 17.06) on WINDOWS (J:14.0.1 FX:13.0.2)
22:24:24.087 [JavaFX Application Thread] DEBUG Engine               - JRE Vendor Name: Oracle Corporation
22:24:24.087 [JavaFX Application Thread] DEBUG Engine               - Running on OS: Windows 10 version 10.0
22:24:24.087 [JavaFX Application Thread] DEBUG Engine               - Architecture: amd64
22:24:24.087 [JavaFX Application Thread] INFO  Engine               - Source code and latest versions at: https://github.com/AlmasB/FXGL
22:24:24.087 [JavaFX Application Thread] INFO  Engine               -              Join the FXGL chat at: https://gitter.im/AlmasB/FXGL
22:24:24.207 [JavaFX Application Thread] DEBUG MainWindow           - Creating a JavaFX scene
22:24:24.252 [JavaFX Application Thread] DEBUG MainWindow           - Target settings size: 840.0 x 650.0
22:24:24.252 [JavaFX Application Thread] DEBUG MainWindow           - Scaled scene size:    840.0 x 650.0
22:24:24.252 [JavaFX Application Thread] DEBUG MainWindow           - Scaled ratio: (1.0, 1.0)
22:24:24.254 [JavaFX Application Thread] DEBUG MainWindow           - Set initial scene to FXGLStartupScene
22:24:24.260 [JavaFX Application Thread] DEBUG MainWindow           - Opening main window
22:24:24.342 [JavaFX Application Thread] DEBUG MainWindow           - Window border size: (16.0, 39.0)
22:24:24.342 [JavaFX Application Thread] DEBUG MainWindow           - Scaled size: 840.0 x 650.0
22:24:24.342 [JavaFX Application Thread] DEBUG MainWindow           - Scaled ratio: (1.0, 1.0)
22:24:24.342 [JavaFX Application Thread] DEBUG MainWindow           - Scene size: 840.0 x 650.0
22:24:24.342 [JavaFX Application Thread] DEBUG MainWindow           - Stage size: 856.0 x 689.0
22:24:24.351 [FXGL Background Thread 1 ] DEBUG Engine               - Initializing environment variables
22:24:24.370 [FXGL Background Thread 1 ] DEBUG WindowService        - Applying CSS: fxgl_dark.css
22:24:24.370 [FXGL Background Thread 1 ] DEBUG AssetLoaderService   - Loading from file system: /assets/ui/css/fxgl_dark.css
22:24:24.404 [FXGL Background Thread 1 ] DEBUG WindowService        - Initializing application scenes
22:24:24.432 [FXGL Background Thread 1 ] DEBUG GameWorld            - Game world initialized
22:24:24.470 [FXGL Background Thread 1 ] DEBUG PhysicsWorld         - Physics world initialized: appHeight=650, physics.ppm=50.0
22:24:24.471 [FXGL Background Thread 1 ] DEBUG GameScene            - Game scene initialized: 840x650
22:24:24.496 [FXGL Background Thread 1 ] DEBUG AssetLoaderService   - Loading from file system: /assets/textures/particles/trace_horizontal.png
22:24:24.544 [FXGL Background Thread 1 ] DEBUG FXGL.DefaultMenu     - createMenuBodyGameMenu()
22:24:24.559 [FXGL Background Thread 1 ] DEBUG FXGL.DefaultMenu     - createOptionsMenu()
22:24:24.564 [FXGL Background Thread 1 ] DEBUG AssetLoaderService   - Loading from file system: /assets/textures/particles/smoke.png
22:24:24.602 [FXGL Background Thread 1 ] DEBUG WindowService        - Application scenes initialized
22:24:24.612 [FXGL Background Thread 1 ] DEBUG SystemBundleService  - Loading FXGL system data
22:24:24.615 [FXGL Background Thread 1 ] DEBUG FileSystemAccess     - Reading from: E:\secondYear\Java\NewfoundlandRacer\system\fxgl.bundle
22:24:24.618 [FXGL Background Thread 1 ] DEBUG SystemBundleService  - Bundle FXGL: {}
22:24:24.618 [FXGL Background Thread 1 ] INFO  Engine               - FXGL initialization took: 0.266 sec
22:24:24.620 [FXGL Background Thread 1 ] DEBUG GameApplication      - Loading localizations
22:24:24.620 [FXGL Background Thread 1 ] DEBUG AssetLoaderService   - Loading from file system: /assets/languages/english.lang
22:24:24.627 [FXGL Background Thread 1 ] DEBUG AssetLoaderService   - Loading from file system: /assets/languages/french.lang
22:24:24.629 [FXGL Background Thread 1 ] DEBUG AssetLoaderService   - Loading from file system: /assets/languages/german.lang
22:24:24.630 [FXGL Background Thread 1 ] DEBUG AssetLoaderService   - Loading from file system: /assets/languages/hungarian.lang
22:24:24.633 [FXGL Background Thread 1 ] DEBUG AssetLoaderService   - Loading from file system: /assets/languages/russian.lang
22:24:24.634 [FXGL Background Thread 1 ] DEBUG GameApplication      - Registering font factories with UI factory
22:24:24.634 [FXGL Background Thread 1 ] DEBUG AssetLoaderService   - Loading from file system: /assets/ui/fonts/VarelaRound-Regular.ttf
22:24:24.666 [FXGL Background Thread 1 ] DEBUG AssetLoaderService   - Loading from file system: /assets/ui/fonts/Abel-Regular.ttf
22:24:24.669 [FXGL Background Thread 1 ] DEBUG AssetLoaderService   - Loading from file system: /assets/ui/fonts/lucida_console.ttf
22:24:24.673 [FXGL Background Thread 1 ] DEBUG AssetLoaderService   - Loading from file system: /assets/ui/fonts/Courier-Prime.ttf
22:24:24.683 [JavaFX Application Thread] DEBUG Input                - Registered new binding: Move Right - D
22:24:24.683 [JavaFX Application Thread] DEBUG Input                - Registered new binding: Move Left - A
22:24:24.683 [JavaFX Application Thread] DEBUG Input                - Registered new binding: Move Up - W
22:24:24.683 [JavaFX Application Thread] DEBUG Input                - Registered new binding: Move Down - S
22:24:24.683 [JavaFX Application Thread] DEBUG AssetLoaderService   - Loading from file system: /assets/textures/fxgl_icon.png
22:24:24.704 [JavaFX Application Thread] DEBUG AssetLoaderService   - Loading from file system: /assets/ui/cursors/fxgl_default.png
22:24:24.706 [JavaFX Application Thread] DEBUG Input                - Registered new binding: Screenshot - P
22:24:24.707 [JavaFX Application Thread] DEBUG Input                - Registered new binding: System info dump - CTRL+9
22:24:24.707 [JavaFX Application Thread] DEBUG Input                - Registered new binding: Restart - CTRL+R
22:24:24.707 [JavaFX Application Thread] DEBUG LoopRunner           - Starting loop
22:24:24.715 [JavaFX Application Thread] DEBUG FXGLStartupScene     - STARTUP
22:24:24.715 [JavaFX Application Thread] DEBUG WindowService        - Starting new game
22:24:24.715 [JavaFX Application Thread] DEBUG Input                - Clearing active input actions
22:24:24.724 [JavaFX Application Thread] DEBUG WindowService        - Removing overlay from FXGLStartupScene and adding to FXGLLoadingScene
22:24:24.724 [JavaFX Application Thread] DEBUG MainWindow           - FXGLStartupScene -> FXGLLoadingScene
22:24:24.724 [JavaFX Application Thread] DEBUG WindowService        - Clearing previous game
22:24:24.725 [JavaFX Application Thread] DEBUG GameScene            - Clearing game scene
22:24:24.725 [JavaFX Application Thread] DEBUG GameWorld            - Clearing game world
22:24:24.725 [JavaFX Application Thread] DEBUG PhysicsWorld         - Clearing physics world
22:24:24.726 [FXGL Background Thread 1 ] DEBUG GameApplication      - Initializing game
22:24:24.735 [FXGL Background Thread 1 ] DEBUG AssetLoaderService   - Loading from file system: /assets/textures/4lanehighway.png
22:24:24.809 [FXGL Background Thread 1 ] DEBUG AssetLoaderService   - Loading from file system: /assets/textures/player.png
22:24:24.826 [FXGL Background Thread 1 ] INFO  GameApplication      - Game initialization took: 0.101 sec
22:24:24.843 [JavaFX Application Thread] DEBUG Input                - Clearing active input actions
22:24:24.854 [JavaFX Application Thread] DEBUG WindowService        - Removing overlay from FXGLLoadingScene and adding to GameScene
22:24:24.854 [JavaFX Application Thread] DEBUG MainWindow           - FXGLLoadingScene -> GameScene
22:24:25.031 [JavaFX Application Thread] DEBUG AssetLoaderService   - Loading from file system: /assets/textures/driver.png
22:24:25.239 [JavaFX Application Thread] DEBUG AssetLoaderService   - Loading from cache: /assets/textures/driver.png
22:24:25.449 [JavaFX Application Thread] DEBUG AssetLoaderService   - Loading from cache: /assets/textures/driver.png
22:24:25.640 [JavaFX Application Thread] DEBUG AssetLoaderService   - Loading from cache: /assets/textures/driver.png
22:24:25.831 [JavaFX Application Thread] DEBUG AssetLoaderService   - Loading from cache: /assets/textures/driver.png
22:24:26.055 [JavaFX Application Thread] DEBUG AssetLoaderService   - Loading from cache: /assets/textures/driver.png
22:24:26.263 [JavaFX Application Thread] DEBUG AssetLoaderService   - Loading from cache: /assets/textures/driver.png
22:24:26.487 [JavaFX Application Thread] DEBUG AssetLoaderService   - Loading from cache: /assets/textures/driver.png
22:24:26.712 [JavaFX Application Thread] DEBUG AssetLoaderService   - Loading from cache: /assets/textures/driver.png
22:24:26.919 [JavaFX Application Thread] DEBUG AssetLoaderService   - Loading from cache: /assets/textures/driver.png
22:24:27.142 [JavaFX Application Thread] DEBUG AssetLoaderService   - Loading from cache: /assets/textures/driver.png
22:24:27.351 [JavaFX Application Thread] DEBUG AssetLoaderService   - Loading from cache: /assets/textures/driver.png
22:24:27.575 [JavaFX Application Thread] DEBUG AssetLoaderService   - Loading from cache: /assets/textures/driver.png
22:24:27.620 [FXGL Background Thread 2 ] DEBUG Engine               - Logging environment variables
22:24:27.621 [FXGL Background Thread 2 ] DEBUG Engine               - achievements: []
22:24:27.621 [FXGL Background Thread 2 ] DEBUG Engine               - appIcon: fxgl_icon.png
22:24:27.621 [FXGL Background Thread 2 ] DEBUG Engine               - applicationMode: DEVELOPER
22:24:27.622 [FXGL Background Thread 2 ] DEBUG Engine               - cSSList: [fxgl_dark.css]
22:24:27.622 [FXGL Background Thread 2 ] DEBUG Engine               - configClass: Optional.empty
22:24:27.622 [FXGL Background Thread 2 ] DEBUG Engine               - credits: []
22:24:27.623 [FXGL Background Thread 2 ] DEBUG Engine               - devBBoxColorProperty: ObjectProperty [value: 0xff0000ff]
22:24:27.623 [FXGL Background Thread 2 ] DEBUG Engine               - devSensorColorProperty: ObjectProperty [value: 0xffff00ff]
22:24:27.623 [FXGL Background Thread 2 ] DEBUG Engine               - devShowBBoxProperty: BooleanProperty [value: false]
22:24:27.623 [FXGL Background Thread 2 ] DEBUG Engine               - devShowPositionProperty: BooleanProperty [value: false]
22:24:27.624 [FXGL Background Thread 2 ] DEBUG Engine               - enabledMenuItems: []
22:24:27.624 [FXGL Background Thread 2 ] DEBUG Engine               - engineServices: [class com.almasb.fxgl.app.GameApplication$GameApplicationService, class com.almasb.fxgl.app.services.WindowService, class com.almasb.fxgl.app.services.FXGLDialogService, class com.almasb.fxgl.app.services.IOTaskExecutorService, class com.almasb.fxgl.event.EventBusService, class com.almasb.fxgl.io.FileSystemService, class com.almasb.fxgl.localization.LocalizationService, class com.almasb.fxgl.app.services.AssetLoaderService, class com.almasb.fxgl.app.services.SystemBundleService, class com.almasb.fxgl.profile.SaveLoadService, class com.almasb.fxgl.ui.FXGLUIFactoryServiceProvider, class com.almasb.fxgl.ui.FXGLDialogFactoryServiceProvider, class com.almasb.fxgl.audio.AudioPlayer, class com.almasb.fxgl.notification.impl.NotificationServiceProvider, class com.almasb.fxgl.achievement.AchievementService, class com.almasb.fxgl.cutscene.CutsceneService, class com.almasb.fxgl.minigames.MiniGameService, class com.almasb.fxgl.net.NetService, class com.almasb.fxgl.app.services.UpdaterService, class com.almasb.fxgl.dev.DevService]
22:24:27.625 [FXGL Background Thread 2 ] DEBUG Engine               - fontGame: Abel-Regular.ttf
22:24:27.625 [FXGL Background Thread 2 ] DEBUG Engine               - fontMono: lucida_console.ttf
22:24:27.625 [FXGL Background Thread 2 ] DEBUG Engine               - fontText: Courier-Prime.ttf
22:24:27.625 [FXGL Background Thread 2 ] DEBUG Engine               - fontUI: VarelaRound-Regular.ttf
22:24:27.626 [FXGL Background Thread 2 ] DEBUG Engine               - fullScreen: BooleanProperty [value: false]
22:24:27.626 [FXGL Background Thread 2 ] DEBUG Engine               - gameDifficulty: MEDIUM
22:24:27.626 [FXGL Background Thread 2 ] DEBUG Engine               - gameDifficultyProperty: ObjectProperty [value: MEDIUM]
22:24:27.626 [FXGL Background Thread 2 ] DEBUG Engine               - globalMusicVolume: 0.5
22:24:27.627 [FXGL Background Thread 2 ] DEBUG Engine               - globalMusicVolumeProperty: DoubleProperty [value: 0.5]
22:24:27.627 [FXGL Background Thread 2 ] DEBUG Engine               - globalSoundVolume: 0.5
22:24:27.627 [FXGL Background Thread 2 ] DEBUG Engine               - globalSoundVolumeProperty: DoubleProperty [value: 0.5]
22:24:27.628 [FXGL Background Thread 2 ] DEBUG Engine               - height: 650
22:24:27.628 [FXGL Background Thread 2 ] DEBUG Engine               - isAndroid: false
22:24:27.628 [FXGL Background Thread 2 ] DEBUG Engine               - isBrowser: false
22:24:27.628 [FXGL Background Thread 2 ] DEBUG Engine               - isClickFeedbackEnabled: false
22:24:27.629 [FXGL Background Thread 2 ] DEBUG Engine               - isCloseConfirmation: false
22:24:27.629 [FXGL Background Thread 2 ] DEBUG Engine               - isDesktop: true
22:24:27.629 [FXGL Background Thread 2 ] DEBUG Engine               - isDeveloperMenuEnabled: false
22:24:27.629 [FXGL Background Thread 2 ] DEBUG Engine               - isExperimentalNative: false
22:24:27.630 [FXGL Background Thread 2 ] DEBUG Engine               - isExperimentalTiledLargeMap: false
22:24:27.630 [FXGL Background Thread 2 ] DEBUG Engine               - isFullScreenAllowed: false
22:24:27.630 [FXGL Background Thread 2 ] DEBUG Engine               - isFullScreenFromStart: false
22:24:27.630 [FXGL Background Thread 2 ] DEBUG Engine               - isGameMenuEnabled: true
22:24:27.631 [FXGL Background Thread 2 ] DEBUG Engine               - isIOS: false
22:24:27.631 [FXGL Background Thread 2 ] DEBUG Engine               - isIntroEnabled: false
22:24:27.631 [FXGL Background Thread 2 ] DEBUG Engine               - isLinux: false
22:24:27.631 [FXGL Background Thread 2 ] DEBUG Engine               - isMac: false
22:24:27.632 [FXGL Background Thread 2 ] DEBUG Engine               - isMainMenuEnabled: false
22:24:27.632 [FXGL Background Thread 2 ] DEBUG Engine               - isManualResizeEnabled: false
22:24:27.632 [FXGL Background Thread 2 ] DEBUG Engine               - isMobile: false
22:24:27.632 [FXGL Background Thread 2 ] DEBUG Engine               - isPreserveResizeRatio: false
22:24:27.632 [FXGL Background Thread 2 ] DEBUG Engine               - isProfilingEnabled: false
22:24:27.632 [FXGL Background Thread 2 ] DEBUG Engine               - isSingleStep: false
22:24:27.632 [FXGL Background Thread 2 ] DEBUG Engine               - isUserProfileEnabled: false
22:24:27.632 [FXGL Background Thread 2 ] DEBUG Engine               - isWindows: true
22:24:27.632 [FXGL Background Thread 2 ] DEBUG Engine               - language: ObjectProperty [value: ENGLISH]
22:24:27.633 [FXGL Background Thread 2 ] DEBUG Engine               - mainWindow: com.almasb.fxgl.app.MainWindow@3799bb71
22:24:27.633 [FXGL Background Thread 2 ] DEBUG Engine               - menuKey: ESCAPE
22:24:27.633 [FXGL Background Thread 2 ] DEBUG Engine               - notificationViewClass: class com.almasb.fxgl.notification.view.XboxNotificationView
22:24:27.633 [FXGL Background Thread 2 ] DEBUG Engine               - pixelsPerMeter: 50.0
22:24:27.633 [FXGL Background Thread 2 ] DEBUG Engine               - platform: WINDOWS
22:24:27.633 [FXGL Background Thread 2 ] DEBUG Engine               - profileDir: profiles/
22:24:27.633 [FXGL Background Thread 2 ] DEBUG Engine               - profileName: StringProperty [value: DEFAULT]
22:24:27.634 [FXGL Background Thread 2 ] DEBUG Engine               - randomSeed: -1
22:24:27.634 [FXGL Background Thread 2 ] DEBUG Engine               - runtimeInfo: RuntimeInfo(platform=WINDOWS, version=11.9, build=27.05.2020 17.06)
22:24:27.634 [FXGL Background Thread 2 ] DEBUG Engine               - saveFileExt: sav
22:24:27.634 [FXGL Background Thread 2 ] DEBUG Engine               - sceneFactory: com.almasb.fxgl.app.scene.SceneFactory@729b23e6
22:24:27.634 [FXGL Background Thread 2 ] DEBUG Engine               - secondsIn24h: 60
22:24:27.634 [FXGL Background Thread 2 ] DEBUG Engine               - settings: Title: Newfoundland Moose Collision
Version: 0.1
Width: 840
Height: 650
Fullscreen: false
Intro: false
Profiling: false
Single step:false
App Mode: DEVELOPER
Menu Key: ESCAPE
Stage Style: DECORATED
Scene Factory: class com.almasb.fxgl.app.scene.SceneFactory

22:24:27.634 [FXGL Background Thread 2 ] DEBUG Engine               - soundMenuBack: menu/back.wav
22:24:27.635 [FXGL Background Thread 2 ] DEBUG Engine               - soundMenuPress: menu/press.wav
22:24:27.635 [FXGL Background Thread 2 ] DEBUG Engine               - soundMenuSelect: menu/select.wav
22:24:27.635 [FXGL Background Thread 2 ] DEBUG Engine               - soundNotification: core/notification.wav
22:24:27.635 [FXGL Background Thread 2 ] DEBUG Engine               - stageStyle: DECORATED
22:24:27.635 [FXGL Background Thread 2 ] DEBUG Engine               - supportedLanguages: [ENGLISH, FRENCH, GERMAN, HUNGARIAN, RUSSIAN]
22:24:27.635 [FXGL Background Thread 2 ] DEBUG Engine               - title: Newfoundland Moose Collision
22:24:27.635 [FXGL Background Thread 2 ] DEBUG Engine               - urlGithub: https://github.com/AlmasB/FXGL
22:24:27.635 [FXGL Background Thread 2 ] DEBUG Engine               - urlLeaderboard: http://fxgl-top.herokuapp.com/
22:24:27.636 [FXGL Background Thread 2 ] DEBUG Engine               - urlPOM: https://raw.githubusercontent.com/AlmasB/FXGL/master/pom.xml
22:24:27.636 [FXGL Background Thread 2 ] DEBUG Engine               - version: 0.1
22:24:27.636 [FXGL Background Thread 2 ] DEBUG Engine               - versionCheckDays: 7
22:24:27.636 [FXGL Background Thread 2 ] DEBUG Engine               - width: 840
22:24:27.636 [FXGL Background Thread 2 ] DEBUG Engine               - Logging services
22:24:27.636 [FXGL Background Thread 2 ] DEBUG Engine               - class com.almasb.fxgl.app.GameApplication$GameApplicationService
22:24:27.636 [FXGL Background Thread 2 ] DEBUG Engine               - class com.almasb.fxgl.app.services.WindowService
22:24:27.636 [FXGL Background Thread 2 ] DEBUG Engine               - class com.almasb.fxgl.app.services.FXGLDialogService
22:24:27.637 [FXGL Background Thread 2 ] DEBUG Engine               - class com.almasb.fxgl.app.services.IOTaskExecutorService
22:24:27.637 [FXGL Background Thread 2 ] DEBUG Engine               - class com.almasb.fxgl.event.EventBusService
22:24:27.637 [FXGL Background Thread 2 ] DEBUG Engine               - class com.almasb.fxgl.io.FileSystemService
22:24:27.637 [FXGL Background Thread 2 ] DEBUG Engine               - class com.almasb.fxgl.localization.LocalizationService
22:24:27.637 [FXGL Background Thread 2 ] DEBUG Engine               - class com.almasb.fxgl.app.services.AssetLoaderService
22:24:27.637 [FXGL Background Thread 2 ] DEBUG Engine               - class com.almasb.fxgl.app.services.SystemBundleService
22:24:27.637 [FXGL Background Thread 2 ] DEBUG Engine               - class com.almasb.fxgl.profile.SaveLoadService
22:24:27.637 [FXGL Background Thread 2 ] DEBUG Engine               - class com.almasb.fxgl.ui.FXGLUIFactoryServiceProvider
22:24:27.638 [FXGL Background Thread 2 ] DEBUG Engine               - class com.almasb.fxgl.ui.FXGLDialogFactoryServiceProvider
22:24:27.638 [FXGL Background Thread 2 ] DEBUG Engine               - class com.almasb.fxgl.audio.AudioPlayer
22:24:27.638 [FXGL Background Thread 2 ] DEBUG Engine               - class com.almasb.fxgl.notification.impl.NotificationServiceProvider
22:24:27.638 [FXGL Background Thread 2 ] DEBUG Engine               - class com.almasb.fxgl.achievement.AchievementService
22:24:27.638 [FXGL Background Thread 2 ] DEBUG Engine               - class com.almasb.fxgl.cutscene.CutsceneService
22:24:27.638 [FXGL Background Thread 2 ] DEBUG Engine               - class com.almasb.fxgl.minigames.MiniGameService
22:24:27.638 [FXGL Background Thread 2 ] DEBUG Engine               - class com.almasb.fxgl.net.NetService
22:24:27.638 [FXGL Background Thread 2 ] DEBUG Engine               - class com.almasb.fxgl.app.services.UpdaterService
22:24:27.638 [FXGL Background Thread 2 ] DEBUG Engine               - class com.almasb.fxgl.dev.DevService
22:24:27.783 [JavaFX Application Thread] DEBUG AssetLoaderService   - Loading from cache: /assets/textures/driver.png
22:24:28.006 [JavaFX Application Thread] DEBUG AssetLoaderService   - Loading from cache: /assets/textures/driver.png
22:24:28.214 [JavaFX Application Thread] DEBUG AssetLoaderService   - Loading from cache: /assets/textures/driver.png
22:24:28.439 [JavaFX Application Thread] DEBUG AssetLoaderService   - Loading from cache: /assets/textures/driver.png
22:24:28.646 [JavaFX Application Thread] DEBUG AssetLoaderService   - Loading from cache: /assets/textures/driver.png
22:24:28.871 [JavaFX Application Thread] DEBUG AssetLoaderService   - Loading from cache: /assets/textures/driver.png
22:24:29.079 [JavaFX Application Thread] DEBUG AssetLoaderService   - Loading from cache: /assets/textures/driver.png
22:24:29.303 [JavaFX Application Thread] DEBUG AssetLoaderService   - Loading from cache: /assets/textures/driver.png
22:24:29.511 [JavaFX Application Thread] DEBUG AssetLoaderService   - Loading from cache: /assets/textures/driver.png
22:24:29.734 [JavaFX Application Thread] DEBUG AssetLoaderService   - Loading from cache: /assets/textures/driver.png
22:24:29.960 [JavaFX Application Thread] DEBUG AssetLoaderService   - Loading from cache: /assets/textures/driver.png
22:24:30.166 [JavaFX Application Thread] DEBUG AssetLoaderService   - Loading from cache: /assets/textures/driver.png
22:24:30.391 [JavaFX Application Thread] DEBUG AssetLoaderService   - Loading from cache: /assets/textures/driver.png
22:24:30.599 [JavaFX Application Thread] DEBUG AssetLoaderService   - Loading from cache: /assets/textures/driver.png
22:24:30.823 [JavaFX Application Thread] DEBUG AssetLoaderService   - Loading from cache: /assets/textures/driver.png
22:24:31.031 [JavaFX Application Thread] DEBUG AssetLoaderService   - Loading from cache: /assets/textures/driver.png
22:24:31.254 [JavaFX Application Thread] DEBUG AssetLoaderService   - Loading from cache: /assets/textures/driver.png
22:24:31.463 [JavaFX Application Thread] DEBUG AssetLoaderService   - Loading from cache: /assets/textures/driver.png
22:24:31.687 [JavaFX Application Thread] DEBUG AssetLoaderService   - Loading from cache: /assets/textures/driver.png
22:24:31.911 [JavaFX Application Thread] DEBUG AssetLoaderService   - Loading from cache: /assets/textures/driver.png
22:24:32.119 [JavaFX Application Thread] DEBUG AssetLoaderService   - Loading from cache: /assets/textures/driver.png
22:24:32.342 [JavaFX Application Thread] DEBUG AssetLoaderService   - Loading from cache: /assets/textures/driver.png
22:24:32.551 [JavaFX Application Thread] DEBUG AssetLoaderService   - Loading from cache: /assets/textures/driver.png
22:24:32.775 [JavaFX Application Thread] DEBUG AssetLoaderService   - Loading from cache: /assets/textures/driver.png
22:24:32.967 [JavaFX Application Thread] DEBUG AssetLoaderService   - Loading from cache: /assets/textures/driver.png
22:24:33.175 [JavaFX Application Thread] DEBUG AssetLoaderService   - Loading from cache: /assets/textures/driver.png
22:24:33.367 [JavaFX Application Thread] DEBUG AssetLoaderService   - Loading from cache: /assets/textures/driver.png
22:24:33.575 [JavaFX Application Thread] DEBUG AssetLoaderService   - Loading from cache: /assets/textures/driver.png
22:24:33.767 [JavaFX Application Thread] DEBUG AssetLoaderService   - Loading from cache: /assets/textures/driver.png
22:24:33.974 [JavaFX Application Thread] DEBUG AssetLoaderService   - Loading from cache: /assets/textures/driver.png
22:24:34.167 [JavaFX Application Thread] DEBUG AssetLoaderService   - Loading from cache: /assets/textures/driver.png
22:24:34.374 [JavaFX Application Thread] DEBUG AssetLoaderService   - Loading from cache: /assets/textures/driver.png
22:24:34.567 [JavaFX Application Thread] DEBUG AssetLoaderService   - Loading from cache: /assets/textures/driver.png
22:24:34.775 [JavaFX Application Thread] DEBUG AssetLoaderService   - Loading from cache: /assets/textures/driver.png
22:24:34.807 [JavaFX Application Thread] DEBUG AssetLoaderService   - Loading from file system: /assets/textures/coin.png
22:24:34.966 [JavaFX Application Thread] DEBUG AssetLoaderService   - Loading from cache: /assets/textures/driver.png
22:24:35.175 [JavaFX Application Thread] DEBUG AssetLoaderService   - Loading from cache: /assets/textures/driver.png
22:24:35.367 [JavaFX Application Thread] DEBUG AssetLoaderService   - Loading from cache: /assets/textures/driver.png
22:24:35.575 [JavaFX Application Thread] DEBUG AssetLoaderService   - Loading from cache: /assets/textures/driver.png
22:24:35.767 [JavaFX Application Thread] DEBUG AssetLoaderService   - Loading from cache: /assets/textures/driver.png
22:24:35.975 [JavaFX Application Thread] DEBUG AssetLoaderService   - Loading from cache: /assets/textures/driver.png
22:24:36.166 [JavaFX Application Thread] DEBUG AssetLoaderService   - Loading from cache: /assets/textures/driver.png
22:24:36.375 [JavaFX Application Thread] DEBUG AssetLoaderService   - Loading from cache: /assets/textures/driver.png
22:24:36.567 [JavaFX Application Thread] DEBUG AssetLoaderService   - Loading from cache: /assets/textures/driver.png
22:24:36.775 [JavaFX Application Thread] DEBUG AssetLoaderService   - Loading from cache: /assets/textures/driver.png
22:24:36.966 [JavaFX Application Thread] DEBUG AssetLoaderService   - Loading from cache: /assets/textures/driver.png
22:24:37.175 [JavaFX Application Thread] DEBUG AssetLoaderService   - Loading from cache: /assets/textures/driver.png
22:24:37.367 [JavaFX Application Thread] DEBUG AssetLoaderService   - Loading from cache: /assets/textures/driver.png
22:24:37.575 [JavaFX Application Thread] DEBUG AssetLoaderService   - Loading from cache: /assets/textures/driver.png
22:24:37.766 [JavaFX Application Thread] DEBUG AssetLoaderService   - Loading from cache: /assets/textures/driver.png
22:24:37.976 [JavaFX Application Thread] DEBUG AssetLoaderService   - Loading from cache: /assets/textures/driver.png
22:24:38.166 [JavaFX Application Thread] DEBUG AssetLoaderService   - Loading from cache: /assets/textures/driver.png
22:24:38.314 [JavaFX Application Thread] DEBUG AssetLoaderService   - Loading from file system: /assets/sounds/coincollect.wav
22:24:38.439 [JavaFX Application Thread] DEBUG AssetLoaderService   - Loading from cache: /assets/textures/driver.png
22:24:38.630 [JavaFX Application Thread] DEBUG AssetLoaderService   - Loading from cache: /assets/textures/driver.png
22:24:38.839 [JavaFX Application Thread] DEBUG AssetLoaderService   - Loading from cache: /assets/textures/driver.png
22:24:39.031 [JavaFX Application Thread] DEBUG AssetLoaderService   - Loading from cache: /assets/textures/driver.png
22:24:39.239 [JavaFX Application Thread] DEBUG AssetLoaderService   - Loading from cache: /assets/textures/driver.png
22:24:39.430 [JavaFX Application Thread] DEBUG AssetLoaderService   - Loading from cache: /assets/textures/driver.png
22:24:39.640 [JavaFX Application Thread] DEBUG AssetLoaderService   - Loading from cache: /assets/textures/driver.png
22:24:39.831 [JavaFX Application Thread] DEBUG AssetLoaderService   - Loading from cache: /assets/textures/driver.png
22:24:40.039 [JavaFX Application Thread] DEBUG AssetLoaderService   - Loading from cache: /assets/textures/driver.png
22:24:40.231 [JavaFX Application Thread] DEBUG AssetLoaderService   - Loading from cache: /assets/textures/driver.png
22:24:40.439 [JavaFX Application Thread] DEBUG AssetLoaderService   - Loading from cache: /assets/textures/driver.png
22:24:40.631 [JavaFX Application Thread] DEBUG AssetLoaderService   - Loading from cache: /assets/textures/driver.png
22:24:40.839 [JavaFX Application Thread] DEBUG AssetLoaderService   - Loading from cache: /assets/textures/driver.png
22:24:41.047 [JavaFX Application Thread] DEBUG AssetLoaderService   - Loading from cache: /assets/textures/driver.png
22:24:41.271 [JavaFX Application Thread] DEBUG AssetLoaderService   - Loading from cache: /assets/textures/driver.png
22:24:41.479 [JavaFX Application Thread] DEBUG AssetLoaderService   - Loading from cache: /assets/textures/driver.png
22:24:41.703 [JavaFX Application Thread] DEBUG AssetLoaderService   - Loading from cache: /assets/textures/driver.png
22:24:41.927 [JavaFX Application Thread] DEBUG AssetLoaderService   - Loading from cache: /assets/textures/driver.png
22:24:42.135 [JavaFX Application Thread] DEBUG AssetLoaderService   - Loading from cache: /assets/textures/driver.png
22:24:42.359 [JavaFX Application Thread] DEBUG AssetLoaderService   - Loading from cache: /assets/textures/driver.png
22:24:42.567 [JavaFX Application Thread] DEBUG AssetLoaderService   - Loading from cache: /assets/textures/driver.png
22:24:42.791 [JavaFX Application Thread] DEBUG AssetLoaderService   - Loading from cache: /assets/textures/driver.png
22:24:42.999 [JavaFX Application Thread] DEBUG AssetLoaderService   - Loading from cache: /assets/textures/driver.png
22:24:43.222 [JavaFX Application Thread] DEBUG AssetLoaderService   - Loading from cache: /assets/textures/driver.png
22:24:43.431 [JavaFX Application Thread] DEBUG AssetLoaderService   - Loading from cache: /assets/textures/driver.png
22:24:43.655 [JavaFX Application Thread] DEBUG AssetLoaderService   - Loading from cache: /assets/textures/driver.png
22:24:43.863 [JavaFX Application Thread] DEBUG AssetLoaderService   - Loading from cache: /assets/textures/driver.png
22:24:44.087 [JavaFX Application Thread] DEBUG AssetLoaderService   - Loading from cache: /assets/textures/driver.png
22:24:44.295 [JavaFX Application Thread] DEBUG AssetLoaderService   - Loading from cache: /assets/textures/driver.png
22:24:44.518 [JavaFX Application Thread] DEBUG AssetLoaderService   - Loading from cache: /assets/textures/driver.png
22:24:44.743 [JavaFX Application Thread] DEBUG AssetLoaderService   - Loading from cache: /assets/textures/driver.png
22:24:44.871 [JavaFX Application Thread] DEBUG AssetLoaderService   - Loading from cache: /assets/textures/coin.png
22:24:44.951 [JavaFX Application Thread] DEBUG AssetLoaderService   - Loading from cache: /assets/textures/driver.png
22:24:45.175 [JavaFX Application Thread] DEBUG AssetLoaderService   - Loading from cache: /assets/textures/driver.png
22:24:45.383 [JavaFX Application Thread] DEBUG AssetLoaderService   - Loading from cache: /assets/textures/driver.png
22:24:45.607 [JavaFX Application Thread] DEBUG AssetLoaderService   - Loading from cache: /assets/textures/driver.png
22:24:45.814 [JavaFX Application Thread] DEBUG AssetLoaderService   - Loading from cache: /assets/textures/driver.png
22:24:46.039 [JavaFX Application Thread] DEBUG AssetLoaderService   - Loading from cache: /assets/textures/driver.png
22:24:46.247 [JavaFX Application Thread] DEBUG AssetLoaderService   - Loading from cache: /assets/textures/driver.png
22:24:46.471 [JavaFX Application Thread] DEBUG AssetLoaderService   - Loading from cache: /assets/textures/driver.png
22:24:46.679 [JavaFX Application Thread] DEBUG AssetLoaderService   - Loading from cache: /assets/textures/driver.png
22:24:46.903 [JavaFX Application Thread] DEBUG AssetLoaderService   - Loading from cache: /assets/textures/driver.png
22:24:47.127 [JavaFX Application Thread] DEBUG AssetLoaderService   - Loading from cache: /assets/textures/driver.png
22:24:47.335 [JavaFX Application Thread] DEBUG AssetLoaderService   - Loading from cache: /assets/textures/driver.png
22:24:47.559 [JavaFX Application Thread] DEBUG AssetLoaderService   - Loading from cache: /assets/textures/driver.png
22:24:47.767 [JavaFX Application Thread] DEBUG AssetLoaderService   - Loading from cache: /assets/textures/driver.png
22:24:47.991 [JavaFX Application Thread] DEBUG AssetLoaderService   - Loading from cache: /assets/textures/driver.png
22:24:48.199 [JavaFX Application Thread] DEBUG AssetLoaderService   - Loading from cache: /assets/textures/driver.png
22:24:48.423 [JavaFX Application Thread] DEBUG AssetLoaderService   - Loading from cache: /assets/textures/driver.png
22:24:48.631 [JavaFX Application Thread] DEBUG AssetLoaderService   - Loading from cache: /assets/textures/driver.png
22:24:48.855 [JavaFX Application Thread] DEBUG AssetLoaderService   - Loading from cache: /assets/textures/driver.png
22:24:49.079 [JavaFX Application Thread] DEBUG AssetLoaderService   - Loading from cache: /assets/textures/driver.png
22:24:49.287 [JavaFX Application Thread] DEBUG AssetLoaderService   - Loading from cache: /assets/textures/driver.png
22:24:49.511 [JavaFX Application Thread] DEBUG AssetLoaderService   - Loading from cache: /assets/textures/driver.png
22:24:49.719 [JavaFX Application Thread] DEBUG AssetLoaderService   - Loading from cache: /assets/textures/driver.png
22:24:49.943 [JavaFX Application Thread] DEBUG AssetLoaderService   - Loading from cache: /assets/textures/driver.png
22:24:50.150 [JavaFX Application Thread] DEBUG AssetLoaderService   - Loading from cache: /assets/textures/driver.png
22:24:50.375 [JavaFX Application Thread] DEBUG AssetLoaderService   - Loading from cache: /assets/textures/driver.png
22:24:50.583 [JavaFX Application Thread] DEBUG AssetLoaderService   - Loading from cache: /assets/textures/driver.png
22:24:50.807 [JavaFX Application Thread] DEBUG AssetLoaderService   - Loading from cache: /assets/textures/driver.png
22:24:51.015 [JavaFX Application Thread] DEBUG AssetLoaderService   - Loading from cache: /assets/textures/driver.png
22:24:51.095 [JavaFX Application Thread] DEBUG AssetLoaderService   - Loading from cache: /assets/sounds/coincollect.wav
22:24:51.239 [JavaFX Application Thread] DEBUG AssetLoaderService   - Loading from cache: /assets/textures/driver.png
22:24:51.447 [JavaFX Application Thread] DEBUG AssetLoaderService   - Loading from cache: /assets/textures/driver.png
22:24:51.671 [JavaFX Application Thread] DEBUG AssetLoaderService   - Loading from cache: /assets/textures/driver.png
22:24:51.879 [JavaFX Application Thread] DEBUG AssetLoaderService   - Loading from cache: /assets/textures/driver.png
22:24:52.103 [JavaFX Application Thread] DEBUG AssetLoaderService   - Loading from cache: /assets/textures/driver.png
22:24:52.327 [JavaFX Application Thread] DEBUG AssetLoaderService   - Loading from cache: /assets/textures/driver.png
22:24:52.535 [JavaFX Application Thread] DEBUG AssetLoaderService   - Loading from cache: /assets/textures/driver.png
22:24:52.759 [JavaFX Application Thread] DEBUG AssetLoaderService   - Loading from cache: /assets/textures/driver.png
22:24:52.966 [JavaFX Application Thread] DEBUG AssetLoaderService   - Loading from cache: /assets/textures/driver.png
22:24:53.190 [JavaFX Application Thread] DEBUG AssetLoaderService   - Loading from cache: /assets/textures/driver.png
22:24:53.399 [JavaFX Application Thread] DEBUG AssetLoaderService   - Loading from cache: /assets/textures/driver.png
22:24:53.623 [JavaFX Application Thread] DEBUG AssetLoaderService   - Loading from cache: /assets/textures/driver.png
22:24:53.831 [JavaFX Application Thread] DEBUG AssetLoaderService   - Loading from cache: /assets/textures/driver.png
22:24:54.055 [JavaFX Application Thread] DEBUG AssetLoaderService   - Loading from cache: /assets/textures/driver.png
22:24:54.263 [JavaFX Application Thread] DEBUG AssetLoaderService   - Loading from cache: /assets/textures/driver.png
22:24:54.487 [JavaFX Application Thread] DEBUG AssetLoaderService   - Loading from cache: /assets/textures/driver.png
22:24:54.695 [JavaFX Application Thread] DEBUG AssetLoaderService   - Loading from cache: /assets/textures/driver.png
22:24:54.887 [JavaFX Application Thread] DEBUG AssetLoaderService   - Loading from cache: /assets/textures/coin.png
22:24:54.919 [JavaFX Application Thread] DEBUG AssetLoaderService   - Loading from cache: /assets/textures/driver.png
22:24:55.142 [JavaFX Application Thread] DEBUG AssetLoaderService   - Loading from cache: /assets/textures/driver.png
22:24:55.351 [JavaFX Application Thread] DEBUG AssetLoaderService   - Loading from cache: /assets/textures/driver.png
22:24:55.575 [JavaFX Application Thread] DEBUG AssetLoaderService   - Loading from cache: /assets/textures/driver.png
22:24:55.783 [JavaFX Application Thread] DEBUG AssetLoaderService   - Loading from cache: /assets/textures/driver.png
22:24:56.007 [JavaFX Application Thread] DEBUG AssetLoaderService   - Loading from cache: /assets/textures/driver.png
22:24:56.215 [JavaFX Application Thread] DEBUG AssetLoaderService   - Loading from cache: /assets/textures/driver.png
22:24:56.438 [JavaFX Application Thread] DEBUG AssetLoaderService   - Loading from cache: /assets/textures/driver.png
22:24:56.647 [JavaFX Application Thread] DEBUG AssetLoaderService   - Loading from cache: /assets/textures/driver.png
22:24:56.930 [JavaFX Application Thread] DEBUG GameApplication      - Exiting FXGL
22:24:56.930 [JavaFX Application Thread] DEBUG LoopRunner           - Stopping loop
22:24:56.930 [JavaFX Application Thread] DEBUG SystemBundleService  - Saving FXGL system data
22:24:56.932 [JavaFX Application Thread] DEBUG FileSystemAccess     - Writing to: E:\secondYear\Java\NewfoundlandRacer\system\fxgl.bundle
22:24:56.933 [JavaFX Application Thread] DEBUG GameApplication      - Shutting down background threads
22:24:56.933 [JavaFX Application Thread] DEBUG GameApplication      - Closing logger and exiting JavaFX
