21:32:53.639 [main                     ] DEBUG GameApplication      - Logger initialized
21:32:53.643 [main                     ] DEBUG GameApplication      - Logging settings
Title: Newfoundland Moose Collision
Version: 0.1
Width: 840
Height: 650
Fullscreen: false
Intro: false
Profiling: false
Single step:false
App Mode: DEVELOPER
Menu Key: ESCAPE
Stage Style: DECORATED
Scene Factory: class MooseGame.NewfoundRacerApp$1

21:32:53.951 [JavaFX Application Thread] DEBUG GameApplication      - Initializing FXGL
21:32:53.961 [JavaFX Application Thread] INFO  Engine               - FXGL-11.9 (27.05.2020 17.06) on WINDOWS (J:14.0.1 FX:13.0.2)
21:32:53.961 [JavaFX Application Thread] DEBUG Engine               - JRE Vendor Name: Oracle Corporation
21:32:53.961 [JavaFX Application Thread] DEBUG Engine               - Running on OS: Windows 10 version 10.0
21:32:53.961 [JavaFX Application Thread] DEBUG Engine               - Architecture: amd64
21:32:53.961 [JavaFX Application Thread] INFO  Engine               - Source code and latest versions at: https://github.com/AlmasB/FXGL
21:32:53.961 [JavaFX Application Thread] INFO  Engine               -              Join the FXGL chat at: https://gitter.im/AlmasB/FXGL
21:32:54.038 [JavaFX Application Thread] DEBUG MainWindow           - Creating a JavaFX scene
21:32:54.078 [JavaFX Application Thread] DEBUG MainWindow           - Target settings size: 840.0 x 650.0
21:32:54.078 [JavaFX Application Thread] DEBUG MainWindow           - Scaled scene size:    840.0 x 650.0
21:32:54.078 [JavaFX Application Thread] DEBUG MainWindow           - Scaled ratio: (1.0, 1.0)
21:32:54.079 [JavaFX Application Thread] DEBUG MainWindow           - Set initial scene to FXGLStartupScene
21:32:54.085 [JavaFX Application Thread] DEBUG MainWindow           - Opening main window
21:32:54.165 [JavaFX Application Thread] DEBUG MainWindow           - Window border size: (16.0, 39.0)
21:32:54.165 [JavaFX Application Thread] DEBUG MainWindow           - Scaled size: 840.0 x 650.0
21:32:54.166 [JavaFX Application Thread] DEBUG MainWindow           - Scaled ratio: (1.0, 1.0)
21:32:54.166 [JavaFX Application Thread] DEBUG MainWindow           - Scene size: 840.0 x 650.0
21:32:54.166 [JavaFX Application Thread] DEBUG MainWindow           - Stage size: 856.0 x 689.0
21:32:54.172 [FXGL Background Thread 1 ] DEBUG Engine               - Initializing environment variables
21:32:54.194 [FXGL Background Thread 1 ] DEBUG WindowService        - Applying CSS: fxgl_dark.css
21:32:54.195 [FXGL Background Thread 1 ] DEBUG AssetLoaderService   - Loading from file system: /assets/ui/css/fxgl_dark.css
21:32:54.230 [FXGL Background Thread 1 ] DEBUG WindowService        - Initializing application scenes
21:32:54.252 [FXGL Background Thread 1 ] DEBUG GameWorld            - Game world initialized
21:32:54.281 [FXGL Background Thread 1 ] DEBUG PhysicsWorld         - Physics world initialized: appHeight=650, physics.ppm=50.0
21:32:54.283 [FXGL Background Thread 1 ] DEBUG GameScene            - Game scene initialized: 840x650
21:32:54.310 [FXGL Background Thread 1 ] DEBUG AssetLoaderService   - Loading from file system: /assets/textures/particles/trace_horizontal.png
21:32:54.347 [FXGL Background Thread 1 ] DEBUG FXGL.DefaultMenu     - createMenuBodyGameMenu()
21:32:54.357 [FXGL Background Thread 1 ] DEBUG FXGL.DefaultMenu     - createOptionsMenu()
21:32:54.360 [FXGL Background Thread 1 ] DEBUG AssetLoaderService   - Loading from file system: /assets/textures/particles/smoke.png
21:32:54.398 [FXGL Background Thread 1 ] DEBUG WindowService        - Application scenes initialized
21:32:54.404 [FXGL Background Thread 1 ] DEBUG SystemBundleService  - Loading FXGL system data
21:32:54.407 [FXGL Background Thread 1 ] DEBUG FileSystemAccess     - Reading from: E:\secondYear\Java\NewfoundlandRacer\system\fxgl.bundle
21:32:54.411 [FXGL Background Thread 1 ] DEBUG SystemBundleService  - Bundle FXGL: {}
21:32:54.411 [FXGL Background Thread 1 ] INFO  Engine               - FXGL initialization took: 0.238 sec
21:32:54.412 [FXGL Background Thread 1 ] DEBUG GameApplication      - Loading localizations
21:32:54.412 [FXGL Background Thread 1 ] DEBUG AssetLoaderService   - Loading from file system: /assets/languages/english.lang
21:32:54.421 [FXGL Background Thread 1 ] DEBUG AssetLoaderService   - Loading from file system: /assets/languages/french.lang
21:32:54.422 [FXGL Background Thread 1 ] DEBUG AssetLoaderService   - Loading from file system: /assets/languages/german.lang
21:32:54.423 [FXGL Background Thread 1 ] DEBUG AssetLoaderService   - Loading from file system: /assets/languages/hungarian.lang
21:32:54.426 [FXGL Background Thread 1 ] DEBUG AssetLoaderService   - Loading from file system: /assets/languages/russian.lang
21:32:54.427 [FXGL Background Thread 1 ] DEBUG GameApplication      - Registering font factories with UI factory
21:32:54.427 [FXGL Background Thread 1 ] DEBUG AssetLoaderService   - Loading from file system: /assets/ui/fonts/VarelaRound-Regular.ttf
21:32:54.457 [FXGL Background Thread 1 ] DEBUG AssetLoaderService   - Loading from file system: /assets/ui/fonts/Abel-Regular.ttf
21:32:54.460 [FXGL Background Thread 1 ] DEBUG AssetLoaderService   - Loading from file system: /assets/ui/fonts/lucida_console.ttf
21:32:54.465 [FXGL Background Thread 1 ] DEBUG AssetLoaderService   - Loading from file system: /assets/ui/fonts/Courier-Prime.ttf
21:32:54.473 [JavaFX Application Thread] DEBUG Input                - Registered new binding: Move Right - D
21:32:54.474 [JavaFX Application Thread] DEBUG Input                - Registered new binding: Move Left - A
21:32:54.474 [JavaFX Application Thread] DEBUG Input                - Registered new binding: Move Up - W
21:32:54.474 [JavaFX Application Thread] DEBUG Input                - Registered new binding: Move Down - S
21:32:54.474 [JavaFX Application Thread] DEBUG AssetLoaderService   - Loading from file system: /assets/textures/fxgl_icon.png
21:32:54.486 [JavaFX Application Thread] DEBUG AssetLoaderService   - Loading from file system: /assets/ui/cursors/fxgl_default.png
21:32:54.488 [JavaFX Application Thread] DEBUG Input                - Registered new binding: Screenshot - P
21:32:54.488 [JavaFX Application Thread] DEBUG Input                - Registered new binding: System info dump - CTRL+9
21:32:54.489 [JavaFX Application Thread] DEBUG Input                - Registered new binding: Restart - CTRL+R
21:32:54.489 [JavaFX Application Thread] DEBUG LoopRunner           - Starting loop
21:32:54.499 [JavaFX Application Thread] DEBUG FXGLStartupScene     - STARTUP
21:32:54.500 [JavaFX Application Thread] DEBUG Input                - Clearing active input actions
21:32:54.506 [JavaFX Application Thread] DEBUG WindowService        - Removing overlay from FXGLStartupScene and adding to 
21:32:54.506 [JavaFX Application Thread] DEBUG MainWindow           - FXGLStartupScene -> 
21:32:54.506 [JavaFX Application Thread] DEBUG MainWindow           - Push state: NewfoundlandRacerMainMenu
21:32:54.506 [JavaFX Application Thread] DEBUG Input                - Clearing active input actions
21:32:54.508 [JavaFX Application Thread] DEBUG WindowService        - Removing overlay from  and adding to NewfoundlandRacerMainMenu
21:32:54.509 [JavaFX Application Thread] DEBUG MainWindow           -  -> NewfoundlandRacerMainMenu
21:32:55.006 [JavaFX Application Thread] DEBUG Menu                 - fireNewGame()
21:32:55.006 [JavaFX Application Thread] DEBUG WindowService        - Starting new game
21:32:55.006 [JavaFX Application Thread] DEBUG MainWindow           - Pop state: NewfoundlandRacerMainMenu
21:32:55.006 [JavaFX Application Thread] DEBUG Input                - Clearing active input actions
21:32:55.007 [JavaFX Application Thread] DEBUG WindowService        - Removing overlay from NewfoundlandRacerMainMenu and adding to 
21:32:55.007 [JavaFX Application Thread] DEBUG MainWindow           -  <- NewfoundlandRacerMainMenu
21:32:55.007 [JavaFX Application Thread] DEBUG Input                - Clearing active input actions
21:32:55.013 [JavaFX Application Thread] DEBUG WindowService        - Removing overlay from  and adding to FXGLLoadingScene
21:32:55.013 [JavaFX Application Thread] DEBUG MainWindow           -  -> FXGLLoadingScene
21:32:55.013 [JavaFX Application Thread] DEBUG WindowService        - Clearing previous game
21:32:55.013 [JavaFX Application Thread] DEBUG GameScene            - Clearing game scene
21:32:55.013 [JavaFX Application Thread] DEBUG GameWorld            - Clearing game world
21:32:55.014 [JavaFX Application Thread] DEBUG PhysicsWorld         - Clearing physics world
21:32:55.014 [FXGL Background Thread 1 ] DEBUG GameApplication      - Initializing game
21:32:55.020 [FXGL Background Thread 1 ] DEBUG AssetLoaderService   - Loading from file system: /assets/textures/4lanehighway.png
21:32:55.088 [FXGL Background Thread 1 ] DEBUG AssetLoaderService   - Loading from file system: /assets/textures/player.png
21:32:55.099 [FXGL Background Thread 1 ] INFO  GameApplication      - Game initialization took: 0.084 sec
21:32:55.099 [JavaFX Application Thread] DEBUG Input                - Clearing active input actions
21:32:55.105 [JavaFX Application Thread] DEBUG WindowService        - Removing overlay from FXGLLoadingScene and adding to GameScene
21:32:55.106 [JavaFX Application Thread] DEBUG MainWindow           - FXGLLoadingScene -> GameScene
21:32:56.032 [JavaFX Application Thread] DEBUG AssetLoaderService   - Loading from file system: /assets/textures/cowmoosespriterunning.png
21:32:56.035 [JavaFX Application Thread] DEBUG AssetLoaderService   - Loading from cache: /assets/textures/cowmoosespriterunning.png
21:32:56.449 [JavaFX Application Thread] DEBUG AssetLoaderService   - Loading from file system: /assets/textures/driver2.png
21:32:56.875 [JavaFX Application Thread] DEBUG AssetLoaderService   - Loading from cache: /assets/textures/cowmoosespriterunning.png
21:32:56.876 [JavaFX Application Thread] DEBUG AssetLoaderService   - Loading from cache: /assets/textures/cowmoosespriterunning.png
21:32:57.280 [JavaFX Application Thread] DEBUG AssetLoaderService   - Loading from file system: /assets/textures/pothole.png
21:32:57.414 [FXGL Background Thread 2 ] DEBUG Engine               - Logging environment variables
21:32:57.414 [FXGL Background Thread 2 ] DEBUG Engine               - achievements: []
21:32:57.414 [FXGL Background Thread 2 ] DEBUG Engine               - appIcon: fxgl_icon.png
21:32:57.414 [FXGL Background Thread 2 ] DEBUG Engine               - applicationMode: DEVELOPER
21:32:57.414 [FXGL Background Thread 2 ] DEBUG Engine               - cSSList: [fxgl_dark.css]
21:32:57.414 [FXGL Background Thread 2 ] DEBUG Engine               - configClass: Optional.empty
21:32:57.414 [FXGL Background Thread 2 ] DEBUG Engine               - credits: []
21:32:57.415 [FXGL Background Thread 2 ] DEBUG Engine               - devBBoxColorProperty: ObjectProperty [value: 0xff0000ff]
21:32:57.415 [FXGL Background Thread 2 ] DEBUG Engine               - devSensorColorProperty: ObjectProperty [value: 0xffff00ff]
21:32:57.415 [FXGL Background Thread 2 ] DEBUG Engine               - devShowBBoxProperty: BooleanProperty [value: false]
21:32:57.415 [FXGL Background Thread 2 ] DEBUG Engine               - devShowPositionProperty: BooleanProperty [value: false]
21:32:57.415 [FXGL Background Thread 2 ] DEBUG Engine               - enabledMenuItems: []
21:32:57.415 [FXGL Background Thread 2 ] DEBUG Engine               - engineServices: [class com.almasb.fxgl.app.GameApplication$GameApplicationService, class com.almasb.fxgl.app.services.WindowService, class com.almasb.fxgl.app.services.FXGLDialogService, class com.almasb.fxgl.app.services.IOTaskExecutorService, class com.almasb.fxgl.event.EventBusService, class com.almasb.fxgl.io.FileSystemService, class com.almasb.fxgl.localization.LocalizationService, class com.almasb.fxgl.app.services.AssetLoaderService, class com.almasb.fxgl.app.services.SystemBundleService, class com.almasb.fxgl.profile.SaveLoadService, class com.almasb.fxgl.ui.FXGLUIFactoryServiceProvider, class com.almasb.fxgl.ui.FXGLDialogFactoryServiceProvider, class com.almasb.fxgl.audio.AudioPlayer, class com.almasb.fxgl.notification.impl.NotificationServiceProvider, class com.almasb.fxgl.achievement.AchievementService, class com.almasb.fxgl.cutscene.CutsceneService, class com.almasb.fxgl.minigames.MiniGameService, class com.almasb.fxgl.net.NetService, class com.almasb.fxgl.app.services.UpdaterService, class com.almasb.fxgl.dev.DevService]
21:32:57.415 [FXGL Background Thread 2 ] DEBUG Engine               - fontGame: Abel-Regular.ttf
21:32:57.416 [FXGL Background Thread 2 ] DEBUG Engine               - fontMono: lucida_console.ttf
21:32:57.416 [FXGL Background Thread 2 ] DEBUG Engine               - fontText: Courier-Prime.ttf
21:32:57.416 [FXGL Background Thread 2 ] DEBUG Engine               - fontUI: VarelaRound-Regular.ttf
21:32:57.416 [FXGL Background Thread 2 ] DEBUG Engine               - fullScreen: BooleanProperty [value: false]
21:32:57.416 [FXGL Background Thread 2 ] DEBUG Engine               - gameDifficulty: MEDIUM
21:32:57.416 [FXGL Background Thread 2 ] DEBUG Engine               - gameDifficultyProperty: ObjectProperty [value: MEDIUM]
21:32:57.416 [FXGL Background Thread 2 ] DEBUG Engine               - globalMusicVolume: 0.5
21:32:57.416 [FXGL Background Thread 2 ] DEBUG Engine               - globalMusicVolumeProperty: DoubleProperty [value: 0.5]
21:32:57.417 [FXGL Background Thread 2 ] DEBUG Engine               - globalSoundVolume: 0.5
21:32:57.417 [FXGL Background Thread 2 ] DEBUG Engine               - globalSoundVolumeProperty: DoubleProperty [value: 0.5]
21:32:57.417 [FXGL Background Thread 2 ] DEBUG Engine               - height: 650
21:32:57.417 [FXGL Background Thread 2 ] DEBUG Engine               - isAndroid: false
21:32:57.417 [FXGL Background Thread 2 ] DEBUG Engine               - isBrowser: false
21:32:57.417 [FXGL Background Thread 2 ] DEBUG Engine               - isClickFeedbackEnabled: false
21:32:57.417 [FXGL Background Thread 2 ] DEBUG Engine               - isCloseConfirmation: false
21:32:57.417 [FXGL Background Thread 2 ] DEBUG Engine               - isDesktop: true
21:32:57.417 [FXGL Background Thread 2 ] DEBUG Engine               - isDeveloperMenuEnabled: false
21:32:57.417 [FXGL Background Thread 2 ] DEBUG Engine               - isExperimentalNative: false
21:32:57.418 [FXGL Background Thread 2 ] DEBUG Engine               - isExperimentalTiledLargeMap: false
21:32:57.418 [FXGL Background Thread 2 ] DEBUG Engine               - isFullScreenAllowed: false
21:32:57.418 [FXGL Background Thread 2 ] DEBUG Engine               - isFullScreenFromStart: false
21:32:57.418 [FXGL Background Thread 2 ] DEBUG Engine               - isGameMenuEnabled: true
21:32:57.418 [FXGL Background Thread 2 ] DEBUG Engine               - isIOS: false
21:32:57.418 [FXGL Background Thread 2 ] DEBUG Engine               - isIntroEnabled: false
21:32:57.418 [FXGL Background Thread 2 ] DEBUG Engine               - isLinux: false
21:32:57.418 [FXGL Background Thread 2 ] DEBUG Engine               - isMac: false
21:32:57.418 [FXGL Background Thread 2 ] DEBUG Engine               - isMainMenuEnabled: true
21:32:57.418 [FXGL Background Thread 2 ] DEBUG Engine               - isManualResizeEnabled: false
21:32:57.418 [FXGL Background Thread 2 ] DEBUG Engine               - isMobile: false
21:32:57.419 [FXGL Background Thread 2 ] DEBUG Engine               - isPreserveResizeRatio: false
21:32:57.419 [FXGL Background Thread 2 ] DEBUG Engine               - isProfilingEnabled: false
21:32:57.419 [FXGL Background Thread 2 ] DEBUG Engine               - isSingleStep: false
21:32:57.419 [FXGL Background Thread 2 ] DEBUG Engine               - isUserProfileEnabled: false
21:32:57.419 [FXGL Background Thread 2 ] DEBUG Engine               - isWindows: true
21:32:57.419 [FXGL Background Thread 2 ] DEBUG Engine               - language: ObjectProperty [value: ENGLISH]
21:32:57.419 [FXGL Background Thread 2 ] DEBUG Engine               - mainWindow: com.almasb.fxgl.app.MainWindow@55246f2b
21:32:57.419 [FXGL Background Thread 2 ] DEBUG Engine               - menuKey: ESCAPE
21:32:57.419 [FXGL Background Thread 2 ] DEBUG Engine               - notificationViewClass: class com.almasb.fxgl.notification.view.XboxNotificationView
21:32:57.419 [FXGL Background Thread 2 ] DEBUG Engine               - pixelsPerMeter: 50.0
21:32:57.419 [FXGL Background Thread 2 ] DEBUG Engine               - platform: WINDOWS
21:32:57.419 [FXGL Background Thread 2 ] DEBUG Engine               - profileDir: profiles/
21:32:57.419 [FXGL Background Thread 2 ] DEBUG Engine               - profileName: StringProperty [value: DEFAULT]
21:32:57.420 [FXGL Background Thread 2 ] DEBUG Engine               - randomSeed: -1
21:32:57.420 [FXGL Background Thread 2 ] DEBUG Engine               - runtimeInfo: RuntimeInfo(platform=WINDOWS, version=11.9, build=27.05.2020 17.06)
21:32:57.420 [FXGL Background Thread 2 ] DEBUG Engine               - saveFileExt: sav
21:32:57.420 [FXGL Background Thread 2 ] DEBUG Engine               - sceneFactory: MooseGame.NewfoundRacerApp$1@1026fbeb
21:32:57.420 [FXGL Background Thread 2 ] DEBUG Engine               - secondsIn24h: 60
21:32:57.420 [FXGL Background Thread 2 ] DEBUG Engine               - settings: Title: Newfoundland Moose Collision
Version: 0.1
Width: 840
Height: 650
Fullscreen: false
Intro: false
Profiling: false
Single step:false
App Mode: DEVELOPER
Menu Key: ESCAPE
Stage Style: DECORATED
Scene Factory: class MooseGame.NewfoundRacerApp$1

21:32:57.420 [FXGL Background Thread 2 ] DEBUG Engine               - soundMenuBack: menu/back.wav
21:32:57.420 [FXGL Background Thread 2 ] DEBUG Engine               - soundMenuPress: menu/press.wav
21:32:57.420 [FXGL Background Thread 2 ] DEBUG Engine               - soundMenuSelect: menu/select.wav
21:32:57.420 [FXGL Background Thread 2 ] DEBUG Engine               - soundNotification: core/notification.wav
21:32:57.420 [FXGL Background Thread 2 ] DEBUG Engine               - stageStyle: DECORATED
21:32:57.420 [FXGL Background Thread 2 ] DEBUG Engine               - supportedLanguages: [ENGLISH, FRENCH, GERMAN, HUNGARIAN, RUSSIAN]
21:32:57.421 [FXGL Background Thread 2 ] DEBUG Engine               - title: Newfoundland Moose Collision
21:32:57.421 [FXGL Background Thread 2 ] DEBUG Engine               - urlGithub: https://github.com/AlmasB/FXGL
21:32:57.421 [FXGL Background Thread 2 ] DEBUG Engine               - urlLeaderboard: http://fxgl-top.herokuapp.com/
21:32:57.421 [FXGL Background Thread 2 ] DEBUG Engine               - urlPOM: https://raw.githubusercontent.com/AlmasB/FXGL/master/pom.xml
21:32:57.421 [FXGL Background Thread 2 ] DEBUG Engine               - version: 0.1
21:32:57.421 [FXGL Background Thread 2 ] DEBUG Engine               - versionCheckDays: 7
21:32:57.421 [FXGL Background Thread 2 ] DEBUG Engine               - width: 840
21:32:57.421 [FXGL Background Thread 2 ] DEBUG Engine               - Logging services
21:32:57.421 [FXGL Background Thread 2 ] DEBUG Engine               - class com.almasb.fxgl.app.GameApplication$GameApplicationService
21:32:57.421 [FXGL Background Thread 2 ] DEBUG Engine               - class com.almasb.fxgl.app.services.WindowService
21:32:57.421 [FXGL Background Thread 2 ] DEBUG Engine               - class com.almasb.fxgl.app.services.FXGLDialogService
21:32:57.421 [FXGL Background Thread 2 ] DEBUG Engine               - class com.almasb.fxgl.app.services.IOTaskExecutorService
21:32:57.422 [FXGL Background Thread 2 ] DEBUG Engine               - class com.almasb.fxgl.event.EventBusService
21:32:57.422 [FXGL Background Thread 2 ] DEBUG Engine               - class com.almasb.fxgl.io.FileSystemService
21:32:57.422 [FXGL Background Thread 2 ] DEBUG Engine               - class com.almasb.fxgl.localization.LocalizationService
21:32:57.422 [FXGL Background Thread 2 ] DEBUG Engine               - class com.almasb.fxgl.app.services.AssetLoaderService
21:32:57.422 [FXGL Background Thread 2 ] DEBUG Engine               - class com.almasb.fxgl.app.services.SystemBundleService
21:32:57.422 [FXGL Background Thread 2 ] DEBUG Engine               - class com.almasb.fxgl.profile.SaveLoadService
21:32:57.422 [FXGL Background Thread 2 ] DEBUG Engine               - class com.almasb.fxgl.ui.FXGLUIFactoryServiceProvider
21:32:57.422 [FXGL Background Thread 2 ] DEBUG Engine               - class com.almasb.fxgl.ui.FXGLDialogFactoryServiceProvider
21:32:57.422 [FXGL Background Thread 2 ] DEBUG Engine               - class com.almasb.fxgl.audio.AudioPlayer
21:32:57.422 [FXGL Background Thread 2 ] DEBUG Engine               - class com.almasb.fxgl.notification.impl.NotificationServiceProvider
21:32:57.422 [FXGL Background Thread 2 ] DEBUG Engine               - class com.almasb.fxgl.achievement.AchievementService
21:32:57.422 [FXGL Background Thread 2 ] DEBUG Engine               - class com.almasb.fxgl.cutscene.CutsceneService
21:32:57.422 [FXGL Background Thread 2 ] DEBUG Engine               - class com.almasb.fxgl.minigames.MiniGameService
21:32:57.422 [FXGL Background Thread 2 ] DEBUG Engine               - class com.almasb.fxgl.net.NetService
21:32:57.423 [FXGL Background Thread 2 ] DEBUG Engine               - class com.almasb.fxgl.app.services.UpdaterService
21:32:57.423 [FXGL Background Thread 2 ] DEBUG Engine               - class com.almasb.fxgl.dev.DevService
21:32:57.722 [JavaFX Application Thread] DEBUG AssetLoaderService   - Loading from file system: /assets/textures/driver1.png
21:32:57.728 [JavaFX Application Thread] DEBUG AssetLoaderService   - Loading from cache: /assets/textures/cowmoosespriterunning.png
21:32:57.728 [JavaFX Application Thread] DEBUG AssetLoaderService   - Loading from cache: /assets/textures/cowmoosespriterunning.png
21:32:58.572 [JavaFX Application Thread] DEBUG AssetLoaderService   - Loading from cache: /assets/textures/cowmoosespriterunning.png
21:32:58.574 [JavaFX Application Thread] DEBUG AssetLoaderService   - Loading from cache: /assets/textures/cowmoosespriterunning.png
21:32:58.972 [JavaFX Application Thread] DEBUG AssetLoaderService   - Loading from file system: /assets/textures/driver4.png
21:32:59.375 [JavaFX Application Thread] DEBUG AssetLoaderService   - Loading from file system: /assets/textures/coin.png
21:32:59.382 [JavaFX Application Thread] DEBUG AssetLoaderService   - Loading from cache: /assets/textures/pothole.png
21:32:59.402 [JavaFX Application Thread] DEBUG AssetLoaderService   - Loading from cache: /assets/textures/cowmoosespriterunning.png
21:32:59.403 [JavaFX Application Thread] DEBUG AssetLoaderService   - Loading from cache: /assets/textures/cowmoosespriterunning.png
21:33:00.043 [JavaFX Application Thread] DEBUG MainWindow           - Push state: DialogSubScene
21:33:00.043 [JavaFX Application Thread] DEBUG Input                - Clearing active input actions
21:33:00.048 [JavaFX Application Thread] DEBUG WindowService        - Removing overlay from GameScene and adding to DialogSubScene
21:33:00.048 [JavaFX Application Thread] DEBUG MainWindow           - GameScene -> DialogSubScene
21:33:00.940 [JavaFX Application Thread] DEBUG MainWindow           - Pop state: DialogSubScene
21:33:00.940 [JavaFX Application Thread] DEBUG Input                - Clearing active input actions
21:33:00.941 [JavaFX Application Thread] DEBUG WindowService        - Removing overlay from DialogSubScene and adding to GameScene
21:33:00.941 [JavaFX Application Thread] DEBUG MainWindow           - GameScene <- DialogSubScene
21:33:01.120 [JavaFX Application Thread] DEBUG AssetLoaderService   - Loading from cache: /assets/textures/driver4.png
21:33:01.136 [JavaFX Application Thread] DEBUG AssetLoaderService   - Loading from cache: /assets/textures/cowmoosespriterunning.png
21:33:01.137 [JavaFX Application Thread] DEBUG AssetLoaderService   - Loading from cache: /assets/textures/cowmoosespriterunning.png
21:33:01.975 [JavaFX Application Thread] DEBUG AssetLoaderService   - Loading from cache: /assets/textures/cowmoosespriterunning.png
21:33:01.977 [JavaFX Application Thread] DEBUG AssetLoaderService   - Loading from cache: /assets/textures/cowmoosespriterunning.png
21:33:02.368 [JavaFX Application Thread] DEBUG AssetLoaderService   - Loading from cache: /assets/textures/pothole.png
21:33:02.375 [JavaFX Application Thread] DEBUG AssetLoaderService   - Loading from cache: /assets/textures/driver4.png
21:33:02.807 [JavaFX Application Thread] DEBUG AssetLoaderService   - Loading from cache: /assets/textures/cowmoosespriterunning.png
21:33:02.809 [JavaFX Application Thread] DEBUG AssetLoaderService   - Loading from cache: /assets/textures/cowmoosespriterunning.png
21:33:03.632 [JavaFX Application Thread] DEBUG AssetLoaderService   - Loading from file system: /assets/textures/driver0.png
21:33:03.647 [JavaFX Application Thread] DEBUG AssetLoaderService   - Loading from cache: /assets/textures/cowmoosespriterunning.png
21:33:03.647 [JavaFX Application Thread] DEBUG AssetLoaderService   - Loading from cache: /assets/textures/cowmoosespriterunning.png
21:33:04.445 [JavaFX Application Thread] DEBUG AssetLoaderService   - Loading from cache: /assets/textures/coin.png
21:33:04.458 [JavaFX Application Thread] DEBUG AssetLoaderService   - Loading from cache: /assets/textures/pothole.png
21:33:04.487 [JavaFX Application Thread] DEBUG AssetLoaderService   - Loading from cache: /assets/textures/cowmoosespriterunning.png
21:33:04.488 [JavaFX Application Thread] DEBUG AssetLoaderService   - Loading from cache: /assets/textures/cowmoosespriterunning.png
21:33:04.891 [JavaFX Application Thread] DEBUG AssetLoaderService   - Loading from cache: /assets/textures/driver1.png
21:33:05.329 [JavaFX Application Thread] DEBUG AssetLoaderService   - Loading from cache: /assets/textures/cowmoosespriterunning.png
21:33:05.331 [JavaFX Application Thread] DEBUG AssetLoaderService   - Loading from cache: /assets/textures/cowmoosespriterunning.png
21:33:05.999 [JavaFX Application Thread] DEBUG AssetLoaderService   - Loading from file system: /assets/sounds/coincollect.wav
21:33:06.217 [JavaFX Application Thread] DEBUG AssetLoaderService   - Loading from cache: /assets/textures/driver2.png
21:33:06.238 [JavaFX Application Thread] DEBUG AssetLoaderService   - Loading from cache: /assets/textures/cowmoosespriterunning.png
21:33:06.239 [JavaFX Application Thread] DEBUG AssetLoaderService   - Loading from cache: /assets/textures/cowmoosespriterunning.png
21:33:06.620 [JavaFX Application Thread] DEBUG AssetLoaderService   - Loading from cache: /assets/textures/pothole.png
21:33:07.072 [JavaFX Application Thread] DEBUG AssetLoaderService   - Loading from cache: /assets/textures/cowmoosespriterunning.png
21:33:07.073 [JavaFX Application Thread] DEBUG AssetLoaderService   - Loading from cache: /assets/textures/cowmoosespriterunning.png
21:33:07.246 [JavaFX Application Thread] DEBUG MainWindow           - Push state: DialogSubScene
21:33:07.246 [JavaFX Application Thread] DEBUG Input                - Clearing active input actions
21:33:07.247 [JavaFX Application Thread] DEBUG WindowService        - Removing overlay from GameScene and adding to DialogSubScene
21:33:07.247 [JavaFX Application Thread] DEBUG MainWindow           - GameScene -> DialogSubScene
21:33:07.780 [JavaFX Application Thread] DEBUG MainWindow           - Pop state: DialogSubScene
21:33:07.780 [JavaFX Application Thread] DEBUG Input                - Clearing active input actions
21:33:07.781 [JavaFX Application Thread] DEBUG WindowService        - Removing overlay from DialogSubScene and adding to GameScene
21:33:07.781 [JavaFX Application Thread] DEBUG MainWindow           - GameScene <- DialogSubScene
21:33:08.010 [JavaFX Application Thread] DEBUG AssetLoaderService   - Loading from cache: /assets/textures/driver4.png
21:33:08.448 [JavaFX Application Thread] DEBUG AssetLoaderService   - Loading from cache: /assets/textures/cowmoosespriterunning.png
21:33:08.448 [JavaFX Application Thread] DEBUG AssetLoaderService   - Loading from cache: /assets/textures/cowmoosespriterunning.png
21:33:09.118 [JavaFX Application Thread] DEBUG GameApplication      - Exiting FXGL
21:33:09.118 [JavaFX Application Thread] DEBUG LoopRunner           - Stopping loop
21:33:09.118 [JavaFX Application Thread] DEBUG SystemBundleService  - Saving FXGL system data
21:33:09.119 [JavaFX Application Thread] DEBUG FileSystemAccess     - Writing to: E:\secondYear\Java\NewfoundlandRacer\system\fxgl.bundle
21:33:09.120 [JavaFX Application Thread] DEBUG GameApplication      - Shutting down background threads
21:33:09.120 [JavaFX Application Thread] DEBUG GameApplication      - Closing logger and exiting JavaFX
