21:33:41.098 [main                     ] DEBUG GameApplication      - Logger initialized
21:33:41.102 [main                     ] DEBUG GameApplication      - Logging settings
Title: Newfoundland Moose Collision
Version: 0.1
Width: 840
Height: 650
Fullscreen: false
Intro: false
Profiling: false
Single step:false
App Mode: DEVELOPER
Menu Key: ESCAPE
Stage Style: DECORATED
Scene Factory: class MooseGame.NewfoundRacerApp$1

21:33:41.410 [JavaFX Application Thread] DEBUG GameApplication      - Initializing FXGL
21:33:41.420 [JavaFX Application Thread] INFO  Engine               - FXGL-11.9 (27.05.2020 17.06) on WINDOWS (J:14.0.1 FX:13.0.2)
21:33:41.420 [JavaFX Application Thread] DEBUG Engine               - JRE Vendor Name: Oracle Corporation
21:33:41.421 [JavaFX Application Thread] DEBUG Engine               - Running on OS: Windows 10 version 10.0
21:33:41.421 [JavaFX Application Thread] DEBUG Engine               - Architecture: amd64
21:33:41.421 [JavaFX Application Thread] INFO  Engine               - Source code and latest versions at: https://github.com/AlmasB/FXGL
21:33:41.421 [JavaFX Application Thread] INFO  Engine               -              Join the FXGL chat at: https://gitter.im/AlmasB/FXGL
21:33:41.501 [JavaFX Application Thread] DEBUG MainWindow           - Creating a JavaFX scene
21:33:41.539 [JavaFX Application Thread] DEBUG MainWindow           - Target settings size: 840.0 x 650.0
21:33:41.539 [JavaFX Application Thread] DEBUG MainWindow           - Scaled scene size:    840.0 x 650.0
21:33:41.540 [JavaFX Application Thread] DEBUG MainWindow           - Scaled ratio: (1.0, 1.0)
21:33:41.541 [JavaFX Application Thread] DEBUG MainWindow           - Set initial scene to FXGLStartupScene
21:33:41.545 [JavaFX Application Thread] DEBUG MainWindow           - Opening main window
21:33:41.619 [JavaFX Application Thread] DEBUG MainWindow           - Window border size: (16.0, 39.0)
21:33:41.619 [JavaFX Application Thread] DEBUG MainWindow           - Scaled size: 840.0 x 650.0
21:33:41.619 [JavaFX Application Thread] DEBUG MainWindow           - Scaled ratio: (1.0, 1.0)
21:33:41.619 [JavaFX Application Thread] DEBUG MainWindow           - Scene size: 840.0 x 650.0
21:33:41.619 [JavaFX Application Thread] DEBUG MainWindow           - Stage size: 856.0 x 689.0
21:33:41.625 [FXGL Background Thread 1 ] DEBUG Engine               - Initializing environment variables
21:33:41.645 [FXGL Background Thread 1 ] DEBUG WindowService        - Applying CSS: fxgl_dark.css
21:33:41.646 [FXGL Background Thread 1 ] DEBUG AssetLoaderService   - Loading from file system: /assets/ui/css/fxgl_dark.css
21:33:41.677 [FXGL Background Thread 1 ] DEBUG WindowService        - Initializing application scenes
21:33:41.698 [FXGL Background Thread 1 ] DEBUG GameWorld            - Game world initialized
21:33:41.726 [FXGL Background Thread 1 ] DEBUG PhysicsWorld         - Physics world initialized: appHeight=650, physics.ppm=50.0
21:33:41.728 [FXGL Background Thread 1 ] DEBUG GameScene            - Game scene initialized: 840x650
21:33:41.750 [FXGL Background Thread 1 ] DEBUG AssetLoaderService   - Loading from file system: /assets/textures/particles/trace_horizontal.png
21:33:41.789 [FXGL Background Thread 1 ] DEBUG FXGL.DefaultMenu     - createMenuBodyGameMenu()
21:33:41.799 [FXGL Background Thread 1 ] DEBUG FXGL.DefaultMenu     - createOptionsMenu()
21:33:41.802 [FXGL Background Thread 1 ] DEBUG AssetLoaderService   - Loading from file system: /assets/textures/particles/smoke.png
21:33:41.841 [FXGL Background Thread 1 ] DEBUG WindowService        - Application scenes initialized
21:33:41.847 [FXGL Background Thread 1 ] DEBUG SystemBundleService  - Loading FXGL system data
21:33:41.850 [FXGL Background Thread 1 ] DEBUG FileSystemAccess     - Reading from: E:\secondYear\Java\NewfoundlandRacer\system\fxgl.bundle
21:33:41.854 [FXGL Background Thread 1 ] DEBUG SystemBundleService  - Bundle FXGL: {}
21:33:41.854 [FXGL Background Thread 1 ] INFO  Engine               - FXGL initialization took: 0.227 sec
21:33:41.855 [FXGL Background Thread 1 ] DEBUG GameApplication      - Loading localizations
21:33:41.856 [FXGL Background Thread 1 ] DEBUG AssetLoaderService   - Loading from file system: /assets/languages/english.lang
21:33:41.864 [FXGL Background Thread 1 ] DEBUG AssetLoaderService   - Loading from file system: /assets/languages/french.lang
21:33:41.865 [FXGL Background Thread 1 ] DEBUG AssetLoaderService   - Loading from file system: /assets/languages/german.lang
21:33:41.866 [FXGL Background Thread 1 ] DEBUG AssetLoaderService   - Loading from file system: /assets/languages/hungarian.lang
21:33:41.868 [FXGL Background Thread 1 ] DEBUG AssetLoaderService   - Loading from file system: /assets/languages/russian.lang
21:33:41.869 [FXGL Background Thread 1 ] DEBUG GameApplication      - Registering font factories with UI factory
21:33:41.870 [FXGL Background Thread 1 ] DEBUG AssetLoaderService   - Loading from file system: /assets/ui/fonts/VarelaRound-Regular.ttf
21:33:41.899 [FXGL Background Thread 1 ] DEBUG AssetLoaderService   - Loading from file system: /assets/ui/fonts/Abel-Regular.ttf
21:33:41.901 [FXGL Background Thread 1 ] DEBUG AssetLoaderService   - Loading from file system: /assets/ui/fonts/lucida_console.ttf
21:33:41.904 [FXGL Background Thread 1 ] DEBUG AssetLoaderService   - Loading from file system: /assets/ui/fonts/Courier-Prime.ttf
21:33:41.913 [JavaFX Application Thread] DEBUG Input                - Registered new binding: Move Right - D
21:33:41.913 [JavaFX Application Thread] DEBUG Input                - Registered new binding: Move Left - A
21:33:41.914 [JavaFX Application Thread] DEBUG Input                - Registered new binding: Move Up - W
21:33:41.914 [JavaFX Application Thread] DEBUG Input                - Registered new binding: Move Down - S
21:33:41.914 [JavaFX Application Thread] DEBUG AssetLoaderService   - Loading from file system: /assets/textures/fxgl_icon.png
21:33:41.928 [JavaFX Application Thread] DEBUG AssetLoaderService   - Loading from file system: /assets/ui/cursors/fxgl_default.png
21:33:41.930 [JavaFX Application Thread] DEBUG Input                - Registered new binding: Screenshot - P
21:33:41.931 [JavaFX Application Thread] DEBUG Input                - Registered new binding: System info dump - CTRL+9
21:33:41.931 [JavaFX Application Thread] DEBUG Input                - Registered new binding: Restart - CTRL+R
21:33:41.932 [JavaFX Application Thread] DEBUG LoopRunner           - Starting loop
21:33:41.945 [JavaFX Application Thread] DEBUG FXGLStartupScene     - STARTUP
21:33:41.946 [JavaFX Application Thread] DEBUG Input                - Clearing active input actions
21:33:41.953 [JavaFX Application Thread] DEBUG WindowService        - Removing overlay from FXGLStartupScene and adding to 
21:33:41.953 [JavaFX Application Thread] DEBUG MainWindow           - FXGLStartupScene -> 
21:33:41.953 [JavaFX Application Thread] DEBUG MainWindow           - Push state: NewfoundlandRacerMainMenu
21:33:41.953 [JavaFX Application Thread] DEBUG Input                - Clearing active input actions
21:33:41.956 [JavaFX Application Thread] DEBUG WindowService        - Removing overlay from  and adding to NewfoundlandRacerMainMenu
21:33:41.956 [JavaFX Application Thread] DEBUG MainWindow           -  -> NewfoundlandRacerMainMenu
21:33:42.449 [JavaFX Application Thread] DEBUG Menu                 - fireNewGame()
21:33:42.449 [JavaFX Application Thread] DEBUG WindowService        - Starting new game
21:33:42.449 [JavaFX Application Thread] DEBUG MainWindow           - Pop state: NewfoundlandRacerMainMenu
21:33:42.450 [JavaFX Application Thread] DEBUG Input                - Clearing active input actions
21:33:42.450 [JavaFX Application Thread] DEBUG WindowService        - Removing overlay from NewfoundlandRacerMainMenu and adding to 
21:33:42.451 [JavaFX Application Thread] DEBUG MainWindow           -  <- NewfoundlandRacerMainMenu
21:33:42.451 [JavaFX Application Thread] DEBUG Input                - Clearing active input actions
21:33:42.456 [JavaFX Application Thread] DEBUG WindowService        - Removing overlay from  and adding to FXGLLoadingScene
21:33:42.457 [JavaFX Application Thread] DEBUG MainWindow           -  -> FXGLLoadingScene
21:33:42.457 [JavaFX Application Thread] DEBUG WindowService        - Clearing previous game
21:33:42.457 [JavaFX Application Thread] DEBUG GameScene            - Clearing game scene
21:33:42.457 [JavaFX Application Thread] DEBUG GameWorld            - Clearing game world
21:33:42.457 [JavaFX Application Thread] DEBUG PhysicsWorld         - Clearing physics world
21:33:42.458 [FXGL Background Thread 1 ] DEBUG GameApplication      - Initializing game
21:33:42.463 [FXGL Background Thread 1 ] DEBUG AssetLoaderService   - Loading from file system: /assets/textures/4lanehighway.png
21:33:42.529 [FXGL Background Thread 1 ] DEBUG AssetLoaderService   - Loading from file system: /assets/textures/player.png
21:33:42.540 [FXGL Background Thread 1 ] INFO  GameApplication      - Game initialization took: 0.082 sec
21:33:42.540 [JavaFX Application Thread] DEBUG Input                - Clearing active input actions
21:33:42.546 [JavaFX Application Thread] DEBUG WindowService        - Removing overlay from FXGLLoadingScene and adding to GameScene
21:33:42.546 [JavaFX Application Thread] DEBUG MainWindow           - FXGLLoadingScene -> GameScene
21:33:43.463 [JavaFX Application Thread] DEBUG AssetLoaderService   - Loading from file system: /assets/textures/cowmoosespriterunning.png
21:33:43.466 [JavaFX Application Thread] DEBUG AssetLoaderService   - Loading from cache: /assets/textures/cowmoosespriterunning.png
21:33:43.878 [JavaFX Application Thread] DEBUG AssetLoaderService   - Loading from file system: /assets/textures/driver0.png
21:33:44.308 [JavaFX Application Thread] DEBUG AssetLoaderService   - Loading from cache: /assets/textures/cowmoosespriterunning.png
21:33:44.309 [JavaFX Application Thread] DEBUG AssetLoaderService   - Loading from cache: /assets/textures/cowmoosespriterunning.png
21:33:44.720 [JavaFX Application Thread] DEBUG AssetLoaderService   - Loading from file system: /assets/textures/pothole.png
21:33:44.856 [FXGL Background Thread 2 ] DEBUG Engine               - Logging environment variables
21:33:44.857 [FXGL Background Thread 2 ] DEBUG Engine               - achievements: []
21:33:44.857 [FXGL Background Thread 2 ] DEBUG Engine               - appIcon: fxgl_icon.png
21:33:44.857 [FXGL Background Thread 2 ] DEBUG Engine               - applicationMode: DEVELOPER
21:33:44.857 [FXGL Background Thread 2 ] DEBUG Engine               - cSSList: [fxgl_dark.css]
21:33:44.857 [FXGL Background Thread 2 ] DEBUG Engine               - configClass: Optional.empty
21:33:44.858 [FXGL Background Thread 2 ] DEBUG Engine               - credits: []
21:33:44.858 [FXGL Background Thread 2 ] DEBUG Engine               - devBBoxColorProperty: ObjectProperty [value: 0xff0000ff]
21:33:44.858 [FXGL Background Thread 2 ] DEBUG Engine               - devSensorColorProperty: ObjectProperty [value: 0xffff00ff]
21:33:44.858 [FXGL Background Thread 2 ] DEBUG Engine               - devShowBBoxProperty: BooleanProperty [value: false]
21:33:44.859 [FXGL Background Thread 2 ] DEBUG Engine               - devShowPositionProperty: BooleanProperty [value: false]
21:33:44.859 [FXGL Background Thread 2 ] DEBUG Engine               - enabledMenuItems: []
21:33:44.859 [FXGL Background Thread 2 ] DEBUG Engine               - engineServices: [class com.almasb.fxgl.app.GameApplication$GameApplicationService, class com.almasb.fxgl.app.services.WindowService, class com.almasb.fxgl.app.services.FXGLDialogService, class com.almasb.fxgl.app.services.IOTaskExecutorService, class com.almasb.fxgl.event.EventBusService, class com.almasb.fxgl.io.FileSystemService, class com.almasb.fxgl.localization.LocalizationService, class com.almasb.fxgl.app.services.AssetLoaderService, class com.almasb.fxgl.app.services.SystemBundleService, class com.almasb.fxgl.profile.SaveLoadService, class com.almasb.fxgl.ui.FXGLUIFactoryServiceProvider, class com.almasb.fxgl.ui.FXGLDialogFactoryServiceProvider, class com.almasb.fxgl.audio.AudioPlayer, class com.almasb.fxgl.notification.impl.NotificationServiceProvider, class com.almasb.fxgl.achievement.AchievementService, class com.almasb.fxgl.cutscene.CutsceneService, class com.almasb.fxgl.minigames.MiniGameService, class com.almasb.fxgl.net.NetService, class com.almasb.fxgl.app.services.UpdaterService, class com.almasb.fxgl.dev.DevService]
21:33:44.859 [FXGL Background Thread 2 ] DEBUG Engine               - fontGame: Abel-Regular.ttf
21:33:44.859 [FXGL Background Thread 2 ] DEBUG Engine               - fontMono: lucida_console.ttf
21:33:44.860 [FXGL Background Thread 2 ] DEBUG Engine               - fontText: Courier-Prime.ttf
21:33:44.860 [FXGL Background Thread 2 ] DEBUG Engine               - fontUI: VarelaRound-Regular.ttf
21:33:44.860 [FXGL Background Thread 2 ] DEBUG Engine               - fullScreen: BooleanProperty [value: false]
21:33:44.860 [FXGL Background Thread 2 ] DEBUG Engine               - gameDifficulty: MEDIUM
21:33:44.860 [FXGL Background Thread 2 ] DEBUG Engine               - gameDifficultyProperty: ObjectProperty [value: MEDIUM]
21:33:44.861 [FXGL Background Thread 2 ] DEBUG Engine               - globalMusicVolume: 0.5
21:33:44.861 [FXGL Background Thread 2 ] DEBUG Engine               - globalMusicVolumeProperty: DoubleProperty [value: 0.5]
21:33:44.861 [FXGL Background Thread 2 ] DEBUG Engine               - globalSoundVolume: 0.5
21:33:44.861 [FXGL Background Thread 2 ] DEBUG Engine               - globalSoundVolumeProperty: DoubleProperty [value: 0.5]
21:33:44.861 [FXGL Background Thread 2 ] DEBUG Engine               - height: 650
21:33:44.861 [FXGL Background Thread 2 ] DEBUG Engine               - isAndroid: false
21:33:44.862 [FXGL Background Thread 2 ] DEBUG Engine               - isBrowser: false
21:33:44.862 [FXGL Background Thread 2 ] DEBUG Engine               - isClickFeedbackEnabled: false
21:33:44.862 [FXGL Background Thread 2 ] DEBUG Engine               - isCloseConfirmation: false
21:33:44.862 [FXGL Background Thread 2 ] DEBUG Engine               - isDesktop: true
21:33:44.862 [FXGL Background Thread 2 ] DEBUG Engine               - isDeveloperMenuEnabled: false
21:33:44.862 [FXGL Background Thread 2 ] DEBUG Engine               - isExperimentalNative: false
21:33:44.862 [FXGL Background Thread 2 ] DEBUG Engine               - isExperimentalTiledLargeMap: false
21:33:44.863 [FXGL Background Thread 2 ] DEBUG Engine               - isFullScreenAllowed: false
21:33:44.863 [FXGL Background Thread 2 ] DEBUG Engine               - isFullScreenFromStart: false
21:33:44.863 [FXGL Background Thread 2 ] DEBUG Engine               - isGameMenuEnabled: true
21:33:44.863 [FXGL Background Thread 2 ] DEBUG Engine               - isIOS: false
21:33:44.863 [FXGL Background Thread 2 ] DEBUG Engine               - isIntroEnabled: false
21:33:44.864 [FXGL Background Thread 2 ] DEBUG Engine               - isLinux: false
21:33:44.864 [FXGL Background Thread 2 ] DEBUG Engine               - isMac: false
21:33:44.864 [FXGL Background Thread 2 ] DEBUG Engine               - isMainMenuEnabled: true
21:33:44.864 [FXGL Background Thread 2 ] DEBUG Engine               - isManualResizeEnabled: false
21:33:44.864 [FXGL Background Thread 2 ] DEBUG Engine               - isMobile: false
21:33:44.864 [FXGL Background Thread 2 ] DEBUG Engine               - isPreserveResizeRatio: false
21:33:44.864 [FXGL Background Thread 2 ] DEBUG Engine               - isProfilingEnabled: false
21:33:44.865 [FXGL Background Thread 2 ] DEBUG Engine               - isSingleStep: false
21:33:44.865 [FXGL Background Thread 2 ] DEBUG Engine               - isUserProfileEnabled: false
21:33:44.865 [FXGL Background Thread 2 ] DEBUG Engine               - isWindows: true
21:33:44.865 [FXGL Background Thread 2 ] DEBUG Engine               - language: ObjectProperty [value: ENGLISH]
21:33:44.865 [FXGL Background Thread 2 ] DEBUG Engine               - mainWindow: com.almasb.fxgl.app.MainWindow@787ff0f2
21:33:44.865 [FXGL Background Thread 2 ] DEBUG Engine               - menuKey: ESCAPE
21:33:44.865 [FXGL Background Thread 2 ] DEBUG Engine               - notificationViewClass: class com.almasb.fxgl.notification.view.XboxNotificationView
21:33:44.866 [FXGL Background Thread 2 ] DEBUG Engine               - pixelsPerMeter: 50.0
21:33:44.866 [FXGL Background Thread 2 ] DEBUG Engine               - platform: WINDOWS
21:33:44.866 [FXGL Background Thread 2 ] DEBUG Engine               - profileDir: profiles/
21:33:44.866 [FXGL Background Thread 2 ] DEBUG Engine               - profileName: StringProperty [value: DEFAULT]
21:33:44.866 [FXGL Background Thread 2 ] DEBUG Engine               - randomSeed: -1
21:33:44.866 [FXGL Background Thread 2 ] DEBUG Engine               - runtimeInfo: RuntimeInfo(platform=WINDOWS, version=11.9, build=27.05.2020 17.06)
21:33:44.866 [FXGL Background Thread 2 ] DEBUG Engine               - saveFileExt: sav
21:33:44.867 [FXGL Background Thread 2 ] DEBUG Engine               - sceneFactory: MooseGame.NewfoundRacerApp$1@3d7d7199
21:33:44.867 [FXGL Background Thread 2 ] DEBUG Engine               - secondsIn24h: 60
21:33:44.867 [FXGL Background Thread 2 ] DEBUG Engine               - settings: Title: Newfoundland Moose Collision
Version: 0.1
Width: 840
Height: 650
Fullscreen: false
Intro: false
Profiling: false
Single step:false
App Mode: DEVELOPER
Menu Key: ESCAPE
Stage Style: DECORATED
Scene Factory: class MooseGame.NewfoundRacerApp$1

21:33:44.867 [FXGL Background Thread 2 ] DEBUG Engine               - soundMenuBack: menu/back.wav
21:33:44.867 [FXGL Background Thread 2 ] DEBUG Engine               - soundMenuPress: menu/press.wav
21:33:44.867 [FXGL Background Thread 2 ] DEBUG Engine               - soundMenuSelect: menu/select.wav
21:33:44.867 [FXGL Background Thread 2 ] DEBUG Engine               - soundNotification: core/notification.wav
21:33:44.868 [FXGL Background Thread 2 ] DEBUG Engine               - stageStyle: DECORATED
21:33:44.868 [FXGL Background Thread 2 ] DEBUG Engine               - supportedLanguages: [ENGLISH, FRENCH, GERMAN, HUNGARIAN, RUSSIAN]
21:33:44.868 [FXGL Background Thread 2 ] DEBUG Engine               - title: Newfoundland Moose Collision
21:33:44.868 [FXGL Background Thread 2 ] DEBUG Engine               - urlGithub: https://github.com/AlmasB/FXGL
21:33:44.868 [FXGL Background Thread 2 ] DEBUG Engine               - urlLeaderboard: http://fxgl-top.herokuapp.com/
21:33:44.868 [FXGL Background Thread 2 ] DEBUG Engine               - urlPOM: https://raw.githubusercontent.com/AlmasB/FXGL/master/pom.xml
21:33:44.868 [FXGL Background Thread 2 ] DEBUG Engine               - version: 0.1
21:33:44.869 [FXGL Background Thread 2 ] DEBUG Engine               - versionCheckDays: 7
21:33:44.869 [FXGL Background Thread 2 ] DEBUG Engine               - width: 840
21:33:44.869 [FXGL Background Thread 2 ] DEBUG Engine               - Logging services
21:33:44.869 [FXGL Background Thread 2 ] DEBUG Engine               - class com.almasb.fxgl.app.GameApplication$GameApplicationService
21:33:44.869 [FXGL Background Thread 2 ] DEBUG Engine               - class com.almasb.fxgl.app.services.WindowService
21:33:44.869 [FXGL Background Thread 2 ] DEBUG Engine               - class com.almasb.fxgl.app.services.FXGLDialogService
21:33:44.869 [FXGL Background Thread 2 ] DEBUG Engine               - class com.almasb.fxgl.app.services.IOTaskExecutorService
21:33:44.870 [FXGL Background Thread 2 ] DEBUG Engine               - class com.almasb.fxgl.event.EventBusService
21:33:44.870 [FXGL Background Thread 2 ] DEBUG Engine               - class com.almasb.fxgl.io.FileSystemService
21:33:44.870 [FXGL Background Thread 2 ] DEBUG Engine               - class com.almasb.fxgl.localization.LocalizationService
21:33:44.870 [FXGL Background Thread 2 ] DEBUG Engine               - class com.almasb.fxgl.app.services.AssetLoaderService
21:33:44.870 [FXGL Background Thread 2 ] DEBUG Engine               - class com.almasb.fxgl.app.services.SystemBundleService
21:33:44.871 [FXGL Background Thread 2 ] DEBUG Engine               - class com.almasb.fxgl.profile.SaveLoadService
21:33:44.871 [FXGL Background Thread 2 ] DEBUG Engine               - class com.almasb.fxgl.ui.FXGLUIFactoryServiceProvider
21:33:44.871 [FXGL Background Thread 2 ] DEBUG Engine               - class com.almasb.fxgl.ui.FXGLDialogFactoryServiceProvider
21:33:44.871 [FXGL Background Thread 2 ] DEBUG Engine               - class com.almasb.fxgl.audio.AudioPlayer
21:33:44.871 [FXGL Background Thread 2 ] DEBUG Engine               - class com.almasb.fxgl.notification.impl.NotificationServiceProvider
21:33:44.871 [FXGL Background Thread 2 ] DEBUG Engine               - class com.almasb.fxgl.achievement.AchievementService
21:33:44.871 [FXGL Background Thread 2 ] DEBUG Engine               - class com.almasb.fxgl.cutscene.CutsceneService
21:33:44.871 [FXGL Background Thread 2 ] DEBUG Engine               - class com.almasb.fxgl.minigames.MiniGameService
21:33:44.871 [FXGL Background Thread 2 ] DEBUG Engine               - class com.almasb.fxgl.net.NetService
21:33:44.871 [FXGL Background Thread 2 ] DEBUG Engine               - class com.almasb.fxgl.app.services.UpdaterService
21:33:44.871 [FXGL Background Thread 2 ] DEBUG Engine               - class com.almasb.fxgl.dev.DevService
21:33:45.174 [JavaFX Application Thread] DEBUG AssetLoaderService   - Loading from file system: /assets/textures/driver4.png
21:33:45.183 [JavaFX Application Thread] DEBUG AssetLoaderService   - Loading from cache: /assets/textures/cowmoosespriterunning.png
21:33:45.183 [JavaFX Application Thread] DEBUG AssetLoaderService   - Loading from cache: /assets/textures/cowmoosespriterunning.png
21:33:45.406 [JavaFX Application Thread] DEBUG MainWindow           - Push state: DialogSubScene
21:33:45.406 [JavaFX Application Thread] DEBUG Input                - Clearing active input actions
21:33:45.411 [JavaFX Application Thread] DEBUG WindowService        - Removing overlay from GameScene and adding to DialogSubScene
21:33:45.412 [JavaFX Application Thread] DEBUG MainWindow           - GameScene -> DialogSubScene
21:33:46.441 [JavaFX Application Thread] DEBUG MainWindow           - Pop state: DialogSubScene
21:33:46.441 [JavaFX Application Thread] DEBUG Input                - Clearing active input actions
21:33:46.441 [JavaFX Application Thread] DEBUG WindowService        - Removing overlay from DialogSubScene and adding to GameScene
21:33:46.442 [JavaFX Application Thread] DEBUG MainWindow           - GameScene <- DialogSubScene
21:33:47.059 [JavaFX Application Thread] DEBUG AssetLoaderService   - Loading from cache: /assets/textures/cowmoosespriterunning.png
21:33:47.059 [JavaFX Application Thread] DEBUG AssetLoaderService   - Loading from cache: /assets/textures/cowmoosespriterunning.png
21:33:47.463 [JavaFX Application Thread] DEBUG AssetLoaderService   - Loading from file system: /assets/textures/driver2.png
21:33:47.870 [JavaFX Application Thread] DEBUG AssetLoaderService   - Loading from file system: /assets/textures/coin.png
21:33:47.877 [JavaFX Application Thread] DEBUG AssetLoaderService   - Loading from cache: /assets/textures/pothole.png
21:33:47.894 [JavaFX Application Thread] DEBUG AssetLoaderService   - Loading from cache: /assets/textures/cowmoosespriterunning.png
21:33:47.894 [JavaFX Application Thread] DEBUG AssetLoaderService   - Loading from cache: /assets/textures/cowmoosespriterunning.png
21:33:48.718 [JavaFX Application Thread] DEBUG AssetLoaderService   - Loading from cache: /assets/textures/driver2.png
21:33:48.726 [JavaFX Application Thread] DEBUG AssetLoaderService   - Loading from cache: /assets/textures/cowmoosespriterunning.png
21:33:48.727 [JavaFX Application Thread] DEBUG AssetLoaderService   - Loading from cache: /assets/textures/cowmoosespriterunning.png
21:33:49.567 [JavaFX Application Thread] DEBUG AssetLoaderService   - Loading from cache: /assets/textures/cowmoosespriterunning.png
21:33:49.569 [JavaFX Application Thread] DEBUG AssetLoaderService   - Loading from cache: /assets/textures/cowmoosespriterunning.png
21:33:49.958 [JavaFX Application Thread] DEBUG AssetLoaderService   - Loading from cache: /assets/textures/pothole.png
21:33:49.968 [JavaFX Application Thread] DEBUG AssetLoaderService   - Loading from cache: /assets/textures/driver4.png
21:33:50.401 [JavaFX Application Thread] DEBUG AssetLoaderService   - Loading from cache: /assets/textures/cowmoosespriterunning.png
21:33:50.404 [JavaFX Application Thread] DEBUG AssetLoaderService   - Loading from cache: /assets/textures/cowmoosespriterunning.png
21:33:51.222 [JavaFX Application Thread] DEBUG AssetLoaderService   - Loading from file system: /assets/textures/driver1.png
21:33:51.238 [JavaFX Application Thread] DEBUG AssetLoaderService   - Loading from cache: /assets/textures/cowmoosespriterunning.png
21:33:51.239 [JavaFX Application Thread] DEBUG AssetLoaderService   - Loading from cache: /assets/textures/cowmoosespriterunning.png
21:33:52.038 [JavaFX Application Thread] DEBUG AssetLoaderService   - Loading from cache: /assets/textures/coin.png
21:33:52.051 [JavaFX Application Thread] DEBUG AssetLoaderService   - Loading from cache: /assets/textures/pothole.png
21:33:52.079 [JavaFX Application Thread] DEBUG AssetLoaderService   - Loading from cache: /assets/textures/cowmoosespriterunning.png
21:33:52.080 [JavaFX Application Thread] DEBUG AssetLoaderService   - Loading from cache: /assets/textures/cowmoosespriterunning.png
21:33:52.484 [JavaFX Application Thread] DEBUG AssetLoaderService   - Loading from cache: /assets/textures/driver1.png
21:33:52.918 [JavaFX Application Thread] DEBUG AssetLoaderService   - Loading from cache: /assets/textures/cowmoosespriterunning.png
21:33:52.919 [JavaFX Application Thread] DEBUG AssetLoaderService   - Loading from cache: /assets/textures/cowmoosespriterunning.png
21:33:53.741 [JavaFX Application Thread] DEBUG AssetLoaderService   - Loading from cache: /assets/textures/driver2.png
21:33:53.762 [JavaFX Application Thread] DEBUG AssetLoaderService   - Loading from cache: /assets/textures/cowmoosespriterunning.png
21:33:53.764 [JavaFX Application Thread] DEBUG AssetLoaderService   - Loading from cache: /assets/textures/cowmoosespriterunning.png
21:33:54.141 [JavaFX Application Thread] DEBUG AssetLoaderService   - Loading from cache: /assets/textures/pothole.png
21:33:54.600 [JavaFX Application Thread] DEBUG AssetLoaderService   - Loading from cache: /assets/textures/cowmoosespriterunning.png
21:33:54.602 [JavaFX Application Thread] DEBUG AssetLoaderService   - Loading from cache: /assets/textures/cowmoosespriterunning.png
21:33:54.998 [JavaFX Application Thread] DEBUG AssetLoaderService   - Loading from cache: /assets/textures/driver0.png
21:33:55.440 [JavaFX Application Thread] DEBUG AssetLoaderService   - Loading from cache: /assets/textures/cowmoosespriterunning.png
21:33:55.441 [JavaFX Application Thread] DEBUG AssetLoaderService   - Loading from cache: /assets/textures/cowmoosespriterunning.png
21:33:56.211 [JavaFX Application Thread] DEBUG AssetLoaderService   - Loading from cache: /assets/textures/coin.png
21:33:56.231 [JavaFX Application Thread] DEBUG AssetLoaderService   - Loading from cache: /assets/textures/pothole.png
21:33:56.247 [JavaFX Application Thread] DEBUG AssetLoaderService   - Loading from file system: /assets/textures/driver3.png
21:33:56.278 [JavaFX Application Thread] DEBUG AssetLoaderService   - Loading from cache: /assets/textures/cowmoosespriterunning.png
21:33:56.278 [JavaFX Application Thread] DEBUG AssetLoaderService   - Loading from cache: /assets/textures/cowmoosespriterunning.png
21:33:56.841 [JavaFX Application Thread] DEBUG MainWindow           - Push state: DialogSubScene
21:33:56.841 [JavaFX Application Thread] DEBUG Input                - Clearing active input actions
21:33:56.843 [JavaFX Application Thread] DEBUG WindowService        - Removing overlay from GameScene and adding to DialogSubScene
21:33:56.844 [JavaFX Application Thread] DEBUG MainWindow           - GameScene -> DialogSubScene
21:33:57.383 [JavaFX Application Thread] DEBUG MainWindow           - Pop state: DialogSubScene
21:33:57.383 [JavaFX Application Thread] DEBUG Input                - Clearing active input actions
21:33:57.384 [JavaFX Application Thread] DEBUG WindowService        - Removing overlay from DialogSubScene and adding to GameScene
21:33:57.384 [JavaFX Application Thread] DEBUG MainWindow           - GameScene <- DialogSubScene
21:33:57.665 [JavaFX Application Thread] DEBUG AssetLoaderService   - Loading from cache: /assets/textures/cowmoosespriterunning.png
21:33:57.666 [JavaFX Application Thread] DEBUG AssetLoaderService   - Loading from cache: /assets/textures/cowmoosespriterunning.png
21:33:58.054 [JavaFX Application Thread] DEBUG AssetLoaderService   - Loading from cache: /assets/textures/driver3.png
21:33:58.243 [JavaFX Application Thread] DEBUG MainWindow           - Push state: DialogSubScene
21:33:58.243 [JavaFX Application Thread] DEBUG Input                - Clearing active input actions
21:33:58.246 [JavaFX Application Thread] DEBUG WindowService        - Removing overlay from GameScene and adding to DialogSubScene
21:33:58.247 [JavaFX Application Thread] DEBUG MainWindow           - GameScene -> DialogSubScene
21:33:58.739 [JavaFX Application Thread] DEBUG MainWindow           - Pop state: DialogSubScene
21:33:58.740 [JavaFX Application Thread] DEBUG Input                - Clearing active input actions
21:33:58.740 [JavaFX Application Thread] DEBUG WindowService        - Removing overlay from DialogSubScene and adding to GameScene
21:33:58.740 [JavaFX Application Thread] DEBUG MainWindow           - GameScene <- DialogSubScene
21:33:58.990 [JavaFX Application Thread] DEBUG AssetLoaderService   - Loading from cache: /assets/textures/cowmoosespriterunning.png
21:33:58.990 [JavaFX Application Thread] DEBUG AssetLoaderService   - Loading from cache: /assets/textures/cowmoosespriterunning.png
21:33:59.350 [JavaFX Application Thread] DEBUG AssetLoaderService   - Loading from cache: /assets/textures/pothole.png
21:33:59.795 [JavaFX Application Thread] DEBUG AssetLoaderService   - Loading from cache: /assets/textures/driver2.png
21:33:59.829 [JavaFX Application Thread] DEBUG AssetLoaderService   - Loading from cache: /assets/textures/cowmoosespriterunning.png
21:33:59.830 [JavaFX Application Thread] DEBUG AssetLoaderService   - Loading from cache: /assets/textures/cowmoosespriterunning.png
21:34:00.670 [JavaFX Application Thread] DEBUG AssetLoaderService   - Loading from cache: /assets/textures/cowmoosespriterunning.png
21:34:00.670 [JavaFX Application Thread] DEBUG AssetLoaderService   - Loading from cache: /assets/textures/cowmoosespriterunning.png
21:34:01.053 [JavaFX Application Thread] DEBUG AssetLoaderService   - Loading from cache: /assets/textures/driver3.png
21:34:01.413 [JavaFX Application Thread] DEBUG AssetLoaderService   - Loading from cache: /assets/textures/coin.png
21:34:01.441 [JavaFX Application Thread] DEBUG AssetLoaderService   - Loading from cache: /assets/textures/pothole.png
21:34:01.511 [JavaFX Application Thread] DEBUG AssetLoaderService   - Loading from cache: /assets/textures/cowmoosespriterunning.png
21:34:01.513 [JavaFX Application Thread] DEBUG AssetLoaderService   - Loading from cache: /assets/textures/cowmoosespriterunning.png
21:34:01.811 [JavaFX Application Thread] DEBUG MainWindow           - Push state: DialogSubScene
21:34:01.811 [JavaFX Application Thread] DEBUG Input                - Clearing active input actions
21:34:01.813 [JavaFX Application Thread] DEBUG WindowService        - Removing overlay from GameScene and adding to DialogSubScene
21:34:01.813 [JavaFX Application Thread] DEBUG MainWindow           - GameScene -> DialogSubScene
21:34:02.234 [JavaFX Application Thread] DEBUG MainWindow           - Pop state: DialogSubScene
21:34:02.234 [JavaFX Application Thread] DEBUG Input                - Clearing active input actions
21:34:02.235 [JavaFX Application Thread] DEBUG WindowService        - Removing overlay from DialogSubScene and adding to GameScene
21:34:02.235 [JavaFX Application Thread] DEBUG MainWindow           - GameScene <- DialogSubScene
21:34:02.734 [JavaFX Application Thread] DEBUG AssetLoaderService   - Loading from cache: /assets/textures/driver2.png
21:34:02.775 [JavaFX Application Thread] DEBUG AssetLoaderService   - Loading from cache: /assets/textures/cowmoosespriterunning.png
21:34:02.776 [JavaFX Application Thread] DEBUG AssetLoaderService   - Loading from cache: /assets/textures/cowmoosespriterunning.png
21:34:03.614 [JavaFX Application Thread] DEBUG AssetLoaderService   - Loading from cache: /assets/textures/cowmoosespriterunning.png
21:34:03.615 [JavaFX Application Thread] DEBUG AssetLoaderService   - Loading from cache: /assets/textures/cowmoosespriterunning.png
21:34:03.959 [JavaFX Application Thread] DEBUG AssetLoaderService   - Loading from cache: /assets/textures/pothole.png
21:34:03.990 [JavaFX Application Thread] DEBUG AssetLoaderService   - Loading from cache: /assets/textures/driver2.png
21:34:04.454 [JavaFX Application Thread] DEBUG AssetLoaderService   - Loading from cache: /assets/textures/cowmoosespriterunning.png
21:34:04.454 [JavaFX Application Thread] DEBUG AssetLoaderService   - Loading from cache: /assets/textures/cowmoosespriterunning.png
21:34:05.153 [JavaFX Application Thread] DEBUG AssetLoaderService   - Loading from file system: /assets/sounds/coincollect.wav
21:34:05.309 [JavaFX Application Thread] DEBUG AssetLoaderService   - Loading from cache: /assets/textures/driver3.png
21:34:05.357 [JavaFX Application Thread] DEBUG AssetLoaderService   - Loading from cache: /assets/textures/cowmoosespriterunning.png
21:34:05.357 [JavaFX Application Thread] DEBUG AssetLoaderService   - Loading from cache: /assets/textures/cowmoosespriterunning.png
21:34:06.071 [JavaFX Application Thread] DEBUG AssetLoaderService   - Loading from cache: /assets/textures/coin.png
21:34:06.103 [JavaFX Application Thread] DEBUG AssetLoaderService   - Loading from cache: /assets/textures/pothole.png
21:34:06.198 [JavaFX Application Thread] DEBUG AssetLoaderService   - Loading from cache: /assets/textures/cowmoosespriterunning.png
21:34:06.199 [JavaFX Application Thread] DEBUG AssetLoaderService   - Loading from cache: /assets/textures/cowmoosespriterunning.png
21:34:06.566 [JavaFX Application Thread] DEBUG AssetLoaderService   - Loading from cache: /assets/textures/driver4.png
21:34:06.881 [JavaFX Application Thread] DEBUG MainWindow           - Push state: DialogSubScene
21:34:06.881 [JavaFX Application Thread] DEBUG Input                - Clearing active input actions
21:34:06.884 [JavaFX Application Thread] DEBUG WindowService        - Removing overlay from GameScene and adding to DialogSubScene
21:34:06.884 [JavaFX Application Thread] DEBUG MainWindow           - GameScene -> DialogSubScene
21:34:07.693 [JavaFX Application Thread] DEBUG MainWindow           - Pop state: DialogSubScene
21:34:07.693 [JavaFX Application Thread] DEBUG Input                - Clearing active input actions
21:34:07.693 [JavaFX Application Thread] DEBUG WindowService        - Removing overlay from DialogSubScene and adding to GameScene
21:34:07.693 [JavaFX Application Thread] DEBUG MainWindow           - GameScene <- DialogSubScene
21:34:07.844 [JavaFX Application Thread] DEBUG AssetLoaderService   - Loading from cache: /assets/textures/cowmoosespriterunning.png
21:34:07.844 [JavaFX Application Thread] DEBUG AssetLoaderService   - Loading from cache: /assets/textures/cowmoosespriterunning.png
21:34:08.119 [JavaFX Application Thread] DEBUG MainWindow           - Push state: DialogSubScene
21:34:08.119 [JavaFX Application Thread] DEBUG Input                - Clearing active input actions
21:34:08.121 [JavaFX Application Thread] DEBUG WindowService        - Removing overlay from GameScene and adding to DialogSubScene
21:34:08.122 [JavaFX Application Thread] DEBUG MainWindow           - GameScene -> DialogSubScene
21:34:08.583 [JavaFX Application Thread] DEBUG MainWindow           - Pop state: DialogSubScene
21:34:08.583 [JavaFX Application Thread] DEBUG Input                - Clearing active input actions
21:34:08.584 [JavaFX Application Thread] DEBUG WindowService        - Removing overlay from DialogSubScene and adding to GameScene
21:34:08.584 [JavaFX Application Thread] DEBUG MainWindow           - GameScene <- DialogSubScene
21:34:08.886 [JavaFX Application Thread] DEBUG MainWindow           - Push state: DialogSubScene
21:34:08.886 [JavaFX Application Thread] DEBUG Input                - Clearing active input actions
21:34:08.886 [JavaFX Application Thread] DEBUG WindowService        - Removing overlay from GameScene and adding to DialogSubScene
21:34:08.887 [JavaFX Application Thread] DEBUG MainWindow           - GameScene -> DialogSubScene
21:34:09.290 [JavaFX Application Thread] DEBUG MainWindow           - Pop state: DialogSubScene
21:34:09.290 [JavaFX Application Thread] DEBUG Input                - Clearing active input actions
21:34:09.290 [JavaFX Application Thread] DEBUG WindowService        - Removing overlay from DialogSubScene and adding to GameScene
21:34:09.290 [JavaFX Application Thread] DEBUG MainWindow           - GameScene <- DialogSubScene
21:34:09.486 [JavaFX Application Thread] DEBUG MainWindow           - Push state: DialogSubScene
21:34:09.486 [JavaFX Application Thread] DEBUG Input                - Clearing active input actions
21:34:09.488 [JavaFX Application Thread] DEBUG WindowService        - Removing overlay from GameScene and adding to DialogSubScene
21:34:09.489 [JavaFX Application Thread] DEBUG MainWindow           - GameScene -> DialogSubScene
21:34:09.971 [JavaFX Application Thread] DEBUG MainWindow           - Pop state: DialogSubScene
21:34:09.971 [JavaFX Application Thread] DEBUG Input                - Clearing active input actions
21:34:09.971 [JavaFX Application Thread] DEBUG WindowService        - Removing overlay from DialogSubScene and adding to GameScene
21:34:09.971 [JavaFX Application Thread] DEBUG MainWindow           - GameScene <- DialogSubScene
21:34:09.974 [JavaFX Application Thread] DEBUG AssetLoaderService   - Loading from cache: /assets/textures/driver0.png
21:34:10.022 [JavaFX Application Thread] DEBUG AssetLoaderService   - Loading from cache: /assets/textures/cowmoosespriterunning.png
21:34:10.022 [JavaFX Application Thread] DEBUG AssetLoaderService   - Loading from cache: /assets/textures/cowmoosespriterunning.png
21:34:10.342 [JavaFX Application Thread] DEBUG AssetLoaderService   - Loading from cache: /assets/textures/pothole.png
21:34:10.864 [JavaFX Application Thread] DEBUG AssetLoaderService   - Loading from cache: /assets/textures/cowmoosespriterunning.png
21:34:10.865 [JavaFX Application Thread] DEBUG AssetLoaderService   - Loading from cache: /assets/textures/cowmoosespriterunning.png
21:34:11.260 [JavaFX Application Thread] DEBUG GameApplication      - Exiting FXGL
21:34:11.260 [JavaFX Application Thread] DEBUG LoopRunner           - Stopping loop
21:34:11.260 [JavaFX Application Thread] DEBUG SystemBundleService  - Saving FXGL system data
21:34:11.261 [JavaFX Application Thread] DEBUG FileSystemAccess     - Writing to: E:\secondYear\Java\NewfoundlandRacer\system\fxgl.bundle
21:34:11.262 [JavaFX Application Thread] DEBUG GameApplication      - Shutting down background threads
21:34:11.262 [JavaFX Application Thread] DEBUG GameApplication      - Closing logger and exiting JavaFX
