12:05:24.169 [main                     ] DEBUG GameApplication      - Logger initialized
12:05:24.173 [main                     ] DEBUG GameApplication      - Logging settings
Title: Newfoundland Moose Collision
Version: 1.0
Width: 840
Height: 650
Fullscreen: false
Intro: false
Profiling: false
Single step:false
App Mode: DEVELOPER
Menu Key: ESCAPE
Stage Style: DECORATED
Scene Factory: class MooseGame.NewfoundRacerApp$1

12:05:24.470 [JavaFX Application Thread] DEBUG GameApplication      - Initializing FXGL
12:05:24.480 [JavaFX Application Thread] INFO  Engine               - FXGL-11.9 (27.05.2020 17.06) on WINDOWS (J:14.0.1 FX:13.0.2)
12:05:24.481 [JavaFX Application Thread] DEBUG Engine               - JRE Vendor Name: Oracle Corporation
12:05:24.481 [JavaFX Application Thread] DEBUG Engine               - Running on OS: Windows 10 version 10.0
12:05:24.481 [JavaFX Application Thread] DEBUG Engine               - Architecture: amd64
12:05:24.482 [JavaFX Application Thread] INFO  Engine               - Source code and latest versions at: https://github.com/AlmasB/FXGL
12:05:24.482 [JavaFX Application Thread] INFO  Engine               -              Join the FXGL chat at: https://gitter.im/AlmasB/FXGL
12:05:24.566 [JavaFX Application Thread] DEBUG MainWindow           - Creating a JavaFX scene
12:05:24.603 [JavaFX Application Thread] DEBUG MainWindow           - Target settings size: 840.0 x 650.0
12:05:24.603 [JavaFX Application Thread] DEBUG MainWindow           - Scaled scene size:    840.0 x 650.0
12:05:24.603 [JavaFX Application Thread] DEBUG MainWindow           - Scaled ratio: (1.0, 1.0)
12:05:24.605 [JavaFX Application Thread] DEBUG MainWindow           - Set initial scene to FXGLStartupScene
12:05:24.609 [JavaFX Application Thread] DEBUG MainWindow           - Opening main window
12:05:24.687 [JavaFX Application Thread] DEBUG MainWindow           - Window border size: (16.0, 39.0)
12:05:24.688 [JavaFX Application Thread] DEBUG MainWindow           - Scaled size: 840.0 x 650.0
12:05:24.688 [JavaFX Application Thread] DEBUG MainWindow           - Scaled ratio: (1.0, 1.0)
12:05:24.688 [JavaFX Application Thread] DEBUG MainWindow           - Scene size: 840.0 x 650.0
12:05:24.688 [JavaFX Application Thread] DEBUG MainWindow           - Stage size: 856.0 x 689.0
12:05:24.694 [FXGL Background Thread 1 ] DEBUG Engine               - Initializing environment variables
12:05:24.716 [FXGL Background Thread 1 ] DEBUG WindowService        - Applying CSS: fxgl_dark.css
12:05:24.717 [FXGL Background Thread 1 ] DEBUG AssetLoaderService   - Loading from file system: /assets/ui/css/fxgl_dark.css
12:05:24.750 [FXGL Background Thread 1 ] DEBUG WindowService        - Initializing application scenes
12:05:24.772 [FXGL Background Thread 1 ] DEBUG GameWorld            - Game world initialized
12:05:24.798 [FXGL Background Thread 1 ] DEBUG PhysicsWorld         - Physics world initialized: appHeight=650, physics.ppm=50.0
12:05:24.800 [FXGL Background Thread 1 ] DEBUG GameScene            - Game scene initialized: 840x650
12:05:24.813 [FXGL Background Thread 1 ] DEBUG AssetLoaderService   - Loading from file system: /assets/music/8-Bit-Perplexion.mp3
12:05:24.940 [FXGL Background Thread 1 ] DEBUG AssetLoaderService   - Loading from file system: /assets/music/Caffeine-Crazed-Coin-Op-Kids.mp3
12:05:24.945 [FXGL Background Thread 1 ] DEBUG AudioPlayer          - Stopping music com.almasb.fxgl.audio.Music@50fabb07
12:05:24.946 [FXGL Background Thread 1 ] DEBUG AudioPlayer          - Playing music com.almasb.fxgl.audio.Music@3dcdc972
12:05:25.024 [FXGL Background Thread 1 ] DEBUG AssetLoaderService   - Loading from file system: /assets/textures/particles/trace_horizontal.png
12:05:25.050 [FXGL Background Thread 1 ] DEBUG FXGL.DefaultMenu     - createMenuBodyGameMenu()
12:05:25.058 [FXGL Background Thread 1 ] DEBUG FXGL.DefaultMenu     - createOptionsMenu()
12:05:25.061 [FXGL Background Thread 1 ] DEBUG AssetLoaderService   - Loading from file system: /assets/textures/particles/smoke.png
12:05:25.094 [FXGL Background Thread 1 ] DEBUG WindowService        - Application scenes initialized
12:05:25.100 [FXGL Background Thread 1 ] DEBUG SystemBundleService  - Loading FXGL system data
12:05:25.102 [FXGL Background Thread 1 ] DEBUG FileSystemAccess     - Reading from: E:\secondYear\Java\NewfoundlandRacer\system\fxgl.bundle
12:05:25.106 [FXGL Background Thread 1 ] DEBUG SystemBundleService  - Bundle FXGL: {}
12:05:25.106 [FXGL Background Thread 1 ] INFO  Engine               - FXGL initialization took: 0.409 sec
12:05:25.107 [FXGL Background Thread 1 ] DEBUG GameApplication      - Loading localizations
12:05:25.107 [FXGL Background Thread 1 ] DEBUG AssetLoaderService   - Loading from file system: /assets/languages/english.lang
12:05:25.115 [FXGL Background Thread 1 ] DEBUG AssetLoaderService   - Loading from file system: /assets/languages/french.lang
12:05:25.116 [FXGL Background Thread 1 ] DEBUG AssetLoaderService   - Loading from file system: /assets/languages/german.lang
12:05:25.118 [FXGL Background Thread 1 ] DEBUG AssetLoaderService   - Loading from file system: /assets/languages/hungarian.lang
12:05:25.119 [FXGL Background Thread 1 ] DEBUG AssetLoaderService   - Loading from file system: /assets/languages/russian.lang
12:05:25.120 [FXGL Background Thread 1 ] DEBUG GameApplication      - Registering font factories with UI factory
12:05:25.120 [FXGL Background Thread 1 ] DEBUG AssetLoaderService   - Loading from file system: /assets/ui/fonts/VarelaRound-Regular.ttf
12:05:25.147 [FXGL Background Thread 1 ] DEBUG AssetLoaderService   - Loading from file system: /assets/ui/fonts/Abel-Regular.ttf
12:05:25.149 [FXGL Background Thread 1 ] DEBUG AssetLoaderService   - Loading from file system: /assets/ui/fonts/lucida_console.ttf
12:05:25.153 [FXGL Background Thread 1 ] DEBUG AssetLoaderService   - Loading from file system: /assets/ui/fonts/Courier-Prime.ttf
12:05:25.161 [JavaFX Application Thread] DEBUG Input                - Registered new binding: Move Right - D
12:05:25.161 [JavaFX Application Thread] DEBUG Input                - Registered new binding: Move Left - A
12:05:25.162 [JavaFX Application Thread] DEBUG Input                - Registered new binding: Move Up - W
12:05:25.162 [JavaFX Application Thread] DEBUG Input                - Registered new binding: Move Down - S
12:05:25.162 [JavaFX Application Thread] DEBUG AssetLoaderService   - Loading from file system: /assets/textures/fxgl_icon.png
12:05:25.172 [JavaFX Application Thread] DEBUG AssetLoaderService   - Loading from file system: /assets/ui/cursors/fxgl_default.png
12:05:25.174 [JavaFX Application Thread] DEBUG Input                - Registered new binding: Screenshot - P
12:05:25.174 [JavaFX Application Thread] DEBUG Input                - Registered new binding: System info dump - CTRL+9
12:05:25.174 [JavaFX Application Thread] DEBUG Input                - Registered new binding: Restart - CTRL+R
12:05:25.175 [JavaFX Application Thread] DEBUG LoopRunner           - Starting loop
12:05:25.182 [JavaFX Application Thread] DEBUG FXGLStartupScene     - STARTUP
12:05:25.182 [JavaFX Application Thread] DEBUG Input                - Clearing active input actions
12:05:25.188 [JavaFX Application Thread] DEBUG WindowService        - Removing overlay from FXGLStartupScene and adding to 
12:05:25.189 [JavaFX Application Thread] DEBUG MainWindow           - FXGLStartupScene -> 
12:05:25.189 [JavaFX Application Thread] DEBUG MainWindow           - Push state: NewfoundlandRacerMainMenu
12:05:25.189 [JavaFX Application Thread] DEBUG Input                - Clearing active input actions
12:05:25.196 [JavaFX Application Thread] DEBUG WindowService        - Removing overlay from  and adding to NewfoundlandRacerMainMenu
12:05:25.196 [JavaFX Application Thread] DEBUG MainWindow           -  -> NewfoundlandRacerMainMenu
12:05:28.108 [FXGL Background Thread 2 ] DEBUG Engine               - Logging environment variables
12:05:28.108 [FXGL Background Thread 2 ] DEBUG Engine               - achievements: []
12:05:28.108 [FXGL Background Thread 2 ] DEBUG Engine               - appIcon: fxgl_icon.png
12:05:28.108 [FXGL Background Thread 2 ] DEBUG Engine               - applicationMode: DEVELOPER
12:05:28.108 [FXGL Background Thread 2 ] DEBUG Engine               - cSSList: [fxgl_dark.css]
12:05:28.108 [FXGL Background Thread 2 ] DEBUG Engine               - configClass: Optional.empty
12:05:28.108 [FXGL Background Thread 2 ] DEBUG Engine               - credits: []
12:05:28.108 [FXGL Background Thread 2 ] DEBUG Engine               - devBBoxColorProperty: ObjectProperty [value: 0xff0000ff]
12:05:28.108 [FXGL Background Thread 2 ] DEBUG Engine               - devSensorColorProperty: ObjectProperty [value: 0xffff00ff]
12:05:28.109 [FXGL Background Thread 2 ] DEBUG Engine               - devShowBBoxProperty: BooleanProperty [value: false]
12:05:28.109 [FXGL Background Thread 2 ] DEBUG Engine               - devShowPositionProperty: BooleanProperty [value: false]
12:05:28.109 [FXGL Background Thread 2 ] DEBUG Engine               - enabledMenuItems: []
12:05:28.109 [FXGL Background Thread 2 ] DEBUG Engine               - engineServices: [class com.almasb.fxgl.app.GameApplication$GameApplicationService, class com.almasb.fxgl.app.services.WindowService, class com.almasb.fxgl.app.services.FXGLDialogService, class com.almasb.fxgl.app.services.IOTaskExecutorService, class com.almasb.fxgl.event.EventBusService, class com.almasb.fxgl.io.FileSystemService, class com.almasb.fxgl.localization.LocalizationService, class com.almasb.fxgl.app.services.AssetLoaderService, class com.almasb.fxgl.app.services.SystemBundleService, class com.almasb.fxgl.profile.SaveLoadService, class com.almasb.fxgl.ui.FXGLUIFactoryServiceProvider, class com.almasb.fxgl.ui.FXGLDialogFactoryServiceProvider, class com.almasb.fxgl.audio.AudioPlayer, class com.almasb.fxgl.notification.impl.NotificationServiceProvider, class com.almasb.fxgl.achievement.AchievementService, class com.almasb.fxgl.cutscene.CutsceneService, class com.almasb.fxgl.minigames.MiniGameService, class com.almasb.fxgl.net.NetService, class com.almasb.fxgl.app.services.UpdaterService, class com.almasb.fxgl.dev.DevService]
12:05:28.109 [FXGL Background Thread 2 ] DEBUG Engine               - fontGame: Abel-Regular.ttf
12:05:28.109 [FXGL Background Thread 2 ] DEBUG Engine               - fontMono: lucida_console.ttf
12:05:28.109 [FXGL Background Thread 2 ] DEBUG Engine               - fontText: Courier-Prime.ttf
12:05:28.109 [FXGL Background Thread 2 ] DEBUG Engine               - fontUI: VarelaRound-Regular.ttf
12:05:28.109 [FXGL Background Thread 2 ] DEBUG Engine               - fullScreen: BooleanProperty [value: false]
12:05:28.109 [FXGL Background Thread 2 ] DEBUG Engine               - gameDifficulty: MEDIUM
12:05:28.109 [FXGL Background Thread 2 ] DEBUG Engine               - gameDifficultyProperty: ObjectProperty [value: MEDIUM]
12:05:28.109 [FXGL Background Thread 2 ] DEBUG Engine               - globalMusicVolume: 0.5
12:05:28.109 [FXGL Background Thread 2 ] DEBUG Engine               - globalMusicVolumeProperty: DoubleProperty [value: 0.5]
12:05:28.109 [FXGL Background Thread 2 ] DEBUG Engine               - globalSoundVolume: 0.5
12:05:28.109 [FXGL Background Thread 2 ] DEBUG Engine               - globalSoundVolumeProperty: DoubleProperty [value: 0.5]
12:05:28.109 [FXGL Background Thread 2 ] DEBUG Engine               - height: 650
12:05:28.109 [FXGL Background Thread 2 ] DEBUG Engine               - isAndroid: false
12:05:28.109 [FXGL Background Thread 2 ] DEBUG Engine               - isBrowser: false
12:05:28.110 [FXGL Background Thread 2 ] DEBUG Engine               - isClickFeedbackEnabled: false
12:05:28.110 [FXGL Background Thread 2 ] DEBUG Engine               - isCloseConfirmation: false
12:05:28.110 [FXGL Background Thread 2 ] DEBUG Engine               - isDesktop: true
12:05:28.110 [FXGL Background Thread 2 ] DEBUG Engine               - isDeveloperMenuEnabled: false
12:05:28.110 [FXGL Background Thread 2 ] DEBUG Engine               - isExperimentalNative: false
12:05:28.110 [FXGL Background Thread 2 ] DEBUG Engine               - isExperimentalTiledLargeMap: false
12:05:28.110 [FXGL Background Thread 2 ] DEBUG Engine               - isFullScreenAllowed: false
12:05:28.110 [FXGL Background Thread 2 ] DEBUG Engine               - isFullScreenFromStart: false
12:05:28.110 [FXGL Background Thread 2 ] DEBUG Engine               - isGameMenuEnabled: true
12:05:28.110 [FXGL Background Thread 2 ] DEBUG Engine               - isIOS: false
12:05:28.110 [FXGL Background Thread 2 ] DEBUG Engine               - isIntroEnabled: false
12:05:28.110 [FXGL Background Thread 2 ] DEBUG Engine               - isLinux: false
12:05:28.110 [FXGL Background Thread 2 ] DEBUG Engine               - isMac: false
12:05:28.110 [FXGL Background Thread 2 ] DEBUG Engine               - isMainMenuEnabled: true
12:05:28.110 [FXGL Background Thread 2 ] DEBUG Engine               - isManualResizeEnabled: false
12:05:28.110 [FXGL Background Thread 2 ] DEBUG Engine               - isMobile: false
12:05:28.110 [FXGL Background Thread 2 ] DEBUG Engine               - isPreserveResizeRatio: false
12:05:28.110 [FXGL Background Thread 2 ] DEBUG Engine               - isProfilingEnabled: false
12:05:28.110 [FXGL Background Thread 2 ] DEBUG Engine               - isSingleStep: false
12:05:28.110 [FXGL Background Thread 2 ] DEBUG Engine               - isUserProfileEnabled: false
12:05:28.110 [FXGL Background Thread 2 ] DEBUG Engine               - isWindows: true
12:05:28.110 [FXGL Background Thread 2 ] DEBUG Engine               - language: ObjectProperty [value: ENGLISH]
12:05:28.111 [FXGL Background Thread 2 ] DEBUG Engine               - mainWindow: com.almasb.fxgl.app.MainWindow@2b9dc698
12:05:28.111 [FXGL Background Thread 2 ] DEBUG Engine               - menuKey: ESCAPE
12:05:28.111 [FXGL Background Thread 2 ] DEBUG Engine               - notificationViewClass: class com.almasb.fxgl.notification.view.XboxNotificationView
12:05:28.111 [FXGL Background Thread 2 ] DEBUG Engine               - pixelsPerMeter: 50.0
12:05:28.111 [FXGL Background Thread 2 ] DEBUG Engine               - platform: WINDOWS
12:05:28.111 [FXGL Background Thread 2 ] DEBUG Engine               - profileDir: profiles/
12:05:28.111 [FXGL Background Thread 2 ] DEBUG Engine               - profileName: StringProperty [value: DEFAULT]
12:05:28.111 [FXGL Background Thread 2 ] DEBUG Engine               - randomSeed: -1
12:05:28.111 [FXGL Background Thread 2 ] DEBUG Engine               - runtimeInfo: RuntimeInfo(platform=WINDOWS, version=11.9, build=27.05.2020 17.06)
12:05:28.111 [FXGL Background Thread 2 ] DEBUG Engine               - saveFileExt: sav
12:05:28.111 [FXGL Background Thread 2 ] DEBUG Engine               - sceneFactory: MooseGame.NewfoundRacerApp$1@6e9f4d8f
12:05:28.111 [FXGL Background Thread 2 ] DEBUG Engine               - secondsIn24h: 60
12:05:28.111 [FXGL Background Thread 2 ] DEBUG Engine               - settings: Title: Newfoundland Moose Collision
Version: 1.0
Width: 840
Height: 650
Fullscreen: false
Intro: false
Profiling: false
Single step:false
App Mode: DEVELOPER
Menu Key: ESCAPE
Stage Style: DECORATED
Scene Factory: class MooseGame.NewfoundRacerApp$1

12:05:28.111 [FXGL Background Thread 2 ] DEBUG Engine               - soundMenuBack: menu/back.wav
12:05:28.111 [FXGL Background Thread 2 ] DEBUG Engine               - soundMenuPress: menu/press.wav
12:05:28.111 [FXGL Background Thread 2 ] DEBUG Engine               - soundMenuSelect: menu/select.wav
12:05:28.111 [FXGL Background Thread 2 ] DEBUG Engine               - soundNotification: core/notification.wav
12:05:28.111 [FXGL Background Thread 2 ] DEBUG Engine               - stageStyle: DECORATED
12:05:28.111 [FXGL Background Thread 2 ] DEBUG Engine               - supportedLanguages: [ENGLISH, FRENCH, GERMAN, HUNGARIAN, RUSSIAN]
12:05:28.111 [FXGL Background Thread 2 ] DEBUG Engine               - title: Newfoundland Moose Collision
12:05:28.111 [FXGL Background Thread 2 ] DEBUG Engine               - urlGithub: https://github.com/AlmasB/FXGL
12:05:28.111 [FXGL Background Thread 2 ] DEBUG Engine               - urlLeaderboard: http://fxgl-top.herokuapp.com/
12:05:28.112 [FXGL Background Thread 2 ] DEBUG Engine               - urlPOM: https://raw.githubusercontent.com/AlmasB/FXGL/master/pom.xml
12:05:28.112 [FXGL Background Thread 2 ] DEBUG Engine               - version: 1.0
12:05:28.112 [FXGL Background Thread 2 ] DEBUG Engine               - versionCheckDays: 7
12:05:28.112 [FXGL Background Thread 2 ] DEBUG Engine               - width: 840
12:05:28.112 [FXGL Background Thread 2 ] DEBUG Engine               - Logging services
12:05:28.112 [FXGL Background Thread 2 ] DEBUG Engine               - class com.almasb.fxgl.app.GameApplication$GameApplicationService
12:05:28.112 [FXGL Background Thread 2 ] DEBUG Engine               - class com.almasb.fxgl.app.services.WindowService
12:05:28.112 [FXGL Background Thread 2 ] DEBUG Engine               - class com.almasb.fxgl.app.services.FXGLDialogService
12:05:28.112 [FXGL Background Thread 2 ] DEBUG Engine               - class com.almasb.fxgl.app.services.IOTaskExecutorService
12:05:28.112 [FXGL Background Thread 2 ] DEBUG Engine               - class com.almasb.fxgl.event.EventBusService
12:05:28.112 [FXGL Background Thread 2 ] DEBUG Engine               - class com.almasb.fxgl.io.FileSystemService
12:05:28.112 [FXGL Background Thread 2 ] DEBUG Engine               - class com.almasb.fxgl.localization.LocalizationService
12:05:28.112 [FXGL Background Thread 2 ] DEBUG Engine               - class com.almasb.fxgl.app.services.AssetLoaderService
12:05:28.112 [FXGL Background Thread 2 ] DEBUG Engine               - class com.almasb.fxgl.app.services.SystemBundleService
12:05:28.112 [FXGL Background Thread 2 ] DEBUG Engine               - class com.almasb.fxgl.profile.SaveLoadService
12:05:28.112 [FXGL Background Thread 2 ] DEBUG Engine               - class com.almasb.fxgl.ui.FXGLUIFactoryServiceProvider
12:05:28.112 [FXGL Background Thread 2 ] DEBUG Engine               - class com.almasb.fxgl.ui.FXGLDialogFactoryServiceProvider
12:05:28.112 [FXGL Background Thread 2 ] DEBUG Engine               - class com.almasb.fxgl.audio.AudioPlayer
12:05:28.112 [FXGL Background Thread 2 ] DEBUG Engine               - class com.almasb.fxgl.notification.impl.NotificationServiceProvider
12:05:28.112 [FXGL Background Thread 2 ] DEBUG Engine               - class com.almasb.fxgl.achievement.AchievementService
12:05:28.112 [FXGL Background Thread 2 ] DEBUG Engine               - class com.almasb.fxgl.cutscene.CutsceneService
12:05:28.112 [FXGL Background Thread 2 ] DEBUG Engine               - class com.almasb.fxgl.minigames.MiniGameService
12:05:28.112 [FXGL Background Thread 2 ] DEBUG Engine               - class com.almasb.fxgl.net.NetService
12:05:28.112 [FXGL Background Thread 2 ] DEBUG Engine               - class com.almasb.fxgl.app.services.UpdaterService
12:05:28.112 [FXGL Background Thread 2 ] DEBUG Engine               - class com.almasb.fxgl.dev.DevService
12:05:29.309 [JavaFX Application Thread] DEBUG Menu                 - fireNewGame()
12:05:29.309 [JavaFX Application Thread] DEBUG WindowService        - Starting new game
12:05:29.309 [JavaFX Application Thread] DEBUG MainWindow           - Pop state: NewfoundlandRacerMainMenu
12:05:29.309 [JavaFX Application Thread] DEBUG Input                - Clearing active input actions
12:05:29.310 [JavaFX Application Thread] DEBUG WindowService        - Removing overlay from NewfoundlandRacerMainMenu and adding to 
12:05:29.310 [JavaFX Application Thread] DEBUG MainWindow           -  <- NewfoundlandRacerMainMenu
12:05:29.310 [JavaFX Application Thread] DEBUG Input                - Clearing active input actions
12:05:29.315 [JavaFX Application Thread] DEBUG WindowService        - Removing overlay from  and adding to FXGLLoadingScene
12:05:29.315 [JavaFX Application Thread] DEBUG MainWindow           -  -> FXGLLoadingScene
12:05:29.315 [JavaFX Application Thread] DEBUG WindowService        - Clearing previous game
12:05:29.315 [JavaFX Application Thread] DEBUG GameScene            - Clearing game scene
12:05:29.315 [JavaFX Application Thread] DEBUG GameWorld            - Clearing game world
12:05:29.315 [JavaFX Application Thread] DEBUG PhysicsWorld         - Clearing physics world
12:05:29.316 [FXGL Background Thread 1 ] DEBUG GameApplication      - Initializing game
12:05:29.322 [FXGL Background Thread 1 ] DEBUG AssetLoaderService   - Loading from file system: /assets/textures/4lanehighway.png
12:05:29.382 [FXGL Background Thread 1 ] DEBUG AssetLoaderService   - Loading from file system: /assets/textures/player.png
12:05:29.394 [FXGL Background Thread 1 ] DEBUG AssetLoaderService   - Loading from cache: /assets/music/8-Bit-Perplexion.mp3
12:05:29.394 [FXGL Background Thread 1 ] DEBUG AssetLoaderService   - Loading from cache: /assets/music/Caffeine-Crazed-Coin-Op-Kids.mp3
12:05:29.394 [FXGL Background Thread 1 ] DEBUG AudioPlayer          - Stopping music com.almasb.fxgl.audio.Music@3dcdc972
12:05:29.437 [FXGL Background Thread 1 ] DEBUG AudioPlayer          - Playing music com.almasb.fxgl.audio.Music@50fabb07
12:05:29.439 [FXGL Background Thread 1 ] INFO  GameApplication      - Game initialization took: 0.123 sec
12:05:29.439 [JavaFX Application Thread] DEBUG Input                - Clearing active input actions
12:05:29.443 [JavaFX Application Thread] DEBUG WindowService        - Removing overlay from FXGLLoadingScene and adding to GameScene
12:05:29.443 [JavaFX Application Thread] DEBUG MainWindow           - FXGLLoadingScene -> GameScene
12:05:30.932 [JavaFX Application Thread] DEBUG AssetLoaderService   - Loading from file system: /assets/textures/driver2.png
12:05:32.258 [JavaFX Application Thread] DEBUG AssetLoaderService   - Loading from file system: /assets/textures/driver3.png
12:05:32.675 [JavaFX Application Thread] DEBUG AssetLoaderService   - Loading from file system: /assets/textures/pothole.png
12:05:33.580 [JavaFX Application Thread] DEBUG AssetLoaderService   - Loading from file system: /assets/textures/driver4.png
12:05:34.023 [JavaFX Application Thread] DEBUG AssetLoaderService   - Loading from file system: /assets/textures/cowmoosespriterunning.png
12:05:34.897 [JavaFX Application Thread] DEBUG AssetLoaderService   - Loading from file system: /assets/textures/coin.png
12:05:34.907 [JavaFX Application Thread] DEBUG AssetLoaderService   - Loading from cache: /assets/textures/driver3.png
12:05:35.771 [JavaFX Application Thread] DEBUG AssetLoaderService   - Loading from cache: /assets/textures/pothole.png
12:05:36.235 [JavaFX Application Thread] DEBUG AssetLoaderService   - Loading from file system: /assets/textures/driver0.png
12:05:36.588 [JavaFX Application Thread] DEBUG AssetLoaderService   - Loading from file system: /assets/sounds/coincollect.wav
12:05:37.578 [JavaFX Application Thread] DEBUG AssetLoaderService   - Loading from file system: /assets/textures/driver1.png
12:05:38.404 [JavaFX Application Thread] DEBUG AssetLoaderService   - Loading from cache: /assets/textures/cowmoosespriterunning.png
12:05:38.874 [JavaFX Application Thread] DEBUG AssetLoaderService   - Loading from cache: /assets/textures/pothole.png
12:05:38.885 [JavaFX Application Thread] DEBUG AssetLoaderService   - Loading from cache: /assets/textures/driver4.png
12:05:40.196 [JavaFX Application Thread] DEBUG AssetLoaderService   - Loading from cache: /assets/textures/coin.png
12:05:40.219 [JavaFX Application Thread] DEBUG AssetLoaderService   - Loading from cache: /assets/textures/driver4.png
12:05:40.291 [JavaFX Application Thread] DEBUG AssetLoaderService   - Loading from cache: /assets/music/8-Bit-Perplexion.mp3
12:05:40.291 [JavaFX Application Thread] DEBUG AssetLoaderService   - Loading from cache: /assets/music/Caffeine-Crazed-Coin-Op-Kids.mp3
12:05:40.291 [JavaFX Application Thread] DEBUG AudioPlayer          - Stopping music com.almasb.fxgl.audio.Music@50fabb07
12:05:40.291 [JavaFX Application Thread] DEBUG AudioPlayer          - Playing music com.almasb.fxgl.audio.Music@3dcdc972
12:05:40.292 [JavaFX Application Thread] DEBUG MainWindow           - Push state: DialogSubScene
12:05:40.292 [JavaFX Application Thread] DEBUG Input                - Clearing active input actions
12:05:40.298 [JavaFX Application Thread] DEBUG WindowService        - Removing overlay from GameScene and adding to DialogSubScene
12:05:40.298 [JavaFX Application Thread] DEBUG MainWindow           - GameScene -> DialogSubScene
12:05:40.298 [JavaFX Application Thread] DEBUG AssetLoaderService   - Loading from file system: /assets/sounds/carcrash.wav
12:05:49.487 [JavaFX Application Thread] DEBUG MainWindow           - Pop state: DialogSubScene
12:05:49.488 [JavaFX Application Thread] DEBUG Input                - Clearing active input actions
12:05:49.488 [JavaFX Application Thread] DEBUG WindowService        - Removing overlay from DialogSubScene and adding to GameScene
12:05:49.488 [JavaFX Application Thread] DEBUG MainWindow           - GameScene <- DialogSubScene
12:05:49.488 [JavaFX Application Thread] DEBUG Input                - Clearing active input actions
12:05:49.491 [JavaFX Application Thread] DEBUG WindowService        - Removing overlay from GameScene and adding to 
12:05:49.491 [JavaFX Application Thread] DEBUG MainWindow           - GameScene -> 
12:05:49.491 [JavaFX Application Thread] DEBUG MainWindow           - Push state: NewfoundlandRacerMainMenu
12:05:49.491 [JavaFX Application Thread] DEBUG Input                - Clearing active input actions
12:05:49.493 [JavaFX Application Thread] DEBUG WindowService        - Removing overlay from  and adding to NewfoundlandRacerMainMenu
12:05:49.493 [JavaFX Application Thread] DEBUG MainWindow           -  -> NewfoundlandRacerMainMenu
12:05:49.493 [JavaFX Application Thread] DEBUG AssetLoaderService   - Loading from cache: /assets/music/8-Bit-Perplexion.mp3
12:05:49.493 [JavaFX Application Thread] DEBUG AssetLoaderService   - Loading from cache: /assets/music/Caffeine-Crazed-Coin-Op-Kids.mp3
12:05:49.493 [JavaFX Application Thread] DEBUG AudioPlayer          - Stopping music com.almasb.fxgl.audio.Music@3dcdc972
12:05:49.534 [JavaFX Application Thread] DEBUG AudioPlayer          - Playing music com.almasb.fxgl.audio.Music@50fabb07
12:05:50.641 [JavaFX Application Thread] DEBUG Menu                 - fireNewGame()
12:05:50.641 [JavaFX Application Thread] DEBUG WindowService        - Starting new game
12:05:50.641 [JavaFX Application Thread] DEBUG MainWindow           - Pop state: NewfoundlandRacerMainMenu
12:05:50.641 [JavaFX Application Thread] DEBUG Input                - Clearing active input actions
12:05:50.641 [JavaFX Application Thread] DEBUG WindowService        - Removing overlay from NewfoundlandRacerMainMenu and adding to 
12:05:50.642 [JavaFX Application Thread] DEBUG MainWindow           -  <- NewfoundlandRacerMainMenu
12:05:50.642 [JavaFX Application Thread] DEBUG Input                - Clearing active input actions
12:05:50.645 [JavaFX Application Thread] DEBUG WindowService        - Removing overlay from  and adding to FXGLLoadingScene
12:05:50.645 [JavaFX Application Thread] DEBUG MainWindow           -  -> FXGLLoadingScene
12:05:50.645 [JavaFX Application Thread] DEBUG WindowService        - Clearing previous game
12:05:50.645 [JavaFX Application Thread] DEBUG GameScene            - Clearing game scene
12:05:50.645 [JavaFX Application Thread] DEBUG GameWorld            - Clearing game world
12:05:50.647 [JavaFX Application Thread] DEBUG PhysicsWorld         - Clearing physics world
12:05:50.647 [FXGL Background Thread 1 ] DEBUG GameApplication      - Initializing game
12:05:50.647 [FXGL Background Thread 1 ] DEBUG AssetLoaderService   - Loading from cache: /assets/textures/4lanehighway.png@840.0x750.0
12:05:50.648 [FXGL Background Thread 1 ] DEBUG AssetLoaderService   - Loading from cache: /assets/textures/player.png
12:05:50.648 [FXGL Background Thread 1 ] DEBUG AssetLoaderService   - Loading from cache: /assets/music/8-Bit-Perplexion.mp3
12:05:50.648 [FXGL Background Thread 1 ] DEBUG AssetLoaderService   - Loading from cache: /assets/music/Caffeine-Crazed-Coin-Op-Kids.mp3
12:05:50.648 [FXGL Background Thread 1 ] DEBUG AudioPlayer          - Stopping music com.almasb.fxgl.audio.Music@50fabb07
12:05:50.649 [FXGL Background Thread 1 ] DEBUG AudioPlayer          - Playing music com.almasb.fxgl.audio.Music@3dcdc972
12:05:50.649 [FXGL Background Thread 1 ] INFO  GameApplication      - Game initialization took: 0.002 sec
12:05:50.650 [JavaFX Application Thread] DEBUG Input                - Clearing active input actions
12:05:50.653 [JavaFX Application Thread] DEBUG WindowService        - Removing overlay from FXGLLoadingScene and adding to GameScene
12:05:50.654 [JavaFX Application Thread] DEBUG MainWindow           - FXGLLoadingScene -> GameScene
12:05:52.108 [JavaFX Application Thread] DEBUG AssetLoaderService   - Loading from cache: /assets/textures/driver2.png
12:05:53.399 [JavaFX Application Thread] DEBUG AssetLoaderService   - Loading from cache: /assets/textures/driver2.png
12:05:53.707 [JavaFX Application Thread] DEBUG AssetLoaderService   - Loading from cache: /assets/music/8-Bit-Perplexion.mp3
12:05:53.707 [JavaFX Application Thread] DEBUG AssetLoaderService   - Loading from cache: /assets/music/Caffeine-Crazed-Coin-Op-Kids.mp3
12:05:53.707 [JavaFX Application Thread] DEBUG AudioPlayer          - Stopping music com.almasb.fxgl.audio.Music@3dcdc972
12:05:53.709 [JavaFX Application Thread] DEBUG AudioPlayer          - Playing music com.almasb.fxgl.audio.Music@50fabb07
12:05:53.710 [JavaFX Application Thread] DEBUG MainWindow           - Push state: DialogSubScene
12:05:53.710 [JavaFX Application Thread] DEBUG Input                - Clearing active input actions
12:05:53.712 [JavaFX Application Thread] DEBUG WindowService        - Removing overlay from GameScene and adding to DialogSubScene
12:05:53.712 [JavaFX Application Thread] DEBUG MainWindow           - GameScene -> DialogSubScene
12:05:53.712 [JavaFX Application Thread] DEBUG AssetLoaderService   - Loading from cache: /assets/sounds/carcrash.wav
12:05:56.596 [JavaFX Application Thread] DEBUG WindowService        - Starting new game
12:05:56.596 [JavaFX Application Thread] DEBUG MainWindow           - Pop state: DialogSubScene
12:05:56.596 [JavaFX Application Thread] DEBUG Input                - Clearing active input actions
12:05:56.596 [JavaFX Application Thread] DEBUG WindowService        - Removing overlay from DialogSubScene and adding to GameScene
12:05:56.596 [JavaFX Application Thread] DEBUG MainWindow           - GameScene <- DialogSubScene
12:05:56.596 [JavaFX Application Thread] DEBUG Input                - Clearing active input actions
12:05:56.599 [JavaFX Application Thread] DEBUG WindowService        - Removing overlay from GameScene and adding to FXGLLoadingScene
12:05:56.599 [JavaFX Application Thread] DEBUG MainWindow           - GameScene -> FXGLLoadingScene
12:05:56.599 [JavaFX Application Thread] DEBUG WindowService        - Clearing previous game
12:05:56.599 [JavaFX Application Thread] DEBUG GameScene            - Clearing game scene
12:05:56.599 [JavaFX Application Thread] DEBUG GameWorld            - Clearing game world
12:05:56.600 [JavaFX Application Thread] DEBUG PhysicsWorld         - Clearing physics world
12:05:56.600 [FXGL Background Thread 1 ] DEBUG GameApplication      - Initializing game
12:05:56.600 [FXGL Background Thread 1 ] DEBUG AssetLoaderService   - Loading from cache: /assets/textures/4lanehighway.png@840.0x750.0
12:05:56.601 [FXGL Background Thread 1 ] DEBUG AssetLoaderService   - Loading from cache: /assets/textures/player.png
12:05:56.601 [FXGL Background Thread 1 ] DEBUG AssetLoaderService   - Loading from cache: /assets/music/8-Bit-Perplexion.mp3
12:05:56.601 [FXGL Background Thread 1 ] DEBUG AssetLoaderService   - Loading from cache: /assets/music/Caffeine-Crazed-Coin-Op-Kids.mp3
12:05:56.601 [FXGL Background Thread 1 ] DEBUG AudioPlayer          - Stopping music com.almasb.fxgl.audio.Music@50fabb07
12:05:56.602 [FXGL Background Thread 1 ] DEBUG AudioPlayer          - Playing music com.almasb.fxgl.audio.Music@3dcdc972
12:05:56.603 [FXGL Background Thread 1 ] INFO  GameApplication      - Game initialization took: 0.003 sec
12:05:56.603 [JavaFX Application Thread] DEBUG Input                - Clearing active input actions
12:05:56.608 [JavaFX Application Thread] DEBUG WindowService        - Removing overlay from FXGLLoadingScene and adding to GameScene
12:05:56.609 [JavaFX Application Thread] DEBUG MainWindow           - FXGLLoadingScene -> GameScene
12:05:58.011 [JavaFX Application Thread] DEBUG AssetLoaderService   - Loading from cache: /assets/textures/driver1.png
12:05:59.339 [JavaFX Application Thread] DEBUG AssetLoaderService   - Loading from cache: /assets/textures/driver0.png
12:05:59.753 [JavaFX Application Thread] DEBUG AssetLoaderService   - Loading from cache: /assets/textures/pothole.png
12:06:00.668 [JavaFX Application Thread] DEBUG AssetLoaderService   - Loading from cache: /assets/textures/driver2.png
12:06:01.106 [JavaFX Application Thread] DEBUG AssetLoaderService   - Loading from cache: /assets/textures/cowmoosespriterunning.png
12:06:01.989 [JavaFX Application Thread] DEBUG AssetLoaderService   - Loading from cache: /assets/textures/coin.png
12:06:02.003 [JavaFX Application Thread] DEBUG AssetLoaderService   - Loading from cache: /assets/textures/driver3.png
12:06:02.843 [JavaFX Application Thread] DEBUG AssetLoaderService   - Loading from cache: /assets/textures/pothole.png
12:06:03.322 [JavaFX Application Thread] DEBUG AssetLoaderService   - Loading from cache: /assets/textures/driver0.png
12:06:04.698 [JavaFX Application Thread] DEBUG AssetLoaderService   - Loading from cache: /assets/textures/driver0.png
12:06:05.511 [JavaFX Application Thread] DEBUG AssetLoaderService   - Loading from cache: /assets/textures/cowmoosespriterunning.png
12:06:05.723 [JavaFX Application Thread] DEBUG AssetLoaderService   - Loading from cache: /assets/music/8-Bit-Perplexion.mp3
12:06:05.723 [JavaFX Application Thread] DEBUG AssetLoaderService   - Loading from cache: /assets/music/Caffeine-Crazed-Coin-Op-Kids.mp3
12:06:05.723 [JavaFX Application Thread] DEBUG AudioPlayer          - Stopping music com.almasb.fxgl.audio.Music@3dcdc972
12:06:05.724 [JavaFX Application Thread] DEBUG AudioPlayer          - Playing music com.almasb.fxgl.audio.Music@50fabb07
12:06:05.724 [JavaFX Application Thread] DEBUG MainWindow           - Push state: DialogSubScene
12:06:05.725 [JavaFX Application Thread] DEBUG Input                - Clearing active input actions
12:06:05.726 [JavaFX Application Thread] DEBUG WindowService        - Removing overlay from GameScene and adding to DialogSubScene
12:06:05.726 [JavaFX Application Thread] DEBUG MainWindow           - GameScene -> DialogSubScene
12:06:05.726 [JavaFX Application Thread] DEBUG AssetLoaderService   - Loading from cache: /assets/sounds/carcrash.wav
12:06:14.960 [JavaFX Application Thread] DEBUG GameApplication      - Exiting FXGL
12:06:14.960 [JavaFX Application Thread] DEBUG LoopRunner           - Stopping loop
12:06:14.960 [JavaFX Application Thread] DEBUG SystemBundleService  - Saving FXGL system data
12:06:14.962 [JavaFX Application Thread] DEBUG FileSystemAccess     - Writing to: E:\secondYear\Java\NewfoundlandRacer\system\fxgl.bundle
12:06:14.963 [JavaFX Application Thread] DEBUG GameApplication      - Shutting down background threads
12:06:14.963 [JavaFX Application Thread] DEBUG GameApplication      - Closing logger and exiting JavaFX
