12:02:57.068 [main                     ] DEBUG GameApplication      - Logger initialized
12:02:57.072 [main                     ] DEBUG GameApplication      - Logging settings
Title: Newfoundland Moose Collision
Version: 1.0
Width: 840
Height: 650
Fullscreen: false
Intro: false
Profiling: false
Single step:false
App Mode: DEVELOPER
Menu Key: ESCAPE
Stage Style: DECORATED
Scene Factory: class MooseGame.NewfoundRacerApp$1

12:02:57.370 [JavaFX Application Thread] DEBUG GameApplication      - Initializing FXGL
12:02:57.381 [JavaFX Application Thread] INFO  Engine               - FXGL-11.9 (27.05.2020 17.06) on WINDOWS (J:14.0.1 FX:13.0.2)
12:02:57.381 [JavaFX Application Thread] DEBUG Engine               - JRE Vendor Name: Oracle Corporation
12:02:57.381 [JavaFX Application Thread] DEBUG Engine               - Running on OS: Windows 10 version 10.0
12:02:57.381 [JavaFX Application Thread] DEBUG Engine               - Architecture: amd64
12:02:57.381 [JavaFX Application Thread] INFO  Engine               - Source code and latest versions at: https://github.com/AlmasB/FXGL
12:02:57.382 [JavaFX Application Thread] INFO  Engine               -              Join the FXGL chat at: https://gitter.im/AlmasB/FXGL
12:02:57.461 [JavaFX Application Thread] DEBUG MainWindow           - Creating a JavaFX scene
12:02:57.497 [JavaFX Application Thread] DEBUG MainWindow           - Target settings size: 840.0 x 650.0
12:02:57.497 [JavaFX Application Thread] DEBUG MainWindow           - Scaled scene size:    840.0 x 650.0
12:02:57.497 [JavaFX Application Thread] DEBUG MainWindow           - Scaled ratio: (1.0, 1.0)
12:02:57.498 [JavaFX Application Thread] DEBUG MainWindow           - Set initial scene to FXGLStartupScene
12:02:57.503 [JavaFX Application Thread] DEBUG MainWindow           - Opening main window
12:02:57.580 [JavaFX Application Thread] DEBUG MainWindow           - Window border size: (16.0, 39.0)
12:02:57.580 [JavaFX Application Thread] DEBUG MainWindow           - Scaled size: 840.0 x 650.0
12:02:57.580 [JavaFX Application Thread] DEBUG MainWindow           - Scaled ratio: (1.0, 1.0)
12:02:57.580 [JavaFX Application Thread] DEBUG MainWindow           - Scene size: 840.0 x 650.0
12:02:57.580 [JavaFX Application Thread] DEBUG MainWindow           - Stage size: 856.0 x 689.0
12:02:57.588 [FXGL Background Thread 1 ] DEBUG Engine               - Initializing environment variables
12:02:57.609 [FXGL Background Thread 1 ] DEBUG WindowService        - Applying CSS: fxgl_dark.css
12:02:57.609 [FXGL Background Thread 1 ] DEBUG AssetLoaderService   - Loading from file system: /assets/ui/css/fxgl_dark.css
12:02:57.644 [FXGL Background Thread 1 ] DEBUG WindowService        - Initializing application scenes
12:02:57.668 [FXGL Background Thread 1 ] DEBUG GameWorld            - Game world initialized
12:02:57.696 [FXGL Background Thread 1 ] DEBUG PhysicsWorld         - Physics world initialized: appHeight=650, physics.ppm=50.0
12:02:57.697 [FXGL Background Thread 1 ] DEBUG GameScene            - Game scene initialized: 840x650
12:02:57.709 [FXGL Background Thread 1 ] DEBUG AssetLoaderService   - Loading from file system: /assets/music/8-Bit-Perplexion.mp3
12:02:57.832 [FXGL Background Thread 1 ] DEBUG AssetLoaderService   - Loading from file system: /assets/music/Caffeine-Crazed-Coin-Op-Kids.mp3
12:02:57.841 [FXGL Background Thread 1 ] DEBUG AudioPlayer          - Stopping music com.almasb.fxgl.audio.Music@76e4bab2
12:02:57.841 [FXGL Background Thread 1 ] DEBUG AudioPlayer          - Playing music com.almasb.fxgl.audio.Music@4e70700b
12:02:57.916 [FXGL Background Thread 1 ] DEBUG AssetLoaderService   - Loading from file system: /assets/textures/particles/trace_horizontal.png
12:02:57.944 [FXGL Background Thread 1 ] DEBUG FXGL.DefaultMenu     - createMenuBodyGameMenu()
12:02:57.951 [FXGL Background Thread 1 ] DEBUG FXGL.DefaultMenu     - createOptionsMenu()
12:02:57.953 [FXGL Background Thread 1 ] DEBUG AssetLoaderService   - Loading from file system: /assets/textures/particles/smoke.png
12:02:57.989 [FXGL Background Thread 1 ] DEBUG WindowService        - Application scenes initialized
12:02:57.996 [FXGL Background Thread 1 ] DEBUG SystemBundleService  - Loading FXGL system data
12:02:57.998 [FXGL Background Thread 1 ] DEBUG FileSystemAccess     - Reading from: E:\secondYear\Java\NewfoundlandRacer\system\fxgl.bundle
12:02:58.002 [FXGL Background Thread 1 ] DEBUG SystemBundleService  - Bundle FXGL: {}
12:02:58.003 [FXGL Background Thread 1 ] INFO  Engine               - FXGL initialization took: 0.413 sec
12:02:58.004 [FXGL Background Thread 1 ] DEBUG GameApplication      - Loading localizations
12:02:58.004 [FXGL Background Thread 1 ] DEBUG AssetLoaderService   - Loading from file system: /assets/languages/english.lang
12:02:58.013 [FXGL Background Thread 1 ] DEBUG AssetLoaderService   - Loading from file system: /assets/languages/french.lang
12:02:58.015 [FXGL Background Thread 1 ] DEBUG AssetLoaderService   - Loading from file system: /assets/languages/german.lang
12:02:58.016 [FXGL Background Thread 1 ] DEBUG AssetLoaderService   - Loading from file system: /assets/languages/hungarian.lang
12:02:58.017 [FXGL Background Thread 1 ] DEBUG AssetLoaderService   - Loading from file system: /assets/languages/russian.lang
12:02:58.020 [FXGL Background Thread 1 ] DEBUG GameApplication      - Registering font factories with UI factory
12:02:58.020 [FXGL Background Thread 1 ] DEBUG AssetLoaderService   - Loading from file system: /assets/ui/fonts/VarelaRound-Regular.ttf
12:02:58.052 [FXGL Background Thread 1 ] DEBUG AssetLoaderService   - Loading from file system: /assets/ui/fonts/Abel-Regular.ttf
12:02:58.055 [FXGL Background Thread 1 ] DEBUG AssetLoaderService   - Loading from file system: /assets/ui/fonts/lucida_console.ttf
12:02:58.059 [FXGL Background Thread 1 ] DEBUG AssetLoaderService   - Loading from file system: /assets/ui/fonts/Courier-Prime.ttf
12:02:58.067 [JavaFX Application Thread] DEBUG Input                - Registered new binding: Move Right - D
12:02:58.067 [JavaFX Application Thread] DEBUG Input                - Registered new binding: Move Left - A
12:02:58.067 [JavaFX Application Thread] DEBUG Input                - Registered new binding: Move Up - W
12:02:58.068 [JavaFX Application Thread] DEBUG Input                - Registered new binding: Move Down - S
12:02:58.068 [JavaFX Application Thread] DEBUG AssetLoaderService   - Loading from file system: /assets/textures/fxgl_icon.png
12:02:58.081 [JavaFX Application Thread] DEBUG AssetLoaderService   - Loading from file system: /assets/ui/cursors/fxgl_default.png
12:02:58.082 [JavaFX Application Thread] DEBUG Input                - Registered new binding: Screenshot - P
12:02:58.082 [JavaFX Application Thread] DEBUG Input                - Registered new binding: System info dump - CTRL+9
12:02:58.082 [JavaFX Application Thread] DEBUG Input                - Registered new binding: Restart - CTRL+R
12:02:58.083 [JavaFX Application Thread] DEBUG LoopRunner           - Starting loop
12:02:58.097 [JavaFX Application Thread] DEBUG FXGLStartupScene     - STARTUP
12:02:58.098 [JavaFX Application Thread] DEBUG Input                - Clearing active input actions
12:02:58.103 [JavaFX Application Thread] DEBUG WindowService        - Removing overlay from FXGLStartupScene and adding to 
12:02:58.103 [JavaFX Application Thread] DEBUG MainWindow           - FXGLStartupScene -> 
12:02:58.103 [JavaFX Application Thread] DEBUG MainWindow           - Push state: NewfoundlandRacerMainMenu
12:02:58.103 [JavaFX Application Thread] DEBUG Input                - Clearing active input actions
12:02:58.110 [JavaFX Application Thread] DEBUG WindowService        - Removing overlay from  and adding to NewfoundlandRacerMainMenu
12:02:58.110 [JavaFX Application Thread] DEBUG MainWindow           -  -> NewfoundlandRacerMainMenu
12:03:01.004 [FXGL Background Thread 2 ] DEBUG Engine               - Logging environment variables
12:03:01.005 [FXGL Background Thread 2 ] DEBUG Engine               - achievements: []
12:03:01.006 [FXGL Background Thread 2 ] DEBUG Engine               - appIcon: fxgl_icon.png
12:03:01.006 [FXGL Background Thread 2 ] DEBUG Engine               - applicationMode: DEVELOPER
12:03:01.006 [FXGL Background Thread 2 ] DEBUG Engine               - cSSList: [fxgl_dark.css]
12:03:01.007 [FXGL Background Thread 2 ] DEBUG Engine               - configClass: Optional.empty
12:03:01.007 [FXGL Background Thread 2 ] DEBUG Engine               - credits: []
12:03:01.008 [FXGL Background Thread 2 ] DEBUG Engine               - devBBoxColorProperty: ObjectProperty [value: 0xff0000ff]
12:03:01.008 [FXGL Background Thread 2 ] DEBUG Engine               - devSensorColorProperty: ObjectProperty [value: 0xffff00ff]
12:03:01.009 [FXGL Background Thread 2 ] DEBUG Engine               - devShowBBoxProperty: BooleanProperty [value: false]
12:03:01.009 [FXGL Background Thread 2 ] DEBUG Engine               - devShowPositionProperty: BooleanProperty [value: false]
12:03:01.009 [FXGL Background Thread 2 ] DEBUG Engine               - enabledMenuItems: []
12:03:01.009 [FXGL Background Thread 2 ] DEBUG Engine               - engineServices: [class com.almasb.fxgl.app.GameApplication$GameApplicationService, class com.almasb.fxgl.app.services.WindowService, class com.almasb.fxgl.app.services.FXGLDialogService, class com.almasb.fxgl.app.services.IOTaskExecutorService, class com.almasb.fxgl.event.EventBusService, class com.almasb.fxgl.io.FileSystemService, class com.almasb.fxgl.localization.LocalizationService, class com.almasb.fxgl.app.services.AssetLoaderService, class com.almasb.fxgl.app.services.SystemBundleService, class com.almasb.fxgl.profile.SaveLoadService, class com.almasb.fxgl.ui.FXGLUIFactoryServiceProvider, class com.almasb.fxgl.ui.FXGLDialogFactoryServiceProvider, class com.almasb.fxgl.audio.AudioPlayer, class com.almasb.fxgl.notification.impl.NotificationServiceProvider, class com.almasb.fxgl.achievement.AchievementService, class com.almasb.fxgl.cutscene.CutsceneService, class com.almasb.fxgl.minigames.MiniGameService, class com.almasb.fxgl.net.NetService, class com.almasb.fxgl.app.services.UpdaterService, class com.almasb.fxgl.dev.DevService]
12:03:01.009 [FXGL Background Thread 2 ] DEBUG Engine               - fontGame: Abel-Regular.ttf
12:03:01.009 [FXGL Background Thread 2 ] DEBUG Engine               - fontMono: lucida_console.ttf
12:03:01.010 [FXGL Background Thread 2 ] DEBUG Engine               - fontText: Courier-Prime.ttf
12:03:01.010 [FXGL Background Thread 2 ] DEBUG Engine               - fontUI: VarelaRound-Regular.ttf
12:03:01.010 [FXGL Background Thread 2 ] DEBUG Engine               - fullScreen: BooleanProperty [value: false]
12:03:01.010 [FXGL Background Thread 2 ] DEBUG Engine               - gameDifficulty: MEDIUM
12:03:01.010 [FXGL Background Thread 2 ] DEBUG Engine               - gameDifficultyProperty: ObjectProperty [value: MEDIUM]
12:03:01.010 [FXGL Background Thread 2 ] DEBUG Engine               - globalMusicVolume: 0.5
12:03:01.010 [FXGL Background Thread 2 ] DEBUG Engine               - globalMusicVolumeProperty: DoubleProperty [value: 0.5]
12:03:01.010 [FXGL Background Thread 2 ] DEBUG Engine               - globalSoundVolume: 0.5
12:03:01.010 [FXGL Background Thread 2 ] DEBUG Engine               - globalSoundVolumeProperty: DoubleProperty [value: 0.5]
12:03:01.010 [FXGL Background Thread 2 ] DEBUG Engine               - height: 650
12:03:01.010 [FXGL Background Thread 2 ] DEBUG Engine               - isAndroid: false
12:03:01.010 [FXGL Background Thread 2 ] DEBUG Engine               - isBrowser: false
12:03:01.010 [FXGL Background Thread 2 ] DEBUG Engine               - isClickFeedbackEnabled: false
12:03:01.010 [FXGL Background Thread 2 ] DEBUG Engine               - isCloseConfirmation: false
12:03:01.010 [FXGL Background Thread 2 ] DEBUG Engine               - isDesktop: true
12:03:01.010 [FXGL Background Thread 2 ] DEBUG Engine               - isDeveloperMenuEnabled: false
12:03:01.010 [FXGL Background Thread 2 ] DEBUG Engine               - isExperimentalNative: false
12:03:01.011 [FXGL Background Thread 2 ] DEBUG Engine               - isExperimentalTiledLargeMap: false
12:03:01.011 [FXGL Background Thread 2 ] DEBUG Engine               - isFullScreenAllowed: false
12:03:01.011 [FXGL Background Thread 2 ] DEBUG Engine               - isFullScreenFromStart: false
12:03:01.011 [FXGL Background Thread 2 ] DEBUG Engine               - isGameMenuEnabled: true
12:03:01.011 [FXGL Background Thread 2 ] DEBUG Engine               - isIOS: false
12:03:01.011 [FXGL Background Thread 2 ] DEBUG Engine               - isIntroEnabled: false
12:03:01.011 [FXGL Background Thread 2 ] DEBUG Engine               - isLinux: false
12:03:01.011 [FXGL Background Thread 2 ] DEBUG Engine               - isMac: false
12:03:01.011 [FXGL Background Thread 2 ] DEBUG Engine               - isMainMenuEnabled: true
12:03:01.011 [FXGL Background Thread 2 ] DEBUG Engine               - isManualResizeEnabled: false
12:03:01.011 [FXGL Background Thread 2 ] DEBUG Engine               - isMobile: false
12:03:01.011 [FXGL Background Thread 2 ] DEBUG Engine               - isPreserveResizeRatio: false
12:03:01.011 [FXGL Background Thread 2 ] DEBUG Engine               - isProfilingEnabled: false
12:03:01.011 [FXGL Background Thread 2 ] DEBUG Engine               - isSingleStep: false
12:03:01.011 [FXGL Background Thread 2 ] DEBUG Engine               - isUserProfileEnabled: false
12:03:01.011 [FXGL Background Thread 2 ] DEBUG Engine               - isWindows: true
12:03:01.011 [FXGL Background Thread 2 ] DEBUG Engine               - language: ObjectProperty [value: ENGLISH]
12:03:01.011 [FXGL Background Thread 2 ] DEBUG Engine               - mainWindow: com.almasb.fxgl.app.MainWindow@8a68ae9
12:03:01.012 [FXGL Background Thread 2 ] DEBUG Engine               - menuKey: ESCAPE
12:03:01.012 [FXGL Background Thread 2 ] DEBUG Engine               - notificationViewClass: class com.almasb.fxgl.notification.view.XboxNotificationView
12:03:01.012 [FXGL Background Thread 2 ] DEBUG Engine               - pixelsPerMeter: 50.0
12:03:01.012 [FXGL Background Thread 2 ] DEBUG Engine               - platform: WINDOWS
12:03:01.012 [FXGL Background Thread 2 ] DEBUG Engine               - profileDir: profiles/
12:03:01.012 [FXGL Background Thread 2 ] DEBUG Engine               - profileName: StringProperty [value: DEFAULT]
12:03:01.012 [FXGL Background Thread 2 ] DEBUG Engine               - randomSeed: -1
12:03:01.012 [FXGL Background Thread 2 ] DEBUG Engine               - runtimeInfo: RuntimeInfo(platform=WINDOWS, version=11.9, build=27.05.2020 17.06)
12:03:01.012 [FXGL Background Thread 2 ] DEBUG Engine               - saveFileExt: sav
12:03:01.012 [FXGL Background Thread 2 ] DEBUG Engine               - sceneFactory: MooseGame.NewfoundRacerApp$1@4da41599
12:03:01.012 [FXGL Background Thread 2 ] DEBUG Engine               - secondsIn24h: 60
12:03:01.012 [FXGL Background Thread 2 ] DEBUG Engine               - settings: Title: Newfoundland Moose Collision
Version: 1.0
Width: 840
Height: 650
Fullscreen: false
Intro: false
Profiling: false
Single step:false
App Mode: DEVELOPER
Menu Key: ESCAPE
Stage Style: DECORATED
Scene Factory: class MooseGame.NewfoundRacerApp$1

12:03:01.012 [FXGL Background Thread 2 ] DEBUG Engine               - soundMenuBack: menu/back.wav
12:03:01.012 [FXGL Background Thread 2 ] DEBUG Engine               - soundMenuPress: menu/press.wav
12:03:01.012 [FXGL Background Thread 2 ] DEBUG Engine               - soundMenuSelect: menu/select.wav
12:03:01.012 [FXGL Background Thread 2 ] DEBUG Engine               - soundNotification: core/notification.wav
12:03:01.012 [FXGL Background Thread 2 ] DEBUG Engine               - stageStyle: DECORATED
12:03:01.012 [FXGL Background Thread 2 ] DEBUG Engine               - supportedLanguages: [ENGLISH, FRENCH, GERMAN, HUNGARIAN, RUSSIAN]
12:03:01.012 [FXGL Background Thread 2 ] DEBUG Engine               - title: Newfoundland Moose Collision
12:03:01.012 [FXGL Background Thread 2 ] DEBUG Engine               - urlGithub: https://github.com/AlmasB/FXGL
12:03:01.012 [FXGL Background Thread 2 ] DEBUG Engine               - urlLeaderboard: http://fxgl-top.herokuapp.com/
12:03:01.012 [FXGL Background Thread 2 ] DEBUG Engine               - urlPOM: https://raw.githubusercontent.com/AlmasB/FXGL/master/pom.xml
12:03:01.013 [FXGL Background Thread 2 ] DEBUG Engine               - version: 1.0
12:03:01.013 [FXGL Background Thread 2 ] DEBUG Engine               - versionCheckDays: 7
12:03:01.013 [FXGL Background Thread 2 ] DEBUG Engine               - width: 840
12:03:01.013 [FXGL Background Thread 2 ] DEBUG Engine               - Logging services
12:03:01.013 [FXGL Background Thread 2 ] DEBUG Engine               - class com.almasb.fxgl.app.GameApplication$GameApplicationService
12:03:01.013 [FXGL Background Thread 2 ] DEBUG Engine               - class com.almasb.fxgl.app.services.WindowService
12:03:01.013 [FXGL Background Thread 2 ] DEBUG Engine               - class com.almasb.fxgl.app.services.FXGLDialogService
12:03:01.013 [FXGL Background Thread 2 ] DEBUG Engine               - class com.almasb.fxgl.app.services.IOTaskExecutorService
12:03:01.013 [FXGL Background Thread 2 ] DEBUG Engine               - class com.almasb.fxgl.event.EventBusService
12:03:01.013 [FXGL Background Thread 2 ] DEBUG Engine               - class com.almasb.fxgl.io.FileSystemService
12:03:01.013 [FXGL Background Thread 2 ] DEBUG Engine               - class com.almasb.fxgl.localization.LocalizationService
12:03:01.013 [FXGL Background Thread 2 ] DEBUG Engine               - class com.almasb.fxgl.app.services.AssetLoaderService
12:03:01.013 [FXGL Background Thread 2 ] DEBUG Engine               - class com.almasb.fxgl.app.services.SystemBundleService
12:03:01.013 [FXGL Background Thread 2 ] DEBUG Engine               - class com.almasb.fxgl.profile.SaveLoadService
12:03:01.013 [FXGL Background Thread 2 ] DEBUG Engine               - class com.almasb.fxgl.ui.FXGLUIFactoryServiceProvider
12:03:01.013 [FXGL Background Thread 2 ] DEBUG Engine               - class com.almasb.fxgl.ui.FXGLDialogFactoryServiceProvider
12:03:01.013 [FXGL Background Thread 2 ] DEBUG Engine               - class com.almasb.fxgl.audio.AudioPlayer
12:03:01.013 [FXGL Background Thread 2 ] DEBUG Engine               - class com.almasb.fxgl.notification.impl.NotificationServiceProvider
12:03:01.013 [FXGL Background Thread 2 ] DEBUG Engine               - class com.almasb.fxgl.achievement.AchievementService
12:03:01.013 [FXGL Background Thread 2 ] DEBUG Engine               - class com.almasb.fxgl.cutscene.CutsceneService
12:03:01.013 [FXGL Background Thread 2 ] DEBUG Engine               - class com.almasb.fxgl.minigames.MiniGameService
12:03:01.013 [FXGL Background Thread 2 ] DEBUG Engine               - class com.almasb.fxgl.net.NetService
12:03:01.013 [FXGL Background Thread 2 ] DEBUG Engine               - class com.almasb.fxgl.app.services.UpdaterService
12:03:01.013 [FXGL Background Thread 2 ] DEBUG Engine               - class com.almasb.fxgl.dev.DevService
12:03:08.763 [JavaFX Application Thread] DEBUG Menu                 - fireNewGame()
12:03:08.763 [JavaFX Application Thread] DEBUG WindowService        - Starting new game
12:03:08.763 [JavaFX Application Thread] DEBUG MainWindow           - Pop state: NewfoundlandRacerMainMenu
12:03:08.763 [JavaFX Application Thread] DEBUG Input                - Clearing active input actions
12:03:08.763 [JavaFX Application Thread] DEBUG WindowService        - Removing overlay from NewfoundlandRacerMainMenu and adding to 
12:03:08.763 [JavaFX Application Thread] DEBUG MainWindow           -  <- NewfoundlandRacerMainMenu
12:03:08.764 [JavaFX Application Thread] DEBUG Input                - Clearing active input actions
12:03:08.771 [JavaFX Application Thread] DEBUG WindowService        - Removing overlay from  and adding to FXGLLoadingScene
12:03:08.771 [JavaFX Application Thread] DEBUG MainWindow           -  -> FXGLLoadingScene
12:03:08.771 [JavaFX Application Thread] DEBUG WindowService        - Clearing previous game
12:03:08.771 [JavaFX Application Thread] DEBUG GameScene            - Clearing game scene
12:03:08.771 [JavaFX Application Thread] DEBUG GameWorld            - Clearing game world
12:03:08.772 [JavaFX Application Thread] DEBUG PhysicsWorld         - Clearing physics world
12:03:08.773 [FXGL Background Thread 1 ] DEBUG GameApplication      - Initializing game
12:03:08.778 [FXGL Background Thread 1 ] DEBUG AssetLoaderService   - Loading from file system: /assets/textures/4lanehighway.png
12:03:08.836 [FXGL Background Thread 1 ] DEBUG AssetLoaderService   - Loading from file system: /assets/textures/driver2.png
12:03:08.845 [FXGL Background Thread 1 ] DEBUG AssetLoaderService   - Loading from cache: /assets/music/8-Bit-Perplexion.mp3
12:03:08.845 [FXGL Background Thread 1 ] DEBUG AssetLoaderService   - Loading from cache: /assets/music/Caffeine-Crazed-Coin-Op-Kids.mp3
12:03:08.845 [FXGL Background Thread 1 ] DEBUG AudioPlayer          - Stopping music com.almasb.fxgl.audio.Music@4e70700b
12:03:08.846 [FXGL Background Thread 1 ] DEBUG AudioPlayer          - Playing music com.almasb.fxgl.audio.Music@76e4bab2
12:03:08.848 [FXGL Background Thread 1 ] INFO  GameApplication      - Game initialization took: 0.076 sec
12:03:08.850 [JavaFX Application Thread] DEBUG Input                - Clearing active input actions
12:03:08.854 [JavaFX Application Thread] DEBUG WindowService        - Removing overlay from FXGLLoadingScene and adding to GameScene
12:03:08.855 [JavaFX Application Thread] DEBUG MainWindow           - FXGLLoadingScene -> GameScene
12:03:10.773 [JavaFX Application Thread] DEBUG AssetLoaderService   - Loading from cache: /assets/textures/driver2.png
12:03:12.106 [JavaFX Application Thread] DEBUG AssetLoaderService   - Loading from file system: /assets/textures/driver0.png
12:03:12.522 [JavaFX Application Thread] DEBUG AssetLoaderService   - Loading from file system: /assets/textures/pothole.png
12:03:13.406 [JavaFX Application Thread] DEBUG AssetLoaderService   - Loading from cache: /assets/textures/driver2.png
12:03:13.853 [JavaFX Application Thread] DEBUG AssetLoaderService   - Loading from file system: /assets/textures/cowmoosespriterunning.png
12:03:14.710 [JavaFX Application Thread] DEBUG AssetLoaderService   - Loading from file system: /assets/textures/coin.png
12:03:14.724 [JavaFX Application Thread] DEBUG AssetLoaderService   - Loading from file system: /assets/textures/driver1.png
12:03:15.613 [JavaFX Application Thread] DEBUG AssetLoaderService   - Loading from cache: /assets/textures/pothole.png
12:03:16.077 [JavaFX Application Thread] DEBUG AssetLoaderService   - Loading from file system: /assets/textures/driver3.png
12:03:17.438 [JavaFX Application Thread] DEBUG AssetLoaderService   - Loading from file system: /assets/textures/driver4.png
12:03:18.280 [JavaFX Application Thread] DEBUG AssetLoaderService   - Loading from cache: /assets/textures/cowmoosespriterunning.png
12:03:18.761 [JavaFX Application Thread] DEBUG AssetLoaderService   - Loading from cache: /assets/textures/pothole.png
12:03:18.780 [JavaFX Application Thread] DEBUG AssetLoaderService   - Loading from cache: /assets/textures/driver1.png
12:03:19.510 [JavaFX Application Thread] DEBUG AssetLoaderService   - Loading from file system: /assets/sounds/coincollect.wav
12:03:19.527 [JavaFX Application Thread] DEBUG AssetLoaderService   - Loading from cache: /assets/music/8-Bit-Perplexion.mp3
12:03:19.527 [JavaFX Application Thread] DEBUG AssetLoaderService   - Loading from cache: /assets/music/Caffeine-Crazed-Coin-Op-Kids.mp3
12:03:19.527 [JavaFX Application Thread] DEBUG AudioPlayer          - Stopping music com.almasb.fxgl.audio.Music@76e4bab2
12:03:19.528 [JavaFX Application Thread] DEBUG AudioPlayer          - Playing music com.almasb.fxgl.audio.Music@4e70700b
12:03:19.529 [JavaFX Application Thread] DEBUG MainWindow           - Push state: DialogSubScene
12:03:19.529 [JavaFX Application Thread] DEBUG Input                - Clearing active input actions
12:03:19.532 [JavaFX Application Thread] DEBUG WindowService        - Removing overlay from GameScene and adding to DialogSubScene
12:03:19.532 [JavaFX Application Thread] DEBUG MainWindow           - GameScene -> DialogSubScene
12:03:19.532 [JavaFX Application Thread] DEBUG AssetLoaderService   - Loading from file system: /assets/sounds/carcrash.wav
12:03:24.557 [JavaFX Application Thread] DEBUG MainWindow           - Pop state: DialogSubScene
12:03:24.558 [JavaFX Application Thread] DEBUG Input                - Clearing active input actions
12:03:24.558 [JavaFX Application Thread] DEBUG WindowService        - Removing overlay from DialogSubScene and adding to GameScene
12:03:24.558 [JavaFX Application Thread] DEBUG MainWindow           - GameScene <- DialogSubScene
12:03:24.558 [JavaFX Application Thread] DEBUG Input                - Clearing active input actions
12:03:24.561 [JavaFX Application Thread] DEBUG WindowService        - Removing overlay from GameScene and adding to 
12:03:24.561 [JavaFX Application Thread] DEBUG MainWindow           - GameScene -> 
12:03:24.562 [JavaFX Application Thread] DEBUG MainWindow           - Push state: NewfoundlandRacerMainMenu
12:03:24.562 [JavaFX Application Thread] DEBUG Input                - Clearing active input actions
12:03:24.562 [JavaFX Application Thread] DEBUG WindowService        - Removing overlay from  and adding to NewfoundlandRacerMainMenu
12:03:24.562 [JavaFX Application Thread] DEBUG MainWindow           -  -> NewfoundlandRacerMainMenu
12:03:24.562 [JavaFX Application Thread] DEBUG AssetLoaderService   - Loading from cache: /assets/music/8-Bit-Perplexion.mp3
12:03:24.563 [JavaFX Application Thread] DEBUG AssetLoaderService   - Loading from cache: /assets/music/Caffeine-Crazed-Coin-Op-Kids.mp3
12:03:24.563 [JavaFX Application Thread] DEBUG AudioPlayer          - Stopping music com.almasb.fxgl.audio.Music@4e70700b
12:03:24.563 [JavaFX Application Thread] DEBUG AudioPlayer          - Playing music com.almasb.fxgl.audio.Music@76e4bab2
12:03:26.630 [JavaFX Application Thread] DEBUG GameApplication      - Exiting FXGL
12:03:26.630 [JavaFX Application Thread] DEBUG LoopRunner           - Stopping loop
12:03:26.630 [JavaFX Application Thread] DEBUG SystemBundleService  - Saving FXGL system data
12:03:26.632 [JavaFX Application Thread] DEBUG FileSystemAccess     - Writing to: E:\secondYear\Java\NewfoundlandRacer\system\fxgl.bundle
12:03:26.633 [JavaFX Application Thread] DEBUG GameApplication      - Shutting down background threads
12:03:26.633 [JavaFX Application Thread] DEBUG GameApplication      - Closing logger and exiting JavaFX
