23:25:06.785 [main                     ] DEBUG GameApplication      - Logger initialized
23:25:06.789 [main                     ] DEBUG GameApplication      - Logging settings
Title: Newfoundland Moose Collision
Version: 1.0
Width: 840
Height: 650
Fullscreen: false
Intro: false
Profiling: false
Single step:false
App Mode: DEVELOPER
Menu Key: ESCAPE
Stage Style: DECORATED
Scene Factory: class MooseGame.NewfoundRacerApp$1

23:25:07.110 [JavaFX Application Thread] DEBUG GameApplication      - Initializing FXGL
23:25:07.123 [JavaFX Application Thread] INFO  Engine               - FXGL-11.9 (27.05.2020 17.06) on WINDOWS (J:14.0.1 FX:13.0.2)
23:25:07.123 [JavaFX Application Thread] DEBUG Engine               - JRE Vendor Name: Oracle Corporation
23:25:07.124 [JavaFX Application Thread] DEBUG Engine               - Running on OS: Windows 10 version 10.0
23:25:07.124 [JavaFX Application Thread] DEBUG Engine               - Architecture: amd64
23:25:07.124 [JavaFX Application Thread] INFO  Engine               - Source code and latest versions at: https://github.com/AlmasB/FXGL
23:25:07.124 [JavaFX Application Thread] INFO  Engine               -              Join the FXGL chat at: https://gitter.im/AlmasB/FXGL
23:25:07.213 [JavaFX Application Thread] DEBUG MainWindow           - Creating a JavaFX scene
23:25:07.251 [JavaFX Application Thread] DEBUG MainWindow           - Target settings size: 840.0 x 650.0
23:25:07.252 [JavaFX Application Thread] DEBUG MainWindow           - Scaled scene size:    840.0 x 650.0
23:25:07.252 [JavaFX Application Thread] DEBUG MainWindow           - Scaled ratio: (1.0, 1.0)
23:25:07.253 [JavaFX Application Thread] DEBUG MainWindow           - Set initial scene to FXGLStartupScene
23:25:07.259 [JavaFX Application Thread] DEBUG MainWindow           - Opening main window
23:25:07.335 [JavaFX Application Thread] DEBUG MainWindow           - Window border size: (16.0, 39.0)
23:25:07.336 [JavaFX Application Thread] DEBUG MainWindow           - Scaled size: 840.0 x 650.0
23:25:07.336 [JavaFX Application Thread] DEBUG MainWindow           - Scaled ratio: (1.0, 1.0)
23:25:07.336 [JavaFX Application Thread] DEBUG MainWindow           - Scene size: 840.0 x 650.0
23:25:07.336 [JavaFX Application Thread] DEBUG MainWindow           - Stage size: 856.0 x 689.0
23:25:07.342 [FXGL Background Thread 1 ] DEBUG Engine               - Initializing environment variables
23:25:07.363 [FXGL Background Thread 1 ] DEBUG WindowService        - Applying CSS: fxgl_dark.css
23:25:07.364 [FXGL Background Thread 1 ] DEBUG AssetLoaderService   - Loading from file system: /assets/ui/css/fxgl_dark.css
23:25:07.403 [FXGL Background Thread 1 ] DEBUG WindowService        - Initializing application scenes
23:25:07.428 [FXGL Background Thread 1 ] DEBUG GameWorld            - Game world initialized
23:25:07.459 [FXGL Background Thread 1 ] DEBUG PhysicsWorld         - Physics world initialized: appHeight=650, physics.ppm=50.0
23:25:07.460 [FXGL Background Thread 1 ] DEBUG GameScene            - Game scene initialized: 840x650
23:25:07.474 [FXGL Background Thread 1 ] DEBUG AssetLoaderService   - Loading from file system: /assets/music/8-Bit-Perplexion.mp3
23:25:07.603 [FXGL Background Thread 1 ] DEBUG AssetLoaderService   - Loading from file system: /assets/music/Caffeine-Crazed-Coin-Op-Kids.mp3
23:25:07.608 [FXGL Background Thread 1 ] DEBUG AudioPlayer          - Stopping music com.almasb.fxgl.audio.Music@55a2750c
23:25:07.609 [FXGL Background Thread 1 ] DEBUG AudioPlayer          - Playing music com.almasb.fxgl.audio.Music@5cea1659
23:25:07.673 [FXGL Background Thread 1 ] DEBUG AssetLoaderService   - Loading from file system: /assets/textures/particles/trace_horizontal.png
23:25:07.696 [FXGL Background Thread 1 ] DEBUG FXGL.DefaultMenu     - createMenuBodyGameMenu()
23:25:07.703 [FXGL Background Thread 1 ] DEBUG FXGL.DefaultMenu     - createOptionsMenu()
23:25:07.706 [FXGL Background Thread 1 ] DEBUG AssetLoaderService   - Loading from file system: /assets/textures/particles/smoke.png
23:25:07.739 [FXGL Background Thread 1 ] DEBUG WindowService        - Application scenes initialized
23:25:07.746 [FXGL Background Thread 1 ] DEBUG SystemBundleService  - Loading FXGL system data
23:25:07.748 [FXGL Background Thread 1 ] DEBUG FileSystemAccess     - Reading from: E:\secondYear\Java\NewfoundlandRacer\system\fxgl.bundle
23:25:07.752 [FXGL Background Thread 1 ] DEBUG SystemBundleService  - Bundle FXGL: {}
23:25:07.752 [FXGL Background Thread 1 ] INFO  Engine               - FXGL initialization took: 0.409 sec
23:25:07.753 [FXGL Background Thread 1 ] DEBUG GameApplication      - Loading localizations
23:25:07.754 [FXGL Background Thread 1 ] DEBUG AssetLoaderService   - Loading from file system: /assets/languages/english.lang
23:25:07.762 [FXGL Background Thread 1 ] DEBUG AssetLoaderService   - Loading from file system: /assets/languages/french.lang
23:25:07.763 [FXGL Background Thread 1 ] DEBUG AssetLoaderService   - Loading from file system: /assets/languages/german.lang
23:25:07.765 [FXGL Background Thread 1 ] DEBUG AssetLoaderService   - Loading from file system: /assets/languages/hungarian.lang
23:25:07.766 [FXGL Background Thread 1 ] DEBUG AssetLoaderService   - Loading from file system: /assets/languages/russian.lang
23:25:07.767 [FXGL Background Thread 1 ] DEBUG GameApplication      - Registering font factories with UI factory
23:25:07.767 [FXGL Background Thread 1 ] DEBUG AssetLoaderService   - Loading from file system: /assets/ui/fonts/VarelaRound-Regular.ttf
23:25:07.797 [FXGL Background Thread 1 ] DEBUG AssetLoaderService   - Loading from file system: /assets/ui/fonts/Abel-Regular.ttf
23:25:07.800 [FXGL Background Thread 1 ] DEBUG AssetLoaderService   - Loading from file system: /assets/ui/fonts/lucida_console.ttf
23:25:07.803 [FXGL Background Thread 1 ] DEBUG AssetLoaderService   - Loading from file system: /assets/ui/fonts/Courier-Prime.ttf
23:25:07.811 [JavaFX Application Thread] DEBUG Input                - Registered new binding: Move Right - D
23:25:07.811 [JavaFX Application Thread] DEBUG Input                - Registered new binding: Move Left - A
23:25:07.812 [JavaFX Application Thread] DEBUG Input                - Registered new binding: Move Up - W
23:25:07.812 [JavaFX Application Thread] DEBUG Input                - Registered new binding: Move Down - S
23:25:07.812 [JavaFX Application Thread] DEBUG AssetLoaderService   - Loading from file system: /assets/textures/fxgl_icon.png
23:25:07.827 [JavaFX Application Thread] DEBUG AssetLoaderService   - Loading from file system: /assets/ui/cursors/fxgl_default.png
23:25:07.828 [JavaFX Application Thread] DEBUG Input                - Registered new binding: Screenshot - P
23:25:07.829 [JavaFX Application Thread] DEBUG Input                - Registered new binding: System info dump - CTRL+9
23:25:07.829 [JavaFX Application Thread] DEBUG Input                - Registered new binding: Restart - CTRL+R
23:25:07.829 [JavaFX Application Thread] DEBUG LoopRunner           - Starting loop
23:25:07.849 [JavaFX Application Thread] DEBUG FXGLStartupScene     - STARTUP
23:25:07.850 [JavaFX Application Thread] DEBUG Input                - Clearing active input actions
23:25:07.857 [JavaFX Application Thread] DEBUG WindowService        - Removing overlay from FXGLStartupScene and adding to 
23:25:07.857 [JavaFX Application Thread] DEBUG MainWindow           - FXGLStartupScene -> 
23:25:07.857 [JavaFX Application Thread] DEBUG MainWindow           - Push state: NewfoundlandRacerMainMenu
23:25:07.857 [JavaFX Application Thread] DEBUG Input                - Clearing active input actions
23:25:07.864 [JavaFX Application Thread] DEBUG WindowService        - Removing overlay from  and adding to NewfoundlandRacerMainMenu
23:25:07.864 [JavaFX Application Thread] DEBUG MainWindow           -  -> NewfoundlandRacerMainMenu
23:25:09.278 [JavaFX Application Thread] DEBUG Menu                 - fireNewGame()
23:25:09.278 [JavaFX Application Thread] DEBUG WindowService        - Starting new game
23:25:09.278 [JavaFX Application Thread] DEBUG MainWindow           - Pop state: NewfoundlandRacerMainMenu
23:25:09.278 [JavaFX Application Thread] DEBUG Input                - Clearing active input actions
23:25:09.279 [JavaFX Application Thread] DEBUG WindowService        - Removing overlay from NewfoundlandRacerMainMenu and adding to 
23:25:09.279 [JavaFX Application Thread] DEBUG MainWindow           -  <- NewfoundlandRacerMainMenu
23:25:09.279 [JavaFX Application Thread] DEBUG Input                - Clearing active input actions
23:25:09.285 [JavaFX Application Thread] DEBUG WindowService        - Removing overlay from  and adding to FXGLLoadingScene
23:25:09.285 [JavaFX Application Thread] DEBUG MainWindow           -  -> FXGLLoadingScene
23:25:09.285 [JavaFX Application Thread] DEBUG WindowService        - Clearing previous game
23:25:09.285 [JavaFX Application Thread] DEBUG GameScene            - Clearing game scene
23:25:09.285 [JavaFX Application Thread] DEBUG GameWorld            - Clearing game world
23:25:09.285 [JavaFX Application Thread] DEBUG PhysicsWorld         - Clearing physics world
23:25:09.286 [FXGL Background Thread 1 ] DEBUG GameApplication      - Initializing game
23:25:09.292 [FXGL Background Thread 1 ] DEBUG AssetLoaderService   - Loading from file system: /assets/textures/4lanehighway.png
23:25:09.432 [FXGL Background Thread 1 ] DEBUG AssetLoaderService   - Loading from file system: /assets/textures/player.png
23:25:09.440 [FXGL Background Thread 1 ] DEBUG AssetLoaderService   - Loading from cache: /assets/music/8-Bit-Perplexion.mp3
23:25:09.441 [FXGL Background Thread 1 ] DEBUG AssetLoaderService   - Loading from cache: /assets/music/Caffeine-Crazed-Coin-Op-Kids.mp3
23:25:09.441 [FXGL Background Thread 1 ] DEBUG AudioPlayer          - Stopping music com.almasb.fxgl.audio.Music@5cea1659
23:25:09.441 [FXGL Background Thread 1 ] DEBUG AudioPlayer          - Playing music com.almasb.fxgl.audio.Music@55a2750c
23:25:09.443 [FXGL Background Thread 1 ] INFO  GameApplication      - Game initialization took: 0.156 sec
23:25:09.444 [JavaFX Application Thread] DEBUG Input                - Clearing active input actions
23:25:09.448 [JavaFX Application Thread] DEBUG WindowService        - Removing overlay from FXGLLoadingScene and adding to GameScene
23:25:09.448 [JavaFX Application Thread] DEBUG MainWindow           - FXGLLoadingScene -> GameScene
23:25:10.754 [FXGL Background Thread 2 ] DEBUG Engine               - Logging environment variables
23:25:10.754 [FXGL Background Thread 2 ] DEBUG Engine               - achievements: []
23:25:10.754 [FXGL Background Thread 2 ] DEBUG Engine               - appIcon: fxgl_icon.png
23:25:10.754 [FXGL Background Thread 2 ] DEBUG Engine               - applicationMode: DEVELOPER
23:25:10.754 [FXGL Background Thread 2 ] DEBUG Engine               - cSSList: [fxgl_dark.css]
23:25:10.754 [FXGL Background Thread 2 ] DEBUG Engine               - configClass: Optional.empty
23:25:10.754 [FXGL Background Thread 2 ] DEBUG Engine               - credits: []
23:25:10.754 [FXGL Background Thread 2 ] DEBUG Engine               - devBBoxColorProperty: ObjectProperty [value: 0xff0000ff]
23:25:10.755 [FXGL Background Thread 2 ] DEBUG Engine               - devSensorColorProperty: ObjectProperty [value: 0xffff00ff]
23:25:10.755 [FXGL Background Thread 2 ] DEBUG Engine               - devShowBBoxProperty: BooleanProperty [value: false]
23:25:10.755 [FXGL Background Thread 2 ] DEBUG Engine               - devShowPositionProperty: BooleanProperty [value: false]
23:25:10.755 [FXGL Background Thread 2 ] DEBUG Engine               - enabledMenuItems: []
23:25:10.755 [FXGL Background Thread 2 ] DEBUG Engine               - engineServices: [class com.almasb.fxgl.app.GameApplication$GameApplicationService, class com.almasb.fxgl.app.services.WindowService, class com.almasb.fxgl.app.services.FXGLDialogService, class com.almasb.fxgl.app.services.IOTaskExecutorService, class com.almasb.fxgl.event.EventBusService, class com.almasb.fxgl.io.FileSystemService, class com.almasb.fxgl.localization.LocalizationService, class com.almasb.fxgl.app.services.AssetLoaderService, class com.almasb.fxgl.app.services.SystemBundleService, class com.almasb.fxgl.profile.SaveLoadService, class com.almasb.fxgl.ui.FXGLUIFactoryServiceProvider, class com.almasb.fxgl.ui.FXGLDialogFactoryServiceProvider, class com.almasb.fxgl.audio.AudioPlayer, class com.almasb.fxgl.notification.impl.NotificationServiceProvider, class com.almasb.fxgl.achievement.AchievementService, class com.almasb.fxgl.cutscene.CutsceneService, class com.almasb.fxgl.minigames.MiniGameService, class com.almasb.fxgl.net.NetService, class com.almasb.fxgl.app.services.UpdaterService, class com.almasb.fxgl.dev.DevService]
23:25:10.755 [FXGL Background Thread 2 ] DEBUG Engine               - fontGame: Abel-Regular.ttf
23:25:10.755 [FXGL Background Thread 2 ] DEBUG Engine               - fontMono: lucida_console.ttf
23:25:10.755 [FXGL Background Thread 2 ] DEBUG Engine               - fontText: Courier-Prime.ttf
23:25:10.755 [FXGL Background Thread 2 ] DEBUG Engine               - fontUI: VarelaRound-Regular.ttf
23:25:10.755 [FXGL Background Thread 2 ] DEBUG Engine               - fullScreen: BooleanProperty [value: false]
23:25:10.755 [FXGL Background Thread 2 ] DEBUG Engine               - gameDifficulty: MEDIUM
23:25:10.755 [FXGL Background Thread 2 ] DEBUG Engine               - gameDifficultyProperty: ObjectProperty [value: MEDIUM]
23:25:10.755 [FXGL Background Thread 2 ] DEBUG Engine               - globalMusicVolume: 0.5
23:25:10.755 [FXGL Background Thread 2 ] DEBUG Engine               - globalMusicVolumeProperty: DoubleProperty [value: 0.5]
23:25:10.756 [FXGL Background Thread 2 ] DEBUG Engine               - globalSoundVolume: 0.5
23:25:10.756 [FXGL Background Thread 2 ] DEBUG Engine               - globalSoundVolumeProperty: DoubleProperty [value: 0.5]
23:25:10.756 [FXGL Background Thread 2 ] DEBUG Engine               - height: 650
23:25:10.756 [FXGL Background Thread 2 ] DEBUG Engine               - isAndroid: false
23:25:10.756 [FXGL Background Thread 2 ] DEBUG Engine               - isBrowser: false
23:25:10.756 [FXGL Background Thread 2 ] DEBUG Engine               - isClickFeedbackEnabled: false
23:25:10.756 [FXGL Background Thread 2 ] DEBUG Engine               - isCloseConfirmation: false
23:25:10.756 [FXGL Background Thread 2 ] DEBUG Engine               - isDesktop: true
23:25:10.756 [FXGL Background Thread 2 ] DEBUG Engine               - isDeveloperMenuEnabled: false
23:25:10.756 [FXGL Background Thread 2 ] DEBUG Engine               - isExperimentalNative: false
23:25:10.756 [FXGL Background Thread 2 ] DEBUG Engine               - isExperimentalTiledLargeMap: false
23:25:10.756 [FXGL Background Thread 2 ] DEBUG Engine               - isFullScreenAllowed: false
23:25:10.756 [FXGL Background Thread 2 ] DEBUG Engine               - isFullScreenFromStart: false
23:25:10.756 [FXGL Background Thread 2 ] DEBUG Engine               - isGameMenuEnabled: true
23:25:10.756 [FXGL Background Thread 2 ] DEBUG Engine               - isIOS: false
23:25:10.756 [FXGL Background Thread 2 ] DEBUG Engine               - isIntroEnabled: false
23:25:10.756 [FXGL Background Thread 2 ] DEBUG Engine               - isLinux: false
23:25:10.756 [FXGL Background Thread 2 ] DEBUG Engine               - isMac: false
23:25:10.757 [FXGL Background Thread 2 ] DEBUG Engine               - isMainMenuEnabled: true
23:25:10.757 [FXGL Background Thread 2 ] DEBUG Engine               - isManualResizeEnabled: false
23:25:10.757 [FXGL Background Thread 2 ] DEBUG Engine               - isMobile: false
23:25:10.757 [FXGL Background Thread 2 ] DEBUG Engine               - isPreserveResizeRatio: false
23:25:10.757 [FXGL Background Thread 2 ] DEBUG Engine               - isProfilingEnabled: false
23:25:10.757 [FXGL Background Thread 2 ] DEBUG Engine               - isSingleStep: false
23:25:10.757 [FXGL Background Thread 2 ] DEBUG Engine               - isUserProfileEnabled: false
23:25:10.757 [FXGL Background Thread 2 ] DEBUG Engine               - isWindows: true
23:25:10.757 [FXGL Background Thread 2 ] DEBUG Engine               - language: ObjectProperty [value: ENGLISH]
23:25:10.757 [FXGL Background Thread 2 ] DEBUG Engine               - mainWindow: com.almasb.fxgl.app.MainWindow@31bf565e
23:25:10.757 [FXGL Background Thread 2 ] DEBUG Engine               - menuKey: ESCAPE
23:25:10.757 [FXGL Background Thread 2 ] DEBUG Engine               - notificationViewClass: class com.almasb.fxgl.notification.view.XboxNotificationView
23:25:10.757 [FXGL Background Thread 2 ] DEBUG Engine               - pixelsPerMeter: 50.0
23:25:10.757 [FXGL Background Thread 2 ] DEBUG Engine               - platform: WINDOWS
23:25:10.757 [FXGL Background Thread 2 ] DEBUG Engine               - profileDir: profiles/
23:25:10.757 [FXGL Background Thread 2 ] DEBUG Engine               - profileName: StringProperty [value: DEFAULT]
23:25:10.757 [FXGL Background Thread 2 ] DEBUG Engine               - randomSeed: -1
23:25:10.757 [FXGL Background Thread 2 ] DEBUG Engine               - runtimeInfo: RuntimeInfo(platform=WINDOWS, version=11.9, build=27.05.2020 17.06)
23:25:10.757 [FXGL Background Thread 2 ] DEBUG Engine               - saveFileExt: sav
23:25:10.757 [FXGL Background Thread 2 ] DEBUG Engine               - sceneFactory: MooseGame.NewfoundRacerApp$1@74bdce0d
23:25:10.758 [FXGL Background Thread 2 ] DEBUG Engine               - secondsIn24h: 60
23:25:10.758 [FXGL Background Thread 2 ] DEBUG Engine               - settings: Title: Newfoundland Moose Collision
Version: 1.0
Width: 840
Height: 650
Fullscreen: false
Intro: false
Profiling: false
Single step:false
App Mode: DEVELOPER
Menu Key: ESCAPE
Stage Style: DECORATED
Scene Factory: class MooseGame.NewfoundRacerApp$1

23:25:10.758 [FXGL Background Thread 2 ] DEBUG Engine               - soundMenuBack: menu/back.wav
23:25:10.758 [FXGL Background Thread 2 ] DEBUG Engine               - soundMenuPress: menu/press.wav
23:25:10.758 [FXGL Background Thread 2 ] DEBUG Engine               - soundMenuSelect: menu/select.wav
23:25:10.758 [FXGL Background Thread 2 ] DEBUG Engine               - soundNotification: core/notification.wav
23:25:10.758 [FXGL Background Thread 2 ] DEBUG Engine               - stageStyle: DECORATED
23:25:10.758 [FXGL Background Thread 2 ] DEBUG Engine               - supportedLanguages: [ENGLISH, FRENCH, GERMAN, HUNGARIAN, RUSSIAN]
23:25:10.758 [FXGL Background Thread 2 ] DEBUG Engine               - title: Newfoundland Moose Collision
23:25:10.758 [FXGL Background Thread 2 ] DEBUG Engine               - urlGithub: https://github.com/AlmasB/FXGL
23:25:10.758 [FXGL Background Thread 2 ] DEBUG Engine               - urlLeaderboard: http://fxgl-top.herokuapp.com/
23:25:10.758 [FXGL Background Thread 2 ] DEBUG Engine               - urlPOM: https://raw.githubusercontent.com/AlmasB/FXGL/master/pom.xml
23:25:10.758 [FXGL Background Thread 2 ] DEBUG Engine               - version: 1.0
23:25:10.758 [FXGL Background Thread 2 ] DEBUG Engine               - versionCheckDays: 7
23:25:10.758 [FXGL Background Thread 2 ] DEBUG Engine               - width: 840
23:25:10.758 [FXGL Background Thread 2 ] DEBUG Engine               - Logging services
23:25:10.758 [FXGL Background Thread 2 ] DEBUG Engine               - class com.almasb.fxgl.app.GameApplication$GameApplicationService
23:25:10.758 [FXGL Background Thread 2 ] DEBUG Engine               - class com.almasb.fxgl.app.services.WindowService
23:25:10.758 [FXGL Background Thread 2 ] DEBUG Engine               - class com.almasb.fxgl.app.services.FXGLDialogService
23:25:10.758 [FXGL Background Thread 2 ] DEBUG Engine               - class com.almasb.fxgl.app.services.IOTaskExecutorService
23:25:10.759 [FXGL Background Thread 2 ] DEBUG Engine               - class com.almasb.fxgl.event.EventBusService
23:25:10.759 [FXGL Background Thread 2 ] DEBUG Engine               - class com.almasb.fxgl.io.FileSystemService
23:25:10.759 [FXGL Background Thread 2 ] DEBUG Engine               - class com.almasb.fxgl.localization.LocalizationService
23:25:10.759 [FXGL Background Thread 2 ] DEBUG Engine               - class com.almasb.fxgl.app.services.AssetLoaderService
23:25:10.759 [FXGL Background Thread 2 ] DEBUG Engine               - class com.almasb.fxgl.app.services.SystemBundleService
23:25:10.759 [FXGL Background Thread 2 ] DEBUG Engine               - class com.almasb.fxgl.profile.SaveLoadService
23:25:10.759 [FXGL Background Thread 2 ] DEBUG Engine               - class com.almasb.fxgl.ui.FXGLUIFactoryServiceProvider
23:25:10.759 [FXGL Background Thread 2 ] DEBUG Engine               - class com.almasb.fxgl.ui.FXGLDialogFactoryServiceProvider
23:25:10.759 [FXGL Background Thread 2 ] DEBUG Engine               - class com.almasb.fxgl.audio.AudioPlayer
23:25:10.759 [FXGL Background Thread 2 ] DEBUG Engine               - class com.almasb.fxgl.notification.impl.NotificationServiceProvider
23:25:10.759 [FXGL Background Thread 2 ] DEBUG Engine               - class com.almasb.fxgl.achievement.AchievementService
23:25:10.759 [FXGL Background Thread 2 ] DEBUG Engine               - class com.almasb.fxgl.cutscene.CutsceneService
23:25:10.759 [FXGL Background Thread 2 ] DEBUG Engine               - class com.almasb.fxgl.minigames.MiniGameService
23:25:10.759 [FXGL Background Thread 2 ] DEBUG Engine               - class com.almasb.fxgl.net.NetService
23:25:10.759 [FXGL Background Thread 2 ] DEBUG Engine               - class com.almasb.fxgl.app.services.UpdaterService
23:25:10.759 [FXGL Background Thread 2 ] DEBUG Engine               - class com.almasb.fxgl.dev.DevService
23:25:11.597 [JavaFX Application Thread] DEBUG AssetLoaderService   - Loading from file system: /assets/textures/driver2.png
23:25:12.895 [JavaFX Application Thread] DEBUG AssetLoaderService   - Loading from file system: /assets/textures/driver1.png
23:25:13.333 [JavaFX Application Thread] DEBUG AssetLoaderService   - Loading from file system: /assets/textures/pothole.png
23:25:14.246 [JavaFX Application Thread] DEBUG AssetLoaderService   - Loading from file system: /assets/textures/driver3.png
23:25:14.646 [JavaFX Application Thread] DEBUG AssetLoaderService   - Loading from file system: /assets/textures/cowmoosespriterunning.png
23:25:15.533 [JavaFX Application Thread] DEBUG AssetLoaderService   - Loading from file system: /assets/textures/coin.png
23:25:15.541 [JavaFX Application Thread] DEBUG AssetLoaderService   - Loading from file system: /assets/textures/driver4.png
23:25:16.436 [JavaFX Application Thread] DEBUG AssetLoaderService   - Loading from cache: /assets/textures/pothole.png
23:25:16.868 [JavaFX Application Thread] DEBUG AssetLoaderService   - Loading from cache: /assets/textures/driver4.png
23:25:17.173 [JavaFX Application Thread] DEBUG AssetLoaderService   - Loading from file system: /assets/sounds/coincollect.wav
23:25:18.213 [JavaFX Application Thread] DEBUG AssetLoaderService   - Loading from file system: /assets/textures/driver0.png
23:25:18.777 [JavaFX Application Thread] DEBUG AssetLoaderService   - Loading from cache: /assets/music/8-Bit-Perplexion.mp3
23:25:18.777 [JavaFX Application Thread] DEBUG AssetLoaderService   - Loading from cache: /assets/music/Caffeine-Crazed-Coin-Op-Kids.mp3
23:25:18.777 [JavaFX Application Thread] DEBUG AudioPlayer          - Stopping music com.almasb.fxgl.audio.Music@55a2750c
23:25:18.778 [JavaFX Application Thread] DEBUG AudioPlayer          - Playing music com.almasb.fxgl.audio.Music@5cea1659
23:25:18.779 [JavaFX Application Thread] DEBUG MainWindow           - Push state: DialogSubScene
23:25:18.779 [JavaFX Application Thread] DEBUG Input                - Clearing active input actions
23:25:18.784 [JavaFX Application Thread] DEBUG WindowService        - Removing overlay from GameScene and adding to DialogSubScene
23:25:18.784 [JavaFX Application Thread] DEBUG MainWindow           - GameScene -> DialogSubScene
23:25:18.784 [JavaFX Application Thread] DEBUG AssetLoaderService   - Loading from file system: /assets/sounds/carcrash.wav
23:25:20.723 [JavaFX Application Thread] DEBUG AssetLoaderService   - Loading from cache: /assets/music/8-Bit-Perplexion.mp3
23:25:20.723 [JavaFX Application Thread] DEBUG AssetLoaderService   - Loading from cache: /assets/music/Caffeine-Crazed-Coin-Op-Kids.mp3
23:25:20.723 [JavaFX Application Thread] DEBUG AudioPlayer          - Stopping music com.almasb.fxgl.audio.Music@5cea1659
23:25:20.724 [JavaFX Application Thread] DEBUG AudioPlayer          - Playing music com.almasb.fxgl.audio.Music@55a2750c
23:25:22.603 [JavaFX Application Thread] DEBUG AssetLoaderService   - Loading from cache: /assets/music/8-Bit-Perplexion.mp3
23:25:22.603 [JavaFX Application Thread] DEBUG AssetLoaderService   - Loading from cache: /assets/music/Caffeine-Crazed-Coin-Op-Kids.mp3
23:25:22.603 [JavaFX Application Thread] DEBUG AudioPlayer          - Stopping music com.almasb.fxgl.audio.Music@55a2750c
23:25:22.603 [JavaFX Application Thread] DEBUG AudioPlayer          - Playing music com.almasb.fxgl.audio.Music@5cea1659
23:25:23.249 [JavaFX Application Thread] DEBUG AssetLoaderService   - Loading from cache: /assets/music/8-Bit-Perplexion.mp3
23:25:23.249 [JavaFX Application Thread] DEBUG AssetLoaderService   - Loading from cache: /assets/music/Caffeine-Crazed-Coin-Op-Kids.mp3
23:25:23.249 [JavaFX Application Thread] DEBUG AudioPlayer          - Stopping music com.almasb.fxgl.audio.Music@5cea1659
23:25:23.250 [JavaFX Application Thread] DEBUG AudioPlayer          - Playing music com.almasb.fxgl.audio.Music@55a2750c
23:25:23.895 [JavaFX Application Thread] DEBUG AssetLoaderService   - Loading from cache: /assets/music/8-Bit-Perplexion.mp3
23:25:23.895 [JavaFX Application Thread] DEBUG AssetLoaderService   - Loading from cache: /assets/music/Caffeine-Crazed-Coin-Op-Kids.mp3
23:25:23.895 [JavaFX Application Thread] DEBUG AudioPlayer          - Stopping music com.almasb.fxgl.audio.Music@55a2750c
23:25:23.896 [JavaFX Application Thread] DEBUG AudioPlayer          - Playing music com.almasb.fxgl.audio.Music@5cea1659
23:25:24.323 [JavaFX Application Thread] DEBUG AssetLoaderService   - Loading from cache: /assets/music/8-Bit-Perplexion.mp3
23:25:24.323 [JavaFX Application Thread] DEBUG AssetLoaderService   - Loading from cache: /assets/music/Caffeine-Crazed-Coin-Op-Kids.mp3
23:25:24.323 [JavaFX Application Thread] DEBUG AudioPlayer          - Stopping music com.almasb.fxgl.audio.Music@5cea1659
23:25:24.359 [JavaFX Application Thread] DEBUG AudioPlayer          - Playing music com.almasb.fxgl.audio.Music@55a2750c
23:25:24.657 [JavaFX Application Thread] DEBUG AssetLoaderService   - Loading from cache: /assets/music/8-Bit-Perplexion.mp3
23:25:24.657 [JavaFX Application Thread] DEBUG AssetLoaderService   - Loading from cache: /assets/music/Caffeine-Crazed-Coin-Op-Kids.mp3
23:25:24.657 [JavaFX Application Thread] DEBUG AudioPlayer          - Stopping music com.almasb.fxgl.audio.Music@55a2750c
23:25:24.657 [JavaFX Application Thread] DEBUG AudioPlayer          - Playing music com.almasb.fxgl.audio.Music@5cea1659
23:25:25.007 [JavaFX Application Thread] DEBUG AssetLoaderService   - Loading from cache: /assets/music/8-Bit-Perplexion.mp3
23:25:25.007 [JavaFX Application Thread] DEBUG AssetLoaderService   - Loading from cache: /assets/music/Caffeine-Crazed-Coin-Op-Kids.mp3
23:25:25.007 [JavaFX Application Thread] DEBUG AudioPlayer          - Stopping music com.almasb.fxgl.audio.Music@5cea1659
23:25:25.008 [JavaFX Application Thread] DEBUG AudioPlayer          - Playing music com.almasb.fxgl.audio.Music@55a2750c
23:25:25.341 [JavaFX Application Thread] DEBUG AssetLoaderService   - Loading from cache: /assets/music/8-Bit-Perplexion.mp3
23:25:25.341 [JavaFX Application Thread] DEBUG AssetLoaderService   - Loading from cache: /assets/music/Caffeine-Crazed-Coin-Op-Kids.mp3
23:25:25.341 [JavaFX Application Thread] DEBUG AudioPlayer          - Stopping music com.almasb.fxgl.audio.Music@55a2750c
23:25:25.341 [JavaFX Application Thread] DEBUG AudioPlayer          - Playing music com.almasb.fxgl.audio.Music@5cea1659
23:25:25.601 [JavaFX Application Thread] DEBUG AssetLoaderService   - Loading from cache: /assets/music/8-Bit-Perplexion.mp3
23:25:25.601 [JavaFX Application Thread] DEBUG AssetLoaderService   - Loading from cache: /assets/music/Caffeine-Crazed-Coin-Op-Kids.mp3
23:25:25.601 [JavaFX Application Thread] DEBUG AudioPlayer          - Stopping music com.almasb.fxgl.audio.Music@5cea1659
23:25:25.601 [JavaFX Application Thread] DEBUG AudioPlayer          - Playing music com.almasb.fxgl.audio.Music@55a2750c
23:25:25.826 [JavaFX Application Thread] DEBUG AssetLoaderService   - Loading from cache: /assets/music/8-Bit-Perplexion.mp3
23:25:25.826 [JavaFX Application Thread] DEBUG AssetLoaderService   - Loading from cache: /assets/music/Caffeine-Crazed-Coin-Op-Kids.mp3
23:25:25.826 [JavaFX Application Thread] DEBUG AudioPlayer          - Stopping music com.almasb.fxgl.audio.Music@55a2750c
23:25:25.826 [JavaFX Application Thread] DEBUG AudioPlayer          - Playing music com.almasb.fxgl.audio.Music@5cea1659
23:25:26.051 [JavaFX Application Thread] DEBUG AssetLoaderService   - Loading from cache: /assets/music/8-Bit-Perplexion.mp3
23:25:26.052 [JavaFX Application Thread] DEBUG AssetLoaderService   - Loading from cache: /assets/music/Caffeine-Crazed-Coin-Op-Kids.mp3
23:25:26.052 [JavaFX Application Thread] DEBUG AudioPlayer          - Stopping music com.almasb.fxgl.audio.Music@5cea1659
23:25:26.089 [JavaFX Application Thread] DEBUG AudioPlayer          - Playing music com.almasb.fxgl.audio.Music@55a2750c
23:25:26.209 [JavaFX Application Thread] DEBUG AssetLoaderService   - Loading from cache: /assets/music/8-Bit-Perplexion.mp3
23:25:26.209 [JavaFX Application Thread] DEBUG AssetLoaderService   - Loading from cache: /assets/music/Caffeine-Crazed-Coin-Op-Kids.mp3
23:25:26.209 [JavaFX Application Thread] DEBUG AudioPlayer          - Stopping music com.almasb.fxgl.audio.Music@55a2750c
23:25:26.209 [JavaFX Application Thread] DEBUG AudioPlayer          - Playing music com.almasb.fxgl.audio.Music@5cea1659
23:25:26.375 [JavaFX Application Thread] DEBUG AssetLoaderService   - Loading from cache: /assets/music/8-Bit-Perplexion.mp3
23:25:26.375 [JavaFX Application Thread] DEBUG AssetLoaderService   - Loading from cache: /assets/music/Caffeine-Crazed-Coin-Op-Kids.mp3
23:25:26.375 [JavaFX Application Thread] DEBUG AudioPlayer          - Stopping music com.almasb.fxgl.audio.Music@5cea1659
23:25:26.376 [JavaFX Application Thread] DEBUG AudioPlayer          - Playing music com.almasb.fxgl.audio.Music@55a2750c
23:25:26.523 [JavaFX Application Thread] DEBUG AssetLoaderService   - Loading from cache: /assets/music/8-Bit-Perplexion.mp3
23:25:26.523 [JavaFX Application Thread] DEBUG AssetLoaderService   - Loading from cache: /assets/music/Caffeine-Crazed-Coin-Op-Kids.mp3
23:25:26.523 [JavaFX Application Thread] DEBUG AudioPlayer          - Stopping music com.almasb.fxgl.audio.Music@55a2750c
23:25:26.523 [JavaFX Application Thread] DEBUG AudioPlayer          - Playing music com.almasb.fxgl.audio.Music@5cea1659
23:25:26.657 [JavaFX Application Thread] DEBUG AssetLoaderService   - Loading from cache: /assets/music/8-Bit-Perplexion.mp3
23:25:26.657 [JavaFX Application Thread] DEBUG AssetLoaderService   - Loading from cache: /assets/music/Caffeine-Crazed-Coin-Op-Kids.mp3
23:25:26.657 [JavaFX Application Thread] DEBUG AudioPlayer          - Stopping music com.almasb.fxgl.audio.Music@5cea1659
23:25:26.657 [JavaFX Application Thread] DEBUG AudioPlayer          - Playing music com.almasb.fxgl.audio.Music@55a2750c
23:25:26.797 [JavaFX Application Thread] DEBUG AssetLoaderService   - Loading from cache: /assets/music/8-Bit-Perplexion.mp3
23:25:26.798 [JavaFX Application Thread] DEBUG AssetLoaderService   - Loading from cache: /assets/music/Caffeine-Crazed-Coin-Op-Kids.mp3
23:25:26.798 [JavaFX Application Thread] DEBUG AudioPlayer          - Stopping music com.almasb.fxgl.audio.Music@55a2750c
23:25:26.798 [JavaFX Application Thread] DEBUG AudioPlayer          - Playing music com.almasb.fxgl.audio.Music@5cea1659
23:25:26.926 [JavaFX Application Thread] DEBUG AssetLoaderService   - Loading from cache: /assets/music/8-Bit-Perplexion.mp3
23:25:26.926 [JavaFX Application Thread] DEBUG AssetLoaderService   - Loading from cache: /assets/music/Caffeine-Crazed-Coin-Op-Kids.mp3
23:25:26.926 [JavaFX Application Thread] DEBUG AudioPlayer          - Stopping music com.almasb.fxgl.audio.Music@5cea1659
23:25:26.926 [JavaFX Application Thread] DEBUG AudioPlayer          - Playing music com.almasb.fxgl.audio.Music@55a2750c
23:25:27.054 [JavaFX Application Thread] DEBUG AssetLoaderService   - Loading from cache: /assets/music/8-Bit-Perplexion.mp3
23:25:27.054 [JavaFX Application Thread] DEBUG AssetLoaderService   - Loading from cache: /assets/music/Caffeine-Crazed-Coin-Op-Kids.mp3
23:25:27.054 [JavaFX Application Thread] DEBUG AudioPlayer          - Stopping music com.almasb.fxgl.audio.Music@55a2750c
23:25:27.054 [JavaFX Application Thread] DEBUG AudioPlayer          - Playing music com.almasb.fxgl.audio.Music@5cea1659
23:25:27.197 [JavaFX Application Thread] DEBUG AssetLoaderService   - Loading from cache: /assets/music/8-Bit-Perplexion.mp3
23:25:27.197 [JavaFX Application Thread] DEBUG AssetLoaderService   - Loading from cache: /assets/music/Caffeine-Crazed-Coin-Op-Kids.mp3
23:25:27.197 [JavaFX Application Thread] DEBUG AudioPlayer          - Stopping music com.almasb.fxgl.audio.Music@5cea1659
23:25:27.197 [JavaFX Application Thread] DEBUG AudioPlayer          - Playing music com.almasb.fxgl.audio.Music@55a2750c
23:25:27.325 [JavaFX Application Thread] DEBUG AssetLoaderService   - Loading from cache: /assets/music/8-Bit-Perplexion.mp3
23:25:27.325 [JavaFX Application Thread] DEBUG AssetLoaderService   - Loading from cache: /assets/music/Caffeine-Crazed-Coin-Op-Kids.mp3
23:25:27.326 [JavaFX Application Thread] DEBUG AudioPlayer          - Stopping music com.almasb.fxgl.audio.Music@55a2750c
23:25:27.326 [JavaFX Application Thread] DEBUG AudioPlayer          - Playing music com.almasb.fxgl.audio.Music@5cea1659
23:25:27.453 [JavaFX Application Thread] DEBUG AssetLoaderService   - Loading from cache: /assets/music/8-Bit-Perplexion.mp3
23:25:27.453 [JavaFX Application Thread] DEBUG AssetLoaderService   - Loading from cache: /assets/music/Caffeine-Crazed-Coin-Op-Kids.mp3
23:25:27.453 [JavaFX Application Thread] DEBUG AudioPlayer          - Stopping music com.almasb.fxgl.audio.Music@5cea1659
23:25:27.454 [JavaFX Application Thread] DEBUG AudioPlayer          - Playing music com.almasb.fxgl.audio.Music@55a2750c
23:25:27.585 [JavaFX Application Thread] DEBUG AssetLoaderService   - Loading from cache: /assets/music/8-Bit-Perplexion.mp3
23:25:27.585 [JavaFX Application Thread] DEBUG AssetLoaderService   - Loading from cache: /assets/music/Caffeine-Crazed-Coin-Op-Kids.mp3
23:25:27.585 [JavaFX Application Thread] DEBUG AudioPlayer          - Stopping music com.almasb.fxgl.audio.Music@55a2750c
23:25:27.585 [JavaFX Application Thread] DEBUG AudioPlayer          - Playing music com.almasb.fxgl.audio.Music@5cea1659
23:25:27.722 [JavaFX Application Thread] DEBUG AssetLoaderService   - Loading from cache: /assets/music/8-Bit-Perplexion.mp3
23:25:27.722 [JavaFX Application Thread] DEBUG AssetLoaderService   - Loading from cache: /assets/music/Caffeine-Crazed-Coin-Op-Kids.mp3
23:25:27.722 [JavaFX Application Thread] DEBUG AudioPlayer          - Stopping music com.almasb.fxgl.audio.Music@5cea1659
23:25:27.723 [JavaFX Application Thread] DEBUG AudioPlayer          - Playing music com.almasb.fxgl.audio.Music@55a2750c
23:25:28.903 [JavaFX Application Thread] DEBUG GameApplication      - Exiting FXGL
23:25:28.903 [JavaFX Application Thread] DEBUG LoopRunner           - Stopping loop
23:25:28.903 [JavaFX Application Thread] DEBUG SystemBundleService  - Saving FXGL system data
23:25:28.904 [JavaFX Application Thread] DEBUG FileSystemAccess     - Writing to: E:\secondYear\Java\NewfoundlandRacer\system\fxgl.bundle
23:25:28.905 [JavaFX Application Thread] DEBUG GameApplication      - Shutting down background threads
23:25:28.905 [JavaFX Application Thread] DEBUG GameApplication      - Closing logger and exiting JavaFX
