22:01:33.744 [main                     ] DEBUG GameApplication      - Logger initialized
22:01:33.748 [main                     ] DEBUG GameApplication      - Logging settings
Title: Newfoundland Moose Collision
Version: 0.1
Width: 840
Height: 650
Fullscreen: false
Intro: false
Profiling: false
Single step:false
App Mode: DEVELOPER
Menu Key: ESCAPE
Stage Style: DECORATED
Scene Factory: class MooseGame.NewfoundRacerApp$1

22:01:34.132 [JavaFX Application Thread] DEBUG GameApplication      - Initializing FXGL
22:01:34.145 [JavaFX Application Thread] INFO  Engine               - FXGL-11.9 (27.05.2020 17.06) on WINDOWS (J:14.0.1 FX:13.0.2)
22:01:34.145 [JavaFX Application Thread] DEBUG Engine               - JRE Vendor Name: Oracle Corporation
22:01:34.145 [JavaFX Application Thread] DEBUG Engine               - Running on OS: Windows 10 version 10.0
22:01:34.145 [JavaFX Application Thread] DEBUG Engine               - Architecture: amd64
22:01:34.146 [JavaFX Application Thread] INFO  Engine               - Source code and latest versions at: https://github.com/AlmasB/FXGL
22:01:34.146 [JavaFX Application Thread] INFO  Engine               -              Join the FXGL chat at: https://gitter.im/AlmasB/FXGL
22:01:34.257 [JavaFX Application Thread] DEBUG MainWindow           - Creating a JavaFX scene
22:01:34.300 [JavaFX Application Thread] DEBUG MainWindow           - Target settings size: 840.0 x 650.0
22:01:34.300 [JavaFX Application Thread] DEBUG MainWindow           - Scaled scene size:    840.0 x 650.0
22:01:34.300 [JavaFX Application Thread] DEBUG MainWindow           - Scaled ratio: (1.0, 1.0)
22:01:34.302 [JavaFX Application Thread] DEBUG MainWindow           - Set initial scene to FXGLStartupScene
22:01:34.308 [JavaFX Application Thread] DEBUG MainWindow           - Opening main window
22:01:34.391 [JavaFX Application Thread] DEBUG MainWindow           - Window border size: (16.0, 39.0)
22:01:34.391 [JavaFX Application Thread] DEBUG MainWindow           - Scaled size: 840.0 x 650.0
22:01:34.391 [JavaFX Application Thread] DEBUG MainWindow           - Scaled ratio: (1.0, 1.0)
22:01:34.391 [JavaFX Application Thread] DEBUG MainWindow           - Scene size: 840.0 x 650.0
22:01:34.391 [JavaFX Application Thread] DEBUG MainWindow           - Stage size: 856.0 x 689.0
22:01:34.399 [FXGL Background Thread 1 ] DEBUG Engine               - Initializing environment variables
22:01:34.418 [FXGL Background Thread 1 ] DEBUG WindowService        - Applying CSS: fxgl_dark.css
22:01:34.419 [FXGL Background Thread 1 ] DEBUG AssetLoaderService   - Loading from file system: /assets/ui/css/fxgl_dark.css
22:01:34.453 [FXGL Background Thread 1 ] DEBUG WindowService        - Initializing application scenes
22:01:34.482 [FXGL Background Thread 1 ] DEBUG GameWorld            - Game world initialized
22:01:34.518 [FXGL Background Thread 1 ] DEBUG PhysicsWorld         - Physics world initialized: appHeight=650, physics.ppm=50.0
22:01:34.519 [FXGL Background Thread 1 ] DEBUG GameScene            - Game scene initialized: 840x650
22:01:34.543 [FXGL Background Thread 1 ] DEBUG AssetLoaderService   - Loading from file system: /assets/textures/particles/trace_horizontal.png
22:01:34.588 [FXGL Background Thread 1 ] DEBUG FXGL.DefaultMenu     - createMenuBodyGameMenu()
22:01:34.602 [FXGL Background Thread 1 ] DEBUG FXGL.DefaultMenu     - createOptionsMenu()
22:01:34.606 [FXGL Background Thread 1 ] DEBUG AssetLoaderService   - Loading from file system: /assets/textures/particles/smoke.png
22:01:34.643 [FXGL Background Thread 1 ] DEBUG WindowService        - Application scenes initialized
22:01:34.652 [FXGL Background Thread 1 ] DEBUG SystemBundleService  - Loading FXGL system data
22:01:34.654 [FXGL Background Thread 1 ] DEBUG FileSystemAccess     - Reading from: E:\secondYear\Java\NewfoundlandRacer\system\fxgl.bundle
22:01:34.658 [FXGL Background Thread 1 ] DEBUG SystemBundleService  - Bundle FXGL: {}
22:01:34.658 [FXGL Background Thread 1 ] INFO  Engine               - FXGL initialization took: 0.258 sec
22:01:34.660 [FXGL Background Thread 1 ] DEBUG GameApplication      - Loading localizations
22:01:34.660 [FXGL Background Thread 1 ] DEBUG AssetLoaderService   - Loading from file system: /assets/languages/english.lang
22:01:34.667 [FXGL Background Thread 1 ] DEBUG AssetLoaderService   - Loading from file system: /assets/languages/french.lang
22:01:34.668 [FXGL Background Thread 1 ] DEBUG AssetLoaderService   - Loading from file system: /assets/languages/german.lang
22:01:34.669 [FXGL Background Thread 1 ] DEBUG AssetLoaderService   - Loading from file system: /assets/languages/hungarian.lang
22:01:34.672 [FXGL Background Thread 1 ] DEBUG AssetLoaderService   - Loading from file system: /assets/languages/russian.lang
22:01:34.673 [FXGL Background Thread 1 ] DEBUG GameApplication      - Registering font factories with UI factory
22:01:34.673 [FXGL Background Thread 1 ] DEBUG AssetLoaderService   - Loading from file system: /assets/ui/fonts/VarelaRound-Regular.ttf
22:01:34.705 [FXGL Background Thread 1 ] DEBUG AssetLoaderService   - Loading from file system: /assets/ui/fonts/Abel-Regular.ttf
22:01:34.707 [FXGL Background Thread 1 ] DEBUG AssetLoaderService   - Loading from file system: /assets/ui/fonts/lucida_console.ttf
22:01:34.711 [FXGL Background Thread 1 ] DEBUG AssetLoaderService   - Loading from file system: /assets/ui/fonts/Courier-Prime.ttf
22:01:34.721 [JavaFX Application Thread] DEBUG Input                - Registered new binding: Move Right - D
22:01:34.721 [JavaFX Application Thread] DEBUG Input                - Registered new binding: Move Left - A
22:01:34.721 [JavaFX Application Thread] DEBUG Input                - Registered new binding: Move Up - W
22:01:34.721 [JavaFX Application Thread] DEBUG Input                - Registered new binding: Move Down - S
22:01:34.721 [JavaFX Application Thread] DEBUG AssetLoaderService   - Loading from file system: /assets/textures/fxgl_icon.png
22:01:34.734 [JavaFX Application Thread] DEBUG AssetLoaderService   - Loading from file system: /assets/ui/cursors/fxgl_default.png
22:01:34.736 [JavaFX Application Thread] DEBUG Input                - Registered new binding: Screenshot - P
22:01:34.736 [JavaFX Application Thread] DEBUG Input                - Registered new binding: System info dump - CTRL+9
22:01:34.737 [JavaFX Application Thread] DEBUG Input                - Registered new binding: Restart - CTRL+R
22:01:34.737 [JavaFX Application Thread] DEBUG LoopRunner           - Starting loop
22:01:34.746 [JavaFX Application Thread] DEBUG FXGLStartupScene     - STARTUP
22:01:34.747 [JavaFX Application Thread] DEBUG Input                - Clearing active input actions
22:01:34.752 [JavaFX Application Thread] DEBUG WindowService        - Removing overlay from FXGLStartupScene and adding to 
22:01:34.752 [JavaFX Application Thread] DEBUG MainWindow           - FXGLStartupScene -> 
22:01:34.752 [JavaFX Application Thread] DEBUG MainWindow           - Push state: NewfoundlandRacerMainMenu
22:01:34.753 [JavaFX Application Thread] DEBUG Input                - Clearing active input actions
22:01:34.757 [JavaFX Application Thread] DEBUG WindowService        - Removing overlay from  and adding to NewfoundlandRacerMainMenu
22:01:34.757 [JavaFX Application Thread] DEBUG MainWindow           -  -> NewfoundlandRacerMainMenu
22:01:35.323 [JavaFX Application Thread] DEBUG Menu                 - fireNewGame()
22:01:35.323 [JavaFX Application Thread] DEBUG WindowService        - Starting new game
22:01:35.323 [JavaFX Application Thread] DEBUG MainWindow           - Pop state: NewfoundlandRacerMainMenu
22:01:35.323 [JavaFX Application Thread] DEBUG Input                - Clearing active input actions
22:01:35.323 [JavaFX Application Thread] DEBUG WindowService        - Removing overlay from NewfoundlandRacerMainMenu and adding to 
22:01:35.323 [JavaFX Application Thread] DEBUG MainWindow           -  <- NewfoundlandRacerMainMenu
22:01:35.324 [JavaFX Application Thread] DEBUG Input                - Clearing active input actions
22:01:35.330 [JavaFX Application Thread] DEBUG WindowService        - Removing overlay from  and adding to FXGLLoadingScene
22:01:35.330 [JavaFX Application Thread] DEBUG MainWindow           -  -> FXGLLoadingScene
22:01:35.330 [JavaFX Application Thread] DEBUG WindowService        - Clearing previous game
22:01:35.330 [JavaFX Application Thread] DEBUG GameScene            - Clearing game scene
22:01:35.330 [JavaFX Application Thread] DEBUG GameWorld            - Clearing game world
22:01:35.330 [JavaFX Application Thread] DEBUG PhysicsWorld         - Clearing physics world
22:01:35.331 [FXGL Background Thread 1 ] DEBUG GameApplication      - Initializing game
22:01:35.338 [FXGL Background Thread 1 ] DEBUG AssetLoaderService   - Loading from file system: /assets/textures/4lanehighway.png
22:01:35.425 [FXGL Background Thread 1 ] DEBUG AssetLoaderService   - Loading from file system: /assets/textures/player.png
22:01:35.439 [FXGL Background Thread 1 ] INFO  GameApplication      - Game initialization took: 0.108 sec
22:01:35.445 [JavaFX Application Thread] DEBUG Input                - Clearing active input actions
22:01:35.451 [JavaFX Application Thread] DEBUG WindowService        - Removing overlay from FXGLLoadingScene and adding to GameScene
22:01:35.451 [JavaFX Application Thread] DEBUG MainWindow           - FXGLLoadingScene -> GameScene
22:01:35.927 [JavaFX Application Thread] DEBUG AssetLoaderService   - Loading from file system: /assets/textures/driver1.png
22:01:36.406 [JavaFX Application Thread] DEBUG AssetLoaderService   - Loading from file system: /assets/textures/driver0.png
22:01:36.919 [JavaFX Application Thread] DEBUG AssetLoaderService   - Loading from file system: /assets/textures/driver2.png
22:01:37.398 [JavaFX Application Thread] DEBUG AssetLoaderService   - Loading from file system: /assets/textures/cowmoosespriterunning.png
22:01:37.405 [JavaFX Application Thread] DEBUG AssetLoaderService   - Loading from cache: /assets/textures/cowmoosespriterunning.png
22:01:37.430 [JavaFX Application Thread] DEBUG AssetLoaderService   - Loading from cache: /assets/textures/driver0.png
22:01:37.661 [FXGL Background Thread 2 ] DEBUG Engine               - Logging environment variables
22:01:37.662 [FXGL Background Thread 2 ] DEBUG Engine               - achievements: []
22:01:37.662 [FXGL Background Thread 2 ] DEBUG Engine               - appIcon: fxgl_icon.png
22:01:37.662 [FXGL Background Thread 2 ] DEBUG Engine               - applicationMode: DEVELOPER
22:01:37.663 [FXGL Background Thread 2 ] DEBUG Engine               - cSSList: [fxgl_dark.css]
22:01:37.663 [FXGL Background Thread 2 ] DEBUG Engine               - configClass: Optional.empty
22:01:37.663 [FXGL Background Thread 2 ] DEBUG Engine               - credits: []
22:01:37.663 [FXGL Background Thread 2 ] DEBUG Engine               - devBBoxColorProperty: ObjectProperty [value: 0xff0000ff]
22:01:37.664 [FXGL Background Thread 2 ] DEBUG Engine               - devSensorColorProperty: ObjectProperty [value: 0xffff00ff]
22:01:37.664 [FXGL Background Thread 2 ] DEBUG Engine               - devShowBBoxProperty: BooleanProperty [value: false]
22:01:37.664 [FXGL Background Thread 2 ] DEBUG Engine               - devShowPositionProperty: BooleanProperty [value: false]
22:01:37.664 [FXGL Background Thread 2 ] DEBUG Engine               - enabledMenuItems: []
22:01:37.665 [FXGL Background Thread 2 ] DEBUG Engine               - engineServices: [class com.almasb.fxgl.app.GameApplication$GameApplicationService, class com.almasb.fxgl.app.services.WindowService, class com.almasb.fxgl.app.services.FXGLDialogService, class com.almasb.fxgl.app.services.IOTaskExecutorService, class com.almasb.fxgl.event.EventBusService, class com.almasb.fxgl.io.FileSystemService, class com.almasb.fxgl.localization.LocalizationService, class com.almasb.fxgl.app.services.AssetLoaderService, class com.almasb.fxgl.app.services.SystemBundleService, class com.almasb.fxgl.profile.SaveLoadService, class com.almasb.fxgl.ui.FXGLUIFactoryServiceProvider, class com.almasb.fxgl.ui.FXGLDialogFactoryServiceProvider, class com.almasb.fxgl.audio.AudioPlayer, class com.almasb.fxgl.notification.impl.NotificationServiceProvider, class com.almasb.fxgl.achievement.AchievementService, class com.almasb.fxgl.cutscene.CutsceneService, class com.almasb.fxgl.minigames.MiniGameService, class com.almasb.fxgl.net.NetService, class com.almasb.fxgl.app.services.UpdaterService, class com.almasb.fxgl.dev.DevService]
22:01:37.665 [FXGL Background Thread 2 ] DEBUG Engine               - fontGame: Abel-Regular.ttf
22:01:37.665 [FXGL Background Thread 2 ] DEBUG Engine               - fontMono: lucida_console.ttf
22:01:37.665 [FXGL Background Thread 2 ] DEBUG Engine               - fontText: Courier-Prime.ttf
22:01:37.665 [FXGL Background Thread 2 ] DEBUG Engine               - fontUI: VarelaRound-Regular.ttf
22:01:37.665 [FXGL Background Thread 2 ] DEBUG Engine               - fullScreen: BooleanProperty [value: false]
22:01:37.665 [FXGL Background Thread 2 ] DEBUG Engine               - gameDifficulty: MEDIUM
22:01:37.666 [FXGL Background Thread 2 ] DEBUG Engine               - gameDifficultyProperty: ObjectProperty [value: MEDIUM]
22:01:37.666 [FXGL Background Thread 2 ] DEBUG Engine               - globalMusicVolume: 0.5
22:01:37.666 [FXGL Background Thread 2 ] DEBUG Engine               - globalMusicVolumeProperty: DoubleProperty [value: 0.5]
22:01:37.666 [FXGL Background Thread 2 ] DEBUG Engine               - globalSoundVolume: 0.5
22:01:37.666 [FXGL Background Thread 2 ] DEBUG Engine               - globalSoundVolumeProperty: DoubleProperty [value: 0.5]
22:01:37.666 [FXGL Background Thread 2 ] DEBUG Engine               - height: 650
22:01:37.666 [FXGL Background Thread 2 ] DEBUG Engine               - isAndroid: false
22:01:37.667 [FXGL Background Thread 2 ] DEBUG Engine               - isBrowser: false
22:01:37.667 [FXGL Background Thread 2 ] DEBUG Engine               - isClickFeedbackEnabled: false
22:01:37.667 [FXGL Background Thread 2 ] DEBUG Engine               - isCloseConfirmation: false
22:01:37.667 [FXGL Background Thread 2 ] DEBUG Engine               - isDesktop: true
22:01:37.667 [FXGL Background Thread 2 ] DEBUG Engine               - isDeveloperMenuEnabled: false
22:01:37.667 [FXGL Background Thread 2 ] DEBUG Engine               - isExperimentalNative: false
22:01:37.667 [FXGL Background Thread 2 ] DEBUG Engine               - isExperimentalTiledLargeMap: false
22:01:37.667 [FXGL Background Thread 2 ] DEBUG Engine               - isFullScreenAllowed: false
22:01:37.667 [FXGL Background Thread 2 ] DEBUG Engine               - isFullScreenFromStart: false
22:01:37.668 [FXGL Background Thread 2 ] DEBUG Engine               - isGameMenuEnabled: true
22:01:37.668 [FXGL Background Thread 2 ] DEBUG Engine               - isIOS: false
22:01:37.668 [FXGL Background Thread 2 ] DEBUG Engine               - isIntroEnabled: false
22:01:37.668 [FXGL Background Thread 2 ] DEBUG Engine               - isLinux: false
22:01:37.668 [FXGL Background Thread 2 ] DEBUG Engine               - isMac: false
22:01:37.668 [FXGL Background Thread 2 ] DEBUG Engine               - isMainMenuEnabled: true
22:01:37.668 [FXGL Background Thread 2 ] DEBUG Engine               - isManualResizeEnabled: false
22:01:37.668 [FXGL Background Thread 2 ] DEBUG Engine               - isMobile: false
22:01:37.668 [FXGL Background Thread 2 ] DEBUG Engine               - isPreserveResizeRatio: false
22:01:37.668 [FXGL Background Thread 2 ] DEBUG Engine               - isProfilingEnabled: false
22:01:37.669 [FXGL Background Thread 2 ] DEBUG Engine               - isSingleStep: false
22:01:37.669 [FXGL Background Thread 2 ] DEBUG Engine               - isUserProfileEnabled: false
22:01:37.669 [FXGL Background Thread 2 ] DEBUG Engine               - isWindows: true
22:01:37.669 [FXGL Background Thread 2 ] DEBUG Engine               - language: ObjectProperty [value: ENGLISH]
22:01:37.669 [FXGL Background Thread 2 ] DEBUG Engine               - mainWindow: com.almasb.fxgl.app.MainWindow@f51e7e4
22:01:37.669 [FXGL Background Thread 2 ] DEBUG Engine               - menuKey: ESCAPE
22:01:37.669 [FXGL Background Thread 2 ] DEBUG Engine               - notificationViewClass: class com.almasb.fxgl.notification.view.XboxNotificationView
22:01:37.669 [FXGL Background Thread 2 ] DEBUG Engine               - pixelsPerMeter: 50.0
22:01:37.669 [FXGL Background Thread 2 ] DEBUG Engine               - platform: WINDOWS
22:01:37.669 [FXGL Background Thread 2 ] DEBUG Engine               - profileDir: profiles/
22:01:37.670 [FXGL Background Thread 2 ] DEBUG Engine               - profileName: StringProperty [value: DEFAULT]
22:01:37.670 [FXGL Background Thread 2 ] DEBUG Engine               - randomSeed: -1
22:01:37.670 [FXGL Background Thread 2 ] DEBUG Engine               - runtimeInfo: RuntimeInfo(platform=WINDOWS, version=11.9, build=27.05.2020 17.06)
22:01:37.670 [FXGL Background Thread 2 ] DEBUG Engine               - saveFileExt: sav
22:01:37.670 [FXGL Background Thread 2 ] DEBUG Engine               - sceneFactory: MooseGame.NewfoundRacerApp$1@4a53686a
22:01:37.670 [FXGL Background Thread 2 ] DEBUG Engine               - secondsIn24h: 60
22:01:37.670 [FXGL Background Thread 2 ] DEBUG Engine               - settings: Title: Newfoundland Moose Collision
Version: 0.1
Width: 840
Height: 650
Fullscreen: false
Intro: false
Profiling: false
Single step:false
App Mode: DEVELOPER
Menu Key: ESCAPE
Stage Style: DECORATED
Scene Factory: class MooseGame.NewfoundRacerApp$1

22:01:37.670 [FXGL Background Thread 2 ] DEBUG Engine               - soundMenuBack: menu/back.wav
22:01:37.670 [FXGL Background Thread 2 ] DEBUG Engine               - soundMenuPress: menu/press.wav
22:01:37.670 [FXGL Background Thread 2 ] DEBUG Engine               - soundMenuSelect: menu/select.wav
22:01:37.670 [FXGL Background Thread 2 ] DEBUG Engine               - soundNotification: core/notification.wav
22:01:37.671 [FXGL Background Thread 2 ] DEBUG Engine               - stageStyle: DECORATED
22:01:37.671 [FXGL Background Thread 2 ] DEBUG Engine               - supportedLanguages: [ENGLISH, FRENCH, GERMAN, HUNGARIAN, RUSSIAN]
22:01:37.671 [FXGL Background Thread 2 ] DEBUG Engine               - title: Newfoundland Moose Collision
22:01:37.671 [FXGL Background Thread 2 ] DEBUG Engine               - urlGithub: https://github.com/AlmasB/FXGL
22:01:37.671 [FXGL Background Thread 2 ] DEBUG Engine               - urlLeaderboard: http://fxgl-top.herokuapp.com/
22:01:37.671 [FXGL Background Thread 2 ] DEBUG Engine               - urlPOM: https://raw.githubusercontent.com/AlmasB/FXGL/master/pom.xml
22:01:37.671 [FXGL Background Thread 2 ] DEBUG Engine               - version: 0.1
22:01:37.671 [FXGL Background Thread 2 ] DEBUG Engine               - versionCheckDays: 7
22:01:37.671 [FXGL Background Thread 2 ] DEBUG Engine               - width: 840
22:01:37.671 [FXGL Background Thread 2 ] DEBUG Engine               - Logging services
22:01:37.671 [FXGL Background Thread 2 ] DEBUG Engine               - class com.almasb.fxgl.app.GameApplication$GameApplicationService
22:01:37.672 [FXGL Background Thread 2 ] DEBUG Engine               - class com.almasb.fxgl.app.services.WindowService
22:01:37.672 [FXGL Background Thread 2 ] DEBUG Engine               - class com.almasb.fxgl.app.services.FXGLDialogService
22:01:37.672 [FXGL Background Thread 2 ] DEBUG Engine               - class com.almasb.fxgl.app.services.IOTaskExecutorService
22:01:37.672 [FXGL Background Thread 2 ] DEBUG Engine               - class com.almasb.fxgl.event.EventBusService
22:01:37.672 [FXGL Background Thread 2 ] DEBUG Engine               - class com.almasb.fxgl.io.FileSystemService
22:01:37.672 [FXGL Background Thread 2 ] DEBUG Engine               - class com.almasb.fxgl.localization.LocalizationService
22:01:37.672 [FXGL Background Thread 2 ] DEBUG Engine               - class com.almasb.fxgl.app.services.AssetLoaderService
22:01:37.672 [FXGL Background Thread 2 ] DEBUG Engine               - class com.almasb.fxgl.app.services.SystemBundleService
22:01:37.672 [FXGL Background Thread 2 ] DEBUG Engine               - class com.almasb.fxgl.profile.SaveLoadService
22:01:37.672 [FXGL Background Thread 2 ] DEBUG Engine               - class com.almasb.fxgl.ui.FXGLUIFactoryServiceProvider
22:01:37.672 [FXGL Background Thread 2 ] DEBUG Engine               - class com.almasb.fxgl.ui.FXGLDialogFactoryServiceProvider
22:01:37.672 [FXGL Background Thread 2 ] DEBUG Engine               - class com.almasb.fxgl.audio.AudioPlayer
22:01:37.672 [FXGL Background Thread 2 ] DEBUG Engine               - class com.almasb.fxgl.notification.impl.NotificationServiceProvider
22:01:37.673 [FXGL Background Thread 2 ] DEBUG Engine               - class com.almasb.fxgl.achievement.AchievementService
22:01:37.673 [FXGL Background Thread 2 ] DEBUG Engine               - class com.almasb.fxgl.cutscene.CutsceneService
22:01:37.673 [FXGL Background Thread 2 ] DEBUG Engine               - class com.almasb.fxgl.minigames.MiniGameService
22:01:37.673 [FXGL Background Thread 2 ] DEBUG Engine               - class com.almasb.fxgl.net.NetService
22:01:37.673 [FXGL Background Thread 2 ] DEBUG Engine               - class com.almasb.fxgl.app.services.UpdaterService
22:01:37.673 [FXGL Background Thread 2 ] DEBUG Engine               - class com.almasb.fxgl.dev.DevService
22:01:37.959 [JavaFX Application Thread] DEBUG AssetLoaderService   - Loading from file system: /assets/textures/driver4.png
22:01:38.471 [JavaFX Application Thread] DEBUG AssetLoaderService   - Loading from file system: /assets/textures/driver3.png
22:01:38.982 [JavaFX Application Thread] DEBUG AssetLoaderService   - Loading from cache: /assets/textures/driver2.png
22:01:39.415 [JavaFX Application Thread] DEBUG AssetLoaderService   - Loading from cache: /assets/textures/cowmoosespriterunning.png
22:01:39.417 [JavaFX Application Thread] DEBUG AssetLoaderService   - Loading from cache: /assets/textures/cowmoosespriterunning.png
22:01:39.494 [JavaFX Application Thread] DEBUG AssetLoaderService   - Loading from cache: /assets/textures/driver4.png
22:01:40.022 [JavaFX Application Thread] DEBUG AssetLoaderService   - Loading from cache: /assets/textures/driver3.png
22:01:40.535 [JavaFX Application Thread] DEBUG AssetLoaderService   - Loading from cache: /assets/textures/driver0.png
22:01:41.046 [JavaFX Application Thread] DEBUG AssetLoaderService   - Loading from cache: /assets/textures/driver1.png
22:01:41.432 [JavaFX Application Thread] DEBUG AssetLoaderService   - Loading from cache: /assets/textures/cowmoosespriterunning.png
22:01:41.433 [JavaFX Application Thread] DEBUG AssetLoaderService   - Loading from cache: /assets/textures/cowmoosespriterunning.png
22:01:41.574 [JavaFX Application Thread] DEBUG AssetLoaderService   - Loading from cache: /assets/textures/driver1.png
22:01:42.086 [JavaFX Application Thread] DEBUG AssetLoaderService   - Loading from cache: /assets/textures/driver4.png
22:01:42.598 [JavaFX Application Thread] DEBUG AssetLoaderService   - Loading from cache: /assets/textures/driver3.png
22:01:43.126 [JavaFX Application Thread] DEBUG AssetLoaderService   - Loading from cache: /assets/textures/driver3.png
22:01:43.447 [JavaFX Application Thread] DEBUG AssetLoaderService   - Loading from cache: /assets/textures/cowmoosespriterunning.png
22:01:43.447 [JavaFX Application Thread] DEBUG AssetLoaderService   - Loading from cache: /assets/textures/cowmoosespriterunning.png
22:01:43.623 [JavaFX Application Thread] DEBUG AssetLoaderService   - Loading from cache: /assets/textures/driver1.png
22:01:44.119 [JavaFX Application Thread] DEBUG AssetLoaderService   - Loading from cache: /assets/textures/driver2.png
22:01:44.615 [JavaFX Application Thread] DEBUG AssetLoaderService   - Loading from cache: /assets/textures/driver4.png
22:01:45.128 [JavaFX Application Thread] DEBUG AssetLoaderService   - Loading from cache: /assets/textures/driver1.png
22:01:45.382 [JavaFX Application Thread] DEBUG AssetLoaderService   - Loading from file system: /assets/textures/coin.png
22:01:45.446 [JavaFX Application Thread] DEBUG AssetLoaderService   - Loading from cache: /assets/textures/cowmoosespriterunning.png
22:01:45.447 [JavaFX Application Thread] DEBUG AssetLoaderService   - Loading from cache: /assets/textures/cowmoosespriterunning.png
22:01:45.623 [JavaFX Application Thread] DEBUG AssetLoaderService   - Loading from cache: /assets/textures/driver4.png
22:01:46.119 [JavaFX Application Thread] DEBUG AssetLoaderService   - Loading from cache: /assets/textures/driver1.png
22:01:46.615 [JavaFX Application Thread] DEBUG AssetLoaderService   - Loading from cache: /assets/textures/driver2.png
22:01:47.127 [JavaFX Application Thread] DEBUG AssetLoaderService   - Loading from cache: /assets/textures/driver4.png
22:01:47.463 [JavaFX Application Thread] DEBUG GameApplication      - Exiting FXGL
22:01:47.463 [JavaFX Application Thread] DEBUG LoopRunner           - Stopping loop
22:01:47.463 [JavaFX Application Thread] DEBUG SystemBundleService  - Saving FXGL system data
22:01:47.464 [JavaFX Application Thread] DEBUG FileSystemAccess     - Writing to: E:\secondYear\Java\NewfoundlandRacer\system\fxgl.bundle
22:01:47.465 [JavaFX Application Thread] DEBUG GameApplication      - Shutting down background threads
22:01:47.465 [JavaFX Application Thread] DEBUG GameApplication      - Closing logger and exiting JavaFX
