23:36:14.924 [main                     ] DEBUG GameApplication      - Logger initialized
23:36:14.928 [main                     ] DEBUG GameApplication      - Logging settings
Title: Newfoundland Moose Collision
Version: 0.1
Width: 840
Height: 650
Fullscreen: false
Intro: false
Profiling: false
Single step:false
App Mode: DEVELOPER
Menu Key: ESCAPE
Stage Style: DECORATED
Scene Factory: class com.almasb.fxgl.app.scene.SceneFactory

23:36:15.320 [JavaFX Application Thread] DEBUG GameApplication      - Initializing FXGL
23:36:15.332 [JavaFX Application Thread] INFO  Engine               - FXGL-11.9 (27.05.2020 17.06) on WINDOWS (J:14.0.1 FX:13.0.2)
23:36:15.332 [JavaFX Application Thread] DEBUG Engine               - JRE Vendor Name: Oracle Corporation
23:36:15.332 [JavaFX Application Thread] DEBUG Engine               - Running on OS: Windows 10 version 10.0
23:36:15.333 [JavaFX Application Thread] DEBUG Engine               - Architecture: amd64
23:36:15.333 [JavaFX Application Thread] INFO  Engine               - Source code and latest versions at: https://github.com/AlmasB/FXGL
23:36:15.333 [JavaFX Application Thread] INFO  Engine               -              Join the FXGL chat at: https://gitter.im/AlmasB/FXGL
23:36:15.443 [JavaFX Application Thread] DEBUG MainWindow           - Creating a JavaFX scene
23:36:15.489 [JavaFX Application Thread] DEBUG MainWindow           - Target settings size: 840.0 x 650.0
23:36:15.489 [JavaFX Application Thread] DEBUG MainWindow           - Scaled scene size:    840.0 x 650.0
23:36:15.489 [JavaFX Application Thread] DEBUG MainWindow           - Scaled ratio: (1.0, 1.0)
23:36:15.490 [JavaFX Application Thread] DEBUG MainWindow           - Set initial scene to FXGLStartupScene
23:36:15.496 [JavaFX Application Thread] DEBUG MainWindow           - Opening main window
23:36:15.579 [JavaFX Application Thread] DEBUG MainWindow           - Window border size: (16.0, 39.0)
23:36:15.579 [JavaFX Application Thread] DEBUG MainWindow           - Scaled size: 840.0 x 650.0
23:36:15.579 [JavaFX Application Thread] DEBUG MainWindow           - Scaled ratio: (1.0, 1.0)
23:36:15.579 [JavaFX Application Thread] DEBUG MainWindow           - Scene size: 840.0 x 650.0
23:36:15.580 [JavaFX Application Thread] DEBUG MainWindow           - Stage size: 856.0 x 689.0
23:36:15.585 [FXGL Background Thread 1 ] DEBUG Engine               - Initializing environment variables
23:36:15.603 [FXGL Background Thread 1 ] DEBUG WindowService        - Applying CSS: fxgl_dark.css
23:36:15.604 [FXGL Background Thread 1 ] DEBUG AssetLoaderService   - Loading from file system: /assets/ui/css/fxgl_dark.css
23:36:15.636 [FXGL Background Thread 1 ] DEBUG WindowService        - Initializing application scenes
23:36:15.662 [FXGL Background Thread 1 ] DEBUG GameWorld            - Game world initialized
23:36:15.696 [FXGL Background Thread 1 ] DEBUG PhysicsWorld         - Physics world initialized: appHeight=650, physics.ppm=50.0
23:36:15.697 [FXGL Background Thread 1 ] DEBUG GameScene            - Game scene initialized: 840x650
23:36:15.720 [FXGL Background Thread 1 ] DEBUG AssetLoaderService   - Loading from file system: /assets/textures/particles/trace_horizontal.png
23:36:15.762 [FXGL Background Thread 1 ] DEBUG FXGL.DefaultMenu     - createMenuBodyGameMenu()
23:36:15.777 [FXGL Background Thread 1 ] DEBUG FXGL.DefaultMenu     - createOptionsMenu()
23:36:15.781 [FXGL Background Thread 1 ] DEBUG AssetLoaderService   - Loading from file system: /assets/textures/particles/smoke.png
23:36:15.818 [FXGL Background Thread 1 ] DEBUG WindowService        - Application scenes initialized
23:36:15.827 [FXGL Background Thread 1 ] DEBUG SystemBundleService  - Loading FXGL system data
23:36:15.830 [FXGL Background Thread 1 ] DEBUG FileSystemAccess     - Reading from: E:\secondYear\Java\NewfoundlandRacer\system\fxgl.bundle
23:36:15.833 [FXGL Background Thread 1 ] DEBUG SystemBundleService  - Bundle FXGL: {}
23:36:15.834 [FXGL Background Thread 1 ] INFO  Engine               - FXGL initialization took: 0.246 sec
23:36:15.835 [FXGL Background Thread 1 ] DEBUG GameApplication      - Loading localizations
23:36:15.836 [FXGL Background Thread 1 ] DEBUG AssetLoaderService   - Loading from file system: /assets/languages/english.lang
23:36:15.843 [FXGL Background Thread 1 ] DEBUG AssetLoaderService   - Loading from file system: /assets/languages/french.lang
23:36:15.844 [FXGL Background Thread 1 ] DEBUG AssetLoaderService   - Loading from file system: /assets/languages/german.lang
23:36:15.845 [FXGL Background Thread 1 ] DEBUG AssetLoaderService   - Loading from file system: /assets/languages/hungarian.lang
23:36:15.847 [FXGL Background Thread 1 ] DEBUG AssetLoaderService   - Loading from file system: /assets/languages/russian.lang
23:36:15.849 [FXGL Background Thread 1 ] DEBUG GameApplication      - Registering font factories with UI factory
23:36:15.849 [FXGL Background Thread 1 ] DEBUG AssetLoaderService   - Loading from file system: /assets/ui/fonts/VarelaRound-Regular.ttf
23:36:15.880 [FXGL Background Thread 1 ] DEBUG AssetLoaderService   - Loading from file system: /assets/ui/fonts/Abel-Regular.ttf
23:36:15.882 [FXGL Background Thread 1 ] DEBUG AssetLoaderService   - Loading from file system: /assets/ui/fonts/lucida_console.ttf
23:36:15.886 [FXGL Background Thread 1 ] DEBUG AssetLoaderService   - Loading from file system: /assets/ui/fonts/Courier-Prime.ttf
23:36:15.895 [JavaFX Application Thread] DEBUG Input                - Registered new binding: Move Right - D
23:36:15.895 [JavaFX Application Thread] DEBUG Input                - Registered new binding: Move Left - A
23:36:15.895 [JavaFX Application Thread] DEBUG Input                - Registered new binding: Move Up - W
23:36:15.895 [JavaFX Application Thread] DEBUG Input                - Registered new binding: Move Down - S
23:36:15.895 [JavaFX Application Thread] DEBUG AssetLoaderService   - Loading from file system: /assets/textures/fxgl_icon.png
23:36:15.910 [JavaFX Application Thread] DEBUG AssetLoaderService   - Loading from file system: /assets/ui/cursors/fxgl_default.png
23:36:15.912 [JavaFX Application Thread] DEBUG Input                - Registered new binding: Screenshot - P
23:36:15.912 [JavaFX Application Thread] DEBUG Input                - Registered new binding: System info dump - CTRL+9
23:36:15.912 [JavaFX Application Thread] DEBUG Input                - Registered new binding: Restart - CTRL+R
23:36:15.913 [JavaFX Application Thread] DEBUG LoopRunner           - Starting loop
23:36:15.918 [JavaFX Application Thread] DEBUG FXGLStartupScene     - STARTUP
23:36:15.918 [JavaFX Application Thread] DEBUG WindowService        - Starting new game
23:36:15.919 [JavaFX Application Thread] DEBUG Input                - Clearing active input actions
23:36:15.928 [JavaFX Application Thread] DEBUG WindowService        - Removing overlay from FXGLStartupScene and adding to FXGLLoadingScene
23:36:15.928 [JavaFX Application Thread] DEBUG MainWindow           - FXGLStartupScene -> FXGLLoadingScene
23:36:15.928 [JavaFX Application Thread] DEBUG WindowService        - Clearing previous game
23:36:15.928 [JavaFX Application Thread] DEBUG GameScene            - Clearing game scene
23:36:15.928 [JavaFX Application Thread] DEBUG GameWorld            - Clearing game world
23:36:15.928 [JavaFX Application Thread] DEBUG PhysicsWorld         - Clearing physics world
23:36:15.929 [FXGL Background Thread 1 ] DEBUG GameApplication      - Initializing game
23:36:15.935 [FXGL Background Thread 1 ] DEBUG AssetLoaderService   - Loading from file system: /assets/textures/4lanehighway.png
23:36:15.993 [FXGL Background Thread 1 ] DEBUG AssetLoaderService   - Loading from file system: /assets/textures/player.png
23:36:16.004 [FXGL Background Thread 1 ] INFO  GameApplication      - Game initialization took: 0.075 sec
23:36:16.004 [JavaFX Application Thread] DEBUG Input                - Clearing active input actions
23:36:16.013 [JavaFX Application Thread] DEBUG WindowService        - Removing overlay from FXGLLoadingScene and adding to GameScene
23:36:16.013 [JavaFX Application Thread] DEBUG MainWindow           - FXGLLoadingScene -> GameScene
23:36:16.476 [JavaFX Application Thread] DEBUG AssetLoaderService   - Loading from file system: /assets/textures/driver0.png
23:36:16.954 [JavaFX Application Thread] DEBUG AssetLoaderService   - Loading from file system: /assets/textures/driver2.png
23:36:17.467 [JavaFX Application Thread] DEBUG AssetLoaderService   - Loading from file system: /assets/textures/driver3.png
23:36:17.994 [JavaFX Application Thread] DEBUG AssetLoaderService   - Loading from cache: /assets/textures/driver3.png
23:36:18.524 [JavaFX Application Thread] DEBUG AssetLoaderService   - Loading from cache: /assets/textures/driver3.png
23:36:18.836 [FXGL Background Thread 2 ] DEBUG Engine               - Logging environment variables
23:36:18.836 [FXGL Background Thread 2 ] DEBUG Engine               - achievements: []
23:36:18.836 [FXGL Background Thread 2 ] DEBUG Engine               - appIcon: fxgl_icon.png
23:36:18.836 [FXGL Background Thread 2 ] DEBUG Engine               - applicationMode: DEVELOPER
23:36:18.836 [FXGL Background Thread 2 ] DEBUG Engine               - cSSList: [fxgl_dark.css]
23:36:18.836 [FXGL Background Thread 2 ] DEBUG Engine               - configClass: Optional.empty
23:36:18.836 [FXGL Background Thread 2 ] DEBUG Engine               - credits: []
23:36:18.836 [FXGL Background Thread 2 ] DEBUG Engine               - devBBoxColorProperty: ObjectProperty [value: 0xff0000ff]
23:36:18.836 [FXGL Background Thread 2 ] DEBUG Engine               - devSensorColorProperty: ObjectProperty [value: 0xffff00ff]
23:36:18.836 [FXGL Background Thread 2 ] DEBUG Engine               - devShowBBoxProperty: BooleanProperty [value: false]
23:36:18.836 [FXGL Background Thread 2 ] DEBUG Engine               - devShowPositionProperty: BooleanProperty [value: false]
23:36:18.837 [FXGL Background Thread 2 ] DEBUG Engine               - enabledMenuItems: []
23:36:18.837 [FXGL Background Thread 2 ] DEBUG Engine               - engineServices: [class com.almasb.fxgl.app.GameApplication$GameApplicationService, class com.almasb.fxgl.app.services.WindowService, class com.almasb.fxgl.app.services.FXGLDialogService, class com.almasb.fxgl.app.services.IOTaskExecutorService, class com.almasb.fxgl.event.EventBusService, class com.almasb.fxgl.io.FileSystemService, class com.almasb.fxgl.localization.LocalizationService, class com.almasb.fxgl.app.services.AssetLoaderService, class com.almasb.fxgl.app.services.SystemBundleService, class com.almasb.fxgl.profile.SaveLoadService, class com.almasb.fxgl.ui.FXGLUIFactoryServiceProvider, class com.almasb.fxgl.ui.FXGLDialogFactoryServiceProvider, class com.almasb.fxgl.audio.AudioPlayer, class com.almasb.fxgl.notification.impl.NotificationServiceProvider, class com.almasb.fxgl.achievement.AchievementService, class com.almasb.fxgl.cutscene.CutsceneService, class com.almasb.fxgl.minigames.MiniGameService, class com.almasb.fxgl.net.NetService, class com.almasb.fxgl.app.services.UpdaterService, class com.almasb.fxgl.dev.DevService]
23:36:18.837 [FXGL Background Thread 2 ] DEBUG Engine               - fontGame: Abel-Regular.ttf
23:36:18.837 [FXGL Background Thread 2 ] DEBUG Engine               - fontMono: lucida_console.ttf
23:36:18.837 [FXGL Background Thread 2 ] DEBUG Engine               - fontText: Courier-Prime.ttf
23:36:18.837 [FXGL Background Thread 2 ] DEBUG Engine               - fontUI: VarelaRound-Regular.ttf
23:36:18.837 [FXGL Background Thread 2 ] DEBUG Engine               - fullScreen: BooleanProperty [value: false]
23:36:18.837 [FXGL Background Thread 2 ] DEBUG Engine               - gameDifficulty: MEDIUM
23:36:18.837 [FXGL Background Thread 2 ] DEBUG Engine               - gameDifficultyProperty: ObjectProperty [value: MEDIUM]
23:36:18.837 [FXGL Background Thread 2 ] DEBUG Engine               - globalMusicVolume: 0.5
23:36:18.837 [FXGL Background Thread 2 ] DEBUG Engine               - globalMusicVolumeProperty: DoubleProperty [value: 0.5]
23:36:18.837 [FXGL Background Thread 2 ] DEBUG Engine               - globalSoundVolume: 0.5
23:36:18.837 [FXGL Background Thread 2 ] DEBUG Engine               - globalSoundVolumeProperty: DoubleProperty [value: 0.5]
23:36:18.837 [FXGL Background Thread 2 ] DEBUG Engine               - height: 650
23:36:18.837 [FXGL Background Thread 2 ] DEBUG Engine               - isAndroid: false
23:36:18.837 [FXGL Background Thread 2 ] DEBUG Engine               - isBrowser: false
23:36:18.837 [FXGL Background Thread 2 ] DEBUG Engine               - isClickFeedbackEnabled: false
23:36:18.837 [FXGL Background Thread 2 ] DEBUG Engine               - isCloseConfirmation: false
23:36:18.838 [FXGL Background Thread 2 ] DEBUG Engine               - isDesktop: true
23:36:18.838 [FXGL Background Thread 2 ] DEBUG Engine               - isDeveloperMenuEnabled: false
23:36:18.838 [FXGL Background Thread 2 ] DEBUG Engine               - isExperimentalNative: false
23:36:18.838 [FXGL Background Thread 2 ] DEBUG Engine               - isExperimentalTiledLargeMap: false
23:36:18.838 [FXGL Background Thread 2 ] DEBUG Engine               - isFullScreenAllowed: false
23:36:18.838 [FXGL Background Thread 2 ] DEBUG Engine               - isFullScreenFromStart: false
23:36:18.838 [FXGL Background Thread 2 ] DEBUG Engine               - isGameMenuEnabled: true
23:36:18.838 [FXGL Background Thread 2 ] DEBUG Engine               - isIOS: false
23:36:18.838 [FXGL Background Thread 2 ] DEBUG Engine               - isIntroEnabled: false
23:36:18.838 [FXGL Background Thread 2 ] DEBUG Engine               - isLinux: false
23:36:18.838 [FXGL Background Thread 2 ] DEBUG Engine               - isMac: false
23:36:18.838 [FXGL Background Thread 2 ] DEBUG Engine               - isMainMenuEnabled: false
23:36:18.838 [FXGL Background Thread 2 ] DEBUG Engine               - isManualResizeEnabled: false
23:36:18.838 [FXGL Background Thread 2 ] DEBUG Engine               - isMobile: false
23:36:18.838 [FXGL Background Thread 2 ] DEBUG Engine               - isPreserveResizeRatio: false
23:36:18.838 [FXGL Background Thread 2 ] DEBUG Engine               - isProfilingEnabled: false
23:36:18.838 [FXGL Background Thread 2 ] DEBUG Engine               - isSingleStep: false
23:36:18.838 [FXGL Background Thread 2 ] DEBUG Engine               - isUserProfileEnabled: false
23:36:18.838 [FXGL Background Thread 2 ] DEBUG Engine               - isWindows: true
23:36:18.839 [FXGL Background Thread 2 ] DEBUG Engine               - language: ObjectProperty [value: ENGLISH]
23:36:18.839 [FXGL Background Thread 2 ] DEBUG Engine               - mainWindow: com.almasb.fxgl.app.MainWindow@6aa458a9
23:36:18.839 [FXGL Background Thread 2 ] DEBUG Engine               - menuKey: ESCAPE
23:36:18.839 [FXGL Background Thread 2 ] DEBUG Engine               - notificationViewClass: class com.almasb.fxgl.notification.view.XboxNotificationView
23:36:18.839 [FXGL Background Thread 2 ] DEBUG Engine               - pixelsPerMeter: 50.0
23:36:18.839 [FXGL Background Thread 2 ] DEBUG Engine               - platform: WINDOWS
23:36:18.839 [FXGL Background Thread 2 ] DEBUG Engine               - profileDir: profiles/
23:36:18.839 [FXGL Background Thread 2 ] DEBUG Engine               - profileName: StringProperty [value: DEFAULT]
23:36:18.839 [FXGL Background Thread 2 ] DEBUG Engine               - randomSeed: -1
23:36:18.839 [FXGL Background Thread 2 ] DEBUG Engine               - runtimeInfo: RuntimeInfo(platform=WINDOWS, version=11.9, build=27.05.2020 17.06)
23:36:18.839 [FXGL Background Thread 2 ] DEBUG Engine               - saveFileExt: sav
23:36:18.839 [FXGL Background Thread 2 ] DEBUG Engine               - sceneFactory: com.almasb.fxgl.app.scene.SceneFactory@2fa6db99
23:36:18.839 [FXGL Background Thread 2 ] DEBUG Engine               - secondsIn24h: 60
23:36:18.839 [FXGL Background Thread 2 ] DEBUG Engine               - settings: Title: Newfoundland Moose Collision
Version: 0.1
Width: 840
Height: 650
Fullscreen: false
Intro: false
Profiling: false
Single step:false
App Mode: DEVELOPER
Menu Key: ESCAPE
Stage Style: DECORATED
Scene Factory: class com.almasb.fxgl.app.scene.SceneFactory

23:36:18.839 [FXGL Background Thread 2 ] DEBUG Engine               - soundMenuBack: menu/back.wav
23:36:18.839 [FXGL Background Thread 2 ] DEBUG Engine               - soundMenuPress: menu/press.wav
23:36:18.839 [FXGL Background Thread 2 ] DEBUG Engine               - soundMenuSelect: menu/select.wav
23:36:18.839 [FXGL Background Thread 2 ] DEBUG Engine               - soundNotification: core/notification.wav
23:36:18.840 [FXGL Background Thread 2 ] DEBUG Engine               - stageStyle: DECORATED
23:36:18.840 [FXGL Background Thread 2 ] DEBUG Engine               - supportedLanguages: [ENGLISH, FRENCH, GERMAN, HUNGARIAN, RUSSIAN]
23:36:18.840 [FXGL Background Thread 2 ] DEBUG Engine               - title: Newfoundland Moose Collision
23:36:18.840 [FXGL Background Thread 2 ] DEBUG Engine               - urlGithub: https://github.com/AlmasB/FXGL
23:36:18.840 [FXGL Background Thread 2 ] DEBUG Engine               - urlLeaderboard: http://fxgl-top.herokuapp.com/
23:36:18.840 [FXGL Background Thread 2 ] DEBUG Engine               - urlPOM: https://raw.githubusercontent.com/AlmasB/FXGL/master/pom.xml
23:36:18.840 [FXGL Background Thread 2 ] DEBUG Engine               - version: 0.1
23:36:18.840 [FXGL Background Thread 2 ] DEBUG Engine               - versionCheckDays: 7
23:36:18.840 [FXGL Background Thread 2 ] DEBUG Engine               - width: 840
23:36:18.840 [FXGL Background Thread 2 ] DEBUG Engine               - Logging services
23:36:18.840 [FXGL Background Thread 2 ] DEBUG Engine               - class com.almasb.fxgl.app.GameApplication$GameApplicationService
23:36:18.840 [FXGL Background Thread 2 ] DEBUG Engine               - class com.almasb.fxgl.app.services.WindowService
23:36:18.840 [FXGL Background Thread 2 ] DEBUG Engine               - class com.almasb.fxgl.app.services.FXGLDialogService
23:36:18.840 [FXGL Background Thread 2 ] DEBUG Engine               - class com.almasb.fxgl.app.services.IOTaskExecutorService
23:36:18.840 [FXGL Background Thread 2 ] DEBUG Engine               - class com.almasb.fxgl.event.EventBusService
23:36:18.840 [FXGL Background Thread 2 ] DEBUG Engine               - class com.almasb.fxgl.io.FileSystemService
23:36:18.840 [FXGL Background Thread 2 ] DEBUG Engine               - class com.almasb.fxgl.localization.LocalizationService
23:36:18.840 [FXGL Background Thread 2 ] DEBUG Engine               - class com.almasb.fxgl.app.services.AssetLoaderService
23:36:18.840 [FXGL Background Thread 2 ] DEBUG Engine               - class com.almasb.fxgl.app.services.SystemBundleService
23:36:18.840 [FXGL Background Thread 2 ] DEBUG Engine               - class com.almasb.fxgl.profile.SaveLoadService
23:36:18.840 [FXGL Background Thread 2 ] DEBUG Engine               - class com.almasb.fxgl.ui.FXGLUIFactoryServiceProvider
23:36:18.840 [FXGL Background Thread 2 ] DEBUG Engine               - class com.almasb.fxgl.ui.FXGLDialogFactoryServiceProvider
23:36:18.840 [FXGL Background Thread 2 ] DEBUG Engine               - class com.almasb.fxgl.audio.AudioPlayer
23:36:18.840 [FXGL Background Thread 2 ] DEBUG Engine               - class com.almasb.fxgl.notification.impl.NotificationServiceProvider
23:36:18.840 [FXGL Background Thread 2 ] DEBUG Engine               - class com.almasb.fxgl.achievement.AchievementService
23:36:18.840 [FXGL Background Thread 2 ] DEBUG Engine               - class com.almasb.fxgl.cutscene.CutsceneService
23:36:18.840 [FXGL Background Thread 2 ] DEBUG Engine               - class com.almasb.fxgl.minigames.MiniGameService
23:36:18.841 [FXGL Background Thread 2 ] DEBUG Engine               - class com.almasb.fxgl.net.NetService
23:36:18.841 [FXGL Background Thread 2 ] DEBUG Engine               - class com.almasb.fxgl.app.services.UpdaterService
23:36:18.841 [FXGL Background Thread 2 ] DEBUG Engine               - class com.almasb.fxgl.dev.DevService
23:36:19.034 [JavaFX Application Thread] DEBUG AssetLoaderService   - Loading from file system: /assets/textures/driver4.png
23:36:19.546 [JavaFX Application Thread] DEBUG AssetLoaderService   - Loading from cache: /assets/textures/driver4.png
23:36:20.059 [JavaFX Application Thread] DEBUG AssetLoaderService   - Loading from cache: /assets/textures/driver3.png
23:36:20.586 [JavaFX Application Thread] DEBUG AssetLoaderService   - Loading from cache: /assets/textures/driver3.png
23:36:21.098 [JavaFX Application Thread] DEBUG AssetLoaderService   - Loading from cache: /assets/textures/driver2.png
23:36:21.610 [JavaFX Application Thread] DEBUG AssetLoaderService   - Loading from file system: /assets/textures/driver1.png
23:36:22.138 [JavaFX Application Thread] DEBUG AssetLoaderService   - Loading from cache: /assets/textures/driver2.png
23:36:22.650 [JavaFX Application Thread] DEBUG AssetLoaderService   - Loading from cache: /assets/textures/driver1.png
23:36:23.163 [JavaFX Application Thread] DEBUG AssetLoaderService   - Loading from cache: /assets/textures/driver0.png
23:36:23.675 [JavaFX Application Thread] DEBUG AssetLoaderService   - Loading from cache: /assets/textures/driver1.png
23:36:24.188 [JavaFX Application Thread] DEBUG AssetLoaderService   - Loading from cache: /assets/textures/driver1.png
23:36:24.684 [JavaFX Application Thread] DEBUG AssetLoaderService   - Loading from cache: /assets/textures/driver1.png
23:36:25.179 [JavaFX Application Thread] DEBUG AssetLoaderService   - Loading from cache: /assets/textures/driver3.png
23:36:25.691 [JavaFX Application Thread] DEBUG AssetLoaderService   - Loading from cache: /assets/textures/driver3.png
23:36:25.947 [JavaFX Application Thread] DEBUG AssetLoaderService   - Loading from file system: /assets/textures/coin.png
23:36:26.187 [JavaFX Application Thread] DEBUG AssetLoaderService   - Loading from cache: /assets/textures/driver1.png
23:36:26.682 [JavaFX Application Thread] DEBUG AssetLoaderService   - Loading from cache: /assets/textures/driver2.png
23:36:27.179 [JavaFX Application Thread] DEBUG AssetLoaderService   - Loading from cache: /assets/textures/driver2.png
23:36:27.674 [JavaFX Application Thread] DEBUG AssetLoaderService   - Loading from cache: /assets/textures/driver2.png
23:36:28.187 [JavaFX Application Thread] DEBUG AssetLoaderService   - Loading from cache: /assets/textures/driver2.png
23:36:28.682 [JavaFX Application Thread] DEBUG AssetLoaderService   - Loading from cache: /assets/textures/driver1.png
23:36:29.178 [JavaFX Application Thread] DEBUG AssetLoaderService   - Loading from cache: /assets/textures/driver1.png
23:36:29.674 [JavaFX Application Thread] DEBUG AssetLoaderService   - Loading from cache: /assets/textures/driver3.png
23:36:30.187 [JavaFX Application Thread] DEBUG AssetLoaderService   - Loading from cache: /assets/textures/driver4.png
23:36:30.683 [JavaFX Application Thread] DEBUG AssetLoaderService   - Loading from cache: /assets/textures/driver1.png
23:36:31.179 [JavaFX Application Thread] DEBUG AssetLoaderService   - Loading from cache: /assets/textures/driver4.png
23:36:31.675 [JavaFX Application Thread] DEBUG AssetLoaderService   - Loading from cache: /assets/textures/driver1.png
23:36:32.202 [JavaFX Application Thread] DEBUG AssetLoaderService   - Loading from cache: /assets/textures/driver2.png
23:36:32.511 [JavaFX Application Thread] DEBUG AssetLoaderService   - Loading from file system: /assets/sounds/coincollect.wav
23:36:32.762 [JavaFX Application Thread] DEBUG AssetLoaderService   - Loading from cache: /assets/textures/driver2.png
23:36:33.274 [JavaFX Application Thread] DEBUG AssetLoaderService   - Loading from cache: /assets/textures/driver3.png
23:36:33.804 [JavaFX Application Thread] DEBUG AssetLoaderService   - Loading from cache: /assets/textures/driver3.png
23:36:34.315 [JavaFX Application Thread] DEBUG AssetLoaderService   - Loading from cache: /assets/textures/driver4.png
23:36:34.826 [JavaFX Application Thread] DEBUG AssetLoaderService   - Loading from cache: /assets/textures/driver4.png
23:36:35.354 [JavaFX Application Thread] DEBUG AssetLoaderService   - Loading from cache: /assets/textures/driver3.png
23:36:35.867 [JavaFX Application Thread] DEBUG AssetLoaderService   - Loading from cache: /assets/textures/driver1.png
23:36:35.995 [JavaFX Application Thread] DEBUG AssetLoaderService   - Loading from cache: /assets/textures/coin.png
23:36:36.379 [JavaFX Application Thread] DEBUG AssetLoaderService   - Loading from cache: /assets/textures/driver3.png
23:36:36.890 [JavaFX Application Thread] DEBUG AssetLoaderService   - Loading from cache: /assets/textures/driver3.png
23:36:37.418 [JavaFX Application Thread] DEBUG AssetLoaderService   - Loading from cache: /assets/textures/driver4.png
23:36:37.930 [JavaFX Application Thread] DEBUG AssetLoaderService   - Loading from cache: /assets/textures/driver4.png
23:36:38.442 [JavaFX Application Thread] DEBUG AssetLoaderService   - Loading from cache: /assets/textures/driver3.png
23:36:38.971 [JavaFX Application Thread] DEBUG AssetLoaderService   - Loading from cache: /assets/textures/driver3.png
23:36:39.483 [JavaFX Application Thread] DEBUG AssetLoaderService   - Loading from cache: /assets/textures/driver2.png
23:36:39.995 [JavaFX Application Thread] DEBUG AssetLoaderService   - Loading from cache: /assets/textures/driver0.png
23:36:40.523 [JavaFX Application Thread] DEBUG AssetLoaderService   - Loading from cache: /assets/textures/driver0.png
23:36:41.034 [JavaFX Application Thread] DEBUG AssetLoaderService   - Loading from cache: /assets/textures/driver0.png
23:36:41.595 [JavaFX Application Thread] DEBUG GameApplication      - Exiting FXGL
23:36:41.595 [JavaFX Application Thread] DEBUG LoopRunner           - Stopping loop
23:36:41.595 [JavaFX Application Thread] DEBUG SystemBundleService  - Saving FXGL system data
23:36:41.596 [JavaFX Application Thread] DEBUG FileSystemAccess     - Writing to: E:\secondYear\Java\NewfoundlandRacer\system\fxgl.bundle
23:36:41.598 [JavaFX Application Thread] DEBUG GameApplication      - Shutting down background threads
23:36:41.598 [JavaFX Application Thread] DEBUG GameApplication      - Closing logger and exiting JavaFX
