10:04:02.040 [main                     ] DEBUG GameApplication      - Logger initialized
10:04:02.044 [main                     ] DEBUG GameApplication      - Logging settings
Title: Newfoundland Moose Collision
Version: 0.1
Width: 840
Height: 650
Fullscreen: false
Intro: false
Profiling: false
Single step:false
App Mode: DEVELOPER
Menu Key: ESCAPE
Stage Style: DECORATED
Scene Factory: class MooseGame.NewfoundRacerApp$1

10:04:02.369 [JavaFX Application Thread] DEBUG GameApplication      - Initializing FXGL
10:04:02.378 [JavaFX Application Thread] INFO  Engine               - FXGL-11.9 (27.05.2020 17.06) on WINDOWS (J:14.0.1 FX:13.0.2)
10:04:02.379 [JavaFX Application Thread] DEBUG Engine               - JRE Vendor Name: Oracle Corporation
10:04:02.379 [JavaFX Application Thread] DEBUG Engine               - Running on OS: Windows 10 version 10.0
10:04:02.379 [JavaFX Application Thread] DEBUG Engine               - Architecture: amd64
10:04:02.379 [JavaFX Application Thread] INFO  Engine               - Source code and latest versions at: https://github.com/AlmasB/FXGL
10:04:02.379 [JavaFX Application Thread] INFO  Engine               -              Join the FXGL chat at: https://gitter.im/AlmasB/FXGL
10:04:02.458 [JavaFX Application Thread] DEBUG MainWindow           - Creating a JavaFX scene
10:04:02.496 [JavaFX Application Thread] DEBUG MainWindow           - Target settings size: 840.0 x 650.0
10:04:02.497 [JavaFX Application Thread] DEBUG MainWindow           - Scaled scene size:    840.0 x 650.0
10:04:02.497 [JavaFX Application Thread] DEBUG MainWindow           - Scaled ratio: (1.0, 1.0)
10:04:02.498 [JavaFX Application Thread] DEBUG MainWindow           - Set initial scene to FXGLStartupScene
10:04:02.504 [JavaFX Application Thread] DEBUG MainWindow           - Opening main window
10:04:02.578 [JavaFX Application Thread] DEBUG MainWindow           - Window border size: (16.0, 39.0)
10:04:02.578 [JavaFX Application Thread] DEBUG MainWindow           - Scaled size: 840.0 x 650.0
10:04:02.579 [JavaFX Application Thread] DEBUG MainWindow           - Scaled ratio: (1.0, 1.0)
10:04:02.579 [JavaFX Application Thread] DEBUG MainWindow           - Scene size: 840.0 x 650.0
10:04:02.579 [JavaFX Application Thread] DEBUG MainWindow           - Stage size: 856.0 x 689.0
10:04:02.585 [FXGL Background Thread 1 ] DEBUG Engine               - Initializing environment variables
10:04:02.607 [FXGL Background Thread 1 ] DEBUG WindowService        - Applying CSS: fxgl_dark.css
10:04:02.608 [FXGL Background Thread 1 ] DEBUG AssetLoaderService   - Loading from file system: /assets/ui/css/fxgl_dark.css
10:04:02.645 [FXGL Background Thread 1 ] DEBUG WindowService        - Initializing application scenes
10:04:02.668 [FXGL Background Thread 1 ] DEBUG GameWorld            - Game world initialized
10:04:02.696 [FXGL Background Thread 1 ] DEBUG PhysicsWorld         - Physics world initialized: appHeight=650, physics.ppm=50.0
10:04:02.697 [FXGL Background Thread 1 ] DEBUG GameScene            - Game scene initialized: 840x650
10:04:02.773 [FXGL Background Thread 1 ] DEBUG AssetLoaderService   - Loading from file system: /assets/textures/particles/trace_horizontal.png
10:04:02.796 [FXGL Background Thread 1 ] DEBUG FXGL.DefaultMenu     - createMenuBodyGameMenu()
10:04:02.805 [FXGL Background Thread 1 ] DEBUG FXGL.DefaultMenu     - createOptionsMenu()
10:04:02.808 [FXGL Background Thread 1 ] DEBUG AssetLoaderService   - Loading from file system: /assets/textures/particles/smoke.png
10:04:02.847 [FXGL Background Thread 1 ] DEBUG WindowService        - Application scenes initialized
10:04:02.856 [FXGL Background Thread 1 ] DEBUG SystemBundleService  - Loading FXGL system data
10:04:02.858 [FXGL Background Thread 1 ] DEBUG FileSystemAccess     - Reading from: E:\secondYear\Java\NewfoundlandRacer\system\fxgl.bundle
10:04:02.863 [FXGL Background Thread 1 ] DEBUG SystemBundleService  - Bundle FXGL: {}
10:04:02.863 [FXGL Background Thread 1 ] INFO  Engine               - FXGL initialization took: 0.277 sec
10:04:02.864 [FXGL Background Thread 1 ] DEBUG GameApplication      - Loading localizations
10:04:02.865 [FXGL Background Thread 1 ] DEBUG AssetLoaderService   - Loading from file system: /assets/languages/english.lang
10:04:02.874 [FXGL Background Thread 1 ] DEBUG AssetLoaderService   - Loading from file system: /assets/languages/french.lang
10:04:02.875 [FXGL Background Thread 1 ] DEBUG AssetLoaderService   - Loading from file system: /assets/languages/german.lang
10:04:02.876 [FXGL Background Thread 1 ] DEBUG AssetLoaderService   - Loading from file system: /assets/languages/hungarian.lang
10:04:02.878 [FXGL Background Thread 1 ] DEBUG AssetLoaderService   - Loading from file system: /assets/languages/russian.lang
10:04:02.880 [FXGL Background Thread 1 ] DEBUG GameApplication      - Registering font factories with UI factory
10:04:02.880 [FXGL Background Thread 1 ] DEBUG AssetLoaderService   - Loading from file system: /assets/ui/fonts/VarelaRound-Regular.ttf
10:04:02.908 [FXGL Background Thread 1 ] DEBUG AssetLoaderService   - Loading from file system: /assets/ui/fonts/Abel-Regular.ttf
10:04:02.910 [FXGL Background Thread 1 ] DEBUG AssetLoaderService   - Loading from file system: /assets/ui/fonts/lucida_console.ttf
10:04:02.914 [FXGL Background Thread 1 ] DEBUG AssetLoaderService   - Loading from file system: /assets/ui/fonts/Courier-Prime.ttf
10:04:02.921 [JavaFX Application Thread] DEBUG Input                - Registered new binding: Move Right - D
10:04:02.921 [JavaFX Application Thread] DEBUG Input                - Registered new binding: Move Left - A
10:04:02.921 [JavaFX Application Thread] DEBUG Input                - Registered new binding: Move Up - W
10:04:02.921 [JavaFX Application Thread] DEBUG Input                - Registered new binding: Move Down - S
10:04:02.922 [JavaFX Application Thread] DEBUG AssetLoaderService   - Loading from file system: /assets/textures/fxgl_icon.png
10:04:02.937 [JavaFX Application Thread] DEBUG AssetLoaderService   - Loading from file system: /assets/ui/cursors/fxgl_default.png
10:04:02.938 [JavaFX Application Thread] DEBUG Input                - Registered new binding: Screenshot - P
10:04:02.938 [JavaFX Application Thread] DEBUG Input                - Registered new binding: System info dump - CTRL+9
10:04:02.938 [JavaFX Application Thread] DEBUG Input                - Registered new binding: Restart - CTRL+R
10:04:02.939 [JavaFX Application Thread] DEBUG LoopRunner           - Starting loop
10:04:02.951 [JavaFX Application Thread] DEBUG FXGLStartupScene     - STARTUP
10:04:02.952 [JavaFX Application Thread] DEBUG Input                - Clearing active input actions
10:04:02.956 [JavaFX Application Thread] DEBUG WindowService        - Removing overlay from FXGLStartupScene and adding to 
10:04:02.957 [JavaFX Application Thread] DEBUG MainWindow           - FXGLStartupScene -> 
10:04:02.957 [JavaFX Application Thread] DEBUG MainWindow           - Push state: NewfoundlandRacerMainMenu
10:04:02.957 [JavaFX Application Thread] DEBUG Input                - Clearing active input actions
10:04:02.964 [JavaFX Application Thread] DEBUG WindowService        - Removing overlay from  and adding to NewfoundlandRacerMainMenu
10:04:02.964 [JavaFX Application Thread] DEBUG MainWindow           -  -> NewfoundlandRacerMainMenu
10:04:03.649 [JavaFX Application Thread] DEBUG Menu                 - fireNewGame()
10:04:03.649 [JavaFX Application Thread] DEBUG WindowService        - Starting new game
10:04:03.649 [JavaFX Application Thread] DEBUG MainWindow           - Pop state: NewfoundlandRacerMainMenu
10:04:03.649 [JavaFX Application Thread] DEBUG Input                - Clearing active input actions
10:04:03.649 [JavaFX Application Thread] DEBUG WindowService        - Removing overlay from NewfoundlandRacerMainMenu and adding to 
10:04:03.650 [JavaFX Application Thread] DEBUG MainWindow           -  <- NewfoundlandRacerMainMenu
10:04:03.650 [JavaFX Application Thread] DEBUG Input                - Clearing active input actions
10:04:03.654 [JavaFX Application Thread] DEBUG WindowService        - Removing overlay from  and adding to FXGLLoadingScene
10:04:03.654 [JavaFX Application Thread] DEBUG MainWindow           -  -> FXGLLoadingScene
10:04:03.654 [JavaFX Application Thread] DEBUG WindowService        - Clearing previous game
10:04:03.654 [JavaFX Application Thread] DEBUG GameScene            - Clearing game scene
10:04:03.655 [JavaFX Application Thread] DEBUG GameWorld            - Clearing game world
10:04:03.655 [JavaFX Application Thread] DEBUG PhysicsWorld         - Clearing physics world
10:04:03.655 [FXGL Background Thread 1 ] DEBUG GameApplication      - Initializing game
10:04:03.661 [FXGL Background Thread 1 ] DEBUG AssetLoaderService   - Loading from file system: /assets/textures/4lanehighway.png
10:04:03.746 [FXGL Background Thread 1 ] DEBUG AssetLoaderService   - Loading from file system: /assets/textures/player.png
10:04:03.755 [FXGL Background Thread 1 ] INFO  GameApplication      - Game initialization took: 0.099 sec
10:04:03.756 [JavaFX Application Thread] DEBUG Input                - Clearing active input actions
10:04:03.763 [JavaFX Application Thread] DEBUG WindowService        - Removing overlay from FXGLLoadingScene and adding to GameScene
10:04:03.763 [JavaFX Application Thread] DEBUG MainWindow           - FXGLLoadingScene -> GameScene
10:04:05.228 [JavaFX Application Thread] DEBUG AssetLoaderService   - Loading from file system: /assets/textures/driver0.png
10:04:05.866 [FXGL Background Thread 2 ] DEBUG Engine               - Logging environment variables
10:04:05.867 [FXGL Background Thread 2 ] DEBUG Engine               - achievements: []
10:04:05.867 [FXGL Background Thread 2 ] DEBUG Engine               - appIcon: fxgl_icon.png
10:04:05.868 [FXGL Background Thread 2 ] DEBUG Engine               - applicationMode: DEVELOPER
10:04:05.868 [FXGL Background Thread 2 ] DEBUG Engine               - cSSList: [fxgl_dark.css]
10:04:05.868 [FXGL Background Thread 2 ] DEBUG Engine               - configClass: Optional.empty
10:04:05.869 [FXGL Background Thread 2 ] DEBUG Engine               - credits: []
10:04:05.869 [FXGL Background Thread 2 ] DEBUG Engine               - devBBoxColorProperty: ObjectProperty [value: 0xff0000ff]
10:04:05.869 [FXGL Background Thread 2 ] DEBUG Engine               - devSensorColorProperty: ObjectProperty [value: 0xffff00ff]
10:04:05.870 [FXGL Background Thread 2 ] DEBUG Engine               - devShowBBoxProperty: BooleanProperty [value: false]
10:04:05.870 [FXGL Background Thread 2 ] DEBUG Engine               - devShowPositionProperty: BooleanProperty [value: false]
10:04:05.870 [FXGL Background Thread 2 ] DEBUG Engine               - enabledMenuItems: []
10:04:05.871 [FXGL Background Thread 2 ] DEBUG Engine               - engineServices: [class com.almasb.fxgl.app.GameApplication$GameApplicationService, class com.almasb.fxgl.app.services.WindowService, class com.almasb.fxgl.app.services.FXGLDialogService, class com.almasb.fxgl.app.services.IOTaskExecutorService, class com.almasb.fxgl.event.EventBusService, class com.almasb.fxgl.io.FileSystemService, class com.almasb.fxgl.localization.LocalizationService, class com.almasb.fxgl.app.services.AssetLoaderService, class com.almasb.fxgl.app.services.SystemBundleService, class com.almasb.fxgl.profile.SaveLoadService, class com.almasb.fxgl.ui.FXGLUIFactoryServiceProvider, class com.almasb.fxgl.ui.FXGLDialogFactoryServiceProvider, class com.almasb.fxgl.audio.AudioPlayer, class com.almasb.fxgl.notification.impl.NotificationServiceProvider, class com.almasb.fxgl.achievement.AchievementService, class com.almasb.fxgl.cutscene.CutsceneService, class com.almasb.fxgl.minigames.MiniGameService, class com.almasb.fxgl.net.NetService, class com.almasb.fxgl.app.services.UpdaterService, class com.almasb.fxgl.dev.DevService]
10:04:05.871 [FXGL Background Thread 2 ] DEBUG Engine               - fontGame: Abel-Regular.ttf
10:04:05.871 [FXGL Background Thread 2 ] DEBUG Engine               - fontMono: lucida_console.ttf
10:04:05.871 [FXGL Background Thread 2 ] DEBUG Engine               - fontText: Courier-Prime.ttf
10:04:05.871 [FXGL Background Thread 2 ] DEBUG Engine               - fontUI: VarelaRound-Regular.ttf
10:04:05.872 [FXGL Background Thread 2 ] DEBUG Engine               - fullScreen: BooleanProperty [value: false]
10:04:05.872 [FXGL Background Thread 2 ] DEBUG Engine               - gameDifficulty: MEDIUM
10:04:05.872 [FXGL Background Thread 2 ] DEBUG Engine               - gameDifficultyProperty: ObjectProperty [value: MEDIUM]
10:04:05.872 [FXGL Background Thread 2 ] DEBUG Engine               - globalMusicVolume: 0.5
10:04:05.873 [FXGL Background Thread 2 ] DEBUG Engine               - globalMusicVolumeProperty: DoubleProperty [value: 0.5]
10:04:05.873 [FXGL Background Thread 2 ] DEBUG Engine               - globalSoundVolume: 0.5
10:04:05.873 [FXGL Background Thread 2 ] DEBUG Engine               - globalSoundVolumeProperty: DoubleProperty [value: 0.5]
10:04:05.873 [FXGL Background Thread 2 ] DEBUG Engine               - height: 650
10:04:05.874 [FXGL Background Thread 2 ] DEBUG Engine               - isAndroid: false
10:04:05.874 [FXGL Background Thread 2 ] DEBUG Engine               - isBrowser: false
10:04:05.874 [FXGL Background Thread 2 ] DEBUG Engine               - isClickFeedbackEnabled: false
10:04:05.874 [FXGL Background Thread 2 ] DEBUG Engine               - isCloseConfirmation: false
10:04:05.874 [FXGL Background Thread 2 ] DEBUG Engine               - isDesktop: true
10:04:05.874 [FXGL Background Thread 2 ] DEBUG Engine               - isDeveloperMenuEnabled: false
10:04:05.875 [FXGL Background Thread 2 ] DEBUG Engine               - isExperimentalNative: false
10:04:05.875 [FXGL Background Thread 2 ] DEBUG Engine               - isExperimentalTiledLargeMap: false
10:04:05.875 [FXGL Background Thread 2 ] DEBUG Engine               - isFullScreenAllowed: false
10:04:05.875 [FXGL Background Thread 2 ] DEBUG Engine               - isFullScreenFromStart: false
10:04:05.875 [FXGL Background Thread 2 ] DEBUG Engine               - isGameMenuEnabled: true
10:04:05.875 [FXGL Background Thread 2 ] DEBUG Engine               - isIOS: false
10:04:05.875 [FXGL Background Thread 2 ] DEBUG Engine               - isIntroEnabled: false
10:04:05.876 [FXGL Background Thread 2 ] DEBUG Engine               - isLinux: false
10:04:05.876 [FXGL Background Thread 2 ] DEBUG Engine               - isMac: false
10:04:05.876 [FXGL Background Thread 2 ] DEBUG Engine               - isMainMenuEnabled: true
10:04:05.876 [FXGL Background Thread 2 ] DEBUG Engine               - isManualResizeEnabled: false
10:04:05.876 [FXGL Background Thread 2 ] DEBUG Engine               - isMobile: false
10:04:05.876 [FXGL Background Thread 2 ] DEBUG Engine               - isPreserveResizeRatio: false
10:04:05.876 [FXGL Background Thread 2 ] DEBUG Engine               - isProfilingEnabled: false
10:04:05.877 [FXGL Background Thread 2 ] DEBUG Engine               - isSingleStep: false
10:04:05.877 [FXGL Background Thread 2 ] DEBUG Engine               - isUserProfileEnabled: false
10:04:05.877 [FXGL Background Thread 2 ] DEBUG Engine               - isWindows: true
10:04:05.877 [FXGL Background Thread 2 ] DEBUG Engine               - language: ObjectProperty [value: ENGLISH]
10:04:05.877 [FXGL Background Thread 2 ] DEBUG Engine               - mainWindow: com.almasb.fxgl.app.MainWindow@1e27615a
10:04:05.877 [FXGL Background Thread 2 ] DEBUG Engine               - menuKey: ESCAPE
10:04:05.877 [FXGL Background Thread 2 ] DEBUG Engine               - notificationViewClass: class com.almasb.fxgl.notification.view.XboxNotificationView
10:04:05.877 [FXGL Background Thread 2 ] DEBUG Engine               - pixelsPerMeter: 50.0
10:04:05.878 [FXGL Background Thread 2 ] DEBUG Engine               - platform: WINDOWS
10:04:05.878 [FXGL Background Thread 2 ] DEBUG Engine               - profileDir: profiles/
10:04:05.878 [FXGL Background Thread 2 ] DEBUG Engine               - profileName: StringProperty [value: DEFAULT]
10:04:05.878 [FXGL Background Thread 2 ] DEBUG Engine               - randomSeed: -1
10:04:05.878 [FXGL Background Thread 2 ] DEBUG Engine               - runtimeInfo: RuntimeInfo(platform=WINDOWS, version=11.9, build=27.05.2020 17.06)
10:04:05.878 [FXGL Background Thread 2 ] DEBUG Engine               - saveFileExt: sav
10:04:05.878 [FXGL Background Thread 2 ] DEBUG Engine               - sceneFactory: MooseGame.NewfoundRacerApp$1@5b25ecfa
10:04:05.878 [FXGL Background Thread 2 ] DEBUG Engine               - secondsIn24h: 60
10:04:05.879 [FXGL Background Thread 2 ] DEBUG Engine               - settings: Title: Newfoundland Moose Collision
Version: 0.1
Width: 840
Height: 650
Fullscreen: false
Intro: false
Profiling: false
Single step:false
App Mode: DEVELOPER
Menu Key: ESCAPE
Stage Style: DECORATED
Scene Factory: class MooseGame.NewfoundRacerApp$1

10:04:05.879 [FXGL Background Thread 2 ] DEBUG Engine               - soundMenuBack: menu/back.wav
10:04:05.879 [FXGL Background Thread 2 ] DEBUG Engine               - soundMenuPress: menu/press.wav
10:04:05.879 [FXGL Background Thread 2 ] DEBUG Engine               - soundMenuSelect: menu/select.wav
10:04:05.879 [FXGL Background Thread 2 ] DEBUG Engine               - soundNotification: core/notification.wav
10:04:05.879 [FXGL Background Thread 2 ] DEBUG Engine               - stageStyle: DECORATED
10:04:05.879 [FXGL Background Thread 2 ] DEBUG Engine               - supportedLanguages: [ENGLISH, FRENCH, GERMAN, HUNGARIAN, RUSSIAN]
10:04:05.879 [FXGL Background Thread 2 ] DEBUG Engine               - title: Newfoundland Moose Collision
10:04:05.879 [FXGL Background Thread 2 ] DEBUG Engine               - urlGithub: https://github.com/AlmasB/FXGL
10:04:05.880 [FXGL Background Thread 2 ] DEBUG Engine               - urlLeaderboard: http://fxgl-top.herokuapp.com/
10:04:05.880 [FXGL Background Thread 2 ] DEBUG Engine               - urlPOM: https://raw.githubusercontent.com/AlmasB/FXGL/master/pom.xml
10:04:05.880 [FXGL Background Thread 2 ] DEBUG Engine               - version: 0.1
10:04:05.880 [FXGL Background Thread 2 ] DEBUG Engine               - versionCheckDays: 7
10:04:05.880 [FXGL Background Thread 2 ] DEBUG Engine               - width: 840
10:04:05.880 [FXGL Background Thread 2 ] DEBUG Engine               - Logging services
10:04:05.880 [FXGL Background Thread 2 ] DEBUG Engine               - class com.almasb.fxgl.app.GameApplication$GameApplicationService
10:04:05.880 [FXGL Background Thread 2 ] DEBUG Engine               - class com.almasb.fxgl.app.services.WindowService
10:04:05.880 [FXGL Background Thread 2 ] DEBUG Engine               - class com.almasb.fxgl.app.services.FXGLDialogService
10:04:05.880 [FXGL Background Thread 2 ] DEBUG Engine               - class com.almasb.fxgl.app.services.IOTaskExecutorService
10:04:05.881 [FXGL Background Thread 2 ] DEBUG Engine               - class com.almasb.fxgl.event.EventBusService
10:04:05.881 [FXGL Background Thread 2 ] DEBUG Engine               - class com.almasb.fxgl.io.FileSystemService
10:04:05.881 [FXGL Background Thread 2 ] DEBUG Engine               - class com.almasb.fxgl.localization.LocalizationService
10:04:05.881 [FXGL Background Thread 2 ] DEBUG Engine               - class com.almasb.fxgl.app.services.AssetLoaderService
10:04:05.881 [FXGL Background Thread 2 ] DEBUG Engine               - class com.almasb.fxgl.app.services.SystemBundleService
10:04:05.881 [FXGL Background Thread 2 ] DEBUG Engine               - class com.almasb.fxgl.profile.SaveLoadService
10:04:05.881 [FXGL Background Thread 2 ] DEBUG Engine               - class com.almasb.fxgl.ui.FXGLUIFactoryServiceProvider
10:04:05.881 [FXGL Background Thread 2 ] DEBUG Engine               - class com.almasb.fxgl.ui.FXGLDialogFactoryServiceProvider
10:04:05.881 [FXGL Background Thread 2 ] DEBUG Engine               - class com.almasb.fxgl.audio.AudioPlayer
10:04:05.881 [FXGL Background Thread 2 ] DEBUG Engine               - class com.almasb.fxgl.notification.impl.NotificationServiceProvider
10:04:05.881 [FXGL Background Thread 2 ] DEBUG Engine               - class com.almasb.fxgl.achievement.AchievementService
10:04:05.882 [FXGL Background Thread 2 ] DEBUG Engine               - class com.almasb.fxgl.cutscene.CutsceneService
10:04:05.882 [FXGL Background Thread 2 ] DEBUG Engine               - class com.almasb.fxgl.minigames.MiniGameService
10:04:05.882 [FXGL Background Thread 2 ] DEBUG Engine               - class com.almasb.fxgl.net.NetService
10:04:05.882 [FXGL Background Thread 2 ] DEBUG Engine               - class com.almasb.fxgl.app.services.UpdaterService
10:04:05.882 [FXGL Background Thread 2 ] DEBUG Engine               - class com.almasb.fxgl.dev.DevService
10:04:06.132 [JavaFX Application Thread] DEBUG AssetLoaderService   - Loading from file system: /assets/textures/pothole.png
10:04:06.596 [JavaFX Application Thread] DEBUG AssetLoaderService   - Loading from cache: /assets/textures/driver0.png
10:04:07.685 [JavaFX Application Thread] DEBUG MainWindow           - Push state: DialogSubScene
10:04:07.685 [JavaFX Application Thread] DEBUG Input                - Clearing active input actions
10:04:07.689 [JavaFX Application Thread] DEBUG WindowService        - Removing overlay from GameScene and adding to DialogSubScene
10:04:07.689 [JavaFX Application Thread] DEBUG MainWindow           - GameScene -> DialogSubScene
10:04:09.876 [JavaFX Application Thread] DEBUG WindowService        - Starting new game
10:04:09.876 [JavaFX Application Thread] DEBUG MainWindow           - Pop state: DialogSubScene
10:04:09.876 [JavaFX Application Thread] DEBUG Input                - Clearing active input actions
10:04:09.876 [JavaFX Application Thread] DEBUG WindowService        - Removing overlay from DialogSubScene and adding to GameScene
10:04:09.876 [JavaFX Application Thread] DEBUG MainWindow           - GameScene <- DialogSubScene
10:04:09.876 [JavaFX Application Thread] DEBUG Input                - Clearing active input actions
10:04:09.881 [JavaFX Application Thread] DEBUG WindowService        - Removing overlay from GameScene and adding to FXGLLoadingScene
10:04:09.881 [JavaFX Application Thread] DEBUG MainWindow           - GameScene -> FXGLLoadingScene
10:04:09.881 [JavaFX Application Thread] DEBUG WindowService        - Clearing previous game
10:04:09.881 [JavaFX Application Thread] DEBUG GameScene            - Clearing game scene
10:04:09.881 [JavaFX Application Thread] DEBUG GameWorld            - Clearing game world
10:04:09.883 [JavaFX Application Thread] DEBUG PhysicsWorld         - Clearing physics world
10:04:09.883 [FXGL Background Thread 1 ] DEBUG GameApplication      - Initializing game
10:04:09.884 [FXGL Background Thread 1 ] DEBUG AssetLoaderService   - Loading from cache: /assets/textures/4lanehighway.png@840.0x750.0
10:04:09.884 [FXGL Background Thread 1 ] DEBUG AssetLoaderService   - Loading from cache: /assets/textures/player.png
10:04:09.884 [FXGL Background Thread 1 ] INFO  GameApplication      - Game initialization took: 0.001 sec
10:04:09.885 [JavaFX Application Thread] DEBUG Input                - Clearing active input actions
10:04:09.890 [JavaFX Application Thread] DEBUG WindowService        - Removing overlay from FXGLLoadingScene and adding to GameScene
10:04:09.890 [JavaFX Application Thread] DEBUG MainWindow           - FXGLLoadingScene -> GameScene
10:04:10.892 [JavaFX Application Thread] DEBUG GameApplication      - Exiting FXGL
10:04:10.892 [JavaFX Application Thread] DEBUG LoopRunner           - Stopping loop
10:04:10.892 [JavaFX Application Thread] DEBUG SystemBundleService  - Saving FXGL system data
10:04:10.893 [JavaFX Application Thread] DEBUG FileSystemAccess     - Writing to: E:\secondYear\Java\NewfoundlandRacer\system\fxgl.bundle
10:04:10.894 [JavaFX Application Thread] DEBUG GameApplication      - Shutting down background threads
10:04:10.894 [JavaFX Application Thread] DEBUG GameApplication      - Closing logger and exiting JavaFX
