14:46:11.077 [main                     ] DEBUG GameApplication      - Logger initialized
14:46:11.081 [main                     ] DEBUG GameApplication      - Logging settings
Title: Newfoundland Moose Collision
Version: 0.1
Width: 840
Height: 650
Fullscreen: false
Intro: false
Profiling: false
Single step:false
App Mode: DEVELOPER
Menu Key: ESCAPE
Stage Style: DECORATED
Scene Factory: class MooseGame.NewfoundRacerApp$1

14:46:11.392 [JavaFX Application Thread] DEBUG GameApplication      - Initializing FXGL
14:46:11.398 [JavaFX Application Thread] INFO  Engine               - FXGL-11.9 (27.05.2020 17.06) on WINDOWS (J:14.0.1 FX:13.0.2)
14:46:11.399 [JavaFX Application Thread] DEBUG Engine               - JRE Vendor Name: Oracle Corporation
14:46:11.399 [JavaFX Application Thread] DEBUG Engine               - Running on OS: Windows 10 version 10.0
14:46:11.399 [JavaFX Application Thread] DEBUG Engine               - Architecture: amd64
14:46:11.399 [JavaFX Application Thread] INFO  Engine               - Source code and latest versions at: https://github.com/AlmasB/FXGL
14:46:11.399 [JavaFX Application Thread] INFO  Engine               -              Join the FXGL chat at: https://gitter.im/AlmasB/FXGL
14:46:11.481 [JavaFX Application Thread] DEBUG MainWindow           - Creating a JavaFX scene
14:46:11.518 [JavaFX Application Thread] DEBUG MainWindow           - Target settings size: 840.0 x 650.0
14:46:11.518 [JavaFX Application Thread] DEBUG MainWindow           - Scaled scene size:    840.0 x 650.0
14:46:11.518 [JavaFX Application Thread] DEBUG MainWindow           - Scaled ratio: (1.0, 1.0)
14:46:11.519 [JavaFX Application Thread] DEBUG MainWindow           - Set initial scene to FXGLStartupScene
14:46:11.525 [JavaFX Application Thread] DEBUG MainWindow           - Opening main window
14:46:11.603 [JavaFX Application Thread] DEBUG MainWindow           - Window border size: (16.0, 39.0)
14:46:11.603 [JavaFX Application Thread] DEBUG MainWindow           - Scaled size: 840.0 x 650.0
14:46:11.603 [JavaFX Application Thread] DEBUG MainWindow           - Scaled ratio: (1.0, 1.0)
14:46:11.603 [JavaFX Application Thread] DEBUG MainWindow           - Scene size: 840.0 x 650.0
14:46:11.604 [JavaFX Application Thread] DEBUG MainWindow           - Stage size: 856.0 x 689.0
14:46:11.609 [FXGL Background Thread 1 ] DEBUG Engine               - Initializing environment variables
14:46:11.629 [FXGL Background Thread 1 ] DEBUG WindowService        - Applying CSS: fxgl_dark.css
14:46:11.630 [FXGL Background Thread 1 ] DEBUG AssetLoaderService   - Loading from file system: /assets/ui/css/fxgl_dark.css
14:46:11.661 [FXGL Background Thread 1 ] DEBUG WindowService        - Initializing application scenes
14:46:11.682 [FXGL Background Thread 1 ] DEBUG GameWorld            - Game world initialized
14:46:11.708 [FXGL Background Thread 1 ] DEBUG PhysicsWorld         - Physics world initialized: appHeight=650, physics.ppm=50.0
14:46:11.709 [FXGL Background Thread 1 ] DEBUG GameScene            - Game scene initialized: 840x650
14:46:11.782 [FXGL Background Thread 1 ] DEBUG AssetLoaderService   - Loading from file system: /assets/textures/particles/trace_horizontal.png
14:46:11.813 [FXGL Background Thread 1 ] DEBUG FXGL.DefaultMenu     - createMenuBodyGameMenu()
14:46:11.821 [FXGL Background Thread 1 ] DEBUG FXGL.DefaultMenu     - createOptionsMenu()
14:46:11.824 [FXGL Background Thread 1 ] DEBUG AssetLoaderService   - Loading from file system: /assets/textures/particles/smoke.png
14:46:11.861 [FXGL Background Thread 1 ] DEBUG WindowService        - Application scenes initialized
14:46:11.867 [FXGL Background Thread 1 ] DEBUG SystemBundleService  - Loading FXGL system data
14:46:11.869 [FXGL Background Thread 1 ] DEBUG FileSystemAccess     - Reading from: E:\secondYear\Java\NewfoundlandRacer\system\fxgl.bundle
14:46:11.873 [FXGL Background Thread 1 ] DEBUG SystemBundleService  - Bundle FXGL: {}
14:46:11.873 [FXGL Background Thread 1 ] INFO  Engine               - FXGL initialization took: 0.263 sec
14:46:11.874 [FXGL Background Thread 1 ] DEBUG GameApplication      - Loading localizations
14:46:11.875 [FXGL Background Thread 1 ] DEBUG AssetLoaderService   - Loading from file system: /assets/languages/english.lang
14:46:11.883 [FXGL Background Thread 1 ] DEBUG AssetLoaderService   - Loading from file system: /assets/languages/french.lang
14:46:11.884 [FXGL Background Thread 1 ] DEBUG AssetLoaderService   - Loading from file system: /assets/languages/german.lang
14:46:11.885 [FXGL Background Thread 1 ] DEBUG AssetLoaderService   - Loading from file system: /assets/languages/hungarian.lang
14:46:11.888 [FXGL Background Thread 1 ] DEBUG AssetLoaderService   - Loading from file system: /assets/languages/russian.lang
14:46:11.890 [FXGL Background Thread 1 ] DEBUG GameApplication      - Registering font factories with UI factory
14:46:11.890 [FXGL Background Thread 1 ] DEBUG AssetLoaderService   - Loading from file system: /assets/ui/fonts/VarelaRound-Regular.ttf
14:46:11.921 [FXGL Background Thread 1 ] DEBUG AssetLoaderService   - Loading from file system: /assets/ui/fonts/Abel-Regular.ttf
14:46:11.924 [FXGL Background Thread 1 ] DEBUG AssetLoaderService   - Loading from file system: /assets/ui/fonts/lucida_console.ttf
14:46:11.927 [FXGL Background Thread 1 ] DEBUG AssetLoaderService   - Loading from file system: /assets/ui/fonts/Courier-Prime.ttf
14:46:11.935 [JavaFX Application Thread] DEBUG Input                - Registered new binding: Move Right - D
14:46:11.935 [JavaFX Application Thread] DEBUG Input                - Registered new binding: Move Left - A
14:46:11.935 [JavaFX Application Thread] DEBUG Input                - Registered new binding: Move Up - W
14:46:11.935 [JavaFX Application Thread] DEBUG Input                - Registered new binding: Move Down - S
14:46:11.935 [JavaFX Application Thread] DEBUG AssetLoaderService   - Loading from file system: /assets/textures/fxgl_icon.png
14:46:11.947 [JavaFX Application Thread] DEBUG AssetLoaderService   - Loading from file system: /assets/ui/cursors/fxgl_default.png
14:46:11.949 [JavaFX Application Thread] DEBUG Input                - Registered new binding: Screenshot - P
14:46:11.949 [JavaFX Application Thread] DEBUG Input                - Registered new binding: System info dump - CTRL+9
14:46:11.949 [JavaFX Application Thread] DEBUG Input                - Registered new binding: Restart - CTRL+R
14:46:11.950 [JavaFX Application Thread] DEBUG LoopRunner           - Starting loop
14:46:11.960 [JavaFX Application Thread] DEBUG FXGLStartupScene     - STARTUP
14:46:11.961 [JavaFX Application Thread] DEBUG Input                - Clearing active input actions
14:46:11.966 [JavaFX Application Thread] DEBUG WindowService        - Removing overlay from FXGLStartupScene and adding to 
14:46:11.966 [JavaFX Application Thread] DEBUG MainWindow           - FXGLStartupScene -> 
14:46:11.966 [JavaFX Application Thread] DEBUG MainWindow           - Push state: NewfoundlandRacerMainMenu
14:46:11.966 [JavaFX Application Thread] DEBUG Input                - Clearing active input actions
14:46:11.972 [JavaFX Application Thread] DEBUG WindowService        - Removing overlay from  and adding to NewfoundlandRacerMainMenu
14:46:11.973 [JavaFX Application Thread] DEBUG MainWindow           -  -> NewfoundlandRacerMainMenu
14:46:12.592 [JavaFX Application Thread] DEBUG Menu                 - fireNewGame()
14:46:12.592 [JavaFX Application Thread] DEBUG WindowService        - Starting new game
14:46:12.592 [JavaFX Application Thread] DEBUG MainWindow           - Pop state: NewfoundlandRacerMainMenu
14:46:12.592 [JavaFX Application Thread] DEBUG Input                - Clearing active input actions
14:46:12.593 [JavaFX Application Thread] DEBUG WindowService        - Removing overlay from NewfoundlandRacerMainMenu and adding to 
14:46:12.593 [JavaFX Application Thread] DEBUG MainWindow           -  <- NewfoundlandRacerMainMenu
14:46:12.593 [JavaFX Application Thread] DEBUG Input                - Clearing active input actions
14:46:12.599 [JavaFX Application Thread] DEBUG WindowService        - Removing overlay from  and adding to FXGLLoadingScene
14:46:12.599 [JavaFX Application Thread] DEBUG MainWindow           -  -> FXGLLoadingScene
14:46:12.599 [JavaFX Application Thread] DEBUG WindowService        - Clearing previous game
14:46:12.599 [JavaFX Application Thread] DEBUG GameScene            - Clearing game scene
14:46:12.599 [JavaFX Application Thread] DEBUG GameWorld            - Clearing game world
14:46:12.599 [JavaFX Application Thread] DEBUG PhysicsWorld         - Clearing physics world
14:46:12.600 [FXGL Background Thread 1 ] DEBUG GameApplication      - Initializing game
14:46:12.605 [FXGL Background Thread 1 ] DEBUG AssetLoaderService   - Loading from file system: /assets/textures/4lanehighway.png
14:46:12.666 [FXGL Background Thread 1 ] DEBUG AssetLoaderService   - Loading from file system: /assets/textures/player.png
14:46:12.676 [FXGL Background Thread 1 ] INFO  GameApplication      - Game initialization took: 0.076 sec
14:46:12.677 [JavaFX Application Thread] DEBUG Input                - Clearing active input actions
14:46:12.681 [JavaFX Application Thread] DEBUG WindowService        - Removing overlay from FXGLLoadingScene and adding to GameScene
14:46:12.681 [JavaFX Application Thread] DEBUG MainWindow           - FXGLLoadingScene -> GameScene
14:46:13.205 [JavaFX Application Thread] DEBUG AssetLoaderService   - Loading from file system: /assets/textures/pothole.png
14:46:13.647 [JavaFX Application Thread] DEBUG AssetLoaderService   - Loading from cache: /assets/textures/pothole.png
14:46:14.064 [JavaFX Application Thread] DEBUG AssetLoaderService   - Loading from file system: /assets/textures/driver0.png
14:46:14.068 [JavaFX Application Thread] DEBUG AssetLoaderService   - Loading from cache: /assets/textures/pothole.png
14:46:14.494 [JavaFX Application Thread] DEBUG AssetLoaderService   - Loading from cache: /assets/textures/pothole.png
14:46:14.875 [FXGL Background Thread 2 ] DEBUG Engine               - Logging environment variables
14:46:14.876 [FXGL Background Thread 2 ] DEBUG Engine               - achievements: []
14:46:14.876 [FXGL Background Thread 2 ] DEBUG Engine               - appIcon: fxgl_icon.png
14:46:14.877 [FXGL Background Thread 2 ] DEBUG Engine               - applicationMode: DEVELOPER
14:46:14.877 [FXGL Background Thread 2 ] DEBUG Engine               - cSSList: [fxgl_dark.css]
14:46:14.877 [FXGL Background Thread 2 ] DEBUG Engine               - configClass: Optional.empty
14:46:14.878 [FXGL Background Thread 2 ] DEBUG Engine               - credits: []
14:46:14.878 [FXGL Background Thread 2 ] DEBUG Engine               - devBBoxColorProperty: ObjectProperty [value: 0xff0000ff]
14:46:14.879 [FXGL Background Thread 2 ] DEBUG Engine               - devSensorColorProperty: ObjectProperty [value: 0xffff00ff]
14:46:14.879 [FXGL Background Thread 2 ] DEBUG Engine               - devShowBBoxProperty: BooleanProperty [value: false]
14:46:14.880 [FXGL Background Thread 2 ] DEBUG Engine               - devShowPositionProperty: BooleanProperty [value: false]
14:46:14.880 [FXGL Background Thread 2 ] DEBUG Engine               - enabledMenuItems: []
14:46:14.880 [FXGL Background Thread 2 ] DEBUG Engine               - engineServices: [class com.almasb.fxgl.app.GameApplication$GameApplicationService, class com.almasb.fxgl.app.services.WindowService, class com.almasb.fxgl.app.services.FXGLDialogService, class com.almasb.fxgl.app.services.IOTaskExecutorService, class com.almasb.fxgl.event.EventBusService, class com.almasb.fxgl.io.FileSystemService, class com.almasb.fxgl.localization.LocalizationService, class com.almasb.fxgl.app.services.AssetLoaderService, class com.almasb.fxgl.app.services.SystemBundleService, class com.almasb.fxgl.profile.SaveLoadService, class com.almasb.fxgl.ui.FXGLUIFactoryServiceProvider, class com.almasb.fxgl.ui.FXGLDialogFactoryServiceProvider, class com.almasb.fxgl.audio.AudioPlayer, class com.almasb.fxgl.notification.impl.NotificationServiceProvider, class com.almasb.fxgl.achievement.AchievementService, class com.almasb.fxgl.cutscene.CutsceneService, class com.almasb.fxgl.minigames.MiniGameService, class com.almasb.fxgl.net.NetService, class com.almasb.fxgl.app.services.UpdaterService, class com.almasb.fxgl.dev.DevService]
14:46:14.880 [FXGL Background Thread 2 ] DEBUG Engine               - fontGame: Abel-Regular.ttf
14:46:14.881 [FXGL Background Thread 2 ] DEBUG Engine               - fontMono: lucida_console.ttf
14:46:14.881 [FXGL Background Thread 2 ] DEBUG Engine               - fontText: Courier-Prime.ttf
14:46:14.881 [FXGL Background Thread 2 ] DEBUG Engine               - fontUI: VarelaRound-Regular.ttf
14:46:14.881 [FXGL Background Thread 2 ] DEBUG Engine               - fullScreen: BooleanProperty [value: false]
14:46:14.881 [FXGL Background Thread 2 ] DEBUG Engine               - gameDifficulty: MEDIUM
14:46:14.881 [FXGL Background Thread 2 ] DEBUG Engine               - gameDifficultyProperty: ObjectProperty [value: MEDIUM]
14:46:14.882 [FXGL Background Thread 2 ] DEBUG Engine               - globalMusicVolume: 0.5
14:46:14.882 [FXGL Background Thread 2 ] DEBUG Engine               - globalMusicVolumeProperty: DoubleProperty [value: 0.5]
14:46:14.882 [FXGL Background Thread 2 ] DEBUG Engine               - globalSoundVolume: 0.5
14:46:14.882 [FXGL Background Thread 2 ] DEBUG Engine               - globalSoundVolumeProperty: DoubleProperty [value: 0.5]
14:46:14.883 [FXGL Background Thread 2 ] DEBUG Engine               - height: 650
14:46:14.883 [FXGL Background Thread 2 ] DEBUG Engine               - isAndroid: false
14:46:14.883 [FXGL Background Thread 2 ] DEBUG Engine               - isBrowser: false
14:46:14.883 [FXGL Background Thread 2 ] DEBUG Engine               - isClickFeedbackEnabled: false
14:46:14.883 [FXGL Background Thread 2 ] DEBUG Engine               - isCloseConfirmation: false
14:46:14.884 [FXGL Background Thread 2 ] DEBUG Engine               - isDesktop: true
14:46:14.884 [FXGL Background Thread 2 ] DEBUG Engine               - isDeveloperMenuEnabled: false
14:46:14.884 [FXGL Background Thread 2 ] DEBUG Engine               - isExperimentalNative: false
14:46:14.884 [FXGL Background Thread 2 ] DEBUG Engine               - isExperimentalTiledLargeMap: false
14:46:14.884 [FXGL Background Thread 2 ] DEBUG Engine               - isFullScreenAllowed: false
14:46:14.885 [FXGL Background Thread 2 ] DEBUG Engine               - isFullScreenFromStart: false
14:46:14.885 [FXGL Background Thread 2 ] DEBUG Engine               - isGameMenuEnabled: true
14:46:14.885 [FXGL Background Thread 2 ] DEBUG Engine               - isIOS: false
14:46:14.885 [FXGL Background Thread 2 ] DEBUG Engine               - isIntroEnabled: false
14:46:14.885 [FXGL Background Thread 2 ] DEBUG Engine               - isLinux: false
14:46:14.885 [FXGL Background Thread 2 ] DEBUG Engine               - isMac: false
14:46:14.885 [FXGL Background Thread 2 ] DEBUG Engine               - isMainMenuEnabled: true
14:46:14.886 [FXGL Background Thread 2 ] DEBUG Engine               - isManualResizeEnabled: false
14:46:14.886 [FXGL Background Thread 2 ] DEBUG Engine               - isMobile: false
14:46:14.886 [FXGL Background Thread 2 ] DEBUG Engine               - isPreserveResizeRatio: false
14:46:14.886 [FXGL Background Thread 2 ] DEBUG Engine               - isProfilingEnabled: false
14:46:14.886 [FXGL Background Thread 2 ] DEBUG Engine               - isSingleStep: false
14:46:14.886 [FXGL Background Thread 2 ] DEBUG Engine               - isUserProfileEnabled: false
14:46:14.886 [FXGL Background Thread 2 ] DEBUG Engine               - isWindows: true
14:46:14.886 [FXGL Background Thread 2 ] DEBUG Engine               - language: ObjectProperty [value: ENGLISH]
14:46:14.887 [FXGL Background Thread 2 ] DEBUG Engine               - mainWindow: com.almasb.fxgl.app.MainWindow@9f1a702
14:46:14.887 [FXGL Background Thread 2 ] DEBUG Engine               - menuKey: ESCAPE
14:46:14.887 [FXGL Background Thread 2 ] DEBUG Engine               - notificationViewClass: class com.almasb.fxgl.notification.view.XboxNotificationView
14:46:14.887 [FXGL Background Thread 2 ] DEBUG Engine               - pixelsPerMeter: 50.0
14:46:14.887 [FXGL Background Thread 2 ] DEBUG Engine               - platform: WINDOWS
14:46:14.887 [FXGL Background Thread 2 ] DEBUG Engine               - profileDir: profiles/
14:46:14.887 [FXGL Background Thread 2 ] DEBUG Engine               - profileName: StringProperty [value: DEFAULT]
14:46:14.887 [FXGL Background Thread 2 ] DEBUG Engine               - randomSeed: -1
14:46:14.888 [FXGL Background Thread 2 ] DEBUG Engine               - runtimeInfo: RuntimeInfo(platform=WINDOWS, version=11.9, build=27.05.2020 17.06)
14:46:14.888 [FXGL Background Thread 2 ] DEBUG Engine               - saveFileExt: sav
14:46:14.888 [FXGL Background Thread 2 ] DEBUG Engine               - sceneFactory: MooseGame.NewfoundRacerApp$1@4cf33858
14:46:14.888 [FXGL Background Thread 2 ] DEBUG Engine               - secondsIn24h: 60
14:46:14.888 [FXGL Background Thread 2 ] DEBUG Engine               - settings: Title: Newfoundland Moose Collision
Version: 0.1
Width: 840
Height: 650
Fullscreen: false
Intro: false
Profiling: false
Single step:false
App Mode: DEVELOPER
Menu Key: ESCAPE
Stage Style: DECORATED
Scene Factory: class MooseGame.NewfoundRacerApp$1

14:46:14.888 [FXGL Background Thread 2 ] DEBUG Engine               - soundMenuBack: menu/back.wav
14:46:14.888 [FXGL Background Thread 2 ] DEBUG Engine               - soundMenuPress: menu/press.wav
14:46:14.888 [FXGL Background Thread 2 ] DEBUG Engine               - soundMenuSelect: menu/select.wav
14:46:14.889 [FXGL Background Thread 2 ] DEBUG Engine               - soundNotification: core/notification.wav
14:46:14.889 [FXGL Background Thread 2 ] DEBUG Engine               - stageStyle: DECORATED
14:46:14.889 [FXGL Background Thread 2 ] DEBUG Engine               - supportedLanguages: [ENGLISH, FRENCH, GERMAN, HUNGARIAN, RUSSIAN]
14:46:14.889 [FXGL Background Thread 2 ] DEBUG Engine               - title: Newfoundland Moose Collision
14:46:14.889 [FXGL Background Thread 2 ] DEBUG Engine               - urlGithub: https://github.com/AlmasB/FXGL
14:46:14.889 [FXGL Background Thread 2 ] DEBUG Engine               - urlLeaderboard: http://fxgl-top.herokuapp.com/
14:46:14.889 [FXGL Background Thread 2 ] DEBUG Engine               - urlPOM: https://raw.githubusercontent.com/AlmasB/FXGL/master/pom.xml
14:46:14.889 [FXGL Background Thread 2 ] DEBUG Engine               - version: 0.1
14:46:14.890 [FXGL Background Thread 2 ] DEBUG Engine               - versionCheckDays: 7
14:46:14.890 [FXGL Background Thread 2 ] DEBUG Engine               - width: 840
14:46:14.890 [FXGL Background Thread 2 ] DEBUG Engine               - Logging services
14:46:14.890 [FXGL Background Thread 2 ] DEBUG Engine               - class com.almasb.fxgl.app.GameApplication$GameApplicationService
14:46:14.890 [FXGL Background Thread 2 ] DEBUG Engine               - class com.almasb.fxgl.app.services.WindowService
14:46:14.890 [FXGL Background Thread 2 ] DEBUG Engine               - class com.almasb.fxgl.app.services.FXGLDialogService
14:46:14.890 [FXGL Background Thread 2 ] DEBUG Engine               - class com.almasb.fxgl.app.services.IOTaskExecutorService
14:46:14.890 [FXGL Background Thread 2 ] DEBUG Engine               - class com.almasb.fxgl.event.EventBusService
14:46:14.890 [FXGL Background Thread 2 ] DEBUG Engine               - class com.almasb.fxgl.io.FileSystemService
14:46:14.891 [FXGL Background Thread 2 ] DEBUG Engine               - class com.almasb.fxgl.localization.LocalizationService
14:46:14.891 [FXGL Background Thread 2 ] DEBUG Engine               - class com.almasb.fxgl.app.services.AssetLoaderService
14:46:14.891 [FXGL Background Thread 2 ] DEBUG Engine               - class com.almasb.fxgl.app.services.SystemBundleService
14:46:14.891 [FXGL Background Thread 2 ] DEBUG Engine               - class com.almasb.fxgl.profile.SaveLoadService
14:46:14.891 [FXGL Background Thread 2 ] DEBUG Engine               - class com.almasb.fxgl.ui.FXGLUIFactoryServiceProvider
14:46:14.891 [FXGL Background Thread 2 ] DEBUG Engine               - class com.almasb.fxgl.ui.FXGLDialogFactoryServiceProvider
14:46:14.891 [FXGL Background Thread 2 ] DEBUG Engine               - class com.almasb.fxgl.audio.AudioPlayer
14:46:14.891 [FXGL Background Thread 2 ] DEBUG Engine               - class com.almasb.fxgl.notification.impl.NotificationServiceProvider
14:46:14.891 [FXGL Background Thread 2 ] DEBUG Engine               - class com.almasb.fxgl.achievement.AchievementService
14:46:14.891 [FXGL Background Thread 2 ] DEBUG Engine               - class com.almasb.fxgl.cutscene.CutsceneService
14:46:14.891 [FXGL Background Thread 2 ] DEBUG Engine               - class com.almasb.fxgl.minigames.MiniGameService
14:46:14.891 [FXGL Background Thread 2 ] DEBUG Engine               - class com.almasb.fxgl.net.NetService
14:46:14.891 [FXGL Background Thread 2 ] DEBUG Engine               - class com.almasb.fxgl.app.services.UpdaterService
14:46:14.891 [FXGL Background Thread 2 ] DEBUG Engine               - class com.almasb.fxgl.dev.DevService
14:46:14.916 [JavaFX Application Thread] DEBUG AssetLoaderService   - Loading from cache: /assets/textures/pothole.png
14:46:15.332 [JavaFX Application Thread] DEBUG AssetLoaderService   - Loading from file system: /assets/textures/driver1.png
14:46:15.356 [JavaFX Application Thread] DEBUG AssetLoaderService   - Loading from cache: /assets/textures/pothole.png
14:46:15.779 [JavaFX Application Thread] DEBUG AssetLoaderService   - Loading from cache: /assets/textures/pothole.png
14:46:16.197 [JavaFX Application Thread] DEBUG AssetLoaderService   - Loading from cache: /assets/textures/pothole.png
14:46:16.580 [JavaFX Application Thread] DEBUG AssetLoaderService   - Loading from cache: /assets/textures/driver1.png
14:46:16.612 [JavaFX Application Thread] DEBUG AssetLoaderService   - Loading from cache: /assets/textures/pothole.png
14:46:16.988 [JavaFX Application Thread] DEBUG AssetLoaderService   - Loading from file system: /assets/textures/cowmoosespriterunning.png
14:46:17.028 [JavaFX Application Thread] DEBUG AssetLoaderService   - Loading from cache: /assets/textures/pothole.png
14:46:17.445 [JavaFX Application Thread] DEBUG AssetLoaderService   - Loading from cache: /assets/textures/pothole.png
14:46:17.821 [JavaFX Application Thread] DEBUG AssetLoaderService   - Loading from file system: /assets/textures/coin.png
14:46:17.835 [JavaFX Application Thread] DEBUG AssetLoaderService   - Loading from cache: /assets/textures/driver1.png
14:46:17.860 [JavaFX Application Thread] DEBUG AssetLoaderService   - Loading from cache: /assets/textures/pothole.png
14:46:18.276 [JavaFX Application Thread] DEBUG AssetLoaderService   - Loading from cache: /assets/textures/pothole.png
14:46:18.337 [JavaFX Application Thread] DEBUG MainWindow           - Push state: DialogSubScene
14:46:18.337 [JavaFX Application Thread] DEBUG Input                - Clearing active input actions
14:46:18.343 [JavaFX Application Thread] DEBUG WindowService        - Removing overlay from GameScene and adding to DialogSubScene
14:46:18.344 [JavaFX Application Thread] DEBUG MainWindow           - GameScene -> DialogSubScene
14:46:19.728 [JavaFX Application Thread] DEBUG GameApplication      - Exiting FXGL
14:46:19.728 [JavaFX Application Thread] DEBUG LoopRunner           - Stopping loop
14:46:19.728 [JavaFX Application Thread] DEBUG SystemBundleService  - Saving FXGL system data
14:46:19.729 [JavaFX Application Thread] DEBUG FileSystemAccess     - Writing to: E:\secondYear\Java\NewfoundlandRacer\system\fxgl.bundle
14:46:19.730 [JavaFX Application Thread] DEBUG GameApplication      - Shutting down background threads
14:46:19.731 [JavaFX Application Thread] DEBUG GameApplication      - Closing logger and exiting JavaFX
