20:41:27.528 [main                     ] DEBUG GameApplication      - Logger initialized
20:41:27.532 [main                     ] DEBUG GameApplication      - Logging settings
Title: Newfoundland Moose Collision
Version: 0.1
Width: 840
Height: 650
Fullscreen: false
Intro: false
Profiling: false
Single step:false
App Mode: DEVELOPER
Menu Key: ESCAPE
Stage Style: DECORATED
Scene Factory: class MooseGame.NewfoundRacerApp$1

20:41:27.846 [JavaFX Application Thread] DEBUG GameApplication      - Initializing FXGL
20:41:27.855 [JavaFX Application Thread] INFO  Engine               - FXGL-11.9 (27.05.2020 17.06) on WINDOWS (J:14.0.1 FX:13.0.2)
20:41:27.855 [JavaFX Application Thread] DEBUG Engine               - JRE Vendor Name: Oracle Corporation
20:41:27.855 [JavaFX Application Thread] DEBUG Engine               - Running on OS: Windows 10 version 10.0
20:41:27.855 [JavaFX Application Thread] DEBUG Engine               - Architecture: amd64
20:41:27.855 [JavaFX Application Thread] INFO  Engine               - Source code and latest versions at: https://github.com/AlmasB/FXGL
20:41:27.855 [JavaFX Application Thread] INFO  Engine               -              Join the FXGL chat at: https://gitter.im/AlmasB/FXGL
20:41:27.939 [JavaFX Application Thread] DEBUG MainWindow           - Creating a JavaFX scene
20:41:27.973 [JavaFX Application Thread] DEBUG MainWindow           - Target settings size: 840.0 x 650.0
20:41:27.973 [JavaFX Application Thread] DEBUG MainWindow           - Scaled scene size:    840.0 x 650.0
20:41:27.973 [JavaFX Application Thread] DEBUG MainWindow           - Scaled ratio: (1.0, 1.0)
20:41:27.974 [JavaFX Application Thread] DEBUG MainWindow           - Set initial scene to FXGLStartupScene
20:41:27.979 [JavaFX Application Thread] DEBUG MainWindow           - Opening main window
20:41:28.057 [JavaFX Application Thread] DEBUG MainWindow           - Window border size: (16.0, 39.0)
20:41:28.057 [JavaFX Application Thread] DEBUG MainWindow           - Scaled size: 840.0 x 650.0
20:41:28.058 [JavaFX Application Thread] DEBUG MainWindow           - Scaled ratio: (1.0, 1.0)
20:41:28.058 [JavaFX Application Thread] DEBUG MainWindow           - Scene size: 840.0 x 650.0
20:41:28.058 [JavaFX Application Thread] DEBUG MainWindow           - Stage size: 856.0 x 689.0
20:41:28.065 [FXGL Background Thread 1 ] DEBUG Engine               - Initializing environment variables
20:41:28.086 [FXGL Background Thread 1 ] DEBUG WindowService        - Applying CSS: fxgl_dark.css
20:41:28.087 [FXGL Background Thread 1 ] DEBUG AssetLoaderService   - Loading from file system: /assets/ui/css/fxgl_dark.css
20:41:28.121 [FXGL Background Thread 1 ] DEBUG WindowService        - Initializing application scenes
20:41:28.142 [FXGL Background Thread 1 ] DEBUG GameWorld            - Game world initialized
20:41:28.169 [FXGL Background Thread 1 ] DEBUG PhysicsWorld         - Physics world initialized: appHeight=650, physics.ppm=50.0
20:41:28.171 [FXGL Background Thread 1 ] DEBUG GameScene            - Game scene initialized: 840x650
20:41:28.245 [FXGL Background Thread 1 ] DEBUG AssetLoaderService   - Loading from file system: /assets/textures/particles/trace_horizontal.png
20:41:28.270 [FXGL Background Thread 1 ] DEBUG FXGL.DefaultMenu     - createMenuBodyGameMenu()
20:41:28.277 [FXGL Background Thread 1 ] DEBUG FXGL.DefaultMenu     - createOptionsMenu()
20:41:28.280 [FXGL Background Thread 1 ] DEBUG AssetLoaderService   - Loading from file system: /assets/textures/particles/smoke.png
20:41:28.319 [FXGL Background Thread 1 ] DEBUG WindowService        - Application scenes initialized
20:41:28.324 [FXGL Background Thread 1 ] DEBUG SystemBundleService  - Loading FXGL system data
20:41:28.328 [FXGL Background Thread 1 ] DEBUG FileSystemAccess     - Reading from: E:\secondYear\Java\NewfoundlandRacer\system\fxgl.bundle
20:41:28.331 [FXGL Background Thread 1 ] DEBUG SystemBundleService  - Bundle FXGL: {}
20:41:28.331 [FXGL Background Thread 1 ] INFO  Engine               - FXGL initialization took: 0.264 sec
20:41:28.332 [FXGL Background Thread 1 ] DEBUG GameApplication      - Loading localizations
20:41:28.333 [FXGL Background Thread 1 ] DEBUG AssetLoaderService   - Loading from file system: /assets/languages/english.lang
20:41:28.341 [FXGL Background Thread 1 ] DEBUG AssetLoaderService   - Loading from file system: /assets/languages/french.lang
20:41:28.343 [FXGL Background Thread 1 ] DEBUG AssetLoaderService   - Loading from file system: /assets/languages/german.lang
20:41:28.345 [FXGL Background Thread 1 ] DEBUG AssetLoaderService   - Loading from file system: /assets/languages/hungarian.lang
20:41:28.347 [FXGL Background Thread 1 ] DEBUG AssetLoaderService   - Loading from file system: /assets/languages/russian.lang
20:41:28.349 [FXGL Background Thread 1 ] DEBUG GameApplication      - Registering font factories with UI factory
20:41:28.349 [FXGL Background Thread 1 ] DEBUG AssetLoaderService   - Loading from file system: /assets/ui/fonts/VarelaRound-Regular.ttf
20:41:28.377 [FXGL Background Thread 1 ] DEBUG AssetLoaderService   - Loading from file system: /assets/ui/fonts/Abel-Regular.ttf
20:41:28.380 [FXGL Background Thread 1 ] DEBUG AssetLoaderService   - Loading from file system: /assets/ui/fonts/lucida_console.ttf
20:41:28.383 [FXGL Background Thread 1 ] DEBUG AssetLoaderService   - Loading from file system: /assets/ui/fonts/Courier-Prime.ttf
20:41:28.392 [JavaFX Application Thread] DEBUG Input                - Registered new binding: Move Right - D
20:41:28.392 [JavaFX Application Thread] DEBUG Input                - Registered new binding: Move Left - A
20:41:28.392 [JavaFX Application Thread] DEBUG Input                - Registered new binding: Move Up - W
20:41:28.392 [JavaFX Application Thread] DEBUG Input                - Registered new binding: Move Down - S
20:41:28.392 [JavaFX Application Thread] DEBUG AssetLoaderService   - Loading from file system: /assets/textures/fxgl_icon.png
20:41:28.405 [JavaFX Application Thread] DEBUG AssetLoaderService   - Loading from file system: /assets/ui/cursors/fxgl_default.png
20:41:28.407 [JavaFX Application Thread] DEBUG Input                - Registered new binding: Screenshot - P
20:41:28.407 [JavaFX Application Thread] DEBUG Input                - Registered new binding: System info dump - CTRL+9
20:41:28.407 [JavaFX Application Thread] DEBUG Input                - Registered new binding: Restart - CTRL+R
20:41:28.408 [JavaFX Application Thread] DEBUG LoopRunner           - Starting loop
20:41:28.413 [JavaFX Application Thread] DEBUG FXGLStartupScene     - STARTUP
20:41:28.414 [JavaFX Application Thread] DEBUG Input                - Clearing active input actions
20:41:28.419 [JavaFX Application Thread] DEBUG WindowService        - Removing overlay from FXGLStartupScene and adding to 
20:41:28.420 [JavaFX Application Thread] DEBUG MainWindow           - FXGLStartupScene -> 
20:41:28.420 [JavaFX Application Thread] DEBUG MainWindow           - Push state: NewfoundlandRacerMainMenu
20:41:28.420 [JavaFX Application Thread] DEBUG Input                - Clearing active input actions
20:41:28.427 [JavaFX Application Thread] DEBUG WindowService        - Removing overlay from  and adding to NewfoundlandRacerMainMenu
20:41:28.427 [JavaFX Application Thread] DEBUG MainWindow           -  -> NewfoundlandRacerMainMenu
20:41:31.334 [FXGL Background Thread 2 ] DEBUG Engine               - Logging environment variables
20:41:31.334 [FXGL Background Thread 2 ] DEBUG Engine               - achievements: []
20:41:31.334 [FXGL Background Thread 2 ] DEBUG Engine               - appIcon: fxgl_icon.png
20:41:31.335 [FXGL Background Thread 2 ] DEBUG Engine               - applicationMode: DEVELOPER
20:41:31.335 [FXGL Background Thread 2 ] DEBUG Engine               - cSSList: [fxgl_dark.css]
20:41:31.335 [FXGL Background Thread 2 ] DEBUG Engine               - configClass: Optional.empty
20:41:31.335 [FXGL Background Thread 2 ] DEBUG Engine               - credits: []
20:41:31.335 [FXGL Background Thread 2 ] DEBUG Engine               - devBBoxColorProperty: ObjectProperty [value: 0xff0000ff]
20:41:31.336 [FXGL Background Thread 2 ] DEBUG Engine               - devSensorColorProperty: ObjectProperty [value: 0xffff00ff]
20:41:31.336 [FXGL Background Thread 2 ] DEBUG Engine               - devShowBBoxProperty: BooleanProperty [value: false]
20:41:31.336 [FXGL Background Thread 2 ] DEBUG Engine               - devShowPositionProperty: BooleanProperty [value: false]
20:41:31.336 [FXGL Background Thread 2 ] DEBUG Engine               - enabledMenuItems: []
20:41:31.336 [FXGL Background Thread 2 ] DEBUG Engine               - engineServices: [class com.almasb.fxgl.app.GameApplication$GameApplicationService, class com.almasb.fxgl.app.services.WindowService, class com.almasb.fxgl.app.services.FXGLDialogService, class com.almasb.fxgl.app.services.IOTaskExecutorService, class com.almasb.fxgl.event.EventBusService, class com.almasb.fxgl.io.FileSystemService, class com.almasb.fxgl.localization.LocalizationService, class com.almasb.fxgl.app.services.AssetLoaderService, class com.almasb.fxgl.app.services.SystemBundleService, class com.almasb.fxgl.profile.SaveLoadService, class com.almasb.fxgl.ui.FXGLUIFactoryServiceProvider, class com.almasb.fxgl.ui.FXGLDialogFactoryServiceProvider, class com.almasb.fxgl.audio.AudioPlayer, class com.almasb.fxgl.notification.impl.NotificationServiceProvider, class com.almasb.fxgl.achievement.AchievementService, class com.almasb.fxgl.cutscene.CutsceneService, class com.almasb.fxgl.minigames.MiniGameService, class com.almasb.fxgl.net.NetService, class com.almasb.fxgl.app.services.UpdaterService, class com.almasb.fxgl.dev.DevService]
20:41:31.336 [FXGL Background Thread 2 ] DEBUG Engine               - fontGame: Abel-Regular.ttf
20:41:31.337 [FXGL Background Thread 2 ] DEBUG Engine               - fontMono: lucida_console.ttf
20:41:31.337 [FXGL Background Thread 2 ] DEBUG Engine               - fontText: Courier-Prime.ttf
20:41:31.337 [FXGL Background Thread 2 ] DEBUG Engine               - fontUI: VarelaRound-Regular.ttf
20:41:31.337 [FXGL Background Thread 2 ] DEBUG Engine               - fullScreen: BooleanProperty [value: false]
20:41:31.337 [FXGL Background Thread 2 ] DEBUG Engine               - gameDifficulty: MEDIUM
20:41:31.337 [FXGL Background Thread 2 ] DEBUG Engine               - gameDifficultyProperty: ObjectProperty [value: MEDIUM]
20:41:31.337 [FXGL Background Thread 2 ] DEBUG Engine               - globalMusicVolume: 0.5
20:41:31.337 [FXGL Background Thread 2 ] DEBUG Engine               - globalMusicVolumeProperty: DoubleProperty [value: 0.5]
20:41:31.338 [FXGL Background Thread 2 ] DEBUG Engine               - globalSoundVolume: 0.5
20:41:31.338 [FXGL Background Thread 2 ] DEBUG Engine               - globalSoundVolumeProperty: DoubleProperty [value: 0.5]
20:41:31.338 [FXGL Background Thread 2 ] DEBUG Engine               - height: 650
20:41:31.338 [FXGL Background Thread 2 ] DEBUG Engine               - isAndroid: false
20:41:31.338 [FXGL Background Thread 2 ] DEBUG Engine               - isBrowser: false
20:41:31.338 [FXGL Background Thread 2 ] DEBUG Engine               - isClickFeedbackEnabled: false
20:41:31.338 [FXGL Background Thread 2 ] DEBUG Engine               - isCloseConfirmation: false
20:41:31.338 [FXGL Background Thread 2 ] DEBUG Engine               - isDesktop: true
20:41:31.339 [FXGL Background Thread 2 ] DEBUG Engine               - isDeveloperMenuEnabled: false
20:41:31.339 [FXGL Background Thread 2 ] DEBUG Engine               - isExperimentalNative: false
20:41:31.339 [FXGL Background Thread 2 ] DEBUG Engine               - isExperimentalTiledLargeMap: false
20:41:31.339 [FXGL Background Thread 2 ] DEBUG Engine               - isFullScreenAllowed: false
20:41:31.339 [FXGL Background Thread 2 ] DEBUG Engine               - isFullScreenFromStart: false
20:41:31.339 [FXGL Background Thread 2 ] DEBUG Engine               - isGameMenuEnabled: true
20:41:31.339 [FXGL Background Thread 2 ] DEBUG Engine               - isIOS: false
20:41:31.340 [FXGL Background Thread 2 ] DEBUG Engine               - isIntroEnabled: false
20:41:31.340 [FXGL Background Thread 2 ] DEBUG Engine               - isLinux: false
20:41:31.340 [FXGL Background Thread 2 ] DEBUG Engine               - isMac: false
20:41:31.340 [FXGL Background Thread 2 ] DEBUG Engine               - isMainMenuEnabled: true
20:41:31.340 [FXGL Background Thread 2 ] DEBUG Engine               - isManualResizeEnabled: false
20:41:31.340 [FXGL Background Thread 2 ] DEBUG Engine               - isMobile: false
20:41:31.340 [FXGL Background Thread 2 ] DEBUG Engine               - isPreserveResizeRatio: false
20:41:31.340 [FXGL Background Thread 2 ] DEBUG Engine               - isProfilingEnabled: false
20:41:31.340 [FXGL Background Thread 2 ] DEBUG Engine               - isSingleStep: false
20:41:31.341 [FXGL Background Thread 2 ] DEBUG Engine               - isUserProfileEnabled: false
20:41:31.341 [FXGL Background Thread 2 ] DEBUG Engine               - isWindows: true
20:41:31.341 [FXGL Background Thread 2 ] DEBUG Engine               - language: ObjectProperty [value: ENGLISH]
20:41:31.341 [FXGL Background Thread 2 ] DEBUG Engine               - mainWindow: com.almasb.fxgl.app.MainWindow@2e821f4f
20:41:31.341 [FXGL Background Thread 2 ] DEBUG Engine               - menuKey: ESCAPE
20:41:31.341 [FXGL Background Thread 2 ] DEBUG Engine               - notificationViewClass: class com.almasb.fxgl.notification.view.XboxNotificationView
20:41:31.341 [FXGL Background Thread 2 ] DEBUG Engine               - pixelsPerMeter: 50.0
20:41:31.341 [FXGL Background Thread 2 ] DEBUG Engine               - platform: WINDOWS
20:41:31.341 [FXGL Background Thread 2 ] DEBUG Engine               - profileDir: profiles/
20:41:31.342 [FXGL Background Thread 2 ] DEBUG Engine               - profileName: StringProperty [value: DEFAULT]
20:41:31.342 [FXGL Background Thread 2 ] DEBUG Engine               - randomSeed: -1
20:41:31.342 [FXGL Background Thread 2 ] DEBUG Engine               - runtimeInfo: RuntimeInfo(platform=WINDOWS, version=11.9, build=27.05.2020 17.06)
20:41:31.342 [FXGL Background Thread 2 ] DEBUG Engine               - saveFileExt: sav
20:41:31.342 [FXGL Background Thread 2 ] DEBUG Engine               - sceneFactory: MooseGame.NewfoundRacerApp$1@6b8094fb
20:41:31.342 [FXGL Background Thread 2 ] DEBUG Engine               - secondsIn24h: 60
20:41:31.342 [FXGL Background Thread 2 ] DEBUG Engine               - settings: Title: Newfoundland Moose Collision
Version: 0.1
Width: 840
Height: 650
Fullscreen: false
Intro: false
Profiling: false
Single step:false
App Mode: DEVELOPER
Menu Key: ESCAPE
Stage Style: DECORATED
Scene Factory: class MooseGame.NewfoundRacerApp$1

20:41:31.342 [FXGL Background Thread 2 ] DEBUG Engine               - soundMenuBack: menu/back.wav
20:41:31.343 [FXGL Background Thread 2 ] DEBUG Engine               - soundMenuPress: menu/press.wav
20:41:31.343 [FXGL Background Thread 2 ] DEBUG Engine               - soundMenuSelect: menu/select.wav
20:41:31.343 [FXGL Background Thread 2 ] DEBUG Engine               - soundNotification: core/notification.wav
20:41:31.343 [FXGL Background Thread 2 ] DEBUG Engine               - stageStyle: DECORATED
20:41:31.343 [FXGL Background Thread 2 ] DEBUG Engine               - supportedLanguages: [ENGLISH, FRENCH, GERMAN, HUNGARIAN, RUSSIAN]
20:41:31.343 [FXGL Background Thread 2 ] DEBUG Engine               - title: Newfoundland Moose Collision
20:41:31.344 [FXGL Background Thread 2 ] DEBUG Engine               - urlGithub: https://github.com/AlmasB/FXGL
20:41:31.344 [FXGL Background Thread 2 ] DEBUG Engine               - urlLeaderboard: http://fxgl-top.herokuapp.com/
20:41:31.344 [FXGL Background Thread 2 ] DEBUG Engine               - urlPOM: https://raw.githubusercontent.com/AlmasB/FXGL/master/pom.xml
20:41:31.344 [FXGL Background Thread 2 ] DEBUG Engine               - version: 0.1
20:41:31.344 [FXGL Background Thread 2 ] DEBUG Engine               - versionCheckDays: 7
20:41:31.344 [FXGL Background Thread 2 ] DEBUG Engine               - width: 840
20:41:31.344 [FXGL Background Thread 2 ] DEBUG Engine               - Logging services
20:41:31.344 [FXGL Background Thread 2 ] DEBUG Engine               - class com.almasb.fxgl.app.GameApplication$GameApplicationService
20:41:31.345 [FXGL Background Thread 2 ] DEBUG Engine               - class com.almasb.fxgl.app.services.WindowService
20:41:31.345 [FXGL Background Thread 2 ] DEBUG Engine               - class com.almasb.fxgl.app.services.FXGLDialogService
20:41:31.345 [FXGL Background Thread 2 ] DEBUG Engine               - class com.almasb.fxgl.app.services.IOTaskExecutorService
20:41:31.345 [FXGL Background Thread 2 ] DEBUG Engine               - class com.almasb.fxgl.event.EventBusService
20:41:31.345 [FXGL Background Thread 2 ] DEBUG Engine               - class com.almasb.fxgl.io.FileSystemService
20:41:31.345 [FXGL Background Thread 2 ] DEBUG Engine               - class com.almasb.fxgl.localization.LocalizationService
20:41:31.345 [FXGL Background Thread 2 ] DEBUG Engine               - class com.almasb.fxgl.app.services.AssetLoaderService
20:41:31.345 [FXGL Background Thread 2 ] DEBUG Engine               - class com.almasb.fxgl.app.services.SystemBundleService
20:41:31.346 [FXGL Background Thread 2 ] DEBUG Engine               - class com.almasb.fxgl.profile.SaveLoadService
20:41:31.346 [FXGL Background Thread 2 ] DEBUG Engine               - class com.almasb.fxgl.ui.FXGLUIFactoryServiceProvider
20:41:31.346 [FXGL Background Thread 2 ] DEBUG Engine               - class com.almasb.fxgl.ui.FXGLDialogFactoryServiceProvider
20:41:31.346 [FXGL Background Thread 2 ] DEBUG Engine               - class com.almasb.fxgl.audio.AudioPlayer
20:41:31.346 [FXGL Background Thread 2 ] DEBUG Engine               - class com.almasb.fxgl.notification.impl.NotificationServiceProvider
20:41:31.346 [FXGL Background Thread 2 ] DEBUG Engine               - class com.almasb.fxgl.achievement.AchievementService
20:41:31.346 [FXGL Background Thread 2 ] DEBUG Engine               - class com.almasb.fxgl.cutscene.CutsceneService
20:41:31.346 [FXGL Background Thread 2 ] DEBUG Engine               - class com.almasb.fxgl.minigames.MiniGameService
20:41:31.346 [FXGL Background Thread 2 ] DEBUG Engine               - class com.almasb.fxgl.net.NetService
20:41:31.347 [FXGL Background Thread 2 ] DEBUG Engine               - class com.almasb.fxgl.app.services.UpdaterService
20:41:31.347 [FXGL Background Thread 2 ] DEBUG Engine               - class com.almasb.fxgl.dev.DevService
20:41:37.215 [JavaFX Application Thread] DEBUG Menu                 - fireNewGame()
20:41:37.215 [JavaFX Application Thread] DEBUG WindowService        - Starting new game
20:41:37.215 [JavaFX Application Thread] DEBUG MainWindow           - Pop state: NewfoundlandRacerMainMenu
20:41:37.215 [JavaFX Application Thread] DEBUG Input                - Clearing active input actions
20:41:37.216 [JavaFX Application Thread] DEBUG WindowService        - Removing overlay from NewfoundlandRacerMainMenu and adding to 
20:41:37.216 [JavaFX Application Thread] DEBUG MainWindow           -  <- NewfoundlandRacerMainMenu
20:41:37.216 [JavaFX Application Thread] DEBUG Input                - Clearing active input actions
20:41:37.221 [JavaFX Application Thread] DEBUG WindowService        - Removing overlay from  and adding to FXGLLoadingScene
20:41:37.221 [JavaFX Application Thread] DEBUG MainWindow           -  -> FXGLLoadingScene
20:41:37.221 [JavaFX Application Thread] DEBUG WindowService        - Clearing previous game
20:41:37.221 [JavaFX Application Thread] DEBUG GameScene            - Clearing game scene
20:41:37.221 [JavaFX Application Thread] DEBUG GameWorld            - Clearing game world
20:41:37.222 [JavaFX Application Thread] DEBUG PhysicsWorld         - Clearing physics world
20:41:37.223 [FXGL Background Thread 1 ] DEBUG GameApplication      - Initializing game
20:41:37.229 [FXGL Background Thread 1 ] DEBUG AssetLoaderService   - Loading from file system: /assets/textures/4lanehighway.png
20:41:37.288 [FXGL Background Thread 1 ] DEBUG AssetLoaderService   - Loading from file system: /assets/textures/driver1.png
20:41:37.299 [FXGL Background Thread 1 ] INFO  GameApplication      - Game initialization took: 0.076 sec
20:41:37.299 [JavaFX Application Thread] DEBUG Input                - Clearing active input actions
20:41:37.304 [JavaFX Application Thread] DEBUG WindowService        - Removing overlay from FXGLLoadingScene and adding to GameScene
20:41:37.304 [JavaFX Application Thread] DEBUG MainWindow           - FXGLLoadingScene -> GameScene
20:41:38.875 [JavaFX Application Thread] DEBUG AssetLoaderService   - Loading from file system: /assets/textures/driver3.png
20:41:39.706 [JavaFX Application Thread] DEBUG AssetLoaderService   - Loading from file system: /assets/textures/pothole.png
20:41:40.138 [JavaFX Application Thread] DEBUG AssetLoaderService   - Loading from file system: /assets/textures/driver2.png
20:41:40.363 [JavaFX Application Thread] DEBUG MainWindow           - Push state: DialogSubScene
20:41:40.364 [JavaFX Application Thread] DEBUG Input                - Clearing active input actions
20:41:40.368 [JavaFX Application Thread] DEBUG WindowService        - Removing overlay from GameScene and adding to DialogSubScene
20:41:40.368 [JavaFX Application Thread] DEBUG MainWindow           - GameScene -> DialogSubScene
20:41:41.116 [JavaFX Application Thread] DEBUG MainWindow           - Pop state: DialogSubScene
20:41:41.116 [JavaFX Application Thread] DEBUG Input                - Clearing active input actions
20:41:41.116 [JavaFX Application Thread] DEBUG WindowService        - Removing overlay from DialogSubScene and adding to GameScene
20:41:41.116 [JavaFX Application Thread] DEBUG MainWindow           - GameScene <- DialogSubScene
20:41:42.138 [JavaFX Application Thread] DEBUG AssetLoaderService   - Loading from file system: /assets/textures/driver4.png
20:41:42.547 [JavaFX Application Thread] DEBUG AssetLoaderService   - Loading from file system: /assets/textures/cowmoosespriterunning.png
20:41:42.553 [JavaFX Application Thread] DEBUG AssetLoaderService   - Loading from cache: /assets/textures/pothole.png
20:41:43.379 [JavaFX Application Thread] DEBUG AssetLoaderService   - Loading from file system: /assets/textures/coin.png
20:41:43.393 [JavaFX Application Thread] DEBUG AssetLoaderService   - Loading from cache: /assets/textures/driver2.png
20:41:44.634 [JavaFX Application Thread] DEBUG AssetLoaderService   - Loading from cache: /assets/textures/pothole.png
20:41:44.644 [JavaFX Application Thread] DEBUG AssetLoaderService   - Loading from cache: /assets/textures/driver4.png
20:41:45.898 [JavaFX Application Thread] DEBUG AssetLoaderService   - Loading from cache: /assets/textures/driver2.png
20:41:46.712 [JavaFX Application Thread] DEBUG AssetLoaderService   - Loading from cache: /assets/textures/cowmoosespriterunning.png
20:41:46.726 [JavaFX Application Thread] DEBUG AssetLoaderService   - Loading from cache: /assets/textures/pothole.png
20:41:47.157 [JavaFX Application Thread] DEBUG AssetLoaderService   - Loading from cache: /assets/textures/driver4.png
20:41:48.387 [JavaFX Application Thread] DEBUG AssetLoaderService   - Loading from cache: /assets/textures/coin.png
20:41:48.410 [JavaFX Application Thread] DEBUG AssetLoaderService   - Loading from cache: /assets/textures/driver1.png
20:41:48.819 [JavaFX Application Thread] DEBUG AssetLoaderService   - Loading from cache: /assets/textures/pothole.png
20:41:49.672 [JavaFX Application Thread] DEBUG AssetLoaderService   - Loading from cache: /assets/textures/driver4.png
20:41:50.010 [JavaFX Application Thread] DEBUG AssetLoaderService   - Loading from file system: /assets/sounds/coincollect.wav
20:41:50.970 [JavaFX Application Thread] DEBUG AssetLoaderService   - Loading from cache: /assets/textures/cowmoosespriterunning.png
20:41:50.986 [JavaFX Application Thread] DEBUG AssetLoaderService   - Loading from cache: /assets/textures/pothole.png
20:41:51.011 [JavaFX Application Thread] DEBUG AssetLoaderService   - Loading from cache: /assets/textures/driver1.png
20:41:51.044 [JavaFX Application Thread] DEBUG MainWindow           - Push state: DialogSubScene
20:41:51.044 [JavaFX Application Thread] DEBUG Input                - Clearing active input actions
20:41:51.048 [JavaFX Application Thread] DEBUG WindowService        - Removing overlay from GameScene and adding to DialogSubScene
20:41:51.048 [JavaFX Application Thread] DEBUG MainWindow           - GameScene -> DialogSubScene
20:41:51.921 [JavaFX Application Thread] DEBUG MainWindow           - Pop state: DialogSubScene
20:41:51.921 [JavaFX Application Thread] DEBUG Input                - Clearing active input actions
20:41:51.921 [JavaFX Application Thread] DEBUG WindowService        - Removing overlay from DialogSubScene and adding to GameScene
20:41:51.921 [JavaFX Application Thread] DEBUG MainWindow           - GameScene <- DialogSubScene
20:41:53.144 [JavaFX Application Thread] DEBUG AssetLoaderService   - Loading from cache: /assets/textures/driver2.png
20:41:53.955 [JavaFX Application Thread] DEBUG AssetLoaderService   - Loading from cache: /assets/textures/pothole.png
20:41:54.346 [JavaFX Application Thread] DEBUG AssetLoaderService   - Loading from cache: /assets/textures/coin.png
20:41:54.393 [JavaFX Application Thread] DEBUG MainWindow           - Push state: DialogSubScene
20:41:54.393 [JavaFX Application Thread] DEBUG Input                - Clearing active input actions
20:41:54.394 [JavaFX Application Thread] DEBUG WindowService        - Removing overlay from GameScene and adding to DialogSubScene
20:41:54.394 [JavaFX Application Thread] DEBUG MainWindow           - GameScene -> DialogSubScene
20:42:00.306 [JavaFX Application Thread] DEBUG GameApplication      - Exiting FXGL
20:42:00.306 [JavaFX Application Thread] DEBUG LoopRunner           - Stopping loop
20:42:00.306 [JavaFX Application Thread] DEBUG SystemBundleService  - Saving FXGL system data
20:42:00.307 [JavaFX Application Thread] DEBUG FileSystemAccess     - Writing to: E:\secondYear\Java\NewfoundlandRacer\system\fxgl.bundle
20:42:00.308 [JavaFX Application Thread] DEBUG GameApplication      - Shutting down background threads
20:42:00.308 [JavaFX Application Thread] DEBUG GameApplication      - Closing logger and exiting JavaFX
