22:03:50.878 [main                     ] DEBUG GameApplication      - Logger initialized
22:03:50.883 [main                     ] DEBUG GameApplication      - Logging settings
Title: Newfoundland Moose Collision
Version: 0.1
Width: 840
Height: 650
Fullscreen: false
Intro: false
Profiling: false
Single step:false
App Mode: DEVELOPER
Menu Key: ESCAPE
Stage Style: DECORATED
Scene Factory: class MooseGame.NewfoundRacerApp$1

22:03:51.306 [JavaFX Application Thread] DEBUG GameApplication      - Initializing FXGL
22:03:51.320 [JavaFX Application Thread] INFO  Engine               - FXGL-11.9 (27.05.2020 17.06) on WINDOWS (J:14.0.1 FX:13.0.2)
22:03:51.320 [JavaFX Application Thread] DEBUG Engine               - JRE Vendor Name: Oracle Corporation
22:03:51.320 [JavaFX Application Thread] DEBUG Engine               - Running on OS: Windows 10 version 10.0
22:03:51.320 [JavaFX Application Thread] DEBUG Engine               - Architecture: amd64
22:03:51.320 [JavaFX Application Thread] INFO  Engine               - Source code and latest versions at: https://github.com/AlmasB/FXGL
22:03:51.321 [JavaFX Application Thread] INFO  Engine               -              Join the FXGL chat at: https://gitter.im/AlmasB/FXGL
22:03:51.437 [JavaFX Application Thread] DEBUG MainWindow           - Creating a JavaFX scene
22:03:51.480 [JavaFX Application Thread] DEBUG MainWindow           - Target settings size: 840.0 x 650.0
22:03:51.480 [JavaFX Application Thread] DEBUG MainWindow           - Scaled scene size:    840.0 x 650.0
22:03:51.480 [JavaFX Application Thread] DEBUG MainWindow           - Scaled ratio: (1.0, 1.0)
22:03:51.481 [JavaFX Application Thread] DEBUG MainWindow           - Set initial scene to FXGLStartupScene
22:03:51.488 [JavaFX Application Thread] DEBUG MainWindow           - Opening main window
22:03:51.565 [JavaFX Application Thread] DEBUG MainWindow           - Window border size: (16.0, 39.0)
22:03:51.565 [JavaFX Application Thread] DEBUG MainWindow           - Scaled size: 840.0 x 650.0
22:03:51.566 [JavaFX Application Thread] DEBUG MainWindow           - Scaled ratio: (1.0, 1.0)
22:03:51.566 [JavaFX Application Thread] DEBUG MainWindow           - Scene size: 840.0 x 650.0
22:03:51.566 [JavaFX Application Thread] DEBUG MainWindow           - Stage size: 856.0 x 689.0
22:03:51.573 [FXGL Background Thread 1 ] DEBUG Engine               - Initializing environment variables
22:03:51.592 [FXGL Background Thread 1 ] DEBUG WindowService        - Applying CSS: fxgl_dark.css
22:03:51.592 [FXGL Background Thread 1 ] DEBUG AssetLoaderService   - Loading from file system: /assets/ui/css/fxgl_dark.css
22:03:51.626 [FXGL Background Thread 1 ] DEBUG WindowService        - Initializing application scenes
22:03:51.653 [FXGL Background Thread 1 ] DEBUG GameWorld            - Game world initialized
22:03:51.686 [FXGL Background Thread 1 ] DEBUG PhysicsWorld         - Physics world initialized: appHeight=650, physics.ppm=50.0
22:03:51.688 [FXGL Background Thread 1 ] DEBUG GameScene            - Game scene initialized: 840x650
22:03:51.712 [FXGL Background Thread 1 ] DEBUG AssetLoaderService   - Loading from file system: /assets/textures/particles/trace_horizontal.png
22:03:51.767 [FXGL Background Thread 1 ] DEBUG FXGL.DefaultMenu     - createMenuBodyGameMenu()
22:03:51.783 [FXGL Background Thread 1 ] DEBUG FXGL.DefaultMenu     - createOptionsMenu()
22:03:51.788 [FXGL Background Thread 1 ] DEBUG AssetLoaderService   - Loading from file system: /assets/textures/particles/smoke.png
22:03:51.834 [FXGL Background Thread 1 ] DEBUG WindowService        - Application scenes initialized
22:03:51.844 [FXGL Background Thread 1 ] DEBUG SystemBundleService  - Loading FXGL system data
22:03:51.847 [FXGL Background Thread 1 ] DEBUG FileSystemAccess     - Reading from: E:\secondYear\Java\NewfoundlandRacer\system\fxgl.bundle
22:03:51.852 [FXGL Background Thread 1 ] DEBUG SystemBundleService  - Bundle FXGL: {}
22:03:51.852 [FXGL Background Thread 1 ] INFO  Engine               - FXGL initialization took: 0.278 sec
22:03:51.855 [FXGL Background Thread 1 ] DEBUG GameApplication      - Loading localizations
22:03:51.855 [FXGL Background Thread 1 ] DEBUG AssetLoaderService   - Loading from file system: /assets/languages/english.lang
22:03:51.864 [FXGL Background Thread 1 ] DEBUG AssetLoaderService   - Loading from file system: /assets/languages/french.lang
22:03:51.866 [FXGL Background Thread 1 ] DEBUG AssetLoaderService   - Loading from file system: /assets/languages/german.lang
22:03:51.867 [FXGL Background Thread 1 ] DEBUG AssetLoaderService   - Loading from file system: /assets/languages/hungarian.lang
22:03:51.870 [FXGL Background Thread 1 ] DEBUG AssetLoaderService   - Loading from file system: /assets/languages/russian.lang
22:03:51.871 [FXGL Background Thread 1 ] DEBUG GameApplication      - Registering font factories with UI factory
22:03:51.872 [FXGL Background Thread 1 ] DEBUG AssetLoaderService   - Loading from file system: /assets/ui/fonts/VarelaRound-Regular.ttf
22:03:51.905 [FXGL Background Thread 1 ] DEBUG AssetLoaderService   - Loading from file system: /assets/ui/fonts/Abel-Regular.ttf
22:03:51.908 [FXGL Background Thread 1 ] DEBUG AssetLoaderService   - Loading from file system: /assets/ui/fonts/lucida_console.ttf
22:03:51.912 [FXGL Background Thread 1 ] DEBUG AssetLoaderService   - Loading from file system: /assets/ui/fonts/Courier-Prime.ttf
22:03:51.921 [JavaFX Application Thread] DEBUG Input                - Registered new binding: Move Right - D
22:03:51.921 [JavaFX Application Thread] DEBUG Input                - Registered new binding: Move Left - A
22:03:51.922 [JavaFX Application Thread] DEBUG Input                - Registered new binding: Move Up - W
22:03:51.922 [JavaFX Application Thread] DEBUG Input                - Registered new binding: Move Down - S
22:03:51.922 [JavaFX Application Thread] DEBUG AssetLoaderService   - Loading from file system: /assets/textures/fxgl_icon.png
22:03:51.936 [JavaFX Application Thread] DEBUG AssetLoaderService   - Loading from file system: /assets/ui/cursors/fxgl_default.png
22:03:51.938 [JavaFX Application Thread] DEBUG Input                - Registered new binding: Screenshot - P
22:03:51.938 [JavaFX Application Thread] DEBUG Input                - Registered new binding: System info dump - CTRL+9
22:03:51.938 [JavaFX Application Thread] DEBUG Input                - Registered new binding: Restart - CTRL+R
22:03:51.939 [JavaFX Application Thread] DEBUG LoopRunner           - Starting loop
22:03:51.949 [JavaFX Application Thread] DEBUG FXGLStartupScene     - STARTUP
22:03:51.950 [JavaFX Application Thread] DEBUG Input                - Clearing active input actions
22:03:51.956 [JavaFX Application Thread] DEBUG WindowService        - Removing overlay from FXGLStartupScene and adding to 
22:03:51.956 [JavaFX Application Thread] DEBUG MainWindow           - FXGLStartupScene -> 
22:03:51.956 [JavaFX Application Thread] DEBUG MainWindow           - Push state: NewfoundlandRacerMainMenu
22:03:51.956 [JavaFX Application Thread] DEBUG Input                - Clearing active input actions
22:03:51.960 [JavaFX Application Thread] DEBUG WindowService        - Removing overlay from  and adding to NewfoundlandRacerMainMenu
22:03:51.961 [JavaFX Application Thread] DEBUG MainWindow           -  -> NewfoundlandRacerMainMenu
22:03:52.526 [JavaFX Application Thread] DEBUG Menu                 - fireNewGame()
22:03:52.526 [JavaFX Application Thread] DEBUG WindowService        - Starting new game
22:03:52.526 [JavaFX Application Thread] DEBUG MainWindow           - Pop state: NewfoundlandRacerMainMenu
22:03:52.526 [JavaFX Application Thread] DEBUG Input                - Clearing active input actions
22:03:52.527 [JavaFX Application Thread] DEBUG WindowService        - Removing overlay from NewfoundlandRacerMainMenu and adding to 
22:03:52.527 [JavaFX Application Thread] DEBUG MainWindow           -  <- NewfoundlandRacerMainMenu
22:03:52.527 [JavaFX Application Thread] DEBUG Input                - Clearing active input actions
22:03:52.534 [JavaFX Application Thread] DEBUG WindowService        - Removing overlay from  and adding to FXGLLoadingScene
22:03:52.534 [JavaFX Application Thread] DEBUG MainWindow           -  -> FXGLLoadingScene
22:03:52.534 [JavaFX Application Thread] DEBUG WindowService        - Clearing previous game
22:03:52.534 [JavaFX Application Thread] DEBUG GameScene            - Clearing game scene
22:03:52.534 [JavaFX Application Thread] DEBUG GameWorld            - Clearing game world
22:03:52.534 [JavaFX Application Thread] DEBUG PhysicsWorld         - Clearing physics world
22:03:52.535 [FXGL Background Thread 1 ] DEBUG GameApplication      - Initializing game
22:03:52.543 [FXGL Background Thread 1 ] DEBUG AssetLoaderService   - Loading from file system: /assets/textures/4lanehighway.png
22:03:52.607 [FXGL Background Thread 1 ] DEBUG AssetLoaderService   - Loading from file system: /assets/textures/player.png
22:03:52.621 [FXGL Background Thread 1 ] INFO  GameApplication      - Game initialization took: 0.085 sec
22:03:52.630 [JavaFX Application Thread] DEBUG Input                - Clearing active input actions
22:03:52.636 [JavaFX Application Thread] DEBUG WindowService        - Removing overlay from FXGLLoadingScene and adding to GameScene
22:03:52.637 [JavaFX Application Thread] DEBUG MainWindow           - FXGLLoadingScene -> GameScene
22:03:53.116 [JavaFX Application Thread] DEBUG AssetLoaderService   - Loading from file system: /assets/textures/driver2.png
22:03:53.594 [JavaFX Application Thread] DEBUG AssetLoaderService   - Loading from cache: /assets/textures/driver2.png
22:03:54.107 [JavaFX Application Thread] DEBUG AssetLoaderService   - Loading from file system: /assets/textures/driver3.png
22:03:54.587 [JavaFX Application Thread] DEBUG AssetLoaderService   - Loading from file system: /assets/textures/cowmoosespriterunning.png
22:03:54.600 [JavaFX Application Thread] DEBUG AssetLoaderService   - Loading from cache: /assets/textures/cowmoosespriterunning.png
22:03:54.618 [JavaFX Application Thread] DEBUG AssetLoaderService   - Loading from file system: /assets/textures/driver1.png
22:03:54.855 [FXGL Background Thread 2 ] DEBUG Engine               - Logging environment variables
22:03:54.856 [FXGL Background Thread 2 ] DEBUG Engine               - achievements: []
22:03:54.856 [FXGL Background Thread 2 ] DEBUG Engine               - appIcon: fxgl_icon.png
22:03:54.856 [FXGL Background Thread 2 ] DEBUG Engine               - applicationMode: DEVELOPER
22:03:54.857 [FXGL Background Thread 2 ] DEBUG Engine               - cSSList: [fxgl_dark.css]
22:03:54.857 [FXGL Background Thread 2 ] DEBUG Engine               - configClass: Optional.empty
22:03:54.857 [FXGL Background Thread 2 ] DEBUG Engine               - credits: []
22:03:54.858 [FXGL Background Thread 2 ] DEBUG Engine               - devBBoxColorProperty: ObjectProperty [value: 0xff0000ff]
22:03:54.858 [FXGL Background Thread 2 ] DEBUG Engine               - devSensorColorProperty: ObjectProperty [value: 0xffff00ff]
22:03:54.859 [FXGL Background Thread 2 ] DEBUG Engine               - devShowBBoxProperty: BooleanProperty [value: false]
22:03:54.859 [FXGL Background Thread 2 ] DEBUG Engine               - devShowPositionProperty: BooleanProperty [value: false]
22:03:54.859 [FXGL Background Thread 2 ] DEBUG Engine               - enabledMenuItems: []
22:03:54.860 [FXGL Background Thread 2 ] DEBUG Engine               - engineServices: [class com.almasb.fxgl.app.GameApplication$GameApplicationService, class com.almasb.fxgl.app.services.WindowService, class com.almasb.fxgl.app.services.FXGLDialogService, class com.almasb.fxgl.app.services.IOTaskExecutorService, class com.almasb.fxgl.event.EventBusService, class com.almasb.fxgl.io.FileSystemService, class com.almasb.fxgl.localization.LocalizationService, class com.almasb.fxgl.app.services.AssetLoaderService, class com.almasb.fxgl.app.services.SystemBundleService, class com.almasb.fxgl.profile.SaveLoadService, class com.almasb.fxgl.ui.FXGLUIFactoryServiceProvider, class com.almasb.fxgl.ui.FXGLDialogFactoryServiceProvider, class com.almasb.fxgl.audio.AudioPlayer, class com.almasb.fxgl.notification.impl.NotificationServiceProvider, class com.almasb.fxgl.achievement.AchievementService, class com.almasb.fxgl.cutscene.CutsceneService, class com.almasb.fxgl.minigames.MiniGameService, class com.almasb.fxgl.net.NetService, class com.almasb.fxgl.app.services.UpdaterService, class com.almasb.fxgl.dev.DevService]
22:03:54.860 [FXGL Background Thread 2 ] DEBUG Engine               - fontGame: Abel-Regular.ttf
22:03:54.860 [FXGL Background Thread 2 ] DEBUG Engine               - fontMono: lucida_console.ttf
22:03:54.860 [FXGL Background Thread 2 ] DEBUG Engine               - fontText: Courier-Prime.ttf
22:03:54.861 [FXGL Background Thread 2 ] DEBUG Engine               - fontUI: VarelaRound-Regular.ttf
22:03:54.861 [FXGL Background Thread 2 ] DEBUG Engine               - fullScreen: BooleanProperty [value: false]
22:03:54.861 [FXGL Background Thread 2 ] DEBUG Engine               - gameDifficulty: MEDIUM
22:03:54.861 [FXGL Background Thread 2 ] DEBUG Engine               - gameDifficultyProperty: ObjectProperty [value: MEDIUM]
22:03:54.862 [FXGL Background Thread 2 ] DEBUG Engine               - globalMusicVolume: 0.5
22:03:54.863 [FXGL Background Thread 2 ] DEBUG Engine               - globalMusicVolumeProperty: DoubleProperty [value: 0.5]
22:03:54.863 [FXGL Background Thread 2 ] DEBUG Engine               - globalSoundVolume: 0.5
22:03:54.863 [FXGL Background Thread 2 ] DEBUG Engine               - globalSoundVolumeProperty: DoubleProperty [value: 0.5]
22:03:54.864 [FXGL Background Thread 2 ] DEBUG Engine               - height: 650
22:03:54.864 [FXGL Background Thread 2 ] DEBUG Engine               - isAndroid: false
22:03:54.864 [FXGL Background Thread 2 ] DEBUG Engine               - isBrowser: false
22:03:54.865 [FXGL Background Thread 2 ] DEBUG Engine               - isClickFeedbackEnabled: false
22:03:54.865 [FXGL Background Thread 2 ] DEBUG Engine               - isCloseConfirmation: false
22:03:54.865 [FXGL Background Thread 2 ] DEBUG Engine               - isDesktop: true
22:03:54.865 [FXGL Background Thread 2 ] DEBUG Engine               - isDeveloperMenuEnabled: false
22:03:54.865 [FXGL Background Thread 2 ] DEBUG Engine               - isExperimentalNative: false
22:03:54.865 [FXGL Background Thread 2 ] DEBUG Engine               - isExperimentalTiledLargeMap: false
22:03:54.866 [FXGL Background Thread 2 ] DEBUG Engine               - isFullScreenAllowed: false
22:03:54.866 [FXGL Background Thread 2 ] DEBUG Engine               - isFullScreenFromStart: false
22:03:54.866 [FXGL Background Thread 2 ] DEBUG Engine               - isGameMenuEnabled: true
22:03:54.866 [FXGL Background Thread 2 ] DEBUG Engine               - isIOS: false
22:03:54.866 [FXGL Background Thread 2 ] DEBUG Engine               - isIntroEnabled: false
22:03:54.867 [FXGL Background Thread 2 ] DEBUG Engine               - isLinux: false
22:03:54.867 [FXGL Background Thread 2 ] DEBUG Engine               - isMac: false
22:03:54.867 [FXGL Background Thread 2 ] DEBUG Engine               - isMainMenuEnabled: true
22:03:54.867 [FXGL Background Thread 2 ] DEBUG Engine               - isManualResizeEnabled: false
22:03:54.867 [FXGL Background Thread 2 ] DEBUG Engine               - isMobile: false
22:03:54.867 [FXGL Background Thread 2 ] DEBUG Engine               - isPreserveResizeRatio: false
22:03:54.868 [FXGL Background Thread 2 ] DEBUG Engine               - isProfilingEnabled: false
22:03:54.868 [FXGL Background Thread 2 ] DEBUG Engine               - isSingleStep: false
22:03:54.868 [FXGL Background Thread 2 ] DEBUG Engine               - isUserProfileEnabled: false
22:03:54.868 [FXGL Background Thread 2 ] DEBUG Engine               - isWindows: true
22:03:54.868 [FXGL Background Thread 2 ] DEBUG Engine               - language: ObjectProperty [value: ENGLISH]
22:03:54.868 [FXGL Background Thread 2 ] DEBUG Engine               - mainWindow: com.almasb.fxgl.app.MainWindow@1d085c36
22:03:54.868 [FXGL Background Thread 2 ] DEBUG Engine               - menuKey: ESCAPE
22:03:54.869 [FXGL Background Thread 2 ] DEBUG Engine               - notificationViewClass: class com.almasb.fxgl.notification.view.XboxNotificationView
22:03:54.869 [FXGL Background Thread 2 ] DEBUG Engine               - pixelsPerMeter: 50.0
22:03:54.869 [FXGL Background Thread 2 ] DEBUG Engine               - platform: WINDOWS
22:03:54.869 [FXGL Background Thread 2 ] DEBUG Engine               - profileDir: profiles/
22:03:54.869 [FXGL Background Thread 2 ] DEBUG Engine               - profileName: StringProperty [value: DEFAULT]
22:03:54.869 [FXGL Background Thread 2 ] DEBUG Engine               - randomSeed: -1
22:03:54.870 [FXGL Background Thread 2 ] DEBUG Engine               - runtimeInfo: RuntimeInfo(platform=WINDOWS, version=11.9, build=27.05.2020 17.06)
22:03:54.870 [FXGL Background Thread 2 ] DEBUG Engine               - saveFileExt: sav
22:03:54.870 [FXGL Background Thread 2 ] DEBUG Engine               - sceneFactory: MooseGame.NewfoundRacerApp$1@580ad1f3
22:03:54.870 [FXGL Background Thread 2 ] DEBUG Engine               - secondsIn24h: 60
22:03:54.870 [FXGL Background Thread 2 ] DEBUG Engine               - settings: Title: Newfoundland Moose Collision
Version: 0.1
Width: 840
Height: 650
Fullscreen: false
Intro: false
Profiling: false
Single step:false
App Mode: DEVELOPER
Menu Key: ESCAPE
Stage Style: DECORATED
Scene Factory: class MooseGame.NewfoundRacerApp$1

22:03:54.870 [FXGL Background Thread 2 ] DEBUG Engine               - soundMenuBack: menu/back.wav
22:03:54.870 [FXGL Background Thread 2 ] DEBUG Engine               - soundMenuPress: menu/press.wav
22:03:54.870 [FXGL Background Thread 2 ] DEBUG Engine               - soundMenuSelect: menu/select.wav
22:03:54.871 [FXGL Background Thread 2 ] DEBUG Engine               - soundNotification: core/notification.wav
22:03:54.871 [FXGL Background Thread 2 ] DEBUG Engine               - stageStyle: DECORATED
22:03:54.871 [FXGL Background Thread 2 ] DEBUG Engine               - supportedLanguages: [ENGLISH, FRENCH, GERMAN, HUNGARIAN, RUSSIAN]
22:03:54.871 [FXGL Background Thread 2 ] DEBUG Engine               - title: Newfoundland Moose Collision
22:03:54.871 [FXGL Background Thread 2 ] DEBUG Engine               - urlGithub: https://github.com/AlmasB/FXGL
22:03:54.871 [FXGL Background Thread 2 ] DEBUG Engine               - urlLeaderboard: http://fxgl-top.herokuapp.com/
22:03:54.871 [FXGL Background Thread 2 ] DEBUG Engine               - urlPOM: https://raw.githubusercontent.com/AlmasB/FXGL/master/pom.xml
22:03:54.871 [FXGL Background Thread 2 ] DEBUG Engine               - version: 0.1
22:03:54.871 [FXGL Background Thread 2 ] DEBUG Engine               - versionCheckDays: 7
22:03:54.872 [FXGL Background Thread 2 ] DEBUG Engine               - width: 840
22:03:54.872 [FXGL Background Thread 2 ] DEBUG Engine               - Logging services
22:03:54.872 [FXGL Background Thread 2 ] DEBUG Engine               - class com.almasb.fxgl.app.GameApplication$GameApplicationService
22:03:54.872 [FXGL Background Thread 2 ] DEBUG Engine               - class com.almasb.fxgl.app.services.WindowService
22:03:54.872 [FXGL Background Thread 2 ] DEBUG Engine               - class com.almasb.fxgl.app.services.FXGLDialogService
22:03:54.872 [FXGL Background Thread 2 ] DEBUG Engine               - class com.almasb.fxgl.app.services.IOTaskExecutorService
22:03:54.872 [FXGL Background Thread 2 ] DEBUG Engine               - class com.almasb.fxgl.event.EventBusService
22:03:54.872 [FXGL Background Thread 2 ] DEBUG Engine               - class com.almasb.fxgl.io.FileSystemService
22:03:54.872 [FXGL Background Thread 2 ] DEBUG Engine               - class com.almasb.fxgl.localization.LocalizationService
22:03:54.872 [FXGL Background Thread 2 ] DEBUG Engine               - class com.almasb.fxgl.app.services.AssetLoaderService
22:03:54.873 [FXGL Background Thread 2 ] DEBUG Engine               - class com.almasb.fxgl.app.services.SystemBundleService
22:03:54.873 [FXGL Background Thread 2 ] DEBUG Engine               - class com.almasb.fxgl.profile.SaveLoadService
22:03:54.873 [FXGL Background Thread 2 ] DEBUG Engine               - class com.almasb.fxgl.ui.FXGLUIFactoryServiceProvider
22:03:54.873 [FXGL Background Thread 2 ] DEBUG Engine               - class com.almasb.fxgl.ui.FXGLDialogFactoryServiceProvider
22:03:54.873 [FXGL Background Thread 2 ] DEBUG Engine               - class com.almasb.fxgl.audio.AudioPlayer
22:03:54.873 [FXGL Background Thread 2 ] DEBUG Engine               - class com.almasb.fxgl.notification.impl.NotificationServiceProvider
22:03:54.873 [FXGL Background Thread 2 ] DEBUG Engine               - class com.almasb.fxgl.achievement.AchievementService
22:03:54.873 [FXGL Background Thread 2 ] DEBUG Engine               - class com.almasb.fxgl.cutscene.CutsceneService
22:03:54.873 [FXGL Background Thread 2 ] DEBUG Engine               - class com.almasb.fxgl.minigames.MiniGameService
22:03:54.873 [FXGL Background Thread 2 ] DEBUG Engine               - class com.almasb.fxgl.net.NetService
22:03:54.874 [FXGL Background Thread 2 ] DEBUG Engine               - class com.almasb.fxgl.app.services.UpdaterService
22:03:54.874 [FXGL Background Thread 2 ] DEBUG Engine               - class com.almasb.fxgl.dev.DevService
22:03:55.146 [JavaFX Application Thread] DEBUG AssetLoaderService   - Loading from file system: /assets/textures/driver0.png
22:03:55.658 [JavaFX Application Thread] DEBUG AssetLoaderService   - Loading from cache: /assets/textures/driver1.png
22:03:56.170 [JavaFX Application Thread] DEBUG AssetLoaderService   - Loading from cache: /assets/textures/driver1.png
22:03:56.602 [JavaFX Application Thread] DEBUG AssetLoaderService   - Loading from cache: /assets/textures/cowmoosespriterunning.png
22:03:56.603 [JavaFX Application Thread] DEBUG AssetLoaderService   - Loading from cache: /assets/textures/cowmoosespriterunning.png
22:03:56.682 [JavaFX Application Thread] DEBUG AssetLoaderService   - Loading from cache: /assets/textures/driver2.png
22:03:57.210 [JavaFX Application Thread] DEBUG AssetLoaderService   - Loading from cache: /assets/textures/driver2.png
22:03:57.722 [JavaFX Application Thread] DEBUG AssetLoaderService   - Loading from cache: /assets/textures/driver3.png
22:03:58.234 [JavaFX Application Thread] DEBUG AssetLoaderService   - Loading from cache: /assets/textures/driver0.png
22:03:58.618 [JavaFX Application Thread] DEBUG AssetLoaderService   - Loading from cache: /assets/textures/cowmoosespriterunning.png
22:03:58.618 [JavaFX Application Thread] DEBUG AssetLoaderService   - Loading from cache: /assets/textures/cowmoosespriterunning.png
22:03:58.763 [JavaFX Application Thread] DEBUG AssetLoaderService   - Loading from cache: /assets/textures/driver0.png
22:03:59.274 [JavaFX Application Thread] DEBUG AssetLoaderService   - Loading from cache: /assets/textures/driver1.png
22:03:59.786 [JavaFX Application Thread] DEBUG AssetLoaderService   - Loading from cache: /assets/textures/driver1.png
22:04:00.298 [JavaFX Application Thread] DEBUG AssetLoaderService   - Loading from cache: /assets/textures/driver3.png
22:04:00.634 [JavaFX Application Thread] DEBUG AssetLoaderService   - Loading from cache: /assets/textures/cowmoosespriterunning.png
22:04:00.635 [JavaFX Application Thread] DEBUG AssetLoaderService   - Loading from cache: /assets/textures/cowmoosespriterunning.png
22:04:00.810 [JavaFX Application Thread] DEBUG AssetLoaderService   - Loading from cache: /assets/textures/driver0.png
22:04:01.308 [JavaFX Application Thread] DEBUG AssetLoaderService   - Loading from cache: /assets/textures/driver3.png
22:04:01.802 [JavaFX Application Thread] DEBUG AssetLoaderService   - Loading from file system: /assets/textures/driver4.png
22:04:02.298 [JavaFX Application Thread] DEBUG AssetLoaderService   - Loading from cache: /assets/textures/driver0.png
22:04:02.570 [JavaFX Application Thread] DEBUG AssetLoaderService   - Loading from file system: /assets/textures/coin.png
22:04:02.634 [JavaFX Application Thread] DEBUG AssetLoaderService   - Loading from cache: /assets/textures/cowmoosespriterunning.png
22:04:02.635 [JavaFX Application Thread] DEBUG AssetLoaderService   - Loading from cache: /assets/textures/cowmoosespriterunning.png
22:04:02.811 [JavaFX Application Thread] DEBUG AssetLoaderService   - Loading from cache: /assets/textures/driver4.png
22:04:03.306 [JavaFX Application Thread] DEBUG AssetLoaderService   - Loading from cache: /assets/textures/driver1.png
22:04:03.802 [JavaFX Application Thread] DEBUG AssetLoaderService   - Loading from cache: /assets/textures/driver0.png
22:04:04.298 [JavaFX Application Thread] DEBUG AssetLoaderService   - Loading from cache: /assets/textures/driver1.png
22:04:04.634 [JavaFX Application Thread] DEBUG AssetLoaderService   - Loading from cache: /assets/textures/cowmoosespriterunning.png
22:04:04.635 [JavaFX Application Thread] DEBUG AssetLoaderService   - Loading from cache: /assets/textures/cowmoosespriterunning.png
22:04:04.810 [JavaFX Application Thread] DEBUG AssetLoaderService   - Loading from cache: /assets/textures/driver4.png
22:04:05.306 [JavaFX Application Thread] DEBUG AssetLoaderService   - Loading from cache: /assets/textures/driver3.png
22:04:05.802 [JavaFX Application Thread] DEBUG AssetLoaderService   - Loading from cache: /assets/textures/driver1.png
22:04:06.132 [JavaFX Application Thread] DEBUG GameApplication      - Exiting FXGL
22:04:06.132 [JavaFX Application Thread] DEBUG LoopRunner           - Stopping loop
22:04:06.132 [JavaFX Application Thread] DEBUG SystemBundleService  - Saving FXGL system data
22:04:06.133 [JavaFX Application Thread] DEBUG FileSystemAccess     - Writing to: E:\secondYear\Java\NewfoundlandRacer\system\fxgl.bundle
22:04:06.135 [JavaFX Application Thread] DEBUG GameApplication      - Shutting down background threads
22:04:06.135 [JavaFX Application Thread] DEBUG GameApplication      - Closing logger and exiting JavaFX
