22:02:24.277 [main                     ] DEBUG GameApplication      - Logger initialized
22:02:24.281 [main                     ] DEBUG GameApplication      - Logging settings
Title: Newfoundland Moose Collision
Version: 0.1
Width: 840
Height: 650
Fullscreen: false
Intro: false
Profiling: false
Single step:false
App Mode: DEVELOPER
Menu Key: ESCAPE
Stage Style: DECORATED
Scene Factory: class MooseGame.NewfoundRacerApp$1

22:02:24.646 [JavaFX Application Thread] DEBUG GameApplication      - Initializing FXGL
22:02:24.658 [JavaFX Application Thread] INFO  Engine               - FXGL-11.9 (27.05.2020 17.06) on WINDOWS (J:14.0.1 FX:13.0.2)
22:02:24.658 [JavaFX Application Thread] DEBUG Engine               - JRE Vendor Name: Oracle Corporation
22:02:24.658 [JavaFX Application Thread] DEBUG Engine               - Running on OS: Windows 10 version 10.0
22:02:24.658 [JavaFX Application Thread] DEBUG Engine               - Architecture: amd64
22:02:24.658 [JavaFX Application Thread] INFO  Engine               - Source code and latest versions at: https://github.com/AlmasB/FXGL
22:02:24.659 [JavaFX Application Thread] INFO  Engine               -              Join the FXGL chat at: https://gitter.im/AlmasB/FXGL
22:02:24.773 [JavaFX Application Thread] DEBUG MainWindow           - Creating a JavaFX scene
22:02:24.816 [JavaFX Application Thread] DEBUG MainWindow           - Target settings size: 840.0 x 650.0
22:02:24.816 [JavaFX Application Thread] DEBUG MainWindow           - Scaled scene size:    840.0 x 650.0
22:02:24.816 [JavaFX Application Thread] DEBUG MainWindow           - Scaled ratio: (1.0, 1.0)
22:02:24.817 [JavaFX Application Thread] DEBUG MainWindow           - Set initial scene to FXGLStartupScene
22:02:24.824 [JavaFX Application Thread] DEBUG MainWindow           - Opening main window
22:02:24.909 [JavaFX Application Thread] DEBUG MainWindow           - Window border size: (16.0, 39.0)
22:02:24.909 [JavaFX Application Thread] DEBUG MainWindow           - Scaled size: 840.0 x 650.0
22:02:24.909 [JavaFX Application Thread] DEBUG MainWindow           - Scaled ratio: (1.0, 1.0)
22:02:24.909 [JavaFX Application Thread] DEBUG MainWindow           - Scene size: 840.0 x 650.0
22:02:24.910 [JavaFX Application Thread] DEBUG MainWindow           - Stage size: 856.0 x 689.0
22:02:24.917 [FXGL Background Thread 1 ] DEBUG Engine               - Initializing environment variables
22:02:24.938 [FXGL Background Thread 1 ] DEBUG WindowService        - Applying CSS: fxgl_dark.css
22:02:24.938 [FXGL Background Thread 1 ] DEBUG AssetLoaderService   - Loading from file system: /assets/ui/css/fxgl_dark.css
22:02:24.972 [FXGL Background Thread 1 ] DEBUG WindowService        - Initializing application scenes
22:02:24.999 [FXGL Background Thread 1 ] DEBUG GameWorld            - Game world initialized
22:02:25.032 [FXGL Background Thread 1 ] DEBUG PhysicsWorld         - Physics world initialized: appHeight=650, physics.ppm=50.0
22:02:25.034 [FXGL Background Thread 1 ] DEBUG GameScene            - Game scene initialized: 840x650
22:02:25.060 [FXGL Background Thread 1 ] DEBUG AssetLoaderService   - Loading from file system: /assets/textures/particles/trace_horizontal.png
22:02:25.102 [FXGL Background Thread 1 ] DEBUG FXGL.DefaultMenu     - createMenuBodyGameMenu()
22:02:25.115 [FXGL Background Thread 1 ] DEBUG FXGL.DefaultMenu     - createOptionsMenu()
22:02:25.119 [FXGL Background Thread 1 ] DEBUG AssetLoaderService   - Loading from file system: /assets/textures/particles/smoke.png
22:02:25.156 [FXGL Background Thread 1 ] DEBUG WindowService        - Application scenes initialized
22:02:25.165 [FXGL Background Thread 1 ] DEBUG SystemBundleService  - Loading FXGL system data
22:02:25.168 [FXGL Background Thread 1 ] DEBUG FileSystemAccess     - Reading from: E:\secondYear\Java\NewfoundlandRacer\system\fxgl.bundle
22:02:25.172 [FXGL Background Thread 1 ] DEBUG SystemBundleService  - Bundle FXGL: {}
22:02:25.172 [FXGL Background Thread 1 ] INFO  Engine               - FXGL initialization took: 0.254 sec
22:02:25.173 [FXGL Background Thread 1 ] DEBUG GameApplication      - Loading localizations
22:02:25.174 [FXGL Background Thread 1 ] DEBUG AssetLoaderService   - Loading from file system: /assets/languages/english.lang
22:02:25.181 [FXGL Background Thread 1 ] DEBUG AssetLoaderService   - Loading from file system: /assets/languages/french.lang
22:02:25.182 [FXGL Background Thread 1 ] DEBUG AssetLoaderService   - Loading from file system: /assets/languages/german.lang
22:02:25.183 [FXGL Background Thread 1 ] DEBUG AssetLoaderService   - Loading from file system: /assets/languages/hungarian.lang
22:02:25.185 [FXGL Background Thread 1 ] DEBUG AssetLoaderService   - Loading from file system: /assets/languages/russian.lang
22:02:25.187 [FXGL Background Thread 1 ] DEBUG GameApplication      - Registering font factories with UI factory
22:02:25.187 [FXGL Background Thread 1 ] DEBUG AssetLoaderService   - Loading from file system: /assets/ui/fonts/VarelaRound-Regular.ttf
22:02:25.218 [FXGL Background Thread 1 ] DEBUG AssetLoaderService   - Loading from file system: /assets/ui/fonts/Abel-Regular.ttf
22:02:25.221 [FXGL Background Thread 1 ] DEBUG AssetLoaderService   - Loading from file system: /assets/ui/fonts/lucida_console.ttf
22:02:25.224 [FXGL Background Thread 1 ] DEBUG AssetLoaderService   - Loading from file system: /assets/ui/fonts/Courier-Prime.ttf
22:02:25.234 [JavaFX Application Thread] DEBUG Input                - Registered new binding: Move Right - D
22:02:25.234 [JavaFX Application Thread] DEBUG Input                - Registered new binding: Move Left - A
22:02:25.234 [JavaFX Application Thread] DEBUG Input                - Registered new binding: Move Up - W
22:02:25.234 [JavaFX Application Thread] DEBUG Input                - Registered new binding: Move Down - S
22:02:25.234 [JavaFX Application Thread] DEBUG AssetLoaderService   - Loading from file system: /assets/textures/fxgl_icon.png
22:02:25.246 [JavaFX Application Thread] DEBUG AssetLoaderService   - Loading from file system: /assets/ui/cursors/fxgl_default.png
22:02:25.248 [JavaFX Application Thread] DEBUG Input                - Registered new binding: Screenshot - P
22:02:25.248 [JavaFX Application Thread] DEBUG Input                - Registered new binding: System info dump - CTRL+9
22:02:25.249 [JavaFX Application Thread] DEBUG Input                - Registered new binding: Restart - CTRL+R
22:02:25.249 [JavaFX Application Thread] DEBUG LoopRunner           - Starting loop
22:02:25.261 [JavaFX Application Thread] DEBUG FXGLStartupScene     - STARTUP
22:02:25.262 [JavaFX Application Thread] DEBUG Input                - Clearing active input actions
22:02:25.267 [JavaFX Application Thread] DEBUG WindowService        - Removing overlay from FXGLStartupScene and adding to 
22:02:25.267 [JavaFX Application Thread] DEBUG MainWindow           - FXGLStartupScene -> 
22:02:25.267 [JavaFX Application Thread] DEBUG MainWindow           - Push state: NewfoundlandRacerMainMenu
22:02:25.267 [JavaFX Application Thread] DEBUG Input                - Clearing active input actions
22:02:25.271 [JavaFX Application Thread] DEBUG WindowService        - Removing overlay from  and adding to NewfoundlandRacerMainMenu
22:02:25.272 [JavaFX Application Thread] DEBUG MainWindow           -  -> NewfoundlandRacerMainMenu
22:02:26.078 [JavaFX Application Thread] DEBUG Menu                 - fireNewGame()
22:02:26.078 [JavaFX Application Thread] DEBUG WindowService        - Starting new game
22:02:26.078 [JavaFX Application Thread] DEBUG MainWindow           - Pop state: NewfoundlandRacerMainMenu
22:02:26.078 [JavaFX Application Thread] DEBUG Input                - Clearing active input actions
22:02:26.079 [JavaFX Application Thread] DEBUG WindowService        - Removing overlay from NewfoundlandRacerMainMenu and adding to 
22:02:26.079 [JavaFX Application Thread] DEBUG MainWindow           -  <- NewfoundlandRacerMainMenu
22:02:26.079 [JavaFX Application Thread] DEBUG Input                - Clearing active input actions
22:02:26.088 [JavaFX Application Thread] DEBUG WindowService        - Removing overlay from  and adding to FXGLLoadingScene
22:02:26.088 [JavaFX Application Thread] DEBUG MainWindow           -  -> FXGLLoadingScene
22:02:26.088 [JavaFX Application Thread] DEBUG WindowService        - Clearing previous game
22:02:26.088 [JavaFX Application Thread] DEBUG GameScene            - Clearing game scene
22:02:26.088 [JavaFX Application Thread] DEBUG GameWorld            - Clearing game world
22:02:26.088 [JavaFX Application Thread] DEBUG PhysicsWorld         - Clearing physics world
22:02:26.089 [FXGL Background Thread 1 ] DEBUG GameApplication      - Initializing game
22:02:26.097 [FXGL Background Thread 1 ] DEBUG AssetLoaderService   - Loading from file system: /assets/textures/4lanehighway.png
22:02:26.165 [FXGL Background Thread 1 ] DEBUG AssetLoaderService   - Loading from file system: /assets/textures/player.png
22:02:26.177 [FXGL Background Thread 1 ] INFO  GameApplication      - Game initialization took: 0.087 sec
22:02:26.178 [JavaFX Application Thread] DEBUG Input                - Clearing active input actions
22:02:26.184 [JavaFX Application Thread] DEBUG WindowService        - Removing overlay from FXGLLoadingScene and adding to GameScene
22:02:26.184 [JavaFX Application Thread] DEBUG MainWindow           - FXGLLoadingScene -> GameScene
22:02:26.649 [JavaFX Application Thread] DEBUG AssetLoaderService   - Loading from file system: /assets/textures/driver4.png
22:02:27.113 [JavaFX Application Thread] DEBUG AssetLoaderService   - Loading from file system: /assets/textures/driver1.png
22:02:27.642 [JavaFX Application Thread] DEBUG AssetLoaderService   - Loading from file system: /assets/textures/driver2.png
22:02:28.121 [JavaFX Application Thread] DEBUG AssetLoaderService   - Loading from file system: /assets/textures/cowmoosespriterunning.png
22:02:28.126 [JavaFX Application Thread] DEBUG AssetLoaderService   - Loading from cache: /assets/textures/cowmoosespriterunning.png
22:02:28.154 [JavaFX Application Thread] DEBUG AssetLoaderService   - Loading from cache: /assets/textures/driver4.png
22:02:28.174 [FXGL Background Thread 2 ] DEBUG Engine               - Logging environment variables
22:02:28.174 [FXGL Background Thread 2 ] DEBUG Engine               - achievements: []
22:02:28.174 [FXGL Background Thread 2 ] DEBUG Engine               - appIcon: fxgl_icon.png
22:02:28.174 [FXGL Background Thread 2 ] DEBUG Engine               - applicationMode: DEVELOPER
22:02:28.174 [FXGL Background Thread 2 ] DEBUG Engine               - cSSList: [fxgl_dark.css]
22:02:28.174 [FXGL Background Thread 2 ] DEBUG Engine               - configClass: Optional.empty
22:02:28.174 [FXGL Background Thread 2 ] DEBUG Engine               - credits: []
22:02:28.174 [FXGL Background Thread 2 ] DEBUG Engine               - devBBoxColorProperty: ObjectProperty [value: 0xff0000ff]
22:02:28.175 [FXGL Background Thread 2 ] DEBUG Engine               - devSensorColorProperty: ObjectProperty [value: 0xffff00ff]
22:02:28.175 [FXGL Background Thread 2 ] DEBUG Engine               - devShowBBoxProperty: BooleanProperty [value: false]
22:02:28.175 [FXGL Background Thread 2 ] DEBUG Engine               - devShowPositionProperty: BooleanProperty [value: false]
22:02:28.175 [FXGL Background Thread 2 ] DEBUG Engine               - enabledMenuItems: []
22:02:28.175 [FXGL Background Thread 2 ] DEBUG Engine               - engineServices: [class com.almasb.fxgl.app.GameApplication$GameApplicationService, class com.almasb.fxgl.app.services.WindowService, class com.almasb.fxgl.app.services.FXGLDialogService, class com.almasb.fxgl.app.services.IOTaskExecutorService, class com.almasb.fxgl.event.EventBusService, class com.almasb.fxgl.io.FileSystemService, class com.almasb.fxgl.localization.LocalizationService, class com.almasb.fxgl.app.services.AssetLoaderService, class com.almasb.fxgl.app.services.SystemBundleService, class com.almasb.fxgl.profile.SaveLoadService, class com.almasb.fxgl.ui.FXGLUIFactoryServiceProvider, class com.almasb.fxgl.ui.FXGLDialogFactoryServiceProvider, class com.almasb.fxgl.audio.AudioPlayer, class com.almasb.fxgl.notification.impl.NotificationServiceProvider, class com.almasb.fxgl.achievement.AchievementService, class com.almasb.fxgl.cutscene.CutsceneService, class com.almasb.fxgl.minigames.MiniGameService, class com.almasb.fxgl.net.NetService, class com.almasb.fxgl.app.services.UpdaterService, class com.almasb.fxgl.dev.DevService]
22:02:28.175 [FXGL Background Thread 2 ] DEBUG Engine               - fontGame: Abel-Regular.ttf
22:02:28.175 [FXGL Background Thread 2 ] DEBUG Engine               - fontMono: lucida_console.ttf
22:02:28.175 [FXGL Background Thread 2 ] DEBUG Engine               - fontText: Courier-Prime.ttf
22:02:28.175 [FXGL Background Thread 2 ] DEBUG Engine               - fontUI: VarelaRound-Regular.ttf
22:02:28.175 [FXGL Background Thread 2 ] DEBUG Engine               - fullScreen: BooleanProperty [value: false]
22:02:28.175 [FXGL Background Thread 2 ] DEBUG Engine               - gameDifficulty: MEDIUM
22:02:28.175 [FXGL Background Thread 2 ] DEBUG Engine               - gameDifficultyProperty: ObjectProperty [value: MEDIUM]
22:02:28.175 [FXGL Background Thread 2 ] DEBUG Engine               - globalMusicVolume: 0.5
22:02:28.175 [FXGL Background Thread 2 ] DEBUG Engine               - globalMusicVolumeProperty: DoubleProperty [value: 0.5]
22:02:28.175 [FXGL Background Thread 2 ] DEBUG Engine               - globalSoundVolume: 0.5
22:02:28.175 [FXGL Background Thread 2 ] DEBUG Engine               - globalSoundVolumeProperty: DoubleProperty [value: 0.5]
22:02:28.175 [FXGL Background Thread 2 ] DEBUG Engine               - height: 650
22:02:28.175 [FXGL Background Thread 2 ] DEBUG Engine               - isAndroid: false
22:02:28.175 [FXGL Background Thread 2 ] DEBUG Engine               - isBrowser: false
22:02:28.175 [FXGL Background Thread 2 ] DEBUG Engine               - isClickFeedbackEnabled: false
22:02:28.175 [FXGL Background Thread 2 ] DEBUG Engine               - isCloseConfirmation: false
22:02:28.175 [FXGL Background Thread 2 ] DEBUG Engine               - isDesktop: true
22:02:28.175 [FXGL Background Thread 2 ] DEBUG Engine               - isDeveloperMenuEnabled: false
22:02:28.175 [FXGL Background Thread 2 ] DEBUG Engine               - isExperimentalNative: false
22:02:28.175 [FXGL Background Thread 2 ] DEBUG Engine               - isExperimentalTiledLargeMap: false
22:02:28.175 [FXGL Background Thread 2 ] DEBUG Engine               - isFullScreenAllowed: false
22:02:28.175 [FXGL Background Thread 2 ] DEBUG Engine               - isFullScreenFromStart: false
22:02:28.176 [FXGL Background Thread 2 ] DEBUG Engine               - isGameMenuEnabled: true
22:02:28.176 [FXGL Background Thread 2 ] DEBUG Engine               - isIOS: false
22:02:28.176 [FXGL Background Thread 2 ] DEBUG Engine               - isIntroEnabled: false
22:02:28.176 [FXGL Background Thread 2 ] DEBUG Engine               - isLinux: false
22:02:28.176 [FXGL Background Thread 2 ] DEBUG Engine               - isMac: false
22:02:28.176 [FXGL Background Thread 2 ] DEBUG Engine               - isMainMenuEnabled: true
22:02:28.176 [FXGL Background Thread 2 ] DEBUG Engine               - isManualResizeEnabled: false
22:02:28.176 [FXGL Background Thread 2 ] DEBUG Engine               - isMobile: false
22:02:28.176 [FXGL Background Thread 2 ] DEBUG Engine               - isPreserveResizeRatio: false
22:02:28.176 [FXGL Background Thread 2 ] DEBUG Engine               - isProfilingEnabled: false
22:02:28.176 [FXGL Background Thread 2 ] DEBUG Engine               - isSingleStep: false
22:02:28.176 [FXGL Background Thread 2 ] DEBUG Engine               - isUserProfileEnabled: false
22:02:28.176 [FXGL Background Thread 2 ] DEBUG Engine               - isWindows: true
22:02:28.176 [FXGL Background Thread 2 ] DEBUG Engine               - language: ObjectProperty [value: ENGLISH]
22:02:28.176 [FXGL Background Thread 2 ] DEBUG Engine               - mainWindow: com.almasb.fxgl.app.MainWindow@21567a38
22:02:28.176 [FXGL Background Thread 2 ] DEBUG Engine               - menuKey: ESCAPE
22:02:28.177 [FXGL Background Thread 2 ] DEBUG Engine               - notificationViewClass: class com.almasb.fxgl.notification.view.XboxNotificationView
22:02:28.177 [FXGL Background Thread 2 ] DEBUG Engine               - pixelsPerMeter: 50.0
22:02:28.177 [FXGL Background Thread 2 ] DEBUG Engine               - platform: WINDOWS
22:02:28.177 [FXGL Background Thread 2 ] DEBUG Engine               - profileDir: profiles/
22:02:28.177 [FXGL Background Thread 2 ] DEBUG Engine               - profileName: StringProperty [value: DEFAULT]
22:02:28.177 [FXGL Background Thread 2 ] DEBUG Engine               - randomSeed: -1
22:02:28.177 [FXGL Background Thread 2 ] DEBUG Engine               - runtimeInfo: RuntimeInfo(platform=WINDOWS, version=11.9, build=27.05.2020 17.06)
22:02:28.177 [FXGL Background Thread 2 ] DEBUG Engine               - saveFileExt: sav
22:02:28.177 [FXGL Background Thread 2 ] DEBUG Engine               - sceneFactory: MooseGame.NewfoundRacerApp$1@6454f076
22:02:28.177 [FXGL Background Thread 2 ] DEBUG Engine               - secondsIn24h: 60
22:02:28.177 [FXGL Background Thread 2 ] DEBUG Engine               - settings: Title: Newfoundland Moose Collision
Version: 0.1
Width: 840
Height: 650
Fullscreen: false
Intro: false
Profiling: false
Single step:false
App Mode: DEVELOPER
Menu Key: ESCAPE
Stage Style: DECORATED
Scene Factory: class MooseGame.NewfoundRacerApp$1

22:02:28.177 [FXGL Background Thread 2 ] DEBUG Engine               - soundMenuBack: menu/back.wav
22:02:28.177 [FXGL Background Thread 2 ] DEBUG Engine               - soundMenuPress: menu/press.wav
22:02:28.177 [FXGL Background Thread 2 ] DEBUG Engine               - soundMenuSelect: menu/select.wav
22:02:28.177 [FXGL Background Thread 2 ] DEBUG Engine               - soundNotification: core/notification.wav
22:02:28.177 [FXGL Background Thread 2 ] DEBUG Engine               - stageStyle: DECORATED
22:02:28.177 [FXGL Background Thread 2 ] DEBUG Engine               - supportedLanguages: [ENGLISH, FRENCH, GERMAN, HUNGARIAN, RUSSIAN]
22:02:28.178 [FXGL Background Thread 2 ] DEBUG Engine               - title: Newfoundland Moose Collision
22:02:28.178 [FXGL Background Thread 2 ] DEBUG Engine               - urlGithub: https://github.com/AlmasB/FXGL
22:02:28.178 [FXGL Background Thread 2 ] DEBUG Engine               - urlLeaderboard: http://fxgl-top.herokuapp.com/
22:02:28.178 [FXGL Background Thread 2 ] DEBUG Engine               - urlPOM: https://raw.githubusercontent.com/AlmasB/FXGL/master/pom.xml
22:02:28.178 [FXGL Background Thread 2 ] DEBUG Engine               - version: 0.1
22:02:28.178 [FXGL Background Thread 2 ] DEBUG Engine               - versionCheckDays: 7
22:02:28.178 [FXGL Background Thread 2 ] DEBUG Engine               - width: 840
22:02:28.178 [FXGL Background Thread 2 ] DEBUG Engine               - Logging services
22:02:28.178 [FXGL Background Thread 2 ] DEBUG Engine               - class com.almasb.fxgl.app.GameApplication$GameApplicationService
22:02:28.178 [FXGL Background Thread 2 ] DEBUG Engine               - class com.almasb.fxgl.app.services.WindowService
22:02:28.178 [FXGL Background Thread 2 ] DEBUG Engine               - class com.almasb.fxgl.app.services.FXGLDialogService
22:02:28.178 [FXGL Background Thread 2 ] DEBUG Engine               - class com.almasb.fxgl.app.services.IOTaskExecutorService
22:02:28.178 [FXGL Background Thread 2 ] DEBUG Engine               - class com.almasb.fxgl.event.EventBusService
22:02:28.178 [FXGL Background Thread 2 ] DEBUG Engine               - class com.almasb.fxgl.io.FileSystemService
22:02:28.178 [FXGL Background Thread 2 ] DEBUG Engine               - class com.almasb.fxgl.localization.LocalizationService
22:02:28.178 [FXGL Background Thread 2 ] DEBUG Engine               - class com.almasb.fxgl.app.services.AssetLoaderService
22:02:28.178 [FXGL Background Thread 2 ] DEBUG Engine               - class com.almasb.fxgl.app.services.SystemBundleService
22:02:28.178 [FXGL Background Thread 2 ] DEBUG Engine               - class com.almasb.fxgl.profile.SaveLoadService
22:02:28.178 [FXGL Background Thread 2 ] DEBUG Engine               - class com.almasb.fxgl.ui.FXGLUIFactoryServiceProvider
22:02:28.178 [FXGL Background Thread 2 ] DEBUG Engine               - class com.almasb.fxgl.ui.FXGLDialogFactoryServiceProvider
22:02:28.178 [FXGL Background Thread 2 ] DEBUG Engine               - class com.almasb.fxgl.audio.AudioPlayer
22:02:28.179 [FXGL Background Thread 2 ] DEBUG Engine               - class com.almasb.fxgl.notification.impl.NotificationServiceProvider
22:02:28.179 [FXGL Background Thread 2 ] DEBUG Engine               - class com.almasb.fxgl.achievement.AchievementService
22:02:28.179 [FXGL Background Thread 2 ] DEBUG Engine               - class com.almasb.fxgl.cutscene.CutsceneService
22:02:28.179 [FXGL Background Thread 2 ] DEBUG Engine               - class com.almasb.fxgl.minigames.MiniGameService
22:02:28.179 [FXGL Background Thread 2 ] DEBUG Engine               - class com.almasb.fxgl.net.NetService
22:02:28.179 [FXGL Background Thread 2 ] DEBUG Engine               - class com.almasb.fxgl.app.services.UpdaterService
22:02:28.179 [FXGL Background Thread 2 ] DEBUG Engine               - class com.almasb.fxgl.dev.DevService
22:02:28.665 [JavaFX Application Thread] DEBUG AssetLoaderService   - Loading from cache: /assets/textures/driver4.png
22:02:29.193 [JavaFX Application Thread] DEBUG AssetLoaderService   - Loading from cache: /assets/textures/driver2.png
22:02:29.705 [JavaFX Application Thread] DEBUG AssetLoaderService   - Loading from file system: /assets/textures/driver3.png
22:02:30.138 [JavaFX Application Thread] DEBUG AssetLoaderService   - Loading from cache: /assets/textures/cowmoosespriterunning.png
22:02:30.140 [JavaFX Application Thread] DEBUG AssetLoaderService   - Loading from cache: /assets/textures/cowmoosespriterunning.png
22:02:30.218 [JavaFX Application Thread] DEBUG AssetLoaderService   - Loading from cache: /assets/textures/driver3.png
22:02:30.729 [JavaFX Application Thread] DEBUG AssetLoaderService   - Loading from cache: /assets/textures/driver4.png
22:02:31.257 [JavaFX Application Thread] DEBUG AssetLoaderService   - Loading from file system: /assets/textures/driver0.png
22:02:31.769 [JavaFX Application Thread] DEBUG AssetLoaderService   - Loading from cache: /assets/textures/driver3.png
22:02:32.154 [JavaFX Application Thread] DEBUG AssetLoaderService   - Loading from cache: /assets/textures/cowmoosespriterunning.png
22:02:32.156 [JavaFX Application Thread] DEBUG AssetLoaderService   - Loading from cache: /assets/textures/cowmoosespriterunning.png
22:02:32.282 [JavaFX Application Thread] DEBUG AssetLoaderService   - Loading from cache: /assets/textures/driver2.png
22:02:32.809 [JavaFX Application Thread] DEBUG AssetLoaderService   - Loading from cache: /assets/textures/driver1.png
22:02:33.321 [JavaFX Application Thread] DEBUG AssetLoaderService   - Loading from cache: /assets/textures/driver4.png
22:02:33.833 [JavaFX Application Thread] DEBUG AssetLoaderService   - Loading from cache: /assets/textures/driver4.png
22:02:34.169 [JavaFX Application Thread] DEBUG AssetLoaderService   - Loading from cache: /assets/textures/cowmoosespriterunning.png
22:02:34.170 [JavaFX Application Thread] DEBUG AssetLoaderService   - Loading from cache: /assets/textures/cowmoosespriterunning.png
22:02:34.330 [JavaFX Application Thread] DEBUG AssetLoaderService   - Loading from cache: /assets/textures/driver2.png
22:02:34.841 [JavaFX Application Thread] DEBUG AssetLoaderService   - Loading from cache: /assets/textures/driver3.png
22:02:35.337 [JavaFX Application Thread] DEBUG AssetLoaderService   - Loading from cache: /assets/textures/driver0.png
22:02:35.833 [JavaFX Application Thread] DEBUG AssetLoaderService   - Loading from cache: /assets/textures/driver2.png
22:02:36.106 [JavaFX Application Thread] DEBUG AssetLoaderService   - Loading from file system: /assets/textures/coin.png
22:02:36.170 [JavaFX Application Thread] DEBUG AssetLoaderService   - Loading from cache: /assets/textures/cowmoosespriterunning.png
22:02:36.171 [JavaFX Application Thread] DEBUG AssetLoaderService   - Loading from cache: /assets/textures/cowmoosespriterunning.png
22:02:36.330 [JavaFX Application Thread] DEBUG AssetLoaderService   - Loading from cache: /assets/textures/driver2.png
22:02:36.842 [JavaFX Application Thread] DEBUG AssetLoaderService   - Loading from cache: /assets/textures/driver3.png
22:02:37.339 [JavaFX Application Thread] DEBUG AssetLoaderService   - Loading from cache: /assets/textures/driver2.png
22:02:37.835 [JavaFX Application Thread] DEBUG AssetLoaderService   - Loading from cache: /assets/textures/driver4.png
22:02:38.170 [JavaFX Application Thread] DEBUG AssetLoaderService   - Loading from cache: /assets/textures/cowmoosespriterunning.png
22:02:38.172 [JavaFX Application Thread] DEBUG AssetLoaderService   - Loading from cache: /assets/textures/cowmoosespriterunning.png
22:02:38.346 [JavaFX Application Thread] DEBUG AssetLoaderService   - Loading from cache: /assets/textures/driver0.png
22:02:38.841 [JavaFX Application Thread] DEBUG AssetLoaderService   - Loading from cache: /assets/textures/driver3.png
22:02:39.337 [JavaFX Application Thread] DEBUG AssetLoaderService   - Loading from cache: /assets/textures/driver3.png
22:02:39.833 [JavaFX Application Thread] DEBUG AssetLoaderService   - Loading from cache: /assets/textures/driver3.png
22:02:40.171 [JavaFX Application Thread] DEBUG AssetLoaderService   - Loading from cache: /assets/textures/cowmoosespriterunning.png
22:02:40.173 [JavaFX Application Thread] DEBUG AssetLoaderService   - Loading from cache: /assets/textures/cowmoosespriterunning.png
22:02:40.346 [JavaFX Application Thread] DEBUG AssetLoaderService   - Loading from cache: /assets/textures/driver1.png
22:02:40.841 [JavaFX Application Thread] DEBUG AssetLoaderService   - Loading from cache: /assets/textures/driver0.png
22:02:41.337 [JavaFX Application Thread] DEBUG AssetLoaderService   - Loading from cache: /assets/textures/driver4.png
22:02:41.833 [JavaFX Application Thread] DEBUG AssetLoaderService   - Loading from cache: /assets/textures/driver2.png
22:02:42.170 [JavaFX Application Thread] DEBUG AssetLoaderService   - Loading from cache: /assets/textures/cowmoosespriterunning.png
22:02:42.172 [JavaFX Application Thread] DEBUG AssetLoaderService   - Loading from cache: /assets/textures/cowmoosespriterunning.png
22:02:42.362 [JavaFX Application Thread] DEBUG AssetLoaderService   - Loading from cache: /assets/textures/driver1.png
22:02:42.873 [JavaFX Application Thread] DEBUG AssetLoaderService   - Loading from cache: /assets/textures/driver3.png
22:02:43.386 [JavaFX Application Thread] DEBUG AssetLoaderService   - Loading from cache: /assets/textures/driver2.png
22:02:43.897 [JavaFX Application Thread] DEBUG AssetLoaderService   - Loading from cache: /assets/textures/driver2.png
22:02:44.185 [JavaFX Application Thread] DEBUG AssetLoaderService   - Loading from cache: /assets/textures/cowmoosespriterunning.png
22:02:44.187 [JavaFX Application Thread] DEBUG AssetLoaderService   - Loading from cache: /assets/textures/cowmoosespriterunning.png
22:02:44.425 [JavaFX Application Thread] DEBUG AssetLoaderService   - Loading from cache: /assets/textures/driver3.png
22:02:44.937 [JavaFX Application Thread] DEBUG AssetLoaderService   - Loading from cache: /assets/textures/driver2.png
22:02:45.450 [JavaFX Application Thread] DEBUG AssetLoaderService   - Loading from cache: /assets/textures/driver0.png
22:02:45.977 [JavaFX Application Thread] DEBUG AssetLoaderService   - Loading from cache: /assets/textures/driver1.png
22:02:46.106 [JavaFX Application Thread] DEBUG AssetLoaderService   - Loading from cache: /assets/textures/coin.png
22:02:46.201 [JavaFX Application Thread] DEBUG AssetLoaderService   - Loading from cache: /assets/textures/cowmoosespriterunning.png
22:02:46.201 [JavaFX Application Thread] DEBUG AssetLoaderService   - Loading from cache: /assets/textures/cowmoosespriterunning.png
22:02:46.490 [JavaFX Application Thread] DEBUG AssetLoaderService   - Loading from cache: /assets/textures/driver1.png
22:02:47.002 [JavaFX Application Thread] DEBUG AssetLoaderService   - Loading from cache: /assets/textures/driver4.png
22:02:47.513 [JavaFX Application Thread] DEBUG AssetLoaderService   - Loading from cache: /assets/textures/driver3.png
22:02:48.041 [JavaFX Application Thread] DEBUG AssetLoaderService   - Loading from cache: /assets/textures/driver4.png
22:02:48.218 [JavaFX Application Thread] DEBUG AssetLoaderService   - Loading from cache: /assets/textures/cowmoosespriterunning.png
22:02:48.220 [JavaFX Application Thread] DEBUG AssetLoaderService   - Loading from cache: /assets/textures/cowmoosespriterunning.png
22:02:48.553 [JavaFX Application Thread] DEBUG AssetLoaderService   - Loading from cache: /assets/textures/driver3.png
22:02:49.065 [JavaFX Application Thread] DEBUG AssetLoaderService   - Loading from cache: /assets/textures/driver3.png
22:02:49.593 [JavaFX Application Thread] DEBUG AssetLoaderService   - Loading from cache: /assets/textures/driver1.png
22:02:50.106 [JavaFX Application Thread] DEBUG AssetLoaderService   - Loading from cache: /assets/textures/driver4.png
22:02:50.233 [JavaFX Application Thread] DEBUG AssetLoaderService   - Loading from cache: /assets/textures/cowmoosespriterunning.png
22:02:50.234 [JavaFX Application Thread] DEBUG AssetLoaderService   - Loading from cache: /assets/textures/cowmoosespriterunning.png
22:02:50.618 [JavaFX Application Thread] DEBUG AssetLoaderService   - Loading from cache: /assets/textures/driver2.png
22:02:51.146 [JavaFX Application Thread] DEBUG AssetLoaderService   - Loading from cache: /assets/textures/driver3.png
22:02:51.582 [JavaFX Application Thread] DEBUG GameApplication      - Exiting FXGL
22:02:51.582 [JavaFX Application Thread] DEBUG LoopRunner           - Stopping loop
22:02:51.582 [JavaFX Application Thread] DEBUG SystemBundleService  - Saving FXGL system data
22:02:51.583 [JavaFX Application Thread] DEBUG FileSystemAccess     - Writing to: E:\secondYear\Java\NewfoundlandRacer\system\fxgl.bundle
22:02:51.584 [JavaFX Application Thread] DEBUG GameApplication      - Shutting down background threads
22:02:51.584 [JavaFX Application Thread] DEBUG GameApplication      - Closing logger and exiting JavaFX
