20:43:40.574 [main                     ] DEBUG GameApplication      - Logger initialized
20:43:40.579 [main                     ] DEBUG GameApplication      - Logging settings
Title: Newfoundland Moose Collision
Version: 0.1
Width: 700
Height: 500
Fullscreen: false
Intro: false
Profiling: false
Single step:false
App Mode: DEVELOPER
Menu Key: ESCAPE
Stage Style: DECORATED
Scene Factory: class com.almasb.fxgl.app.scene.SceneFactory

20:43:40.968 [JavaFX Application Thread] DEBUG GameApplication      - Initializing FXGL
20:43:40.981 [JavaFX Application Thread] INFO  Engine               - FXGL-11.9 (27.05.2020 17.06) on WINDOWS (J:14.0.1 FX:13.0.2)
20:43:40.982 [JavaFX Application Thread] DEBUG Engine               - JRE Vendor Name: Oracle Corporation
20:43:40.982 [JavaFX Application Thread] DEBUG Engine               - Running on OS: Windows 10 version 10.0
20:43:40.982 [JavaFX Application Thread] DEBUG Engine               - Architecture: amd64
20:43:40.982 [JavaFX Application Thread] INFO  Engine               - Source code and latest versions at: https://github.com/AlmasB/FXGL
20:43:40.982 [JavaFX Application Thread] INFO  Engine               -              Join the FXGL chat at: https://gitter.im/AlmasB/FXGL
20:43:41.110 [JavaFX Application Thread] DEBUG MainWindow           - Creating a JavaFX scene
20:43:41.155 [JavaFX Application Thread] DEBUG MainWindow           - Target settings size: 700.0 x 500.0
20:43:41.155 [JavaFX Application Thread] DEBUG MainWindow           - Scaled scene size:    700.0 x 500.0
20:43:41.155 [JavaFX Application Thread] DEBUG MainWindow           - Scaled ratio: (1.0, 1.0)
20:43:41.156 [JavaFX Application Thread] DEBUG MainWindow           - Set initial scene to FXGLStartupScene
20:43:41.162 [JavaFX Application Thread] DEBUG MainWindow           - Opening main window
20:43:41.247 [JavaFX Application Thread] DEBUG MainWindow           - Window border size: (16.0, 39.0)
20:43:41.247 [JavaFX Application Thread] DEBUG MainWindow           - Scaled size: 700.0 x 500.0
20:43:41.247 [JavaFX Application Thread] DEBUG MainWindow           - Scaled ratio: (1.0, 1.0)
20:43:41.247 [JavaFX Application Thread] DEBUG MainWindow           - Scene size: 700.0 x 500.0
20:43:41.247 [JavaFX Application Thread] DEBUG MainWindow           - Stage size: 716.0 x 539.0
20:43:41.255 [FXGL Background Thread 1 ] DEBUG Engine               - Initializing environment variables
20:43:41.276 [FXGL Background Thread 1 ] DEBUG WindowService        - Applying CSS: fxgl_dark.css
20:43:41.276 [FXGL Background Thread 1 ] DEBUG AssetLoaderService   - Loading from file system: /assets/ui/css/fxgl_dark.css
20:43:41.312 [FXGL Background Thread 1 ] DEBUG WindowService        - Initializing application scenes
20:43:41.342 [FXGL Background Thread 1 ] DEBUG GameWorld            - Game world initialized
20:43:41.378 [FXGL Background Thread 1 ] DEBUG PhysicsWorld         - Physics world initialized: appHeight=500, physics.ppm=50.0
20:43:41.380 [FXGL Background Thread 1 ] DEBUG GameScene            - Game scene initialized: 700x500
20:43:41.405 [FXGL Background Thread 1 ] DEBUG AssetLoaderService   - Loading from file system: /assets/textures/particles/trace_horizontal.png
20:43:41.451 [FXGL Background Thread 1 ] WARN  FXGL.DefaultMenu     - FXGLDefaultMenu is not designed for resolutions < 800x600
20:43:41.451 [FXGL Background Thread 1 ] DEBUG FXGL.DefaultMenu     - createMenuBodyGameMenu()
20:43:41.467 [FXGL Background Thread 1 ] DEBUG FXGL.DefaultMenu     - createOptionsMenu()
20:43:41.471 [FXGL Background Thread 1 ] DEBUG AssetLoaderService   - Loading from file system: /assets/textures/particles/smoke.png
20:43:41.512 [FXGL Background Thread 1 ] DEBUG WindowService        - Application scenes initialized
20:43:41.522 [FXGL Background Thread 1 ] DEBUG SystemBundleService  - Loading FXGL system data
20:43:41.525 [FXGL Background Thread 1 ] DEBUG FileSystemAccess     - Reading from: E:\secondYear\Java\NewfoundlandRacer\system\fxgl.bundle
20:43:41.528 [FXGL Background Thread 1 ] DEBUG SystemBundleService  - Bundle FXGL: {}
20:43:41.528 [FXGL Background Thread 1 ] INFO  Engine               - FXGL initialization took: 0.272 sec
20:43:41.530 [FXGL Background Thread 1 ] DEBUG GameApplication      - Loading localizations
20:43:41.530 [FXGL Background Thread 1 ] DEBUG AssetLoaderService   - Loading from file system: /assets/languages/english.lang
20:43:41.539 [FXGL Background Thread 1 ] DEBUG AssetLoaderService   - Loading from file system: /assets/languages/french.lang
20:43:41.541 [FXGL Background Thread 1 ] DEBUG AssetLoaderService   - Loading from file system: /assets/languages/german.lang
20:43:41.543 [FXGL Background Thread 1 ] DEBUG AssetLoaderService   - Loading from file system: /assets/languages/hungarian.lang
20:43:41.546 [FXGL Background Thread 1 ] DEBUG AssetLoaderService   - Loading from file system: /assets/languages/russian.lang
20:43:41.547 [FXGL Background Thread 1 ] DEBUG GameApplication      - Registering font factories with UI factory
20:43:41.547 [FXGL Background Thread 1 ] DEBUG AssetLoaderService   - Loading from file system: /assets/ui/fonts/VarelaRound-Regular.ttf
20:43:41.580 [FXGL Background Thread 1 ] DEBUG AssetLoaderService   - Loading from file system: /assets/ui/fonts/Abel-Regular.ttf
20:43:41.584 [FXGL Background Thread 1 ] DEBUG AssetLoaderService   - Loading from file system: /assets/ui/fonts/lucida_console.ttf
20:43:41.588 [FXGL Background Thread 1 ] DEBUG AssetLoaderService   - Loading from file system: /assets/ui/fonts/Courier-Prime.ttf
20:43:41.598 [JavaFX Application Thread] DEBUG Input                - Registered new binding: Move Right - D
20:43:41.598 [JavaFX Application Thread] DEBUG Input                - Registered new binding: Move Left - A
20:43:41.598 [JavaFX Application Thread] DEBUG Input                - Registered new binding: Move Up - W
20:43:41.598 [JavaFX Application Thread] DEBUG Input                - Registered new binding: Move Down - S
20:43:41.598 [JavaFX Application Thread] DEBUG AssetLoaderService   - Loading from file system: /assets/textures/fxgl_icon.png
20:43:41.613 [JavaFX Application Thread] DEBUG AssetLoaderService   - Loading from file system: /assets/ui/cursors/fxgl_default.png
20:43:41.614 [JavaFX Application Thread] DEBUG Input                - Registered new binding: Screenshot - P
20:43:41.615 [JavaFX Application Thread] DEBUG Input                - Registered new binding: System info dump - CTRL+9
20:43:41.615 [JavaFX Application Thread] DEBUG Input                - Registered new binding: Restart - CTRL+R
20:43:41.616 [JavaFX Application Thread] DEBUG LoopRunner           - Starting loop
20:43:41.630 [JavaFX Application Thread] DEBUG FXGLStartupScene     - STARTUP
20:43:41.631 [JavaFX Application Thread] DEBUG WindowService        - Starting new game
20:43:41.631 [JavaFX Application Thread] DEBUG Input                - Clearing active input actions
20:43:41.641 [JavaFX Application Thread] DEBUG WindowService        - Removing overlay from FXGLStartupScene and adding to FXGLLoadingScene
20:43:41.642 [JavaFX Application Thread] DEBUG MainWindow           - FXGLStartupScene -> FXGLLoadingScene
20:43:41.642 [JavaFX Application Thread] DEBUG WindowService        - Clearing previous game
20:43:41.642 [JavaFX Application Thread] DEBUG GameScene            - Clearing game scene
20:43:41.642 [JavaFX Application Thread] DEBUG GameWorld            - Clearing game world
20:43:41.642 [JavaFX Application Thread] DEBUG PhysicsWorld         - Clearing physics world
20:43:41.643 [FXGL Background Thread 1 ] DEBUG GameApplication      - Initializing game
20:43:41.648 [FXGL Background Thread 1 ] DEBUG AssetLoaderService   - Loading from file system: /assets/textures/topdownroad.jpg
20:43:41.658 [FXGL Background Thread 1 ] DEBUG AssetLoaderService   - Loading from file system: /assets/textures/player.png
20:43:41.665 [FXGL Background Thread 1 ] DEBUG AssetLoaderService   - Loading from file system: /assets/textures/driver.png
20:43:41.670 [FXGL Background Thread 1 ] INFO  GameApplication      - Game initialization took: 0.027 sec
20:43:41.671 [JavaFX Application Thread] DEBUG Input                - Clearing active input actions
20:43:41.678 [JavaFX Application Thread] DEBUG WindowService        - Removing overlay from FXGLLoadingScene and adding to GameScene
20:43:41.678 [JavaFX Application Thread] DEBUG MainWindow           - FXGLLoadingScene -> GameScene
20:43:44.530 [FXGL Background Thread 2 ] DEBUG Engine               - Logging environment variables
20:43:44.531 [FXGL Background Thread 2 ] DEBUG Engine               - achievements: []
20:43:44.531 [FXGL Background Thread 2 ] DEBUG Engine               - appIcon: fxgl_icon.png
20:43:44.532 [FXGL Background Thread 2 ] DEBUG Engine               - applicationMode: DEVELOPER
20:43:44.532 [FXGL Background Thread 2 ] DEBUG Engine               - cSSList: [fxgl_dark.css]
20:43:44.532 [FXGL Background Thread 2 ] DEBUG Engine               - configClass: Optional.empty
20:43:44.532 [FXGL Background Thread 2 ] DEBUG Engine               - credits: []
20:43:44.533 [FXGL Background Thread 2 ] DEBUG Engine               - devBBoxColorProperty: ObjectProperty [value: 0xff0000ff]
20:43:44.533 [FXGL Background Thread 2 ] DEBUG Engine               - devSensorColorProperty: ObjectProperty [value: 0xffff00ff]
20:43:44.534 [FXGL Background Thread 2 ] DEBUG Engine               - devShowBBoxProperty: BooleanProperty [value: false]
20:43:44.534 [FXGL Background Thread 2 ] DEBUG Engine               - devShowPositionProperty: BooleanProperty [value: false]
20:43:44.535 [FXGL Background Thread 2 ] DEBUG Engine               - enabledMenuItems: []
20:43:44.535 [FXGL Background Thread 2 ] DEBUG Engine               - engineServices: [class com.almasb.fxgl.app.GameApplication$GameApplicationService, class com.almasb.fxgl.app.services.WindowService, class com.almasb.fxgl.app.services.FXGLDialogService, class com.almasb.fxgl.app.services.IOTaskExecutorService, class com.almasb.fxgl.event.EventBusService, class com.almasb.fxgl.io.FileSystemService, class com.almasb.fxgl.localization.LocalizationService, class com.almasb.fxgl.app.services.AssetLoaderService, class com.almasb.fxgl.app.services.SystemBundleService, class com.almasb.fxgl.profile.SaveLoadService, class com.almasb.fxgl.ui.FXGLUIFactoryServiceProvider, class com.almasb.fxgl.ui.FXGLDialogFactoryServiceProvider, class com.almasb.fxgl.audio.AudioPlayer, class com.almasb.fxgl.notification.impl.NotificationServiceProvider, class com.almasb.fxgl.achievement.AchievementService, class com.almasb.fxgl.cutscene.CutsceneService, class com.almasb.fxgl.minigames.MiniGameService, class com.almasb.fxgl.net.NetService, class com.almasb.fxgl.app.services.UpdaterService, class com.almasb.fxgl.dev.DevService]
20:43:44.535 [FXGL Background Thread 2 ] DEBUG Engine               - fontGame: Abel-Regular.ttf
20:43:44.536 [FXGL Background Thread 2 ] DEBUG Engine               - fontMono: lucida_console.ttf
20:43:44.536 [FXGL Background Thread 2 ] DEBUG Engine               - fontText: Courier-Prime.ttf
20:43:44.536 [FXGL Background Thread 2 ] DEBUG Engine               - fontUI: VarelaRound-Regular.ttf
20:43:44.536 [FXGL Background Thread 2 ] DEBUG Engine               - fullScreen: BooleanProperty [value: false]
20:43:44.536 [FXGL Background Thread 2 ] DEBUG Engine               - gameDifficulty: MEDIUM
20:43:44.536 [FXGL Background Thread 2 ] DEBUG Engine               - gameDifficultyProperty: ObjectProperty [value: MEDIUM]
20:43:44.536 [FXGL Background Thread 2 ] DEBUG Engine               - globalMusicVolume: 0.5
20:43:44.536 [FXGL Background Thread 2 ] DEBUG Engine               - globalMusicVolumeProperty: DoubleProperty [value: 0.5]
20:43:44.536 [FXGL Background Thread 2 ] DEBUG Engine               - globalSoundVolume: 0.5
20:43:44.536 [FXGL Background Thread 2 ] DEBUG Engine               - globalSoundVolumeProperty: DoubleProperty [value: 0.5]
20:43:44.536 [FXGL Background Thread 2 ] DEBUG Engine               - height: 500
20:43:44.536 [FXGL Background Thread 2 ] DEBUG Engine               - isAndroid: false
20:43:44.536 [FXGL Background Thread 2 ] DEBUG Engine               - isBrowser: false
20:43:44.536 [FXGL Background Thread 2 ] DEBUG Engine               - isClickFeedbackEnabled: false
20:43:44.536 [FXGL Background Thread 2 ] DEBUG Engine               - isCloseConfirmation: false
20:43:44.536 [FXGL Background Thread 2 ] DEBUG Engine               - isDesktop: true
20:43:44.537 [FXGL Background Thread 2 ] DEBUG Engine               - isDeveloperMenuEnabled: false
20:43:44.537 [FXGL Background Thread 2 ] DEBUG Engine               - isExperimentalNative: false
20:43:44.537 [FXGL Background Thread 2 ] DEBUG Engine               - isExperimentalTiledLargeMap: false
20:43:44.537 [FXGL Background Thread 2 ] DEBUG Engine               - isFullScreenAllowed: false
20:43:44.537 [FXGL Background Thread 2 ] DEBUG Engine               - isFullScreenFromStart: false
20:43:44.537 [FXGL Background Thread 2 ] DEBUG Engine               - isGameMenuEnabled: true
20:43:44.537 [FXGL Background Thread 2 ] DEBUG Engine               - isIOS: false
20:43:44.537 [FXGL Background Thread 2 ] DEBUG Engine               - isIntroEnabled: false
20:43:44.537 [FXGL Background Thread 2 ] DEBUG Engine               - isLinux: false
20:43:44.537 [FXGL Background Thread 2 ] DEBUG Engine               - isMac: false
20:43:44.537 [FXGL Background Thread 2 ] DEBUG Engine               - isMainMenuEnabled: false
20:43:44.537 [FXGL Background Thread 2 ] DEBUG Engine               - isManualResizeEnabled: false
20:43:44.537 [FXGL Background Thread 2 ] DEBUG Engine               - isMobile: false
20:43:44.537 [FXGL Background Thread 2 ] DEBUG Engine               - isPreserveResizeRatio: false
20:43:44.537 [FXGL Background Thread 2 ] DEBUG Engine               - isProfilingEnabled: false
20:43:44.537 [FXGL Background Thread 2 ] DEBUG Engine               - isSingleStep: false
20:43:44.537 [FXGL Background Thread 2 ] DEBUG Engine               - isUserProfileEnabled: false
20:43:44.537 [FXGL Background Thread 2 ] DEBUG Engine               - isWindows: true
20:43:44.537 [FXGL Background Thread 2 ] DEBUG Engine               - language: ObjectProperty [value: ENGLISH]
20:43:44.537 [FXGL Background Thread 2 ] DEBUG Engine               - mainWindow: com.almasb.fxgl.app.MainWindow@6a6e0289
20:43:44.537 [FXGL Background Thread 2 ] DEBUG Engine               - menuKey: ESCAPE
20:43:44.538 [FXGL Background Thread 2 ] DEBUG Engine               - notificationViewClass: class com.almasb.fxgl.notification.view.XboxNotificationView
20:43:44.538 [FXGL Background Thread 2 ] DEBUG Engine               - pixelsPerMeter: 50.0
20:43:44.538 [FXGL Background Thread 2 ] DEBUG Engine               - platform: WINDOWS
20:43:44.538 [FXGL Background Thread 2 ] DEBUG Engine               - profileDir: profiles/
20:43:44.538 [FXGL Background Thread 2 ] DEBUG Engine               - profileName: StringProperty [value: DEFAULT]
20:43:44.538 [FXGL Background Thread 2 ] DEBUG Engine               - randomSeed: -1
20:43:44.538 [FXGL Background Thread 2 ] DEBUG Engine               - runtimeInfo: RuntimeInfo(platform=WINDOWS, version=11.9, build=27.05.2020 17.06)
20:43:44.538 [FXGL Background Thread 2 ] DEBUG Engine               - saveFileExt: sav
20:43:44.538 [FXGL Background Thread 2 ] DEBUG Engine               - sceneFactory: com.almasb.fxgl.app.scene.SceneFactory@2f6c81a0
20:43:44.538 [FXGL Background Thread 2 ] DEBUG Engine               - secondsIn24h: 60
20:43:44.538 [FXGL Background Thread 2 ] DEBUG Engine               - settings: Title: Newfoundland Moose Collision
Version: 0.1
Width: 700
Height: 500
Fullscreen: false
Intro: false
Profiling: false
Single step:false
App Mode: DEVELOPER
Menu Key: ESCAPE
Stage Style: DECORATED
Scene Factory: class com.almasb.fxgl.app.scene.SceneFactory

20:43:44.538 [FXGL Background Thread 2 ] DEBUG Engine               - soundMenuBack: menu/back.wav
20:43:44.538 [FXGL Background Thread 2 ] DEBUG Engine               - soundMenuPress: menu/press.wav
20:43:44.538 [FXGL Background Thread 2 ] DEBUG Engine               - soundMenuSelect: menu/select.wav
20:43:44.538 [FXGL Background Thread 2 ] DEBUG Engine               - soundNotification: core/notification.wav
20:43:44.538 [FXGL Background Thread 2 ] DEBUG Engine               - stageStyle: DECORATED
20:43:44.538 [FXGL Background Thread 2 ] DEBUG Engine               - supportedLanguages: [ENGLISH, FRENCH, GERMAN, HUNGARIAN, RUSSIAN]
20:43:44.538 [FXGL Background Thread 2 ] DEBUG Engine               - title: Newfoundland Moose Collision
20:43:44.538 [FXGL Background Thread 2 ] DEBUG Engine               - urlGithub: https://github.com/AlmasB/FXGL
20:43:44.538 [FXGL Background Thread 2 ] DEBUG Engine               - urlLeaderboard: http://fxgl-top.herokuapp.com/
20:43:44.538 [FXGL Background Thread 2 ] DEBUG Engine               - urlPOM: https://raw.githubusercontent.com/AlmasB/FXGL/master/pom.xml
20:43:44.539 [FXGL Background Thread 2 ] DEBUG Engine               - version: 0.1
20:43:44.539 [FXGL Background Thread 2 ] DEBUG Engine               - versionCheckDays: 7
20:43:44.539 [FXGL Background Thread 2 ] DEBUG Engine               - width: 700
20:43:44.539 [FXGL Background Thread 2 ] DEBUG Engine               - Logging services
20:43:44.539 [FXGL Background Thread 2 ] DEBUG Engine               - class com.almasb.fxgl.app.GameApplication$GameApplicationService
20:43:44.539 [FXGL Background Thread 2 ] DEBUG Engine               - class com.almasb.fxgl.app.services.WindowService
20:43:44.539 [FXGL Background Thread 2 ] DEBUG Engine               - class com.almasb.fxgl.app.services.FXGLDialogService
20:43:44.539 [FXGL Background Thread 2 ] DEBUG Engine               - class com.almasb.fxgl.app.services.IOTaskExecutorService
20:43:44.539 [FXGL Background Thread 2 ] DEBUG Engine               - class com.almasb.fxgl.event.EventBusService
20:43:44.539 [FXGL Background Thread 2 ] DEBUG Engine               - class com.almasb.fxgl.io.FileSystemService
20:43:44.539 [FXGL Background Thread 2 ] DEBUG Engine               - class com.almasb.fxgl.localization.LocalizationService
20:43:44.539 [FXGL Background Thread 2 ] DEBUG Engine               - class com.almasb.fxgl.app.services.AssetLoaderService
20:43:44.539 [FXGL Background Thread 2 ] DEBUG Engine               - class com.almasb.fxgl.app.services.SystemBundleService
20:43:44.539 [FXGL Background Thread 2 ] DEBUG Engine               - class com.almasb.fxgl.profile.SaveLoadService
20:43:44.539 [FXGL Background Thread 2 ] DEBUG Engine               - class com.almasb.fxgl.ui.FXGLUIFactoryServiceProvider
20:43:44.539 [FXGL Background Thread 2 ] DEBUG Engine               - class com.almasb.fxgl.ui.FXGLDialogFactoryServiceProvider
20:43:44.540 [FXGL Background Thread 2 ] DEBUG Engine               - class com.almasb.fxgl.audio.AudioPlayer
20:43:44.540 [FXGL Background Thread 2 ] DEBUG Engine               - class com.almasb.fxgl.notification.impl.NotificationServiceProvider
20:43:44.540 [FXGL Background Thread 2 ] DEBUG Engine               - class com.almasb.fxgl.achievement.AchievementService
20:43:44.540 [FXGL Background Thread 2 ] DEBUG Engine               - class com.almasb.fxgl.cutscene.CutsceneService
20:43:44.540 [FXGL Background Thread 2 ] DEBUG Engine               - class com.almasb.fxgl.minigames.MiniGameService
20:43:44.540 [FXGL Background Thread 2 ] DEBUG Engine               - class com.almasb.fxgl.net.NetService
20:43:44.540 [FXGL Background Thread 2 ] DEBUG Engine               - class com.almasb.fxgl.app.services.UpdaterService
20:43:44.540 [FXGL Background Thread 2 ] DEBUG Engine               - class com.almasb.fxgl.dev.DevService
20:43:45.149 [JavaFX Application Thread] DEBUG GameApplication      - Exiting FXGL
20:43:45.149 [JavaFX Application Thread] DEBUG LoopRunner           - Stopping loop
20:43:45.149 [JavaFX Application Thread] DEBUG SystemBundleService  - Saving FXGL system data
20:43:45.151 [JavaFX Application Thread] DEBUG FileSystemAccess     - Writing to: E:\secondYear\Java\NewfoundlandRacer\system\fxgl.bundle
20:43:45.152 [JavaFX Application Thread] DEBUG GameApplication      - Shutting down background threads
20:43:45.152 [JavaFX Application Thread] DEBUG GameApplication      - Closing logger and exiting JavaFX
