15:00:45.933 [main                     ] DEBUG GameApplication      - Logger initialized
15:00:45.937 [main                     ] DEBUG GameApplication      - Logging settings
Title: Newfoundland Moose Collision
Version: 0.1
Width: 840
Height: 650
Fullscreen: false
Intro: false
Profiling: false
Single step:false
App Mode: DEVELOPER
Menu Key: ESCAPE
Stage Style: DECORATED
Scene Factory: class MooseGame.NewfoundRacerApp$1

15:00:46.343 [JavaFX Application Thread] DEBUG GameApplication      - Initializing FXGL
15:00:46.357 [JavaFX Application Thread] INFO  Engine               - FXGL-11.9 (27.05.2020 17.06) on WINDOWS (J:14.0.1 FX:13.0.2)
15:00:46.357 [JavaFX Application Thread] DEBUG Engine               - JRE Vendor Name: Oracle Corporation
15:00:46.357 [JavaFX Application Thread] DEBUG Engine               - Running on OS: Windows 10 version 10.0
15:00:46.357 [JavaFX Application Thread] DEBUG Engine               - Architecture: amd64
15:00:46.357 [JavaFX Application Thread] INFO  Engine               - Source code and latest versions at: https://github.com/AlmasB/FXGL
15:00:46.357 [JavaFX Application Thread] INFO  Engine               -              Join the FXGL chat at: https://gitter.im/AlmasB/FXGL
15:00:46.469 [JavaFX Application Thread] DEBUG MainWindow           - Creating a JavaFX scene
15:00:46.512 [JavaFX Application Thread] DEBUG MainWindow           - Target settings size: 840.0 x 650.0
15:00:46.512 [JavaFX Application Thread] DEBUG MainWindow           - Scaled scene size:    840.0 x 650.0
15:00:46.512 [JavaFX Application Thread] DEBUG MainWindow           - Scaled ratio: (1.0, 1.0)
15:00:46.514 [JavaFX Application Thread] DEBUG MainWindow           - Set initial scene to FXGLStartupScene
15:00:46.520 [JavaFX Application Thread] DEBUG MainWindow           - Opening main window
15:00:46.599 [JavaFX Application Thread] DEBUG MainWindow           - Window border size: (16.0, 39.0)
15:00:46.599 [JavaFX Application Thread] DEBUG MainWindow           - Scaled size: 840.0 x 650.0
15:00:46.599 [JavaFX Application Thread] DEBUG MainWindow           - Scaled ratio: (1.0, 1.0)
15:00:46.599 [JavaFX Application Thread] DEBUG MainWindow           - Scene size: 840.0 x 650.0
15:00:46.600 [JavaFX Application Thread] DEBUG MainWindow           - Stage size: 856.0 x 689.0
15:00:46.606 [FXGL Background Thread 1 ] DEBUG Engine               - Initializing environment variables
15:00:46.627 [FXGL Background Thread 1 ] DEBUG WindowService        - Applying CSS: fxgl_dark.css
15:00:46.628 [FXGL Background Thread 1 ] DEBUG AssetLoaderService   - Loading from file system: /assets/ui/css/fxgl_dark.css
15:00:46.664 [FXGL Background Thread 1 ] DEBUG WindowService        - Initializing application scenes
15:00:46.691 [FXGL Background Thread 1 ] DEBUG GameWorld            - Game world initialized
15:00:46.727 [FXGL Background Thread 1 ] DEBUG PhysicsWorld         - Physics world initialized: appHeight=650, physics.ppm=50.0
15:00:46.729 [FXGL Background Thread 1 ] DEBUG GameScene            - Game scene initialized: 840x650
15:00:46.754 [FXGL Background Thread 1 ] DEBUG AssetLoaderService   - Loading from file system: /assets/textures/particles/trace_horizontal.png
15:00:46.796 [FXGL Background Thread 1 ] DEBUG FXGL.DefaultMenu     - createMenuBodyGameMenu()
15:00:46.810 [FXGL Background Thread 1 ] DEBUG FXGL.DefaultMenu     - createOptionsMenu()
15:00:46.813 [FXGL Background Thread 1 ] DEBUG AssetLoaderService   - Loading from file system: /assets/textures/particles/smoke.png
15:00:46.850 [FXGL Background Thread 1 ] DEBUG WindowService        - Application scenes initialized
15:00:46.859 [FXGL Background Thread 1 ] DEBUG SystemBundleService  - Loading FXGL system data
15:00:46.862 [FXGL Background Thread 1 ] DEBUG FileSystemAccess     - Reading from: E:\secondYear\Java\NewfoundlandRacer\system\fxgl.bundle
15:00:46.865 [FXGL Background Thread 1 ] DEBUG SystemBundleService  - Bundle FXGL: {}
15:00:46.866 [FXGL Background Thread 1 ] INFO  Engine               - FXGL initialization took: 0.258 sec
15:00:46.867 [FXGL Background Thread 1 ] DEBUG GameApplication      - Loading localizations
15:00:46.868 [FXGL Background Thread 1 ] DEBUG AssetLoaderService   - Loading from file system: /assets/languages/english.lang
15:00:46.875 [FXGL Background Thread 1 ] DEBUG AssetLoaderService   - Loading from file system: /assets/languages/french.lang
15:00:46.877 [FXGL Background Thread 1 ] DEBUG AssetLoaderService   - Loading from file system: /assets/languages/german.lang
15:00:46.878 [FXGL Background Thread 1 ] DEBUG AssetLoaderService   - Loading from file system: /assets/languages/hungarian.lang
15:00:46.880 [FXGL Background Thread 1 ] DEBUG AssetLoaderService   - Loading from file system: /assets/languages/russian.lang
15:00:46.881 [FXGL Background Thread 1 ] DEBUG GameApplication      - Registering font factories with UI factory
15:00:46.881 [FXGL Background Thread 1 ] DEBUG AssetLoaderService   - Loading from file system: /assets/ui/fonts/VarelaRound-Regular.ttf
15:00:46.912 [FXGL Background Thread 1 ] DEBUG AssetLoaderService   - Loading from file system: /assets/ui/fonts/Abel-Regular.ttf
15:00:46.915 [FXGL Background Thread 1 ] DEBUG AssetLoaderService   - Loading from file system: /assets/ui/fonts/lucida_console.ttf
15:00:46.919 [FXGL Background Thread 1 ] DEBUG AssetLoaderService   - Loading from file system: /assets/ui/fonts/Courier-Prime.ttf
15:00:46.928 [JavaFX Application Thread] DEBUG Input                - Registered new binding: Move Right - D
15:00:46.928 [JavaFX Application Thread] DEBUG Input                - Registered new binding: Move Left - A
15:00:46.929 [JavaFX Application Thread] DEBUG Input                - Registered new binding: Move Up - W
15:00:46.929 [JavaFX Application Thread] DEBUG Input                - Registered new binding: Move Down - S
15:00:46.929 [JavaFX Application Thread] DEBUG AssetLoaderService   - Loading from file system: /assets/textures/fxgl_icon.png
15:00:46.942 [JavaFX Application Thread] DEBUG AssetLoaderService   - Loading from file system: /assets/ui/cursors/fxgl_default.png
15:00:46.943 [JavaFX Application Thread] DEBUG Input                - Registered new binding: Screenshot - P
15:00:46.944 [JavaFX Application Thread] DEBUG Input                - Registered new binding: System info dump - CTRL+9
15:00:46.944 [JavaFX Application Thread] DEBUG Input                - Registered new binding: Restart - CTRL+R
15:00:46.945 [JavaFX Application Thread] DEBUG LoopRunner           - Starting loop
15:00:46.959 [JavaFX Application Thread] DEBUG FXGLStartupScene     - STARTUP
15:00:46.960 [JavaFX Application Thread] DEBUG Input                - Clearing active input actions
15:00:46.965 [JavaFX Application Thread] DEBUG WindowService        - Removing overlay from FXGLStartupScene and adding to 
15:00:46.965 [JavaFX Application Thread] DEBUG MainWindow           - FXGLStartupScene -> 
15:00:46.965 [JavaFX Application Thread] DEBUG MainWindow           - Push state: NewfoundlandRacerMainMenu
15:00:46.966 [JavaFX Application Thread] DEBUG Input                - Clearing active input actions
15:00:46.970 [JavaFX Application Thread] DEBUG WindowService        - Removing overlay from  and adding to NewfoundlandRacerMainMenu
15:00:46.971 [JavaFX Application Thread] DEBUG MainWindow           -  -> NewfoundlandRacerMainMenu
15:00:48.226 [JavaFX Application Thread] DEBUG Menu                 - fireNewGame()
15:00:48.226 [JavaFX Application Thread] DEBUG WindowService        - Starting new game
15:00:48.226 [JavaFX Application Thread] DEBUG MainWindow           - Pop state: NewfoundlandRacerMainMenu
15:00:48.226 [JavaFX Application Thread] DEBUG Input                - Clearing active input actions
15:00:48.226 [JavaFX Application Thread] DEBUG WindowService        - Removing overlay from NewfoundlandRacerMainMenu and adding to 
15:00:48.227 [JavaFX Application Thread] DEBUG MainWindow           -  <- NewfoundlandRacerMainMenu
15:00:48.227 [JavaFX Application Thread] DEBUG Input                - Clearing active input actions
15:00:48.233 [JavaFX Application Thread] DEBUG WindowService        - Removing overlay from  and adding to FXGLLoadingScene
15:00:48.233 [JavaFX Application Thread] DEBUG MainWindow           -  -> FXGLLoadingScene
15:00:48.233 [JavaFX Application Thread] DEBUG WindowService        - Clearing previous game
15:00:48.233 [JavaFX Application Thread] DEBUG GameScene            - Clearing game scene
15:00:48.233 [JavaFX Application Thread] DEBUG GameWorld            - Clearing game world
15:00:48.233 [JavaFX Application Thread] DEBUG PhysicsWorld         - Clearing physics world
15:00:48.235 [FXGL Background Thread 1 ] DEBUG GameApplication      - Initializing game
15:00:48.241 [FXGL Background Thread 1 ] DEBUG AssetLoaderService   - Loading from file system: /assets/textures/4lanehighway.png
15:00:48.304 [FXGL Background Thread 1 ] DEBUG AssetLoaderService   - Loading from file system: /assets/textures/player.png
15:00:48.316 [FXGL Background Thread 1 ] INFO  GameApplication      - Game initialization took: 0.081 sec
15:00:48.319 [JavaFX Application Thread] DEBUG Input                - Clearing active input actions
15:00:48.325 [JavaFX Application Thread] DEBUG WindowService        - Removing overlay from FXGLLoadingScene and adding to GameScene
15:00:48.325 [JavaFX Application Thread] DEBUG MainWindow           - FXGLLoadingScene -> GameScene
15:00:48.794 [JavaFX Application Thread] DEBUG AssetLoaderService   - Loading from file system: /assets/textures/driver1.png
15:00:49.259 [JavaFX Application Thread] DEBUG AssetLoaderService   - Loading from file system: /assets/textures/driver2.png
15:00:49.726 [JavaFX Application Thread] DEBUG GameApplication      - Exiting FXGL
15:00:49.726 [JavaFX Application Thread] DEBUG LoopRunner           - Stopping loop
15:00:49.726 [JavaFX Application Thread] DEBUG SystemBundleService  - Saving FXGL system data
15:00:49.728 [JavaFX Application Thread] DEBUG FileSystemAccess     - Writing to: E:\secondYear\Java\NewfoundlandRacer\system\fxgl.bundle
15:00:49.729 [JavaFX Application Thread] DEBUG GameApplication      - Shutting down background threads
15:00:49.729 [JavaFX Application Thread] DEBUG GameApplication      - Closing logger and exiting JavaFX
