17:02:02.261 [main                     ] DEBUG GameApplication      - Logger initialized
17:02:02.265 [main                     ] DEBUG GameApplication      - Logging settings
Title: Newfoundland Moose Collision
Version: 0.1
Width: 840
Height: 650
Fullscreen: false
Intro: false
Profiling: false
Single step:false
App Mode: DEVELOPER
Menu Key: ESCAPE
Stage Style: DECORATED
Scene Factory: class com.almasb.fxgl.app.scene.SceneFactory

17:02:02.677 [JavaFX Application Thread] DEBUG GameApplication      - Initializing FXGL
17:02:02.691 [JavaFX Application Thread] INFO  Engine               - FXGL-11.9 (27.05.2020 17.06) on WINDOWS (J:14.0.1 FX:13.0.2)
17:02:02.691 [JavaFX Application Thread] DEBUG Engine               - JRE Vendor Name: Oracle Corporation
17:02:02.692 [JavaFX Application Thread] DEBUG Engine               - Running on OS: Windows 10 version 10.0
17:02:02.692 [JavaFX Application Thread] DEBUG Engine               - Architecture: amd64
17:02:02.692 [JavaFX Application Thread] INFO  Engine               - Source code and latest versions at: https://github.com/AlmasB/FXGL
17:02:02.692 [JavaFX Application Thread] INFO  Engine               -              Join the FXGL chat at: https://gitter.im/AlmasB/FXGL
17:02:02.812 [JavaFX Application Thread] DEBUG MainWindow           - Creating a JavaFX scene
17:02:02.858 [JavaFX Application Thread] DEBUG MainWindow           - Target settings size: 840.0 x 650.0
17:02:02.858 [JavaFX Application Thread] DEBUG MainWindow           - Scaled scene size:    840.0 x 650.0
17:02:02.858 [JavaFX Application Thread] DEBUG MainWindow           - Scaled ratio: (1.0, 1.0)
17:02:02.860 [JavaFX Application Thread] DEBUG MainWindow           - Set initial scene to FXGLStartupScene
17:02:02.866 [JavaFX Application Thread] DEBUG MainWindow           - Opening main window
17:02:02.944 [JavaFX Application Thread] DEBUG MainWindow           - Window border size: (16.0, 39.0)
17:02:02.944 [JavaFX Application Thread] DEBUG MainWindow           - Scaled size: 840.0 x 650.0
17:02:02.944 [JavaFX Application Thread] DEBUG MainWindow           - Scaled ratio: (1.0, 1.0)
17:02:02.944 [JavaFX Application Thread] DEBUG MainWindow           - Scene size: 840.0 x 650.0
17:02:02.944 [JavaFX Application Thread] DEBUG MainWindow           - Stage size: 856.0 x 689.0
17:02:02.950 [FXGL Background Thread 1 ] DEBUG Engine               - Initializing environment variables
17:02:02.970 [FXGL Background Thread 1 ] DEBUG WindowService        - Applying CSS: fxgl_dark.css
17:02:02.970 [FXGL Background Thread 1 ] DEBUG AssetLoaderService   - Loading from file system: /assets/ui/css/fxgl_dark.css
17:02:03.004 [FXGL Background Thread 1 ] DEBUG WindowService        - Initializing application scenes
17:02:03.033 [FXGL Background Thread 1 ] DEBUG GameWorld            - Game world initialized
17:02:03.069 [FXGL Background Thread 1 ] DEBUG PhysicsWorld         - Physics world initialized: appHeight=650, physics.ppm=50.0
17:02:03.072 [FXGL Background Thread 1 ] DEBUG GameScene            - Game scene initialized: 840x650
17:02:03.096 [FXGL Background Thread 1 ] DEBUG AssetLoaderService   - Loading from file system: /assets/textures/particles/trace_horizontal.png
17:02:03.140 [FXGL Background Thread 1 ] DEBUG FXGL.DefaultMenu     - createMenuBodyGameMenu()
17:02:03.155 [FXGL Background Thread 1 ] DEBUG FXGL.DefaultMenu     - createOptionsMenu()
17:02:03.159 [FXGL Background Thread 1 ] DEBUG AssetLoaderService   - Loading from file system: /assets/textures/particles/smoke.png
17:02:03.197 [FXGL Background Thread 1 ] DEBUG WindowService        - Application scenes initialized
17:02:03.206 [FXGL Background Thread 1 ] DEBUG SystemBundleService  - Loading FXGL system data
17:02:03.209 [FXGL Background Thread 1 ] DEBUG FileSystemAccess     - Reading from: E:\secondYear\Java\NewfoundlandRacer\system\fxgl.bundle
17:02:03.213 [FXGL Background Thread 1 ] DEBUG SystemBundleService  - Bundle FXGL: {}
17:02:03.213 [FXGL Background Thread 1 ] INFO  Engine               - FXGL initialization took: 0.261 sec
17:02:03.214 [FXGL Background Thread 1 ] DEBUG GameApplication      - Loading localizations
17:02:03.215 [FXGL Background Thread 1 ] DEBUG AssetLoaderService   - Loading from file system: /assets/languages/english.lang
17:02:03.222 [FXGL Background Thread 1 ] DEBUG AssetLoaderService   - Loading from file system: /assets/languages/french.lang
17:02:03.224 [FXGL Background Thread 1 ] DEBUG AssetLoaderService   - Loading from file system: /assets/languages/german.lang
17:02:03.225 [FXGL Background Thread 1 ] DEBUG AssetLoaderService   - Loading from file system: /assets/languages/hungarian.lang
17:02:03.227 [FXGL Background Thread 1 ] DEBUG AssetLoaderService   - Loading from file system: /assets/languages/russian.lang
17:02:03.228 [FXGL Background Thread 1 ] DEBUG GameApplication      - Registering font factories with UI factory
17:02:03.229 [FXGL Background Thread 1 ] DEBUG AssetLoaderService   - Loading from file system: /assets/ui/fonts/VarelaRound-Regular.ttf
17:02:03.261 [FXGL Background Thread 1 ] DEBUG AssetLoaderService   - Loading from file system: /assets/ui/fonts/Abel-Regular.ttf
17:02:03.264 [FXGL Background Thread 1 ] DEBUG AssetLoaderService   - Loading from file system: /assets/ui/fonts/lucida_console.ttf
17:02:03.267 [FXGL Background Thread 1 ] DEBUG AssetLoaderService   - Loading from file system: /assets/ui/fonts/Courier-Prime.ttf
17:02:03.276 [JavaFX Application Thread] DEBUG Input                - Registered new binding: Move Right - D
17:02:03.276 [JavaFX Application Thread] DEBUG Input                - Registered new binding: Move Left - A
17:02:03.277 [JavaFX Application Thread] DEBUG Input                - Registered new binding: Move Up - W
17:02:03.277 [JavaFX Application Thread] DEBUG Input                - Registered new binding: Move Down - S
17:02:03.277 [JavaFX Application Thread] DEBUG AssetLoaderService   - Loading from file system: /assets/textures/fxgl_icon.png
17:02:03.289 [JavaFX Application Thread] DEBUG AssetLoaderService   - Loading from file system: /assets/ui/cursors/fxgl_default.png
17:02:03.291 [JavaFX Application Thread] DEBUG Input                - Registered new binding: Screenshot - P
17:02:03.292 [JavaFX Application Thread] DEBUG Input                - Registered new binding: System info dump - CTRL+9
17:02:03.292 [JavaFX Application Thread] DEBUG Input                - Registered new binding: Restart - CTRL+R
17:02:03.293 [JavaFX Application Thread] DEBUG LoopRunner           - Starting loop
17:02:03.306 [JavaFX Application Thread] DEBUG FXGLStartupScene     - STARTUP
17:02:03.306 [JavaFX Application Thread] DEBUG WindowService        - Starting new game
17:02:03.307 [JavaFX Application Thread] DEBUG Input                - Clearing active input actions
17:02:03.315 [JavaFX Application Thread] DEBUG WindowService        - Removing overlay from FXGLStartupScene and adding to FXGLLoadingScene
17:02:03.316 [JavaFX Application Thread] DEBUG MainWindow           - FXGLStartupScene -> FXGLLoadingScene
17:02:03.316 [JavaFX Application Thread] DEBUG WindowService        - Clearing previous game
17:02:03.316 [JavaFX Application Thread] DEBUG GameScene            - Clearing game scene
17:02:03.316 [JavaFX Application Thread] DEBUG GameWorld            - Clearing game world
17:02:03.316 [JavaFX Application Thread] DEBUG PhysicsWorld         - Clearing physics world
17:02:03.317 [FXGL Background Thread 1 ] DEBUG GameApplication      - Initializing game
17:02:03.324 [FXGL Background Thread 1 ] DEBUG AssetLoaderService   - Loading from file system: /assets/textures/4lanehighway.png
17:02:03.394 [FXGL Background Thread 1 ] DEBUG AssetLoaderService   - Loading from file system: /assets/textures/player.png
17:02:03.404 [FXGL Background Thread 1 ] DEBUG AssetLoaderService   - Loading from file system: /assets/textures/coin.png
17:02:03.417 [FXGL Background Thread 1 ] INFO  GameApplication      - Game initialization took: 0.099 sec
17:02:03.418 [JavaFX Application Thread] DEBUG Input                - Clearing active input actions
17:02:03.426 [JavaFX Application Thread] DEBUG WindowService        - Removing overlay from FXGLLoadingScene and adding to GameScene
17:02:03.426 [JavaFX Application Thread] DEBUG MainWindow           - FXGLLoadingScene -> GameScene
17:02:05.414 [JavaFX Application Thread] DEBUG AssetLoaderService   - Loading from file system: /assets/textures/driver.png
17:02:06.215 [FXGL Background Thread 2 ] DEBUG Engine               - Logging environment variables
17:02:06.215 [FXGL Background Thread 2 ] DEBUG Engine               - achievements: []
17:02:06.215 [FXGL Background Thread 2 ] DEBUG Engine               - appIcon: fxgl_icon.png
17:02:06.215 [FXGL Background Thread 2 ] DEBUG Engine               - applicationMode: DEVELOPER
17:02:06.215 [FXGL Background Thread 2 ] DEBUG Engine               - cSSList: [fxgl_dark.css]
17:02:06.215 [FXGL Background Thread 2 ] DEBUG Engine               - configClass: Optional.empty
17:02:06.215 [FXGL Background Thread 2 ] DEBUG Engine               - credits: []
17:02:06.215 [FXGL Background Thread 2 ] DEBUG Engine               - devBBoxColorProperty: ObjectProperty [value: 0xff0000ff]
17:02:06.215 [FXGL Background Thread 2 ] DEBUG Engine               - devSensorColorProperty: ObjectProperty [value: 0xffff00ff]
17:02:06.215 [FXGL Background Thread 2 ] DEBUG Engine               - devShowBBoxProperty: BooleanProperty [value: false]
17:02:06.216 [FXGL Background Thread 2 ] DEBUG Engine               - devShowPositionProperty: BooleanProperty [value: false]
17:02:06.216 [FXGL Background Thread 2 ] DEBUG Engine               - enabledMenuItems: []
17:02:06.216 [FXGL Background Thread 2 ] DEBUG Engine               - engineServices: [class com.almasb.fxgl.app.GameApplication$GameApplicationService, class com.almasb.fxgl.app.services.WindowService, class com.almasb.fxgl.app.services.FXGLDialogService, class com.almasb.fxgl.app.services.IOTaskExecutorService, class com.almasb.fxgl.event.EventBusService, class com.almasb.fxgl.io.FileSystemService, class com.almasb.fxgl.localization.LocalizationService, class com.almasb.fxgl.app.services.AssetLoaderService, class com.almasb.fxgl.app.services.SystemBundleService, class com.almasb.fxgl.profile.SaveLoadService, class com.almasb.fxgl.ui.FXGLUIFactoryServiceProvider, class com.almasb.fxgl.ui.FXGLDialogFactoryServiceProvider, class com.almasb.fxgl.audio.AudioPlayer, class com.almasb.fxgl.notification.impl.NotificationServiceProvider, class com.almasb.fxgl.achievement.AchievementService, class com.almasb.fxgl.cutscene.CutsceneService, class com.almasb.fxgl.minigames.MiniGameService, class com.almasb.fxgl.net.NetService, class com.almasb.fxgl.app.services.UpdaterService, class com.almasb.fxgl.dev.DevService]
17:02:06.216 [FXGL Background Thread 2 ] DEBUG Engine               - fontGame: Abel-Regular.ttf
17:02:06.216 [FXGL Background Thread 2 ] DEBUG Engine               - fontMono: lucida_console.ttf
17:02:06.216 [FXGL Background Thread 2 ] DEBUG Engine               - fontText: Courier-Prime.ttf
17:02:06.216 [FXGL Background Thread 2 ] DEBUG Engine               - fontUI: VarelaRound-Regular.ttf
17:02:06.216 [FXGL Background Thread 2 ] DEBUG Engine               - fullScreen: BooleanProperty [value: false]
17:02:06.216 [FXGL Background Thread 2 ] DEBUG Engine               - gameDifficulty: MEDIUM
17:02:06.216 [FXGL Background Thread 2 ] DEBUG Engine               - gameDifficultyProperty: ObjectProperty [value: MEDIUM]
17:02:06.216 [FXGL Background Thread 2 ] DEBUG Engine               - globalMusicVolume: 0.5
17:02:06.216 [FXGL Background Thread 2 ] DEBUG Engine               - globalMusicVolumeProperty: DoubleProperty [value: 0.5]
17:02:06.216 [FXGL Background Thread 2 ] DEBUG Engine               - globalSoundVolume: 0.5
17:02:06.216 [FXGL Background Thread 2 ] DEBUG Engine               - globalSoundVolumeProperty: DoubleProperty [value: 0.5]
17:02:06.217 [FXGL Background Thread 2 ] DEBUG Engine               - height: 650
17:02:06.217 [FXGL Background Thread 2 ] DEBUG Engine               - isAndroid: false
17:02:06.217 [FXGL Background Thread 2 ] DEBUG Engine               - isBrowser: false
17:02:06.217 [FXGL Background Thread 2 ] DEBUG Engine               - isClickFeedbackEnabled: false
17:02:06.217 [FXGL Background Thread 2 ] DEBUG Engine               - isCloseConfirmation: false
17:02:06.217 [FXGL Background Thread 2 ] DEBUG Engine               - isDesktop: true
17:02:06.217 [FXGL Background Thread 2 ] DEBUG Engine               - isDeveloperMenuEnabled: false
17:02:06.217 [FXGL Background Thread 2 ] DEBUG Engine               - isExperimentalNative: false
17:02:06.217 [FXGL Background Thread 2 ] DEBUG Engine               - isExperimentalTiledLargeMap: false
17:02:06.217 [FXGL Background Thread 2 ] DEBUG Engine               - isFullScreenAllowed: false
17:02:06.217 [FXGL Background Thread 2 ] DEBUG Engine               - isFullScreenFromStart: false
17:02:06.217 [FXGL Background Thread 2 ] DEBUG Engine               - isGameMenuEnabled: true
17:02:06.217 [FXGL Background Thread 2 ] DEBUG Engine               - isIOS: false
17:02:06.217 [FXGL Background Thread 2 ] DEBUG Engine               - isIntroEnabled: false
17:02:06.217 [FXGL Background Thread 2 ] DEBUG Engine               - isLinux: false
17:02:06.217 [FXGL Background Thread 2 ] DEBUG Engine               - isMac: false
17:02:06.217 [FXGL Background Thread 2 ] DEBUG Engine               - isMainMenuEnabled: false
17:02:06.218 [FXGL Background Thread 2 ] DEBUG Engine               - isManualResizeEnabled: false
17:02:06.218 [FXGL Background Thread 2 ] DEBUG Engine               - isMobile: false
17:02:06.218 [FXGL Background Thread 2 ] DEBUG Engine               - isPreserveResizeRatio: false
17:02:06.218 [FXGL Background Thread 2 ] DEBUG Engine               - isProfilingEnabled: false
17:02:06.218 [FXGL Background Thread 2 ] DEBUG Engine               - isSingleStep: false
17:02:06.218 [FXGL Background Thread 2 ] DEBUG Engine               - isUserProfileEnabled: false
17:02:06.218 [FXGL Background Thread 2 ] DEBUG Engine               - isWindows: true
17:02:06.218 [FXGL Background Thread 2 ] DEBUG Engine               - language: ObjectProperty [value: ENGLISH]
17:02:06.218 [FXGL Background Thread 2 ] DEBUG Engine               - mainWindow: com.almasb.fxgl.app.MainWindow@691b72a9
17:02:06.218 [FXGL Background Thread 2 ] DEBUG Engine               - menuKey: ESCAPE
17:02:06.218 [FXGL Background Thread 2 ] DEBUG Engine               - notificationViewClass: class com.almasb.fxgl.notification.view.XboxNotificationView
17:02:06.218 [FXGL Background Thread 2 ] DEBUG Engine               - pixelsPerMeter: 50.0
17:02:06.218 [FXGL Background Thread 2 ] DEBUG Engine               - platform: WINDOWS
17:02:06.218 [FXGL Background Thread 2 ] DEBUG Engine               - profileDir: profiles/
17:02:06.218 [FXGL Background Thread 2 ] DEBUG Engine               - profileName: StringProperty [value: DEFAULT]
17:02:06.218 [FXGL Background Thread 2 ] DEBUG Engine               - randomSeed: -1
17:02:06.218 [FXGL Background Thread 2 ] DEBUG Engine               - runtimeInfo: RuntimeInfo(platform=WINDOWS, version=11.9, build=27.05.2020 17.06)
17:02:06.218 [FXGL Background Thread 2 ] DEBUG Engine               - saveFileExt: sav
17:02:06.219 [FXGL Background Thread 2 ] DEBUG Engine               - sceneFactory: com.almasb.fxgl.app.scene.SceneFactory@2c19f1ee
17:02:06.219 [FXGL Background Thread 2 ] DEBUG Engine               - secondsIn24h: 60
17:02:06.219 [FXGL Background Thread 2 ] DEBUG Engine               - settings: Title: Newfoundland Moose Collision
Version: 0.1
Width: 840
Height: 650
Fullscreen: false
Intro: false
Profiling: false
Single step:false
App Mode: DEVELOPER
Menu Key: ESCAPE
Stage Style: DECORATED
Scene Factory: class com.almasb.fxgl.app.scene.SceneFactory

17:02:06.219 [FXGL Background Thread 2 ] DEBUG Engine               - soundMenuBack: menu/back.wav
17:02:06.219 [FXGL Background Thread 2 ] DEBUG Engine               - soundMenuPress: menu/press.wav
17:02:06.219 [FXGL Background Thread 2 ] DEBUG Engine               - soundMenuSelect: menu/select.wav
17:02:06.219 [FXGL Background Thread 2 ] DEBUG Engine               - soundNotification: core/notification.wav
17:02:06.219 [FXGL Background Thread 2 ] DEBUG Engine               - stageStyle: DECORATED
17:02:06.219 [FXGL Background Thread 2 ] DEBUG Engine               - supportedLanguages: [ENGLISH, FRENCH, GERMAN, HUNGARIAN, RUSSIAN]
17:02:06.219 [FXGL Background Thread 2 ] DEBUG Engine               - title: Newfoundland Moose Collision
17:02:06.219 [FXGL Background Thread 2 ] DEBUG Engine               - urlGithub: https://github.com/AlmasB/FXGL
17:02:06.219 [FXGL Background Thread 2 ] DEBUG Engine               - urlLeaderboard: http://fxgl-top.herokuapp.com/
17:02:06.219 [FXGL Background Thread 2 ] DEBUG Engine               - urlPOM: https://raw.githubusercontent.com/AlmasB/FXGL/master/pom.xml
17:02:06.219 [FXGL Background Thread 2 ] DEBUG Engine               - version: 0.1
17:02:06.219 [FXGL Background Thread 2 ] DEBUG Engine               - versionCheckDays: 7
17:02:06.219 [FXGL Background Thread 2 ] DEBUG Engine               - width: 840
17:02:06.219 [FXGL Background Thread 2 ] DEBUG Engine               - Logging services
17:02:06.219 [FXGL Background Thread 2 ] DEBUG Engine               - class com.almasb.fxgl.app.GameApplication$GameApplicationService
17:02:06.219 [FXGL Background Thread 2 ] DEBUG Engine               - class com.almasb.fxgl.app.services.WindowService
17:02:06.219 [FXGL Background Thread 2 ] DEBUG Engine               - class com.almasb.fxgl.app.services.FXGLDialogService
17:02:06.219 [FXGL Background Thread 2 ] DEBUG Engine               - class com.almasb.fxgl.app.services.IOTaskExecutorService
17:02:06.220 [FXGL Background Thread 2 ] DEBUG Engine               - class com.almasb.fxgl.event.EventBusService
17:02:06.220 [FXGL Background Thread 2 ] DEBUG Engine               - class com.almasb.fxgl.io.FileSystemService
17:02:06.220 [FXGL Background Thread 2 ] DEBUG Engine               - class com.almasb.fxgl.localization.LocalizationService
17:02:06.220 [FXGL Background Thread 2 ] DEBUG Engine               - class com.almasb.fxgl.app.services.AssetLoaderService
17:02:06.220 [FXGL Background Thread 2 ] DEBUG Engine               - class com.almasb.fxgl.app.services.SystemBundleService
17:02:06.220 [FXGL Background Thread 2 ] DEBUG Engine               - class com.almasb.fxgl.profile.SaveLoadService
17:02:06.220 [FXGL Background Thread 2 ] DEBUG Engine               - class com.almasb.fxgl.ui.FXGLUIFactoryServiceProvider
17:02:06.220 [FXGL Background Thread 2 ] DEBUG Engine               - class com.almasb.fxgl.ui.FXGLDialogFactoryServiceProvider
17:02:06.220 [FXGL Background Thread 2 ] DEBUG Engine               - class com.almasb.fxgl.audio.AudioPlayer
17:02:06.220 [FXGL Background Thread 2 ] DEBUG Engine               - class com.almasb.fxgl.notification.impl.NotificationServiceProvider
17:02:06.220 [FXGL Background Thread 2 ] DEBUG Engine               - class com.almasb.fxgl.achievement.AchievementService
17:02:06.220 [FXGL Background Thread 2 ] DEBUG Engine               - class com.almasb.fxgl.cutscene.CutsceneService
17:02:06.221 [FXGL Background Thread 2 ] DEBUG Engine               - class com.almasb.fxgl.minigames.MiniGameService
17:02:06.221 [FXGL Background Thread 2 ] DEBUG Engine               - class com.almasb.fxgl.net.NetService
17:02:06.221 [FXGL Background Thread 2 ] DEBUG Engine               - class com.almasb.fxgl.app.services.UpdaterService
17:02:06.221 [FXGL Background Thread 2 ] DEBUG Engine               - class com.almasb.fxgl.dev.DevService
17:02:07.430 [JavaFX Application Thread] DEBUG AssetLoaderService   - Loading from cache: /assets/textures/driver.png
17:02:09.447 [JavaFX Application Thread] DEBUG AssetLoaderService   - Loading from cache: /assets/textures/driver.png
17:02:11.462 [JavaFX Application Thread] DEBUG AssetLoaderService   - Loading from cache: /assets/textures/driver.png
17:02:13.463 [JavaFX Application Thread] DEBUG AssetLoaderService   - Loading from cache: /assets/textures/driver.png
17:02:15.133 [JavaFX Application Thread] DEBUG GameApplication      - Exiting FXGL
17:02:15.133 [JavaFX Application Thread] DEBUG LoopRunner           - Stopping loop
17:02:15.133 [JavaFX Application Thread] DEBUG SystemBundleService  - Saving FXGL system data
17:02:15.134 [JavaFX Application Thread] DEBUG FileSystemAccess     - Writing to: E:\secondYear\Java\NewfoundlandRacer\system\fxgl.bundle
17:02:15.135 [JavaFX Application Thread] DEBUG GameApplication      - Shutting down background threads
17:02:15.135 [JavaFX Application Thread] DEBUG GameApplication      - Closing logger and exiting JavaFX
