14:49:07.947 [main                     ] DEBUG GameApplication      - Logger initialized
14:49:07.951 [main                     ] DEBUG GameApplication      - Logging settings
Title: Newfoundland Moose Collision
Version: 0.1
Width: 840
Height: 650
Fullscreen: false
Intro: false
Profiling: false
Single step:false
App Mode: DEVELOPER
Menu Key: ESCAPE
Stage Style: DECORATED
Scene Factory: class MooseGame.NewfoundRacerApp$1

14:49:08.253 [JavaFX Application Thread] DEBUG GameApplication      - Initializing FXGL
14:49:08.262 [JavaFX Application Thread] INFO  Engine               - FXGL-11.9 (27.05.2020 17.06) on WINDOWS (J:14.0.1 FX:13.0.2)
14:49:08.263 [JavaFX Application Thread] DEBUG Engine               - JRE Vendor Name: Oracle Corporation
14:49:08.263 [JavaFX Application Thread] DEBUG Engine               - Running on OS: Windows 10 version 10.0
14:49:08.263 [JavaFX Application Thread] DEBUG Engine               - Architecture: amd64
14:49:08.263 [JavaFX Application Thread] INFO  Engine               - Source code and latest versions at: https://github.com/AlmasB/FXGL
14:49:08.263 [JavaFX Application Thread] INFO  Engine               -              Join the FXGL chat at: https://gitter.im/AlmasB/FXGL
14:49:08.342 [JavaFX Application Thread] DEBUG MainWindow           - Creating a JavaFX scene
14:49:08.378 [JavaFX Application Thread] DEBUG MainWindow           - Target settings size: 840.0 x 650.0
14:49:08.378 [JavaFX Application Thread] DEBUG MainWindow           - Scaled scene size:    840.0 x 650.0
14:49:08.378 [JavaFX Application Thread] DEBUG MainWindow           - Scaled ratio: (1.0, 1.0)
14:49:08.379 [JavaFX Application Thread] DEBUG MainWindow           - Set initial scene to FXGLStartupScene
14:49:08.385 [JavaFX Application Thread] DEBUG MainWindow           - Opening main window
14:49:08.460 [JavaFX Application Thread] DEBUG MainWindow           - Window border size: (16.0, 39.0)
14:49:08.460 [JavaFX Application Thread] DEBUG MainWindow           - Scaled size: 840.0 x 650.0
14:49:08.461 [JavaFX Application Thread] DEBUG MainWindow           - Scaled ratio: (1.0, 1.0)
14:49:08.461 [JavaFX Application Thread] DEBUG MainWindow           - Scene size: 840.0 x 650.0
14:49:08.461 [JavaFX Application Thread] DEBUG MainWindow           - Stage size: 856.0 x 689.0
14:49:08.468 [FXGL Background Thread 1 ] DEBUG Engine               - Initializing environment variables
14:49:08.491 [FXGL Background Thread 1 ] DEBUG WindowService        - Applying CSS: fxgl_dark.css
14:49:08.492 [FXGL Background Thread 1 ] DEBUG AssetLoaderService   - Loading from file system: /assets/ui/css/fxgl_dark.css
14:49:08.524 [FXGL Background Thread 1 ] DEBUG WindowService        - Initializing application scenes
14:49:08.546 [FXGL Background Thread 1 ] DEBUG GameWorld            - Game world initialized
14:49:08.577 [FXGL Background Thread 1 ] DEBUG PhysicsWorld         - Physics world initialized: appHeight=650, physics.ppm=50.0
14:49:08.579 [FXGL Background Thread 1 ] DEBUG GameScene            - Game scene initialized: 840x650
14:49:08.652 [FXGL Background Thread 1 ] DEBUG AssetLoaderService   - Loading from file system: /assets/textures/particles/trace_horizontal.png
14:49:08.675 [FXGL Background Thread 1 ] DEBUG FXGL.DefaultMenu     - createMenuBodyGameMenu()
14:49:08.683 [FXGL Background Thread 1 ] DEBUG FXGL.DefaultMenu     - createOptionsMenu()
14:49:08.686 [FXGL Background Thread 1 ] DEBUG AssetLoaderService   - Loading from file system: /assets/textures/particles/smoke.png
14:49:08.727 [FXGL Background Thread 1 ] DEBUG WindowService        - Application scenes initialized
14:49:08.734 [FXGL Background Thread 1 ] DEBUG SystemBundleService  - Loading FXGL system data
14:49:08.736 [FXGL Background Thread 1 ] DEBUG FileSystemAccess     - Reading from: E:\secondYear\Java\NewfoundlandRacer\system\fxgl.bundle
14:49:08.740 [FXGL Background Thread 1 ] DEBUG SystemBundleService  - Bundle FXGL: {}
14:49:08.740 [FXGL Background Thread 1 ] INFO  Engine               - FXGL initialization took: 0.270 sec
14:49:08.741 [FXGL Background Thread 1 ] DEBUG GameApplication      - Loading localizations
14:49:08.742 [FXGL Background Thread 1 ] DEBUG AssetLoaderService   - Loading from file system: /assets/languages/english.lang
14:49:08.750 [FXGL Background Thread 1 ] DEBUG AssetLoaderService   - Loading from file system: /assets/languages/french.lang
14:49:08.752 [FXGL Background Thread 1 ] DEBUG AssetLoaderService   - Loading from file system: /assets/languages/german.lang
14:49:08.754 [FXGL Background Thread 1 ] DEBUG AssetLoaderService   - Loading from file system: /assets/languages/hungarian.lang
14:49:08.756 [FXGL Background Thread 1 ] DEBUG AssetLoaderService   - Loading from file system: /assets/languages/russian.lang
14:49:08.758 [FXGL Background Thread 1 ] DEBUG GameApplication      - Registering font factories with UI factory
14:49:08.758 [FXGL Background Thread 1 ] DEBUG AssetLoaderService   - Loading from file system: /assets/ui/fonts/VarelaRound-Regular.ttf
14:49:08.788 [FXGL Background Thread 1 ] DEBUG AssetLoaderService   - Loading from file system: /assets/ui/fonts/Abel-Regular.ttf
14:49:08.790 [FXGL Background Thread 1 ] DEBUG AssetLoaderService   - Loading from file system: /assets/ui/fonts/lucida_console.ttf
14:49:08.793 [FXGL Background Thread 1 ] DEBUG AssetLoaderService   - Loading from file system: /assets/ui/fonts/Courier-Prime.ttf
14:49:08.800 [JavaFX Application Thread] DEBUG Input                - Registered new binding: Move Right - D
14:49:08.800 [JavaFX Application Thread] DEBUG Input                - Registered new binding: Move Left - A
14:49:08.801 [JavaFX Application Thread] DEBUG Input                - Registered new binding: Move Up - W
14:49:08.801 [JavaFX Application Thread] DEBUG Input                - Registered new binding: Move Down - S
14:49:08.801 [JavaFX Application Thread] DEBUG AssetLoaderService   - Loading from file system: /assets/textures/fxgl_icon.png
14:49:08.813 [JavaFX Application Thread] DEBUG AssetLoaderService   - Loading from file system: /assets/ui/cursors/fxgl_default.png
14:49:08.814 [JavaFX Application Thread] DEBUG Input                - Registered new binding: Screenshot - P
14:49:08.815 [JavaFX Application Thread] DEBUG Input                - Registered new binding: System info dump - CTRL+9
14:49:08.815 [JavaFX Application Thread] DEBUG Input                - Registered new binding: Restart - CTRL+R
14:49:08.815 [JavaFX Application Thread] DEBUG LoopRunner           - Starting loop
14:49:08.821 [JavaFX Application Thread] DEBUG FXGLStartupScene     - STARTUP
14:49:08.822 [JavaFX Application Thread] DEBUG Input                - Clearing active input actions
14:49:08.826 [JavaFX Application Thread] DEBUG WindowService        - Removing overlay from FXGLStartupScene and adding to 
14:49:08.827 [JavaFX Application Thread] DEBUG MainWindow           - FXGLStartupScene -> 
14:49:08.827 [JavaFX Application Thread] DEBUG MainWindow           - Push state: NewfoundlandRacerMainMenu
14:49:08.827 [JavaFX Application Thread] DEBUG Input                - Clearing active input actions
14:49:08.833 [JavaFX Application Thread] DEBUG WindowService        - Removing overlay from  and adding to NewfoundlandRacerMainMenu
14:49:08.833 [JavaFX Application Thread] DEBUG MainWindow           -  -> NewfoundlandRacerMainMenu
14:49:09.435 [JavaFX Application Thread] DEBUG Menu                 - fireNewGame()
14:49:09.435 [JavaFX Application Thread] DEBUG WindowService        - Starting new game
14:49:09.435 [JavaFX Application Thread] DEBUG MainWindow           - Pop state: NewfoundlandRacerMainMenu
14:49:09.436 [JavaFX Application Thread] DEBUG Input                - Clearing active input actions
14:49:09.436 [JavaFX Application Thread] DEBUG WindowService        - Removing overlay from NewfoundlandRacerMainMenu and adding to 
14:49:09.436 [JavaFX Application Thread] DEBUG MainWindow           -  <- NewfoundlandRacerMainMenu
14:49:09.436 [JavaFX Application Thread] DEBUG Input                - Clearing active input actions
14:49:09.442 [JavaFX Application Thread] DEBUG WindowService        - Removing overlay from  and adding to FXGLLoadingScene
14:49:09.442 [JavaFX Application Thread] DEBUG MainWindow           -  -> FXGLLoadingScene
14:49:09.442 [JavaFX Application Thread] DEBUG WindowService        - Clearing previous game
14:49:09.442 [JavaFX Application Thread] DEBUG GameScene            - Clearing game scene
14:49:09.442 [JavaFX Application Thread] DEBUG GameWorld            - Clearing game world
14:49:09.442 [JavaFX Application Thread] DEBUG PhysicsWorld         - Clearing physics world
14:49:09.443 [FXGL Background Thread 1 ] DEBUG GameApplication      - Initializing game
14:49:09.448 [FXGL Background Thread 1 ] DEBUG AssetLoaderService   - Loading from file system: /assets/textures/4lanehighway.png
14:49:09.508 [FXGL Background Thread 1 ] DEBUG AssetLoaderService   - Loading from file system: /assets/textures/player.png
14:49:09.517 [FXGL Background Thread 1 ] INFO  GameApplication      - Game initialization took: 0.075 sec
14:49:09.518 [JavaFX Application Thread] DEBUG Input                - Clearing active input actions
14:49:09.522 [JavaFX Application Thread] DEBUG WindowService        - Removing overlay from FXGLLoadingScene and adding to GameScene
14:49:09.523 [JavaFX Application Thread] DEBUG MainWindow           - FXGLLoadingScene -> GameScene
14:49:10.866 [JavaFX Application Thread] DEBUG AssetLoaderService   - Loading from file system: /assets/textures/driver0.png
14:49:11.742 [FXGL Background Thread 2 ] DEBUG Engine               - Logging environment variables
14:49:11.742 [FXGL Background Thread 2 ] DEBUG Engine               - achievements: []
14:49:11.742 [FXGL Background Thread 2 ] DEBUG Engine               - appIcon: fxgl_icon.png
14:49:11.742 [FXGL Background Thread 2 ] DEBUG Engine               - applicationMode: DEVELOPER
14:49:11.742 [FXGL Background Thread 2 ] DEBUG Engine               - cSSList: [fxgl_dark.css]
14:49:11.742 [FXGL Background Thread 2 ] DEBUG Engine               - configClass: Optional.empty
14:49:11.742 [FXGL Background Thread 2 ] DEBUG Engine               - credits: []
14:49:11.742 [FXGL Background Thread 2 ] DEBUG Engine               - devBBoxColorProperty: ObjectProperty [value: 0xff0000ff]
14:49:11.742 [FXGL Background Thread 2 ] DEBUG Engine               - devSensorColorProperty: ObjectProperty [value: 0xffff00ff]
14:49:11.742 [FXGL Background Thread 2 ] DEBUG Engine               - devShowBBoxProperty: BooleanProperty [value: false]
14:49:11.742 [FXGL Background Thread 2 ] DEBUG Engine               - devShowPositionProperty: BooleanProperty [value: false]
14:49:11.743 [FXGL Background Thread 2 ] DEBUG Engine               - enabledMenuItems: []
14:49:11.743 [FXGL Background Thread 2 ] DEBUG Engine               - engineServices: [class com.almasb.fxgl.app.GameApplication$GameApplicationService, class com.almasb.fxgl.app.services.WindowService, class com.almasb.fxgl.app.services.FXGLDialogService, class com.almasb.fxgl.app.services.IOTaskExecutorService, class com.almasb.fxgl.event.EventBusService, class com.almasb.fxgl.io.FileSystemService, class com.almasb.fxgl.localization.LocalizationService, class com.almasb.fxgl.app.services.AssetLoaderService, class com.almasb.fxgl.app.services.SystemBundleService, class com.almasb.fxgl.profile.SaveLoadService, class com.almasb.fxgl.ui.FXGLUIFactoryServiceProvider, class com.almasb.fxgl.ui.FXGLDialogFactoryServiceProvider, class com.almasb.fxgl.audio.AudioPlayer, class com.almasb.fxgl.notification.impl.NotificationServiceProvider, class com.almasb.fxgl.achievement.AchievementService, class com.almasb.fxgl.cutscene.CutsceneService, class com.almasb.fxgl.minigames.MiniGameService, class com.almasb.fxgl.net.NetService, class com.almasb.fxgl.app.services.UpdaterService, class com.almasb.fxgl.dev.DevService]
14:49:11.743 [FXGL Background Thread 2 ] DEBUG Engine               - fontGame: Abel-Regular.ttf
14:49:11.743 [FXGL Background Thread 2 ] DEBUG Engine               - fontMono: lucida_console.ttf
14:49:11.743 [FXGL Background Thread 2 ] DEBUG Engine               - fontText: Courier-Prime.ttf
14:49:11.743 [FXGL Background Thread 2 ] DEBUG Engine               - fontUI: VarelaRound-Regular.ttf
14:49:11.743 [FXGL Background Thread 2 ] DEBUG Engine               - fullScreen: BooleanProperty [value: false]
14:49:11.743 [FXGL Background Thread 2 ] DEBUG Engine               - gameDifficulty: MEDIUM
14:49:11.743 [FXGL Background Thread 2 ] DEBUG Engine               - gameDifficultyProperty: ObjectProperty [value: MEDIUM]
14:49:11.743 [FXGL Background Thread 2 ] DEBUG Engine               - globalMusicVolume: 0.5
14:49:11.743 [FXGL Background Thread 2 ] DEBUG Engine               - globalMusicVolumeProperty: DoubleProperty [value: 0.5]
14:49:11.743 [FXGL Background Thread 2 ] DEBUG Engine               - globalSoundVolume: 0.5
14:49:11.743 [FXGL Background Thread 2 ] DEBUG Engine               - globalSoundVolumeProperty: DoubleProperty [value: 0.5]
14:49:11.744 [FXGL Background Thread 2 ] DEBUG Engine               - height: 650
14:49:11.744 [FXGL Background Thread 2 ] DEBUG Engine               - isAndroid: false
14:49:11.744 [FXGL Background Thread 2 ] DEBUG Engine               - isBrowser: false
14:49:11.744 [FXGL Background Thread 2 ] DEBUG Engine               - isClickFeedbackEnabled: false
14:49:11.744 [FXGL Background Thread 2 ] DEBUG Engine               - isCloseConfirmation: false
14:49:11.744 [FXGL Background Thread 2 ] DEBUG Engine               - isDesktop: true
14:49:11.744 [FXGL Background Thread 2 ] DEBUG Engine               - isDeveloperMenuEnabled: false
14:49:11.744 [FXGL Background Thread 2 ] DEBUG Engine               - isExperimentalNative: false
14:49:11.744 [FXGL Background Thread 2 ] DEBUG Engine               - isExperimentalTiledLargeMap: false
14:49:11.744 [FXGL Background Thread 2 ] DEBUG Engine               - isFullScreenAllowed: false
14:49:11.744 [FXGL Background Thread 2 ] DEBUG Engine               - isFullScreenFromStart: false
14:49:11.744 [FXGL Background Thread 2 ] DEBUG Engine               - isGameMenuEnabled: true
14:49:11.744 [FXGL Background Thread 2 ] DEBUG Engine               - isIOS: false
14:49:11.744 [FXGL Background Thread 2 ] DEBUG Engine               - isIntroEnabled: false
14:49:11.744 [FXGL Background Thread 2 ] DEBUG Engine               - isLinux: false
14:49:11.744 [FXGL Background Thread 2 ] DEBUG Engine               - isMac: false
14:49:11.744 [FXGL Background Thread 2 ] DEBUG Engine               - isMainMenuEnabled: true
14:49:11.744 [FXGL Background Thread 2 ] DEBUG Engine               - isManualResizeEnabled: false
14:49:11.744 [FXGL Background Thread 2 ] DEBUG Engine               - isMobile: false
14:49:11.744 [FXGL Background Thread 2 ] DEBUG Engine               - isPreserveResizeRatio: false
14:49:11.744 [FXGL Background Thread 2 ] DEBUG Engine               - isProfilingEnabled: false
14:49:11.745 [FXGL Background Thread 2 ] DEBUG Engine               - isSingleStep: false
14:49:11.745 [FXGL Background Thread 2 ] DEBUG Engine               - isUserProfileEnabled: false
14:49:11.745 [FXGL Background Thread 2 ] DEBUG Engine               - isWindows: true
14:49:11.745 [FXGL Background Thread 2 ] DEBUG Engine               - language: ObjectProperty [value: ENGLISH]
14:49:11.745 [FXGL Background Thread 2 ] DEBUG Engine               - mainWindow: com.almasb.fxgl.app.MainWindow@f69a751
14:49:11.745 [FXGL Background Thread 2 ] DEBUG Engine               - menuKey: ESCAPE
14:49:11.745 [FXGL Background Thread 2 ] DEBUG Engine               - notificationViewClass: class com.almasb.fxgl.notification.view.XboxNotificationView
14:49:11.745 [FXGL Background Thread 2 ] DEBUG Engine               - pixelsPerMeter: 50.0
14:49:11.745 [FXGL Background Thread 2 ] DEBUG Engine               - platform: WINDOWS
14:49:11.745 [FXGL Background Thread 2 ] DEBUG Engine               - profileDir: profiles/
14:49:11.745 [FXGL Background Thread 2 ] DEBUG Engine               - profileName: StringProperty [value: DEFAULT]
14:49:11.745 [FXGL Background Thread 2 ] DEBUG Engine               - randomSeed: -1
14:49:11.745 [FXGL Background Thread 2 ] DEBUG Engine               - runtimeInfo: RuntimeInfo(platform=WINDOWS, version=11.9, build=27.05.2020 17.06)
14:49:11.745 [FXGL Background Thread 2 ] DEBUG Engine               - saveFileExt: sav
14:49:11.746 [FXGL Background Thread 2 ] DEBUG Engine               - sceneFactory: MooseGame.NewfoundRacerApp$1@4a6b38d8
14:49:11.746 [FXGL Background Thread 2 ] DEBUG Engine               - secondsIn24h: 60
14:49:11.746 [FXGL Background Thread 2 ] DEBUG Engine               - settings: Title: Newfoundland Moose Collision
Version: 0.1
Width: 840
Height: 650
Fullscreen: false
Intro: false
Profiling: false
Single step:false
App Mode: DEVELOPER
Menu Key: ESCAPE
Stage Style: DECORATED
Scene Factory: class MooseGame.NewfoundRacerApp$1

14:49:11.746 [FXGL Background Thread 2 ] DEBUG Engine               - soundMenuBack: menu/back.wav
14:49:11.746 [FXGL Background Thread 2 ] DEBUG Engine               - soundMenuPress: menu/press.wav
14:49:11.746 [FXGL Background Thread 2 ] DEBUG Engine               - soundMenuSelect: menu/select.wav
14:49:11.746 [FXGL Background Thread 2 ] DEBUG Engine               - soundNotification: core/notification.wav
14:49:11.746 [FXGL Background Thread 2 ] DEBUG Engine               - stageStyle: DECORATED
14:49:11.746 [FXGL Background Thread 2 ] DEBUG Engine               - supportedLanguages: [ENGLISH, FRENCH, GERMAN, HUNGARIAN, RUSSIAN]
14:49:11.746 [FXGL Background Thread 2 ] DEBUG Engine               - title: Newfoundland Moose Collision
14:49:11.746 [FXGL Background Thread 2 ] DEBUG Engine               - urlGithub: https://github.com/AlmasB/FXGL
14:49:11.746 [FXGL Background Thread 2 ] DEBUG Engine               - urlLeaderboard: http://fxgl-top.herokuapp.com/
14:49:11.746 [FXGL Background Thread 2 ] DEBUG Engine               - urlPOM: https://raw.githubusercontent.com/AlmasB/FXGL/master/pom.xml
14:49:11.746 [FXGL Background Thread 2 ] DEBUG Engine               - version: 0.1
14:49:11.746 [FXGL Background Thread 2 ] DEBUG Engine               - versionCheckDays: 7
14:49:11.746 [FXGL Background Thread 2 ] DEBUG Engine               - width: 840
14:49:11.746 [FXGL Background Thread 2 ] DEBUG Engine               - Logging services
14:49:11.746 [FXGL Background Thread 2 ] DEBUG Engine               - class com.almasb.fxgl.app.GameApplication$GameApplicationService
14:49:11.746 [FXGL Background Thread 2 ] DEBUG Engine               - class com.almasb.fxgl.app.services.WindowService
14:49:11.746 [FXGL Background Thread 2 ] DEBUG Engine               - class com.almasb.fxgl.app.services.FXGLDialogService
14:49:11.746 [FXGL Background Thread 2 ] DEBUG Engine               - class com.almasb.fxgl.app.services.IOTaskExecutorService
14:49:11.747 [FXGL Background Thread 2 ] DEBUG Engine               - class com.almasb.fxgl.event.EventBusService
14:49:11.747 [FXGL Background Thread 2 ] DEBUG Engine               - class com.almasb.fxgl.io.FileSystemService
14:49:11.747 [FXGL Background Thread 2 ] DEBUG Engine               - class com.almasb.fxgl.localization.LocalizationService
14:49:11.747 [FXGL Background Thread 2 ] DEBUG Engine               - class com.almasb.fxgl.app.services.AssetLoaderService
14:49:11.747 [FXGL Background Thread 2 ] DEBUG Engine               - class com.almasb.fxgl.app.services.SystemBundleService
14:49:11.747 [FXGL Background Thread 2 ] DEBUG Engine               - class com.almasb.fxgl.profile.SaveLoadService
14:49:11.747 [FXGL Background Thread 2 ] DEBUG Engine               - class com.almasb.fxgl.ui.FXGLUIFactoryServiceProvider
14:49:11.747 [FXGL Background Thread 2 ] DEBUG Engine               - class com.almasb.fxgl.ui.FXGLDialogFactoryServiceProvider
14:49:11.747 [FXGL Background Thread 2 ] DEBUG Engine               - class com.almasb.fxgl.audio.AudioPlayer
14:49:11.747 [FXGL Background Thread 2 ] DEBUG Engine               - class com.almasb.fxgl.notification.impl.NotificationServiceProvider
14:49:11.747 [FXGL Background Thread 2 ] DEBUG Engine               - class com.almasb.fxgl.achievement.AchievementService
14:49:11.747 [FXGL Background Thread 2 ] DEBUG Engine               - class com.almasb.fxgl.cutscene.CutsceneService
14:49:11.747 [FXGL Background Thread 2 ] DEBUG Engine               - class com.almasb.fxgl.minigames.MiniGameService
14:49:11.747 [FXGL Background Thread 2 ] DEBUG Engine               - class com.almasb.fxgl.net.NetService
14:49:11.747 [FXGL Background Thread 2 ] DEBUG Engine               - class com.almasb.fxgl.app.services.UpdaterService
14:49:11.747 [FXGL Background Thread 2 ] DEBUG Engine               - class com.almasb.fxgl.dev.DevService
14:49:12.138 [JavaFX Application Thread] DEBUG AssetLoaderService   - Loading from file system: /assets/textures/driver3.png
14:49:12.553 [JavaFX Application Thread] DEBUG AssetLoaderService   - Loading from file system: /assets/textures/pothole.png
14:49:13.410 [JavaFX Application Thread] DEBUG AssetLoaderService   - Loading from file system: /assets/textures/driver2.png
14:49:13.810 [JavaFX Application Thread] DEBUG AssetLoaderService   - Loading from file system: /assets/textures/cowmoosespriterunning.png
14:49:14.651 [JavaFX Application Thread] DEBUG AssetLoaderService   - Loading from file system: /assets/textures/coin.png
14:49:14.674 [JavaFX Application Thread] DEBUG AssetLoaderService   - Loading from cache: /assets/textures/driver0.png
14:49:15.504 [JavaFX Application Thread] DEBUG AssetLoaderService   - Loading from cache: /assets/textures/pothole.png
14:49:15.922 [JavaFX Application Thread] DEBUG AssetLoaderService   - Loading from file system: /assets/textures/driver4.png
14:49:16.710 [JavaFX Application Thread] DEBUG MainWindow           - Push state: DialogSubScene
14:49:16.710 [JavaFX Application Thread] DEBUG Input                - Clearing active input actions
14:49:16.714 [JavaFX Application Thread] DEBUG WindowService        - Removing overlay from GameScene and adding to DialogSubScene
14:49:16.714 [JavaFX Application Thread] DEBUG MainWindow           - GameScene -> DialogSubScene
14:49:18.050 [JavaFX Application Thread] DEBUG GameApplication      - Exiting FXGL
14:49:18.050 [JavaFX Application Thread] DEBUG LoopRunner           - Stopping loop
14:49:18.050 [JavaFX Application Thread] DEBUG SystemBundleService  - Saving FXGL system data
14:49:18.051 [JavaFX Application Thread] DEBUG FileSystemAccess     - Writing to: E:\secondYear\Java\NewfoundlandRacer\system\fxgl.bundle
14:49:18.052 [JavaFX Application Thread] DEBUG GameApplication      - Shutting down background threads
14:49:18.053 [JavaFX Application Thread] DEBUG GameApplication      - Closing logger and exiting JavaFX
