15:06:54.819 [main                     ] DEBUG GameApplication      - Logger initialized
15:06:54.823 [main                     ] DEBUG GameApplication      - Logging settings
Title: Newfoundland Moose Collision
Version: 0.1
Width: 840
Height: 650
Fullscreen: false
Intro: false
Profiling: false
Single step:false
App Mode: DEVELOPER
Menu Key: ESCAPE
Stage Style: DECORATED
Scene Factory: class MooseGame.NewfoundRacerApp$1

15:06:55.194 [JavaFX Application Thread] DEBUG GameApplication      - Initializing FXGL
15:06:55.207 [JavaFX Application Thread] INFO  Engine               - FXGL-11.9 (27.05.2020 17.06) on WINDOWS (J:14.0.1 FX:13.0.2)
15:06:55.207 [JavaFX Application Thread] DEBUG Engine               - JRE Vendor Name: Oracle Corporation
15:06:55.207 [JavaFX Application Thread] DEBUG Engine               - Running on OS: Windows 10 version 10.0
15:06:55.207 [JavaFX Application Thread] DEBUG Engine               - Architecture: amd64
15:06:55.207 [JavaFX Application Thread] INFO  Engine               - Source code and latest versions at: https://github.com/AlmasB/FXGL
15:06:55.208 [JavaFX Application Thread] INFO  Engine               -              Join the FXGL chat at: https://gitter.im/AlmasB/FXGL
15:06:55.325 [JavaFX Application Thread] DEBUG MainWindow           - Creating a JavaFX scene
15:06:55.370 [JavaFX Application Thread] DEBUG MainWindow           - Target settings size: 840.0 x 650.0
15:06:55.371 [JavaFX Application Thread] DEBUG MainWindow           - Scaled scene size:    840.0 x 650.0
15:06:55.371 [JavaFX Application Thread] DEBUG MainWindow           - Scaled ratio: (1.0, 1.0)
15:06:55.372 [JavaFX Application Thread] DEBUG MainWindow           - Set initial scene to FXGLStartupScene
15:06:55.378 [JavaFX Application Thread] DEBUG MainWindow           - Opening main window
15:06:55.460 [JavaFX Application Thread] DEBUG MainWindow           - Window border size: (16.0, 39.0)
15:06:55.460 [JavaFX Application Thread] DEBUG MainWindow           - Scaled size: 840.0 x 650.0
15:06:55.461 [JavaFX Application Thread] DEBUG MainWindow           - Scaled ratio: (1.0, 1.0)
15:06:55.461 [JavaFX Application Thread] DEBUG MainWindow           - Scene size: 840.0 x 650.0
15:06:55.461 [JavaFX Application Thread] DEBUG MainWindow           - Stage size: 856.0 x 689.0
15:06:55.467 [FXGL Background Thread 1 ] DEBUG Engine               - Initializing environment variables
15:06:55.485 [FXGL Background Thread 1 ] DEBUG WindowService        - Applying CSS: fxgl_dark.css
15:06:55.485 [FXGL Background Thread 1 ] DEBUG AssetLoaderService   - Loading from file system: /assets/ui/css/fxgl_dark.css
15:06:55.522 [FXGL Background Thread 1 ] DEBUG WindowService        - Initializing application scenes
15:06:55.550 [FXGL Background Thread 1 ] DEBUG GameWorld            - Game world initialized
15:06:55.586 [FXGL Background Thread 1 ] DEBUG PhysicsWorld         - Physics world initialized: appHeight=650, physics.ppm=50.0
15:06:55.587 [FXGL Background Thread 1 ] DEBUG GameScene            - Game scene initialized: 840x650
15:06:55.613 [FXGL Background Thread 1 ] DEBUG AssetLoaderService   - Loading from file system: /assets/textures/particles/trace_horizontal.png
15:06:55.660 [FXGL Background Thread 1 ] DEBUG FXGL.DefaultMenu     - createMenuBodyGameMenu()
15:06:55.674 [FXGL Background Thread 1 ] DEBUG FXGL.DefaultMenu     - createOptionsMenu()
15:06:55.678 [FXGL Background Thread 1 ] DEBUG AssetLoaderService   - Loading from file system: /assets/textures/particles/smoke.png
15:06:55.730 [FXGL Background Thread 1 ] DEBUG WindowService        - Application scenes initialized
15:06:55.740 [FXGL Background Thread 1 ] DEBUG SystemBundleService  - Loading FXGL system data
15:06:55.743 [FXGL Background Thread 1 ] DEBUG FileSystemAccess     - Reading from: E:\secondYear\Java\NewfoundlandRacer\system\fxgl.bundle
15:06:55.747 [FXGL Background Thread 1 ] DEBUG SystemBundleService  - Bundle FXGL: {}
15:06:55.747 [FXGL Background Thread 1 ] INFO  Engine               - FXGL initialization took: 0.280 sec
15:06:55.749 [FXGL Background Thread 1 ] DEBUG GameApplication      - Loading localizations
15:06:55.750 [FXGL Background Thread 1 ] DEBUG AssetLoaderService   - Loading from file system: /assets/languages/english.lang
15:06:55.758 [FXGL Background Thread 1 ] DEBUG AssetLoaderService   - Loading from file system: /assets/languages/french.lang
15:06:55.759 [FXGL Background Thread 1 ] DEBUG AssetLoaderService   - Loading from file system: /assets/languages/german.lang
15:06:55.761 [FXGL Background Thread 1 ] DEBUG AssetLoaderService   - Loading from file system: /assets/languages/hungarian.lang
15:06:55.763 [FXGL Background Thread 1 ] DEBUG AssetLoaderService   - Loading from file system: /assets/languages/russian.lang
15:06:55.765 [FXGL Background Thread 1 ] DEBUG GameApplication      - Registering font factories with UI factory
15:06:55.765 [FXGL Background Thread 1 ] DEBUG AssetLoaderService   - Loading from file system: /assets/ui/fonts/VarelaRound-Regular.ttf
15:06:55.796 [FXGL Background Thread 1 ] DEBUG AssetLoaderService   - Loading from file system: /assets/ui/fonts/Abel-Regular.ttf
15:06:55.798 [FXGL Background Thread 1 ] DEBUG AssetLoaderService   - Loading from file system: /assets/ui/fonts/lucida_console.ttf
15:06:55.802 [FXGL Background Thread 1 ] DEBUG AssetLoaderService   - Loading from file system: /assets/ui/fonts/Courier-Prime.ttf
15:06:55.812 [JavaFX Application Thread] DEBUG Input                - Registered new binding: Move Right - D
15:06:55.812 [JavaFX Application Thread] DEBUG Input                - Registered new binding: Move Left - A
15:06:55.812 [JavaFX Application Thread] DEBUG Input                - Registered new binding: Move Up - W
15:06:55.812 [JavaFX Application Thread] DEBUG Input                - Registered new binding: Move Down - S
15:06:55.812 [JavaFX Application Thread] DEBUG AssetLoaderService   - Loading from file system: /assets/textures/fxgl_icon.png
15:06:55.824 [JavaFX Application Thread] DEBUG AssetLoaderService   - Loading from file system: /assets/ui/cursors/fxgl_default.png
15:06:55.826 [JavaFX Application Thread] DEBUG Input                - Registered new binding: Screenshot - P
15:06:55.827 [JavaFX Application Thread] DEBUG Input                - Registered new binding: System info dump - CTRL+9
15:06:55.827 [JavaFX Application Thread] DEBUG Input                - Registered new binding: Restart - CTRL+R
15:06:55.828 [JavaFX Application Thread] DEBUG LoopRunner           - Starting loop
15:06:55.840 [JavaFX Application Thread] DEBUG FXGLStartupScene     - STARTUP
15:06:55.841 [JavaFX Application Thread] DEBUG Input                - Clearing active input actions
15:06:55.847 [JavaFX Application Thread] DEBUG WindowService        - Removing overlay from FXGLStartupScene and adding to 
15:06:55.847 [JavaFX Application Thread] DEBUG MainWindow           - FXGLStartupScene -> 
15:06:55.847 [JavaFX Application Thread] DEBUG MainWindow           - Push state: NewfoundlandRacerMainMenu
15:06:55.848 [JavaFX Application Thread] DEBUG Input                - Clearing active input actions
15:06:55.852 [JavaFX Application Thread] DEBUG WindowService        - Removing overlay from  and adding to NewfoundlandRacerMainMenu
15:06:55.852 [JavaFX Application Thread] DEBUG MainWindow           -  -> NewfoundlandRacerMainMenu
15:06:58.056 [JavaFX Application Thread] DEBUG GameApplication      - Exiting FXGL
15:06:58.056 [JavaFX Application Thread] DEBUG LoopRunner           - Stopping loop
15:06:58.056 [JavaFX Application Thread] DEBUG SystemBundleService  - Saving FXGL system data
15:06:58.058 [JavaFX Application Thread] DEBUG FileSystemAccess     - Writing to: E:\secondYear\Java\NewfoundlandRacer\system\fxgl.bundle
15:06:58.060 [JavaFX Application Thread] DEBUG GameApplication      - Shutting down background threads
15:06:58.060 [JavaFX Application Thread] DEBUG GameApplication      - Closing logger and exiting JavaFX
