21:20:18.285 [main                     ] DEBUG GameApplication      - Logger initialized
21:20:18.289 [main                     ] DEBUG GameApplication      - Logging settings
Title: Newfoundland Moose Collision
Version: 0.1
Width: 840
Height: 650
Fullscreen: false
Intro: false
Profiling: false
Single step:false
App Mode: DEVELOPER
Menu Key: ESCAPE
Stage Style: DECORATED
Scene Factory: class MooseGame.NewfoundRacerApp$1

21:20:18.595 [JavaFX Application Thread] DEBUG GameApplication      - Initializing FXGL
21:20:18.606 [JavaFX Application Thread] INFO  Engine               - FXGL-11.9 (27.05.2020 17.06) on WINDOWS (J:14.0.1 FX:13.0.2)
21:20:18.606 [JavaFX Application Thread] DEBUG Engine               - JRE Vendor Name: Oracle Corporation
21:20:18.606 [JavaFX Application Thread] DEBUG Engine               - Running on OS: Windows 10 version 10.0
21:20:18.606 [JavaFX Application Thread] DEBUG Engine               - Architecture: amd64
21:20:18.607 [JavaFX Application Thread] INFO  Engine               - Source code and latest versions at: https://github.com/AlmasB/FXGL
21:20:18.607 [JavaFX Application Thread] INFO  Engine               -              Join the FXGL chat at: https://gitter.im/AlmasB/FXGL
21:20:18.684 [JavaFX Application Thread] DEBUG MainWindow           - Creating a JavaFX scene
21:20:18.720 [JavaFX Application Thread] DEBUG MainWindow           - Target settings size: 840.0 x 650.0
21:20:18.720 [JavaFX Application Thread] DEBUG MainWindow           - Scaled scene size:    840.0 x 650.0
21:20:18.721 [JavaFX Application Thread] DEBUG MainWindow           - Scaled ratio: (1.0, 1.0)
21:20:18.722 [JavaFX Application Thread] DEBUG MainWindow           - Set initial scene to FXGLStartupScene
21:20:18.728 [JavaFX Application Thread] DEBUG MainWindow           - Opening main window
21:20:18.801 [JavaFX Application Thread] DEBUG MainWindow           - Window border size: (16.0, 39.0)
21:20:18.801 [JavaFX Application Thread] DEBUG MainWindow           - Scaled size: 840.0 x 650.0
21:20:18.801 [JavaFX Application Thread] DEBUG MainWindow           - Scaled ratio: (1.0, 1.0)
21:20:18.801 [JavaFX Application Thread] DEBUG MainWindow           - Scene size: 840.0 x 650.0
21:20:18.801 [JavaFX Application Thread] DEBUG MainWindow           - Stage size: 856.0 x 689.0
21:20:18.807 [FXGL Background Thread 1 ] DEBUG Engine               - Initializing environment variables
21:20:18.827 [FXGL Background Thread 1 ] DEBUG WindowService        - Applying CSS: fxgl_dark.css
21:20:18.828 [FXGL Background Thread 1 ] DEBUG AssetLoaderService   - Loading from file system: /assets/ui/css/fxgl_dark.css
21:20:18.860 [FXGL Background Thread 1 ] DEBUG WindowService        - Initializing application scenes
21:20:18.882 [FXGL Background Thread 1 ] DEBUG GameWorld            - Game world initialized
21:20:18.910 [FXGL Background Thread 1 ] DEBUG PhysicsWorld         - Physics world initialized: appHeight=650, physics.ppm=50.0
21:20:18.911 [FXGL Background Thread 1 ] DEBUG GameScene            - Game scene initialized: 840x650
21:20:18.933 [FXGL Background Thread 1 ] DEBUG AssetLoaderService   - Loading from file system: /assets/textures/particles/trace_horizontal.png
21:20:18.978 [FXGL Background Thread 1 ] DEBUG FXGL.DefaultMenu     - createMenuBodyGameMenu()
21:20:18.988 [FXGL Background Thread 1 ] DEBUG FXGL.DefaultMenu     - createOptionsMenu()
21:20:18.991 [FXGL Background Thread 1 ] DEBUG AssetLoaderService   - Loading from file system: /assets/textures/particles/smoke.png
21:20:19.030 [FXGL Background Thread 1 ] DEBUG WindowService        - Application scenes initialized
21:20:19.036 [FXGL Background Thread 1 ] DEBUG SystemBundleService  - Loading FXGL system data
21:20:19.039 [FXGL Background Thread 1 ] DEBUG FileSystemAccess     - Reading from: E:\secondYear\Java\NewfoundlandRacer\system\fxgl.bundle
21:20:19.044 [FXGL Background Thread 1 ] DEBUG SystemBundleService  - Bundle FXGL: {}
21:20:19.044 [FXGL Background Thread 1 ] INFO  Engine               - FXGL initialization took: 0.236 sec
21:20:19.045 [FXGL Background Thread 1 ] DEBUG GameApplication      - Loading localizations
21:20:19.046 [FXGL Background Thread 1 ] DEBUG AssetLoaderService   - Loading from file system: /assets/languages/english.lang
21:20:19.054 [FXGL Background Thread 1 ] DEBUG AssetLoaderService   - Loading from file system: /assets/languages/french.lang
21:20:19.055 [FXGL Background Thread 1 ] DEBUG AssetLoaderService   - Loading from file system: /assets/languages/german.lang
21:20:19.057 [FXGL Background Thread 1 ] DEBUG AssetLoaderService   - Loading from file system: /assets/languages/hungarian.lang
21:20:19.059 [FXGL Background Thread 1 ] DEBUG AssetLoaderService   - Loading from file system: /assets/languages/russian.lang
21:20:19.060 [FXGL Background Thread 1 ] DEBUG GameApplication      - Registering font factories with UI factory
21:20:19.060 [FXGL Background Thread 1 ] DEBUG AssetLoaderService   - Loading from file system: /assets/ui/fonts/VarelaRound-Regular.ttf
21:20:19.088 [FXGL Background Thread 1 ] DEBUG AssetLoaderService   - Loading from file system: /assets/ui/fonts/Abel-Regular.ttf
21:20:19.091 [FXGL Background Thread 1 ] DEBUG AssetLoaderService   - Loading from file system: /assets/ui/fonts/lucida_console.ttf
21:20:19.095 [FXGL Background Thread 1 ] DEBUG AssetLoaderService   - Loading from file system: /assets/ui/fonts/Courier-Prime.ttf
21:20:19.103 [JavaFX Application Thread] DEBUG Input                - Registered new binding: Move Right - D
21:20:19.103 [JavaFX Application Thread] DEBUG Input                - Registered new binding: Move Left - A
21:20:19.103 [JavaFX Application Thread] DEBUG Input                - Registered new binding: Move Up - W
21:20:19.103 [JavaFX Application Thread] DEBUG Input                - Registered new binding: Move Down - S
21:20:19.103 [JavaFX Application Thread] DEBUG AssetLoaderService   - Loading from file system: /assets/textures/fxgl_icon.png
21:20:19.118 [JavaFX Application Thread] DEBUG AssetLoaderService   - Loading from file system: /assets/ui/cursors/fxgl_default.png
21:20:19.120 [JavaFX Application Thread] DEBUG Input                - Registered new binding: Screenshot - P
21:20:19.120 [JavaFX Application Thread] DEBUG Input                - Registered new binding: System info dump - CTRL+9
21:20:19.121 [JavaFX Application Thread] DEBUG Input                - Registered new binding: Restart - CTRL+R
21:20:19.121 [JavaFX Application Thread] DEBUG LoopRunner           - Starting loop
21:20:19.128 [JavaFX Application Thread] DEBUG FXGLStartupScene     - STARTUP
21:20:19.129 [JavaFX Application Thread] DEBUG Input                - Clearing active input actions
21:20:19.133 [JavaFX Application Thread] DEBUG WindowService        - Removing overlay from FXGLStartupScene and adding to 
21:20:19.134 [JavaFX Application Thread] DEBUG MainWindow           - FXGLStartupScene -> 
21:20:19.134 [JavaFX Application Thread] DEBUG MainWindow           - Push state: NewfoundlandRacerMainMenu
21:20:19.134 [JavaFX Application Thread] DEBUG Input                - Clearing active input actions
21:20:19.136 [JavaFX Application Thread] DEBUG WindowService        - Removing overlay from  and adding to NewfoundlandRacerMainMenu
21:20:19.136 [JavaFX Application Thread] DEBUG MainWindow           -  -> NewfoundlandRacerMainMenu
21:20:19.610 [JavaFX Application Thread] DEBUG Menu                 - fireNewGame()
21:20:19.611 [JavaFX Application Thread] DEBUG WindowService        - Starting new game
21:20:19.611 [JavaFX Application Thread] DEBUG MainWindow           - Pop state: NewfoundlandRacerMainMenu
21:20:19.611 [JavaFX Application Thread] DEBUG Input                - Clearing active input actions
21:20:19.611 [JavaFX Application Thread] DEBUG WindowService        - Removing overlay from NewfoundlandRacerMainMenu and adding to 
21:20:19.611 [JavaFX Application Thread] DEBUG MainWindow           -  <- NewfoundlandRacerMainMenu
21:20:19.612 [JavaFX Application Thread] DEBUG Input                - Clearing active input actions
21:20:19.617 [JavaFX Application Thread] DEBUG WindowService        - Removing overlay from  and adding to FXGLLoadingScene
21:20:19.617 [JavaFX Application Thread] DEBUG MainWindow           -  -> FXGLLoadingScene
21:20:19.617 [JavaFX Application Thread] DEBUG WindowService        - Clearing previous game
21:20:19.617 [JavaFX Application Thread] DEBUG GameScene            - Clearing game scene
21:20:19.617 [JavaFX Application Thread] DEBUG GameWorld            - Clearing game world
21:20:19.617 [JavaFX Application Thread] DEBUG PhysicsWorld         - Clearing physics world
21:20:19.618 [FXGL Background Thread 1 ] DEBUG GameApplication      - Initializing game
21:20:19.623 [FXGL Background Thread 1 ] DEBUG AssetLoaderService   - Loading from file system: /assets/textures/4lanehighway.png
21:20:19.684 [FXGL Background Thread 1 ] DEBUG AssetLoaderService   - Loading from file system: /assets/textures/player.png
21:20:19.694 [FXGL Background Thread 1 ] INFO  GameApplication      - Game initialization took: 0.076 sec
21:20:19.695 [JavaFX Application Thread] DEBUG Input                - Clearing active input actions
21:20:19.700 [JavaFX Application Thread] DEBUG WindowService        - Removing overlay from FXGLLoadingScene and adding to GameScene
21:20:19.700 [JavaFX Application Thread] DEBUG MainWindow           - FXGLLoadingScene -> GameScene
21:20:20.707 [JavaFX Application Thread] DEBUG AssetLoaderService   - Loading from file system: /assets/textures/cowmoosespriterunning.png
21:20:20.711 [JavaFX Application Thread] DEBUG AssetLoaderService   - Loading from cache: /assets/textures/cowmoosespriterunning.png
21:20:21.125 [JavaFX Application Thread] DEBUG AssetLoaderService   - Loading from file system: /assets/textures/driver2.png
21:20:21.550 [JavaFX Application Thread] DEBUG AssetLoaderService   - Loading from cache: /assets/textures/cowmoosespriterunning.png
21:20:21.552 [JavaFX Application Thread] DEBUG AssetLoaderService   - Loading from cache: /assets/textures/cowmoosespriterunning.png
21:20:21.959 [JavaFX Application Thread] DEBUG AssetLoaderService   - Loading from file system: /assets/textures/pothole.png
21:20:22.047 [FXGL Background Thread 2 ] DEBUG Engine               - Logging environment variables
21:20:22.047 [FXGL Background Thread 2 ] DEBUG Engine               - achievements: []
21:20:22.047 [FXGL Background Thread 2 ] DEBUG Engine               - appIcon: fxgl_icon.png
21:20:22.047 [FXGL Background Thread 2 ] DEBUG Engine               - applicationMode: DEVELOPER
21:20:22.047 [FXGL Background Thread 2 ] DEBUG Engine               - cSSList: [fxgl_dark.css]
21:20:22.047 [FXGL Background Thread 2 ] DEBUG Engine               - configClass: Optional.empty
21:20:22.047 [FXGL Background Thread 2 ] DEBUG Engine               - credits: []
21:20:22.047 [FXGL Background Thread 2 ] DEBUG Engine               - devBBoxColorProperty: ObjectProperty [value: 0xff0000ff]
21:20:22.048 [FXGL Background Thread 2 ] DEBUG Engine               - devSensorColorProperty: ObjectProperty [value: 0xffff00ff]
21:20:22.048 [FXGL Background Thread 2 ] DEBUG Engine               - devShowBBoxProperty: BooleanProperty [value: false]
21:20:22.048 [FXGL Background Thread 2 ] DEBUG Engine               - devShowPositionProperty: BooleanProperty [value: false]
21:20:22.048 [FXGL Background Thread 2 ] DEBUG Engine               - enabledMenuItems: []
21:20:22.048 [FXGL Background Thread 2 ] DEBUG Engine               - engineServices: [class com.almasb.fxgl.app.GameApplication$GameApplicationService, class com.almasb.fxgl.app.services.WindowService, class com.almasb.fxgl.app.services.FXGLDialogService, class com.almasb.fxgl.app.services.IOTaskExecutorService, class com.almasb.fxgl.event.EventBusService, class com.almasb.fxgl.io.FileSystemService, class com.almasb.fxgl.localization.LocalizationService, class com.almasb.fxgl.app.services.AssetLoaderService, class com.almasb.fxgl.app.services.SystemBundleService, class com.almasb.fxgl.profile.SaveLoadService, class com.almasb.fxgl.ui.FXGLUIFactoryServiceProvider, class com.almasb.fxgl.ui.FXGLDialogFactoryServiceProvider, class com.almasb.fxgl.audio.AudioPlayer, class com.almasb.fxgl.notification.impl.NotificationServiceProvider, class com.almasb.fxgl.achievement.AchievementService, class com.almasb.fxgl.cutscene.CutsceneService, class com.almasb.fxgl.minigames.MiniGameService, class com.almasb.fxgl.net.NetService, class com.almasb.fxgl.app.services.UpdaterService, class com.almasb.fxgl.dev.DevService]
21:20:22.048 [FXGL Background Thread 2 ] DEBUG Engine               - fontGame: Abel-Regular.ttf
21:20:22.048 [FXGL Background Thread 2 ] DEBUG Engine               - fontMono: lucida_console.ttf
21:20:22.048 [FXGL Background Thread 2 ] DEBUG Engine               - fontText: Courier-Prime.ttf
21:20:22.048 [FXGL Background Thread 2 ] DEBUG Engine               - fontUI: VarelaRound-Regular.ttf
21:20:22.048 [FXGL Background Thread 2 ] DEBUG Engine               - fullScreen: BooleanProperty [value: false]
21:20:22.048 [FXGL Background Thread 2 ] DEBUG Engine               - gameDifficulty: MEDIUM
21:20:22.048 [FXGL Background Thread 2 ] DEBUG Engine               - gameDifficultyProperty: ObjectProperty [value: MEDIUM]
21:20:22.049 [FXGL Background Thread 2 ] DEBUG Engine               - globalMusicVolume: 0.5
21:20:22.049 [FXGL Background Thread 2 ] DEBUG Engine               - globalMusicVolumeProperty: DoubleProperty [value: 0.5]
21:20:22.049 [FXGL Background Thread 2 ] DEBUG Engine               - globalSoundVolume: 0.5
21:20:22.049 [FXGL Background Thread 2 ] DEBUG Engine               - globalSoundVolumeProperty: DoubleProperty [value: 0.5]
21:20:22.049 [FXGL Background Thread 2 ] DEBUG Engine               - height: 650
21:20:22.049 [FXGL Background Thread 2 ] DEBUG Engine               - isAndroid: false
21:20:22.049 [FXGL Background Thread 2 ] DEBUG Engine               - isBrowser: false
21:20:22.049 [FXGL Background Thread 2 ] DEBUG Engine               - isClickFeedbackEnabled: false
21:20:22.049 [FXGL Background Thread 2 ] DEBUG Engine               - isCloseConfirmation: false
21:20:22.049 [FXGL Background Thread 2 ] DEBUG Engine               - isDesktop: true
21:20:22.049 [FXGL Background Thread 2 ] DEBUG Engine               - isDeveloperMenuEnabled: false
21:20:22.049 [FXGL Background Thread 2 ] DEBUG Engine               - isExperimentalNative: false
21:20:22.049 [FXGL Background Thread 2 ] DEBUG Engine               - isExperimentalTiledLargeMap: false
21:20:22.049 [FXGL Background Thread 2 ] DEBUG Engine               - isFullScreenAllowed: false
21:20:22.049 [FXGL Background Thread 2 ] DEBUG Engine               - isFullScreenFromStart: false
21:20:22.049 [FXGL Background Thread 2 ] DEBUG Engine               - isGameMenuEnabled: true
21:20:22.049 [FXGL Background Thread 2 ] DEBUG Engine               - isIOS: false
21:20:22.050 [FXGL Background Thread 2 ] DEBUG Engine               - isIntroEnabled: false
21:20:22.050 [FXGL Background Thread 2 ] DEBUG Engine               - isLinux: false
21:20:22.050 [FXGL Background Thread 2 ] DEBUG Engine               - isMac: false
21:20:22.050 [FXGL Background Thread 2 ] DEBUG Engine               - isMainMenuEnabled: true
21:20:22.050 [FXGL Background Thread 2 ] DEBUG Engine               - isManualResizeEnabled: false
21:20:22.050 [FXGL Background Thread 2 ] DEBUG Engine               - isMobile: false
21:20:22.050 [FXGL Background Thread 2 ] DEBUG Engine               - isPreserveResizeRatio: false
21:20:22.050 [FXGL Background Thread 2 ] DEBUG Engine               - isProfilingEnabled: false
21:20:22.050 [FXGL Background Thread 2 ] DEBUG Engine               - isSingleStep: false
21:20:22.050 [FXGL Background Thread 2 ] DEBUG Engine               - isUserProfileEnabled: false
21:20:22.050 [FXGL Background Thread 2 ] DEBUG Engine               - isWindows: true
21:20:22.050 [FXGL Background Thread 2 ] DEBUG Engine               - language: ObjectProperty [value: ENGLISH]
21:20:22.050 [FXGL Background Thread 2 ] DEBUG Engine               - mainWindow: com.almasb.fxgl.app.MainWindow@5fffc4be
21:20:22.050 [FXGL Background Thread 2 ] DEBUG Engine               - menuKey: ESCAPE
21:20:22.050 [FXGL Background Thread 2 ] DEBUG Engine               - notificationViewClass: class com.almasb.fxgl.notification.view.XboxNotificationView
21:20:22.050 [FXGL Background Thread 2 ] DEBUG Engine               - pixelsPerMeter: 50.0
21:20:22.050 [FXGL Background Thread 2 ] DEBUG Engine               - platform: WINDOWS
21:20:22.050 [FXGL Background Thread 2 ] DEBUG Engine               - profileDir: profiles/
21:20:22.050 [FXGL Background Thread 2 ] DEBUG Engine               - profileName: StringProperty [value: DEFAULT]
21:20:22.051 [FXGL Background Thread 2 ] DEBUG Engine               - randomSeed: -1
21:20:22.051 [FXGL Background Thread 2 ] DEBUG Engine               - runtimeInfo: RuntimeInfo(platform=WINDOWS, version=11.9, build=27.05.2020 17.06)
21:20:22.051 [FXGL Background Thread 2 ] DEBUG Engine               - saveFileExt: sav
21:20:22.051 [FXGL Background Thread 2 ] DEBUG Engine               - sceneFactory: MooseGame.NewfoundRacerApp$1@1afd5125
21:20:22.051 [FXGL Background Thread 2 ] DEBUG Engine               - secondsIn24h: 60
21:20:22.051 [FXGL Background Thread 2 ] DEBUG Engine               - settings: Title: Newfoundland Moose Collision
Version: 0.1
Width: 840
Height: 650
Fullscreen: false
Intro: false
Profiling: false
Single step:false
App Mode: DEVELOPER
Menu Key: ESCAPE
Stage Style: DECORATED
Scene Factory: class MooseGame.NewfoundRacerApp$1

21:20:22.051 [FXGL Background Thread 2 ] DEBUG Engine               - soundMenuBack: menu/back.wav
21:20:22.051 [FXGL Background Thread 2 ] DEBUG Engine               - soundMenuPress: menu/press.wav
21:20:22.051 [FXGL Background Thread 2 ] DEBUG Engine               - soundMenuSelect: menu/select.wav
21:20:22.051 [FXGL Background Thread 2 ] DEBUG Engine               - soundNotification: core/notification.wav
21:20:22.051 [FXGL Background Thread 2 ] DEBUG Engine               - stageStyle: DECORATED
21:20:22.051 [FXGL Background Thread 2 ] DEBUG Engine               - supportedLanguages: [ENGLISH, FRENCH, GERMAN, HUNGARIAN, RUSSIAN]
21:20:22.051 [FXGL Background Thread 2 ] DEBUG Engine               - title: Newfoundland Moose Collision
21:20:22.051 [FXGL Background Thread 2 ] DEBUG Engine               - urlGithub: https://github.com/AlmasB/FXGL
21:20:22.051 [FXGL Background Thread 2 ] DEBUG Engine               - urlLeaderboard: http://fxgl-top.herokuapp.com/
21:20:22.051 [FXGL Background Thread 2 ] DEBUG Engine               - urlPOM: https://raw.githubusercontent.com/AlmasB/FXGL/master/pom.xml
21:20:22.051 [FXGL Background Thread 2 ] DEBUG Engine               - version: 0.1
21:20:22.051 [FXGL Background Thread 2 ] DEBUG Engine               - versionCheckDays: 7
21:20:22.051 [FXGL Background Thread 2 ] DEBUG Engine               - width: 840
21:20:22.051 [FXGL Background Thread 2 ] DEBUG Engine               - Logging services
21:20:22.051 [FXGL Background Thread 2 ] DEBUG Engine               - class com.almasb.fxgl.app.GameApplication$GameApplicationService
21:20:22.051 [FXGL Background Thread 2 ] DEBUG Engine               - class com.almasb.fxgl.app.services.WindowService
21:20:22.052 [FXGL Background Thread 2 ] DEBUG Engine               - class com.almasb.fxgl.app.services.FXGLDialogService
21:20:22.052 [FXGL Background Thread 2 ] DEBUG Engine               - class com.almasb.fxgl.app.services.IOTaskExecutorService
21:20:22.052 [FXGL Background Thread 2 ] DEBUG Engine               - class com.almasb.fxgl.event.EventBusService
21:20:22.052 [FXGL Background Thread 2 ] DEBUG Engine               - class com.almasb.fxgl.io.FileSystemService
21:20:22.052 [FXGL Background Thread 2 ] DEBUG Engine               - class com.almasb.fxgl.localization.LocalizationService
21:20:22.052 [FXGL Background Thread 2 ] DEBUG Engine               - class com.almasb.fxgl.app.services.AssetLoaderService
21:20:22.052 [FXGL Background Thread 2 ] DEBUG Engine               - class com.almasb.fxgl.app.services.SystemBundleService
21:20:22.052 [FXGL Background Thread 2 ] DEBUG Engine               - class com.almasb.fxgl.profile.SaveLoadService
21:20:22.052 [FXGL Background Thread 2 ] DEBUG Engine               - class com.almasb.fxgl.ui.FXGLUIFactoryServiceProvider
21:20:22.052 [FXGL Background Thread 2 ] DEBUG Engine               - class com.almasb.fxgl.ui.FXGLDialogFactoryServiceProvider
21:20:22.052 [FXGL Background Thread 2 ] DEBUG Engine               - class com.almasb.fxgl.audio.AudioPlayer
21:20:22.052 [FXGL Background Thread 2 ] DEBUG Engine               - class com.almasb.fxgl.notification.impl.NotificationServiceProvider
21:20:22.052 [FXGL Background Thread 2 ] DEBUG Engine               - class com.almasb.fxgl.achievement.AchievementService
21:20:22.052 [FXGL Background Thread 2 ] DEBUG Engine               - class com.almasb.fxgl.cutscene.CutsceneService
21:20:22.052 [FXGL Background Thread 2 ] DEBUG Engine               - class com.almasb.fxgl.minigames.MiniGameService
21:20:22.052 [FXGL Background Thread 2 ] DEBUG Engine               - class com.almasb.fxgl.net.NetService
21:20:22.052 [FXGL Background Thread 2 ] DEBUG Engine               - class com.almasb.fxgl.app.services.UpdaterService
21:20:22.052 [FXGL Background Thread 2 ] DEBUG Engine               - class com.almasb.fxgl.dev.DevService
21:20:22.405 [JavaFX Application Thread] DEBUG AssetLoaderService   - Loading from file system: /assets/textures/driver1.png
21:20:22.416 [JavaFX Application Thread] DEBUG AssetLoaderService   - Loading from cache: /assets/textures/cowmoosespriterunning.png
21:20:22.417 [JavaFX Application Thread] DEBUG AssetLoaderService   - Loading from cache: /assets/textures/cowmoosespriterunning.png
21:20:23.206 [JavaFX Application Thread] DEBUG MainWindow           - Push state: DialogSubScene
21:20:23.206 [JavaFX Application Thread] DEBUG Input                - Clearing active input actions
21:20:23.211 [JavaFX Application Thread] DEBUG WindowService        - Removing overlay from GameScene and adding to DialogSubScene
21:20:23.211 [JavaFX Application Thread] DEBUG MainWindow           - GameScene -> DialogSubScene
21:20:24.108 [JavaFX Application Thread] DEBUG MainWindow           - Pop state: DialogSubScene
21:20:24.108 [JavaFX Application Thread] DEBUG Input                - Clearing active input actions
21:20:24.108 [JavaFX Application Thread] DEBUG WindowService        - Removing overlay from DialogSubScene and adding to GameScene
21:20:24.109 [JavaFX Application Thread] DEBUG MainWindow           - GameScene <- DialogSubScene
21:20:24.165 [JavaFX Application Thread] DEBUG AssetLoaderService   - Loading from cache: /assets/textures/cowmoosespriterunning.png
21:20:24.165 [JavaFX Application Thread] DEBUG AssetLoaderService   - Loading from cache: /assets/textures/cowmoosespriterunning.png
21:20:24.549 [JavaFX Application Thread] DEBUG MainWindow           - Push state: DialogSubScene
21:20:24.549 [JavaFX Application Thread] DEBUG Input                - Clearing active input actions
21:20:24.549 [JavaFX Application Thread] DEBUG WindowService        - Removing overlay from GameScene and adding to DialogSubScene
21:20:24.549 [JavaFX Application Thread] DEBUG MainWindow           - GameScene -> DialogSubScene
21:20:25.084 [JavaFX Application Thread] DEBUG MainWindow           - Pop state: DialogSubScene
21:20:25.084 [JavaFX Application Thread] DEBUG Input                - Clearing active input actions
21:20:25.085 [JavaFX Application Thread] DEBUG WindowService        - Removing overlay from DialogSubScene and adding to GameScene
21:20:25.085 [JavaFX Application Thread] DEBUG MainWindow           - GameScene <- DialogSubScene
21:20:25.097 [JavaFX Application Thread] DEBUG AssetLoaderService   - Loading from cache: /assets/textures/driver2.png
21:20:25.494 [JavaFX Application Thread] DEBUG AssetLoaderService   - Loading from file system: /assets/textures/coin.png
21:20:25.507 [JavaFX Application Thread] DEBUG AssetLoaderService   - Loading from cache: /assets/textures/pothole.png
21:20:25.525 [JavaFX Application Thread] DEBUG AssetLoaderService   - Loading from cache: /assets/textures/cowmoosespriterunning.png
21:20:25.526 [JavaFX Application Thread] DEBUG AssetLoaderService   - Loading from cache: /assets/textures/cowmoosespriterunning.png
21:20:26.341 [JavaFX Application Thread] DEBUG AssetLoaderService   - Loading from cache: /assets/textures/driver1.png
21:20:26.357 [JavaFX Application Thread] DEBUG AssetLoaderService   - Loading from cache: /assets/textures/cowmoosespriterunning.png
21:20:26.358 [JavaFX Application Thread] DEBUG AssetLoaderService   - Loading from cache: /assets/textures/cowmoosespriterunning.png
21:20:27.189 [JavaFX Application Thread] DEBUG AssetLoaderService   - Loading from cache: /assets/textures/cowmoosespriterunning.png
21:20:27.189 [JavaFX Application Thread] DEBUG AssetLoaderService   - Loading from cache: /assets/textures/cowmoosespriterunning.png
21:20:27.590 [JavaFX Application Thread] DEBUG AssetLoaderService   - Loading from cache: /assets/textures/pothole.png
21:20:27.596 [JavaFX Application Thread] DEBUG AssetLoaderService   - Loading from cache: /assets/textures/driver2.png
21:20:28.021 [JavaFX Application Thread] DEBUG AssetLoaderService   - Loading from cache: /assets/textures/cowmoosespriterunning.png
21:20:28.022 [JavaFX Application Thread] DEBUG AssetLoaderService   - Loading from cache: /assets/textures/cowmoosespriterunning.png
21:20:28.102 [JavaFX Application Thread] DEBUG AssetLoaderService   - Loading from file system: /assets/sounds/coincollect.wav
21:20:28.917 [JavaFX Application Thread] DEBUG AssetLoaderService   - Loading from file system: /assets/textures/driver4.png
21:20:28.933 [JavaFX Application Thread] DEBUG AssetLoaderService   - Loading from cache: /assets/textures/cowmoosespriterunning.png
21:20:28.934 [JavaFX Application Thread] DEBUG AssetLoaderService   - Loading from cache: /assets/textures/cowmoosespriterunning.png
21:20:29.187 [JavaFX Application Thread] DEBUG MainWindow           - Push state: DialogSubScene
21:20:29.188 [JavaFX Application Thread] DEBUG Input                - Clearing active input actions
21:20:29.188 [JavaFX Application Thread] DEBUG WindowService        - Removing overlay from GameScene and adding to DialogSubScene
21:20:29.188 [JavaFX Application Thread] DEBUG MainWindow           - GameScene -> DialogSubScene
21:20:29.668 [JavaFX Application Thread] DEBUG MainWindow           - Pop state: DialogSubScene
21:20:29.668 [JavaFX Application Thread] DEBUG Input                - Clearing active input actions
21:20:29.668 [JavaFX Application Thread] DEBUG WindowService        - Removing overlay from DialogSubScene and adding to GameScene
21:20:29.668 [JavaFX Application Thread] DEBUG MainWindow           - GameScene <- DialogSubScene
21:20:30.198 [JavaFX Application Thread] DEBUG AssetLoaderService   - Loading from cache: /assets/textures/coin.png
21:20:30.214 [JavaFX Application Thread] DEBUG AssetLoaderService   - Loading from cache: /assets/textures/pothole.png
21:20:30.245 [JavaFX Application Thread] DEBUG AssetLoaderService   - Loading from cache: /assets/textures/cowmoosespriterunning.png
21:20:30.246 [JavaFX Application Thread] DEBUG AssetLoaderService   - Loading from cache: /assets/textures/cowmoosespriterunning.png
21:20:30.645 [JavaFX Application Thread] DEBUG AssetLoaderService   - Loading from cache: /assets/textures/driver4.png
21:20:31.077 [JavaFX Application Thread] DEBUG AssetLoaderService   - Loading from cache: /assets/textures/cowmoosespriterunning.png
21:20:31.077 [JavaFX Application Thread] DEBUG AssetLoaderService   - Loading from cache: /assets/textures/cowmoosespriterunning.png
21:20:31.760 [JavaFX Application Thread] DEBUG MainWindow           - Push state: DialogSubScene
21:20:31.760 [JavaFX Application Thread] DEBUG Input                - Clearing active input actions
21:20:31.763 [JavaFX Application Thread] DEBUG WindowService        - Removing overlay from GameScene and adding to DialogSubScene
21:20:31.764 [JavaFX Application Thread] DEBUG MainWindow           - GameScene -> DialogSubScene
21:20:32.348 [JavaFX Application Thread] DEBUG MainWindow           - Pop state: DialogSubScene
21:20:32.349 [JavaFX Application Thread] DEBUG Input                - Clearing active input actions
21:20:32.349 [JavaFX Application Thread] DEBUG WindowService        - Removing overlay from DialogSubScene and adding to GameScene
21:20:32.349 [JavaFX Application Thread] DEBUG MainWindow           - GameScene <- DialogSubScene
21:20:32.487 [JavaFX Application Thread] DEBUG AssetLoaderService   - Loading from cache: /assets/textures/driver4.png
21:20:32.509 [JavaFX Application Thread] DEBUG AssetLoaderService   - Loading from cache: /assets/textures/cowmoosespriterunning.png
21:20:32.511 [JavaFX Application Thread] DEBUG AssetLoaderService   - Loading from cache: /assets/textures/cowmoosespriterunning.png
21:20:32.885 [JavaFX Application Thread] DEBUG AssetLoaderService   - Loading from cache: /assets/textures/pothole.png
21:20:33.030 [JavaFX Application Thread] DEBUG MainWindow           - Push state: DialogSubScene
21:20:33.031 [JavaFX Application Thread] DEBUG Input                - Clearing active input actions
21:20:33.033 [JavaFX Application Thread] DEBUG WindowService        - Removing overlay from GameScene and adding to DialogSubScene
21:20:33.034 [JavaFX Application Thread] DEBUG MainWindow           - GameScene -> DialogSubScene
21:20:33.386 [JavaFX Application Thread] DEBUG GameApplication      - Exiting FXGL
21:20:33.386 [JavaFX Application Thread] DEBUG LoopRunner           - Stopping loop
21:20:33.386 [JavaFX Application Thread] DEBUG SystemBundleService  - Saving FXGL system data
21:20:33.387 [JavaFX Application Thread] DEBUG FileSystemAccess     - Writing to: E:\secondYear\Java\NewfoundlandRacer\system\fxgl.bundle
21:20:33.388 [JavaFX Application Thread] DEBUG GameApplication      - Shutting down background threads
21:20:33.388 [JavaFX Application Thread] DEBUG GameApplication      - Closing logger and exiting JavaFX
