14:55:44.908 [main                     ] DEBUG GameApplication      - Logger initialized
14:55:44.912 [main                     ] DEBUG GameApplication      - Logging settings
Title: Newfoundland Moose Collision
Version: 0.1
Width: 840
Height: 650
Fullscreen: false
Intro: false
Profiling: false
Single step:false
App Mode: DEVELOPER
Menu Key: ESCAPE
Stage Style: DECORATED
Scene Factory: class MooseGame.NewfoundRacerApp$1

14:55:45.306 [JavaFX Application Thread] DEBUG GameApplication      - Initializing FXGL
14:55:45.320 [JavaFX Application Thread] INFO  Engine               - FXGL-11.9 (27.05.2020 17.06) on WINDOWS (J:14.0.1 FX:13.0.2)
14:55:45.320 [JavaFX Application Thread] DEBUG Engine               - JRE Vendor Name: Oracle Corporation
14:55:45.320 [JavaFX Application Thread] DEBUG Engine               - Running on OS: Windows 10 version 10.0
14:55:45.320 [JavaFX Application Thread] DEBUG Engine               - Architecture: amd64
14:55:45.320 [JavaFX Application Thread] INFO  Engine               - Source code and latest versions at: https://github.com/AlmasB/FXGL
14:55:45.321 [JavaFX Application Thread] INFO  Engine               -              Join the FXGL chat at: https://gitter.im/AlmasB/FXGL
14:55:45.430 [JavaFX Application Thread] DEBUG MainWindow           - Creating a JavaFX scene
14:55:45.473 [JavaFX Application Thread] DEBUG MainWindow           - Target settings size: 840.0 x 650.0
14:55:45.473 [JavaFX Application Thread] DEBUG MainWindow           - Scaled scene size:    840.0 x 650.0
14:55:45.473 [JavaFX Application Thread] DEBUG MainWindow           - Scaled ratio: (1.0, 1.0)
14:55:45.474 [JavaFX Application Thread] DEBUG MainWindow           - Set initial scene to FXGLStartupScene
14:55:45.480 [JavaFX Application Thread] DEBUG MainWindow           - Opening main window
14:55:45.563 [JavaFX Application Thread] DEBUG MainWindow           - Window border size: (16.0, 39.0)
14:55:45.563 [JavaFX Application Thread] DEBUG MainWindow           - Scaled size: 840.0 x 650.0
14:55:45.563 [JavaFX Application Thread] DEBUG MainWindow           - Scaled ratio: (1.0, 1.0)
14:55:45.563 [JavaFX Application Thread] DEBUG MainWindow           - Scene size: 840.0 x 650.0
14:55:45.563 [JavaFX Application Thread] DEBUG MainWindow           - Stage size: 856.0 x 689.0
14:55:45.571 [FXGL Background Thread 1 ] DEBUG Engine               - Initializing environment variables
14:55:45.591 [FXGL Background Thread 1 ] DEBUG WindowService        - Applying CSS: fxgl_dark.css
14:55:45.592 [FXGL Background Thread 1 ] DEBUG AssetLoaderService   - Loading from file system: /assets/ui/css/fxgl_dark.css
14:55:45.631 [FXGL Background Thread 1 ] DEBUG WindowService        - Initializing application scenes
14:55:45.663 [FXGL Background Thread 1 ] DEBUG GameWorld            - Game world initialized
14:55:45.702 [FXGL Background Thread 1 ] DEBUG PhysicsWorld         - Physics world initialized: appHeight=650, physics.ppm=50.0
14:55:45.704 [FXGL Background Thread 1 ] DEBUG GameScene            - Game scene initialized: 840x650
14:55:45.732 [FXGL Background Thread 1 ] DEBUG AssetLoaderService   - Loading from file system: /assets/textures/particles/trace_horizontal.png
14:55:45.775 [FXGL Background Thread 1 ] DEBUG FXGL.DefaultMenu     - createMenuBodyGameMenu()
14:55:45.785 [FXGL Background Thread 1 ] DEBUG FXGL.DefaultMenu     - createOptionsMenu()
14:55:45.789 [FXGL Background Thread 1 ] DEBUG AssetLoaderService   - Loading from file system: /assets/textures/particles/smoke.png
14:55:45.827 [FXGL Background Thread 1 ] DEBUG WindowService        - Application scenes initialized
14:55:45.837 [FXGL Background Thread 1 ] DEBUG SystemBundleService  - Loading FXGL system data
14:55:45.840 [FXGL Background Thread 1 ] DEBUG FileSystemAccess     - Reading from: E:\secondYear\Java\NewfoundlandRacer\system\fxgl.bundle
14:55:45.844 [FXGL Background Thread 1 ] DEBUG SystemBundleService  - Bundle FXGL: {}
14:55:45.844 [FXGL Background Thread 1 ] INFO  Engine               - FXGL initialization took: 0.271 sec
14:55:45.846 [FXGL Background Thread 1 ] DEBUG GameApplication      - Loading localizations
14:55:45.846 [FXGL Background Thread 1 ] DEBUG AssetLoaderService   - Loading from file system: /assets/languages/english.lang
14:55:45.854 [FXGL Background Thread 1 ] DEBUG AssetLoaderService   - Loading from file system: /assets/languages/french.lang
14:55:45.856 [FXGL Background Thread 1 ] DEBUG AssetLoaderService   - Loading from file system: /assets/languages/german.lang
14:55:45.858 [FXGL Background Thread 1 ] DEBUG AssetLoaderService   - Loading from file system: /assets/languages/hungarian.lang
14:55:45.861 [FXGL Background Thread 1 ] DEBUG AssetLoaderService   - Loading from file system: /assets/languages/russian.lang
14:55:45.863 [FXGL Background Thread 1 ] DEBUG GameApplication      - Registering font factories with UI factory
14:55:45.863 [FXGL Background Thread 1 ] DEBUG AssetLoaderService   - Loading from file system: /assets/ui/fonts/VarelaRound-Regular.ttf
14:55:45.895 [FXGL Background Thread 1 ] DEBUG AssetLoaderService   - Loading from file system: /assets/ui/fonts/Abel-Regular.ttf
14:55:45.898 [FXGL Background Thread 1 ] DEBUG AssetLoaderService   - Loading from file system: /assets/ui/fonts/lucida_console.ttf
14:55:45.902 [FXGL Background Thread 1 ] DEBUG AssetLoaderService   - Loading from file system: /assets/ui/fonts/Courier-Prime.ttf
14:55:45.912 [JavaFX Application Thread] DEBUG Input                - Registered new binding: Move Right - D
14:55:45.912 [JavaFX Application Thread] DEBUG Input                - Registered new binding: Move Left - A
14:55:45.912 [JavaFX Application Thread] DEBUG Input                - Registered new binding: Move Up - W
14:55:45.912 [JavaFX Application Thread] DEBUG Input                - Registered new binding: Move Down - S
14:55:45.912 [JavaFX Application Thread] DEBUG AssetLoaderService   - Loading from file system: /assets/textures/fxgl_icon.png
14:55:45.927 [JavaFX Application Thread] DEBUG AssetLoaderService   - Loading from file system: /assets/ui/cursors/fxgl_default.png
14:55:45.930 [JavaFX Application Thread] DEBUG Input                - Registered new binding: Screenshot - P
14:55:45.930 [JavaFX Application Thread] DEBUG Input                - Registered new binding: System info dump - CTRL+9
14:55:45.930 [JavaFX Application Thread] DEBUG Input                - Registered new binding: Restart - CTRL+R
14:55:45.931 [JavaFX Application Thread] DEBUG LoopRunner           - Starting loop
14:55:45.951 [JavaFX Application Thread] DEBUG FXGLStartupScene     - STARTUP
14:55:45.952 [JavaFX Application Thread] DEBUG Input                - Clearing active input actions
14:55:45.958 [JavaFX Application Thread] DEBUG WindowService        - Removing overlay from FXGLStartupScene and adding to 
14:55:45.958 [JavaFX Application Thread] DEBUG MainWindow           - FXGLStartupScene -> 
14:55:45.958 [JavaFX Application Thread] DEBUG MainWindow           - Push state: NewfoundlandRacerMainMenu
14:55:45.958 [JavaFX Application Thread] DEBUG Input                - Clearing active input actions
14:55:45.965 [JavaFX Application Thread] DEBUG WindowService        - Removing overlay from  and adding to NewfoundlandRacerMainMenu
14:55:45.966 [JavaFX Application Thread] DEBUG MainWindow           -  -> NewfoundlandRacerMainMenu
14:55:48.847 [FXGL Background Thread 2 ] DEBUG Engine               - Logging environment variables
14:55:48.848 [FXGL Background Thread 2 ] DEBUG Engine               - achievements: []
14:55:48.848 [FXGL Background Thread 2 ] DEBUG Engine               - appIcon: fxgl_icon.png
14:55:48.849 [FXGL Background Thread 2 ] DEBUG Engine               - applicationMode: DEVELOPER
14:55:48.849 [FXGL Background Thread 2 ] DEBUG Engine               - cSSList: [fxgl_dark.css]
14:55:48.849 [FXGL Background Thread 2 ] DEBUG Engine               - configClass: Optional.empty
14:55:48.849 [FXGL Background Thread 2 ] DEBUG Engine               - credits: []
14:55:48.850 [FXGL Background Thread 2 ] DEBUG Engine               - devBBoxColorProperty: ObjectProperty [value: 0xff0000ff]
14:55:48.851 [FXGL Background Thread 2 ] DEBUG Engine               - devSensorColorProperty: ObjectProperty [value: 0xffff00ff]
14:55:48.851 [FXGL Background Thread 2 ] DEBUG Engine               - devShowBBoxProperty: BooleanProperty [value: false]
14:55:48.851 [FXGL Background Thread 2 ] DEBUG Engine               - devShowPositionProperty: BooleanProperty [value: false]
14:55:48.852 [FXGL Background Thread 2 ] DEBUG Engine               - enabledMenuItems: []
14:55:48.852 [FXGL Background Thread 2 ] DEBUG Engine               - engineServices: [class com.almasb.fxgl.app.GameApplication$GameApplicationService, class com.almasb.fxgl.app.services.WindowService, class com.almasb.fxgl.app.services.FXGLDialogService, class com.almasb.fxgl.app.services.IOTaskExecutorService, class com.almasb.fxgl.event.EventBusService, class com.almasb.fxgl.io.FileSystemService, class com.almasb.fxgl.localization.LocalizationService, class com.almasb.fxgl.app.services.AssetLoaderService, class com.almasb.fxgl.app.services.SystemBundleService, class com.almasb.fxgl.profile.SaveLoadService, class com.almasb.fxgl.ui.FXGLUIFactoryServiceProvider, class com.almasb.fxgl.ui.FXGLDialogFactoryServiceProvider, class com.almasb.fxgl.audio.AudioPlayer, class com.almasb.fxgl.notification.impl.NotificationServiceProvider, class com.almasb.fxgl.achievement.AchievementService, class com.almasb.fxgl.cutscene.CutsceneService, class com.almasb.fxgl.minigames.MiniGameService, class com.almasb.fxgl.net.NetService, class com.almasb.fxgl.app.services.UpdaterService, class com.almasb.fxgl.dev.DevService]
14:55:48.852 [FXGL Background Thread 2 ] DEBUG Engine               - fontGame: Abel-Regular.ttf
14:55:48.852 [FXGL Background Thread 2 ] DEBUG Engine               - fontMono: lucida_console.ttf
14:55:48.852 [FXGL Background Thread 2 ] DEBUG Engine               - fontText: Courier-Prime.ttf
14:55:48.852 [FXGL Background Thread 2 ] DEBUG Engine               - fontUI: VarelaRound-Regular.ttf
14:55:48.852 [FXGL Background Thread 2 ] DEBUG Engine               - fullScreen: BooleanProperty [value: false]
14:55:48.853 [FXGL Background Thread 2 ] DEBUG Engine               - gameDifficulty: MEDIUM
14:55:48.853 [FXGL Background Thread 2 ] DEBUG Engine               - gameDifficultyProperty: ObjectProperty [value: MEDIUM]
14:55:48.853 [FXGL Background Thread 2 ] DEBUG Engine               - globalMusicVolume: 0.5
14:55:48.853 [FXGL Background Thread 2 ] DEBUG Engine               - globalMusicVolumeProperty: DoubleProperty [value: 0.5]
14:55:48.853 [FXGL Background Thread 2 ] DEBUG Engine               - globalSoundVolume: 0.5
14:55:48.853 [FXGL Background Thread 2 ] DEBUG Engine               - globalSoundVolumeProperty: DoubleProperty [value: 0.5]
14:55:48.853 [FXGL Background Thread 2 ] DEBUG Engine               - height: 650
14:55:48.854 [FXGL Background Thread 2 ] DEBUG Engine               - isAndroid: false
14:55:48.854 [FXGL Background Thread 2 ] DEBUG Engine               - isBrowser: false
14:55:48.854 [FXGL Background Thread 2 ] DEBUG Engine               - isClickFeedbackEnabled: false
14:55:48.854 [FXGL Background Thread 2 ] DEBUG Engine               - isCloseConfirmation: false
14:55:48.854 [FXGL Background Thread 2 ] DEBUG Engine               - isDesktop: true
14:55:48.854 [FXGL Background Thread 2 ] DEBUG Engine               - isDeveloperMenuEnabled: false
14:55:48.854 [FXGL Background Thread 2 ] DEBUG Engine               - isExperimentalNative: false
14:55:48.854 [FXGL Background Thread 2 ] DEBUG Engine               - isExperimentalTiledLargeMap: false
14:55:48.854 [FXGL Background Thread 2 ] DEBUG Engine               - isFullScreenAllowed: false
14:55:48.854 [FXGL Background Thread 2 ] DEBUG Engine               - isFullScreenFromStart: false
14:55:48.854 [FXGL Background Thread 2 ] DEBUG Engine               - isGameMenuEnabled: true
14:55:48.854 [FXGL Background Thread 2 ] DEBUG Engine               - isIOS: false
14:55:48.854 [FXGL Background Thread 2 ] DEBUG Engine               - isIntroEnabled: false
14:55:48.855 [FXGL Background Thread 2 ] DEBUG Engine               - isLinux: false
14:55:48.855 [FXGL Background Thread 2 ] DEBUG Engine               - isMac: false
14:55:48.855 [FXGL Background Thread 2 ] DEBUG Engine               - isMainMenuEnabled: true
14:55:48.855 [FXGL Background Thread 2 ] DEBUG Engine               - isManualResizeEnabled: false
14:55:48.855 [FXGL Background Thread 2 ] DEBUG Engine               - isMobile: false
14:55:48.855 [FXGL Background Thread 2 ] DEBUG Engine               - isPreserveResizeRatio: false
14:55:48.855 [FXGL Background Thread 2 ] DEBUG Engine               - isProfilingEnabled: false
14:55:48.855 [FXGL Background Thread 2 ] DEBUG Engine               - isSingleStep: false
14:55:48.855 [FXGL Background Thread 2 ] DEBUG Engine               - isUserProfileEnabled: false
14:55:48.855 [FXGL Background Thread 2 ] DEBUG Engine               - isWindows: true
14:55:48.855 [FXGL Background Thread 2 ] DEBUG Engine               - language: ObjectProperty [value: ENGLISH]
14:55:48.855 [FXGL Background Thread 2 ] DEBUG Engine               - mainWindow: com.almasb.fxgl.app.MainWindow@4dfc5c72
14:55:48.855 [FXGL Background Thread 2 ] DEBUG Engine               - menuKey: ESCAPE
14:55:48.855 [FXGL Background Thread 2 ] DEBUG Engine               - notificationViewClass: class com.almasb.fxgl.notification.view.XboxNotificationView
14:55:48.856 [FXGL Background Thread 2 ] DEBUG Engine               - pixelsPerMeter: 50.0
14:55:48.856 [FXGL Background Thread 2 ] DEBUG Engine               - platform: WINDOWS
14:55:48.856 [FXGL Background Thread 2 ] DEBUG Engine               - profileDir: profiles/
14:55:48.856 [FXGL Background Thread 2 ] DEBUG Engine               - profileName: StringProperty [value: DEFAULT]
14:55:48.856 [FXGL Background Thread 2 ] DEBUG Engine               - randomSeed: -1
14:55:48.856 [FXGL Background Thread 2 ] DEBUG Engine               - runtimeInfo: RuntimeInfo(platform=WINDOWS, version=11.9, build=27.05.2020 17.06)
14:55:48.856 [FXGL Background Thread 2 ] DEBUG Engine               - saveFileExt: sav
14:55:48.856 [FXGL Background Thread 2 ] DEBUG Engine               - sceneFactory: MooseGame.NewfoundRacerApp$1@8fedba9
14:55:48.856 [FXGL Background Thread 2 ] DEBUG Engine               - secondsIn24h: 60
14:55:48.856 [FXGL Background Thread 2 ] DEBUG Engine               - settings: Title: Newfoundland Moose Collision
Version: 0.1
Width: 840
Height: 650
Fullscreen: false
Intro: false
Profiling: false
Single step:false
App Mode: DEVELOPER
Menu Key: ESCAPE
Stage Style: DECORATED
Scene Factory: class MooseGame.NewfoundRacerApp$1

14:55:48.857 [FXGL Background Thread 2 ] DEBUG Engine               - soundMenuBack: menu/back.wav
14:55:48.857 [FXGL Background Thread 2 ] DEBUG Engine               - soundMenuPress: menu/press.wav
14:55:48.857 [FXGL Background Thread 2 ] DEBUG Engine               - soundMenuSelect: menu/select.wav
14:55:48.857 [FXGL Background Thread 2 ] DEBUG Engine               - soundNotification: core/notification.wav
14:55:48.857 [FXGL Background Thread 2 ] DEBUG Engine               - stageStyle: DECORATED
14:55:48.857 [FXGL Background Thread 2 ] DEBUG Engine               - supportedLanguages: [ENGLISH, FRENCH, GERMAN, HUNGARIAN, RUSSIAN]
14:55:48.857 [FXGL Background Thread 2 ] DEBUG Engine               - title: Newfoundland Moose Collision
14:55:48.857 [FXGL Background Thread 2 ] DEBUG Engine               - urlGithub: https://github.com/AlmasB/FXGL
14:55:48.857 [FXGL Background Thread 2 ] DEBUG Engine               - urlLeaderboard: http://fxgl-top.herokuapp.com/
14:55:48.857 [FXGL Background Thread 2 ] DEBUG Engine               - urlPOM: https://raw.githubusercontent.com/AlmasB/FXGL/master/pom.xml
14:55:48.857 [FXGL Background Thread 2 ] DEBUG Engine               - version: 0.1
14:55:48.857 [FXGL Background Thread 2 ] DEBUG Engine               - versionCheckDays: 7
14:55:48.857 [FXGL Background Thread 2 ] DEBUG Engine               - width: 840
14:55:48.857 [FXGL Background Thread 2 ] DEBUG Engine               - Logging services
14:55:48.857 [FXGL Background Thread 2 ] DEBUG Engine               - class com.almasb.fxgl.app.GameApplication$GameApplicationService
14:55:48.857 [FXGL Background Thread 2 ] DEBUG Engine               - class com.almasb.fxgl.app.services.WindowService
14:55:48.858 [FXGL Background Thread 2 ] DEBUG Engine               - class com.almasb.fxgl.app.services.FXGLDialogService
14:55:48.858 [FXGL Background Thread 2 ] DEBUG Engine               - class com.almasb.fxgl.app.services.IOTaskExecutorService
14:55:48.858 [FXGL Background Thread 2 ] DEBUG Engine               - class com.almasb.fxgl.event.EventBusService
14:55:48.858 [FXGL Background Thread 2 ] DEBUG Engine               - class com.almasb.fxgl.io.FileSystemService
14:55:48.858 [FXGL Background Thread 2 ] DEBUG Engine               - class com.almasb.fxgl.localization.LocalizationService
14:55:48.858 [FXGL Background Thread 2 ] DEBUG Engine               - class com.almasb.fxgl.app.services.AssetLoaderService
14:55:48.858 [FXGL Background Thread 2 ] DEBUG Engine               - class com.almasb.fxgl.app.services.SystemBundleService
14:55:48.858 [FXGL Background Thread 2 ] DEBUG Engine               - class com.almasb.fxgl.profile.SaveLoadService
14:55:48.858 [FXGL Background Thread 2 ] DEBUG Engine               - class com.almasb.fxgl.ui.FXGLUIFactoryServiceProvider
14:55:48.858 [FXGL Background Thread 2 ] DEBUG Engine               - class com.almasb.fxgl.ui.FXGLDialogFactoryServiceProvider
14:55:48.858 [FXGL Background Thread 2 ] DEBUG Engine               - class com.almasb.fxgl.audio.AudioPlayer
14:55:48.858 [FXGL Background Thread 2 ] DEBUG Engine               - class com.almasb.fxgl.notification.impl.NotificationServiceProvider
14:55:48.858 [FXGL Background Thread 2 ] DEBUG Engine               - class com.almasb.fxgl.achievement.AchievementService
14:55:48.858 [FXGL Background Thread 2 ] DEBUG Engine               - class com.almasb.fxgl.cutscene.CutsceneService
14:55:48.858 [FXGL Background Thread 2 ] DEBUG Engine               - class com.almasb.fxgl.minigames.MiniGameService
14:55:48.858 [FXGL Background Thread 2 ] DEBUG Engine               - class com.almasb.fxgl.net.NetService
14:55:48.858 [FXGL Background Thread 2 ] DEBUG Engine               - class com.almasb.fxgl.app.services.UpdaterService
14:55:48.858 [FXGL Background Thread 2 ] DEBUG Engine               - class com.almasb.fxgl.dev.DevService
14:55:51.538 [JavaFX Application Thread] DEBUG GameApplication      - Exiting FXGL
14:55:51.538 [JavaFX Application Thread] DEBUG LoopRunner           - Stopping loop
14:55:51.538 [JavaFX Application Thread] DEBUG SystemBundleService  - Saving FXGL system data
14:55:51.539 [JavaFX Application Thread] DEBUG FileSystemAccess     - Writing to: E:\secondYear\Java\NewfoundlandRacer\system\fxgl.bundle
14:55:51.540 [JavaFX Application Thread] DEBUG GameApplication      - Shutting down background threads
14:55:51.540 [JavaFX Application Thread] DEBUG GameApplication      - Closing logger and exiting JavaFX
