15:10:01.474 [main                     ] DEBUG GameApplication      - Logger initialized
15:10:01.478 [main                     ] DEBUG GameApplication      - Logging settings
Title: Newfoundland Moose Collision
Version: 0.1
Width: 840
Height: 650
Fullscreen: false
Intro: false
Profiling: false
Single step:false
App Mode: DEVELOPER
Menu Key: ESCAPE
Stage Style: DECORATED
Scene Factory: class MooseGame.NewfoundRacerApp$1

15:10:01.849 [JavaFX Application Thread] DEBUG GameApplication      - Initializing FXGL
15:10:01.863 [JavaFX Application Thread] INFO  Engine               - FXGL-11.9 (27.05.2020 17.06) on WINDOWS (J:14.0.1 FX:13.0.2)
15:10:01.863 [JavaFX Application Thread] DEBUG Engine               - JRE Vendor Name: Oracle Corporation
15:10:01.863 [JavaFX Application Thread] DEBUG Engine               - Running on OS: Windows 10 version 10.0
15:10:01.863 [JavaFX Application Thread] DEBUG Engine               - Architecture: amd64
15:10:01.863 [JavaFX Application Thread] INFO  Engine               - Source code and latest versions at: https://github.com/AlmasB/FXGL
15:10:01.863 [JavaFX Application Thread] INFO  Engine               -              Join the FXGL chat at: https://gitter.im/AlmasB/FXGL
15:10:01.974 [JavaFX Application Thread] DEBUG MainWindow           - Creating a JavaFX scene
15:10:02.016 [JavaFX Application Thread] DEBUG MainWindow           - Target settings size: 840.0 x 650.0
15:10:02.017 [JavaFX Application Thread] DEBUG MainWindow           - Scaled scene size:    840.0 x 650.0
15:10:02.017 [JavaFX Application Thread] DEBUG MainWindow           - Scaled ratio: (1.0, 1.0)
15:10:02.018 [JavaFX Application Thread] DEBUG MainWindow           - Set initial scene to FXGLStartupScene
15:10:02.024 [JavaFX Application Thread] DEBUG MainWindow           - Opening main window
15:10:02.104 [JavaFX Application Thread] DEBUG MainWindow           - Window border size: (16.0, 39.0)
15:10:02.104 [JavaFX Application Thread] DEBUG MainWindow           - Scaled size: 840.0 x 650.0
15:10:02.104 [JavaFX Application Thread] DEBUG MainWindow           - Scaled ratio: (1.0, 1.0)
15:10:02.104 [JavaFX Application Thread] DEBUG MainWindow           - Scene size: 840.0 x 650.0
15:10:02.104 [JavaFX Application Thread] DEBUG MainWindow           - Stage size: 856.0 x 689.0
15:10:02.111 [FXGL Background Thread 1 ] DEBUG Engine               - Initializing environment variables
15:10:02.131 [FXGL Background Thread 1 ] DEBUG WindowService        - Applying CSS: fxgl_dark.css
15:10:02.132 [FXGL Background Thread 1 ] DEBUG AssetLoaderService   - Loading from file system: /assets/ui/css/fxgl_dark.css
15:10:02.168 [FXGL Background Thread 1 ] DEBUG WindowService        - Initializing application scenes
15:10:02.194 [FXGL Background Thread 1 ] DEBUG GameWorld            - Game world initialized
15:10:02.227 [FXGL Background Thread 1 ] DEBUG PhysicsWorld         - Physics world initialized: appHeight=650, physics.ppm=50.0
15:10:02.229 [FXGL Background Thread 1 ] DEBUG GameScene            - Game scene initialized: 840x650
15:10:02.255 [FXGL Background Thread 1 ] DEBUG AssetLoaderService   - Loading from file system: /assets/textures/particles/trace_horizontal.png
15:10:02.303 [FXGL Background Thread 1 ] DEBUG FXGL.DefaultMenu     - createMenuBodyGameMenu()
15:10:02.317 [FXGL Background Thread 1 ] DEBUG FXGL.DefaultMenu     - createOptionsMenu()
15:10:02.320 [FXGL Background Thread 1 ] DEBUG AssetLoaderService   - Loading from file system: /assets/textures/particles/smoke.png
15:10:02.364 [FXGL Background Thread 1 ] DEBUG WindowService        - Application scenes initialized
15:10:02.372 [FXGL Background Thread 1 ] DEBUG SystemBundleService  - Loading FXGL system data
15:10:02.375 [FXGL Background Thread 1 ] DEBUG FileSystemAccess     - Reading from: E:\secondYear\Java\NewfoundlandRacer\system\fxgl.bundle
15:10:02.380 [FXGL Background Thread 1 ] DEBUG SystemBundleService  - Bundle FXGL: {}
15:10:02.380 [FXGL Background Thread 1 ] INFO  Engine               - FXGL initialization took: 0.267 sec
15:10:02.382 [FXGL Background Thread 1 ] DEBUG GameApplication      - Loading localizations
15:10:02.383 [FXGL Background Thread 1 ] DEBUG AssetLoaderService   - Loading from file system: /assets/languages/english.lang
15:10:02.390 [FXGL Background Thread 1 ] DEBUG AssetLoaderService   - Loading from file system: /assets/languages/french.lang
15:10:02.392 [FXGL Background Thread 1 ] DEBUG AssetLoaderService   - Loading from file system: /assets/languages/german.lang
15:10:02.394 [FXGL Background Thread 1 ] DEBUG AssetLoaderService   - Loading from file system: /assets/languages/hungarian.lang
15:10:02.396 [FXGL Background Thread 1 ] DEBUG AssetLoaderService   - Loading from file system: /assets/languages/russian.lang
15:10:02.399 [FXGL Background Thread 1 ] DEBUG GameApplication      - Registering font factories with UI factory
15:10:02.399 [FXGL Background Thread 1 ] DEBUG AssetLoaderService   - Loading from file system: /assets/ui/fonts/VarelaRound-Regular.ttf
15:10:02.431 [FXGL Background Thread 1 ] DEBUG AssetLoaderService   - Loading from file system: /assets/ui/fonts/Abel-Regular.ttf
15:10:02.434 [FXGL Background Thread 1 ] DEBUG AssetLoaderService   - Loading from file system: /assets/ui/fonts/lucida_console.ttf
15:10:02.438 [FXGL Background Thread 1 ] DEBUG AssetLoaderService   - Loading from file system: /assets/ui/fonts/Courier-Prime.ttf
15:10:02.451 [JavaFX Application Thread] DEBUG Input                - Registered new binding: Move Right - D
15:10:02.451 [JavaFX Application Thread] DEBUG Input                - Registered new binding: Move Left - A
15:10:02.451 [JavaFX Application Thread] DEBUG Input                - Registered new binding: Move Up - W
15:10:02.451 [JavaFX Application Thread] DEBUG Input                - Registered new binding: Move Down - S
15:10:02.451 [JavaFX Application Thread] DEBUG AssetLoaderService   - Loading from file system: /assets/textures/fxgl_icon.png
15:10:02.466 [JavaFX Application Thread] DEBUG AssetLoaderService   - Loading from file system: /assets/ui/cursors/fxgl_default.png
15:10:02.468 [JavaFX Application Thread] DEBUG Input                - Registered new binding: Screenshot - P
15:10:02.469 [JavaFX Application Thread] DEBUG Input                - Registered new binding: System info dump - CTRL+9
15:10:02.469 [JavaFX Application Thread] DEBUG Input                - Registered new binding: Restart - CTRL+R
15:10:02.470 [JavaFX Application Thread] DEBUG LoopRunner           - Starting loop
15:10:02.480 [JavaFX Application Thread] DEBUG FXGLStartupScene     - STARTUP
15:10:02.481 [JavaFX Application Thread] DEBUG Input                - Clearing active input actions
15:10:02.487 [JavaFX Application Thread] DEBUG WindowService        - Removing overlay from FXGLStartupScene and adding to 
15:10:02.487 [JavaFX Application Thread] DEBUG MainWindow           - FXGLStartupScene -> 
15:10:02.487 [JavaFX Application Thread] DEBUG MainWindow           - Push state: NewfoundlandRacerMainMenu
15:10:02.487 [JavaFX Application Thread] DEBUG Input                - Clearing active input actions
15:10:02.491 [JavaFX Application Thread] DEBUG WindowService        - Removing overlay from  and adding to NewfoundlandRacerMainMenu
15:10:02.491 [JavaFX Application Thread] DEBUG MainWindow           -  -> NewfoundlandRacerMainMenu
15:10:03.513 [JavaFX Application Thread] DEBUG Menu                 - fireNewGame()
15:10:03.513 [JavaFX Application Thread] DEBUG WindowService        - Starting new game
15:10:03.513 [JavaFX Application Thread] DEBUG MainWindow           - Pop state: NewfoundlandRacerMainMenu
15:10:03.513 [JavaFX Application Thread] DEBUG Input                - Clearing active input actions
15:10:03.514 [JavaFX Application Thread] DEBUG WindowService        - Removing overlay from NewfoundlandRacerMainMenu and adding to 
15:10:03.514 [JavaFX Application Thread] DEBUG MainWindow           -  <- NewfoundlandRacerMainMenu
15:10:03.514 [JavaFX Application Thread] DEBUG Input                - Clearing active input actions
15:10:03.520 [JavaFX Application Thread] DEBUG WindowService        - Removing overlay from  and adding to FXGLLoadingScene
15:10:03.520 [JavaFX Application Thread] DEBUG MainWindow           -  -> FXGLLoadingScene
15:10:03.520 [JavaFX Application Thread] DEBUG WindowService        - Clearing previous game
15:10:03.520 [JavaFX Application Thread] DEBUG GameScene            - Clearing game scene
15:10:03.520 [JavaFX Application Thread] DEBUG GameWorld            - Clearing game world
15:10:03.520 [JavaFX Application Thread] DEBUG PhysicsWorld         - Clearing physics world
15:10:03.521 [FXGL Background Thread 1 ] DEBUG GameApplication      - Initializing game
15:10:03.528 [FXGL Background Thread 1 ] DEBUG AssetLoaderService   - Loading from file system: /assets/textures/4lanehighway.png
15:10:03.591 [FXGL Background Thread 1 ] DEBUG AssetLoaderService   - Loading from file system: /assets/textures/player.png
15:10:03.603 [FXGL Background Thread 1 ] INFO  GameApplication      - Game initialization took: 0.081 sec
15:10:03.604 [JavaFX Application Thread] DEBUG Input                - Clearing active input actions
15:10:03.609 [JavaFX Application Thread] DEBUG WindowService        - Removing overlay from FXGLLoadingScene and adding to GameScene
15:10:03.609 [JavaFX Application Thread] DEBUG MainWindow           - FXGLLoadingScene -> GameScene
15:10:04.076 [JavaFX Application Thread] DEBUG AssetLoaderService   - Loading from file system: /assets/textures/driver3.png
15:10:04.557 [JavaFX Application Thread] DEBUG AssetLoaderService   - Loading from file system: /assets/textures/driver1.png
15:10:04.747 [JavaFX Application Thread] DEBUG GameApplication      - Exiting FXGL
15:10:04.747 [JavaFX Application Thread] DEBUG LoopRunner           - Stopping loop
15:10:04.747 [JavaFX Application Thread] DEBUG SystemBundleService  - Saving FXGL system data
15:10:04.749 [JavaFX Application Thread] DEBUG FileSystemAccess     - Writing to: E:\secondYear\Java\NewfoundlandRacer\system\fxgl.bundle
15:10:04.750 [JavaFX Application Thread] DEBUG GameApplication      - Shutting down background threads
15:10:04.750 [JavaFX Application Thread] DEBUG GameApplication      - Closing logger and exiting JavaFX
