20:30:52.282 [main                     ] DEBUG GameApplication      - Logger initialized
20:30:52.286 [main                     ] DEBUG GameApplication      - Logging settings
Title: Newfoundland Moose Collision
Version: 0.1
Width: 840
Height: 650
Fullscreen: false
Intro: false
Profiling: false
Single step:false
App Mode: DEVELOPER
Menu Key: ESCAPE
Stage Style: DECORATED
Scene Factory: class MooseGame.NewfoundRacerApp$1

20:30:52.605 [JavaFX Application Thread] DEBUG GameApplication      - Initializing FXGL
20:30:52.613 [JavaFX Application Thread] INFO  Engine               - FXGL-11.9 (27.05.2020 17.06) on WINDOWS (J:14.0.1 FX:13.0.2)
20:30:52.613 [JavaFX Application Thread] DEBUG Engine               - JRE Vendor Name: Oracle Corporation
20:30:52.613 [JavaFX Application Thread] DEBUG Engine               - Running on OS: Windows 10 version 10.0
20:30:52.613 [JavaFX Application Thread] DEBUG Engine               - Architecture: amd64
20:30:52.613 [JavaFX Application Thread] INFO  Engine               - Source code and latest versions at: https://github.com/AlmasB/FXGL
20:30:52.613 [JavaFX Application Thread] INFO  Engine               -              Join the FXGL chat at: https://gitter.im/AlmasB/FXGL
20:30:52.697 [JavaFX Application Thread] DEBUG MainWindow           - Creating a JavaFX scene
20:30:52.734 [JavaFX Application Thread] DEBUG MainWindow           - Target settings size: 840.0 x 650.0
20:30:52.734 [JavaFX Application Thread] DEBUG MainWindow           - Scaled scene size:    840.0 x 650.0
20:30:52.734 [JavaFX Application Thread] DEBUG MainWindow           - Scaled ratio: (1.0, 1.0)
20:30:52.736 [JavaFX Application Thread] DEBUG MainWindow           - Set initial scene to FXGLStartupScene
20:30:52.742 [JavaFX Application Thread] DEBUG MainWindow           - Opening main window
20:30:52.816 [JavaFX Application Thread] DEBUG MainWindow           - Window border size: (16.0, 39.0)
20:30:52.816 [JavaFX Application Thread] DEBUG MainWindow           - Scaled size: 840.0 x 650.0
20:30:52.816 [JavaFX Application Thread] DEBUG MainWindow           - Scaled ratio: (1.0, 1.0)
20:30:52.816 [JavaFX Application Thread] DEBUG MainWindow           - Scene size: 840.0 x 650.0
20:30:52.816 [JavaFX Application Thread] DEBUG MainWindow           - Stage size: 856.0 x 689.0
20:30:52.823 [FXGL Background Thread 1 ] DEBUG Engine               - Initializing environment variables
20:30:52.845 [FXGL Background Thread 1 ] DEBUG WindowService        - Applying CSS: fxgl_dark.css
20:30:52.845 [FXGL Background Thread 1 ] DEBUG AssetLoaderService   - Loading from file system: /assets/ui/css/fxgl_dark.css
20:30:52.881 [FXGL Background Thread 1 ] DEBUG WindowService        - Initializing application scenes
20:30:52.907 [FXGL Background Thread 1 ] DEBUG GameWorld            - Game world initialized
20:30:52.936 [FXGL Background Thread 1 ] DEBUG PhysicsWorld         - Physics world initialized: appHeight=650, physics.ppm=50.0
20:30:52.937 [FXGL Background Thread 1 ] DEBUG GameScene            - Game scene initialized: 840x650
20:30:53.024 [FXGL Background Thread 1 ] DEBUG AssetLoaderService   - Loading from file system: /assets/textures/particles/trace_horizontal.png
20:30:53.051 [FXGL Background Thread 1 ] DEBUG FXGL.DefaultMenu     - createMenuBodyGameMenu()
20:30:53.061 [FXGL Background Thread 1 ] DEBUG FXGL.DefaultMenu     - createOptionsMenu()
20:30:53.064 [FXGL Background Thread 1 ] DEBUG AssetLoaderService   - Loading from file system: /assets/textures/particles/smoke.png
20:30:53.111 [FXGL Background Thread 1 ] DEBUG WindowService        - Application scenes initialized
20:30:53.119 [FXGL Background Thread 1 ] DEBUG SystemBundleService  - Loading FXGL system data
20:30:53.123 [FXGL Background Thread 1 ] DEBUG FileSystemAccess     - Reading from: E:\secondYear\Java\NewfoundlandRacer\system\fxgl.bundle
20:30:53.128 [FXGL Background Thread 1 ] DEBUG SystemBundleService  - Bundle FXGL: {}
20:30:53.128 [FXGL Background Thread 1 ] INFO  Engine               - FXGL initialization took: 0.304 sec
20:30:53.129 [FXGL Background Thread 1 ] DEBUG GameApplication      - Loading localizations
20:30:53.130 [FXGL Background Thread 1 ] DEBUG AssetLoaderService   - Loading from file system: /assets/languages/english.lang
20:30:53.137 [FXGL Background Thread 1 ] DEBUG AssetLoaderService   - Loading from file system: /assets/languages/french.lang
20:30:53.138 [FXGL Background Thread 1 ] DEBUG AssetLoaderService   - Loading from file system: /assets/languages/german.lang
20:30:53.139 [FXGL Background Thread 1 ] DEBUG AssetLoaderService   - Loading from file system: /assets/languages/hungarian.lang
20:30:53.141 [FXGL Background Thread 1 ] DEBUG AssetLoaderService   - Loading from file system: /assets/languages/russian.lang
20:30:53.143 [FXGL Background Thread 1 ] DEBUG GameApplication      - Registering font factories with UI factory
20:30:53.143 [FXGL Background Thread 1 ] DEBUG AssetLoaderService   - Loading from file system: /assets/ui/fonts/VarelaRound-Regular.ttf
20:30:53.171 [FXGL Background Thread 1 ] DEBUG AssetLoaderService   - Loading from file system: /assets/ui/fonts/Abel-Regular.ttf
20:30:53.173 [FXGL Background Thread 1 ] DEBUG AssetLoaderService   - Loading from file system: /assets/ui/fonts/lucida_console.ttf
20:30:53.177 [FXGL Background Thread 1 ] DEBUG AssetLoaderService   - Loading from file system: /assets/ui/fonts/Courier-Prime.ttf
20:30:53.185 [JavaFX Application Thread] DEBUG Input                - Registered new binding: Move Right - D
20:30:53.186 [JavaFX Application Thread] DEBUG Input                - Registered new binding: Move Left - A
20:30:53.186 [JavaFX Application Thread] DEBUG Input                - Registered new binding: Move Up - W
20:30:53.186 [JavaFX Application Thread] DEBUG Input                - Registered new binding: Move Down - S
20:30:53.186 [JavaFX Application Thread] DEBUG AssetLoaderService   - Loading from file system: /assets/textures/fxgl_icon.png
20:30:53.198 [JavaFX Application Thread] DEBUG AssetLoaderService   - Loading from file system: /assets/ui/cursors/fxgl_default.png
20:30:53.200 [JavaFX Application Thread] DEBUG Input                - Registered new binding: Screenshot - P
20:30:53.200 [JavaFX Application Thread] DEBUG Input                - Registered new binding: System info dump - CTRL+9
20:30:53.200 [JavaFX Application Thread] DEBUG Input                - Registered new binding: Restart - CTRL+R
20:30:53.201 [JavaFX Application Thread] DEBUG LoopRunner           - Starting loop
20:30:53.205 [JavaFX Application Thread] DEBUG FXGLStartupScene     - STARTUP
20:30:53.206 [JavaFX Application Thread] DEBUG Input                - Clearing active input actions
20:30:53.212 [JavaFX Application Thread] DEBUG WindowService        - Removing overlay from FXGLStartupScene and adding to 
20:30:53.212 [JavaFX Application Thread] DEBUG MainWindow           - FXGLStartupScene -> 
20:30:53.212 [JavaFX Application Thread] DEBUG MainWindow           - Push state: NewfoundlandRacerMainMenu
20:30:53.212 [JavaFX Application Thread] DEBUG Input                - Clearing active input actions
20:30:53.219 [JavaFX Application Thread] DEBUG WindowService        - Removing overlay from  and adding to NewfoundlandRacerMainMenu
20:30:53.219 [JavaFX Application Thread] DEBUG MainWindow           -  -> NewfoundlandRacerMainMenu
20:30:56.131 [FXGL Background Thread 2 ] DEBUG Engine               - Logging environment variables
20:30:56.131 [FXGL Background Thread 2 ] DEBUG Engine               - achievements: []
20:30:56.131 [FXGL Background Thread 2 ] DEBUG Engine               - appIcon: fxgl_icon.png
20:30:56.131 [FXGL Background Thread 2 ] DEBUG Engine               - applicationMode: DEVELOPER
20:30:56.131 [FXGL Background Thread 2 ] DEBUG Engine               - cSSList: [fxgl_dark.css]
20:30:56.131 [FXGL Background Thread 2 ] DEBUG Engine               - configClass: Optional.empty
20:30:56.131 [FXGL Background Thread 2 ] DEBUG Engine               - credits: []
20:30:56.131 [FXGL Background Thread 2 ] DEBUG Engine               - devBBoxColorProperty: ObjectProperty [value: 0xff0000ff]
20:30:56.131 [FXGL Background Thread 2 ] DEBUG Engine               - devSensorColorProperty: ObjectProperty [value: 0xffff00ff]
20:30:56.132 [FXGL Background Thread 2 ] DEBUG Engine               - devShowBBoxProperty: BooleanProperty [value: false]
20:30:56.132 [FXGL Background Thread 2 ] DEBUG Engine               - devShowPositionProperty: BooleanProperty [value: false]
20:30:56.132 [FXGL Background Thread 2 ] DEBUG Engine               - enabledMenuItems: []
20:30:56.132 [FXGL Background Thread 2 ] DEBUG Engine               - engineServices: [class com.almasb.fxgl.app.GameApplication$GameApplicationService, class com.almasb.fxgl.app.services.WindowService, class com.almasb.fxgl.app.services.FXGLDialogService, class com.almasb.fxgl.app.services.IOTaskExecutorService, class com.almasb.fxgl.event.EventBusService, class com.almasb.fxgl.io.FileSystemService, class com.almasb.fxgl.localization.LocalizationService, class com.almasb.fxgl.app.services.AssetLoaderService, class com.almasb.fxgl.app.services.SystemBundleService, class com.almasb.fxgl.profile.SaveLoadService, class com.almasb.fxgl.ui.FXGLUIFactoryServiceProvider, class com.almasb.fxgl.ui.FXGLDialogFactoryServiceProvider, class com.almasb.fxgl.audio.AudioPlayer, class com.almasb.fxgl.notification.impl.NotificationServiceProvider, class com.almasb.fxgl.achievement.AchievementService, class com.almasb.fxgl.cutscene.CutsceneService, class com.almasb.fxgl.minigames.MiniGameService, class com.almasb.fxgl.net.NetService, class com.almasb.fxgl.app.services.UpdaterService, class com.almasb.fxgl.dev.DevService]
20:30:56.132 [FXGL Background Thread 2 ] DEBUG Engine               - fontGame: Abel-Regular.ttf
20:30:56.132 [FXGL Background Thread 2 ] DEBUG Engine               - fontMono: lucida_console.ttf
20:30:56.132 [FXGL Background Thread 2 ] DEBUG Engine               - fontText: Courier-Prime.ttf
20:30:56.132 [FXGL Background Thread 2 ] DEBUG Engine               - fontUI: VarelaRound-Regular.ttf
20:30:56.132 [FXGL Background Thread 2 ] DEBUG Engine               - fullScreen: BooleanProperty [value: false]
20:30:56.132 [FXGL Background Thread 2 ] DEBUG Engine               - gameDifficulty: MEDIUM
20:30:56.132 [FXGL Background Thread 2 ] DEBUG Engine               - gameDifficultyProperty: ObjectProperty [value: MEDIUM]
20:30:56.132 [FXGL Background Thread 2 ] DEBUG Engine               - globalMusicVolume: 0.5
20:30:56.133 [FXGL Background Thread 2 ] DEBUG Engine               - globalMusicVolumeProperty: DoubleProperty [value: 0.5]
20:30:56.133 [FXGL Background Thread 2 ] DEBUG Engine               - globalSoundVolume: 0.5
20:30:56.133 [FXGL Background Thread 2 ] DEBUG Engine               - globalSoundVolumeProperty: DoubleProperty [value: 0.5]
20:30:56.133 [FXGL Background Thread 2 ] DEBUG Engine               - height: 650
20:30:56.133 [FXGL Background Thread 2 ] DEBUG Engine               - isAndroid: false
20:30:56.133 [FXGL Background Thread 2 ] DEBUG Engine               - isBrowser: false
20:30:56.133 [FXGL Background Thread 2 ] DEBUG Engine               - isClickFeedbackEnabled: false
20:30:56.133 [FXGL Background Thread 2 ] DEBUG Engine               - isCloseConfirmation: false
20:30:56.133 [FXGL Background Thread 2 ] DEBUG Engine               - isDesktop: true
20:30:56.133 [FXGL Background Thread 2 ] DEBUG Engine               - isDeveloperMenuEnabled: false
20:30:56.133 [FXGL Background Thread 2 ] DEBUG Engine               - isExperimentalNative: false
20:30:56.133 [FXGL Background Thread 2 ] DEBUG Engine               - isExperimentalTiledLargeMap: false
20:30:56.133 [FXGL Background Thread 2 ] DEBUG Engine               - isFullScreenAllowed: false
20:30:56.133 [FXGL Background Thread 2 ] DEBUG Engine               - isFullScreenFromStart: false
20:30:56.134 [FXGL Background Thread 2 ] DEBUG Engine               - isGameMenuEnabled: true
20:30:56.134 [FXGL Background Thread 2 ] DEBUG Engine               - isIOS: false
20:30:56.134 [FXGL Background Thread 2 ] DEBUG Engine               - isIntroEnabled: false
20:30:56.134 [FXGL Background Thread 2 ] DEBUG Engine               - isLinux: false
20:30:56.134 [FXGL Background Thread 2 ] DEBUG Engine               - isMac: false
20:30:56.134 [FXGL Background Thread 2 ] DEBUG Engine               - isMainMenuEnabled: true
20:30:56.134 [FXGL Background Thread 2 ] DEBUG Engine               - isManualResizeEnabled: false
20:30:56.134 [FXGL Background Thread 2 ] DEBUG Engine               - isMobile: false
20:30:56.134 [FXGL Background Thread 2 ] DEBUG Engine               - isPreserveResizeRatio: false
20:30:56.134 [FXGL Background Thread 2 ] DEBUG Engine               - isProfilingEnabled: false
20:30:56.134 [FXGL Background Thread 2 ] DEBUG Engine               - isSingleStep: false
20:30:56.134 [FXGL Background Thread 2 ] DEBUG Engine               - isUserProfileEnabled: false
20:30:56.134 [FXGL Background Thread 2 ] DEBUG Engine               - isWindows: true
20:30:56.134 [FXGL Background Thread 2 ] DEBUG Engine               - language: ObjectProperty [value: ENGLISH]
20:30:56.134 [FXGL Background Thread 2 ] DEBUG Engine               - mainWindow: com.almasb.fxgl.app.MainWindow@587edca4
20:30:56.134 [FXGL Background Thread 2 ] DEBUG Engine               - menuKey: ESCAPE
20:30:56.134 [FXGL Background Thread 2 ] DEBUG Engine               - notificationViewClass: class com.almasb.fxgl.notification.view.XboxNotificationView
20:30:56.135 [FXGL Background Thread 2 ] DEBUG Engine               - pixelsPerMeter: 50.0
20:30:56.135 [FXGL Background Thread 2 ] DEBUG Engine               - platform: WINDOWS
20:30:56.135 [FXGL Background Thread 2 ] DEBUG Engine               - profileDir: profiles/
20:30:56.135 [FXGL Background Thread 2 ] DEBUG Engine               - profileName: StringProperty [value: DEFAULT]
20:30:56.135 [FXGL Background Thread 2 ] DEBUG Engine               - randomSeed: -1
20:30:56.135 [FXGL Background Thread 2 ] DEBUG Engine               - runtimeInfo: RuntimeInfo(platform=WINDOWS, version=11.9, build=27.05.2020 17.06)
20:30:56.135 [FXGL Background Thread 2 ] DEBUG Engine               - saveFileExt: sav
20:30:56.135 [FXGL Background Thread 2 ] DEBUG Engine               - sceneFactory: MooseGame.NewfoundRacerApp$1@1d7c59cf
20:30:56.135 [FXGL Background Thread 2 ] DEBUG Engine               - secondsIn24h: 60
20:30:56.135 [FXGL Background Thread 2 ] DEBUG Engine               - settings: Title: Newfoundland Moose Collision
Version: 0.1
Width: 840
Height: 650
Fullscreen: false
Intro: false
Profiling: false
Single step:false
App Mode: DEVELOPER
Menu Key: ESCAPE
Stage Style: DECORATED
Scene Factory: class MooseGame.NewfoundRacerApp$1

20:30:56.135 [FXGL Background Thread 2 ] DEBUG Engine               - soundMenuBack: menu/back.wav
20:30:56.135 [FXGL Background Thread 2 ] DEBUG Engine               - soundMenuPress: menu/press.wav
20:30:56.135 [FXGL Background Thread 2 ] DEBUG Engine               - soundMenuSelect: menu/select.wav
20:30:56.135 [FXGL Background Thread 2 ] DEBUG Engine               - soundNotification: core/notification.wav
20:30:56.135 [FXGL Background Thread 2 ] DEBUG Engine               - stageStyle: DECORATED
20:30:56.136 [FXGL Background Thread 2 ] DEBUG Engine               - supportedLanguages: [ENGLISH, FRENCH, GERMAN, HUNGARIAN, RUSSIAN]
20:30:56.136 [FXGL Background Thread 2 ] DEBUG Engine               - title: Newfoundland Moose Collision
20:30:56.136 [FXGL Background Thread 2 ] DEBUG Engine               - urlGithub: https://github.com/AlmasB/FXGL
20:30:56.136 [FXGL Background Thread 2 ] DEBUG Engine               - urlLeaderboard: http://fxgl-top.herokuapp.com/
20:30:56.136 [FXGL Background Thread 2 ] DEBUG Engine               - urlPOM: https://raw.githubusercontent.com/AlmasB/FXGL/master/pom.xml
20:30:56.136 [FXGL Background Thread 2 ] DEBUG Engine               - version: 0.1
20:30:56.136 [FXGL Background Thread 2 ] DEBUG Engine               - versionCheckDays: 7
20:30:56.136 [FXGL Background Thread 2 ] DEBUG Engine               - width: 840
20:30:56.136 [FXGL Background Thread 2 ] DEBUG Engine               - Logging services
20:30:56.136 [FXGL Background Thread 2 ] DEBUG Engine               - class com.almasb.fxgl.app.GameApplication$GameApplicationService
20:30:56.136 [FXGL Background Thread 2 ] DEBUG Engine               - class com.almasb.fxgl.app.services.WindowService
20:30:56.136 [FXGL Background Thread 2 ] DEBUG Engine               - class com.almasb.fxgl.app.services.FXGLDialogService
20:30:56.136 [FXGL Background Thread 2 ] DEBUG Engine               - class com.almasb.fxgl.app.services.IOTaskExecutorService
20:30:56.136 [FXGL Background Thread 2 ] DEBUG Engine               - class com.almasb.fxgl.event.EventBusService
20:30:56.136 [FXGL Background Thread 2 ] DEBUG Engine               - class com.almasb.fxgl.io.FileSystemService
20:30:56.136 [FXGL Background Thread 2 ] DEBUG Engine               - class com.almasb.fxgl.localization.LocalizationService
20:30:56.137 [FXGL Background Thread 2 ] DEBUG Engine               - class com.almasb.fxgl.app.services.AssetLoaderService
20:30:56.137 [FXGL Background Thread 2 ] DEBUG Engine               - class com.almasb.fxgl.app.services.SystemBundleService
20:30:56.137 [FXGL Background Thread 2 ] DEBUG Engine               - class com.almasb.fxgl.profile.SaveLoadService
20:30:56.137 [FXGL Background Thread 2 ] DEBUG Engine               - class com.almasb.fxgl.ui.FXGLUIFactoryServiceProvider
20:30:56.137 [FXGL Background Thread 2 ] DEBUG Engine               - class com.almasb.fxgl.ui.FXGLDialogFactoryServiceProvider
20:30:56.137 [FXGL Background Thread 2 ] DEBUG Engine               - class com.almasb.fxgl.audio.AudioPlayer
20:30:56.137 [FXGL Background Thread 2 ] DEBUG Engine               - class com.almasb.fxgl.notification.impl.NotificationServiceProvider
20:30:56.137 [FXGL Background Thread 2 ] DEBUG Engine               - class com.almasb.fxgl.achievement.AchievementService
20:30:56.137 [FXGL Background Thread 2 ] DEBUG Engine               - class com.almasb.fxgl.cutscene.CutsceneService
20:30:56.137 [FXGL Background Thread 2 ] DEBUG Engine               - class com.almasb.fxgl.minigames.MiniGameService
20:30:56.137 [FXGL Background Thread 2 ] DEBUG Engine               - class com.almasb.fxgl.net.NetService
20:30:56.137 [FXGL Background Thread 2 ] DEBUG Engine               - class com.almasb.fxgl.app.services.UpdaterService
20:30:56.137 [FXGL Background Thread 2 ] DEBUG Engine               - class com.almasb.fxgl.dev.DevService
20:31:05.229 [JavaFX Application Thread] DEBUG Menu                 - fireNewGame()
20:31:05.229 [JavaFX Application Thread] DEBUG WindowService        - Starting new game
20:31:05.229 [JavaFX Application Thread] DEBUG MainWindow           - Pop state: NewfoundlandRacerMainMenu
20:31:05.229 [JavaFX Application Thread] DEBUG Input                - Clearing active input actions
20:31:05.230 [JavaFX Application Thread] DEBUG WindowService        - Removing overlay from NewfoundlandRacerMainMenu and adding to 
20:31:05.230 [JavaFX Application Thread] DEBUG MainWindow           -  <- NewfoundlandRacerMainMenu
20:31:05.230 [JavaFX Application Thread] DEBUG Input                - Clearing active input actions
20:31:05.236 [JavaFX Application Thread] DEBUG WindowService        - Removing overlay from  and adding to FXGLLoadingScene
20:31:05.236 [JavaFX Application Thread] DEBUG MainWindow           -  -> FXGLLoadingScene
20:31:05.236 [JavaFX Application Thread] DEBUG WindowService        - Clearing previous game
20:31:05.236 [JavaFX Application Thread] DEBUG GameScene            - Clearing game scene
20:31:05.236 [JavaFX Application Thread] DEBUG GameWorld            - Clearing game world
20:31:05.236 [JavaFX Application Thread] DEBUG PhysicsWorld         - Clearing physics world
20:31:05.237 [FXGL Background Thread 1 ] DEBUG GameApplication      - Initializing game
20:31:05.243 [FXGL Background Thread 1 ] DEBUG AssetLoaderService   - Loading from file system: /assets/textures/4lanehighway.png
20:31:05.325 [FXGL Background Thread 1 ] DEBUG AssetLoaderService   - Loading from file system: /assets/textures/driver0.png
20:31:05.334 [FXGL Background Thread 1 ] INFO  GameApplication      - Game initialization took: 0.097 sec
20:31:05.335 [JavaFX Application Thread] DEBUG Input                - Clearing active input actions
20:31:05.341 [JavaFX Application Thread] DEBUG WindowService        - Removing overlay from FXGLLoadingScene and adding to GameScene
20:31:05.342 [JavaFX Application Thread] DEBUG MainWindow           - FXGLLoadingScene -> GameScene
20:31:07.440 [JavaFX Application Thread] DEBUG GameApplication      - Exiting FXGL
20:31:07.441 [JavaFX Application Thread] DEBUG LoopRunner           - Stopping loop
20:31:07.441 [JavaFX Application Thread] DEBUG SystemBundleService  - Saving FXGL system data
20:31:07.442 [JavaFX Application Thread] DEBUG FileSystemAccess     - Writing to: E:\secondYear\Java\NewfoundlandRacer\system\fxgl.bundle
20:31:07.443 [JavaFX Application Thread] DEBUG GameApplication      - Shutting down background threads
20:31:07.443 [JavaFX Application Thread] DEBUG GameApplication      - Closing logger and exiting JavaFX
