18:46:22.229 [main                     ] DEBUG GameApplication      - Logger initialized
18:46:22.233 [main                     ] DEBUG GameApplication      - Logging settings
Title: Newfoundland Moose Collision
Version: 0.1
Width: 840
Height: 650
Fullscreen: false
Intro: false
Profiling: false
Single step:false
App Mode: DEVELOPER
Menu Key: ESCAPE
Stage Style: DECORATED
Scene Factory: class MooseGame.NewfoundRacerApp$1

18:46:22.548 [JavaFX Application Thread] DEBUG GameApplication      - Initializing FXGL
18:46:22.558 [JavaFX Application Thread] INFO  Engine               - FXGL-11.9 (27.05.2020 17.06) on WINDOWS (J:14.0.1 FX:13.0.2)
18:46:22.559 [JavaFX Application Thread] DEBUG Engine               - JRE Vendor Name: Oracle Corporation
18:46:22.559 [JavaFX Application Thread] DEBUG Engine               - Running on OS: Windows 10 version 10.0
18:46:22.559 [JavaFX Application Thread] DEBUG Engine               - Architecture: amd64
18:46:22.559 [JavaFX Application Thread] INFO  Engine               - Source code and latest versions at: https://github.com/AlmasB/FXGL
18:46:22.559 [JavaFX Application Thread] INFO  Engine               -              Join the FXGL chat at: https://gitter.im/AlmasB/FXGL
18:46:22.646 [JavaFX Application Thread] DEBUG MainWindow           - Creating a JavaFX scene
18:46:22.690 [JavaFX Application Thread] DEBUG MainWindow           - Target settings size: 840.0 x 650.0
18:46:22.690 [JavaFX Application Thread] DEBUG MainWindow           - Scaled scene size:    840.0 x 650.0
18:46:22.690 [JavaFX Application Thread] DEBUG MainWindow           - Scaled ratio: (1.0, 1.0)
18:46:22.691 [JavaFX Application Thread] DEBUG MainWindow           - Set initial scene to FXGLStartupScene
18:46:22.699 [JavaFX Application Thread] DEBUG MainWindow           - Opening main window
18:46:22.778 [JavaFX Application Thread] DEBUG MainWindow           - Window border size: (16.0, 39.0)
18:46:22.778 [JavaFX Application Thread] DEBUG MainWindow           - Scaled size: 840.0 x 650.0
18:46:22.778 [JavaFX Application Thread] DEBUG MainWindow           - Scaled ratio: (1.0, 1.0)
18:46:22.778 [JavaFX Application Thread] DEBUG MainWindow           - Scene size: 840.0 x 650.0
18:46:22.779 [JavaFX Application Thread] DEBUG MainWindow           - Stage size: 856.0 x 689.0
18:46:22.785 [FXGL Background Thread 1 ] DEBUG Engine               - Initializing environment variables
18:46:22.805 [FXGL Background Thread 1 ] DEBUG WindowService        - Applying CSS: fxgl_dark.css
18:46:22.806 [FXGL Background Thread 1 ] DEBUG AssetLoaderService   - Loading from file system: /assets/ui/css/fxgl_dark.css
18:46:22.838 [FXGL Background Thread 1 ] DEBUG WindowService        - Initializing application scenes
18:46:22.862 [FXGL Background Thread 1 ] DEBUG GameWorld            - Game world initialized
18:46:22.888 [FXGL Background Thread 1 ] DEBUG PhysicsWorld         - Physics world initialized: appHeight=650, physics.ppm=50.0
18:46:22.889 [FXGL Background Thread 1 ] DEBUG GameScene            - Game scene initialized: 840x650
18:46:22.910 [FXGL Background Thread 1 ] DEBUG AssetLoaderService   - Loading from file system: /assets/textures/particles/trace_horizontal.png
18:46:22.948 [FXGL Background Thread 1 ] DEBUG FXGL.DefaultMenu     - createMenuBodyGameMenu()
18:46:22.960 [FXGL Background Thread 1 ] DEBUG FXGL.DefaultMenu     - createOptionsMenu()
18:46:22.963 [FXGL Background Thread 1 ] DEBUG AssetLoaderService   - Loading from file system: /assets/textures/particles/smoke.png
18:46:23.001 [FXGL Background Thread 1 ] DEBUG WindowService        - Application scenes initialized
18:46:23.007 [FXGL Background Thread 1 ] DEBUG SystemBundleService  - Loading FXGL system data
18:46:23.010 [FXGL Background Thread 1 ] DEBUG FileSystemAccess     - Reading from: E:\secondYear\Java\NewfoundlandRacer\system\fxgl.bundle
18:46:23.014 [FXGL Background Thread 1 ] DEBUG SystemBundleService  - Bundle FXGL: {}
18:46:23.014 [FXGL Background Thread 1 ] INFO  Engine               - FXGL initialization took: 0.229 sec
18:46:23.016 [FXGL Background Thread 1 ] DEBUG GameApplication      - Loading localizations
18:46:23.016 [FXGL Background Thread 1 ] DEBUG AssetLoaderService   - Loading from file system: /assets/languages/english.lang
18:46:23.024 [FXGL Background Thread 1 ] DEBUG AssetLoaderService   - Loading from file system: /assets/languages/french.lang
18:46:23.025 [FXGL Background Thread 1 ] DEBUG AssetLoaderService   - Loading from file system: /assets/languages/german.lang
18:46:23.026 [FXGL Background Thread 1 ] DEBUG AssetLoaderService   - Loading from file system: /assets/languages/hungarian.lang
18:46:23.028 [FXGL Background Thread 1 ] DEBUG AssetLoaderService   - Loading from file system: /assets/languages/russian.lang
18:46:23.030 [FXGL Background Thread 1 ] DEBUG GameApplication      - Registering font factories with UI factory
18:46:23.030 [FXGL Background Thread 1 ] DEBUG AssetLoaderService   - Loading from file system: /assets/ui/fonts/VarelaRound-Regular.ttf
18:46:23.061 [FXGL Background Thread 1 ] DEBUG AssetLoaderService   - Loading from file system: /assets/ui/fonts/Abel-Regular.ttf
18:46:23.064 [FXGL Background Thread 1 ] DEBUG AssetLoaderService   - Loading from file system: /assets/ui/fonts/lucida_console.ttf
18:46:23.068 [FXGL Background Thread 1 ] DEBUG AssetLoaderService   - Loading from file system: /assets/ui/fonts/Courier-Prime.ttf
18:46:23.077 [JavaFX Application Thread] DEBUG Input                - Registered new binding: Move Right - D
18:46:23.077 [JavaFX Application Thread] DEBUG Input                - Registered new binding: Move Left - A
18:46:23.077 [JavaFX Application Thread] DEBUG Input                - Registered new binding: Move Up - W
18:46:23.077 [JavaFX Application Thread] DEBUG Input                - Registered new binding: Move Down - S
18:46:23.078 [JavaFX Application Thread] DEBUG AssetLoaderService   - Loading from file system: /assets/textures/fxgl_icon.png
18:46:23.089 [JavaFX Application Thread] DEBUG AssetLoaderService   - Loading from file system: /assets/ui/cursors/fxgl_default.png
18:46:23.091 [JavaFX Application Thread] DEBUG Input                - Registered new binding: Screenshot - P
18:46:23.091 [JavaFX Application Thread] DEBUG Input                - Registered new binding: System info dump - CTRL+9
18:46:23.092 [JavaFX Application Thread] DEBUG Input                - Registered new binding: Restart - CTRL+R
18:46:23.092 [JavaFX Application Thread] DEBUG LoopRunner           - Starting loop
18:46:23.097 [JavaFX Application Thread] DEBUG FXGLStartupScene     - STARTUP
18:46:23.098 [JavaFX Application Thread] DEBUG Input                - Clearing active input actions
18:46:23.103 [JavaFX Application Thread] DEBUG WindowService        - Removing overlay from FXGLStartupScene and adding to 
18:46:23.103 [JavaFX Application Thread] DEBUG MainWindow           - FXGLStartupScene -> 
18:46:23.103 [JavaFX Application Thread] DEBUG MainWindow           - Push state: NewfoundlandRacerMainMenu
18:46:23.103 [JavaFX Application Thread] DEBUG Input                - Clearing active input actions
18:46:23.106 [JavaFX Application Thread] DEBUG WindowService        - Removing overlay from  and adding to NewfoundlandRacerMainMenu
18:46:23.107 [JavaFX Application Thread] DEBUG MainWindow           -  -> NewfoundlandRacerMainMenu
18:46:23.612 [JavaFX Application Thread] DEBUG Menu                 - fireNewGame()
18:46:23.612 [JavaFX Application Thread] DEBUG WindowService        - Starting new game
18:46:23.612 [JavaFX Application Thread] DEBUG MainWindow           - Pop state: NewfoundlandRacerMainMenu
18:46:23.612 [JavaFX Application Thread] DEBUG Input                - Clearing active input actions
18:46:23.613 [JavaFX Application Thread] DEBUG WindowService        - Removing overlay from NewfoundlandRacerMainMenu and adding to 
18:46:23.613 [JavaFX Application Thread] DEBUG MainWindow           -  <- NewfoundlandRacerMainMenu
18:46:23.613 [JavaFX Application Thread] DEBUG Input                - Clearing active input actions
18:46:23.619 [JavaFX Application Thread] DEBUG WindowService        - Removing overlay from  and adding to FXGLLoadingScene
18:46:23.619 [JavaFX Application Thread] DEBUG MainWindow           -  -> FXGLLoadingScene
18:46:23.619 [JavaFX Application Thread] DEBUG WindowService        - Clearing previous game
18:46:23.620 [JavaFX Application Thread] DEBUG GameScene            - Clearing game scene
18:46:23.620 [JavaFX Application Thread] DEBUG GameWorld            - Clearing game world
18:46:23.620 [JavaFX Application Thread] DEBUG PhysicsWorld         - Clearing physics world
18:46:23.621 [FXGL Background Thread 1 ] DEBUG GameApplication      - Initializing game
18:46:23.626 [FXGL Background Thread 1 ] DEBUG AssetLoaderService   - Loading from file system: /assets/textures/4lanehighway.png
18:46:23.688 [FXGL Background Thread 1 ] DEBUG AssetLoaderService   - Loading from file system: /assets/textures/player.png
18:46:23.700 [FXGL Background Thread 1 ] INFO  GameApplication      - Game initialization took: 0.078 sec
18:46:23.700 [JavaFX Application Thread] DEBUG Input                - Clearing active input actions
18:46:23.706 [JavaFX Application Thread] DEBUG WindowService        - Removing overlay from FXGLLoadingScene and adding to GameScene
18:46:23.706 [JavaFX Application Thread] DEBUG MainWindow           - FXGLLoadingScene -> GameScene
18:46:25.303 [JavaFX Application Thread] DEBUG AssetLoaderService   - Loading from file system: /assets/textures/cowmoosespriterunning.png
18:46:26.016 [FXGL Background Thread 2 ] DEBUG Engine               - Logging environment variables
18:46:26.016 [FXGL Background Thread 2 ] DEBUG Engine               - achievements: []
18:46:26.016 [FXGL Background Thread 2 ] DEBUG Engine               - appIcon: fxgl_icon.png
18:46:26.016 [FXGL Background Thread 2 ] DEBUG Engine               - applicationMode: DEVELOPER
18:46:26.016 [FXGL Background Thread 2 ] DEBUG Engine               - cSSList: [fxgl_dark.css]
18:46:26.016 [FXGL Background Thread 2 ] DEBUG Engine               - configClass: Optional.empty
18:46:26.016 [FXGL Background Thread 2 ] DEBUG Engine               - credits: []
18:46:26.017 [FXGL Background Thread 2 ] DEBUG Engine               - devBBoxColorProperty: ObjectProperty [value: 0xff0000ff]
18:46:26.017 [FXGL Background Thread 2 ] DEBUG Engine               - devSensorColorProperty: ObjectProperty [value: 0xffff00ff]
18:46:26.017 [FXGL Background Thread 2 ] DEBUG Engine               - devShowBBoxProperty: BooleanProperty [value: false]
18:46:26.017 [FXGL Background Thread 2 ] DEBUG Engine               - devShowPositionProperty: BooleanProperty [value: false]
18:46:26.017 [FXGL Background Thread 2 ] DEBUG Engine               - enabledMenuItems: []
18:46:26.017 [FXGL Background Thread 2 ] DEBUG Engine               - engineServices: [class com.almasb.fxgl.app.GameApplication$GameApplicationService, class com.almasb.fxgl.app.services.WindowService, class com.almasb.fxgl.app.services.FXGLDialogService, class com.almasb.fxgl.app.services.IOTaskExecutorService, class com.almasb.fxgl.event.EventBusService, class com.almasb.fxgl.io.FileSystemService, class com.almasb.fxgl.localization.LocalizationService, class com.almasb.fxgl.app.services.AssetLoaderService, class com.almasb.fxgl.app.services.SystemBundleService, class com.almasb.fxgl.profile.SaveLoadService, class com.almasb.fxgl.ui.FXGLUIFactoryServiceProvider, class com.almasb.fxgl.ui.FXGLDialogFactoryServiceProvider, class com.almasb.fxgl.audio.AudioPlayer, class com.almasb.fxgl.notification.impl.NotificationServiceProvider, class com.almasb.fxgl.achievement.AchievementService, class com.almasb.fxgl.cutscene.CutsceneService, class com.almasb.fxgl.minigames.MiniGameService, class com.almasb.fxgl.net.NetService, class com.almasb.fxgl.app.services.UpdaterService, class com.almasb.fxgl.dev.DevService]
18:46:26.017 [FXGL Background Thread 2 ] DEBUG Engine               - fontGame: Abel-Regular.ttf
18:46:26.018 [FXGL Background Thread 2 ] DEBUG Engine               - fontMono: lucida_console.ttf
18:46:26.018 [FXGL Background Thread 2 ] DEBUG Engine               - fontText: Courier-Prime.ttf
18:46:26.018 [FXGL Background Thread 2 ] DEBUG Engine               - fontUI: VarelaRound-Regular.ttf
18:46:26.018 [FXGL Background Thread 2 ] DEBUG Engine               - fullScreen: BooleanProperty [value: false]
18:46:26.018 [FXGL Background Thread 2 ] DEBUG Engine               - gameDifficulty: MEDIUM
18:46:26.018 [FXGL Background Thread 2 ] DEBUG Engine               - gameDifficultyProperty: ObjectProperty [value: MEDIUM]
18:46:26.018 [FXGL Background Thread 2 ] DEBUG Engine               - globalMusicVolume: 0.5
18:46:26.018 [FXGL Background Thread 2 ] DEBUG Engine               - globalMusicVolumeProperty: DoubleProperty [value: 0.5]
18:46:26.018 [FXGL Background Thread 2 ] DEBUG Engine               - globalSoundVolume: 0.5
18:46:26.018 [FXGL Background Thread 2 ] DEBUG Engine               - globalSoundVolumeProperty: DoubleProperty [value: 0.5]
18:46:26.018 [FXGL Background Thread 2 ] DEBUG Engine               - height: 650
18:46:26.018 [FXGL Background Thread 2 ] DEBUG Engine               - isAndroid: false
18:46:26.019 [FXGL Background Thread 2 ] DEBUG Engine               - isBrowser: false
18:46:26.019 [FXGL Background Thread 2 ] DEBUG Engine               - isClickFeedbackEnabled: false
18:46:26.019 [FXGL Background Thread 2 ] DEBUG Engine               - isCloseConfirmation: false
18:46:26.019 [FXGL Background Thread 2 ] DEBUG Engine               - isDesktop: true
18:46:26.019 [FXGL Background Thread 2 ] DEBUG Engine               - isDeveloperMenuEnabled: false
18:46:26.019 [FXGL Background Thread 2 ] DEBUG Engine               - isExperimentalNative: false
18:46:26.019 [FXGL Background Thread 2 ] DEBUG Engine               - isExperimentalTiledLargeMap: false
18:46:26.019 [FXGL Background Thread 2 ] DEBUG Engine               - isFullScreenAllowed: false
18:46:26.019 [FXGL Background Thread 2 ] DEBUG Engine               - isFullScreenFromStart: false
18:46:26.019 [FXGL Background Thread 2 ] DEBUG Engine               - isGameMenuEnabled: true
18:46:26.019 [FXGL Background Thread 2 ] DEBUG Engine               - isIOS: false
18:46:26.019 [FXGL Background Thread 2 ] DEBUG Engine               - isIntroEnabled: false
18:46:26.019 [FXGL Background Thread 2 ] DEBUG Engine               - isLinux: false
18:46:26.019 [FXGL Background Thread 2 ] DEBUG Engine               - isMac: false
18:46:26.019 [FXGL Background Thread 2 ] DEBUG Engine               - isMainMenuEnabled: true
18:46:26.020 [FXGL Background Thread 2 ] DEBUG Engine               - isManualResizeEnabled: false
18:46:26.020 [FXGL Background Thread 2 ] DEBUG Engine               - isMobile: false
18:46:26.020 [FXGL Background Thread 2 ] DEBUG Engine               - isPreserveResizeRatio: false
18:46:26.020 [FXGL Background Thread 2 ] DEBUG Engine               - isProfilingEnabled: false
18:46:26.020 [FXGL Background Thread 2 ] DEBUG Engine               - isSingleStep: false
18:46:26.020 [FXGL Background Thread 2 ] DEBUG Engine               - isUserProfileEnabled: false
18:46:26.020 [FXGL Background Thread 2 ] DEBUG Engine               - isWindows: true
18:46:26.020 [FXGL Background Thread 2 ] DEBUG Engine               - language: ObjectProperty [value: ENGLISH]
18:46:26.020 [FXGL Background Thread 2 ] DEBUG Engine               - mainWindow: com.almasb.fxgl.app.MainWindow@787ff0f2
18:46:26.020 [FXGL Background Thread 2 ] DEBUG Engine               - menuKey: ESCAPE
18:46:26.020 [FXGL Background Thread 2 ] DEBUG Engine               - notificationViewClass: class com.almasb.fxgl.notification.view.XboxNotificationView
18:46:26.020 [FXGL Background Thread 2 ] DEBUG Engine               - pixelsPerMeter: 50.0
18:46:26.020 [FXGL Background Thread 2 ] DEBUG Engine               - platform: WINDOWS
18:46:26.020 [FXGL Background Thread 2 ] DEBUG Engine               - profileDir: profiles/
18:46:26.021 [FXGL Background Thread 2 ] DEBUG Engine               - profileName: StringProperty [value: DEFAULT]
18:46:26.021 [FXGL Background Thread 2 ] DEBUG Engine               - randomSeed: -1
18:46:26.021 [FXGL Background Thread 2 ] DEBUG Engine               - runtimeInfo: RuntimeInfo(platform=WINDOWS, version=11.9, build=27.05.2020 17.06)
18:46:26.021 [FXGL Background Thread 2 ] DEBUG Engine               - saveFileExt: sav
18:46:26.021 [FXGL Background Thread 2 ] DEBUG Engine               - sceneFactory: MooseGame.NewfoundRacerApp$1@3d7d7199
18:46:26.021 [FXGL Background Thread 2 ] DEBUG Engine               - secondsIn24h: 60
18:46:26.021 [FXGL Background Thread 2 ] DEBUG Engine               - settings: Title: Newfoundland Moose Collision
Version: 0.1
Width: 840
Height: 650
Fullscreen: false
Intro: false
Profiling: false
Single step:false
App Mode: DEVELOPER
Menu Key: ESCAPE
Stage Style: DECORATED
Scene Factory: class MooseGame.NewfoundRacerApp$1

18:46:26.021 [FXGL Background Thread 2 ] DEBUG Engine               - soundMenuBack: menu/back.wav
18:46:26.021 [FXGL Background Thread 2 ] DEBUG Engine               - soundMenuPress: menu/press.wav
18:46:26.021 [FXGL Background Thread 2 ] DEBUG Engine               - soundMenuSelect: menu/select.wav
18:46:26.021 [FXGL Background Thread 2 ] DEBUG Engine               - soundNotification: core/notification.wav
18:46:26.021 [FXGL Background Thread 2 ] DEBUG Engine               - stageStyle: DECORATED
18:46:26.021 [FXGL Background Thread 2 ] DEBUG Engine               - supportedLanguages: [ENGLISH, FRENCH, GERMAN, HUNGARIAN, RUSSIAN]
18:46:26.021 [FXGL Background Thread 2 ] DEBUG Engine               - title: Newfoundland Moose Collision
18:46:26.021 [FXGL Background Thread 2 ] DEBUG Engine               - urlGithub: https://github.com/AlmasB/FXGL
18:46:26.021 [FXGL Background Thread 2 ] DEBUG Engine               - urlLeaderboard: http://fxgl-top.herokuapp.com/
18:46:26.022 [FXGL Background Thread 2 ] DEBUG Engine               - urlPOM: https://raw.githubusercontent.com/AlmasB/FXGL/master/pom.xml
18:46:26.022 [FXGL Background Thread 2 ] DEBUG Engine               - version: 0.1
18:46:26.022 [FXGL Background Thread 2 ] DEBUG Engine               - versionCheckDays: 7
18:46:26.022 [FXGL Background Thread 2 ] DEBUG Engine               - width: 840
18:46:26.022 [FXGL Background Thread 2 ] DEBUG Engine               - Logging services
18:46:26.022 [FXGL Background Thread 2 ] DEBUG Engine               - class com.almasb.fxgl.app.GameApplication$GameApplicationService
18:46:26.022 [FXGL Background Thread 2 ] DEBUG Engine               - class com.almasb.fxgl.app.services.WindowService
18:46:26.022 [FXGL Background Thread 2 ] DEBUG Engine               - class com.almasb.fxgl.app.services.FXGLDialogService
18:46:26.022 [FXGL Background Thread 2 ] DEBUG Engine               - class com.almasb.fxgl.app.services.IOTaskExecutorService
18:46:26.022 [FXGL Background Thread 2 ] DEBUG Engine               - class com.almasb.fxgl.event.EventBusService
18:46:26.022 [FXGL Background Thread 2 ] DEBUG Engine               - class com.almasb.fxgl.io.FileSystemService
18:46:26.022 [FXGL Background Thread 2 ] DEBUG Engine               - class com.almasb.fxgl.localization.LocalizationService
18:46:26.022 [FXGL Background Thread 2 ] DEBUG Engine               - class com.almasb.fxgl.app.services.AssetLoaderService
18:46:26.022 [FXGL Background Thread 2 ] DEBUG Engine               - class com.almasb.fxgl.app.services.SystemBundleService
18:46:26.022 [FXGL Background Thread 2 ] DEBUG Engine               - class com.almasb.fxgl.profile.SaveLoadService
18:46:26.022 [FXGL Background Thread 2 ] DEBUG Engine               - class com.almasb.fxgl.ui.FXGLUIFactoryServiceProvider
18:46:26.022 [FXGL Background Thread 2 ] DEBUG Engine               - class com.almasb.fxgl.ui.FXGLDialogFactoryServiceProvider
18:46:26.022 [FXGL Background Thread 2 ] DEBUG Engine               - class com.almasb.fxgl.audio.AudioPlayer
18:46:26.022 [FXGL Background Thread 2 ] DEBUG Engine               - class com.almasb.fxgl.notification.impl.NotificationServiceProvider
18:46:26.022 [FXGL Background Thread 2 ] DEBUG Engine               - class com.almasb.fxgl.achievement.AchievementService
18:46:26.022 [FXGL Background Thread 2 ] DEBUG Engine               - class com.almasb.fxgl.cutscene.CutsceneService
18:46:26.023 [FXGL Background Thread 2 ] DEBUG Engine               - class com.almasb.fxgl.minigames.MiniGameService
18:46:26.023 [FXGL Background Thread 2 ] DEBUG Engine               - class com.almasb.fxgl.net.NetService
18:46:26.023 [FXGL Background Thread 2 ] DEBUG Engine               - class com.almasb.fxgl.app.services.UpdaterService
18:46:26.023 [FXGL Background Thread 2 ] DEBUG Engine               - class com.almasb.fxgl.dev.DevService
18:46:26.167 [JavaFX Application Thread] DEBUG AssetLoaderService   - Loading from file system: /assets/textures/driver3.png
18:46:26.934 [JavaFX Application Thread] DEBUG AssetLoaderService   - Loading from cache: /assets/textures/cowmoosespriterunning.png
18:46:27.726 [JavaFX Application Thread] DEBUG AssetLoaderService   - Loading from file system: /assets/textures/pothole.png
18:46:28.486 [JavaFX Application Thread] DEBUG AssetLoaderService   - Loading from file system: /assets/textures/driver2.png
18:46:28.502 [JavaFX Application Thread] DEBUG AssetLoaderService   - Loading from cache: /assets/textures/cowmoosespriterunning.png
18:46:29.941 [JavaFX Application Thread] DEBUG AssetLoaderService   - Loading from cache: /assets/textures/cowmoosespriterunning.png
18:46:30.566 [JavaFX Application Thread] DEBUG AssetLoaderService   - Loading from file system: /assets/textures/driver4.png
18:46:31.254 [JavaFX Application Thread] DEBUG AssetLoaderService   - Loading from file system: /assets/textures/coin.png
18:46:31.268 [JavaFX Application Thread] DEBUG AssetLoaderService   - Loading from cache: /assets/textures/pothole.png
18:46:31.302 [JavaFX Application Thread] DEBUG AssetLoaderService   - Loading from cache: /assets/textures/cowmoosespriterunning.png
18:46:32.231 [JavaFX Application Thread] DEBUG MainWindow           - Push state: DialogSubScene
18:46:32.231 [JavaFX Application Thread] DEBUG Input                - Clearing active input actions
18:46:32.235 [JavaFX Application Thread] DEBUG WindowService        - Removing overlay from GameScene and adding to DialogSubScene
18:46:32.235 [JavaFX Application Thread] DEBUG MainWindow           - GameScene -> DialogSubScene
18:46:33.162 [JavaFX Application Thread] DEBUG MainWindow           - Pop state: DialogSubScene
18:46:33.162 [JavaFX Application Thread] DEBUG Input                - Clearing active input actions
18:46:33.163 [JavaFX Application Thread] DEBUG WindowService        - Removing overlay from DialogSubScene and adding to GameScene
18:46:33.163 [JavaFX Application Thread] DEBUG MainWindow           - GameScene <- DialogSubScene
18:46:33.479 [JavaFX Application Thread] DEBUG AssetLoaderService   - Loading from cache: /assets/textures/driver3.png
18:46:33.509 [JavaFX Application Thread] DEBUG AssetLoaderService   - Loading from cache: /assets/textures/cowmoosespriterunning.png
18:46:34.710 [JavaFX Application Thread] DEBUG AssetLoaderService   - Loading from cache: /assets/textures/cowmoosespriterunning.png
18:46:35.095 [JavaFX Application Thread] DEBUG MainWindow           - Push state: DialogSubScene
18:46:35.095 [JavaFX Application Thread] DEBUG Input                - Clearing active input actions
18:46:35.097 [JavaFX Application Thread] DEBUG WindowService        - Removing overlay from GameScene and adding to DialogSubScene
18:46:35.098 [JavaFX Application Thread] DEBUG MainWindow           - GameScene -> DialogSubScene
18:46:35.631 [JavaFX Application Thread] DEBUG MainWindow           - Pop state: DialogSubScene
18:46:35.631 [JavaFX Application Thread] DEBUG Input                - Clearing active input actions
18:46:35.632 [JavaFX Application Thread] DEBUG WindowService        - Removing overlay from DialogSubScene and adding to GameScene
18:46:35.632 [JavaFX Application Thread] DEBUG MainWindow           - GameScene <- DialogSubScene
18:46:35.974 [JavaFX Application Thread] DEBUG AssetLoaderService   - Loading from cache: /assets/textures/pothole.png
18:46:35.990 [JavaFX Application Thread] DEBUG AssetLoaderService   - Loading from cache: /assets/textures/driver3.png
18:46:36.222 [JavaFX Application Thread] DEBUG AssetLoaderService   - Loading from file system: /assets/sounds/coincollect.wav
18:46:36.963 [JavaFX Application Thread] DEBUG AssetLoaderService   - Loading from cache: /assets/textures/cowmoosespriterunning.png
18:46:38.342 [JavaFX Application Thread] DEBUG AssetLoaderService   - Loading from cache: /assets/textures/driver4.png
18:46:38.358 [JavaFX Application Thread] DEBUG AssetLoaderService   - Loading from cache: /assets/textures/cowmoosespriterunning.png
18:46:39.831 [JavaFX Application Thread] DEBUG AssetLoaderService   - Loading from cache: /assets/textures/coin.png
18:46:39.857 [JavaFX Application Thread] DEBUG AssetLoaderService   - Loading from cache: /assets/textures/pothole.png
18:46:39.886 [JavaFX Application Thread] DEBUG AssetLoaderService   - Loading from cache: /assets/textures/cowmoosespriterunning.png
18:46:40.470 [JavaFX Application Thread] DEBUG AssetLoaderService   - Loading from cache: /assets/textures/driver2.png
18:46:40.886 [JavaFX Application Thread] DEBUG MainWindow           - Push state: DialogSubScene
18:46:40.887 [JavaFX Application Thread] DEBUG Input                - Clearing active input actions
18:46:40.887 [JavaFX Application Thread] DEBUG WindowService        - Removing overlay from GameScene and adding to DialogSubScene
18:46:40.887 [JavaFX Application Thread] DEBUG MainWindow           - GameScene -> DialogSubScene
18:46:41.409 [JavaFX Application Thread] DEBUG MainWindow           - Pop state: DialogSubScene
18:46:41.409 [JavaFX Application Thread] DEBUG Input                - Clearing active input actions
18:46:41.410 [JavaFX Application Thread] DEBUG WindowService        - Removing overlay from DialogSubScene and adding to GameScene
18:46:41.410 [JavaFX Application Thread] DEBUG MainWindow           - GameScene <- DialogSubScene
18:46:41.671 [JavaFX Application Thread] DEBUG AssetLoaderService   - Loading from cache: /assets/textures/cowmoosespriterunning.png
18:46:41.750 [JavaFX Application Thread] DEBUG MainWindow           - Push state: DialogSubScene
18:46:41.750 [JavaFX Application Thread] DEBUG Input                - Clearing active input actions
18:46:41.751 [JavaFX Application Thread] DEBUG WindowService        - Removing overlay from GameScene and adding to DialogSubScene
18:46:41.751 [JavaFX Application Thread] DEBUG MainWindow           - GameScene -> DialogSubScene
18:46:42.213 [JavaFX Application Thread] DEBUG MainWindow           - Pop state: DialogSubScene
18:46:42.213 [JavaFX Application Thread] DEBUG Input                - Clearing active input actions
18:46:42.214 [JavaFX Application Thread] DEBUG WindowService        - Removing overlay from DialogSubScene and adding to GameScene
18:46:42.214 [JavaFX Application Thread] DEBUG MainWindow           - GameScene <- DialogSubScene
18:46:42.454 [JavaFX Application Thread] DEBUG MainWindow           - Push state: DialogSubScene
18:46:42.454 [JavaFX Application Thread] DEBUG Input                - Clearing active input actions
18:46:42.455 [JavaFX Application Thread] DEBUG WindowService        - Removing overlay from GameScene and adding to DialogSubScene
18:46:42.455 [JavaFX Application Thread] DEBUG MainWindow           - GameScene -> DialogSubScene
18:46:42.907 [JavaFX Application Thread] DEBUG MainWindow           - Pop state: DialogSubScene
18:46:42.907 [JavaFX Application Thread] DEBUG Input                - Clearing active input actions
18:46:42.908 [JavaFX Application Thread] DEBUG WindowService        - Removing overlay from DialogSubScene and adding to GameScene
18:46:42.908 [JavaFX Application Thread] DEBUG MainWindow           - GameScene <- DialogSubScene
18:46:44.102 [JavaFX Application Thread] DEBUG AssetLoaderService   - Loading from cache: /assets/textures/driver3.png
18:46:44.164 [JavaFX Application Thread] DEBUG AssetLoaderService   - Loading from cache: /assets/textures/cowmoosespriterunning.png
18:46:44.853 [JavaFX Application Thread] DEBUG AssetLoaderService   - Loading from cache: /assets/textures/pothole.png
18:46:45.277 [JavaFX Application Thread] DEBUG GameApplication      - Exiting FXGL
18:46:45.277 [JavaFX Application Thread] DEBUG LoopRunner           - Stopping loop
18:46:45.277 [JavaFX Application Thread] DEBUG SystemBundleService  - Saving FXGL system data
18:46:45.278 [JavaFX Application Thread] DEBUG FileSystemAccess     - Writing to: E:\secondYear\Java\NewfoundlandRacer\system\fxgl.bundle
18:46:45.279 [JavaFX Application Thread] DEBUG GameApplication      - Shutting down background threads
18:46:45.279 [JavaFX Application Thread] DEBUG GameApplication      - Closing logger and exiting JavaFX
