21:22:15.523 [main                     ] DEBUG GameApplication      - Logger initialized
21:22:15.527 [main                     ] DEBUG GameApplication      - Logging settings
Title: Newfoundland Moose Collision
Version: 0.1
Width: 840
Height: 650
Fullscreen: false
Intro: false
Profiling: false
Single step:false
App Mode: DEVELOPER
Menu Key: ESCAPE
Stage Style: DECORATED
Scene Factory: class MooseGame.NewfoundRacerApp$1

21:22:15.830 [JavaFX Application Thread] DEBUG GameApplication      - Initializing FXGL
21:22:15.840 [JavaFX Application Thread] INFO  Engine               - FXGL-11.9 (27.05.2020 17.06) on WINDOWS (J:14.0.1 FX:13.0.2)
21:22:15.840 [JavaFX Application Thread] DEBUG Engine               - JRE Vendor Name: Oracle Corporation
21:22:15.840 [JavaFX Application Thread] DEBUG Engine               - Running on OS: Windows 10 version 10.0
21:22:15.840 [JavaFX Application Thread] DEBUG Engine               - Architecture: amd64
21:22:15.840 [JavaFX Application Thread] INFO  Engine               - Source code and latest versions at: https://github.com/AlmasB/FXGL
21:22:15.841 [JavaFX Application Thread] INFO  Engine               -              Join the FXGL chat at: https://gitter.im/AlmasB/FXGL
21:22:15.918 [JavaFX Application Thread] DEBUG MainWindow           - Creating a JavaFX scene
21:22:15.953 [JavaFX Application Thread] DEBUG MainWindow           - Target settings size: 840.0 x 650.0
21:22:15.954 [JavaFX Application Thread] DEBUG MainWindow           - Scaled scene size:    840.0 x 650.0
21:22:15.954 [JavaFX Application Thread] DEBUG MainWindow           - Scaled ratio: (1.0, 1.0)
21:22:15.955 [JavaFX Application Thread] DEBUG MainWindow           - Set initial scene to FXGLStartupScene
21:22:15.960 [JavaFX Application Thread] DEBUG MainWindow           - Opening main window
21:22:16.032 [JavaFX Application Thread] DEBUG MainWindow           - Window border size: (16.0, 39.0)
21:22:16.033 [JavaFX Application Thread] DEBUG MainWindow           - Scaled size: 840.0 x 650.0
21:22:16.033 [JavaFX Application Thread] DEBUG MainWindow           - Scaled ratio: (1.0, 1.0)
21:22:16.033 [JavaFX Application Thread] DEBUG MainWindow           - Scene size: 840.0 x 650.0
21:22:16.033 [JavaFX Application Thread] DEBUG MainWindow           - Stage size: 856.0 x 689.0
21:22:16.039 [FXGL Background Thread 1 ] DEBUG Engine               - Initializing environment variables
21:22:16.061 [FXGL Background Thread 1 ] DEBUG WindowService        - Applying CSS: fxgl_dark.css
21:22:16.061 [FXGL Background Thread 1 ] DEBUG AssetLoaderService   - Loading from file system: /assets/ui/css/fxgl_dark.css
21:22:16.093 [FXGL Background Thread 1 ] DEBUG WindowService        - Initializing application scenes
21:22:16.114 [FXGL Background Thread 1 ] DEBUG GameWorld            - Game world initialized
21:22:16.140 [FXGL Background Thread 1 ] DEBUG PhysicsWorld         - Physics world initialized: appHeight=650, physics.ppm=50.0
21:22:16.142 [FXGL Background Thread 1 ] DEBUG GameScene            - Game scene initialized: 840x650
21:22:16.167 [FXGL Background Thread 1 ] DEBUG AssetLoaderService   - Loading from file system: /assets/textures/particles/trace_horizontal.png
21:22:16.205 [FXGL Background Thread 1 ] DEBUG FXGL.DefaultMenu     - createMenuBodyGameMenu()
21:22:16.215 [FXGL Background Thread 1 ] DEBUG FXGL.DefaultMenu     - createOptionsMenu()
21:22:16.218 [FXGL Background Thread 1 ] DEBUG AssetLoaderService   - Loading from file system: /assets/textures/particles/smoke.png
21:22:16.257 [FXGL Background Thread 1 ] DEBUG WindowService        - Application scenes initialized
21:22:16.264 [FXGL Background Thread 1 ] DEBUG SystemBundleService  - Loading FXGL system data
21:22:16.266 [FXGL Background Thread 1 ] DEBUG FileSystemAccess     - Reading from: E:\secondYear\Java\NewfoundlandRacer\system\fxgl.bundle
21:22:16.270 [FXGL Background Thread 1 ] DEBUG SystemBundleService  - Bundle FXGL: {}
21:22:16.270 [FXGL Background Thread 1 ] INFO  Engine               - FXGL initialization took: 0.229 sec
21:22:16.271 [FXGL Background Thread 1 ] DEBUG GameApplication      - Loading localizations
21:22:16.272 [FXGL Background Thread 1 ] DEBUG AssetLoaderService   - Loading from file system: /assets/languages/english.lang
21:22:16.280 [FXGL Background Thread 1 ] DEBUG AssetLoaderService   - Loading from file system: /assets/languages/french.lang
21:22:16.281 [FXGL Background Thread 1 ] DEBUG AssetLoaderService   - Loading from file system: /assets/languages/german.lang
21:22:16.282 [FXGL Background Thread 1 ] DEBUG AssetLoaderService   - Loading from file system: /assets/languages/hungarian.lang
21:22:16.284 [FXGL Background Thread 1 ] DEBUG AssetLoaderService   - Loading from file system: /assets/languages/russian.lang
21:22:16.285 [FXGL Background Thread 1 ] DEBUG GameApplication      - Registering font factories with UI factory
21:22:16.285 [FXGL Background Thread 1 ] DEBUG AssetLoaderService   - Loading from file system: /assets/ui/fonts/VarelaRound-Regular.ttf
21:22:16.314 [FXGL Background Thread 1 ] DEBUG AssetLoaderService   - Loading from file system: /assets/ui/fonts/Abel-Regular.ttf
21:22:16.316 [FXGL Background Thread 1 ] DEBUG AssetLoaderService   - Loading from file system: /assets/ui/fonts/lucida_console.ttf
21:22:16.320 [FXGL Background Thread 1 ] DEBUG AssetLoaderService   - Loading from file system: /assets/ui/fonts/Courier-Prime.ttf
21:22:16.331 [JavaFX Application Thread] DEBUG Input                - Registered new binding: Move Right - D
21:22:16.331 [JavaFX Application Thread] DEBUG Input                - Registered new binding: Move Left - A
21:22:16.331 [JavaFX Application Thread] DEBUG Input                - Registered new binding: Move Up - W
21:22:16.331 [JavaFX Application Thread] DEBUG Input                - Registered new binding: Move Down - S
21:22:16.331 [JavaFX Application Thread] DEBUG AssetLoaderService   - Loading from file system: /assets/textures/fxgl_icon.png
21:22:16.345 [JavaFX Application Thread] DEBUG AssetLoaderService   - Loading from file system: /assets/ui/cursors/fxgl_default.png
21:22:16.346 [JavaFX Application Thread] DEBUG Input                - Registered new binding: Screenshot - P
21:22:16.346 [JavaFX Application Thread] DEBUG Input                - Registered new binding: System info dump - CTRL+9
21:22:16.347 [JavaFX Application Thread] DEBUG Input                - Registered new binding: Restart - CTRL+R
21:22:16.347 [JavaFX Application Thread] DEBUG LoopRunner           - Starting loop
21:22:16.366 [JavaFX Application Thread] DEBUG FXGLStartupScene     - STARTUP
21:22:16.367 [JavaFX Application Thread] DEBUG Input                - Clearing active input actions
21:22:16.371 [JavaFX Application Thread] DEBUG WindowService        - Removing overlay from FXGLStartupScene and adding to 
21:22:16.372 [JavaFX Application Thread] DEBUG MainWindow           - FXGLStartupScene -> 
21:22:16.372 [JavaFX Application Thread] DEBUG MainWindow           - Push state: NewfoundlandRacerMainMenu
21:22:16.372 [JavaFX Application Thread] DEBUG Input                - Clearing active input actions
21:22:16.374 [JavaFX Application Thread] DEBUG WindowService        - Removing overlay from  and adding to NewfoundlandRacerMainMenu
21:22:16.374 [JavaFX Application Thread] DEBUG MainWindow           -  -> NewfoundlandRacerMainMenu
21:22:16.977 [JavaFX Application Thread] DEBUG Menu                 - fireNewGame()
21:22:16.977 [JavaFX Application Thread] DEBUG WindowService        - Starting new game
21:22:16.977 [JavaFX Application Thread] DEBUG MainWindow           - Pop state: NewfoundlandRacerMainMenu
21:22:16.977 [JavaFX Application Thread] DEBUG Input                - Clearing active input actions
21:22:16.978 [JavaFX Application Thread] DEBUG WindowService        - Removing overlay from NewfoundlandRacerMainMenu and adding to 
21:22:16.978 [JavaFX Application Thread] DEBUG MainWindow           -  <- NewfoundlandRacerMainMenu
21:22:16.978 [JavaFX Application Thread] DEBUG Input                - Clearing active input actions
21:22:16.985 [JavaFX Application Thread] DEBUG WindowService        - Removing overlay from  and adding to FXGLLoadingScene
21:22:16.985 [JavaFX Application Thread] DEBUG MainWindow           -  -> FXGLLoadingScene
21:22:16.985 [JavaFX Application Thread] DEBUG WindowService        - Clearing previous game
21:22:16.985 [JavaFX Application Thread] DEBUG GameScene            - Clearing game scene
21:22:16.985 [JavaFX Application Thread] DEBUG GameWorld            - Clearing game world
21:22:16.985 [JavaFX Application Thread] DEBUG PhysicsWorld         - Clearing physics world
21:22:16.986 [FXGL Background Thread 1 ] DEBUG GameApplication      - Initializing game
21:22:16.991 [FXGL Background Thread 1 ] DEBUG AssetLoaderService   - Loading from file system: /assets/textures/4lanehighway.png
21:22:17.057 [FXGL Background Thread 1 ] DEBUG AssetLoaderService   - Loading from file system: /assets/textures/player.png
21:22:17.069 [FXGL Background Thread 1 ] INFO  GameApplication      - Game initialization took: 0.082 sec
21:22:17.069 [JavaFX Application Thread] DEBUG Input                - Clearing active input actions
21:22:17.075 [JavaFX Application Thread] DEBUG WindowService        - Removing overlay from FXGLLoadingScene and adding to GameScene
21:22:17.075 [JavaFX Application Thread] DEBUG MainWindow           - FXGLLoadingScene -> GameScene
21:22:17.966 [JavaFX Application Thread] DEBUG AssetLoaderService   - Loading from file system: /assets/textures/cowmoosespriterunning.png
21:22:17.975 [JavaFX Application Thread] DEBUG AssetLoaderService   - Loading from cache: /assets/textures/cowmoosespriterunning.png
21:22:18.388 [JavaFX Application Thread] DEBUG AssetLoaderService   - Loading from file system: /assets/textures/driver4.png
21:22:18.810 [JavaFX Application Thread] DEBUG AssetLoaderService   - Loading from cache: /assets/textures/cowmoosespriterunning.png
21:22:18.811 [JavaFX Application Thread] DEBUG AssetLoaderService   - Loading from cache: /assets/textures/cowmoosespriterunning.png
21:22:19.223 [JavaFX Application Thread] DEBUG AssetLoaderService   - Loading from file system: /assets/textures/pothole.png
21:22:19.273 [FXGL Background Thread 2 ] DEBUG Engine               - Logging environment variables
21:22:19.273 [FXGL Background Thread 2 ] DEBUG Engine               - achievements: []
21:22:19.273 [FXGL Background Thread 2 ] DEBUG Engine               - appIcon: fxgl_icon.png
21:22:19.273 [FXGL Background Thread 2 ] DEBUG Engine               - applicationMode: DEVELOPER
21:22:19.273 [FXGL Background Thread 2 ] DEBUG Engine               - cSSList: [fxgl_dark.css]
21:22:19.273 [FXGL Background Thread 2 ] DEBUG Engine               - configClass: Optional.empty
21:22:19.273 [FXGL Background Thread 2 ] DEBUG Engine               - credits: []
21:22:19.273 [FXGL Background Thread 2 ] DEBUG Engine               - devBBoxColorProperty: ObjectProperty [value: 0xff0000ff]
21:22:19.273 [FXGL Background Thread 2 ] DEBUG Engine               - devSensorColorProperty: ObjectProperty [value: 0xffff00ff]
21:22:19.273 [FXGL Background Thread 2 ] DEBUG Engine               - devShowBBoxProperty: BooleanProperty [value: false]
21:22:19.273 [FXGL Background Thread 2 ] DEBUG Engine               - devShowPositionProperty: BooleanProperty [value: false]
21:22:19.274 [FXGL Background Thread 2 ] DEBUG Engine               - enabledMenuItems: []
21:22:19.274 [FXGL Background Thread 2 ] DEBUG Engine               - engineServices: [class com.almasb.fxgl.app.GameApplication$GameApplicationService, class com.almasb.fxgl.app.services.WindowService, class com.almasb.fxgl.app.services.FXGLDialogService, class com.almasb.fxgl.app.services.IOTaskExecutorService, class com.almasb.fxgl.event.EventBusService, class com.almasb.fxgl.io.FileSystemService, class com.almasb.fxgl.localization.LocalizationService, class com.almasb.fxgl.app.services.AssetLoaderService, class com.almasb.fxgl.app.services.SystemBundleService, class com.almasb.fxgl.profile.SaveLoadService, class com.almasb.fxgl.ui.FXGLUIFactoryServiceProvider, class com.almasb.fxgl.ui.FXGLDialogFactoryServiceProvider, class com.almasb.fxgl.audio.AudioPlayer, class com.almasb.fxgl.notification.impl.NotificationServiceProvider, class com.almasb.fxgl.achievement.AchievementService, class com.almasb.fxgl.cutscene.CutsceneService, class com.almasb.fxgl.minigames.MiniGameService, class com.almasb.fxgl.net.NetService, class com.almasb.fxgl.app.services.UpdaterService, class com.almasb.fxgl.dev.DevService]
21:22:19.274 [FXGL Background Thread 2 ] DEBUG Engine               - fontGame: Abel-Regular.ttf
21:22:19.274 [FXGL Background Thread 2 ] DEBUG Engine               - fontMono: lucida_console.ttf
21:22:19.274 [FXGL Background Thread 2 ] DEBUG Engine               - fontText: Courier-Prime.ttf
21:22:19.274 [FXGL Background Thread 2 ] DEBUG Engine               - fontUI: VarelaRound-Regular.ttf
21:22:19.274 [FXGL Background Thread 2 ] DEBUG Engine               - fullScreen: BooleanProperty [value: false]
21:22:19.274 [FXGL Background Thread 2 ] DEBUG Engine               - gameDifficulty: MEDIUM
21:22:19.274 [FXGL Background Thread 2 ] DEBUG Engine               - gameDifficultyProperty: ObjectProperty [value: MEDIUM]
21:22:19.274 [FXGL Background Thread 2 ] DEBUG Engine               - globalMusicVolume: 0.5
21:22:19.274 [FXGL Background Thread 2 ] DEBUG Engine               - globalMusicVolumeProperty: DoubleProperty [value: 0.5]
21:22:19.274 [FXGL Background Thread 2 ] DEBUG Engine               - globalSoundVolume: 0.5
21:22:19.274 [FXGL Background Thread 2 ] DEBUG Engine               - globalSoundVolumeProperty: DoubleProperty [value: 0.5]
21:22:19.274 [FXGL Background Thread 2 ] DEBUG Engine               - height: 650
21:22:19.274 [FXGL Background Thread 2 ] DEBUG Engine               - isAndroid: false
21:22:19.274 [FXGL Background Thread 2 ] DEBUG Engine               - isBrowser: false
21:22:19.274 [FXGL Background Thread 2 ] DEBUG Engine               - isClickFeedbackEnabled: false
21:22:19.274 [FXGL Background Thread 2 ] DEBUG Engine               - isCloseConfirmation: false
21:22:19.274 [FXGL Background Thread 2 ] DEBUG Engine               - isDesktop: true
21:22:19.274 [FXGL Background Thread 2 ] DEBUG Engine               - isDeveloperMenuEnabled: false
21:22:19.275 [FXGL Background Thread 2 ] DEBUG Engine               - isExperimentalNative: false
21:22:19.275 [FXGL Background Thread 2 ] DEBUG Engine               - isExperimentalTiledLargeMap: false
21:22:19.275 [FXGL Background Thread 2 ] DEBUG Engine               - isFullScreenAllowed: false
21:22:19.275 [FXGL Background Thread 2 ] DEBUG Engine               - isFullScreenFromStart: false
21:22:19.275 [FXGL Background Thread 2 ] DEBUG Engine               - isGameMenuEnabled: true
21:22:19.275 [FXGL Background Thread 2 ] DEBUG Engine               - isIOS: false
21:22:19.275 [FXGL Background Thread 2 ] DEBUG Engine               - isIntroEnabled: false
21:22:19.275 [FXGL Background Thread 2 ] DEBUG Engine               - isLinux: false
21:22:19.275 [FXGL Background Thread 2 ] DEBUG Engine               - isMac: false
21:22:19.275 [FXGL Background Thread 2 ] DEBUG Engine               - isMainMenuEnabled: true
21:22:19.275 [FXGL Background Thread 2 ] DEBUG Engine               - isManualResizeEnabled: false
21:22:19.275 [FXGL Background Thread 2 ] DEBUG Engine               - isMobile: false
21:22:19.275 [FXGL Background Thread 2 ] DEBUG Engine               - isPreserveResizeRatio: false
21:22:19.275 [FXGL Background Thread 2 ] DEBUG Engine               - isProfilingEnabled: false
21:22:19.275 [FXGL Background Thread 2 ] DEBUG Engine               - isSingleStep: false
21:22:19.275 [FXGL Background Thread 2 ] DEBUG Engine               - isUserProfileEnabled: false
21:22:19.275 [FXGL Background Thread 2 ] DEBUG Engine               - isWindows: true
21:22:19.275 [FXGL Background Thread 2 ] DEBUG Engine               - language: ObjectProperty [value: ENGLISH]
21:22:19.276 [FXGL Background Thread 2 ] DEBUG Engine               - mainWindow: com.almasb.fxgl.app.MainWindow@5fffc4be
21:22:19.276 [FXGL Background Thread 2 ] DEBUG Engine               - menuKey: ESCAPE
21:22:19.276 [FXGL Background Thread 2 ] DEBUG Engine               - notificationViewClass: class com.almasb.fxgl.notification.view.XboxNotificationView
21:22:19.276 [FXGL Background Thread 2 ] DEBUG Engine               - pixelsPerMeter: 50.0
21:22:19.276 [FXGL Background Thread 2 ] DEBUG Engine               - platform: WINDOWS
21:22:19.276 [FXGL Background Thread 2 ] DEBUG Engine               - profileDir: profiles/
21:22:19.276 [FXGL Background Thread 2 ] DEBUG Engine               - profileName: StringProperty [value: DEFAULT]
21:22:19.276 [FXGL Background Thread 2 ] DEBUG Engine               - randomSeed: -1
21:22:19.276 [FXGL Background Thread 2 ] DEBUG Engine               - runtimeInfo: RuntimeInfo(platform=WINDOWS, version=11.9, build=27.05.2020 17.06)
21:22:19.276 [FXGL Background Thread 2 ] DEBUG Engine               - saveFileExt: sav
21:22:19.276 [FXGL Background Thread 2 ] DEBUG Engine               - sceneFactory: MooseGame.NewfoundRacerApp$1@1afd5125
21:22:19.276 [FXGL Background Thread 2 ] DEBUG Engine               - secondsIn24h: 60
21:22:19.276 [FXGL Background Thread 2 ] DEBUG Engine               - settings: Title: Newfoundland Moose Collision
Version: 0.1
Width: 840
Height: 650
Fullscreen: false
Intro: false
Profiling: false
Single step:false
App Mode: DEVELOPER
Menu Key: ESCAPE
Stage Style: DECORATED
Scene Factory: class MooseGame.NewfoundRacerApp$1

21:22:19.276 [FXGL Background Thread 2 ] DEBUG Engine               - soundMenuBack: menu/back.wav
21:22:19.276 [FXGL Background Thread 2 ] DEBUG Engine               - soundMenuPress: menu/press.wav
21:22:19.276 [FXGL Background Thread 2 ] DEBUG Engine               - soundMenuSelect: menu/select.wav
21:22:19.276 [FXGL Background Thread 2 ] DEBUG Engine               - soundNotification: core/notification.wav
21:22:19.276 [FXGL Background Thread 2 ] DEBUG Engine               - stageStyle: DECORATED
21:22:19.276 [FXGL Background Thread 2 ] DEBUG Engine               - supportedLanguages: [ENGLISH, FRENCH, GERMAN, HUNGARIAN, RUSSIAN]
21:22:19.277 [FXGL Background Thread 2 ] DEBUG Engine               - title: Newfoundland Moose Collision
21:22:19.277 [FXGL Background Thread 2 ] DEBUG Engine               - urlGithub: https://github.com/AlmasB/FXGL
21:22:19.277 [FXGL Background Thread 2 ] DEBUG Engine               - urlLeaderboard: http://fxgl-top.herokuapp.com/
21:22:19.277 [FXGL Background Thread 2 ] DEBUG Engine               - urlPOM: https://raw.githubusercontent.com/AlmasB/FXGL/master/pom.xml
21:22:19.277 [FXGL Background Thread 2 ] DEBUG Engine               - version: 0.1
21:22:19.277 [FXGL Background Thread 2 ] DEBUG Engine               - versionCheckDays: 7
21:22:19.277 [FXGL Background Thread 2 ] DEBUG Engine               - width: 840
21:22:19.277 [FXGL Background Thread 2 ] DEBUG Engine               - Logging services
21:22:19.277 [FXGL Background Thread 2 ] DEBUG Engine               - class com.almasb.fxgl.app.GameApplication$GameApplicationService
21:22:19.277 [FXGL Background Thread 2 ] DEBUG Engine               - class com.almasb.fxgl.app.services.WindowService
21:22:19.277 [FXGL Background Thread 2 ] DEBUG Engine               - class com.almasb.fxgl.app.services.FXGLDialogService
21:22:19.277 [FXGL Background Thread 2 ] DEBUG Engine               - class com.almasb.fxgl.app.services.IOTaskExecutorService
21:22:19.277 [FXGL Background Thread 2 ] DEBUG Engine               - class com.almasb.fxgl.event.EventBusService
21:22:19.277 [FXGL Background Thread 2 ] DEBUG Engine               - class com.almasb.fxgl.io.FileSystemService
21:22:19.277 [FXGL Background Thread 2 ] DEBUG Engine               - class com.almasb.fxgl.localization.LocalizationService
21:22:19.277 [FXGL Background Thread 2 ] DEBUG Engine               - class com.almasb.fxgl.app.services.AssetLoaderService
21:22:19.277 [FXGL Background Thread 2 ] DEBUG Engine               - class com.almasb.fxgl.app.services.SystemBundleService
21:22:19.277 [FXGL Background Thread 2 ] DEBUG Engine               - class com.almasb.fxgl.profile.SaveLoadService
21:22:19.277 [FXGL Background Thread 2 ] DEBUG Engine               - class com.almasb.fxgl.ui.FXGLUIFactoryServiceProvider
21:22:19.277 [FXGL Background Thread 2 ] DEBUG Engine               - class com.almasb.fxgl.ui.FXGLDialogFactoryServiceProvider
21:22:19.277 [FXGL Background Thread 2 ] DEBUG Engine               - class com.almasb.fxgl.audio.AudioPlayer
21:22:19.277 [FXGL Background Thread 2 ] DEBUG Engine               - class com.almasb.fxgl.notification.impl.NotificationServiceProvider
21:22:19.277 [FXGL Background Thread 2 ] DEBUG Engine               - class com.almasb.fxgl.achievement.AchievementService
21:22:19.277 [FXGL Background Thread 2 ] DEBUG Engine               - class com.almasb.fxgl.cutscene.CutsceneService
21:22:19.277 [FXGL Background Thread 2 ] DEBUG Engine               - class com.almasb.fxgl.minigames.MiniGameService
21:22:19.277 [FXGL Background Thread 2 ] DEBUG Engine               - class com.almasb.fxgl.net.NetService
21:22:19.278 [FXGL Background Thread 2 ] DEBUG Engine               - class com.almasb.fxgl.app.services.UpdaterService
21:22:19.278 [FXGL Background Thread 2 ] DEBUG Engine               - class com.almasb.fxgl.dev.DevService
21:22:19.672 [JavaFX Application Thread] DEBUG AssetLoaderService   - Loading from cache: /assets/textures/driver4.png
21:22:19.675 [JavaFX Application Thread] DEBUG AssetLoaderService   - Loading from cache: /assets/textures/cowmoosespriterunning.png
21:22:19.675 [JavaFX Application Thread] DEBUG AssetLoaderService   - Loading from cache: /assets/textures/cowmoosespriterunning.png
21:22:20.520 [JavaFX Application Thread] DEBUG AssetLoaderService   - Loading from cache: /assets/textures/cowmoosespriterunning.png
21:22:20.521 [JavaFX Application Thread] DEBUG AssetLoaderService   - Loading from cache: /assets/textures/cowmoosespriterunning.png
21:22:20.571 [JavaFX Application Thread] DEBUG MainWindow           - Push state: DialogSubScene
21:22:20.571 [JavaFX Application Thread] DEBUG Input                - Clearing active input actions
21:22:20.575 [JavaFX Application Thread] DEBUG WindowService        - Removing overlay from GameScene and adding to DialogSubScene
21:22:20.576 [JavaFX Application Thread] DEBUG MainWindow           - GameScene -> DialogSubScene
21:22:21.798 [JavaFX Application Thread] DEBUG MainWindow           - Pop state: DialogSubScene
21:22:21.798 [JavaFX Application Thread] DEBUG Input                - Clearing active input actions
21:22:21.798 [JavaFX Application Thread] DEBUG WindowService        - Removing overlay from DialogSubScene and adding to GameScene
21:22:21.798 [JavaFX Application Thread] DEBUG MainWindow           - GameScene <- DialogSubScene
21:22:21.802 [JavaFX Application Thread] DEBUG MainWindow           - Push state: DialogSubScene
21:22:21.802 [JavaFX Application Thread] DEBUG Input                - Clearing active input actions
21:22:21.803 [JavaFX Application Thread] DEBUG WindowService        - Removing overlay from GameScene and adding to DialogSubScene
21:22:21.803 [JavaFX Application Thread] DEBUG MainWindow           - GameScene -> DialogSubScene
21:22:22.876 [JavaFX Application Thread] DEBUG MainWindow           - Pop state: DialogSubScene
21:22:22.876 [JavaFX Application Thread] DEBUG Input                - Clearing active input actions
21:22:22.876 [JavaFX Application Thread] DEBUG WindowService        - Removing overlay from DialogSubScene and adding to GameScene
21:22:22.876 [JavaFX Application Thread] DEBUG MainWindow           - GameScene <- DialogSubScene
21:22:22.890 [JavaFX Application Thread] DEBUG MainWindow           - Push state: DialogSubScene
21:22:22.890 [JavaFX Application Thread] DEBUG Input                - Clearing active input actions
21:22:22.891 [JavaFX Application Thread] DEBUG WindowService        - Removing overlay from GameScene and adding to DialogSubScene
21:22:22.891 [JavaFX Application Thread] DEBUG MainWindow           - GameScene -> DialogSubScene
21:22:23.833 [JavaFX Application Thread] DEBUG MainWindow           - Pop state: DialogSubScene
21:22:23.833 [JavaFX Application Thread] DEBUG Input                - Clearing active input actions
21:22:23.833 [JavaFX Application Thread] DEBUG WindowService        - Removing overlay from DialogSubScene and adding to GameScene
21:22:23.833 [JavaFX Application Thread] DEBUG MainWindow           - GameScene <- DialogSubScene
21:22:23.835 [JavaFX Application Thread] DEBUG MainWindow           - Push state: DialogSubScene
21:22:23.835 [JavaFX Application Thread] DEBUG Input                - Clearing active input actions
21:22:23.836 [JavaFX Application Thread] DEBUG WindowService        - Removing overlay from GameScene and adding to DialogSubScene
21:22:23.836 [JavaFX Application Thread] DEBUG MainWindow           - GameScene -> DialogSubScene
21:22:24.627 [JavaFX Application Thread] DEBUG MainWindow           - Pop state: DialogSubScene
21:22:24.627 [JavaFX Application Thread] DEBUG Input                - Clearing active input actions
21:22:24.627 [JavaFX Application Thread] DEBUG WindowService        - Removing overlay from DialogSubScene and adding to GameScene
21:22:24.627 [JavaFX Application Thread] DEBUG MainWindow           - GameScene <- DialogSubScene
21:22:24.635 [JavaFX Application Thread] DEBUG MainWindow           - Push state: DialogSubScene
21:22:24.635 [JavaFX Application Thread] DEBUG Input                - Clearing active input actions
21:22:24.636 [JavaFX Application Thread] DEBUG WindowService        - Removing overlay from GameScene and adding to DialogSubScene
21:22:24.636 [JavaFX Application Thread] DEBUG MainWindow           - GameScene -> DialogSubScene
21:22:24.940 [JavaFX Application Thread] DEBUG MainWindow           - Pop state: DialogSubScene
21:22:24.940 [JavaFX Application Thread] DEBUG Input                - Clearing active input actions
21:22:24.940 [JavaFX Application Thread] DEBUG WindowService        - Removing overlay from DialogSubScene and adding to GameScene
21:22:24.940 [JavaFX Application Thread] DEBUG MainWindow           - GameScene <- DialogSubScene
21:22:24.955 [JavaFX Application Thread] DEBUG MainWindow           - Push state: DialogSubScene
21:22:24.955 [JavaFX Application Thread] DEBUG Input                - Clearing active input actions
21:22:24.956 [JavaFX Application Thread] DEBUG WindowService        - Removing overlay from GameScene and adding to DialogSubScene
21:22:24.956 [JavaFX Application Thread] DEBUG MainWindow           - GameScene -> DialogSubScene
21:22:25.110 [JavaFX Application Thread] DEBUG MainWindow           - Pop state: DialogSubScene
21:22:25.110 [JavaFX Application Thread] DEBUG Input                - Clearing active input actions
21:22:25.110 [JavaFX Application Thread] DEBUG WindowService        - Removing overlay from DialogSubScene and adding to GameScene
21:22:25.110 [JavaFX Application Thread] DEBUG MainWindow           - GameScene <- DialogSubScene
21:22:25.114 [JavaFX Application Thread] DEBUG MainWindow           - Push state: DialogSubScene
21:22:25.114 [JavaFX Application Thread] DEBUG Input                - Clearing active input actions
21:22:25.115 [JavaFX Application Thread] DEBUG WindowService        - Removing overlay from GameScene and adding to DialogSubScene
21:22:25.115 [JavaFX Application Thread] DEBUG MainWindow           - GameScene -> DialogSubScene
21:22:25.286 [JavaFX Application Thread] DEBUG MainWindow           - Pop state: DialogSubScene
21:22:25.286 [JavaFX Application Thread] DEBUG Input                - Clearing active input actions
21:22:25.287 [JavaFX Application Thread] DEBUG WindowService        - Removing overlay from DialogSubScene and adding to GameScene
21:22:25.287 [JavaFX Application Thread] DEBUG MainWindow           - GameScene <- DialogSubScene
21:22:25.291 [JavaFX Application Thread] DEBUG MainWindow           - Push state: DialogSubScene
21:22:25.291 [JavaFX Application Thread] DEBUG Input                - Clearing active input actions
21:22:25.292 [JavaFX Application Thread] DEBUG WindowService        - Removing overlay from GameScene and adding to DialogSubScene
21:22:25.292 [JavaFX Application Thread] DEBUG MainWindow           - GameScene -> DialogSubScene
21:22:25.456 [JavaFX Application Thread] DEBUG MainWindow           - Pop state: DialogSubScene
21:22:25.456 [JavaFX Application Thread] DEBUG Input                - Clearing active input actions
21:22:25.457 [JavaFX Application Thread] DEBUG WindowService        - Removing overlay from DialogSubScene and adding to GameScene
21:22:25.457 [JavaFX Application Thread] DEBUG MainWindow           - GameScene <- DialogSubScene
21:22:25.467 [JavaFX Application Thread] DEBUG MainWindow           - Push state: DialogSubScene
21:22:25.467 [JavaFX Application Thread] DEBUG Input                - Clearing active input actions
21:22:25.468 [JavaFX Application Thread] DEBUG WindowService        - Removing overlay from GameScene and adding to DialogSubScene
21:22:25.468 [JavaFX Application Thread] DEBUG MainWindow           - GameScene -> DialogSubScene
21:22:25.618 [JavaFX Application Thread] DEBUG MainWindow           - Pop state: DialogSubScene
21:22:25.618 [JavaFX Application Thread] DEBUG Input                - Clearing active input actions
21:22:25.619 [JavaFX Application Thread] DEBUG WindowService        - Removing overlay from DialogSubScene and adding to GameScene
21:22:25.619 [JavaFX Application Thread] DEBUG MainWindow           - GameScene <- DialogSubScene
21:22:25.626 [JavaFX Application Thread] DEBUG MainWindow           - Push state: DialogSubScene
21:22:25.626 [JavaFX Application Thread] DEBUG Input                - Clearing active input actions
21:22:25.626 [JavaFX Application Thread] DEBUG WindowService        - Removing overlay from GameScene and adding to DialogSubScene
21:22:25.627 [JavaFX Application Thread] DEBUG MainWindow           - GameScene -> DialogSubScene
21:22:25.777 [JavaFX Application Thread] DEBUG MainWindow           - Pop state: DialogSubScene
21:22:25.777 [JavaFX Application Thread] DEBUG Input                - Clearing active input actions
21:22:25.777 [JavaFX Application Thread] DEBUG WindowService        - Removing overlay from DialogSubScene and adding to GameScene
21:22:25.777 [JavaFX Application Thread] DEBUG MainWindow           - GameScene <- DialogSubScene
21:22:25.787 [JavaFX Application Thread] DEBUG MainWindow           - Push state: DialogSubScene
21:22:25.787 [JavaFX Application Thread] DEBUG Input                - Clearing active input actions
21:22:25.788 [JavaFX Application Thread] DEBUG WindowService        - Removing overlay from GameScene and adding to DialogSubScene
21:22:25.788 [JavaFX Application Thread] DEBUG MainWindow           - GameScene -> DialogSubScene
21:22:25.921 [JavaFX Application Thread] DEBUG MainWindow           - Pop state: DialogSubScene
21:22:25.921 [JavaFX Application Thread] DEBUG Input                - Clearing active input actions
21:22:25.921 [JavaFX Application Thread] DEBUG WindowService        - Removing overlay from DialogSubScene and adding to GameScene
21:22:25.922 [JavaFX Application Thread] DEBUG MainWindow           - GameScene <- DialogSubScene
21:22:25.930 [JavaFX Application Thread] DEBUG MainWindow           - Push state: DialogSubScene
21:22:25.930 [JavaFX Application Thread] DEBUG Input                - Clearing active input actions
21:22:25.931 [JavaFX Application Thread] DEBUG WindowService        - Removing overlay from GameScene and adding to DialogSubScene
21:22:25.931 [JavaFX Application Thread] DEBUG MainWindow           - GameScene -> DialogSubScene
21:22:26.061 [JavaFX Application Thread] DEBUG MainWindow           - Pop state: DialogSubScene
21:22:26.062 [JavaFX Application Thread] DEBUG Input                - Clearing active input actions
21:22:26.062 [JavaFX Application Thread] DEBUG WindowService        - Removing overlay from DialogSubScene and adding to GameScene
21:22:26.062 [JavaFX Application Thread] DEBUG MainWindow           - GameScene <- DialogSubScene
21:22:26.075 [JavaFX Application Thread] DEBUG MainWindow           - Push state: DialogSubScene
21:22:26.075 [JavaFX Application Thread] DEBUG Input                - Clearing active input actions
21:22:26.075 [JavaFX Application Thread] DEBUG WindowService        - Removing overlay from GameScene and adding to DialogSubScene
21:22:26.076 [JavaFX Application Thread] DEBUG MainWindow           - GameScene -> DialogSubScene
21:22:26.195 [JavaFX Application Thread] DEBUG MainWindow           - Pop state: DialogSubScene
21:22:26.195 [JavaFX Application Thread] DEBUG Input                - Clearing active input actions
21:22:26.195 [JavaFX Application Thread] DEBUG WindowService        - Removing overlay from DialogSubScene and adding to GameScene
21:22:26.195 [JavaFX Application Thread] DEBUG MainWindow           - GameScene <- DialogSubScene
21:22:26.203 [JavaFX Application Thread] DEBUG MainWindow           - Push state: DialogSubScene
21:22:26.203 [JavaFX Application Thread] DEBUG Input                - Clearing active input actions
21:22:26.203 [JavaFX Application Thread] DEBUG WindowService        - Removing overlay from GameScene and adding to DialogSubScene
21:22:26.204 [JavaFX Application Thread] DEBUG MainWindow           - GameScene -> DialogSubScene
21:22:26.334 [JavaFX Application Thread] DEBUG MainWindow           - Pop state: DialogSubScene
21:22:26.334 [JavaFX Application Thread] DEBUG Input                - Clearing active input actions
21:22:26.335 [JavaFX Application Thread] DEBUG WindowService        - Removing overlay from DialogSubScene and adding to GameScene
21:22:26.335 [JavaFX Application Thread] DEBUG MainWindow           - GameScene <- DialogSubScene
21:22:26.346 [JavaFX Application Thread] DEBUG MainWindow           - Push state: DialogSubScene
21:22:26.346 [JavaFX Application Thread] DEBUG Input                - Clearing active input actions
21:22:26.346 [JavaFX Application Thread] DEBUG WindowService        - Removing overlay from GameScene and adding to DialogSubScene
21:22:26.346 [JavaFX Application Thread] DEBUG MainWindow           - GameScene -> DialogSubScene
21:22:26.461 [JavaFX Application Thread] DEBUG MainWindow           - Pop state: DialogSubScene
21:22:26.461 [JavaFX Application Thread] DEBUG Input                - Clearing active input actions
21:22:26.461 [JavaFX Application Thread] DEBUG WindowService        - Removing overlay from DialogSubScene and adding to GameScene
21:22:26.461 [JavaFX Application Thread] DEBUG MainWindow           - GameScene <- DialogSubScene
21:22:26.475 [JavaFX Application Thread] DEBUG MainWindow           - Push state: DialogSubScene
21:22:26.475 [JavaFX Application Thread] DEBUG Input                - Clearing active input actions
21:22:26.476 [JavaFX Application Thread] DEBUG WindowService        - Removing overlay from GameScene and adding to DialogSubScene
21:22:26.476 [JavaFX Application Thread] DEBUG MainWindow           - GameScene -> DialogSubScene
21:22:26.725 [JavaFX Application Thread] DEBUG MainWindow           - Pop state: DialogSubScene
21:22:26.725 [JavaFX Application Thread] DEBUG Input                - Clearing active input actions
21:22:26.726 [JavaFX Application Thread] DEBUG WindowService        - Removing overlay from DialogSubScene and adding to GameScene
21:22:26.726 [JavaFX Application Thread] DEBUG MainWindow           - GameScene <- DialogSubScene
21:22:26.730 [JavaFX Application Thread] DEBUG MainWindow           - Push state: DialogSubScene
21:22:26.730 [JavaFX Application Thread] DEBUG Input                - Clearing active input actions
21:22:26.730 [JavaFX Application Thread] DEBUG WindowService        - Removing overlay from GameScene and adding to DialogSubScene
21:22:26.731 [JavaFX Application Thread] DEBUG MainWindow           - GameScene -> DialogSubScene
21:22:26.877 [JavaFX Application Thread] DEBUG MainWindow           - Pop state: DialogSubScene
21:22:26.877 [JavaFX Application Thread] DEBUG Input                - Clearing active input actions
21:22:26.877 [JavaFX Application Thread] DEBUG WindowService        - Removing overlay from DialogSubScene and adding to GameScene
21:22:26.877 [JavaFX Application Thread] DEBUG MainWindow           - GameScene <- DialogSubScene
21:22:26.891 [JavaFX Application Thread] DEBUG MainWindow           - Push state: DialogSubScene
21:22:26.891 [JavaFX Application Thread] DEBUG Input                - Clearing active input actions
21:22:26.892 [JavaFX Application Thread] DEBUG WindowService        - Removing overlay from GameScene and adding to DialogSubScene
21:22:26.892 [JavaFX Application Thread] DEBUG MainWindow           - GameScene -> DialogSubScene
21:22:27.013 [JavaFX Application Thread] DEBUG MainWindow           - Pop state: DialogSubScene
21:22:27.013 [JavaFX Application Thread] DEBUG Input                - Clearing active input actions
21:22:27.013 [JavaFX Application Thread] DEBUG WindowService        - Removing overlay from DialogSubScene and adding to GameScene
21:22:27.013 [JavaFX Application Thread] DEBUG MainWindow           - GameScene <- DialogSubScene
21:22:27.018 [JavaFX Application Thread] DEBUG MainWindow           - Push state: DialogSubScene
21:22:27.018 [JavaFX Application Thread] DEBUG Input                - Clearing active input actions
21:22:27.018 [JavaFX Application Thread] DEBUG WindowService        - Removing overlay from GameScene and adding to DialogSubScene
21:22:27.018 [JavaFX Application Thread] DEBUG MainWindow           - GameScene -> DialogSubScene
21:22:27.154 [JavaFX Application Thread] DEBUG MainWindow           - Pop state: DialogSubScene
21:22:27.155 [JavaFX Application Thread] DEBUG Input                - Clearing active input actions
21:22:27.155 [JavaFX Application Thread] DEBUG WindowService        - Removing overlay from DialogSubScene and adding to GameScene
21:22:27.155 [JavaFX Application Thread] DEBUG MainWindow           - GameScene <- DialogSubScene
21:22:27.163 [JavaFX Application Thread] DEBUG MainWindow           - Push state: DialogSubScene
21:22:27.163 [JavaFX Application Thread] DEBUG Input                - Clearing active input actions
21:22:27.163 [JavaFX Application Thread] DEBUG WindowService        - Removing overlay from GameScene and adding to DialogSubScene
21:22:27.164 [JavaFX Application Thread] DEBUG MainWindow           - GameScene -> DialogSubScene
21:22:27.287 [JavaFX Application Thread] DEBUG MainWindow           - Pop state: DialogSubScene
21:22:27.287 [JavaFX Application Thread] DEBUG Input                - Clearing active input actions
21:22:27.287 [JavaFX Application Thread] DEBUG WindowService        - Removing overlay from DialogSubScene and adding to GameScene
21:22:27.287 [JavaFX Application Thread] DEBUG MainWindow           - GameScene <- DialogSubScene
21:22:27.291 [JavaFX Application Thread] DEBUG MainWindow           - Push state: DialogSubScene
21:22:27.291 [JavaFX Application Thread] DEBUG Input                - Clearing active input actions
21:22:27.292 [JavaFX Application Thread] DEBUG WindowService        - Removing overlay from GameScene and adding to DialogSubScene
21:22:27.292 [JavaFX Application Thread] DEBUG MainWindow           - GameScene -> DialogSubScene
21:22:27.425 [JavaFX Application Thread] DEBUG MainWindow           - Pop state: DialogSubScene
21:22:27.425 [JavaFX Application Thread] DEBUG Input                - Clearing active input actions
21:22:27.426 [JavaFX Application Thread] DEBUG WindowService        - Removing overlay from DialogSubScene and adding to GameScene
21:22:27.426 [JavaFX Application Thread] DEBUG MainWindow           - GameScene <- DialogSubScene
21:22:27.434 [JavaFX Application Thread] DEBUG MainWindow           - Push state: DialogSubScene
21:22:27.434 [JavaFX Application Thread] DEBUG Input                - Clearing active input actions
21:22:27.435 [JavaFX Application Thread] DEBUG WindowService        - Removing overlay from GameScene and adding to DialogSubScene
21:22:27.435 [JavaFX Application Thread] DEBUG MainWindow           - GameScene -> DialogSubScene
21:22:27.577 [JavaFX Application Thread] DEBUG MainWindow           - Pop state: DialogSubScene
21:22:27.577 [JavaFX Application Thread] DEBUG Input                - Clearing active input actions
21:22:27.577 [JavaFX Application Thread] DEBUG WindowService        - Removing overlay from DialogSubScene and adding to GameScene
21:22:27.577 [JavaFX Application Thread] DEBUG MainWindow           - GameScene <- DialogSubScene
21:22:27.579 [JavaFX Application Thread] DEBUG MainWindow           - Push state: DialogSubScene
21:22:27.579 [JavaFX Application Thread] DEBUG Input                - Clearing active input actions
21:22:27.579 [JavaFX Application Thread] DEBUG WindowService        - Removing overlay from GameScene and adding to DialogSubScene
21:22:27.579 [JavaFX Application Thread] DEBUG MainWindow           - GameScene -> DialogSubScene
21:22:27.708 [JavaFX Application Thread] DEBUG MainWindow           - Pop state: DialogSubScene
21:22:27.708 [JavaFX Application Thread] DEBUG Input                - Clearing active input actions
21:22:27.708 [JavaFX Application Thread] DEBUG WindowService        - Removing overlay from DialogSubScene and adding to GameScene
21:22:27.708 [JavaFX Application Thread] DEBUG MainWindow           - GameScene <- DialogSubScene
21:22:27.723 [JavaFX Application Thread] DEBUG MainWindow           - Push state: DialogSubScene
21:22:27.723 [JavaFX Application Thread] DEBUG Input                - Clearing active input actions
21:22:27.723 [JavaFX Application Thread] DEBUG WindowService        - Removing overlay from GameScene and adding to DialogSubScene
21:22:27.723 [JavaFX Application Thread] DEBUG MainWindow           - GameScene -> DialogSubScene
21:22:27.839 [JavaFX Application Thread] DEBUG MainWindow           - Pop state: DialogSubScene
21:22:27.839 [JavaFX Application Thread] DEBUG Input                - Clearing active input actions
21:22:27.839 [JavaFX Application Thread] DEBUG WindowService        - Removing overlay from DialogSubScene and adding to GameScene
21:22:27.840 [JavaFX Application Thread] DEBUG MainWindow           - GameScene <- DialogSubScene
21:22:28.020 [JavaFX Application Thread] DEBUG AssetLoaderService   - Loading from file system: /assets/textures/driver3.png
21:22:28.422 [JavaFX Application Thread] DEBUG AssetLoaderService   - Loading from file system: /assets/textures/coin.png
21:22:28.427 [JavaFX Application Thread] DEBUG AssetLoaderService   - Loading from cache: /assets/textures/pothole.png
21:22:28.450 [JavaFX Application Thread] DEBUG AssetLoaderService   - Loading from cache: /assets/textures/cowmoosespriterunning.png
21:22:28.451 [JavaFX Application Thread] DEBUG AssetLoaderService   - Loading from cache: /assets/textures/cowmoosespriterunning.png
21:22:29.269 [JavaFX Application Thread] DEBUG AssetLoaderService   - Loading from file system: /assets/textures/driver0.png
21:22:29.283 [JavaFX Application Thread] DEBUG AssetLoaderService   - Loading from cache: /assets/textures/cowmoosespriterunning.png
21:22:29.283 [JavaFX Application Thread] DEBUG AssetLoaderService   - Loading from cache: /assets/textures/cowmoosespriterunning.png
21:22:30.116 [JavaFX Application Thread] DEBUG AssetLoaderService   - Loading from cache: /assets/textures/cowmoosespriterunning.png
21:22:30.117 [JavaFX Application Thread] DEBUG AssetLoaderService   - Loading from cache: /assets/textures/cowmoosespriterunning.png
21:22:30.122 [JavaFX Application Thread] DEBUG MainWindow           - Push state: DialogSubScene
21:22:30.122 [JavaFX Application Thread] DEBUG Input                - Clearing active input actions
21:22:30.122 [JavaFX Application Thread] DEBUG WindowService        - Removing overlay from GameScene and adding to DialogSubScene
21:22:30.123 [JavaFX Application Thread] DEBUG MainWindow           - GameScene -> DialogSubScene
21:22:31.304 [JavaFX Application Thread] DEBUG GameApplication      - Exiting FXGL
21:22:31.304 [JavaFX Application Thread] DEBUG LoopRunner           - Stopping loop
21:22:31.304 [JavaFX Application Thread] DEBUG SystemBundleService  - Saving FXGL system data
21:22:31.305 [JavaFX Application Thread] DEBUG FileSystemAccess     - Writing to: E:\secondYear\Java\NewfoundlandRacer\system\fxgl.bundle
21:22:31.306 [JavaFX Application Thread] DEBUG GameApplication      - Shutting down background threads
21:22:31.306 [JavaFX Application Thread] DEBUG GameApplication      - Closing logger and exiting JavaFX
