21:20:46.597 [main                     ] DEBUG GameApplication      - Logger initialized
21:20:46.601 [main                     ] DEBUG GameApplication      - Logging settings
Title: Newfoundland Moose Collision
Version: 0.1
Width: 840
Height: 650
Fullscreen: false
Intro: false
Profiling: false
Single step:false
App Mode: DEVELOPER
Menu Key: ESCAPE
Stage Style: DECORATED
Scene Factory: class MooseGame.NewfoundRacerApp$1

21:20:46.916 [JavaFX Application Thread] DEBUG GameApplication      - Initializing FXGL
21:20:46.925 [JavaFX Application Thread] INFO  Engine               - FXGL-11.9 (27.05.2020 17.06) on WINDOWS (J:14.0.1 FX:13.0.2)
21:20:46.925 [JavaFX Application Thread] DEBUG Engine               - JRE Vendor Name: Oracle Corporation
21:20:46.925 [JavaFX Application Thread] DEBUG Engine               - Running on OS: Windows 10 version 10.0
21:20:46.925 [JavaFX Application Thread] DEBUG Engine               - Architecture: amd64
21:20:46.926 [JavaFX Application Thread] INFO  Engine               - Source code and latest versions at: https://github.com/AlmasB/FXGL
21:20:46.926 [JavaFX Application Thread] INFO  Engine               -              Join the FXGL chat at: https://gitter.im/AlmasB/FXGL
21:20:47.005 [JavaFX Application Thread] DEBUG MainWindow           - Creating a JavaFX scene
21:20:47.043 [JavaFX Application Thread] DEBUG MainWindow           - Target settings size: 840.0 x 650.0
21:20:47.043 [JavaFX Application Thread] DEBUG MainWindow           - Scaled scene size:    840.0 x 650.0
21:20:47.043 [JavaFX Application Thread] DEBUG MainWindow           - Scaled ratio: (1.0, 1.0)
21:20:47.044 [JavaFX Application Thread] DEBUG MainWindow           - Set initial scene to FXGLStartupScene
21:20:47.050 [JavaFX Application Thread] DEBUG MainWindow           - Opening main window
21:20:47.125 [JavaFX Application Thread] DEBUG MainWindow           - Window border size: (16.0, 39.0)
21:20:47.125 [JavaFX Application Thread] DEBUG MainWindow           - Scaled size: 840.0 x 650.0
21:20:47.125 [JavaFX Application Thread] DEBUG MainWindow           - Scaled ratio: (1.0, 1.0)
21:20:47.125 [JavaFX Application Thread] DEBUG MainWindow           - Scene size: 840.0 x 650.0
21:20:47.125 [JavaFX Application Thread] DEBUG MainWindow           - Stage size: 856.0 x 689.0
21:20:47.132 [FXGL Background Thread 1 ] DEBUG Engine               - Initializing environment variables
21:20:47.153 [FXGL Background Thread 1 ] DEBUG WindowService        - Applying CSS: fxgl_dark.css
21:20:47.154 [FXGL Background Thread 1 ] DEBUG AssetLoaderService   - Loading from file system: /assets/ui/css/fxgl_dark.css
21:20:47.185 [FXGL Background Thread 1 ] DEBUG WindowService        - Initializing application scenes
21:20:47.207 [FXGL Background Thread 1 ] DEBUG GameWorld            - Game world initialized
21:20:47.235 [FXGL Background Thread 1 ] DEBUG PhysicsWorld         - Physics world initialized: appHeight=650, physics.ppm=50.0
21:20:47.238 [FXGL Background Thread 1 ] DEBUG GameScene            - Game scene initialized: 840x650
21:20:47.261 [FXGL Background Thread 1 ] DEBUG AssetLoaderService   - Loading from file system: /assets/textures/particles/trace_horizontal.png
21:20:47.300 [FXGL Background Thread 1 ] DEBUG FXGL.DefaultMenu     - createMenuBodyGameMenu()
21:20:47.310 [FXGL Background Thread 1 ] DEBUG FXGL.DefaultMenu     - createOptionsMenu()
21:20:47.313 [FXGL Background Thread 1 ] DEBUG AssetLoaderService   - Loading from file system: /assets/textures/particles/smoke.png
21:20:47.351 [FXGL Background Thread 1 ] DEBUG WindowService        - Application scenes initialized
21:20:47.358 [FXGL Background Thread 1 ] DEBUG SystemBundleService  - Loading FXGL system data
21:20:47.360 [FXGL Background Thread 1 ] DEBUG FileSystemAccess     - Reading from: E:\secondYear\Java\NewfoundlandRacer\system\fxgl.bundle
21:20:47.364 [FXGL Background Thread 1 ] DEBUG SystemBundleService  - Bundle FXGL: {}
21:20:47.364 [FXGL Background Thread 1 ] INFO  Engine               - FXGL initialization took: 0.231 sec
21:20:47.366 [FXGL Background Thread 1 ] DEBUG GameApplication      - Loading localizations
21:20:47.366 [FXGL Background Thread 1 ] DEBUG AssetLoaderService   - Loading from file system: /assets/languages/english.lang
21:20:47.374 [FXGL Background Thread 1 ] DEBUG AssetLoaderService   - Loading from file system: /assets/languages/french.lang
21:20:47.376 [FXGL Background Thread 1 ] DEBUG AssetLoaderService   - Loading from file system: /assets/languages/german.lang
21:20:47.377 [FXGL Background Thread 1 ] DEBUG AssetLoaderService   - Loading from file system: /assets/languages/hungarian.lang
21:20:47.379 [FXGL Background Thread 1 ] DEBUG AssetLoaderService   - Loading from file system: /assets/languages/russian.lang
21:20:47.381 [FXGL Background Thread 1 ] DEBUG GameApplication      - Registering font factories with UI factory
21:20:47.381 [FXGL Background Thread 1 ] DEBUG AssetLoaderService   - Loading from file system: /assets/ui/fonts/VarelaRound-Regular.ttf
21:20:47.410 [FXGL Background Thread 1 ] DEBUG AssetLoaderService   - Loading from file system: /assets/ui/fonts/Abel-Regular.ttf
21:20:47.413 [FXGL Background Thread 1 ] DEBUG AssetLoaderService   - Loading from file system: /assets/ui/fonts/lucida_console.ttf
21:20:47.417 [FXGL Background Thread 1 ] DEBUG AssetLoaderService   - Loading from file system: /assets/ui/fonts/Courier-Prime.ttf
21:20:47.426 [JavaFX Application Thread] DEBUG Input                - Registered new binding: Move Right - D
21:20:47.426 [JavaFX Application Thread] DEBUG Input                - Registered new binding: Move Left - A
21:20:47.426 [JavaFX Application Thread] DEBUG Input                - Registered new binding: Move Up - W
21:20:47.426 [JavaFX Application Thread] DEBUG Input                - Registered new binding: Move Down - S
21:20:47.426 [JavaFX Application Thread] DEBUG AssetLoaderService   - Loading from file system: /assets/textures/fxgl_icon.png
21:20:47.442 [JavaFX Application Thread] DEBUG AssetLoaderService   - Loading from file system: /assets/ui/cursors/fxgl_default.png
21:20:47.444 [JavaFX Application Thread] DEBUG Input                - Registered new binding: Screenshot - P
21:20:47.444 [JavaFX Application Thread] DEBUG Input                - Registered new binding: System info dump - CTRL+9
21:20:47.444 [JavaFX Application Thread] DEBUG Input                - Registered new binding: Restart - CTRL+R
21:20:47.445 [JavaFX Application Thread] DEBUG LoopRunner           - Starting loop
21:20:47.452 [JavaFX Application Thread] DEBUG FXGLStartupScene     - STARTUP
21:20:47.453 [JavaFX Application Thread] DEBUG Input                - Clearing active input actions
21:20:47.458 [JavaFX Application Thread] DEBUG WindowService        - Removing overlay from FXGLStartupScene and adding to 
21:20:47.459 [JavaFX Application Thread] DEBUG MainWindow           - FXGLStartupScene -> 
21:20:47.459 [JavaFX Application Thread] DEBUG MainWindow           - Push state: NewfoundlandRacerMainMenu
21:20:47.459 [JavaFX Application Thread] DEBUG Input                - Clearing active input actions
21:20:47.461 [JavaFX Application Thread] DEBUG WindowService        - Removing overlay from  and adding to NewfoundlandRacerMainMenu
21:20:47.462 [JavaFX Application Thread] DEBUG MainWindow           -  -> NewfoundlandRacerMainMenu
21:20:47.938 [JavaFX Application Thread] DEBUG Menu                 - fireNewGame()
21:20:47.938 [JavaFX Application Thread] DEBUG WindowService        - Starting new game
21:20:47.938 [JavaFX Application Thread] DEBUG MainWindow           - Pop state: NewfoundlandRacerMainMenu
21:20:47.938 [JavaFX Application Thread] DEBUG Input                - Clearing active input actions
21:20:47.939 [JavaFX Application Thread] DEBUG WindowService        - Removing overlay from NewfoundlandRacerMainMenu and adding to 
21:20:47.939 [JavaFX Application Thread] DEBUG MainWindow           -  <- NewfoundlandRacerMainMenu
21:20:47.939 [JavaFX Application Thread] DEBUG Input                - Clearing active input actions
21:20:47.945 [JavaFX Application Thread] DEBUG WindowService        - Removing overlay from  and adding to FXGLLoadingScene
21:20:47.945 [JavaFX Application Thread] DEBUG MainWindow           -  -> FXGLLoadingScene
21:20:47.946 [JavaFX Application Thread] DEBUG WindowService        - Clearing previous game
21:20:47.946 [JavaFX Application Thread] DEBUG GameScene            - Clearing game scene
21:20:47.946 [JavaFX Application Thread] DEBUG GameWorld            - Clearing game world
21:20:47.946 [JavaFX Application Thread] DEBUG PhysicsWorld         - Clearing physics world
21:20:47.947 [FXGL Background Thread 1 ] DEBUG GameApplication      - Initializing game
21:20:47.952 [FXGL Background Thread 1 ] DEBUG AssetLoaderService   - Loading from file system: /assets/textures/4lanehighway.png
21:20:48.017 [FXGL Background Thread 1 ] DEBUG AssetLoaderService   - Loading from file system: /assets/textures/player.png
21:20:48.028 [FXGL Background Thread 1 ] INFO  GameApplication      - Game initialization took: 0.081 sec
21:20:48.029 [JavaFX Application Thread] DEBUG Input                - Clearing active input actions
21:20:48.035 [JavaFX Application Thread] DEBUG WindowService        - Removing overlay from FXGLLoadingScene and adding to GameScene
21:20:48.035 [JavaFX Application Thread] DEBUG MainWindow           - FXGLLoadingScene -> GameScene
21:20:48.985 [JavaFX Application Thread] DEBUG AssetLoaderService   - Loading from file system: /assets/textures/cowmoosespriterunning.png
21:20:48.991 [JavaFX Application Thread] DEBUG AssetLoaderService   - Loading from cache: /assets/textures/cowmoosespriterunning.png
21:20:49.406 [JavaFX Application Thread] DEBUG AssetLoaderService   - Loading from file system: /assets/textures/driver3.png
21:20:49.842 [JavaFX Application Thread] DEBUG AssetLoaderService   - Loading from cache: /assets/textures/cowmoosespriterunning.png
21:20:49.844 [JavaFX Application Thread] DEBUG AssetLoaderService   - Loading from cache: /assets/textures/cowmoosespriterunning.png
21:20:50.249 [JavaFX Application Thread] DEBUG AssetLoaderService   - Loading from file system: /assets/textures/pothole.png
21:20:50.368 [FXGL Background Thread 2 ] DEBUG Engine               - Logging environment variables
21:20:50.369 [FXGL Background Thread 2 ] DEBUG Engine               - achievements: []
21:20:50.369 [FXGL Background Thread 2 ] DEBUG Engine               - appIcon: fxgl_icon.png
21:20:50.370 [FXGL Background Thread 2 ] DEBUG Engine               - applicationMode: DEVELOPER
21:20:50.370 [FXGL Background Thread 2 ] DEBUG Engine               - cSSList: [fxgl_dark.css]
21:20:50.370 [FXGL Background Thread 2 ] DEBUG Engine               - configClass: Optional.empty
21:20:50.371 [FXGL Background Thread 2 ] DEBUG Engine               - credits: []
21:20:50.371 [FXGL Background Thread 2 ] DEBUG Engine               - devBBoxColorProperty: ObjectProperty [value: 0xff0000ff]
21:20:50.372 [FXGL Background Thread 2 ] DEBUG Engine               - devSensorColorProperty: ObjectProperty [value: 0xffff00ff]
21:20:50.372 [FXGL Background Thread 2 ] DEBUG Engine               - devShowBBoxProperty: BooleanProperty [value: false]
21:20:50.373 [FXGL Background Thread 2 ] DEBUG Engine               - devShowPositionProperty: BooleanProperty [value: false]
21:20:50.373 [FXGL Background Thread 2 ] DEBUG Engine               - enabledMenuItems: []
21:20:50.374 [FXGL Background Thread 2 ] DEBUG Engine               - engineServices: [class com.almasb.fxgl.app.GameApplication$GameApplicationService, class com.almasb.fxgl.app.services.WindowService, class com.almasb.fxgl.app.services.FXGLDialogService, class com.almasb.fxgl.app.services.IOTaskExecutorService, class com.almasb.fxgl.event.EventBusService, class com.almasb.fxgl.io.FileSystemService, class com.almasb.fxgl.localization.LocalizationService, class com.almasb.fxgl.app.services.AssetLoaderService, class com.almasb.fxgl.app.services.SystemBundleService, class com.almasb.fxgl.profile.SaveLoadService, class com.almasb.fxgl.ui.FXGLUIFactoryServiceProvider, class com.almasb.fxgl.ui.FXGLDialogFactoryServiceProvider, class com.almasb.fxgl.audio.AudioPlayer, class com.almasb.fxgl.notification.impl.NotificationServiceProvider, class com.almasb.fxgl.achievement.AchievementService, class com.almasb.fxgl.cutscene.CutsceneService, class com.almasb.fxgl.minigames.MiniGameService, class com.almasb.fxgl.net.NetService, class com.almasb.fxgl.app.services.UpdaterService, class com.almasb.fxgl.dev.DevService]
21:20:50.374 [FXGL Background Thread 2 ] DEBUG Engine               - fontGame: Abel-Regular.ttf
21:20:50.374 [FXGL Background Thread 2 ] DEBUG Engine               - fontMono: lucida_console.ttf
21:20:50.375 [FXGL Background Thread 2 ] DEBUG Engine               - fontText: Courier-Prime.ttf
21:20:50.375 [FXGL Background Thread 2 ] DEBUG Engine               - fontUI: VarelaRound-Regular.ttf
21:20:50.375 [FXGL Background Thread 2 ] DEBUG Engine               - fullScreen: BooleanProperty [value: false]
21:20:50.375 [FXGL Background Thread 2 ] DEBUG Engine               - gameDifficulty: MEDIUM
21:20:50.376 [FXGL Background Thread 2 ] DEBUG Engine               - gameDifficultyProperty: ObjectProperty [value: MEDIUM]
21:20:50.376 [FXGL Background Thread 2 ] DEBUG Engine               - globalMusicVolume: 0.5
21:20:50.376 [FXGL Background Thread 2 ] DEBUG Engine               - globalMusicVolumeProperty: DoubleProperty [value: 0.5]
21:20:50.377 [FXGL Background Thread 2 ] DEBUG Engine               - globalSoundVolume: 0.5
21:20:50.377 [FXGL Background Thread 2 ] DEBUG Engine               - globalSoundVolumeProperty: DoubleProperty [value: 0.5]
21:20:50.377 [FXGL Background Thread 2 ] DEBUG Engine               - height: 650
21:20:50.378 [FXGL Background Thread 2 ] DEBUG Engine               - isAndroid: false
21:20:50.378 [FXGL Background Thread 2 ] DEBUG Engine               - isBrowser: false
21:20:50.378 [FXGL Background Thread 2 ] DEBUG Engine               - isClickFeedbackEnabled: false
21:20:50.378 [FXGL Background Thread 2 ] DEBUG Engine               - isCloseConfirmation: false
21:20:50.378 [FXGL Background Thread 2 ] DEBUG Engine               - isDesktop: true
21:20:50.379 [FXGL Background Thread 2 ] DEBUG Engine               - isDeveloperMenuEnabled: false
21:20:50.379 [FXGL Background Thread 2 ] DEBUG Engine               - isExperimentalNative: false
21:20:50.379 [FXGL Background Thread 2 ] DEBUG Engine               - isExperimentalTiledLargeMap: false
21:20:50.379 [FXGL Background Thread 2 ] DEBUG Engine               - isFullScreenAllowed: false
21:20:50.380 [FXGL Background Thread 2 ] DEBUG Engine               - isFullScreenFromStart: false
21:20:50.380 [FXGL Background Thread 2 ] DEBUG Engine               - isGameMenuEnabled: true
21:20:50.380 [FXGL Background Thread 2 ] DEBUG Engine               - isIOS: false
21:20:50.381 [FXGL Background Thread 2 ] DEBUG Engine               - isIntroEnabled: false
21:20:50.381 [FXGL Background Thread 2 ] DEBUG Engine               - isLinux: false
21:20:50.381 [FXGL Background Thread 2 ] DEBUG Engine               - isMac: false
21:20:50.381 [FXGL Background Thread 2 ] DEBUG Engine               - isMainMenuEnabled: true
21:20:50.381 [FXGL Background Thread 2 ] DEBUG Engine               - isManualResizeEnabled: false
21:20:50.381 [FXGL Background Thread 2 ] DEBUG Engine               - isMobile: false
21:20:50.381 [FXGL Background Thread 2 ] DEBUG Engine               - isPreserveResizeRatio: false
21:20:50.382 [FXGL Background Thread 2 ] DEBUG Engine               - isProfilingEnabled: false
21:20:50.382 [FXGL Background Thread 2 ] DEBUG Engine               - isSingleStep: false
21:20:50.382 [FXGL Background Thread 2 ] DEBUG Engine               - isUserProfileEnabled: false
21:20:50.382 [FXGL Background Thread 2 ] DEBUG Engine               - isWindows: true
21:20:50.382 [FXGL Background Thread 2 ] DEBUG Engine               - language: ObjectProperty [value: ENGLISH]
21:20:50.382 [FXGL Background Thread 2 ] DEBUG Engine               - mainWindow: com.almasb.fxgl.app.MainWindow@38898e18
21:20:50.382 [FXGL Background Thread 2 ] DEBUG Engine               - menuKey: ESCAPE
21:20:50.382 [FXGL Background Thread 2 ] DEBUG Engine               - notificationViewClass: class com.almasb.fxgl.notification.view.XboxNotificationView
21:20:50.382 [FXGL Background Thread 2 ] DEBUG Engine               - pixelsPerMeter: 50.0
21:20:50.382 [FXGL Background Thread 2 ] DEBUG Engine               - platform: WINDOWS
21:20:50.382 [FXGL Background Thread 2 ] DEBUG Engine               - profileDir: profiles/
21:20:50.382 [FXGL Background Thread 2 ] DEBUG Engine               - profileName: StringProperty [value: DEFAULT]
21:20:50.382 [FXGL Background Thread 2 ] DEBUG Engine               - randomSeed: -1
21:20:50.382 [FXGL Background Thread 2 ] DEBUG Engine               - runtimeInfo: RuntimeInfo(platform=WINDOWS, version=11.9, build=27.05.2020 17.06)
21:20:50.382 [FXGL Background Thread 2 ] DEBUG Engine               - saveFileExt: sav
21:20:50.382 [FXGL Background Thread 2 ] DEBUG Engine               - sceneFactory: MooseGame.NewfoundRacerApp$1@7d8b176d
21:20:50.382 [FXGL Background Thread 2 ] DEBUG Engine               - secondsIn24h: 60
21:20:50.382 [FXGL Background Thread 2 ] DEBUG Engine               - settings: Title: Newfoundland Moose Collision
Version: 0.1
Width: 840
Height: 650
Fullscreen: false
Intro: false
Profiling: false
Single step:false
App Mode: DEVELOPER
Menu Key: ESCAPE
Stage Style: DECORATED
Scene Factory: class MooseGame.NewfoundRacerApp$1

21:20:50.382 [FXGL Background Thread 2 ] DEBUG Engine               - soundMenuBack: menu/back.wav
21:20:50.382 [FXGL Background Thread 2 ] DEBUG Engine               - soundMenuPress: menu/press.wav
21:20:50.383 [FXGL Background Thread 2 ] DEBUG Engine               - soundMenuSelect: menu/select.wav
21:20:50.383 [FXGL Background Thread 2 ] DEBUG Engine               - soundNotification: core/notification.wav
21:20:50.383 [FXGL Background Thread 2 ] DEBUG Engine               - stageStyle: DECORATED
21:20:50.383 [FXGL Background Thread 2 ] DEBUG Engine               - supportedLanguages: [ENGLISH, FRENCH, GERMAN, HUNGARIAN, RUSSIAN]
21:20:50.383 [FXGL Background Thread 2 ] DEBUG Engine               - title: Newfoundland Moose Collision
21:20:50.383 [FXGL Background Thread 2 ] DEBUG Engine               - urlGithub: https://github.com/AlmasB/FXGL
21:20:50.383 [FXGL Background Thread 2 ] DEBUG Engine               - urlLeaderboard: http://fxgl-top.herokuapp.com/
21:20:50.383 [FXGL Background Thread 2 ] DEBUG Engine               - urlPOM: https://raw.githubusercontent.com/AlmasB/FXGL/master/pom.xml
21:20:50.383 [FXGL Background Thread 2 ] DEBUG Engine               - version: 0.1
21:20:50.383 [FXGL Background Thread 2 ] DEBUG Engine               - versionCheckDays: 7
21:20:50.383 [FXGL Background Thread 2 ] DEBUG Engine               - width: 840
21:20:50.383 [FXGL Background Thread 2 ] DEBUG Engine               - Logging services
21:20:50.383 [FXGL Background Thread 2 ] DEBUG Engine               - class com.almasb.fxgl.app.GameApplication$GameApplicationService
21:20:50.383 [FXGL Background Thread 2 ] DEBUG Engine               - class com.almasb.fxgl.app.services.WindowService
21:20:50.383 [FXGL Background Thread 2 ] DEBUG Engine               - class com.almasb.fxgl.app.services.FXGLDialogService
21:20:50.383 [FXGL Background Thread 2 ] DEBUG Engine               - class com.almasb.fxgl.app.services.IOTaskExecutorService
21:20:50.383 [FXGL Background Thread 2 ] DEBUG Engine               - class com.almasb.fxgl.event.EventBusService
21:20:50.383 [FXGL Background Thread 2 ] DEBUG Engine               - class com.almasb.fxgl.io.FileSystemService
21:20:50.383 [FXGL Background Thread 2 ] DEBUG Engine               - class com.almasb.fxgl.localization.LocalizationService
21:20:50.383 [FXGL Background Thread 2 ] DEBUG Engine               - class com.almasb.fxgl.app.services.AssetLoaderService
21:20:50.384 [FXGL Background Thread 2 ] DEBUG Engine               - class com.almasb.fxgl.app.services.SystemBundleService
21:20:50.384 [FXGL Background Thread 2 ] DEBUG Engine               - class com.almasb.fxgl.profile.SaveLoadService
21:20:50.384 [FXGL Background Thread 2 ] DEBUG Engine               - class com.almasb.fxgl.ui.FXGLUIFactoryServiceProvider
21:20:50.384 [FXGL Background Thread 2 ] DEBUG Engine               - class com.almasb.fxgl.ui.FXGLDialogFactoryServiceProvider
21:20:50.384 [FXGL Background Thread 2 ] DEBUG Engine               - class com.almasb.fxgl.audio.AudioPlayer
21:20:50.384 [FXGL Background Thread 2 ] DEBUG Engine               - class com.almasb.fxgl.notification.impl.NotificationServiceProvider
21:20:50.384 [FXGL Background Thread 2 ] DEBUG Engine               - class com.almasb.fxgl.achievement.AchievementService
21:20:50.384 [FXGL Background Thread 2 ] DEBUG Engine               - class com.almasb.fxgl.cutscene.CutsceneService
21:20:50.384 [FXGL Background Thread 2 ] DEBUG Engine               - class com.almasb.fxgl.minigames.MiniGameService
21:20:50.384 [FXGL Background Thread 2 ] DEBUG Engine               - class com.almasb.fxgl.net.NetService
21:20:50.384 [FXGL Background Thread 2 ] DEBUG Engine               - class com.almasb.fxgl.app.services.UpdaterService
21:20:50.384 [FXGL Background Thread 2 ] DEBUG Engine               - class com.almasb.fxgl.dev.DevService
21:20:50.681 [JavaFX Application Thread] DEBUG AssetLoaderService   - Loading from file system: /assets/textures/driver0.png
21:20:50.689 [JavaFX Application Thread] DEBUG AssetLoaderService   - Loading from cache: /assets/textures/cowmoosespriterunning.png
21:20:50.690 [JavaFX Application Thread] DEBUG AssetLoaderService   - Loading from cache: /assets/textures/cowmoosespriterunning.png
21:20:51.529 [JavaFX Application Thread] DEBUG AssetLoaderService   - Loading from cache: /assets/textures/cowmoosespriterunning.png
21:20:51.530 [JavaFX Application Thread] DEBUG AssetLoaderService   - Loading from cache: /assets/textures/cowmoosespriterunning.png
21:20:51.793 [JavaFX Application Thread] DEBUG MainWindow           - Push state: DialogSubScene
21:20:51.793 [JavaFX Application Thread] DEBUG Input                - Clearing active input actions
21:20:51.798 [JavaFX Application Thread] DEBUG WindowService        - Removing overlay from GameScene and adding to DialogSubScene
21:20:51.798 [JavaFX Application Thread] DEBUG MainWindow           - GameScene -> DialogSubScene
21:20:52.583 [JavaFX Application Thread] DEBUG MainWindow           - Pop state: DialogSubScene
21:20:52.583 [JavaFX Application Thread] DEBUG Input                - Clearing active input actions
21:20:52.583 [JavaFX Application Thread] DEBUG WindowService        - Removing overlay from DialogSubScene and adding to GameScene
21:20:52.584 [JavaFX Application Thread] DEBUG MainWindow           - GameScene <- DialogSubScene
21:20:52.711 [JavaFX Application Thread] DEBUG AssetLoaderService   - Loading from cache: /assets/textures/driver3.png
21:20:53.114 [JavaFX Application Thread] DEBUG AssetLoaderService   - Loading from file system: /assets/textures/coin.png
21:20:53.123 [JavaFX Application Thread] DEBUG AssetLoaderService   - Loading from cache: /assets/textures/pothole.png
21:20:53.140 [JavaFX Application Thread] DEBUG AssetLoaderService   - Loading from cache: /assets/textures/cowmoosespriterunning.png
21:20:53.141 [JavaFX Application Thread] DEBUG AssetLoaderService   - Loading from cache: /assets/textures/cowmoosespriterunning.png
21:20:53.961 [JavaFX Application Thread] DEBUG AssetLoaderService   - Loading from file system: /assets/textures/driver4.png
21:20:53.975 [JavaFX Application Thread] DEBUG AssetLoaderService   - Loading from cache: /assets/textures/cowmoosespriterunning.png
21:20:53.977 [JavaFX Application Thread] DEBUG AssetLoaderService   - Loading from cache: /assets/textures/cowmoosespriterunning.png
21:20:54.810 [JavaFX Application Thread] DEBUG AssetLoaderService   - Loading from cache: /assets/textures/cowmoosespriterunning.png
21:20:54.812 [JavaFX Application Thread] DEBUG AssetLoaderService   - Loading from cache: /assets/textures/cowmoosespriterunning.png
21:20:55.203 [JavaFX Application Thread] DEBUG AssetLoaderService   - Loading from cache: /assets/textures/pothole.png
21:20:55.209 [JavaFX Application Thread] DEBUG AssetLoaderService   - Loading from cache: /assets/textures/driver4.png
21:20:55.286 [JavaFX Application Thread] DEBUG AssetLoaderService   - Loading from file system: /assets/sounds/coincollect.wav
21:20:55.689 [JavaFX Application Thread] DEBUG AssetLoaderService   - Loading from cache: /assets/textures/cowmoosespriterunning.png
21:20:55.692 [JavaFX Application Thread] DEBUG AssetLoaderService   - Loading from cache: /assets/textures/cowmoosespriterunning.png
21:20:55.856 [JavaFX Application Thread] DEBUG MainWindow           - Push state: DialogSubScene
21:20:55.857 [JavaFX Application Thread] DEBUG Input                - Clearing active input actions
21:20:55.858 [JavaFX Application Thread] DEBUG WindowService        - Removing overlay from GameScene and adding to DialogSubScene
21:20:55.859 [JavaFX Application Thread] DEBUG MainWindow           - GameScene -> DialogSubScene
21:20:56.357 [JavaFX Application Thread] DEBUG MainWindow           - Pop state: DialogSubScene
21:20:56.357 [JavaFX Application Thread] DEBUG Input                - Clearing active input actions
21:20:56.358 [JavaFX Application Thread] DEBUG WindowService        - Removing overlay from DialogSubScene and adding to GameScene
21:20:56.358 [JavaFX Application Thread] DEBUG MainWindow           - GameScene <- DialogSubScene
21:20:57.008 [JavaFX Application Thread] DEBUG AssetLoaderService   - Loading from cache: /assets/textures/driver3.png
21:20:57.017 [JavaFX Application Thread] DEBUG AssetLoaderService   - Loading from cache: /assets/textures/cowmoosespriterunning.png
21:20:57.018 [JavaFX Application Thread] DEBUG AssetLoaderService   - Loading from cache: /assets/textures/cowmoosespriterunning.png
21:20:57.817 [JavaFX Application Thread] DEBUG AssetLoaderService   - Loading from cache: /assets/textures/coin.png
21:20:57.833 [JavaFX Application Thread] DEBUG AssetLoaderService   - Loading from cache: /assets/textures/pothole.png
21:20:57.862 [JavaFX Application Thread] DEBUG AssetLoaderService   - Loading from cache: /assets/textures/cowmoosespriterunning.png
21:20:57.863 [JavaFX Application Thread] DEBUG AssetLoaderService   - Loading from cache: /assets/textures/cowmoosespriterunning.png
21:20:58.265 [JavaFX Application Thread] DEBUG AssetLoaderService   - Loading from cache: /assets/textures/driver0.png
21:20:58.697 [JavaFX Application Thread] DEBUG AssetLoaderService   - Loading from cache: /assets/textures/cowmoosespriterunning.png
21:20:58.698 [JavaFX Application Thread] DEBUG AssetLoaderService   - Loading from cache: /assets/textures/cowmoosespriterunning.png
21:20:59.522 [JavaFX Application Thread] DEBUG AssetLoaderService   - Loading from cache: /assets/textures/driver3.png
21:20:59.544 [JavaFX Application Thread] DEBUG AssetLoaderService   - Loading from cache: /assets/textures/cowmoosespriterunning.png
21:20:59.545 [JavaFX Application Thread] DEBUG AssetLoaderService   - Loading from cache: /assets/textures/cowmoosespriterunning.png
21:20:59.927 [JavaFX Application Thread] DEBUG AssetLoaderService   - Loading from cache: /assets/textures/pothole.png
21:21:00.385 [JavaFX Application Thread] DEBUG AssetLoaderService   - Loading from cache: /assets/textures/cowmoosespriterunning.png
21:21:00.388 [JavaFX Application Thread] DEBUG AssetLoaderService   - Loading from cache: /assets/textures/cowmoosespriterunning.png
21:21:00.778 [JavaFX Application Thread] DEBUG AssetLoaderService   - Loading from file system: /assets/textures/driver2.png
21:21:01.233 [JavaFX Application Thread] DEBUG AssetLoaderService   - Loading from cache: /assets/textures/cowmoosespriterunning.png
21:21:01.234 [JavaFX Application Thread] DEBUG AssetLoaderService   - Loading from cache: /assets/textures/cowmoosespriterunning.png
21:21:02.002 [JavaFX Application Thread] DEBUG AssetLoaderService   - Loading from cache: /assets/textures/coin.png
21:21:02.022 [JavaFX Application Thread] DEBUG AssetLoaderService   - Loading from cache: /assets/textures/pothole.png
21:21:02.041 [JavaFX Application Thread] DEBUG AssetLoaderService   - Loading from cache: /assets/textures/driver3.png
21:21:02.071 [JavaFX Application Thread] DEBUG AssetLoaderService   - Loading from cache: /assets/textures/cowmoosespriterunning.png
21:21:02.071 [JavaFX Application Thread] DEBUG AssetLoaderService   - Loading from cache: /assets/textures/cowmoosespriterunning.png
21:21:02.913 [JavaFX Application Thread] DEBUG AssetLoaderService   - Loading from cache: /assets/textures/cowmoosespriterunning.png
21:21:02.914 [JavaFX Application Thread] DEBUG AssetLoaderService   - Loading from cache: /assets/textures/cowmoosespriterunning.png
21:21:03.300 [JavaFX Application Thread] DEBUG AssetLoaderService   - Loading from cache: /assets/textures/driver0.png
21:21:03.754 [JavaFX Application Thread] DEBUG AssetLoaderService   - Loading from cache: /assets/textures/cowmoosespriterunning.png
21:21:03.756 [JavaFX Application Thread] DEBUG AssetLoaderService   - Loading from cache: /assets/textures/cowmoosespriterunning.png
21:21:04.114 [JavaFX Application Thread] DEBUG AssetLoaderService   - Loading from cache: /assets/textures/pothole.png
21:21:04.115 [JavaFX Application Thread] DEBUG AssetLoaderService   - Loading from cache: /assets/sounds/coincollect.wav
21:21:04.554 [JavaFX Application Thread] DEBUG AssetLoaderService   - Loading from cache: /assets/textures/driver2.png
21:21:04.585 [JavaFX Application Thread] DEBUG AssetLoaderService   - Loading from cache: /assets/textures/cowmoosespriterunning.png
21:21:04.585 [JavaFX Application Thread] DEBUG AssetLoaderService   - Loading from cache: /assets/textures/cowmoosespriterunning.png
21:21:05.434 [JavaFX Application Thread] DEBUG AssetLoaderService   - Loading from cache: /assets/textures/cowmoosespriterunning.png
21:21:05.436 [JavaFX Application Thread] DEBUG AssetLoaderService   - Loading from cache: /assets/textures/cowmoosespriterunning.png
21:21:05.816 [JavaFX Application Thread] DEBUG AssetLoaderService   - Loading from cache: /assets/textures/driver3.png
21:21:06.176 [JavaFX Application Thread] DEBUG AssetLoaderService   - Loading from cache: /assets/textures/coin.png
21:21:06.201 [JavaFX Application Thread] DEBUG AssetLoaderService   - Loading from cache: /assets/textures/pothole.png
21:21:06.273 [JavaFX Application Thread] DEBUG AssetLoaderService   - Loading from cache: /assets/textures/cowmoosespriterunning.png
21:21:06.273 [JavaFX Application Thread] DEBUG AssetLoaderService   - Loading from cache: /assets/textures/cowmoosespriterunning.png
21:21:07.073 [JavaFX Application Thread] DEBUG AssetLoaderService   - Loading from file system: /assets/textures/driver1.png
21:21:07.113 [JavaFX Application Thread] DEBUG AssetLoaderService   - Loading from cache: /assets/textures/cowmoosespriterunning.png
21:21:07.114 [JavaFX Application Thread] DEBUG AssetLoaderService   - Loading from cache: /assets/textures/cowmoosespriterunning.png
21:21:07.865 [JavaFX Application Thread] DEBUG AssetLoaderService   - Loading from cache: /assets/sounds/coincollect.wav
21:21:07.953 [JavaFX Application Thread] DEBUG AssetLoaderService   - Loading from cache: /assets/textures/cowmoosespriterunning.png
21:21:07.954 [JavaFX Application Thread] DEBUG AssetLoaderService   - Loading from cache: /assets/textures/cowmoosespriterunning.png
21:21:08.293 [JavaFX Application Thread] DEBUG AssetLoaderService   - Loading from cache: /assets/textures/pothole.png
21:21:08.328 [JavaFX Application Thread] DEBUG AssetLoaderService   - Loading from cache: /assets/textures/driver2.png
21:21:08.793 [JavaFX Application Thread] DEBUG AssetLoaderService   - Loading from cache: /assets/textures/cowmoosespriterunning.png
21:21:08.794 [JavaFX Application Thread] DEBUG AssetLoaderService   - Loading from cache: /assets/textures/cowmoosespriterunning.png
21:21:09.586 [JavaFX Application Thread] DEBUG AssetLoaderService   - Loading from cache: /assets/textures/driver3.png
21:21:09.634 [JavaFX Application Thread] DEBUG AssetLoaderService   - Loading from cache: /assets/textures/cowmoosespriterunning.png
21:21:09.635 [JavaFX Application Thread] DEBUG AssetLoaderService   - Loading from cache: /assets/textures/cowmoosespriterunning.png
21:21:10.345 [JavaFX Application Thread] DEBUG AssetLoaderService   - Loading from cache: /assets/textures/coin.png
21:21:10.383 [JavaFX Application Thread] DEBUG AssetLoaderService   - Loading from cache: /assets/textures/pothole.png
21:21:10.473 [JavaFX Application Thread] DEBUG AssetLoaderService   - Loading from cache: /assets/textures/cowmoosespriterunning.png
21:21:10.475 [JavaFX Application Thread] DEBUG AssetLoaderService   - Loading from cache: /assets/textures/cowmoosespriterunning.png
21:21:10.841 [JavaFX Application Thread] DEBUG AssetLoaderService   - Loading from cache: /assets/textures/driver0.png
21:21:11.315 [JavaFX Application Thread] DEBUG AssetLoaderService   - Loading from cache: /assets/textures/cowmoosespriterunning.png
21:21:11.316 [JavaFX Application Thread] DEBUG AssetLoaderService   - Loading from cache: /assets/textures/cowmoosespriterunning.png
21:21:12.099 [JavaFX Application Thread] DEBUG AssetLoaderService   - Loading from cache: /assets/textures/driver2.png
21:21:12.153 [JavaFX Application Thread] DEBUG AssetLoaderService   - Loading from cache: /assets/textures/cowmoosespriterunning.png
21:21:12.154 [JavaFX Application Thread] DEBUG AssetLoaderService   - Loading from cache: /assets/textures/cowmoosespriterunning.png
21:21:12.433 [JavaFX Application Thread] DEBUG AssetLoaderService   - Loading from cache: /assets/sounds/coincollect.wav
21:21:12.473 [JavaFX Application Thread] DEBUG AssetLoaderService   - Loading from cache: /assets/textures/pothole.png
21:21:12.997 [JavaFX Application Thread] DEBUG AssetLoaderService   - Loading from cache: /assets/textures/cowmoosespriterunning.png
21:21:12.998 [JavaFX Application Thread] DEBUG AssetLoaderService   - Loading from cache: /assets/textures/cowmoosespriterunning.png
21:21:13.353 [JavaFX Application Thread] DEBUG AssetLoaderService   - Loading from cache: /assets/textures/driver4.png
21:21:13.833 [JavaFX Application Thread] DEBUG AssetLoaderService   - Loading from cache: /assets/textures/cowmoosespriterunning.png
21:21:13.834 [JavaFX Application Thread] DEBUG AssetLoaderService   - Loading from cache: /assets/textures/cowmoosespriterunning.png
21:21:14.521 [JavaFX Application Thread] DEBUG AssetLoaderService   - Loading from cache: /assets/textures/coin.png
21:21:14.564 [JavaFX Application Thread] DEBUG AssetLoaderService   - Loading from cache: /assets/textures/pothole.png
21:21:14.613 [JavaFX Application Thread] DEBUG AssetLoaderService   - Loading from cache: /assets/textures/driver4.png
21:21:14.676 [JavaFX Application Thread] DEBUG AssetLoaderService   - Loading from cache: /assets/textures/cowmoosespriterunning.png
21:21:14.677 [JavaFX Application Thread] DEBUG AssetLoaderService   - Loading from cache: /assets/textures/cowmoosespriterunning.png
21:21:15.288 [JavaFX Application Thread] DEBUG MainWindow           - Push state: DialogSubScene
21:21:15.288 [JavaFX Application Thread] DEBUG Input                - Clearing active input actions
21:21:15.289 [JavaFX Application Thread] DEBUG WindowService        - Removing overlay from GameScene and adding to DialogSubScene
21:21:15.289 [JavaFX Application Thread] DEBUG MainWindow           - GameScene -> DialogSubScene
21:21:16.638 [JavaFX Application Thread] DEBUG MainWindow           - Pop state: DialogSubScene
21:21:16.638 [JavaFX Application Thread] DEBUG Input                - Clearing active input actions
21:21:16.639 [JavaFX Application Thread] DEBUG WindowService        - Removing overlay from DialogSubScene and adding to GameScene
21:21:16.639 [JavaFX Application Thread] DEBUG MainWindow           - GameScene <- DialogSubScene
21:21:16.864 [JavaFX Application Thread] DEBUG AssetLoaderService   - Loading from cache: /assets/textures/cowmoosespriterunning.png
21:21:16.864 [JavaFX Application Thread] DEBUG AssetLoaderService   - Loading from cache: /assets/textures/cowmoosespriterunning.png
21:21:17.218 [JavaFX Application Thread] DEBUG AssetLoaderService   - Loading from cache: /assets/textures/driver3.png
21:21:17.704 [JavaFX Application Thread] DEBUG AssetLoaderService   - Loading from cache: /assets/textures/cowmoosespriterunning.png
21:21:17.705 [JavaFX Application Thread] DEBUG AssetLoaderService   - Loading from cache: /assets/textures/cowmoosespriterunning.png
21:21:17.941 [JavaFX Application Thread] DEBUG MainWindow           - Push state: DialogSubScene
21:21:17.941 [JavaFX Application Thread] DEBUG Input                - Clearing active input actions
21:21:17.942 [JavaFX Application Thread] DEBUG WindowService        - Removing overlay from GameScene and adding to DialogSubScene
21:21:17.942 [JavaFX Application Thread] DEBUG MainWindow           - GameScene -> DialogSubScene
21:21:19.560 [JavaFX Application Thread] DEBUG MainWindow           - Pop state: DialogSubScene
21:21:19.560 [JavaFX Application Thread] DEBUG Input                - Clearing active input actions
21:21:19.560 [JavaFX Application Thread] DEBUG WindowService        - Removing overlay from DialogSubScene and adding to GameScene
21:21:19.560 [JavaFX Application Thread] DEBUG MainWindow           - GameScene <- DialogSubScene
21:21:19.609 [JavaFX Application Thread] DEBUG AssetLoaderService   - Loading from cache: /assets/textures/pothole.png
21:21:20.079 [JavaFX Application Thread] DEBUG AssetLoaderService   - Loading from cache: /assets/textures/driver3.png
21:21:20.148 [JavaFX Application Thread] DEBUG AssetLoaderService   - Loading from cache: /assets/textures/cowmoosespriterunning.png
21:21:20.149 [JavaFX Application Thread] DEBUG AssetLoaderService   - Loading from cache: /assets/textures/cowmoosespriterunning.png
21:21:20.985 [JavaFX Application Thread] DEBUG AssetLoaderService   - Loading from cache: /assets/textures/cowmoosespriterunning.png
21:21:20.986 [JavaFX Application Thread] DEBUG AssetLoaderService   - Loading from cache: /assets/textures/cowmoosespriterunning.png
21:21:21.336 [JavaFX Application Thread] DEBUG AssetLoaderService   - Loading from cache: /assets/textures/driver2.png
21:21:21.650 [JavaFX Application Thread] DEBUG AssetLoaderService   - Loading from cache: /assets/textures/coin.png
21:21:21.698 [JavaFX Application Thread] DEBUG AssetLoaderService   - Loading from cache: /assets/textures/pothole.png
21:21:21.831 [JavaFX Application Thread] DEBUG AssetLoaderService   - Loading from cache: /assets/textures/cowmoosespriterunning.png
21:21:21.831 [JavaFX Application Thread] DEBUG AssetLoaderService   - Loading from cache: /assets/textures/cowmoosespriterunning.png
21:21:22.593 [JavaFX Application Thread] DEBUG AssetLoaderService   - Loading from cache: /assets/textures/driver1.png
21:21:22.665 [JavaFX Application Thread] DEBUG AssetLoaderService   - Loading from cache: /assets/textures/cowmoosespriterunning.png
21:21:22.666 [JavaFX Application Thread] DEBUG AssetLoaderService   - Loading from cache: /assets/textures/cowmoosespriterunning.png
21:21:22.779 [JavaFX Application Thread] DEBUG AssetLoaderService   - Loading from cache: /assets/sounds/coincollect.wav
21:21:22.821 [JavaFX Application Thread] DEBUG MainWindow           - Push state: DialogSubScene
21:21:22.822 [JavaFX Application Thread] DEBUG Input                - Clearing active input actions
21:21:22.822 [JavaFX Application Thread] DEBUG WindowService        - Removing overlay from GameScene and adding to DialogSubScene
21:21:22.822 [JavaFX Application Thread] DEBUG MainWindow           - GameScene -> DialogSubScene
21:21:23.309 [JavaFX Application Thread] DEBUG MainWindow           - Pop state: DialogSubScene
21:21:23.309 [JavaFX Application Thread] DEBUG Input                - Clearing active input actions
21:21:23.310 [JavaFX Application Thread] DEBUG WindowService        - Removing overlay from DialogSubScene and adding to GameScene
21:21:23.310 [JavaFX Application Thread] DEBUG MainWindow           - GameScene <- DialogSubScene
21:21:23.578 [JavaFX Application Thread] DEBUG MainWindow           - Push state: DialogSubScene
21:21:23.578 [JavaFX Application Thread] DEBUG Input                - Clearing active input actions
21:21:23.580 [JavaFX Application Thread] DEBUG WindowService        - Removing overlay from GameScene and adding to DialogSubScene
21:21:23.580 [JavaFX Application Thread] DEBUG MainWindow           - GameScene -> DialogSubScene
21:21:24.152 [JavaFX Application Thread] DEBUG MainWindow           - Pop state: DialogSubScene
21:21:24.152 [JavaFX Application Thread] DEBUG Input                - Clearing active input actions
21:21:24.152 [JavaFX Application Thread] DEBUG WindowService        - Removing overlay from DialogSubScene and adding to GameScene
21:21:24.152 [JavaFX Application Thread] DEBUG MainWindow           - GameScene <- DialogSubScene
21:21:24.553 [JavaFX Application Thread] DEBUG AssetLoaderService   - Loading from cache: /assets/textures/cowmoosespriterunning.png
21:21:24.553 [JavaFX Application Thread] DEBUG AssetLoaderService   - Loading from cache: /assets/textures/cowmoosespriterunning.png
21:21:24.837 [JavaFX Application Thread] DEBUG AssetLoaderService   - Loading from cache: /assets/textures/pothole.png
21:21:24.977 [JavaFX Application Thread] DEBUG GameApplication      - Exiting FXGL
21:21:24.978 [JavaFX Application Thread] DEBUG LoopRunner           - Stopping loop
21:21:24.978 [JavaFX Application Thread] DEBUG SystemBundleService  - Saving FXGL system data
21:21:24.979 [JavaFX Application Thread] DEBUG FileSystemAccess     - Writing to: E:\secondYear\Java\NewfoundlandRacer\system\fxgl.bundle
21:21:24.980 [JavaFX Application Thread] DEBUG GameApplication      - Shutting down background threads
21:21:24.980 [JavaFX Application Thread] DEBUG GameApplication      - Closing logger and exiting JavaFX
