18:45:39.262 [main                     ] DEBUG GameApplication      - Logger initialized
18:45:39.265 [main                     ] DEBUG GameApplication      - Logging settings
Title: Newfoundland Moose Collision
Version: 0.1
Width: 840
Height: 650
Fullscreen: false
Intro: false
Profiling: false
Single step:false
App Mode: DEVELOPER
Menu Key: ESCAPE
Stage Style: DECORATED
Scene Factory: class MooseGame.NewfoundRacerApp$1

18:45:39.586 [JavaFX Application Thread] DEBUG GameApplication      - Initializing FXGL
18:45:39.596 [JavaFX Application Thread] INFO  Engine               - FXGL-11.9 (27.05.2020 17.06) on WINDOWS (J:14.0.1 FX:13.0.2)
18:45:39.596 [JavaFX Application Thread] DEBUG Engine               - JRE Vendor Name: Oracle Corporation
18:45:39.596 [JavaFX Application Thread] DEBUG Engine               - Running on OS: Windows 10 version 10.0
18:45:39.596 [JavaFX Application Thread] DEBUG Engine               - Architecture: amd64
18:45:39.597 [JavaFX Application Thread] INFO  Engine               - Source code and latest versions at: https://github.com/AlmasB/FXGL
18:45:39.597 [JavaFX Application Thread] INFO  Engine               -              Join the FXGL chat at: https://gitter.im/AlmasB/FXGL
18:45:39.675 [JavaFX Application Thread] DEBUG MainWindow           - Creating a JavaFX scene
18:45:39.712 [JavaFX Application Thread] DEBUG MainWindow           - Target settings size: 840.0 x 650.0
18:45:39.712 [JavaFX Application Thread] DEBUG MainWindow           - Scaled scene size:    840.0 x 650.0
18:45:39.713 [JavaFX Application Thread] DEBUG MainWindow           - Scaled ratio: (1.0, 1.0)
18:45:39.713 [JavaFX Application Thread] DEBUG MainWindow           - Set initial scene to FXGLStartupScene
18:45:39.719 [JavaFX Application Thread] DEBUG MainWindow           - Opening main window
18:45:39.791 [JavaFX Application Thread] DEBUG MainWindow           - Window border size: (16.0, 39.0)
18:45:39.791 [JavaFX Application Thread] DEBUG MainWindow           - Scaled size: 840.0 x 650.0
18:45:39.791 [JavaFX Application Thread] DEBUG MainWindow           - Scaled ratio: (1.0, 1.0)
18:45:39.792 [JavaFX Application Thread] DEBUG MainWindow           - Scene size: 840.0 x 650.0
18:45:39.792 [JavaFX Application Thread] DEBUG MainWindow           - Stage size: 856.0 x 689.0
18:45:39.798 [FXGL Background Thread 1 ] DEBUG Engine               - Initializing environment variables
18:45:39.819 [FXGL Background Thread 1 ] DEBUG WindowService        - Applying CSS: fxgl_dark.css
18:45:39.820 [FXGL Background Thread 1 ] DEBUG AssetLoaderService   - Loading from file system: /assets/ui/css/fxgl_dark.css
18:45:39.851 [FXGL Background Thread 1 ] DEBUG WindowService        - Initializing application scenes
18:45:39.873 [FXGL Background Thread 1 ] DEBUG GameWorld            - Game world initialized
18:45:39.899 [FXGL Background Thread 1 ] DEBUG PhysicsWorld         - Physics world initialized: appHeight=650, physics.ppm=50.0
18:45:39.901 [FXGL Background Thread 1 ] DEBUG GameScene            - Game scene initialized: 840x650
18:45:39.923 [FXGL Background Thread 1 ] DEBUG AssetLoaderService   - Loading from file system: /assets/textures/particles/trace_horizontal.png
18:45:39.960 [FXGL Background Thread 1 ] DEBUG FXGL.DefaultMenu     - createMenuBodyGameMenu()
18:45:39.970 [FXGL Background Thread 1 ] DEBUG FXGL.DefaultMenu     - createOptionsMenu()
18:45:39.973 [FXGL Background Thread 1 ] DEBUG AssetLoaderService   - Loading from file system: /assets/textures/particles/smoke.png
18:45:40.009 [FXGL Background Thread 1 ] DEBUG WindowService        - Application scenes initialized
18:45:40.016 [FXGL Background Thread 1 ] DEBUG SystemBundleService  - Loading FXGL system data
18:45:40.019 [FXGL Background Thread 1 ] DEBUG FileSystemAccess     - Reading from: E:\secondYear\Java\NewfoundlandRacer\system\fxgl.bundle
18:45:40.024 [FXGL Background Thread 1 ] DEBUG SystemBundleService  - Bundle FXGL: {}
18:45:40.024 [FXGL Background Thread 1 ] INFO  Engine               - FXGL initialization took: 0.224 sec
18:45:40.025 [FXGL Background Thread 1 ] DEBUG GameApplication      - Loading localizations
18:45:40.025 [FXGL Background Thread 1 ] DEBUG AssetLoaderService   - Loading from file system: /assets/languages/english.lang
18:45:40.033 [FXGL Background Thread 1 ] DEBUG AssetLoaderService   - Loading from file system: /assets/languages/french.lang
18:45:40.034 [FXGL Background Thread 1 ] DEBUG AssetLoaderService   - Loading from file system: /assets/languages/german.lang
18:45:40.035 [FXGL Background Thread 1 ] DEBUG AssetLoaderService   - Loading from file system: /assets/languages/hungarian.lang
18:45:40.037 [FXGL Background Thread 1 ] DEBUG AssetLoaderService   - Loading from file system: /assets/languages/russian.lang
18:45:40.038 [FXGL Background Thread 1 ] DEBUG GameApplication      - Registering font factories with UI factory
18:45:40.038 [FXGL Background Thread 1 ] DEBUG AssetLoaderService   - Loading from file system: /assets/ui/fonts/VarelaRound-Regular.ttf
18:45:40.069 [FXGL Background Thread 1 ] DEBUG AssetLoaderService   - Loading from file system: /assets/ui/fonts/Abel-Regular.ttf
18:45:40.072 [FXGL Background Thread 1 ] DEBUG AssetLoaderService   - Loading from file system: /assets/ui/fonts/lucida_console.ttf
18:45:40.075 [FXGL Background Thread 1 ] DEBUG AssetLoaderService   - Loading from file system: /assets/ui/fonts/Courier-Prime.ttf
18:45:40.084 [JavaFX Application Thread] DEBUG Input                - Registered new binding: Move Right - D
18:45:40.084 [JavaFX Application Thread] DEBUG Input                - Registered new binding: Move Left - A
18:45:40.084 [JavaFX Application Thread] DEBUG Input                - Registered new binding: Move Up - W
18:45:40.084 [JavaFX Application Thread] DEBUG Input                - Registered new binding: Move Down - S
18:45:40.084 [JavaFX Application Thread] DEBUG AssetLoaderService   - Loading from file system: /assets/textures/fxgl_icon.png
18:45:40.110 [JavaFX Application Thread] DEBUG AssetLoaderService   - Loading from file system: /assets/ui/cursors/fxgl_default.png
18:45:40.112 [JavaFX Application Thread] DEBUG Input                - Registered new binding: Screenshot - P
18:45:40.112 [JavaFX Application Thread] DEBUG Input                - Registered new binding: System info dump - CTRL+9
18:45:40.112 [JavaFX Application Thread] DEBUG Input                - Registered new binding: Restart - CTRL+R
18:45:40.113 [JavaFX Application Thread] DEBUG LoopRunner           - Starting loop
18:45:40.120 [JavaFX Application Thread] DEBUG FXGLStartupScene     - STARTUP
18:45:40.121 [JavaFX Application Thread] DEBUG Input                - Clearing active input actions
18:45:40.127 [JavaFX Application Thread] DEBUG WindowService        - Removing overlay from FXGLStartupScene and adding to 
18:45:40.127 [JavaFX Application Thread] DEBUG MainWindow           - FXGLStartupScene -> 
18:45:40.127 [JavaFX Application Thread] DEBUG MainWindow           - Push state: NewfoundlandRacerMainMenu
18:45:40.128 [JavaFX Application Thread] DEBUG Input                - Clearing active input actions
18:45:40.130 [JavaFX Application Thread] DEBUG WindowService        - Removing overlay from  and adding to NewfoundlandRacerMainMenu
18:45:40.130 [JavaFX Application Thread] DEBUG MainWindow           -  -> NewfoundlandRacerMainMenu
18:45:40.721 [JavaFX Application Thread] DEBUG Menu                 - fireNewGame()
18:45:40.721 [JavaFX Application Thread] DEBUG WindowService        - Starting new game
18:45:40.721 [JavaFX Application Thread] DEBUG MainWindow           - Pop state: NewfoundlandRacerMainMenu
18:45:40.721 [JavaFX Application Thread] DEBUG Input                - Clearing active input actions
18:45:40.721 [JavaFX Application Thread] DEBUG WindowService        - Removing overlay from NewfoundlandRacerMainMenu and adding to 
18:45:40.722 [JavaFX Application Thread] DEBUG MainWindow           -  <- NewfoundlandRacerMainMenu
18:45:40.722 [JavaFX Application Thread] DEBUG Input                - Clearing active input actions
18:45:40.727 [JavaFX Application Thread] DEBUG WindowService        - Removing overlay from  and adding to FXGLLoadingScene
18:45:40.728 [JavaFX Application Thread] DEBUG MainWindow           -  -> FXGLLoadingScene
18:45:40.728 [JavaFX Application Thread] DEBUG WindowService        - Clearing previous game
18:45:40.728 [JavaFX Application Thread] DEBUG GameScene            - Clearing game scene
18:45:40.728 [JavaFX Application Thread] DEBUG GameWorld            - Clearing game world
18:45:40.728 [JavaFX Application Thread] DEBUG PhysicsWorld         - Clearing physics world
18:45:40.729 [FXGL Background Thread 1 ] DEBUG GameApplication      - Initializing game
18:45:40.734 [FXGL Background Thread 1 ] DEBUG AssetLoaderService   - Loading from file system: /assets/textures/4lanehighway.png
18:45:40.803 [FXGL Background Thread 1 ] DEBUG AssetLoaderService   - Loading from file system: /assets/textures/player.png
18:45:40.814 [FXGL Background Thread 1 ] INFO  GameApplication      - Game initialization took: 0.085 sec
18:45:40.815 [JavaFX Application Thread] DEBUG Input                - Clearing active input actions
18:45:40.820 [JavaFX Application Thread] DEBUG WindowService        - Removing overlay from FXGLLoadingScene and adding to GameScene
18:45:40.820 [JavaFX Application Thread] DEBUG MainWindow           - FXGLLoadingScene -> GameScene
18:45:42.544 [JavaFX Application Thread] DEBUG AssetLoaderService   - Loading from file system: /assets/textures/cowmoosespriterunning.png
18:45:42.551 [JavaFX Application Thread] DEBUG AssetLoaderService   - Loading from cache: /assets/textures/cowmoosespriterunning.png
18:45:43.027 [FXGL Background Thread 2 ] DEBUG Engine               - Logging environment variables
18:45:43.028 [FXGL Background Thread 2 ] DEBUG Engine               - achievements: []
18:45:43.028 [FXGL Background Thread 2 ] DEBUG Engine               - appIcon: fxgl_icon.png
18:45:43.028 [FXGL Background Thread 2 ] DEBUG Engine               - applicationMode: DEVELOPER
18:45:43.028 [FXGL Background Thread 2 ] DEBUG Engine               - cSSList: [fxgl_dark.css]
18:45:43.028 [FXGL Background Thread 2 ] DEBUG Engine               - configClass: Optional.empty
18:45:43.028 [FXGL Background Thread 2 ] DEBUG Engine               - credits: []
18:45:43.029 [FXGL Background Thread 2 ] DEBUG Engine               - devBBoxColorProperty: ObjectProperty [value: 0xff0000ff]
18:45:43.029 [FXGL Background Thread 2 ] DEBUG Engine               - devSensorColorProperty: ObjectProperty [value: 0xffff00ff]
18:45:43.029 [FXGL Background Thread 2 ] DEBUG Engine               - devShowBBoxProperty: BooleanProperty [value: false]
18:45:43.029 [FXGL Background Thread 2 ] DEBUG Engine               - devShowPositionProperty: BooleanProperty [value: false]
18:45:43.030 [FXGL Background Thread 2 ] DEBUG Engine               - enabledMenuItems: []
18:45:43.030 [FXGL Background Thread 2 ] DEBUG Engine               - engineServices: [class com.almasb.fxgl.app.GameApplication$GameApplicationService, class com.almasb.fxgl.app.services.WindowService, class com.almasb.fxgl.app.services.FXGLDialogService, class com.almasb.fxgl.app.services.IOTaskExecutorService, class com.almasb.fxgl.event.EventBusService, class com.almasb.fxgl.io.FileSystemService, class com.almasb.fxgl.localization.LocalizationService, class com.almasb.fxgl.app.services.AssetLoaderService, class com.almasb.fxgl.app.services.SystemBundleService, class com.almasb.fxgl.profile.SaveLoadService, class com.almasb.fxgl.ui.FXGLUIFactoryServiceProvider, class com.almasb.fxgl.ui.FXGLDialogFactoryServiceProvider, class com.almasb.fxgl.audio.AudioPlayer, class com.almasb.fxgl.notification.impl.NotificationServiceProvider, class com.almasb.fxgl.achievement.AchievementService, class com.almasb.fxgl.cutscene.CutsceneService, class com.almasb.fxgl.minigames.MiniGameService, class com.almasb.fxgl.net.NetService, class com.almasb.fxgl.app.services.UpdaterService, class com.almasb.fxgl.dev.DevService]
18:45:43.030 [FXGL Background Thread 2 ] DEBUG Engine               - fontGame: Abel-Regular.ttf
18:45:43.031 [FXGL Background Thread 2 ] DEBUG Engine               - fontMono: lucida_console.ttf
18:45:43.031 [FXGL Background Thread 2 ] DEBUG Engine               - fontText: Courier-Prime.ttf
18:45:43.031 [FXGL Background Thread 2 ] DEBUG Engine               - fontUI: VarelaRound-Regular.ttf
18:45:43.031 [FXGL Background Thread 2 ] DEBUG Engine               - fullScreen: BooleanProperty [value: false]
18:45:43.031 [FXGL Background Thread 2 ] DEBUG Engine               - gameDifficulty: MEDIUM
18:45:43.032 [FXGL Background Thread 2 ] DEBUG Engine               - gameDifficultyProperty: ObjectProperty [value: MEDIUM]
18:45:43.032 [FXGL Background Thread 2 ] DEBUG Engine               - globalMusicVolume: 0.5
18:45:43.032 [FXGL Background Thread 2 ] DEBUG Engine               - globalMusicVolumeProperty: DoubleProperty [value: 0.5]
18:45:43.032 [FXGL Background Thread 2 ] DEBUG Engine               - globalSoundVolume: 0.5
18:45:43.032 [FXGL Background Thread 2 ] DEBUG Engine               - globalSoundVolumeProperty: DoubleProperty [value: 0.5]
18:45:43.033 [FXGL Background Thread 2 ] DEBUG Engine               - height: 650
18:45:43.033 [FXGL Background Thread 2 ] DEBUG Engine               - isAndroid: false
18:45:43.033 [FXGL Background Thread 2 ] DEBUG Engine               - isBrowser: false
18:45:43.033 [FXGL Background Thread 2 ] DEBUG Engine               - isClickFeedbackEnabled: false
18:45:43.033 [FXGL Background Thread 2 ] DEBUG Engine               - isCloseConfirmation: false
18:45:43.033 [FXGL Background Thread 2 ] DEBUG Engine               - isDesktop: true
18:45:43.033 [FXGL Background Thread 2 ] DEBUG Engine               - isDeveloperMenuEnabled: false
18:45:43.034 [FXGL Background Thread 2 ] DEBUG Engine               - isExperimentalNative: false
18:45:43.034 [FXGL Background Thread 2 ] DEBUG Engine               - isExperimentalTiledLargeMap: false
18:45:43.034 [FXGL Background Thread 2 ] DEBUG Engine               - isFullScreenAllowed: false
18:45:43.034 [FXGL Background Thread 2 ] DEBUG Engine               - isFullScreenFromStart: false
18:45:43.034 [FXGL Background Thread 2 ] DEBUG Engine               - isGameMenuEnabled: true
18:45:43.034 [FXGL Background Thread 2 ] DEBUG Engine               - isIOS: false
18:45:43.034 [FXGL Background Thread 2 ] DEBUG Engine               - isIntroEnabled: false
18:45:43.034 [FXGL Background Thread 2 ] DEBUG Engine               - isLinux: false
18:45:43.035 [FXGL Background Thread 2 ] DEBUG Engine               - isMac: false
18:45:43.035 [FXGL Background Thread 2 ] DEBUG Engine               - isMainMenuEnabled: true
18:45:43.035 [FXGL Background Thread 2 ] DEBUG Engine               - isManualResizeEnabled: false
18:45:43.036 [FXGL Background Thread 2 ] DEBUG Engine               - isMobile: false
18:45:43.036 [FXGL Background Thread 2 ] DEBUG Engine               - isPreserveResizeRatio: false
18:45:43.036 [FXGL Background Thread 2 ] DEBUG Engine               - isProfilingEnabled: false
18:45:43.036 [FXGL Background Thread 2 ] DEBUG Engine               - isSingleStep: false
18:45:43.036 [FXGL Background Thread 2 ] DEBUG Engine               - isUserProfileEnabled: false
18:45:43.036 [FXGL Background Thread 2 ] DEBUG Engine               - isWindows: true
18:45:43.036 [FXGL Background Thread 2 ] DEBUG Engine               - language: ObjectProperty [value: ENGLISH]
18:45:43.037 [FXGL Background Thread 2 ] DEBUG Engine               - mainWindow: com.almasb.fxgl.app.MainWindow@787ff0f2
18:45:43.037 [FXGL Background Thread 2 ] DEBUG Engine               - menuKey: ESCAPE
18:45:43.037 [FXGL Background Thread 2 ] DEBUG Engine               - notificationViewClass: class com.almasb.fxgl.notification.view.XboxNotificationView
18:45:43.037 [FXGL Background Thread 2 ] DEBUG Engine               - pixelsPerMeter: 50.0
18:45:43.037 [FXGL Background Thread 2 ] DEBUG Engine               - platform: WINDOWS
18:45:43.037 [FXGL Background Thread 2 ] DEBUG Engine               - profileDir: profiles/
18:45:43.037 [FXGL Background Thread 2 ] DEBUG Engine               - profileName: StringProperty [value: DEFAULT]
18:45:43.038 [FXGL Background Thread 2 ] DEBUG Engine               - randomSeed: -1
18:45:43.038 [FXGL Background Thread 2 ] DEBUG Engine               - runtimeInfo: RuntimeInfo(platform=WINDOWS, version=11.9, build=27.05.2020 17.06)
18:45:43.038 [FXGL Background Thread 2 ] DEBUG Engine               - saveFileExt: sav
18:45:43.038 [FXGL Background Thread 2 ] DEBUG Engine               - sceneFactory: MooseGame.NewfoundRacerApp$1@3d7d7199
18:45:43.038 [FXGL Background Thread 2 ] DEBUG Engine               - secondsIn24h: 60
18:45:43.038 [FXGL Background Thread 2 ] DEBUG Engine               - settings: Title: Newfoundland Moose Collision
Version: 0.1
Width: 840
Height: 650
Fullscreen: false
Intro: false
Profiling: false
Single step:false
App Mode: DEVELOPER
Menu Key: ESCAPE
Stage Style: DECORATED
Scene Factory: class MooseGame.NewfoundRacerApp$1

18:45:43.038 [FXGL Background Thread 2 ] DEBUG Engine               - soundMenuBack: menu/back.wav
18:45:43.038 [FXGL Background Thread 2 ] DEBUG Engine               - soundMenuPress: menu/press.wav
18:45:43.038 [FXGL Background Thread 2 ] DEBUG Engine               - soundMenuSelect: menu/select.wav
18:45:43.038 [FXGL Background Thread 2 ] DEBUG Engine               - soundNotification: core/notification.wav
18:45:43.038 [FXGL Background Thread 2 ] DEBUG Engine               - stageStyle: DECORATED
18:45:43.038 [FXGL Background Thread 2 ] DEBUG Engine               - supportedLanguages: [ENGLISH, FRENCH, GERMAN, HUNGARIAN, RUSSIAN]
18:45:43.038 [FXGL Background Thread 2 ] DEBUG Engine               - title: Newfoundland Moose Collision
18:45:43.038 [FXGL Background Thread 2 ] DEBUG Engine               - urlGithub: https://github.com/AlmasB/FXGL
18:45:43.038 [FXGL Background Thread 2 ] DEBUG Engine               - urlLeaderboard: http://fxgl-top.herokuapp.com/
18:45:43.038 [FXGL Background Thread 2 ] DEBUG Engine               - urlPOM: https://raw.githubusercontent.com/AlmasB/FXGL/master/pom.xml
18:45:43.038 [FXGL Background Thread 2 ] DEBUG Engine               - version: 0.1
18:45:43.038 [FXGL Background Thread 2 ] DEBUG Engine               - versionCheckDays: 7
18:45:43.038 [FXGL Background Thread 2 ] DEBUG Engine               - width: 840
18:45:43.039 [FXGL Background Thread 2 ] DEBUG Engine               - Logging services
18:45:43.039 [FXGL Background Thread 2 ] DEBUG Engine               - class com.almasb.fxgl.app.GameApplication$GameApplicationService
18:45:43.039 [FXGL Background Thread 2 ] DEBUG Engine               - class com.almasb.fxgl.app.services.WindowService
18:45:43.039 [FXGL Background Thread 2 ] DEBUG Engine               - class com.almasb.fxgl.app.services.FXGLDialogService
18:45:43.039 [FXGL Background Thread 2 ] DEBUG Engine               - class com.almasb.fxgl.app.services.IOTaskExecutorService
18:45:43.039 [FXGL Background Thread 2 ] DEBUG Engine               - class com.almasb.fxgl.event.EventBusService
18:45:43.039 [FXGL Background Thread 2 ] DEBUG Engine               - class com.almasb.fxgl.io.FileSystemService
18:45:43.039 [FXGL Background Thread 2 ] DEBUG Engine               - class com.almasb.fxgl.localization.LocalizationService
18:45:43.039 [FXGL Background Thread 2 ] DEBUG Engine               - class com.almasb.fxgl.app.services.AssetLoaderService
18:45:43.039 [FXGL Background Thread 2 ] DEBUG Engine               - class com.almasb.fxgl.app.services.SystemBundleService
18:45:43.039 [FXGL Background Thread 2 ] DEBUG Engine               - class com.almasb.fxgl.profile.SaveLoadService
18:45:43.039 [FXGL Background Thread 2 ] DEBUG Engine               - class com.almasb.fxgl.ui.FXGLUIFactoryServiceProvider
18:45:43.039 [FXGL Background Thread 2 ] DEBUG Engine               - class com.almasb.fxgl.ui.FXGLDialogFactoryServiceProvider
18:45:43.039 [FXGL Background Thread 2 ] DEBUG Engine               - class com.almasb.fxgl.audio.AudioPlayer
18:45:43.039 [FXGL Background Thread 2 ] DEBUG Engine               - class com.almasb.fxgl.notification.impl.NotificationServiceProvider
18:45:43.039 [FXGL Background Thread 2 ] DEBUG Engine               - class com.almasb.fxgl.achievement.AchievementService
18:45:43.039 [FXGL Background Thread 2 ] DEBUG Engine               - class com.almasb.fxgl.cutscene.CutsceneService
18:45:43.039 [FXGL Background Thread 2 ] DEBUG Engine               - class com.almasb.fxgl.minigames.MiniGameService
18:45:43.039 [FXGL Background Thread 2 ] DEBUG Engine               - class com.almasb.fxgl.net.NetService
18:45:43.039 [FXGL Background Thread 2 ] DEBUG Engine               - class com.almasb.fxgl.app.services.UpdaterService
18:45:43.039 [FXGL Background Thread 2 ] DEBUG Engine               - class com.almasb.fxgl.dev.DevService
18:45:43.301 [JavaFX Application Thread] DEBUG AssetLoaderService   - Loading from file system: /assets/textures/driver4.png
18:45:44.092 [JavaFX Application Thread] DEBUG AssetLoaderService   - Loading from cache: /assets/textures/cowmoosespriterunning.png
18:45:44.093 [JavaFX Application Thread] DEBUG AssetLoaderService   - Loading from cache: /assets/textures/cowmoosespriterunning.png
18:45:44.775 [JavaFX Application Thread] DEBUG AssetLoaderService   - Loading from file system: /assets/textures/pothole.png
18:45:45.412 [JavaFX Application Thread] DEBUG AssetLoaderService   - Loading from file system: /assets/textures/driver0.png
18:45:45.427 [JavaFX Application Thread] DEBUG AssetLoaderService   - Loading from cache: /assets/textures/cowmoosespriterunning.png
18:45:45.428 [JavaFX Application Thread] DEBUG AssetLoaderService   - Loading from cache: /assets/textures/cowmoosespriterunning.png
18:45:46.988 [JavaFX Application Thread] DEBUG AssetLoaderService   - Loading from cache: /assets/textures/cowmoosespriterunning.png
18:45:46.989 [JavaFX Application Thread] DEBUG AssetLoaderService   - Loading from cache: /assets/textures/cowmoosespriterunning.png
18:45:47.557 [JavaFX Application Thread] DEBUG AssetLoaderService   - Loading from file system: /assets/textures/driver1.png
18:45:48.262 [JavaFX Application Thread] DEBUG AssetLoaderService   - Loading from file system: /assets/textures/coin.png
18:45:48.278 [JavaFX Application Thread] DEBUG AssetLoaderService   - Loading from cache: /assets/textures/pothole.png
18:45:48.373 [JavaFX Application Thread] DEBUG AssetLoaderService   - Loading from cache: /assets/textures/cowmoosespriterunning.png
18:45:48.374 [JavaFX Application Thread] DEBUG AssetLoaderService   - Loading from cache: /assets/textures/cowmoosespriterunning.png
18:45:50.165 [JavaFX Application Thread] DEBUG AssetLoaderService   - Loading from cache: /assets/textures/driver1.png
18:45:50.189 [JavaFX Application Thread] DEBUG AssetLoaderService   - Loading from cache: /assets/textures/cowmoosespriterunning.png
18:45:50.190 [JavaFX Application Thread] DEBUG AssetLoaderService   - Loading from cache: /assets/textures/cowmoosespriterunning.png
18:45:51.686 [JavaFX Application Thread] DEBUG AssetLoaderService   - Loading from cache: /assets/textures/cowmoosespriterunning.png
18:45:51.688 [JavaFX Application Thread] DEBUG AssetLoaderService   - Loading from cache: /assets/textures/cowmoosespriterunning.png
18:45:52.237 [JavaFX Application Thread] DEBUG AssetLoaderService   - Loading from cache: /assets/textures/pothole.png
18:45:52.245 [JavaFX Application Thread] DEBUG AssetLoaderService   - Loading from file system: /assets/textures/driver3.png
18:45:52.965 [JavaFX Application Thread] DEBUG AssetLoaderService   - Loading from cache: /assets/textures/cowmoosespriterunning.png
18:45:52.966 [JavaFX Application Thread] DEBUG AssetLoaderService   - Loading from cache: /assets/textures/cowmoosespriterunning.png
18:45:54.189 [JavaFX Application Thread] DEBUG AssetLoaderService   - Loading from file system: /assets/textures/driver2.png
18:45:54.198 [JavaFX Application Thread] DEBUG AssetLoaderService   - Loading from cache: /assets/textures/cowmoosespriterunning.png
18:45:54.198 [JavaFX Application Thread] DEBUG AssetLoaderService   - Loading from cache: /assets/textures/cowmoosespriterunning.png
18:45:55.605 [JavaFX Application Thread] DEBUG AssetLoaderService   - Loading from cache: /assets/textures/coin.png
18:45:55.637 [JavaFX Application Thread] DEBUG AssetLoaderService   - Loading from cache: /assets/textures/pothole.png
18:45:55.668 [JavaFX Application Thread] DEBUG AssetLoaderService   - Loading from cache: /assets/textures/cowmoosespriterunning.png
18:45:55.669 [JavaFX Application Thread] DEBUG AssetLoaderService   - Loading from cache: /assets/textures/cowmoosespriterunning.png
18:45:56.239 [JavaFX Application Thread] DEBUG AssetLoaderService   - Loading from cache: /assets/textures/driver1.png
18:45:56.773 [JavaFX Application Thread] DEBUG AssetLoaderService   - Loading from cache: /assets/textures/cowmoosespriterunning.png
18:45:56.773 [JavaFX Application Thread] DEBUG AssetLoaderService   - Loading from cache: /assets/textures/cowmoosespriterunning.png
18:45:58.069 [JavaFX Application Thread] DEBUG AssetLoaderService   - Loading from cache: /assets/textures/driver0.png
18:45:58.117 [JavaFX Application Thread] DEBUG AssetLoaderService   - Loading from cache: /assets/textures/cowmoosespriterunning.png
18:45:58.118 [JavaFX Application Thread] DEBUG AssetLoaderService   - Loading from cache: /assets/textures/cowmoosespriterunning.png
18:45:58.719 [JavaFX Application Thread] DEBUG AssetLoaderService   - Loading from cache: /assets/textures/pothole.png
18:45:59.261 [JavaFX Application Thread] DEBUG AssetLoaderService   - Loading from cache: /assets/textures/cowmoosespriterunning.png
18:45:59.263 [JavaFX Application Thread] DEBUG AssetLoaderService   - Loading from cache: /assets/textures/cowmoosespriterunning.png
18:45:59.900 [JavaFX Application Thread] DEBUG AssetLoaderService   - Loading from cache: /assets/textures/driver1.png
18:46:00.516 [JavaFX Application Thread] DEBUG AssetLoaderService   - Loading from cache: /assets/textures/cowmoosespriterunning.png
18:46:00.518 [JavaFX Application Thread] DEBUG AssetLoaderService   - Loading from cache: /assets/textures/cowmoosespriterunning.png
18:46:01.606 [JavaFX Application Thread] DEBUG AssetLoaderService   - Loading from cache: /assets/textures/coin.png
18:46:01.637 [JavaFX Application Thread] DEBUG AssetLoaderService   - Loading from cache: /assets/textures/pothole.png
18:46:01.670 [JavaFX Application Thread] DEBUG AssetLoaderService   - Loading from cache: /assets/textures/driver3.png
18:46:01.702 [JavaFX Application Thread] DEBUG AssetLoaderService   - Loading from cache: /assets/textures/cowmoosespriterunning.png
18:46:01.702 [JavaFX Application Thread] DEBUG AssetLoaderService   - Loading from cache: /assets/textures/cowmoosespriterunning.png
18:46:02.982 [JavaFX Application Thread] DEBUG GameApplication      - Exiting FXGL
18:46:02.982 [JavaFX Application Thread] DEBUG LoopRunner           - Stopping loop
18:46:02.982 [JavaFX Application Thread] DEBUG SystemBundleService  - Saving FXGL system data
18:46:02.983 [JavaFX Application Thread] DEBUG FileSystemAccess     - Writing to: E:\secondYear\Java\NewfoundlandRacer\system\fxgl.bundle
18:46:02.984 [JavaFX Application Thread] DEBUG GameApplication      - Shutting down background threads
18:46:02.984 [JavaFX Application Thread] DEBUG GameApplication      - Closing logger and exiting JavaFX
