23:22:16.891 [main                     ] DEBUG GameApplication      - Logger initialized
23:22:16.895 [main                     ] DEBUG GameApplication      - Logging settings
Title: Newfoundland Moose Collision
Version: 1.0
Width: 840
Height: 650
Fullscreen: false
Intro: false
Profiling: false
Single step:false
App Mode: DEVELOPER
Menu Key: ESCAPE
Stage Style: DECORATED
Scene Factory: class MooseGame.NewfoundRacerApp$1

23:22:17.218 [JavaFX Application Thread] DEBUG GameApplication      - Initializing FXGL
23:22:17.229 [JavaFX Application Thread] INFO  Engine               - FXGL-11.9 (27.05.2020 17.06) on WINDOWS (J:14.0.1 FX:13.0.2)
23:22:17.229 [JavaFX Application Thread] DEBUG Engine               - JRE Vendor Name: Oracle Corporation
23:22:17.229 [JavaFX Application Thread] DEBUG Engine               - Running on OS: Windows 10 version 10.0
23:22:17.229 [JavaFX Application Thread] DEBUG Engine               - Architecture: amd64
23:22:17.229 [JavaFX Application Thread] INFO  Engine               - Source code and latest versions at: https://github.com/AlmasB/FXGL
23:22:17.230 [JavaFX Application Thread] INFO  Engine               -              Join the FXGL chat at: https://gitter.im/AlmasB/FXGL
23:22:17.313 [JavaFX Application Thread] DEBUG MainWindow           - Creating a JavaFX scene
23:22:17.355 [JavaFX Application Thread] DEBUG MainWindow           - Target settings size: 840.0 x 650.0
23:22:17.355 [JavaFX Application Thread] DEBUG MainWindow           - Scaled scene size:    840.0 x 650.0
23:22:17.355 [JavaFX Application Thread] DEBUG MainWindow           - Scaled ratio: (1.0, 1.0)
23:22:17.356 [JavaFX Application Thread] DEBUG MainWindow           - Set initial scene to FXGLStartupScene
23:22:17.362 [JavaFX Application Thread] DEBUG MainWindow           - Opening main window
23:22:17.438 [JavaFX Application Thread] DEBUG MainWindow           - Window border size: (16.0, 39.0)
23:22:17.438 [JavaFX Application Thread] DEBUG MainWindow           - Scaled size: 840.0 x 650.0
23:22:17.438 [JavaFX Application Thread] DEBUG MainWindow           - Scaled ratio: (1.0, 1.0)
23:22:17.438 [JavaFX Application Thread] DEBUG MainWindow           - Scene size: 840.0 x 650.0
23:22:17.438 [JavaFX Application Thread] DEBUG MainWindow           - Stage size: 856.0 x 689.0
23:22:17.445 [FXGL Background Thread 1 ] DEBUG Engine               - Initializing environment variables
23:22:17.469 [FXGL Background Thread 1 ] DEBUG WindowService        - Applying CSS: fxgl_dark.css
23:22:17.469 [FXGL Background Thread 1 ] DEBUG AssetLoaderService   - Loading from file system: /assets/ui/css/fxgl_dark.css
23:22:17.501 [FXGL Background Thread 1 ] DEBUG WindowService        - Initializing application scenes
23:22:17.523 [FXGL Background Thread 1 ] DEBUG GameWorld            - Game world initialized
23:22:17.551 [FXGL Background Thread 1 ] DEBUG PhysicsWorld         - Physics world initialized: appHeight=650, physics.ppm=50.0
23:22:17.553 [FXGL Background Thread 1 ] DEBUG GameScene            - Game scene initialized: 840x650
23:22:17.567 [FXGL Background Thread 1 ] DEBUG AssetLoaderService   - Loading from file system: /assets/music/8-Bit-Perplexion.mp3
23:22:17.686 [FXGL Background Thread 1 ] DEBUG AssetLoaderService   - Loading from file system: /assets/music/Caffeine-Crazed-Coin-Op-Kids.mp3
23:22:17.695 [FXGL Background Thread 1 ] DEBUG AudioPlayer          - Stopping music com.almasb.fxgl.audio.Music@12fa2b0f
23:22:17.695 [FXGL Background Thread 1 ] DEBUG AudioPlayer          - Playing music com.almasb.fxgl.audio.Music@54e50869
23:22:17.755 [FXGL Background Thread 1 ] DEBUG AssetLoaderService   - Loading from file system: /assets/textures/particles/trace_horizontal.png
23:22:17.779 [FXGL Background Thread 1 ] DEBUG FXGL.DefaultMenu     - createMenuBodyGameMenu()
23:22:17.788 [FXGL Background Thread 1 ] DEBUG FXGL.DefaultMenu     - createOptionsMenu()
23:22:17.791 [FXGL Background Thread 1 ] DEBUG AssetLoaderService   - Loading from file system: /assets/textures/particles/smoke.png
23:22:17.827 [FXGL Background Thread 1 ] DEBUG WindowService        - Application scenes initialized
23:22:17.833 [FXGL Background Thread 1 ] DEBUG SystemBundleService  - Loading FXGL system data
23:22:17.836 [FXGL Background Thread 1 ] DEBUG FileSystemAccess     - Reading from: E:\secondYear\Java\NewfoundlandRacer\system\fxgl.bundle
23:22:17.840 [FXGL Background Thread 1 ] DEBUG SystemBundleService  - Bundle FXGL: {}
23:22:17.840 [FXGL Background Thread 1 ] INFO  Engine               - FXGL initialization took: 0.393 sec
23:22:17.841 [FXGL Background Thread 1 ] DEBUG GameApplication      - Loading localizations
23:22:17.842 [FXGL Background Thread 1 ] DEBUG AssetLoaderService   - Loading from file system: /assets/languages/english.lang
23:22:17.850 [FXGL Background Thread 1 ] DEBUG AssetLoaderService   - Loading from file system: /assets/languages/french.lang
23:22:17.852 [FXGL Background Thread 1 ] DEBUG AssetLoaderService   - Loading from file system: /assets/languages/german.lang
23:22:17.854 [FXGL Background Thread 1 ] DEBUG AssetLoaderService   - Loading from file system: /assets/languages/hungarian.lang
23:22:17.856 [FXGL Background Thread 1 ] DEBUG AssetLoaderService   - Loading from file system: /assets/languages/russian.lang
23:22:17.858 [FXGL Background Thread 1 ] DEBUG GameApplication      - Registering font factories with UI factory
23:22:17.858 [FXGL Background Thread 1 ] DEBUG AssetLoaderService   - Loading from file system: /assets/ui/fonts/VarelaRound-Regular.ttf
23:22:17.886 [FXGL Background Thread 1 ] DEBUG AssetLoaderService   - Loading from file system: /assets/ui/fonts/Abel-Regular.ttf
23:22:17.889 [FXGL Background Thread 1 ] DEBUG AssetLoaderService   - Loading from file system: /assets/ui/fonts/lucida_console.ttf
23:22:17.891 [FXGL Background Thread 1 ] DEBUG AssetLoaderService   - Loading from file system: /assets/ui/fonts/Courier-Prime.ttf
23:22:17.899 [JavaFX Application Thread] DEBUG Input                - Registered new binding: Move Right - D
23:22:17.899 [JavaFX Application Thread] DEBUG Input                - Registered new binding: Move Left - A
23:22:17.900 [JavaFX Application Thread] DEBUG Input                - Registered new binding: Move Up - W
23:22:17.900 [JavaFX Application Thread] DEBUG Input                - Registered new binding: Move Down - S
23:22:17.900 [JavaFX Application Thread] DEBUG AssetLoaderService   - Loading from file system: /assets/textures/fxgl_icon.png
23:22:17.910 [JavaFX Application Thread] DEBUG AssetLoaderService   - Loading from file system: /assets/ui/cursors/fxgl_default.png
23:22:17.912 [JavaFX Application Thread] DEBUG Input                - Registered new binding: Screenshot - P
23:22:17.912 [JavaFX Application Thread] DEBUG Input                - Registered new binding: System info dump - CTRL+9
23:22:17.912 [JavaFX Application Thread] DEBUG Input                - Registered new binding: Restart - CTRL+R
23:22:17.912 [JavaFX Application Thread] DEBUG LoopRunner           - Starting loop
23:22:17.929 [JavaFX Application Thread] DEBUG FXGLStartupScene     - STARTUP
23:22:17.930 [JavaFX Application Thread] DEBUG Input                - Clearing active input actions
23:22:17.936 [JavaFX Application Thread] DEBUG WindowService        - Removing overlay from FXGLStartupScene and adding to 
23:22:17.937 [JavaFX Application Thread] DEBUG MainWindow           - FXGLStartupScene -> 
23:22:17.937 [JavaFX Application Thread] DEBUG MainWindow           - Push state: NewfoundlandRacerMainMenu
23:22:17.937 [JavaFX Application Thread] DEBUG Input                - Clearing active input actions
23:22:17.943 [JavaFX Application Thread] DEBUG WindowService        - Removing overlay from  and adding to NewfoundlandRacerMainMenu
23:22:17.944 [JavaFX Application Thread] DEBUG MainWindow           -  -> NewfoundlandRacerMainMenu
23:22:19.271 [JavaFX Application Thread] DEBUG Menu                 - fireNewGame()
23:22:19.271 [JavaFX Application Thread] DEBUG WindowService        - Starting new game
23:22:19.271 [JavaFX Application Thread] DEBUG MainWindow           - Pop state: NewfoundlandRacerMainMenu
23:22:19.271 [JavaFX Application Thread] DEBUG Input                - Clearing active input actions
23:22:19.271 [JavaFX Application Thread] DEBUG WindowService        - Removing overlay from NewfoundlandRacerMainMenu and adding to 
23:22:19.272 [JavaFX Application Thread] DEBUG MainWindow           -  <- NewfoundlandRacerMainMenu
23:22:19.272 [JavaFX Application Thread] DEBUG Input                - Clearing active input actions
23:22:19.277 [JavaFX Application Thread] DEBUG WindowService        - Removing overlay from  and adding to FXGLLoadingScene
23:22:19.277 [JavaFX Application Thread] DEBUG MainWindow           -  -> FXGLLoadingScene
23:22:19.277 [JavaFX Application Thread] DEBUG WindowService        - Clearing previous game
23:22:19.278 [JavaFX Application Thread] DEBUG GameScene            - Clearing game scene
23:22:19.278 [JavaFX Application Thread] DEBUG GameWorld            - Clearing game world
23:22:19.278 [JavaFX Application Thread] DEBUG PhysicsWorld         - Clearing physics world
23:22:19.278 [FXGL Background Thread 1 ] DEBUG GameApplication      - Initializing game
23:22:19.284 [FXGL Background Thread 1 ] DEBUG AssetLoaderService   - Loading from file system: /assets/textures/4lanehighway.png
23:22:19.362 [FXGL Background Thread 1 ] DEBUG AssetLoaderService   - Loading from file system: /assets/textures/player.png
23:22:19.372 [FXGL Background Thread 1 ] DEBUG AssetLoaderService   - Loading from cache: /assets/music/8-Bit-Perplexion.mp3
23:22:19.372 [FXGL Background Thread 1 ] DEBUG AssetLoaderService   - Loading from cache: /assets/music/Caffeine-Crazed-Coin-Op-Kids.mp3
23:22:19.372 [FXGL Background Thread 1 ] DEBUG AudioPlayer          - Stopping music com.almasb.fxgl.audio.Music@54e50869
23:22:19.373 [FXGL Background Thread 1 ] DEBUG AudioPlayer          - Playing music com.almasb.fxgl.audio.Music@12fa2b0f
23:22:19.375 [FXGL Background Thread 1 ] INFO  GameApplication      - Game initialization took: 0.098 sec
23:22:19.376 [JavaFX Application Thread] DEBUG Input                - Clearing active input actions
23:22:19.381 [JavaFX Application Thread] DEBUG WindowService        - Removing overlay from FXGLLoadingScene and adding to GameScene
23:22:19.381 [JavaFX Application Thread] DEBUG MainWindow           - FXGLLoadingScene -> GameScene
23:22:20.842 [FXGL Background Thread 2 ] DEBUG Engine               - Logging environment variables
23:22:20.842 [FXGL Background Thread 2 ] DEBUG Engine               - achievements: []
23:22:20.842 [FXGL Background Thread 2 ] DEBUG Engine               - appIcon: fxgl_icon.png
23:22:20.842 [FXGL Background Thread 2 ] DEBUG Engine               - applicationMode: DEVELOPER
23:22:20.842 [FXGL Background Thread 2 ] DEBUG Engine               - cSSList: [fxgl_dark.css]
23:22:20.842 [FXGL Background Thread 2 ] DEBUG Engine               - configClass: Optional.empty
23:22:20.842 [FXGL Background Thread 2 ] DEBUG Engine               - credits: []
23:22:20.842 [FXGL Background Thread 2 ] DEBUG Engine               - devBBoxColorProperty: ObjectProperty [value: 0xff0000ff]
23:22:20.842 [FXGL Background Thread 2 ] DEBUG Engine               - devSensorColorProperty: ObjectProperty [value: 0xffff00ff]
23:22:20.843 [FXGL Background Thread 2 ] DEBUG Engine               - devShowBBoxProperty: BooleanProperty [value: false]
23:22:20.843 [FXGL Background Thread 2 ] DEBUG Engine               - devShowPositionProperty: BooleanProperty [value: false]
23:22:20.843 [FXGL Background Thread 2 ] DEBUG Engine               - enabledMenuItems: []
23:22:20.843 [FXGL Background Thread 2 ] DEBUG Engine               - engineServices: [class com.almasb.fxgl.app.GameApplication$GameApplicationService, class com.almasb.fxgl.app.services.WindowService, class com.almasb.fxgl.app.services.FXGLDialogService, class com.almasb.fxgl.app.services.IOTaskExecutorService, class com.almasb.fxgl.event.EventBusService, class com.almasb.fxgl.io.FileSystemService, class com.almasb.fxgl.localization.LocalizationService, class com.almasb.fxgl.app.services.AssetLoaderService, class com.almasb.fxgl.app.services.SystemBundleService, class com.almasb.fxgl.profile.SaveLoadService, class com.almasb.fxgl.ui.FXGLUIFactoryServiceProvider, class com.almasb.fxgl.ui.FXGLDialogFactoryServiceProvider, class com.almasb.fxgl.audio.AudioPlayer, class com.almasb.fxgl.notification.impl.NotificationServiceProvider, class com.almasb.fxgl.achievement.AchievementService, class com.almasb.fxgl.cutscene.CutsceneService, class com.almasb.fxgl.minigames.MiniGameService, class com.almasb.fxgl.net.NetService, class com.almasb.fxgl.app.services.UpdaterService, class com.almasb.fxgl.dev.DevService]
23:22:20.843 [FXGL Background Thread 2 ] DEBUG Engine               - fontGame: Abel-Regular.ttf
23:22:20.843 [FXGL Background Thread 2 ] DEBUG Engine               - fontMono: lucida_console.ttf
23:22:20.843 [FXGL Background Thread 2 ] DEBUG Engine               - fontText: Courier-Prime.ttf
23:22:20.843 [FXGL Background Thread 2 ] DEBUG Engine               - fontUI: VarelaRound-Regular.ttf
23:22:20.843 [FXGL Background Thread 2 ] DEBUG Engine               - fullScreen: BooleanProperty [value: false]
23:22:20.843 [FXGL Background Thread 2 ] DEBUG Engine               - gameDifficulty: MEDIUM
23:22:20.843 [FXGL Background Thread 2 ] DEBUG Engine               - gameDifficultyProperty: ObjectProperty [value: MEDIUM]
23:22:20.843 [FXGL Background Thread 2 ] DEBUG Engine               - globalMusicVolume: 0.5
23:22:20.843 [FXGL Background Thread 2 ] DEBUG Engine               - globalMusicVolumeProperty: DoubleProperty [value: 0.5]
23:22:20.843 [FXGL Background Thread 2 ] DEBUG Engine               - globalSoundVolume: 0.5
23:22:20.843 [FXGL Background Thread 2 ] DEBUG Engine               - globalSoundVolumeProperty: DoubleProperty [value: 0.5]
23:22:20.843 [FXGL Background Thread 2 ] DEBUG Engine               - height: 650
23:22:20.843 [FXGL Background Thread 2 ] DEBUG Engine               - isAndroid: false
23:22:20.844 [FXGL Background Thread 2 ] DEBUG Engine               - isBrowser: false
23:22:20.844 [FXGL Background Thread 2 ] DEBUG Engine               - isClickFeedbackEnabled: false
23:22:20.844 [FXGL Background Thread 2 ] DEBUG Engine               - isCloseConfirmation: false
23:22:20.844 [FXGL Background Thread 2 ] DEBUG Engine               - isDesktop: true
23:22:20.844 [FXGL Background Thread 2 ] DEBUG Engine               - isDeveloperMenuEnabled: false
23:22:20.844 [FXGL Background Thread 2 ] DEBUG Engine               - isExperimentalNative: false
23:22:20.844 [FXGL Background Thread 2 ] DEBUG Engine               - isExperimentalTiledLargeMap: false
23:22:20.844 [FXGL Background Thread 2 ] DEBUG Engine               - isFullScreenAllowed: false
23:22:20.844 [FXGL Background Thread 2 ] DEBUG Engine               - isFullScreenFromStart: false
23:22:20.844 [FXGL Background Thread 2 ] DEBUG Engine               - isGameMenuEnabled: true
23:22:20.844 [FXGL Background Thread 2 ] DEBUG Engine               - isIOS: false
23:22:20.844 [FXGL Background Thread 2 ] DEBUG Engine               - isIntroEnabled: false
23:22:20.844 [FXGL Background Thread 2 ] DEBUG Engine               - isLinux: false
23:22:20.844 [FXGL Background Thread 2 ] DEBUG Engine               - isMac: false
23:22:20.844 [FXGL Background Thread 2 ] DEBUG Engine               - isMainMenuEnabled: true
23:22:20.844 [FXGL Background Thread 2 ] DEBUG Engine               - isManualResizeEnabled: false
23:22:20.844 [FXGL Background Thread 2 ] DEBUG Engine               - isMobile: false
23:22:20.844 [FXGL Background Thread 2 ] DEBUG Engine               - isPreserveResizeRatio: false
23:22:20.844 [FXGL Background Thread 2 ] DEBUG Engine               - isProfilingEnabled: false
23:22:20.844 [FXGL Background Thread 2 ] DEBUG Engine               - isSingleStep: false
23:22:20.844 [FXGL Background Thread 2 ] DEBUG Engine               - isUserProfileEnabled: false
23:22:20.844 [FXGL Background Thread 2 ] DEBUG Engine               - isWindows: true
23:22:20.844 [FXGL Background Thread 2 ] DEBUG Engine               - language: ObjectProperty [value: ENGLISH]
23:22:20.844 [FXGL Background Thread 2 ] DEBUG Engine               - mainWindow: com.almasb.fxgl.app.MainWindow@23555d15
23:22:20.845 [FXGL Background Thread 2 ] DEBUG Engine               - menuKey: ESCAPE
23:22:20.845 [FXGL Background Thread 2 ] DEBUG Engine               - notificationViewClass: class com.almasb.fxgl.notification.view.XboxNotificationView
23:22:20.845 [FXGL Background Thread 2 ] DEBUG Engine               - pixelsPerMeter: 50.0
23:22:20.845 [FXGL Background Thread 2 ] DEBUG Engine               - platform: WINDOWS
23:22:20.845 [FXGL Background Thread 2 ] DEBUG Engine               - profileDir: profiles/
23:22:20.845 [FXGL Background Thread 2 ] DEBUG Engine               - profileName: StringProperty [value: DEFAULT]
23:22:20.845 [FXGL Background Thread 2 ] DEBUG Engine               - randomSeed: -1
23:22:20.845 [FXGL Background Thread 2 ] DEBUG Engine               - runtimeInfo: RuntimeInfo(platform=WINDOWS, version=11.9, build=27.05.2020 17.06)
23:22:20.845 [FXGL Background Thread 2 ] DEBUG Engine               - saveFileExt: sav
23:22:20.845 [FXGL Background Thread 2 ] DEBUG Engine               - sceneFactory: MooseGame.NewfoundRacerApp$1@6657c71b
23:22:20.845 [FXGL Background Thread 2 ] DEBUG Engine               - secondsIn24h: 60
23:22:20.845 [FXGL Background Thread 2 ] DEBUG Engine               - settings: Title: Newfoundland Moose Collision
Version: 1.0
Width: 840
Height: 650
Fullscreen: false
Intro: false
Profiling: false
Single step:false
App Mode: DEVELOPER
Menu Key: ESCAPE
Stage Style: DECORATED
Scene Factory: class MooseGame.NewfoundRacerApp$1

23:22:20.845 [FXGL Background Thread 2 ] DEBUG Engine               - soundMenuBack: menu/back.wav
23:22:20.845 [FXGL Background Thread 2 ] DEBUG Engine               - soundMenuPress: menu/press.wav
23:22:20.845 [FXGL Background Thread 2 ] DEBUG Engine               - soundMenuSelect: menu/select.wav
23:22:20.845 [FXGL Background Thread 2 ] DEBUG Engine               - soundNotification: core/notification.wav
23:22:20.845 [FXGL Background Thread 2 ] DEBUG Engine               - stageStyle: DECORATED
23:22:20.845 [FXGL Background Thread 2 ] DEBUG Engine               - supportedLanguages: [ENGLISH, FRENCH, GERMAN, HUNGARIAN, RUSSIAN]
23:22:20.845 [FXGL Background Thread 2 ] DEBUG Engine               - title: Newfoundland Moose Collision
23:22:20.845 [FXGL Background Thread 2 ] DEBUG Engine               - urlGithub: https://github.com/AlmasB/FXGL
23:22:20.846 [FXGL Background Thread 2 ] DEBUG Engine               - urlLeaderboard: http://fxgl-top.herokuapp.com/
23:22:20.846 [FXGL Background Thread 2 ] DEBUG Engine               - urlPOM: https://raw.githubusercontent.com/AlmasB/FXGL/master/pom.xml
23:22:20.846 [FXGL Background Thread 2 ] DEBUG Engine               - version: 1.0
23:22:20.846 [FXGL Background Thread 2 ] DEBUG Engine               - versionCheckDays: 7
23:22:20.846 [FXGL Background Thread 2 ] DEBUG Engine               - width: 840
23:22:20.846 [FXGL Background Thread 2 ] DEBUG Engine               - Logging services
23:22:20.846 [FXGL Background Thread 2 ] DEBUG Engine               - class com.almasb.fxgl.app.GameApplication$GameApplicationService
23:22:20.846 [FXGL Background Thread 2 ] DEBUG Engine               - class com.almasb.fxgl.app.services.WindowService
23:22:20.846 [FXGL Background Thread 2 ] DEBUG Engine               - class com.almasb.fxgl.app.services.FXGLDialogService
23:22:20.846 [FXGL Background Thread 2 ] DEBUG Engine               - class com.almasb.fxgl.app.services.IOTaskExecutorService
23:22:20.846 [FXGL Background Thread 2 ] DEBUG Engine               - class com.almasb.fxgl.event.EventBusService
23:22:20.846 [FXGL Background Thread 2 ] DEBUG Engine               - class com.almasb.fxgl.io.FileSystemService
23:22:20.846 [FXGL Background Thread 2 ] DEBUG Engine               - class com.almasb.fxgl.localization.LocalizationService
23:22:20.846 [FXGL Background Thread 2 ] DEBUG Engine               - class com.almasb.fxgl.app.services.AssetLoaderService
23:22:20.846 [FXGL Background Thread 2 ] DEBUG Engine               - class com.almasb.fxgl.app.services.SystemBundleService
23:22:20.846 [FXGL Background Thread 2 ] DEBUG Engine               - class com.almasb.fxgl.profile.SaveLoadService
23:22:20.846 [FXGL Background Thread 2 ] DEBUG Engine               - class com.almasb.fxgl.ui.FXGLUIFactoryServiceProvider
23:22:20.846 [FXGL Background Thread 2 ] DEBUG Engine               - class com.almasb.fxgl.ui.FXGLDialogFactoryServiceProvider
23:22:20.846 [FXGL Background Thread 2 ] DEBUG Engine               - class com.almasb.fxgl.audio.AudioPlayer
23:22:20.846 [FXGL Background Thread 2 ] DEBUG Engine               - class com.almasb.fxgl.notification.impl.NotificationServiceProvider
23:22:20.846 [FXGL Background Thread 2 ] DEBUG Engine               - class com.almasb.fxgl.achievement.AchievementService
23:22:20.846 [FXGL Background Thread 2 ] DEBUG Engine               - class com.almasb.fxgl.cutscene.CutsceneService
23:22:20.846 [FXGL Background Thread 2 ] DEBUG Engine               - class com.almasb.fxgl.minigames.MiniGameService
23:22:20.846 [FXGL Background Thread 2 ] DEBUG Engine               - class com.almasb.fxgl.net.NetService
23:22:20.846 [FXGL Background Thread 2 ] DEBUG Engine               - class com.almasb.fxgl.app.services.UpdaterService
23:22:20.846 [FXGL Background Thread 2 ] DEBUG Engine               - class com.almasb.fxgl.dev.DevService
23:22:21.346 [JavaFX Application Thread] DEBUG AssetLoaderService   - Loading from file system: /assets/textures/driver1.png
23:22:22.740 [JavaFX Application Thread] DEBUG AssetLoaderService   - Loading from file system: /assets/textures/driver4.png
23:22:23.192 [JavaFX Application Thread] DEBUG AssetLoaderService   - Loading from file system: /assets/textures/pothole.png
23:22:24.039 [JavaFX Application Thread] DEBUG AssetLoaderService   - Loading from file system: /assets/textures/driver0.png
23:22:24.464 [JavaFX Application Thread] DEBUG AssetLoaderService   - Loading from file system: /assets/textures/cowmoosespriterunning.png
23:22:25.368 [JavaFX Application Thread] DEBUG AssetLoaderService   - Loading from file system: /assets/textures/coin.png
23:22:25.393 [JavaFX Application Thread] DEBUG AssetLoaderService   - Loading from cache: /assets/textures/driver1.png
23:22:26.303 [JavaFX Application Thread] DEBUG AssetLoaderService   - Loading from cache: /assets/textures/pothole.png
23:22:26.740 [JavaFX Application Thread] DEBUG AssetLoaderService   - Loading from cache: /assets/textures/driver4.png
23:22:27.235 [JavaFX Application Thread] DEBUG AssetLoaderService   - Loading from file system: /assets/sounds/coincollect.wav
23:22:27.257 [JavaFX Application Thread] DEBUG AssetLoaderService   - Loading from cache: /assets/music/8-Bit-Perplexion.mp3
23:22:27.257 [JavaFX Application Thread] DEBUG AssetLoaderService   - Loading from cache: /assets/music/Caffeine-Crazed-Coin-Op-Kids.mp3
23:22:27.257 [JavaFX Application Thread] DEBUG AudioPlayer          - Stopping music com.almasb.fxgl.audio.Music@12fa2b0f
23:22:27.258 [JavaFX Application Thread] DEBUG AudioPlayer          - Playing music com.almasb.fxgl.audio.Music@54e50869
23:22:27.259 [JavaFX Application Thread] DEBUG MainWindow           - Push state: DialogSubScene
23:22:27.259 [JavaFX Application Thread] DEBUG Input                - Clearing active input actions
23:22:27.266 [JavaFX Application Thread] DEBUG WindowService        - Removing overlay from GameScene and adding to DialogSubScene
23:22:27.266 [JavaFX Application Thread] DEBUG MainWindow           - GameScene -> DialogSubScene
23:22:27.266 [JavaFX Application Thread] DEBUG AssetLoaderService   - Loading from file system: /assets/sounds/carcrash.wav
23:22:38.988 [JavaFX Application Thread] DEBUG MainWindow           - Pop state: DialogSubScene
23:22:38.988 [JavaFX Application Thread] DEBUG Input                - Clearing active input actions
23:22:38.988 [JavaFX Application Thread] DEBUG WindowService        - Removing overlay from DialogSubScene and adding to GameScene
23:22:38.988 [JavaFX Application Thread] DEBUG MainWindow           - GameScene <- DialogSubScene
23:22:38.988 [JavaFX Application Thread] DEBUG Input                - Clearing active input actions
23:22:38.993 [JavaFX Application Thread] DEBUG WindowService        - Removing overlay from GameScene and adding to 
23:22:38.993 [JavaFX Application Thread] DEBUG MainWindow           - GameScene -> 
23:22:38.993 [JavaFX Application Thread] DEBUG MainWindow           - Push state: NewfoundlandRacerMainMenu
23:22:38.993 [JavaFX Application Thread] DEBUG Input                - Clearing active input actions
23:22:38.994 [JavaFX Application Thread] DEBUG WindowService        - Removing overlay from  and adding to NewfoundlandRacerMainMenu
23:22:38.994 [JavaFX Application Thread] DEBUG MainWindow           -  -> NewfoundlandRacerMainMenu
23:22:40.622 [JavaFX Application Thread] DEBUG GameApplication      - Exiting FXGL
23:22:40.623 [JavaFX Application Thread] DEBUG LoopRunner           - Stopping loop
23:22:40.623 [JavaFX Application Thread] DEBUG SystemBundleService  - Saving FXGL system data
23:22:40.624 [JavaFX Application Thread] DEBUG FileSystemAccess     - Writing to: E:\secondYear\Java\NewfoundlandRacer\system\fxgl.bundle
23:22:40.625 [JavaFX Application Thread] DEBUG GameApplication      - Shutting down background threads
23:22:40.625 [JavaFX Application Thread] DEBUG GameApplication      - Closing logger and exiting JavaFX
