12:20:33.650 [main                     ] DEBUG GameApplication      - Logger initialized
12:20:33.654 [main                     ] DEBUG GameApplication      - Logging settings
Title: Newfoundland Moose Collision
Version: 0.1
Width: 840
Height: 650
Fullscreen: false
Intro: false
Profiling: false
Single step:false
App Mode: DEVELOPER
Menu Key: ESCAPE
Stage Style: DECORATED
Scene Factory: class com.almasb.fxgl.app.scene.SceneFactory

12:20:34.030 [JavaFX Application Thread] DEBUG GameApplication      - Initializing FXGL
12:20:34.044 [JavaFX Application Thread] INFO  Engine               - FXGL-11.9 (27.05.2020 17.06) on WINDOWS (J:14.0.1 FX:13.0.2)
12:20:34.044 [JavaFX Application Thread] DEBUG Engine               - JRE Vendor Name: Oracle Corporation
12:20:34.044 [JavaFX Application Thread] DEBUG Engine               - Running on OS: Windows 10 version 10.0
12:20:34.044 [JavaFX Application Thread] DEBUG Engine               - Architecture: amd64
12:20:34.044 [JavaFX Application Thread] INFO  Engine               - Source code and latest versions at: https://github.com/AlmasB/FXGL
12:20:34.044 [JavaFX Application Thread] INFO  Engine               -              Join the FXGL chat at: https://gitter.im/AlmasB/FXGL
12:20:34.155 [JavaFX Application Thread] DEBUG MainWindow           - Creating a JavaFX scene
12:20:34.199 [JavaFX Application Thread] DEBUG MainWindow           - Target settings size: 840.0 x 650.0
12:20:34.199 [JavaFX Application Thread] DEBUG MainWindow           - Scaled scene size:    840.0 x 650.0
12:20:34.200 [JavaFX Application Thread] DEBUG MainWindow           - Scaled ratio: (1.0, 1.0)
12:20:34.201 [JavaFX Application Thread] DEBUG MainWindow           - Set initial scene to FXGLStartupScene
12:20:34.207 [JavaFX Application Thread] DEBUG MainWindow           - Opening main window
12:20:34.298 [JavaFX Application Thread] DEBUG MainWindow           - Window border size: (16.0, 39.0)
12:20:34.298 [JavaFX Application Thread] DEBUG MainWindow           - Scaled size: 840.0 x 650.0
12:20:34.298 [JavaFX Application Thread] DEBUG MainWindow           - Scaled ratio: (1.0, 1.0)
12:20:34.298 [JavaFX Application Thread] DEBUG MainWindow           - Scene size: 840.0 x 650.0
12:20:34.299 [JavaFX Application Thread] DEBUG MainWindow           - Stage size: 856.0 x 689.0
12:20:34.305 [FXGL Background Thread 1 ] DEBUG Engine               - Initializing environment variables
12:20:34.325 [FXGL Background Thread 1 ] DEBUG WindowService        - Applying CSS: fxgl_dark.css
12:20:34.326 [FXGL Background Thread 1 ] DEBUG AssetLoaderService   - Loading from file system: /assets/ui/css/fxgl_dark.css
12:20:34.358 [FXGL Background Thread 1 ] DEBUG WindowService        - Initializing application scenes
12:20:34.385 [FXGL Background Thread 1 ] DEBUG GameWorld            - Game world initialized
12:20:34.419 [FXGL Background Thread 1 ] DEBUG PhysicsWorld         - Physics world initialized: appHeight=650, physics.ppm=50.0
12:20:34.422 [FXGL Background Thread 1 ] DEBUG GameScene            - Game scene initialized: 840x650
12:20:34.446 [FXGL Background Thread 1 ] DEBUG AssetLoaderService   - Loading from file system: /assets/textures/particles/trace_horizontal.png
12:20:34.496 [FXGL Background Thread 1 ] DEBUG FXGL.DefaultMenu     - createMenuBodyGameMenu()
12:20:34.511 [FXGL Background Thread 1 ] DEBUG FXGL.DefaultMenu     - createOptionsMenu()
12:20:34.514 [FXGL Background Thread 1 ] DEBUG AssetLoaderService   - Loading from file system: /assets/textures/particles/smoke.png
12:20:34.566 [FXGL Background Thread 1 ] DEBUG WindowService        - Application scenes initialized
12:20:34.575 [FXGL Background Thread 1 ] DEBUG SystemBundleService  - Loading FXGL system data
12:20:34.579 [FXGL Background Thread 1 ] DEBUG FileSystemAccess     - Reading from: E:\secondYear\Java\NewfoundlandRacer\system\fxgl.bundle
12:20:34.583 [FXGL Background Thread 1 ] DEBUG SystemBundleService  - Bundle FXGL: {}
12:20:34.583 [FXGL Background Thread 1 ] INFO  Engine               - FXGL initialization took: 0.277 sec
12:20:34.585 [FXGL Background Thread 1 ] DEBUG GameApplication      - Loading localizations
12:20:34.586 [FXGL Background Thread 1 ] DEBUG AssetLoaderService   - Loading from file system: /assets/languages/english.lang
12:20:34.596 [FXGL Background Thread 1 ] DEBUG AssetLoaderService   - Loading from file system: /assets/languages/french.lang
12:20:34.598 [FXGL Background Thread 1 ] DEBUG AssetLoaderService   - Loading from file system: /assets/languages/german.lang
12:20:34.599 [FXGL Background Thread 1 ] DEBUG AssetLoaderService   - Loading from file system: /assets/languages/hungarian.lang
12:20:34.601 [FXGL Background Thread 1 ] DEBUG AssetLoaderService   - Loading from file system: /assets/languages/russian.lang
12:20:34.603 [FXGL Background Thread 1 ] DEBUG GameApplication      - Registering font factories with UI factory
12:20:34.603 [FXGL Background Thread 1 ] DEBUG AssetLoaderService   - Loading from file system: /assets/ui/fonts/VarelaRound-Regular.ttf
12:20:34.637 [FXGL Background Thread 1 ] DEBUG AssetLoaderService   - Loading from file system: /assets/ui/fonts/Abel-Regular.ttf
12:20:34.640 [FXGL Background Thread 1 ] DEBUG AssetLoaderService   - Loading from file system: /assets/ui/fonts/lucida_console.ttf
12:20:34.645 [FXGL Background Thread 1 ] DEBUG AssetLoaderService   - Loading from file system: /assets/ui/fonts/Courier-Prime.ttf
12:20:34.656 [JavaFX Application Thread] DEBUG Input                - Registered new binding: Move Right - D
12:20:34.656 [JavaFX Application Thread] DEBUG Input                - Registered new binding: Move Left - A
12:20:34.656 [JavaFX Application Thread] DEBUG Input                - Registered new binding: Move Up - W
12:20:34.656 [JavaFX Application Thread] DEBUG Input                - Registered new binding: Move Down - S
12:20:34.656 [JavaFX Application Thread] DEBUG AssetLoaderService   - Loading from file system: /assets/textures/fxgl_icon.png
12:20:34.670 [JavaFX Application Thread] DEBUG AssetLoaderService   - Loading from file system: /assets/ui/cursors/fxgl_default.png
12:20:34.672 [JavaFX Application Thread] DEBUG Input                - Registered new binding: Screenshot - P
12:20:34.672 [JavaFX Application Thread] DEBUG Input                - Registered new binding: System info dump - CTRL+9
12:20:34.673 [JavaFX Application Thread] DEBUG Input                - Registered new binding: Restart - CTRL+R
12:20:34.673 [JavaFX Application Thread] DEBUG LoopRunner           - Starting loop
12:20:34.693 [JavaFX Application Thread] DEBUG FXGLStartupScene     - STARTUP
12:20:34.694 [JavaFX Application Thread] DEBUG WindowService        - Starting new game
12:20:34.694 [JavaFX Application Thread] DEBUG Input                - Clearing active input actions
12:20:34.704 [JavaFX Application Thread] DEBUG WindowService        - Removing overlay from FXGLStartupScene and adding to FXGLLoadingScene
12:20:34.704 [JavaFX Application Thread] DEBUG MainWindow           - FXGLStartupScene -> FXGLLoadingScene
12:20:34.704 [JavaFX Application Thread] DEBUG WindowService        - Clearing previous game
12:20:34.704 [JavaFX Application Thread] DEBUG GameScene            - Clearing game scene
12:20:34.705 [JavaFX Application Thread] DEBUG GameWorld            - Clearing game world
12:20:34.705 [JavaFX Application Thread] DEBUG PhysicsWorld         - Clearing physics world
12:20:34.707 [FXGL Background Thread 1 ] DEBUG GameApplication      - Initializing game
12:20:34.716 [FXGL Background Thread 1 ] DEBUG AssetLoaderService   - Loading from file system: /assets/textures/4lanehighway.png
12:20:34.783 [FXGL Background Thread 1 ] DEBUG AssetLoaderService   - Loading from file system: /assets/textures/player.png
12:20:34.793 [FXGL Background Thread 1 ] DEBUG AssetLoaderService   - Loading from file system: /assets/textures/driver.png
12:20:34.797 [FXGL Background Thread 1 ] INFO  GameApplication      - Game initialization took: 0.090 sec
12:20:34.798 [JavaFX Application Thread] DEBUG Input                - Clearing active input actions
12:20:34.805 [JavaFX Application Thread] DEBUG WindowService        - Removing overlay from FXGLLoadingScene and adding to GameScene
12:20:34.805 [JavaFX Application Thread] DEBUG MainWindow           - FXGLLoadingScene -> GameScene
12:20:36.802 [JavaFX Application Thread] DEBUG AssetLoaderService   - Loading from cache: /assets/textures/driver.png
12:20:37.586 [FXGL Background Thread 2 ] DEBUG Engine               - Logging environment variables
12:20:37.586 [FXGL Background Thread 2 ] DEBUG Engine               - achievements: []
12:20:37.586 [FXGL Background Thread 2 ] DEBUG Engine               - appIcon: fxgl_icon.png
12:20:37.586 [FXGL Background Thread 2 ] DEBUG Engine               - applicationMode: DEVELOPER
12:20:37.586 [FXGL Background Thread 2 ] DEBUG Engine               - cSSList: [fxgl_dark.css]
12:20:37.586 [FXGL Background Thread 2 ] DEBUG Engine               - configClass: Optional.empty
12:20:37.586 [FXGL Background Thread 2 ] DEBUG Engine               - credits: []
12:20:37.587 [FXGL Background Thread 2 ] DEBUG Engine               - devBBoxColorProperty: ObjectProperty [value: 0xff0000ff]
12:20:37.587 [FXGL Background Thread 2 ] DEBUG Engine               - devSensorColorProperty: ObjectProperty [value: 0xffff00ff]
12:20:37.587 [FXGL Background Thread 2 ] DEBUG Engine               - devShowBBoxProperty: BooleanProperty [value: false]
12:20:37.587 [FXGL Background Thread 2 ] DEBUG Engine               - devShowPositionProperty: BooleanProperty [value: false]
12:20:37.587 [FXGL Background Thread 2 ] DEBUG Engine               - enabledMenuItems: []
12:20:37.587 [FXGL Background Thread 2 ] DEBUG Engine               - engineServices: [class com.almasb.fxgl.app.GameApplication$GameApplicationService, class com.almasb.fxgl.app.services.WindowService, class com.almasb.fxgl.app.services.FXGLDialogService, class com.almasb.fxgl.app.services.IOTaskExecutorService, class com.almasb.fxgl.event.EventBusService, class com.almasb.fxgl.io.FileSystemService, class com.almasb.fxgl.localization.LocalizationService, class com.almasb.fxgl.app.services.AssetLoaderService, class com.almasb.fxgl.app.services.SystemBundleService, class com.almasb.fxgl.profile.SaveLoadService, class com.almasb.fxgl.ui.FXGLUIFactoryServiceProvider, class com.almasb.fxgl.ui.FXGLDialogFactoryServiceProvider, class com.almasb.fxgl.audio.AudioPlayer, class com.almasb.fxgl.notification.impl.NotificationServiceProvider, class com.almasb.fxgl.achievement.AchievementService, class com.almasb.fxgl.cutscene.CutsceneService, class com.almasb.fxgl.minigames.MiniGameService, class com.almasb.fxgl.net.NetService, class com.almasb.fxgl.app.services.UpdaterService, class com.almasb.fxgl.dev.DevService]
12:20:37.587 [FXGL Background Thread 2 ] DEBUG Engine               - fontGame: Abel-Regular.ttf
12:20:37.587 [FXGL Background Thread 2 ] DEBUG Engine               - fontMono: lucida_console.ttf
12:20:37.587 [FXGL Background Thread 2 ] DEBUG Engine               - fontText: Courier-Prime.ttf
12:20:37.587 [FXGL Background Thread 2 ] DEBUG Engine               - fontUI: VarelaRound-Regular.ttf
12:20:37.588 [FXGL Background Thread 2 ] DEBUG Engine               - fullScreen: BooleanProperty [value: false]
12:20:37.588 [FXGL Background Thread 2 ] DEBUG Engine               - gameDifficulty: MEDIUM
12:20:37.588 [FXGL Background Thread 2 ] DEBUG Engine               - gameDifficultyProperty: ObjectProperty [value: MEDIUM]
12:20:37.588 [FXGL Background Thread 2 ] DEBUG Engine               - globalMusicVolume: 0.5
12:20:37.588 [FXGL Background Thread 2 ] DEBUG Engine               - globalMusicVolumeProperty: DoubleProperty [value: 0.5]
12:20:37.588 [FXGL Background Thread 2 ] DEBUG Engine               - globalSoundVolume: 0.5
12:20:37.588 [FXGL Background Thread 2 ] DEBUG Engine               - globalSoundVolumeProperty: DoubleProperty [value: 0.5]
12:20:37.588 [FXGL Background Thread 2 ] DEBUG Engine               - height: 650
12:20:37.588 [FXGL Background Thread 2 ] DEBUG Engine               - isAndroid: false
12:20:37.588 [FXGL Background Thread 2 ] DEBUG Engine               - isBrowser: false
12:20:37.588 [FXGL Background Thread 2 ] DEBUG Engine               - isClickFeedbackEnabled: false
12:20:37.589 [FXGL Background Thread 2 ] DEBUG Engine               - isCloseConfirmation: false
12:20:37.589 [FXGL Background Thread 2 ] DEBUG Engine               - isDesktop: true
12:20:37.589 [FXGL Background Thread 2 ] DEBUG Engine               - isDeveloperMenuEnabled: false
12:20:37.589 [FXGL Background Thread 2 ] DEBUG Engine               - isExperimentalNative: false
12:20:37.589 [FXGL Background Thread 2 ] DEBUG Engine               - isExperimentalTiledLargeMap: false
12:20:37.589 [FXGL Background Thread 2 ] DEBUG Engine               - isFullScreenAllowed: false
12:20:37.589 [FXGL Background Thread 2 ] DEBUG Engine               - isFullScreenFromStart: false
12:20:37.589 [FXGL Background Thread 2 ] DEBUG Engine               - isGameMenuEnabled: true
12:20:37.589 [FXGL Background Thread 2 ] DEBUG Engine               - isIOS: false
12:20:37.589 [FXGL Background Thread 2 ] DEBUG Engine               - isIntroEnabled: false
12:20:37.589 [FXGL Background Thread 2 ] DEBUG Engine               - isLinux: false
12:20:37.589 [FXGL Background Thread 2 ] DEBUG Engine               - isMac: false
12:20:37.589 [FXGL Background Thread 2 ] DEBUG Engine               - isMainMenuEnabled: false
12:20:37.589 [FXGL Background Thread 2 ] DEBUG Engine               - isManualResizeEnabled: false
12:20:37.589 [FXGL Background Thread 2 ] DEBUG Engine               - isMobile: false
12:20:37.589 [FXGL Background Thread 2 ] DEBUG Engine               - isPreserveResizeRatio: false
12:20:37.589 [FXGL Background Thread 2 ] DEBUG Engine               - isProfilingEnabled: false
12:20:37.590 [FXGL Background Thread 2 ] DEBUG Engine               - isSingleStep: false
12:20:37.590 [FXGL Background Thread 2 ] DEBUG Engine               - isUserProfileEnabled: false
12:20:37.590 [FXGL Background Thread 2 ] DEBUG Engine               - isWindows: true
12:20:37.590 [FXGL Background Thread 2 ] DEBUG Engine               - language: ObjectProperty [value: ENGLISH]
12:20:37.590 [FXGL Background Thread 2 ] DEBUG Engine               - mainWindow: com.almasb.fxgl.app.MainWindow@537b8cb8
12:20:37.590 [FXGL Background Thread 2 ] DEBUG Engine               - menuKey: ESCAPE
12:20:37.590 [FXGL Background Thread 2 ] DEBUG Engine               - notificationViewClass: class com.almasb.fxgl.notification.view.XboxNotificationView
12:20:37.590 [FXGL Background Thread 2 ] DEBUG Engine               - pixelsPerMeter: 50.0
12:20:37.590 [FXGL Background Thread 2 ] DEBUG Engine               - platform: WINDOWS
12:20:37.590 [FXGL Background Thread 2 ] DEBUG Engine               - profileDir: profiles/
12:20:37.590 [FXGL Background Thread 2 ] DEBUG Engine               - profileName: StringProperty [value: DEFAULT]
12:20:37.590 [FXGL Background Thread 2 ] DEBUG Engine               - randomSeed: -1
12:20:37.590 [FXGL Background Thread 2 ] DEBUG Engine               - runtimeInfo: RuntimeInfo(platform=WINDOWS, version=11.9, build=27.05.2020 17.06)
12:20:37.591 [FXGL Background Thread 2 ] DEBUG Engine               - saveFileExt: sav
12:20:37.591 [FXGL Background Thread 2 ] DEBUG Engine               - sceneFactory: com.almasb.fxgl.app.scene.SceneFactory@167918b3
12:20:37.591 [FXGL Background Thread 2 ] DEBUG Engine               - secondsIn24h: 60
12:20:37.591 [FXGL Background Thread 2 ] DEBUG Engine               - settings: Title: Newfoundland Moose Collision
Version: 0.1
Width: 840
Height: 650
Fullscreen: false
Intro: false
Profiling: false
Single step:false
App Mode: DEVELOPER
Menu Key: ESCAPE
Stage Style: DECORATED
Scene Factory: class com.almasb.fxgl.app.scene.SceneFactory

12:20:37.591 [FXGL Background Thread 2 ] DEBUG Engine               - soundMenuBack: menu/back.wav
12:20:37.591 [FXGL Background Thread 2 ] DEBUG Engine               - soundMenuPress: menu/press.wav
12:20:37.591 [FXGL Background Thread 2 ] DEBUG Engine               - soundMenuSelect: menu/select.wav
12:20:37.591 [FXGL Background Thread 2 ] DEBUG Engine               - soundNotification: core/notification.wav
12:20:37.591 [FXGL Background Thread 2 ] DEBUG Engine               - stageStyle: DECORATED
12:20:37.591 [FXGL Background Thread 2 ] DEBUG Engine               - supportedLanguages: [ENGLISH, FRENCH, GERMAN, HUNGARIAN, RUSSIAN]
12:20:37.591 [FXGL Background Thread 2 ] DEBUG Engine               - title: Newfoundland Moose Collision
12:20:37.591 [FXGL Background Thread 2 ] DEBUG Engine               - urlGithub: https://github.com/AlmasB/FXGL
12:20:37.591 [FXGL Background Thread 2 ] DEBUG Engine               - urlLeaderboard: http://fxgl-top.herokuapp.com/
12:20:37.591 [FXGL Background Thread 2 ] DEBUG Engine               - urlPOM: https://raw.githubusercontent.com/AlmasB/FXGL/master/pom.xml
12:20:37.591 [FXGL Background Thread 2 ] DEBUG Engine               - version: 0.1
12:20:37.591 [FXGL Background Thread 2 ] DEBUG Engine               - versionCheckDays: 7
12:20:37.591 [FXGL Background Thread 2 ] DEBUG Engine               - width: 840
12:20:37.591 [FXGL Background Thread 2 ] DEBUG Engine               - Logging services
12:20:37.592 [FXGL Background Thread 2 ] DEBUG Engine               - class com.almasb.fxgl.app.GameApplication$GameApplicationService
12:20:37.592 [FXGL Background Thread 2 ] DEBUG Engine               - class com.almasb.fxgl.app.services.WindowService
12:20:37.592 [FXGL Background Thread 2 ] DEBUG Engine               - class com.almasb.fxgl.app.services.FXGLDialogService
12:20:37.592 [FXGL Background Thread 2 ] DEBUG Engine               - class com.almasb.fxgl.app.services.IOTaskExecutorService
12:20:37.592 [FXGL Background Thread 2 ] DEBUG Engine               - class com.almasb.fxgl.event.EventBusService
12:20:37.592 [FXGL Background Thread 2 ] DEBUG Engine               - class com.almasb.fxgl.io.FileSystemService
12:20:37.592 [FXGL Background Thread 2 ] DEBUG Engine               - class com.almasb.fxgl.localization.LocalizationService
12:20:37.592 [FXGL Background Thread 2 ] DEBUG Engine               - class com.almasb.fxgl.app.services.AssetLoaderService
12:20:37.592 [FXGL Background Thread 2 ] DEBUG Engine               - class com.almasb.fxgl.app.services.SystemBundleService
12:20:37.592 [FXGL Background Thread 2 ] DEBUG Engine               - class com.almasb.fxgl.profile.SaveLoadService
12:20:37.592 [FXGL Background Thread 2 ] DEBUG Engine               - class com.almasb.fxgl.ui.FXGLUIFactoryServiceProvider
12:20:37.592 [FXGL Background Thread 2 ] DEBUG Engine               - class com.almasb.fxgl.ui.FXGLDialogFactoryServiceProvider
12:20:37.592 [FXGL Background Thread 2 ] DEBUG Engine               - class com.almasb.fxgl.audio.AudioPlayer
12:20:37.592 [FXGL Background Thread 2 ] DEBUG Engine               - class com.almasb.fxgl.notification.impl.NotificationServiceProvider
12:20:37.592 [FXGL Background Thread 2 ] DEBUG Engine               - class com.almasb.fxgl.achievement.AchievementService
12:20:37.592 [FXGL Background Thread 2 ] DEBUG Engine               - class com.almasb.fxgl.cutscene.CutsceneService
12:20:37.592 [FXGL Background Thread 2 ] DEBUG Engine               - class com.almasb.fxgl.minigames.MiniGameService
12:20:37.592 [FXGL Background Thread 2 ] DEBUG Engine               - class com.almasb.fxgl.net.NetService
12:20:37.592 [FXGL Background Thread 2 ] DEBUG Engine               - class com.almasb.fxgl.app.services.UpdaterService
12:20:37.592 [FXGL Background Thread 2 ] DEBUG Engine               - class com.almasb.fxgl.dev.DevService
12:20:38.818 [JavaFX Application Thread] DEBUG AssetLoaderService   - Loading from cache: /assets/textures/driver.png
12:20:40.834 [JavaFX Application Thread] DEBUG AssetLoaderService   - Loading from cache: /assets/textures/driver.png
12:20:42.850 [JavaFX Application Thread] DEBUG AssetLoaderService   - Loading from cache: /assets/textures/driver.png
12:20:44.850 [JavaFX Application Thread] DEBUG AssetLoaderService   - Loading from cache: /assets/textures/driver.png
12:20:46.850 [JavaFX Application Thread] DEBUG AssetLoaderService   - Loading from cache: /assets/textures/driver.png
12:20:48.850 [JavaFX Application Thread] DEBUG AssetLoaderService   - Loading from cache: /assets/textures/driver.png
12:20:50.850 [JavaFX Application Thread] DEBUG AssetLoaderService   - Loading from cache: /assets/textures/driver.png
12:20:52.867 [JavaFX Application Thread] DEBUG AssetLoaderService   - Loading from cache: /assets/textures/driver.png
12:20:54.883 [JavaFX Application Thread] DEBUG AssetLoaderService   - Loading from cache: /assets/textures/driver.png
12:20:56.283 [JavaFX Application Thread] DEBUG GameApplication      - Exiting FXGL
12:20:56.283 [JavaFX Application Thread] DEBUG LoopRunner           - Stopping loop
12:20:56.284 [JavaFX Application Thread] DEBUG SystemBundleService  - Saving FXGL system data
12:20:56.285 [JavaFX Application Thread] DEBUG FileSystemAccess     - Writing to: E:\secondYear\Java\NewfoundlandRacer\system\fxgl.bundle
12:20:56.286 [JavaFX Application Thread] DEBUG GameApplication      - Shutting down background threads
12:20:56.286 [JavaFX Application Thread] DEBUG GameApplication      - Closing logger and exiting JavaFX
