20:57:52.791 [main                     ] DEBUG GameApplication      - Logger initialized
20:57:52.796 [main                     ] DEBUG GameApplication      - Logging settings
Title: Newfoundland Moose Collision
Version: 0.1
Width: 700
Height: 500
Fullscreen: false
Intro: false
Profiling: false
Single step:false
App Mode: DEVELOPER
Menu Key: ESCAPE
Stage Style: DECORATED
Scene Factory: class com.almasb.fxgl.app.scene.SceneFactory

20:57:53.184 [JavaFX Application Thread] DEBUG GameApplication      - Initializing FXGL
20:57:53.197 [JavaFX Application Thread] INFO  Engine               - FXGL-11.9 (27.05.2020 17.06) on WINDOWS (J:14.0.1 FX:13.0.2)
20:57:53.198 [JavaFX Application Thread] DEBUG Engine               - JRE Vendor Name: Oracle Corporation
20:57:53.198 [JavaFX Application Thread] DEBUG Engine               - Running on OS: Windows 10 version 10.0
20:57:53.198 [JavaFX Application Thread] DEBUG Engine               - Architecture: amd64
20:57:53.198 [JavaFX Application Thread] INFO  Engine               - Source code and latest versions at: https://github.com/AlmasB/FXGL
20:57:53.198 [JavaFX Application Thread] INFO  Engine               -              Join the FXGL chat at: https://gitter.im/AlmasB/FXGL
20:57:53.311 [JavaFX Application Thread] DEBUG MainWindow           - Creating a JavaFX scene
20:57:53.355 [JavaFX Application Thread] DEBUG MainWindow           - Target settings size: 700.0 x 500.0
20:57:53.355 [JavaFX Application Thread] DEBUG MainWindow           - Scaled scene size:    700.0 x 500.0
20:57:53.355 [JavaFX Application Thread] DEBUG MainWindow           - Scaled ratio: (1.0, 1.0)
20:57:53.356 [JavaFX Application Thread] DEBUG MainWindow           - Set initial scene to FXGLStartupScene
20:57:53.363 [JavaFX Application Thread] DEBUG MainWindow           - Opening main window
20:57:53.442 [JavaFX Application Thread] DEBUG MainWindow           - Window border size: (16.0, 39.0)
20:57:53.442 [JavaFX Application Thread] DEBUG MainWindow           - Scaled size: 700.0 x 500.0
20:57:53.442 [JavaFX Application Thread] DEBUG MainWindow           - Scaled ratio: (1.0, 1.0)
20:57:53.442 [JavaFX Application Thread] DEBUG MainWindow           - Scene size: 700.0 x 500.0
20:57:53.442 [JavaFX Application Thread] DEBUG MainWindow           - Stage size: 716.0 x 539.0
20:57:53.448 [FXGL Background Thread 1 ] DEBUG Engine               - Initializing environment variables
20:57:53.467 [FXGL Background Thread 1 ] DEBUG WindowService        - Applying CSS: fxgl_dark.css
20:57:53.468 [FXGL Background Thread 1 ] DEBUG AssetLoaderService   - Loading from file system: /assets/ui/css/fxgl_dark.css
20:57:53.503 [FXGL Background Thread 1 ] DEBUG WindowService        - Initializing application scenes
20:57:53.532 [FXGL Background Thread 1 ] DEBUG GameWorld            - Game world initialized
20:57:53.565 [FXGL Background Thread 1 ] DEBUG PhysicsWorld         - Physics world initialized: appHeight=500, physics.ppm=50.0
20:57:53.566 [FXGL Background Thread 1 ] DEBUG GameScene            - Game scene initialized: 700x500
20:57:53.588 [FXGL Background Thread 1 ] DEBUG AssetLoaderService   - Loading from file system: /assets/textures/particles/trace_horizontal.png
20:57:53.645 [FXGL Background Thread 1 ] WARN  FXGL.DefaultMenu     - FXGLDefaultMenu is not designed for resolutions < 800x600
20:57:53.645 [FXGL Background Thread 1 ] DEBUG FXGL.DefaultMenu     - createMenuBodyGameMenu()
20:57:53.660 [FXGL Background Thread 1 ] DEBUG FXGL.DefaultMenu     - createOptionsMenu()
20:57:53.664 [FXGL Background Thread 1 ] DEBUG AssetLoaderService   - Loading from file system: /assets/textures/particles/smoke.png
20:57:53.704 [FXGL Background Thread 1 ] DEBUG WindowService        - Application scenes initialized
20:57:53.712 [FXGL Background Thread 1 ] DEBUG SystemBundleService  - Loading FXGL system data
20:57:53.716 [FXGL Background Thread 1 ] DEBUG FileSystemAccess     - Reading from: E:\secondYear\Java\NewfoundlandRacer\system\fxgl.bundle
20:57:53.720 [FXGL Background Thread 1 ] DEBUG SystemBundleService  - Bundle FXGL: {}
20:57:53.720 [FXGL Background Thread 1 ] INFO  Engine               - FXGL initialization took: 0.271 sec
20:57:53.722 [FXGL Background Thread 1 ] DEBUG GameApplication      - Loading localizations
20:57:53.722 [FXGL Background Thread 1 ] DEBUG AssetLoaderService   - Loading from file system: /assets/languages/english.lang
20:57:53.729 [FXGL Background Thread 1 ] DEBUG AssetLoaderService   - Loading from file system: /assets/languages/french.lang
20:57:53.731 [FXGL Background Thread 1 ] DEBUG AssetLoaderService   - Loading from file system: /assets/languages/german.lang
20:57:53.733 [FXGL Background Thread 1 ] DEBUG AssetLoaderService   - Loading from file system: /assets/languages/hungarian.lang
20:57:53.736 [FXGL Background Thread 1 ] DEBUG AssetLoaderService   - Loading from file system: /assets/languages/russian.lang
20:57:53.738 [FXGL Background Thread 1 ] DEBUG GameApplication      - Registering font factories with UI factory
20:57:53.738 [FXGL Background Thread 1 ] DEBUG AssetLoaderService   - Loading from file system: /assets/ui/fonts/VarelaRound-Regular.ttf
20:57:53.769 [FXGL Background Thread 1 ] DEBUG AssetLoaderService   - Loading from file system: /assets/ui/fonts/Abel-Regular.ttf
20:57:53.772 [FXGL Background Thread 1 ] DEBUG AssetLoaderService   - Loading from file system: /assets/ui/fonts/lucida_console.ttf
20:57:53.775 [FXGL Background Thread 1 ] DEBUG AssetLoaderService   - Loading from file system: /assets/ui/fonts/Courier-Prime.ttf
20:57:53.785 [JavaFX Application Thread] DEBUG Input                - Registered new binding: Move Right - D
20:57:53.785 [JavaFX Application Thread] DEBUG Input                - Registered new binding: Move Left - A
20:57:53.785 [JavaFX Application Thread] DEBUG Input                - Registered new binding: Move Up - W
20:57:53.785 [JavaFX Application Thread] DEBUG Input                - Registered new binding: Move Down - S
20:57:53.785 [JavaFX Application Thread] DEBUG AssetLoaderService   - Loading from file system: /assets/textures/fxgl_icon.png
20:57:53.801 [JavaFX Application Thread] DEBUG AssetLoaderService   - Loading from file system: /assets/ui/cursors/fxgl_default.png
20:57:53.804 [JavaFX Application Thread] DEBUG Input                - Registered new binding: Screenshot - P
20:57:53.804 [JavaFX Application Thread] DEBUG Input                - Registered new binding: System info dump - CTRL+9
20:57:53.805 [JavaFX Application Thread] DEBUG Input                - Registered new binding: Restart - CTRL+R
20:57:53.806 [JavaFX Application Thread] DEBUG LoopRunner           - Starting loop
20:57:53.817 [JavaFX Application Thread] DEBUG FXGLStartupScene     - STARTUP
20:57:53.817 [JavaFX Application Thread] DEBUG WindowService        - Starting new game
20:57:53.817 [JavaFX Application Thread] DEBUG Input                - Clearing active input actions
20:57:53.826 [JavaFX Application Thread] DEBUG WindowService        - Removing overlay from FXGLStartupScene and adding to FXGLLoadingScene
20:57:53.826 [JavaFX Application Thread] DEBUG MainWindow           - FXGLStartupScene -> FXGLLoadingScene
20:57:53.826 [JavaFX Application Thread] DEBUG WindowService        - Clearing previous game
20:57:53.826 [JavaFX Application Thread] DEBUG GameScene            - Clearing game scene
20:57:53.826 [JavaFX Application Thread] DEBUG GameWorld            - Clearing game world
20:57:53.826 [JavaFX Application Thread] DEBUG PhysicsWorld         - Clearing physics world
20:57:53.827 [FXGL Background Thread 1 ] DEBUG GameApplication      - Initializing game
20:57:53.832 [FXGL Background Thread 1 ] DEBUG AssetLoaderService   - Loading from file system: /assets/textures/topdownroad.jpg
20:57:53.842 [FXGL Background Thread 1 ] DEBUG AssetLoaderService   - Loading from file system: /assets/textures/player.png
20:57:53.852 [FXGL Background Thread 1 ] INFO  GameApplication      - Game initialization took: 0.025 sec
20:57:53.856 [JavaFX Application Thread] DEBUG Input                - Clearing active input actions
20:57:53.864 [JavaFX Application Thread] DEBUG WindowService        - Removing overlay from FXGLLoadingScene and adding to GameScene
20:57:53.865 [JavaFX Application Thread] DEBUG MainWindow           - FXGLLoadingScene -> GameScene
20:57:55.845 [JavaFX Application Thread] DEBUG AssetLoaderService   - Loading from file system: /assets/textures/driver.png
20:57:56.722 [FXGL Background Thread 2 ] DEBUG Engine               - Logging environment variables
20:57:56.723 [FXGL Background Thread 2 ] DEBUG Engine               - achievements: []
20:57:56.723 [FXGL Background Thread 2 ] DEBUG Engine               - appIcon: fxgl_icon.png
20:57:56.724 [FXGL Background Thread 2 ] DEBUG Engine               - applicationMode: DEVELOPER
20:57:56.724 [FXGL Background Thread 2 ] DEBUG Engine               - cSSList: [fxgl_dark.css]
20:57:56.724 [FXGL Background Thread 2 ] DEBUG Engine               - configClass: Optional.empty
20:57:56.724 [FXGL Background Thread 2 ] DEBUG Engine               - credits: []
20:57:56.725 [FXGL Background Thread 2 ] DEBUG Engine               - devBBoxColorProperty: ObjectProperty [value: 0xff0000ff]
20:57:56.726 [FXGL Background Thread 2 ] DEBUG Engine               - devSensorColorProperty: ObjectProperty [value: 0xffff00ff]
20:57:56.726 [FXGL Background Thread 2 ] DEBUG Engine               - devShowBBoxProperty: BooleanProperty [value: false]
20:57:56.726 [FXGL Background Thread 2 ] DEBUG Engine               - devShowPositionProperty: BooleanProperty [value: false]
20:57:56.727 [FXGL Background Thread 2 ] DEBUG Engine               - enabledMenuItems: []
20:57:56.727 [FXGL Background Thread 2 ] DEBUG Engine               - engineServices: [class com.almasb.fxgl.app.GameApplication$GameApplicationService, class com.almasb.fxgl.app.services.WindowService, class com.almasb.fxgl.app.services.FXGLDialogService, class com.almasb.fxgl.app.services.IOTaskExecutorService, class com.almasb.fxgl.event.EventBusService, class com.almasb.fxgl.io.FileSystemService, class com.almasb.fxgl.localization.LocalizationService, class com.almasb.fxgl.app.services.AssetLoaderService, class com.almasb.fxgl.app.services.SystemBundleService, class com.almasb.fxgl.profile.SaveLoadService, class com.almasb.fxgl.ui.FXGLUIFactoryServiceProvider, class com.almasb.fxgl.ui.FXGLDialogFactoryServiceProvider, class com.almasb.fxgl.audio.AudioPlayer, class com.almasb.fxgl.notification.impl.NotificationServiceProvider, class com.almasb.fxgl.achievement.AchievementService, class com.almasb.fxgl.cutscene.CutsceneService, class com.almasb.fxgl.minigames.MiniGameService, class com.almasb.fxgl.net.NetService, class com.almasb.fxgl.app.services.UpdaterService, class com.almasb.fxgl.dev.DevService]
20:57:56.728 [FXGL Background Thread 2 ] DEBUG Engine               - fontGame: Abel-Regular.ttf
20:57:56.728 [FXGL Background Thread 2 ] DEBUG Engine               - fontMono: lucida_console.ttf
20:57:56.728 [FXGL Background Thread 2 ] DEBUG Engine               - fontText: Courier-Prime.ttf
20:57:56.728 [FXGL Background Thread 2 ] DEBUG Engine               - fontUI: VarelaRound-Regular.ttf
20:57:56.729 [FXGL Background Thread 2 ] DEBUG Engine               - fullScreen: BooleanProperty [value: false]
20:57:56.729 [FXGL Background Thread 2 ] DEBUG Engine               - gameDifficulty: MEDIUM
20:57:56.729 [FXGL Background Thread 2 ] DEBUG Engine               - gameDifficultyProperty: ObjectProperty [value: MEDIUM]
20:57:56.729 [FXGL Background Thread 2 ] DEBUG Engine               - globalMusicVolume: 0.5
20:57:56.730 [FXGL Background Thread 2 ] DEBUG Engine               - globalMusicVolumeProperty: DoubleProperty [value: 0.5]
20:57:56.730 [FXGL Background Thread 2 ] DEBUG Engine               - globalSoundVolume: 0.5
20:57:56.730 [FXGL Background Thread 2 ] DEBUG Engine               - globalSoundVolumeProperty: DoubleProperty [value: 0.5]
20:57:56.731 [FXGL Background Thread 2 ] DEBUG Engine               - height: 500
20:57:56.731 [FXGL Background Thread 2 ] DEBUG Engine               - isAndroid: false
20:57:56.732 [FXGL Background Thread 2 ] DEBUG Engine               - isBrowser: false
20:57:56.732 [FXGL Background Thread 2 ] DEBUG Engine               - isClickFeedbackEnabled: false
20:57:56.732 [FXGL Background Thread 2 ] DEBUG Engine               - isCloseConfirmation: false
20:57:56.732 [FXGL Background Thread 2 ] DEBUG Engine               - isDesktop: true
20:57:56.733 [FXGL Background Thread 2 ] DEBUG Engine               - isDeveloperMenuEnabled: false
20:57:56.733 [FXGL Background Thread 2 ] DEBUG Engine               - isExperimentalNative: false
20:57:56.733 [FXGL Background Thread 2 ] DEBUG Engine               - isExperimentalTiledLargeMap: false
20:57:56.733 [FXGL Background Thread 2 ] DEBUG Engine               - isFullScreenAllowed: false
20:57:56.734 [FXGL Background Thread 2 ] DEBUG Engine               - isFullScreenFromStart: false
20:57:56.734 [FXGL Background Thread 2 ] DEBUG Engine               - isGameMenuEnabled: true
20:57:56.735 [FXGL Background Thread 2 ] DEBUG Engine               - isIOS: false
20:57:56.735 [FXGL Background Thread 2 ] DEBUG Engine               - isIntroEnabled: false
20:57:56.735 [FXGL Background Thread 2 ] DEBUG Engine               - isLinux: false
20:57:56.735 [FXGL Background Thread 2 ] DEBUG Engine               - isMac: false
20:57:56.736 [FXGL Background Thread 2 ] DEBUG Engine               - isMainMenuEnabled: false
20:57:56.736 [FXGL Background Thread 2 ] DEBUG Engine               - isManualResizeEnabled: false
20:57:56.736 [FXGL Background Thread 2 ] DEBUG Engine               - isMobile: false
20:57:56.736 [FXGL Background Thread 2 ] DEBUG Engine               - isPreserveResizeRatio: false
20:57:56.737 [FXGL Background Thread 2 ] DEBUG Engine               - isProfilingEnabled: false
20:57:56.737 [FXGL Background Thread 2 ] DEBUG Engine               - isSingleStep: false
20:57:56.737 [FXGL Background Thread 2 ] DEBUG Engine               - isUserProfileEnabled: false
20:57:56.737 [FXGL Background Thread 2 ] DEBUG Engine               - isWindows: true
20:57:56.737 [FXGL Background Thread 2 ] DEBUG Engine               - language: ObjectProperty [value: ENGLISH]
20:57:56.738 [FXGL Background Thread 2 ] DEBUG Engine               - mainWindow: com.almasb.fxgl.app.MainWindow@4e5a9e7b
20:57:56.738 [FXGL Background Thread 2 ] DEBUG Engine               - menuKey: ESCAPE
20:57:56.738 [FXGL Background Thread 2 ] DEBUG Engine               - notificationViewClass: class com.almasb.fxgl.notification.view.XboxNotificationView
20:57:56.738 [FXGL Background Thread 2 ] DEBUG Engine               - pixelsPerMeter: 50.0
20:57:56.739 [FXGL Background Thread 2 ] DEBUG Engine               - platform: WINDOWS
20:57:56.739 [FXGL Background Thread 2 ] DEBUG Engine               - profileDir: profiles/
20:57:56.739 [FXGL Background Thread 2 ] DEBUG Engine               - profileName: StringProperty [value: DEFAULT]
20:57:56.739 [FXGL Background Thread 2 ] DEBUG Engine               - randomSeed: -1
20:57:56.739 [FXGL Background Thread 2 ] DEBUG Engine               - runtimeInfo: RuntimeInfo(platform=WINDOWS, version=11.9, build=27.05.2020 17.06)
20:57:56.739 [FXGL Background Thread 2 ] DEBUG Engine               - saveFileExt: sav
20:57:56.740 [FXGL Background Thread 2 ] DEBUG Engine               - sceneFactory: com.almasb.fxgl.app.scene.SceneFactory@b5809d4
20:57:56.740 [FXGL Background Thread 2 ] DEBUG Engine               - secondsIn24h: 60
20:57:56.740 [FXGL Background Thread 2 ] DEBUG Engine               - settings: Title: Newfoundland Moose Collision
Version: 0.1
Width: 700
Height: 500
Fullscreen: false
Intro: false
Profiling: false
Single step:false
App Mode: DEVELOPER
Menu Key: ESCAPE
Stage Style: DECORATED
Scene Factory: class com.almasb.fxgl.app.scene.SceneFactory

20:57:56.740 [FXGL Background Thread 2 ] DEBUG Engine               - soundMenuBack: menu/back.wav
20:57:56.740 [FXGL Background Thread 2 ] DEBUG Engine               - soundMenuPress: menu/press.wav
20:57:56.740 [FXGL Background Thread 2 ] DEBUG Engine               - soundMenuSelect: menu/select.wav
20:57:56.741 [FXGL Background Thread 2 ] DEBUG Engine               - soundNotification: core/notification.wav
20:57:56.741 [FXGL Background Thread 2 ] DEBUG Engine               - stageStyle: DECORATED
20:57:56.741 [FXGL Background Thread 2 ] DEBUG Engine               - supportedLanguages: [ENGLISH, FRENCH, GERMAN, HUNGARIAN, RUSSIAN]
20:57:56.741 [FXGL Background Thread 2 ] DEBUG Engine               - title: Newfoundland Moose Collision
20:57:56.741 [FXGL Background Thread 2 ] DEBUG Engine               - urlGithub: https://github.com/AlmasB/FXGL
20:57:56.741 [FXGL Background Thread 2 ] DEBUG Engine               - urlLeaderboard: http://fxgl-top.herokuapp.com/
20:57:56.741 [FXGL Background Thread 2 ] DEBUG Engine               - urlPOM: https://raw.githubusercontent.com/AlmasB/FXGL/master/pom.xml
20:57:56.741 [FXGL Background Thread 2 ] DEBUG Engine               - version: 0.1
20:57:56.741 [FXGL Background Thread 2 ] DEBUG Engine               - versionCheckDays: 7
20:57:56.742 [FXGL Background Thread 2 ] DEBUG Engine               - width: 700
20:57:56.742 [FXGL Background Thread 2 ] DEBUG Engine               - Logging services
20:57:56.742 [FXGL Background Thread 2 ] DEBUG Engine               - class com.almasb.fxgl.app.GameApplication$GameApplicationService
20:57:56.742 [FXGL Background Thread 2 ] DEBUG Engine               - class com.almasb.fxgl.app.services.WindowService
20:57:56.742 [FXGL Background Thread 2 ] DEBUG Engine               - class com.almasb.fxgl.app.services.FXGLDialogService
20:57:56.742 [FXGL Background Thread 2 ] DEBUG Engine               - class com.almasb.fxgl.app.services.IOTaskExecutorService
20:57:56.742 [FXGL Background Thread 2 ] DEBUG Engine               - class com.almasb.fxgl.event.EventBusService
20:57:56.742 [FXGL Background Thread 2 ] DEBUG Engine               - class com.almasb.fxgl.io.FileSystemService
20:57:56.743 [FXGL Background Thread 2 ] DEBUG Engine               - class com.almasb.fxgl.localization.LocalizationService
20:57:56.743 [FXGL Background Thread 2 ] DEBUG Engine               - class com.almasb.fxgl.app.services.AssetLoaderService
20:57:56.743 [FXGL Background Thread 2 ] DEBUG Engine               - class com.almasb.fxgl.app.services.SystemBundleService
20:57:56.743 [FXGL Background Thread 2 ] DEBUG Engine               - class com.almasb.fxgl.profile.SaveLoadService
20:57:56.743 [FXGL Background Thread 2 ] DEBUG Engine               - class com.almasb.fxgl.ui.FXGLUIFactoryServiceProvider
20:57:56.743 [FXGL Background Thread 2 ] DEBUG Engine               - class com.almasb.fxgl.ui.FXGLDialogFactoryServiceProvider
20:57:56.743 [FXGL Background Thread 2 ] DEBUG Engine               - class com.almasb.fxgl.audio.AudioPlayer
20:57:56.743 [FXGL Background Thread 2 ] DEBUG Engine               - class com.almasb.fxgl.notification.impl.NotificationServiceProvider
20:57:56.743 [FXGL Background Thread 2 ] DEBUG Engine               - class com.almasb.fxgl.achievement.AchievementService
20:57:56.744 [FXGL Background Thread 2 ] DEBUG Engine               - class com.almasb.fxgl.cutscene.CutsceneService
20:57:56.744 [FXGL Background Thread 2 ] DEBUG Engine               - class com.almasb.fxgl.minigames.MiniGameService
20:57:56.744 [FXGL Background Thread 2 ] DEBUG Engine               - class com.almasb.fxgl.net.NetService
20:57:56.744 [FXGL Background Thread 2 ] DEBUG Engine               - class com.almasb.fxgl.app.services.UpdaterService
20:57:56.744 [FXGL Background Thread 2 ] DEBUG Engine               - class com.almasb.fxgl.dev.DevService
20:57:57.862 [JavaFX Application Thread] DEBUG AssetLoaderService   - Loading from cache: /assets/textures/driver.png
20:57:59.877 [JavaFX Application Thread] DEBUG AssetLoaderService   - Loading from cache: /assets/textures/driver.png
20:58:01.834 [JavaFX Application Thread] DEBUG GameApplication      - Exiting FXGL
20:58:01.835 [JavaFX Application Thread] DEBUG LoopRunner           - Stopping loop
20:58:01.835 [JavaFX Application Thread] DEBUG SystemBundleService  - Saving FXGL system data
20:58:01.836 [JavaFX Application Thread] DEBUG FileSystemAccess     - Writing to: E:\secondYear\Java\NewfoundlandRacer\system\fxgl.bundle
20:58:01.837 [JavaFX Application Thread] DEBUG GameApplication      - Shutting down background threads
20:58:01.837 [JavaFX Application Thread] DEBUG GameApplication      - Closing logger and exiting JavaFX
