22:24:08.180 [main                     ] DEBUG GameApplication      - Logger initialized
22:24:08.184 [main                     ] DEBUG GameApplication      - Logging settings
Title: Newfoundland Moose Collision
Version: 0.1
Width: 840
Height: 650
Fullscreen: false
Intro: false
Profiling: false
Single step:false
App Mode: DEVELOPER
Menu Key: ESCAPE
Stage Style: DECORATED
Scene Factory: class com.almasb.fxgl.app.scene.SceneFactory

22:24:08.584 [JavaFX Application Thread] DEBUG GameApplication      - Initializing FXGL
22:24:08.599 [JavaFX Application Thread] INFO  Engine               - FXGL-11.9 (27.05.2020 17.06) on WINDOWS (J:14.0.1 FX:13.0.2)
22:24:08.599 [JavaFX Application Thread] DEBUG Engine               - JRE Vendor Name: Oracle Corporation
22:24:08.599 [JavaFX Application Thread] DEBUG Engine               - Running on OS: Windows 10 version 10.0
22:24:08.599 [JavaFX Application Thread] DEBUG Engine               - Architecture: amd64
22:24:08.600 [JavaFX Application Thread] INFO  Engine               - Source code and latest versions at: https://github.com/AlmasB/FXGL
22:24:08.600 [JavaFX Application Thread] INFO  Engine               -              Join the FXGL chat at: https://gitter.im/AlmasB/FXGL
22:24:08.719 [JavaFX Application Thread] DEBUG MainWindow           - Creating a JavaFX scene
22:24:08.764 [JavaFX Application Thread] DEBUG MainWindow           - Target settings size: 840.0 x 650.0
22:24:08.764 [JavaFX Application Thread] DEBUG MainWindow           - Scaled scene size:    840.0 x 650.0
22:24:08.764 [JavaFX Application Thread] DEBUG MainWindow           - Scaled ratio: (1.0, 1.0)
22:24:08.765 [JavaFX Application Thread] DEBUG MainWindow           - Set initial scene to FXGLStartupScene
22:24:08.772 [JavaFX Application Thread] DEBUG MainWindow           - Opening main window
22:24:08.854 [JavaFX Application Thread] DEBUG MainWindow           - Window border size: (16.0, 39.0)
22:24:08.854 [JavaFX Application Thread] DEBUG MainWindow           - Scaled size: 840.0 x 650.0
22:24:08.854 [JavaFX Application Thread] DEBUG MainWindow           - Scaled ratio: (1.0, 1.0)
22:24:08.854 [JavaFX Application Thread] DEBUG MainWindow           - Scene size: 840.0 x 650.0
22:24:08.854 [JavaFX Application Thread] DEBUG MainWindow           - Stage size: 856.0 x 689.0
22:24:08.860 [FXGL Background Thread 1 ] DEBUG Engine               - Initializing environment variables
22:24:08.880 [FXGL Background Thread 1 ] DEBUG WindowService        - Applying CSS: fxgl_dark.css
22:24:08.880 [FXGL Background Thread 1 ] DEBUG AssetLoaderService   - Loading from file system: /assets/ui/css/fxgl_dark.css
22:24:08.915 [FXGL Background Thread 1 ] DEBUG WindowService        - Initializing application scenes
22:24:08.942 [FXGL Background Thread 1 ] DEBUG GameWorld            - Game world initialized
22:24:08.979 [FXGL Background Thread 1 ] DEBUG PhysicsWorld         - Physics world initialized: appHeight=650, physics.ppm=50.0
22:24:08.980 [FXGL Background Thread 1 ] DEBUG GameScene            - Game scene initialized: 840x650
22:24:09.007 [FXGL Background Thread 1 ] DEBUG AssetLoaderService   - Loading from file system: /assets/textures/particles/trace_horizontal.png
22:24:09.054 [FXGL Background Thread 1 ] DEBUG FXGL.DefaultMenu     - createMenuBodyGameMenu()
22:24:09.070 [FXGL Background Thread 1 ] DEBUG FXGL.DefaultMenu     - createOptionsMenu()
22:24:09.073 [FXGL Background Thread 1 ] DEBUG AssetLoaderService   - Loading from file system: /assets/textures/particles/smoke.png
22:24:09.119 [FXGL Background Thread 1 ] DEBUG WindowService        - Application scenes initialized
22:24:09.129 [FXGL Background Thread 1 ] DEBUG SystemBundleService  - Loading FXGL system data
22:24:09.133 [FXGL Background Thread 1 ] DEBUG FileSystemAccess     - Reading from: E:\secondYear\Java\NewfoundlandRacer\system\fxgl.bundle
22:24:09.137 [FXGL Background Thread 1 ] DEBUG SystemBundleService  - Bundle FXGL: {}
22:24:09.137 [FXGL Background Thread 1 ] INFO  Engine               - FXGL initialization took: 0.275 sec
22:24:09.138 [FXGL Background Thread 1 ] DEBUG GameApplication      - Loading localizations
22:24:09.139 [FXGL Background Thread 1 ] DEBUG AssetLoaderService   - Loading from file system: /assets/languages/english.lang
22:24:09.148 [FXGL Background Thread 1 ] DEBUG AssetLoaderService   - Loading from file system: /assets/languages/french.lang
22:24:09.149 [FXGL Background Thread 1 ] DEBUG AssetLoaderService   - Loading from file system: /assets/languages/german.lang
22:24:09.151 [FXGL Background Thread 1 ] DEBUG AssetLoaderService   - Loading from file system: /assets/languages/hungarian.lang
22:24:09.154 [FXGL Background Thread 1 ] DEBUG AssetLoaderService   - Loading from file system: /assets/languages/russian.lang
22:24:09.156 [FXGL Background Thread 1 ] DEBUG GameApplication      - Registering font factories with UI factory
22:24:09.156 [FXGL Background Thread 1 ] DEBUG AssetLoaderService   - Loading from file system: /assets/ui/fonts/VarelaRound-Regular.ttf
22:24:09.191 [FXGL Background Thread 1 ] DEBUG AssetLoaderService   - Loading from file system: /assets/ui/fonts/Abel-Regular.ttf
22:24:09.194 [FXGL Background Thread 1 ] DEBUG AssetLoaderService   - Loading from file system: /assets/ui/fonts/lucida_console.ttf
22:24:09.198 [FXGL Background Thread 1 ] DEBUG AssetLoaderService   - Loading from file system: /assets/ui/fonts/Courier-Prime.ttf
22:24:09.207 [JavaFX Application Thread] DEBUG Input                - Registered new binding: Move Right - D
22:24:09.208 [JavaFX Application Thread] DEBUG Input                - Registered new binding: Move Left - A
22:24:09.208 [JavaFX Application Thread] DEBUG Input                - Registered new binding: Move Up - W
22:24:09.208 [JavaFX Application Thread] DEBUG Input                - Registered new binding: Move Down - S
22:24:09.208 [JavaFX Application Thread] DEBUG AssetLoaderService   - Loading from file system: /assets/textures/fxgl_icon.png
22:24:09.229 [JavaFX Application Thread] DEBUG AssetLoaderService   - Loading from file system: /assets/ui/cursors/fxgl_default.png
22:24:09.230 [JavaFX Application Thread] DEBUG Input                - Registered new binding: Screenshot - P
22:24:09.231 [JavaFX Application Thread] DEBUG Input                - Registered new binding: System info dump - CTRL+9
22:24:09.231 [JavaFX Application Thread] DEBUG Input                - Registered new binding: Restart - CTRL+R
22:24:09.232 [JavaFX Application Thread] DEBUG LoopRunner           - Starting loop
22:24:09.246 [JavaFX Application Thread] DEBUG FXGLStartupScene     - STARTUP
22:24:09.246 [JavaFX Application Thread] DEBUG WindowService        - Starting new game
22:24:09.246 [JavaFX Application Thread] DEBUG Input                - Clearing active input actions
22:24:09.255 [JavaFX Application Thread] DEBUG WindowService        - Removing overlay from FXGLStartupScene and adding to FXGLLoadingScene
22:24:09.255 [JavaFX Application Thread] DEBUG MainWindow           - FXGLStartupScene -> FXGLLoadingScene
22:24:09.255 [JavaFX Application Thread] DEBUG WindowService        - Clearing previous game
22:24:09.255 [JavaFX Application Thread] DEBUG GameScene            - Clearing game scene
22:24:09.255 [JavaFX Application Thread] DEBUG GameWorld            - Clearing game world
22:24:09.255 [JavaFX Application Thread] DEBUG PhysicsWorld         - Clearing physics world
22:24:09.256 [FXGL Background Thread 1 ] DEBUG GameApplication      - Initializing game
22:24:09.263 [FXGL Background Thread 1 ] DEBUG AssetLoaderService   - Loading from file system: /assets/textures/4lanehighway.png
22:24:09.343 [FXGL Background Thread 1 ] DEBUG AssetLoaderService   - Loading from file system: /assets/textures/player.png
22:24:09.362 [FXGL Background Thread 1 ] INFO  GameApplication      - Game initialization took: 0.105 sec
22:24:09.362 [JavaFX Application Thread] DEBUG Input                - Clearing active input actions
22:24:09.368 [JavaFX Application Thread] DEBUG WindowService        - Removing overlay from FXGLLoadingScene and adding to GameScene
22:24:09.368 [JavaFX Application Thread] DEBUG MainWindow           - FXGLLoadingScene -> GameScene
22:24:09.419 [JavaFX Application Thread] DEBUG AssetLoaderService   - Loading from file system: /assets/textures/driver.png
22:24:09.467 [JavaFX Application Thread] DEBUG AssetLoaderService   - Loading from cache: /assets/textures/driver.png
22:24:09.547 [JavaFX Application Thread] DEBUG AssetLoaderService   - Loading from cache: /assets/textures/driver.png
22:24:09.644 [JavaFX Application Thread] DEBUG AssetLoaderService   - Loading from cache: /assets/textures/driver.png
22:24:09.723 [JavaFX Application Thread] DEBUG AssetLoaderService   - Loading from cache: /assets/textures/driver.png
22:24:09.802 [JavaFX Application Thread] DEBUG AssetLoaderService   - Loading from cache: /assets/textures/driver.png
22:24:09.883 [JavaFX Application Thread] DEBUG AssetLoaderService   - Loading from cache: /assets/textures/driver.png
22:24:09.963 [JavaFX Application Thread] DEBUG AssetLoaderService   - Loading from cache: /assets/textures/driver.png
22:24:10.058 [JavaFX Application Thread] DEBUG AssetLoaderService   - Loading from cache: /assets/textures/driver.png
22:24:10.138 [JavaFX Application Thread] DEBUG AssetLoaderService   - Loading from cache: /assets/textures/driver.png
22:24:10.218 [JavaFX Application Thread] DEBUG AssetLoaderService   - Loading from cache: /assets/textures/driver.png
22:24:10.298 [JavaFX Application Thread] DEBUG AssetLoaderService   - Loading from cache: /assets/textures/driver.png
22:24:10.379 [JavaFX Application Thread] DEBUG AssetLoaderService   - Loading from cache: /assets/textures/driver.png
22:24:10.476 [JavaFX Application Thread] DEBUG AssetLoaderService   - Loading from cache: /assets/textures/driver.png
22:24:10.555 [JavaFX Application Thread] DEBUG AssetLoaderService   - Loading from cache: /assets/textures/driver.png
22:24:10.635 [JavaFX Application Thread] DEBUG AssetLoaderService   - Loading from cache: /assets/textures/driver.png
22:24:10.714 [JavaFX Application Thread] DEBUG AssetLoaderService   - Loading from cache: /assets/textures/driver.png
22:24:10.795 [JavaFX Application Thread] DEBUG AssetLoaderService   - Loading from cache: /assets/textures/driver.png
22:24:10.890 [JavaFX Application Thread] DEBUG AssetLoaderService   - Loading from cache: /assets/textures/driver.png
22:24:10.971 [JavaFX Application Thread] DEBUG AssetLoaderService   - Loading from cache: /assets/textures/driver.png
22:24:11.051 [JavaFX Application Thread] DEBUG AssetLoaderService   - Loading from cache: /assets/textures/driver.png
22:24:11.131 [JavaFX Application Thread] DEBUG AssetLoaderService   - Loading from cache: /assets/textures/driver.png
22:24:11.210 [JavaFX Application Thread] DEBUG AssetLoaderService   - Loading from cache: /assets/textures/driver.png
22:24:11.307 [JavaFX Application Thread] DEBUG AssetLoaderService   - Loading from cache: /assets/textures/driver.png
22:24:11.387 [JavaFX Application Thread] DEBUG AssetLoaderService   - Loading from cache: /assets/textures/driver.png
22:24:11.467 [JavaFX Application Thread] DEBUG AssetLoaderService   - Loading from cache: /assets/textures/driver.png
22:24:11.547 [JavaFX Application Thread] DEBUG AssetLoaderService   - Loading from cache: /assets/textures/driver.png
22:24:11.643 [JavaFX Application Thread] DEBUG AssetLoaderService   - Loading from cache: /assets/textures/driver.png
22:24:11.722 [JavaFX Application Thread] DEBUG AssetLoaderService   - Loading from cache: /assets/textures/driver.png
22:24:11.803 [JavaFX Application Thread] DEBUG AssetLoaderService   - Loading from cache: /assets/textures/driver.png
22:24:11.883 [JavaFX Application Thread] DEBUG AssetLoaderService   - Loading from cache: /assets/textures/driver.png
22:24:11.963 [JavaFX Application Thread] DEBUG AssetLoaderService   - Loading from cache: /assets/textures/driver.png
22:24:12.059 [JavaFX Application Thread] DEBUG AssetLoaderService   - Loading from cache: /assets/textures/driver.png
22:24:12.138 [JavaFX Application Thread] DEBUG AssetLoaderService   - Loading from cache: /assets/textures/driver.png
22:24:12.139 [FXGL Background Thread 2 ] DEBUG Engine               - Logging environment variables
22:24:12.139 [FXGL Background Thread 2 ] DEBUG Engine               - achievements: []
22:24:12.139 [FXGL Background Thread 2 ] DEBUG Engine               - appIcon: fxgl_icon.png
22:24:12.139 [FXGL Background Thread 2 ] DEBUG Engine               - applicationMode: DEVELOPER
22:24:12.139 [FXGL Background Thread 2 ] DEBUG Engine               - cSSList: [fxgl_dark.css]
22:24:12.139 [FXGL Background Thread 2 ] DEBUG Engine               - configClass: Optional.empty
22:24:12.139 [FXGL Background Thread 2 ] DEBUG Engine               - credits: []
22:24:12.139 [FXGL Background Thread 2 ] DEBUG Engine               - devBBoxColorProperty: ObjectProperty [value: 0xff0000ff]
22:24:12.139 [FXGL Background Thread 2 ] DEBUG Engine               - devSensorColorProperty: ObjectProperty [value: 0xffff00ff]
22:24:12.139 [FXGL Background Thread 2 ] DEBUG Engine               - devShowBBoxProperty: BooleanProperty [value: false]
22:24:12.139 [FXGL Background Thread 2 ] DEBUG Engine               - devShowPositionProperty: BooleanProperty [value: false]
22:24:12.139 [FXGL Background Thread 2 ] DEBUG Engine               - enabledMenuItems: []
22:24:12.140 [FXGL Background Thread 2 ] DEBUG Engine               - engineServices: [class com.almasb.fxgl.app.GameApplication$GameApplicationService, class com.almasb.fxgl.app.services.WindowService, class com.almasb.fxgl.app.services.FXGLDialogService, class com.almasb.fxgl.app.services.IOTaskExecutorService, class com.almasb.fxgl.event.EventBusService, class com.almasb.fxgl.io.FileSystemService, class com.almasb.fxgl.localization.LocalizationService, class com.almasb.fxgl.app.services.AssetLoaderService, class com.almasb.fxgl.app.services.SystemBundleService, class com.almasb.fxgl.profile.SaveLoadService, class com.almasb.fxgl.ui.FXGLUIFactoryServiceProvider, class com.almasb.fxgl.ui.FXGLDialogFactoryServiceProvider, class com.almasb.fxgl.audio.AudioPlayer, class com.almasb.fxgl.notification.impl.NotificationServiceProvider, class com.almasb.fxgl.achievement.AchievementService, class com.almasb.fxgl.cutscene.CutsceneService, class com.almasb.fxgl.minigames.MiniGameService, class com.almasb.fxgl.net.NetService, class com.almasb.fxgl.app.services.UpdaterService, class com.almasb.fxgl.dev.DevService]
22:24:12.140 [FXGL Background Thread 2 ] DEBUG Engine               - fontGame: Abel-Regular.ttf
22:24:12.140 [FXGL Background Thread 2 ] DEBUG Engine               - fontMono: lucida_console.ttf
22:24:12.140 [FXGL Background Thread 2 ] DEBUG Engine               - fontText: Courier-Prime.ttf
22:24:12.140 [FXGL Background Thread 2 ] DEBUG Engine               - fontUI: VarelaRound-Regular.ttf
22:24:12.140 [FXGL Background Thread 2 ] DEBUG Engine               - fullScreen: BooleanProperty [value: false]
22:24:12.140 [FXGL Background Thread 2 ] DEBUG Engine               - gameDifficulty: MEDIUM
22:24:12.140 [FXGL Background Thread 2 ] DEBUG Engine               - gameDifficultyProperty: ObjectProperty [value: MEDIUM]
22:24:12.140 [FXGL Background Thread 2 ] DEBUG Engine               - globalMusicVolume: 0.5
22:24:12.140 [FXGL Background Thread 2 ] DEBUG Engine               - globalMusicVolumeProperty: DoubleProperty [value: 0.5]
22:24:12.140 [FXGL Background Thread 2 ] DEBUG Engine               - globalSoundVolume: 0.5
22:24:12.140 [FXGL Background Thread 2 ] DEBUG Engine               - globalSoundVolumeProperty: DoubleProperty [value: 0.5]
22:24:12.140 [FXGL Background Thread 2 ] DEBUG Engine               - height: 650
22:24:12.140 [FXGL Background Thread 2 ] DEBUG Engine               - isAndroid: false
22:24:12.140 [FXGL Background Thread 2 ] DEBUG Engine               - isBrowser: false
22:24:12.140 [FXGL Background Thread 2 ] DEBUG Engine               - isClickFeedbackEnabled: false
22:24:12.140 [FXGL Background Thread 2 ] DEBUG Engine               - isCloseConfirmation: false
22:24:12.140 [FXGL Background Thread 2 ] DEBUG Engine               - isDesktop: true
22:24:12.140 [FXGL Background Thread 2 ] DEBUG Engine               - isDeveloperMenuEnabled: false
22:24:12.140 [FXGL Background Thread 2 ] DEBUG Engine               - isExperimentalNative: false
22:24:12.140 [FXGL Background Thread 2 ] DEBUG Engine               - isExperimentalTiledLargeMap: false
22:24:12.140 [FXGL Background Thread 2 ] DEBUG Engine               - isFullScreenAllowed: false
22:24:12.140 [FXGL Background Thread 2 ] DEBUG Engine               - isFullScreenFromStart: false
22:24:12.140 [FXGL Background Thread 2 ] DEBUG Engine               - isGameMenuEnabled: true
22:24:12.141 [FXGL Background Thread 2 ] DEBUG Engine               - isIOS: false
22:24:12.141 [FXGL Background Thread 2 ] DEBUG Engine               - isIntroEnabled: false
22:24:12.141 [FXGL Background Thread 2 ] DEBUG Engine               - isLinux: false
22:24:12.141 [FXGL Background Thread 2 ] DEBUG Engine               - isMac: false
22:24:12.141 [FXGL Background Thread 2 ] DEBUG Engine               - isMainMenuEnabled: false
22:24:12.141 [FXGL Background Thread 2 ] DEBUG Engine               - isManualResizeEnabled: false
22:24:12.141 [FXGL Background Thread 2 ] DEBUG Engine               - isMobile: false
22:24:12.141 [FXGL Background Thread 2 ] DEBUG Engine               - isPreserveResizeRatio: false
22:24:12.141 [FXGL Background Thread 2 ] DEBUG Engine               - isProfilingEnabled: false
22:24:12.141 [FXGL Background Thread 2 ] DEBUG Engine               - isSingleStep: false
22:24:12.141 [FXGL Background Thread 2 ] DEBUG Engine               - isUserProfileEnabled: false
22:24:12.141 [FXGL Background Thread 2 ] DEBUG Engine               - isWindows: true
22:24:12.141 [FXGL Background Thread 2 ] DEBUG Engine               - language: ObjectProperty [value: ENGLISH]
22:24:12.141 [FXGL Background Thread 2 ] DEBUG Engine               - mainWindow: com.almasb.fxgl.app.MainWindow@6aa458a9
22:24:12.141 [FXGL Background Thread 2 ] DEBUG Engine               - menuKey: ESCAPE
22:24:12.141 [FXGL Background Thread 2 ] DEBUG Engine               - notificationViewClass: class com.almasb.fxgl.notification.view.XboxNotificationView
22:24:12.141 [FXGL Background Thread 2 ] DEBUG Engine               - pixelsPerMeter: 50.0
22:24:12.141 [FXGL Background Thread 2 ] DEBUG Engine               - platform: WINDOWS
22:24:12.141 [FXGL Background Thread 2 ] DEBUG Engine               - profileDir: profiles/
22:24:12.141 [FXGL Background Thread 2 ] DEBUG Engine               - profileName: StringProperty [value: DEFAULT]
22:24:12.141 [FXGL Background Thread 2 ] DEBUG Engine               - randomSeed: -1
22:24:12.141 [FXGL Background Thread 2 ] DEBUG Engine               - runtimeInfo: RuntimeInfo(platform=WINDOWS, version=11.9, build=27.05.2020 17.06)
22:24:12.141 [FXGL Background Thread 2 ] DEBUG Engine               - saveFileExt: sav
22:24:12.141 [FXGL Background Thread 2 ] DEBUG Engine               - sceneFactory: com.almasb.fxgl.app.scene.SceneFactory@2fa6db99
22:24:12.141 [FXGL Background Thread 2 ] DEBUG Engine               - secondsIn24h: 60
22:24:12.142 [FXGL Background Thread 2 ] DEBUG Engine               - settings: Title: Newfoundland Moose Collision
Version: 0.1
Width: 840
Height: 650
Fullscreen: false
Intro: false
Profiling: false
Single step:false
App Mode: DEVELOPER
Menu Key: ESCAPE
Stage Style: DECORATED
Scene Factory: class com.almasb.fxgl.app.scene.SceneFactory

22:24:12.142 [FXGL Background Thread 2 ] DEBUG Engine               - soundMenuBack: menu/back.wav
22:24:12.142 [FXGL Background Thread 2 ] DEBUG Engine               - soundMenuPress: menu/press.wav
22:24:12.142 [FXGL Background Thread 2 ] DEBUG Engine               - soundMenuSelect: menu/select.wav
22:24:12.142 [FXGL Background Thread 2 ] DEBUG Engine               - soundNotification: core/notification.wav
22:24:12.142 [FXGL Background Thread 2 ] DEBUG Engine               - stageStyle: DECORATED
22:24:12.142 [FXGL Background Thread 2 ] DEBUG Engine               - supportedLanguages: [ENGLISH, FRENCH, GERMAN, HUNGARIAN, RUSSIAN]
22:24:12.142 [FXGL Background Thread 2 ] DEBUG Engine               - title: Newfoundland Moose Collision
22:24:12.142 [FXGL Background Thread 2 ] DEBUG Engine               - urlGithub: https://github.com/AlmasB/FXGL
22:24:12.142 [FXGL Background Thread 2 ] DEBUG Engine               - urlLeaderboard: http://fxgl-top.herokuapp.com/
22:24:12.142 [FXGL Background Thread 2 ] DEBUG Engine               - urlPOM: https://raw.githubusercontent.com/AlmasB/FXGL/master/pom.xml
22:24:12.142 [FXGL Background Thread 2 ] DEBUG Engine               - version: 0.1
22:24:12.142 [FXGL Background Thread 2 ] DEBUG Engine               - versionCheckDays: 7
22:24:12.142 [FXGL Background Thread 2 ] DEBUG Engine               - width: 840
22:24:12.142 [FXGL Background Thread 2 ] DEBUG Engine               - Logging services
22:24:12.142 [FXGL Background Thread 2 ] DEBUG Engine               - class com.almasb.fxgl.app.GameApplication$GameApplicationService
22:24:12.142 [FXGL Background Thread 2 ] DEBUG Engine               - class com.almasb.fxgl.app.services.WindowService
22:24:12.142 [FXGL Background Thread 2 ] DEBUG Engine               - class com.almasb.fxgl.app.services.FXGLDialogService
22:24:12.142 [FXGL Background Thread 2 ] DEBUG Engine               - class com.almasb.fxgl.app.services.IOTaskExecutorService
22:24:12.142 [FXGL Background Thread 2 ] DEBUG Engine               - class com.almasb.fxgl.event.EventBusService
22:24:12.142 [FXGL Background Thread 2 ] DEBUG Engine               - class com.almasb.fxgl.io.FileSystemService
22:24:12.142 [FXGL Background Thread 2 ] DEBUG Engine               - class com.almasb.fxgl.localization.LocalizationService
22:24:12.142 [FXGL Background Thread 2 ] DEBUG Engine               - class com.almasb.fxgl.app.services.AssetLoaderService
22:24:12.142 [FXGL Background Thread 2 ] DEBUG Engine               - class com.almasb.fxgl.app.services.SystemBundleService
22:24:12.142 [FXGL Background Thread 2 ] DEBUG Engine               - class com.almasb.fxgl.profile.SaveLoadService
22:24:12.142 [FXGL Background Thread 2 ] DEBUG Engine               - class com.almasb.fxgl.ui.FXGLUIFactoryServiceProvider
22:24:12.142 [FXGL Background Thread 2 ] DEBUG Engine               - class com.almasb.fxgl.ui.FXGLDialogFactoryServiceProvider
22:24:12.143 [FXGL Background Thread 2 ] DEBUG Engine               - class com.almasb.fxgl.audio.AudioPlayer
22:24:12.143 [FXGL Background Thread 2 ] DEBUG Engine               - class com.almasb.fxgl.notification.impl.NotificationServiceProvider
22:24:12.143 [FXGL Background Thread 2 ] DEBUG Engine               - class com.almasb.fxgl.achievement.AchievementService
22:24:12.143 [FXGL Background Thread 2 ] DEBUG Engine               - class com.almasb.fxgl.cutscene.CutsceneService
22:24:12.143 [FXGL Background Thread 2 ] DEBUG Engine               - class com.almasb.fxgl.minigames.MiniGameService
22:24:12.143 [FXGL Background Thread 2 ] DEBUG Engine               - class com.almasb.fxgl.net.NetService
22:24:12.143 [FXGL Background Thread 2 ] DEBUG Engine               - class com.almasb.fxgl.app.services.UpdaterService
22:24:12.143 [FXGL Background Thread 2 ] DEBUG Engine               - class com.almasb.fxgl.dev.DevService
22:24:12.218 [JavaFX Application Thread] DEBUG AssetLoaderService   - Loading from cache: /assets/textures/driver.png
22:24:12.298 [JavaFX Application Thread] DEBUG AssetLoaderService   - Loading from cache: /assets/textures/driver.png
22:24:12.394 [JavaFX Application Thread] DEBUG AssetLoaderService   - Loading from cache: /assets/textures/driver.png
22:24:12.475 [JavaFX Application Thread] DEBUG AssetLoaderService   - Loading from cache: /assets/textures/driver.png
22:24:12.556 [JavaFX Application Thread] DEBUG AssetLoaderService   - Loading from cache: /assets/textures/driver.png
22:24:12.634 [JavaFX Application Thread] DEBUG AssetLoaderService   - Loading from cache: /assets/textures/driver.png
22:24:12.715 [JavaFX Application Thread] DEBUG AssetLoaderService   - Loading from cache: /assets/textures/driver.png
22:24:12.794 [JavaFX Application Thread] DEBUG AssetLoaderService   - Loading from cache: /assets/textures/driver.png
22:24:12.891 [JavaFX Application Thread] DEBUG AssetLoaderService   - Loading from cache: /assets/textures/driver.png
22:24:12.970 [JavaFX Application Thread] DEBUG AssetLoaderService   - Loading from cache: /assets/textures/driver.png
22:24:13.051 [JavaFX Application Thread] DEBUG AssetLoaderService   - Loading from cache: /assets/textures/driver.png
22:24:13.130 [JavaFX Application Thread] DEBUG AssetLoaderService   - Loading from cache: /assets/textures/driver.png
22:24:13.227 [JavaFX Application Thread] DEBUG AssetLoaderService   - Loading from cache: /assets/textures/driver.png
22:24:13.306 [JavaFX Application Thread] DEBUG AssetLoaderService   - Loading from cache: /assets/textures/driver.png
22:24:13.387 [JavaFX Application Thread] DEBUG AssetLoaderService   - Loading from cache: /assets/textures/driver.png
22:24:13.466 [JavaFX Application Thread] DEBUG AssetLoaderService   - Loading from cache: /assets/textures/driver.png
22:24:13.547 [JavaFX Application Thread] DEBUG AssetLoaderService   - Loading from cache: /assets/textures/driver.png
22:24:13.643 [JavaFX Application Thread] DEBUG AssetLoaderService   - Loading from cache: /assets/textures/driver.png
22:24:13.723 [JavaFX Application Thread] DEBUG AssetLoaderService   - Loading from cache: /assets/textures/driver.png
22:24:13.803 [JavaFX Application Thread] DEBUG AssetLoaderService   - Loading from cache: /assets/textures/driver.png
22:24:13.882 [JavaFX Application Thread] DEBUG AssetLoaderService   - Loading from cache: /assets/textures/driver.png
22:24:13.962 [JavaFX Application Thread] DEBUG AssetLoaderService   - Loading from cache: /assets/textures/driver.png
22:24:14.060 [JavaFX Application Thread] DEBUG AssetLoaderService   - Loading from cache: /assets/textures/driver.png
22:24:14.139 [JavaFX Application Thread] DEBUG AssetLoaderService   - Loading from cache: /assets/textures/driver.png
22:24:14.219 [JavaFX Application Thread] DEBUG AssetLoaderService   - Loading from cache: /assets/textures/driver.png
22:24:14.299 [JavaFX Application Thread] DEBUG AssetLoaderService   - Loading from cache: /assets/textures/driver.png
22:24:14.378 [JavaFX Application Thread] DEBUG AssetLoaderService   - Loading from cache: /assets/textures/driver.png
22:24:14.474 [JavaFX Application Thread] DEBUG AssetLoaderService   - Loading from cache: /assets/textures/driver.png
22:24:14.555 [JavaFX Application Thread] DEBUG AssetLoaderService   - Loading from cache: /assets/textures/driver.png
22:24:14.635 [JavaFX Application Thread] DEBUG AssetLoaderService   - Loading from cache: /assets/textures/driver.png
22:24:14.715 [JavaFX Application Thread] DEBUG AssetLoaderService   - Loading from cache: /assets/textures/driver.png
22:24:14.795 [JavaFX Application Thread] DEBUG AssetLoaderService   - Loading from cache: /assets/textures/driver.png
22:24:14.891 [JavaFX Application Thread] DEBUG AssetLoaderService   - Loading from cache: /assets/textures/driver.png
22:24:14.971 [JavaFX Application Thread] DEBUG AssetLoaderService   - Loading from cache: /assets/textures/driver.png
22:24:15.051 [JavaFX Application Thread] DEBUG AssetLoaderService   - Loading from cache: /assets/textures/driver.png
22:24:15.131 [JavaFX Application Thread] DEBUG AssetLoaderService   - Loading from cache: /assets/textures/driver.png
22:24:15.227 [JavaFX Application Thread] DEBUG AssetLoaderService   - Loading from cache: /assets/textures/driver.png
22:24:15.307 [JavaFX Application Thread] DEBUG AssetLoaderService   - Loading from cache: /assets/textures/driver.png
22:24:15.386 [JavaFX Application Thread] DEBUG AssetLoaderService   - Loading from cache: /assets/textures/driver.png
22:24:15.467 [JavaFX Application Thread] DEBUG AssetLoaderService   - Loading from cache: /assets/textures/driver.png
22:24:15.547 [JavaFX Application Thread] DEBUG AssetLoaderService   - Loading from cache: /assets/textures/driver.png
22:24:15.642 [JavaFX Application Thread] DEBUG AssetLoaderService   - Loading from cache: /assets/textures/driver.png
22:24:15.786 [JavaFX Application Thread] DEBUG GameApplication      - Exiting FXGL
22:24:15.786 [JavaFX Application Thread] DEBUG LoopRunner           - Stopping loop
22:24:15.786 [JavaFX Application Thread] DEBUG SystemBundleService  - Saving FXGL system data
22:24:15.787 [JavaFX Application Thread] DEBUG FileSystemAccess     - Writing to: E:\secondYear\Java\NewfoundlandRacer\system\fxgl.bundle
22:24:15.788 [JavaFX Application Thread] DEBUG GameApplication      - Shutting down background threads
22:24:15.789 [JavaFX Application Thread] DEBUG GameApplication      - Closing logger and exiting JavaFX
