09:16:11.242 [main                     ] DEBUG GameApplication      - Logger initialized
09:16:11.246 [main                     ] DEBUG GameApplication      - Logging settings
Title: Newfoundland Moose Collision
Version: 1.0
Width: 840
Height: 650
Fullscreen: false
Intro: false
Profiling: false
Single step:false
App Mode: DEVELOPER
Menu Key: ESCAPE
Stage Style: DECORATED
Scene Factory: class MooseGame.NewfoundRacerApp$1

09:16:11.528 [JavaFX Application Thread] DEBUG GameApplication      - Initializing FXGL
09:16:11.537 [JavaFX Application Thread] INFO  Engine               - FXGL-11.9 (27.05.2020 17.06) on WINDOWS (J:14.0.1 FX:13.0.2)
09:16:11.538 [JavaFX Application Thread] DEBUG Engine               - JRE Vendor Name: Oracle Corporation
09:16:11.538 [JavaFX Application Thread] DEBUG Engine               - Running on OS: Windows 10 version 10.0
09:16:11.538 [JavaFX Application Thread] DEBUG Engine               - Architecture: amd64
09:16:11.538 [JavaFX Application Thread] INFO  Engine               - Source code and latest versions at: https://github.com/AlmasB/FXGL
09:16:11.538 [JavaFX Application Thread] INFO  Engine               -              Join the FXGL chat at: https://gitter.im/AlmasB/FXGL
09:16:11.617 [JavaFX Application Thread] DEBUG MainWindow           - Creating a JavaFX scene
09:16:11.654 [JavaFX Application Thread] DEBUG MainWindow           - Target settings size: 840.0 x 650.0
09:16:11.655 [JavaFX Application Thread] DEBUG MainWindow           - Scaled scene size:    840.0 x 650.0
09:16:11.655 [JavaFX Application Thread] DEBUG MainWindow           - Scaled ratio: (1.0, 1.0)
09:16:11.656 [JavaFX Application Thread] DEBUG MainWindow           - Set initial scene to FXGLStartupScene
09:16:11.660 [JavaFX Application Thread] DEBUG MainWindow           - Opening main window
09:16:11.736 [JavaFX Application Thread] DEBUG MainWindow           - Window border size: (16.0, 39.0)
09:16:11.736 [JavaFX Application Thread] DEBUG MainWindow           - Scaled size: 840.0 x 650.0
09:16:11.736 [JavaFX Application Thread] DEBUG MainWindow           - Scaled ratio: (1.0, 1.0)
09:16:11.736 [JavaFX Application Thread] DEBUG MainWindow           - Scene size: 840.0 x 650.0
09:16:11.736 [JavaFX Application Thread] DEBUG MainWindow           - Stage size: 856.0 x 689.0
09:16:11.744 [FXGL Background Thread 1 ] DEBUG Engine               - Initializing environment variables
09:16:11.767 [FXGL Background Thread 1 ] DEBUG WindowService        - Applying CSS: fxgl_dark.css
09:16:11.768 [FXGL Background Thread 1 ] DEBUG AssetLoaderService   - Loading from file system: /assets/ui/css/fxgl_dark.css
09:16:11.800 [FXGL Background Thread 1 ] DEBUG WindowService        - Initializing application scenes
09:16:11.821 [FXGL Background Thread 1 ] DEBUG GameWorld            - Game world initialized
09:16:11.847 [FXGL Background Thread 1 ] DEBUG PhysicsWorld         - Physics world initialized: appHeight=650, physics.ppm=50.0
09:16:11.848 [FXGL Background Thread 1 ] DEBUG GameScene            - Game scene initialized: 840x650
09:16:11.861 [FXGL Background Thread 1 ] DEBUG AssetLoaderService   - Loading from file system: /assets/music/8-Bit-Perplexion.mp3
09:16:11.981 [FXGL Background Thread 1 ] DEBUG AssetLoaderService   - Loading from file system: /assets/music/Caffeine-Crazed-Coin-Op-Kids.mp3
09:16:11.988 [FXGL Background Thread 1 ] DEBUG AudioPlayer          - Stopping music com.almasb.fxgl.audio.Music@12fa2b0f
09:16:11.989 [FXGL Background Thread 1 ] DEBUG AudioPlayer          - Playing music com.almasb.fxgl.audio.Music@54e50869
09:16:12.046 [FXGL Background Thread 1 ] DEBUG AssetLoaderService   - Loading from file system: /assets/textures/particles/trace_horizontal.png
09:16:12.069 [FXGL Background Thread 1 ] DEBUG FXGL.DefaultMenu     - createMenuBodyGameMenu()
09:16:12.077 [FXGL Background Thread 1 ] DEBUG FXGL.DefaultMenu     - createOptionsMenu()
09:16:12.079 [FXGL Background Thread 1 ] DEBUG AssetLoaderService   - Loading from file system: /assets/textures/particles/smoke.png
09:16:12.114 [FXGL Background Thread 1 ] DEBUG WindowService        - Application scenes initialized
09:16:12.120 [FXGL Background Thread 1 ] DEBUG SystemBundleService  - Loading FXGL system data
09:16:12.122 [FXGL Background Thread 1 ] DEBUG FileSystemAccess     - Reading from: E:\secondYear\Java\NewfoundlandRacer\system\fxgl.bundle
09:16:12.126 [FXGL Background Thread 1 ] DEBUG SystemBundleService  - Bundle FXGL: {}
09:16:12.126 [FXGL Background Thread 1 ] INFO  Engine               - FXGL initialization took: 0.381 sec
09:16:12.127 [FXGL Background Thread 1 ] DEBUG GameApplication      - Loading localizations
09:16:12.128 [FXGL Background Thread 1 ] DEBUG AssetLoaderService   - Loading from file system: /assets/languages/english.lang
09:16:12.135 [FXGL Background Thread 1 ] DEBUG AssetLoaderService   - Loading from file system: /assets/languages/french.lang
09:16:12.136 [FXGL Background Thread 1 ] DEBUG AssetLoaderService   - Loading from file system: /assets/languages/german.lang
09:16:12.137 [FXGL Background Thread 1 ] DEBUG AssetLoaderService   - Loading from file system: /assets/languages/hungarian.lang
09:16:12.138 [FXGL Background Thread 1 ] DEBUG AssetLoaderService   - Loading from file system: /assets/languages/russian.lang
09:16:12.140 [FXGL Background Thread 1 ] DEBUG GameApplication      - Registering font factories with UI factory
09:16:12.140 [FXGL Background Thread 1 ] DEBUG AssetLoaderService   - Loading from file system: /assets/ui/fonts/VarelaRound-Regular.ttf
09:16:12.168 [FXGL Background Thread 1 ] DEBUG AssetLoaderService   - Loading from file system: /assets/ui/fonts/Abel-Regular.ttf
09:16:12.171 [FXGL Background Thread 1 ] DEBUG AssetLoaderService   - Loading from file system: /assets/ui/fonts/lucida_console.ttf
09:16:12.174 [FXGL Background Thread 1 ] DEBUG AssetLoaderService   - Loading from file system: /assets/ui/fonts/Courier-Prime.ttf
09:16:12.183 [JavaFX Application Thread] DEBUG Input                - Registered new binding: Move Right - D
09:16:12.183 [JavaFX Application Thread] DEBUG Input                - Registered new binding: Move Left - A
09:16:12.183 [JavaFX Application Thread] DEBUG Input                - Registered new binding: Move Up - W
09:16:12.183 [JavaFX Application Thread] DEBUG Input                - Registered new binding: Move Down - S
09:16:12.183 [JavaFX Application Thread] DEBUG AssetLoaderService   - Loading from file system: /assets/textures/fxgl_icon.png
09:16:12.196 [JavaFX Application Thread] DEBUG AssetLoaderService   - Loading from file system: /assets/ui/cursors/fxgl_default.png
09:16:12.197 [JavaFX Application Thread] DEBUG Input                - Registered new binding: Screenshot - P
09:16:12.198 [JavaFX Application Thread] DEBUG Input                - Registered new binding: System info dump - CTRL+9
09:16:12.198 [JavaFX Application Thread] DEBUG Input                - Registered new binding: Restart - CTRL+R
09:16:12.198 [JavaFX Application Thread] DEBUG LoopRunner           - Starting loop
09:16:12.207 [JavaFX Application Thread] DEBUG FXGLStartupScene     - STARTUP
09:16:12.208 [JavaFX Application Thread] DEBUG Input                - Clearing active input actions
09:16:12.213 [JavaFX Application Thread] DEBUG WindowService        - Removing overlay from FXGLStartupScene and adding to 
09:16:12.213 [JavaFX Application Thread] DEBUG MainWindow           - FXGLStartupScene -> 
09:16:12.213 [JavaFX Application Thread] DEBUG MainWindow           - Push state: NewfoundlandRacerMainMenu
09:16:12.213 [JavaFX Application Thread] DEBUG Input                - Clearing active input actions
09:16:12.220 [JavaFX Application Thread] DEBUG WindowService        - Removing overlay from  and adding to NewfoundlandRacerMainMenu
09:16:12.221 [JavaFX Application Thread] DEBUG MainWindow           -  -> NewfoundlandRacerMainMenu
09:16:15.129 [FXGL Background Thread 2 ] DEBUG Engine               - Logging environment variables
09:16:15.129 [FXGL Background Thread 2 ] DEBUG Engine               - achievements: []
09:16:15.129 [FXGL Background Thread 2 ] DEBUG Engine               - appIcon: fxgl_icon.png
09:16:15.129 [FXGL Background Thread 2 ] DEBUG Engine               - applicationMode: DEVELOPER
09:16:15.129 [FXGL Background Thread 2 ] DEBUG Engine               - cSSList: [fxgl_dark.css]
09:16:15.129 [FXGL Background Thread 2 ] DEBUG Engine               - configClass: Optional.empty
09:16:15.129 [FXGL Background Thread 2 ] DEBUG Engine               - credits: []
09:16:15.129 [FXGL Background Thread 2 ] DEBUG Engine               - devBBoxColorProperty: ObjectProperty [value: 0xff0000ff]
09:16:15.129 [FXGL Background Thread 2 ] DEBUG Engine               - devSensorColorProperty: ObjectProperty [value: 0xffff00ff]
09:16:15.129 [FXGL Background Thread 2 ] DEBUG Engine               - devShowBBoxProperty: BooleanProperty [value: false]
09:16:15.129 [FXGL Background Thread 2 ] DEBUG Engine               - devShowPositionProperty: BooleanProperty [value: false]
09:16:15.129 [FXGL Background Thread 2 ] DEBUG Engine               - enabledMenuItems: []
09:16:15.129 [FXGL Background Thread 2 ] DEBUG Engine               - engineServices: [class com.almasb.fxgl.app.GameApplication$GameApplicationService, class com.almasb.fxgl.app.services.WindowService, class com.almasb.fxgl.app.services.FXGLDialogService, class com.almasb.fxgl.app.services.IOTaskExecutorService, class com.almasb.fxgl.event.EventBusService, class com.almasb.fxgl.io.FileSystemService, class com.almasb.fxgl.localization.LocalizationService, class com.almasb.fxgl.app.services.AssetLoaderService, class com.almasb.fxgl.app.services.SystemBundleService, class com.almasb.fxgl.profile.SaveLoadService, class com.almasb.fxgl.ui.FXGLUIFactoryServiceProvider, class com.almasb.fxgl.ui.FXGLDialogFactoryServiceProvider, class com.almasb.fxgl.audio.AudioPlayer, class com.almasb.fxgl.notification.impl.NotificationServiceProvider, class com.almasb.fxgl.achievement.AchievementService, class com.almasb.fxgl.cutscene.CutsceneService, class com.almasb.fxgl.minigames.MiniGameService, class com.almasb.fxgl.net.NetService, class com.almasb.fxgl.app.services.UpdaterService, class com.almasb.fxgl.dev.DevService]
09:16:15.129 [FXGL Background Thread 2 ] DEBUG Engine               - fontGame: Abel-Regular.ttf
09:16:15.129 [FXGL Background Thread 2 ] DEBUG Engine               - fontMono: lucida_console.ttf
09:16:15.129 [FXGL Background Thread 2 ] DEBUG Engine               - fontText: Courier-Prime.ttf
09:16:15.129 [FXGL Background Thread 2 ] DEBUG Engine               - fontUI: VarelaRound-Regular.ttf
09:16:15.129 [FXGL Background Thread 2 ] DEBUG Engine               - fullScreen: BooleanProperty [value: false]
09:16:15.129 [FXGL Background Thread 2 ] DEBUG Engine               - gameDifficulty: MEDIUM
09:16:15.129 [FXGL Background Thread 2 ] DEBUG Engine               - gameDifficultyProperty: ObjectProperty [value: MEDIUM]
09:16:15.129 [FXGL Background Thread 2 ] DEBUG Engine               - globalMusicVolume: 0.5
09:16:15.129 [FXGL Background Thread 2 ] DEBUG Engine               - globalMusicVolumeProperty: DoubleProperty [value: 0.5]
09:16:15.129 [FXGL Background Thread 2 ] DEBUG Engine               - globalSoundVolume: 0.5
09:16:15.129 [FXGL Background Thread 2 ] DEBUG Engine               - globalSoundVolumeProperty: DoubleProperty [value: 0.5]
09:16:15.129 [FXGL Background Thread 2 ] DEBUG Engine               - height: 650
09:16:15.129 [FXGL Background Thread 2 ] DEBUG Engine               - isAndroid: false
09:16:15.130 [FXGL Background Thread 2 ] DEBUG Engine               - isBrowser: false
09:16:15.130 [FXGL Background Thread 2 ] DEBUG Engine               - isClickFeedbackEnabled: false
09:16:15.130 [FXGL Background Thread 2 ] DEBUG Engine               - isCloseConfirmation: false
09:16:15.130 [FXGL Background Thread 2 ] DEBUG Engine               - isDesktop: true
09:16:15.130 [FXGL Background Thread 2 ] DEBUG Engine               - isDeveloperMenuEnabled: false
09:16:15.130 [FXGL Background Thread 2 ] DEBUG Engine               - isExperimentalNative: false
09:16:15.130 [FXGL Background Thread 2 ] DEBUG Engine               - isExperimentalTiledLargeMap: false
09:16:15.130 [FXGL Background Thread 2 ] DEBUG Engine               - isFullScreenAllowed: false
09:16:15.130 [FXGL Background Thread 2 ] DEBUG Engine               - isFullScreenFromStart: false
09:16:15.130 [FXGL Background Thread 2 ] DEBUG Engine               - isGameMenuEnabled: true
09:16:15.130 [FXGL Background Thread 2 ] DEBUG Engine               - isIOS: false
09:16:15.130 [FXGL Background Thread 2 ] DEBUG Engine               - isIntroEnabled: false
09:16:15.130 [FXGL Background Thread 2 ] DEBUG Engine               - isLinux: false
09:16:15.130 [FXGL Background Thread 2 ] DEBUG Engine               - isMac: false
09:16:15.130 [FXGL Background Thread 2 ] DEBUG Engine               - isMainMenuEnabled: true
09:16:15.130 [FXGL Background Thread 2 ] DEBUG Engine               - isManualResizeEnabled: false
09:16:15.130 [FXGL Background Thread 2 ] DEBUG Engine               - isMobile: false
09:16:15.130 [FXGL Background Thread 2 ] DEBUG Engine               - isPreserveResizeRatio: false
09:16:15.130 [FXGL Background Thread 2 ] DEBUG Engine               - isProfilingEnabled: false
09:16:15.130 [FXGL Background Thread 2 ] DEBUG Engine               - isSingleStep: false
09:16:15.130 [FXGL Background Thread 2 ] DEBUG Engine               - isUserProfileEnabled: false
09:16:15.130 [FXGL Background Thread 2 ] DEBUG Engine               - isWindows: true
09:16:15.131 [FXGL Background Thread 2 ] DEBUG Engine               - language: ObjectProperty [value: ENGLISH]
09:16:15.131 [FXGL Background Thread 2 ] DEBUG Engine               - mainWindow: com.almasb.fxgl.app.MainWindow@57a0935e
09:16:15.131 [FXGL Background Thread 2 ] DEBUG Engine               - menuKey: ESCAPE
09:16:15.131 [FXGL Background Thread 2 ] DEBUG Engine               - notificationViewClass: class com.almasb.fxgl.notification.view.XboxNotificationView
09:16:15.131 [FXGL Background Thread 2 ] DEBUG Engine               - pixelsPerMeter: 50.0
09:16:15.131 [FXGL Background Thread 2 ] DEBUG Engine               - platform: WINDOWS
09:16:15.131 [FXGL Background Thread 2 ] DEBUG Engine               - profileDir: profiles/
09:16:15.131 [FXGL Background Thread 2 ] DEBUG Engine               - profileName: StringProperty [value: DEFAULT]
09:16:15.131 [FXGL Background Thread 2 ] DEBUG Engine               - randomSeed: -1
09:16:15.131 [FXGL Background Thread 2 ] DEBUG Engine               - runtimeInfo: RuntimeInfo(platform=WINDOWS, version=11.9, build=27.05.2020 17.06)
09:16:15.131 [FXGL Background Thread 2 ] DEBUG Engine               - saveFileExt: sav
09:16:15.131 [FXGL Background Thread 2 ] DEBUG Engine               - sceneFactory: MooseGame.NewfoundRacerApp$1@12a217ce
09:16:15.131 [FXGL Background Thread 2 ] DEBUG Engine               - secondsIn24h: 60
09:16:15.131 [FXGL Background Thread 2 ] DEBUG Engine               - settings: Title: Newfoundland Moose Collision
Version: 1.0
Width: 840
Height: 650
Fullscreen: false
Intro: false
Profiling: false
Single step:false
App Mode: DEVELOPER
Menu Key: ESCAPE
Stage Style: DECORATED
Scene Factory: class MooseGame.NewfoundRacerApp$1

09:16:15.131 [FXGL Background Thread 2 ] DEBUG Engine               - soundMenuBack: menu/back.wav
09:16:15.131 [FXGL Background Thread 2 ] DEBUG Engine               - soundMenuPress: menu/press.wav
09:16:15.131 [FXGL Background Thread 2 ] DEBUG Engine               - soundMenuSelect: menu/select.wav
09:16:15.131 [FXGL Background Thread 2 ] DEBUG Engine               - soundNotification: core/notification.wav
09:16:15.131 [FXGL Background Thread 2 ] DEBUG Engine               - stageStyle: DECORATED
09:16:15.131 [FXGL Background Thread 2 ] DEBUG Engine               - supportedLanguages: [ENGLISH, FRENCH, GERMAN, HUNGARIAN, RUSSIAN]
09:16:15.131 [FXGL Background Thread 2 ] DEBUG Engine               - title: Newfoundland Moose Collision
09:16:15.131 [FXGL Background Thread 2 ] DEBUG Engine               - urlGithub: https://github.com/AlmasB/FXGL
09:16:15.131 [FXGL Background Thread 2 ] DEBUG Engine               - urlLeaderboard: http://fxgl-top.herokuapp.com/
09:16:15.132 [FXGL Background Thread 2 ] DEBUG Engine               - urlPOM: https://raw.githubusercontent.com/AlmasB/FXGL/master/pom.xml
09:16:15.132 [FXGL Background Thread 2 ] DEBUG Engine               - version: 1.0
09:16:15.132 [FXGL Background Thread 2 ] DEBUG Engine               - versionCheckDays: 7
09:16:15.132 [FXGL Background Thread 2 ] DEBUG Engine               - width: 840
09:16:15.132 [FXGL Background Thread 2 ] DEBUG Engine               - Logging services
09:16:15.132 [FXGL Background Thread 2 ] DEBUG Engine               - class com.almasb.fxgl.app.GameApplication$GameApplicationService
09:16:15.132 [FXGL Background Thread 2 ] DEBUG Engine               - class com.almasb.fxgl.app.services.WindowService
09:16:15.132 [FXGL Background Thread 2 ] DEBUG Engine               - class com.almasb.fxgl.app.services.FXGLDialogService
09:16:15.132 [FXGL Background Thread 2 ] DEBUG Engine               - class com.almasb.fxgl.app.services.IOTaskExecutorService
09:16:15.132 [FXGL Background Thread 2 ] DEBUG Engine               - class com.almasb.fxgl.event.EventBusService
09:16:15.132 [FXGL Background Thread 2 ] DEBUG Engine               - class com.almasb.fxgl.io.FileSystemService
09:16:15.132 [FXGL Background Thread 2 ] DEBUG Engine               - class com.almasb.fxgl.localization.LocalizationService
09:16:15.132 [FXGL Background Thread 2 ] DEBUG Engine               - class com.almasb.fxgl.app.services.AssetLoaderService
09:16:15.132 [FXGL Background Thread 2 ] DEBUG Engine               - class com.almasb.fxgl.app.services.SystemBundleService
09:16:15.132 [FXGL Background Thread 2 ] DEBUG Engine               - class com.almasb.fxgl.profile.SaveLoadService
09:16:15.132 [FXGL Background Thread 2 ] DEBUG Engine               - class com.almasb.fxgl.ui.FXGLUIFactoryServiceProvider
09:16:15.132 [FXGL Background Thread 2 ] DEBUG Engine               - class com.almasb.fxgl.ui.FXGLDialogFactoryServiceProvider
09:16:15.132 [FXGL Background Thread 2 ] DEBUG Engine               - class com.almasb.fxgl.audio.AudioPlayer
09:16:15.132 [FXGL Background Thread 2 ] DEBUG Engine               - class com.almasb.fxgl.notification.impl.NotificationServiceProvider
09:16:15.132 [FXGL Background Thread 2 ] DEBUG Engine               - class com.almasb.fxgl.achievement.AchievementService
09:16:15.132 [FXGL Background Thread 2 ] DEBUG Engine               - class com.almasb.fxgl.cutscene.CutsceneService
09:16:15.132 [FXGL Background Thread 2 ] DEBUG Engine               - class com.almasb.fxgl.minigames.MiniGameService
09:16:15.132 [FXGL Background Thread 2 ] DEBUG Engine               - class com.almasb.fxgl.net.NetService
09:16:15.132 [FXGL Background Thread 2 ] DEBUG Engine               - class com.almasb.fxgl.app.services.UpdaterService
09:16:15.132 [FXGL Background Thread 2 ] DEBUG Engine               - class com.almasb.fxgl.dev.DevService
09:16:16.207 [JavaFX Application Thread] DEBUG GameApplication      - Exiting FXGL
09:16:16.207 [JavaFX Application Thread] DEBUG LoopRunner           - Stopping loop
09:16:16.207 [JavaFX Application Thread] DEBUG SystemBundleService  - Saving FXGL system data
09:16:16.209 [JavaFX Application Thread] DEBUG FileSystemAccess     - Writing to: E:\secondYear\Java\NewfoundlandRacer\system\fxgl.bundle
09:16:16.210 [JavaFX Application Thread] DEBUG GameApplication      - Shutting down background threads
09:16:16.210 [JavaFX Application Thread] DEBUG GameApplication      - Closing logger and exiting JavaFX
