20:44:23.912 [main                     ] DEBUG GameApplication      - Logger initialized
20:44:23.918 [main                     ] DEBUG GameApplication      - Logging settings
Title: Newfoundland Moose Collision
Version: 0.1
Width: 840
Height: 650
Fullscreen: false
Intro: false
Profiling: false
Single step:false
App Mode: DEVELOPER
Menu Key: ESCAPE
Stage Style: DECORATED
Scene Factory: class MooseGame.NewfoundRacerApp$1

20:44:24.247 [JavaFX Application Thread] DEBUG GameApplication      - Initializing FXGL
20:44:24.253 [JavaFX Application Thread] INFO  Engine               - FXGL-11.9 (27.05.2020 17.06) on WINDOWS (J:14.0.1 FX:13.0.2)
20:44:24.254 [JavaFX Application Thread] DEBUG Engine               - JRE Vendor Name: Oracle Corporation
20:44:24.254 [JavaFX Application Thread] DEBUG Engine               - Running on OS: Windows 10 version 10.0
20:44:24.254 [JavaFX Application Thread] DEBUG Engine               - Architecture: amd64
20:44:24.254 [JavaFX Application Thread] INFO  Engine               - Source code and latest versions at: https://github.com/AlmasB/FXGL
20:44:24.254 [JavaFX Application Thread] INFO  Engine               -              Join the FXGL chat at: https://gitter.im/AlmasB/FXGL
20:44:24.336 [JavaFX Application Thread] DEBUG MainWindow           - Creating a JavaFX scene
20:44:24.375 [JavaFX Application Thread] DEBUG MainWindow           - Target settings size: 840.0 x 650.0
20:44:24.375 [JavaFX Application Thread] DEBUG MainWindow           - Scaled scene size:    840.0 x 650.0
20:44:24.376 [JavaFX Application Thread] DEBUG MainWindow           - Scaled ratio: (1.0, 1.0)
20:44:24.377 [JavaFX Application Thread] DEBUG MainWindow           - Set initial scene to FXGLStartupScene
20:44:24.381 [JavaFX Application Thread] DEBUG MainWindow           - Opening main window
20:44:24.458 [JavaFX Application Thread] DEBUG MainWindow           - Window border size: (16.0, 39.0)
20:44:24.458 [JavaFX Application Thread] DEBUG MainWindow           - Scaled size: 840.0 x 650.0
20:44:24.458 [JavaFX Application Thread] DEBUG MainWindow           - Scaled ratio: (1.0, 1.0)
20:44:24.458 [JavaFX Application Thread] DEBUG MainWindow           - Scene size: 840.0 x 650.0
20:44:24.458 [JavaFX Application Thread] DEBUG MainWindow           - Stage size: 856.0 x 689.0
20:44:24.465 [FXGL Background Thread 1 ] DEBUG Engine               - Initializing environment variables
20:44:24.486 [FXGL Background Thread 1 ] DEBUG WindowService        - Applying CSS: fxgl_dark.css
20:44:24.487 [FXGL Background Thread 1 ] DEBUG AssetLoaderService   - Loading from file system: /assets/ui/css/fxgl_dark.css
20:44:24.516 [FXGL Background Thread 1 ] DEBUG WindowService        - Initializing application scenes
20:44:24.539 [FXGL Background Thread 1 ] DEBUG GameWorld            - Game world initialized
20:44:24.571 [FXGL Background Thread 1 ] DEBUG PhysicsWorld         - Physics world initialized: appHeight=650, physics.ppm=50.0
20:44:24.572 [FXGL Background Thread 1 ] DEBUG GameScene            - Game scene initialized: 840x650
20:44:24.642 [FXGL Background Thread 1 ] DEBUG AssetLoaderService   - Loading from file system: /assets/textures/particles/trace_horizontal.png
20:44:24.669 [FXGL Background Thread 1 ] DEBUG FXGL.DefaultMenu     - createMenuBodyGameMenu()
20:44:24.677 [FXGL Background Thread 1 ] DEBUG FXGL.DefaultMenu     - createOptionsMenu()
20:44:24.681 [FXGL Background Thread 1 ] DEBUG AssetLoaderService   - Loading from file system: /assets/textures/particles/smoke.png
20:44:24.722 [FXGL Background Thread 1 ] DEBUG WindowService        - Application scenes initialized
20:44:24.728 [FXGL Background Thread 1 ] DEBUG SystemBundleService  - Loading FXGL system data
20:44:24.732 [FXGL Background Thread 1 ] DEBUG FileSystemAccess     - Reading from: E:\secondYear\Java\NewfoundlandRacer\system\fxgl.bundle
20:44:24.736 [FXGL Background Thread 1 ] DEBUG SystemBundleService  - Bundle FXGL: {}
20:44:24.736 [FXGL Background Thread 1 ] INFO  Engine               - FXGL initialization took: 0.269 sec
20:44:24.737 [FXGL Background Thread 1 ] DEBUG GameApplication      - Loading localizations
20:44:24.737 [FXGL Background Thread 1 ] DEBUG AssetLoaderService   - Loading from file system: /assets/languages/english.lang
20:44:24.745 [FXGL Background Thread 1 ] DEBUG AssetLoaderService   - Loading from file system: /assets/languages/french.lang
20:44:24.746 [FXGL Background Thread 1 ] DEBUG AssetLoaderService   - Loading from file system: /assets/languages/german.lang
20:44:24.747 [FXGL Background Thread 1 ] DEBUG AssetLoaderService   - Loading from file system: /assets/languages/hungarian.lang
20:44:24.749 [FXGL Background Thread 1 ] DEBUG AssetLoaderService   - Loading from file system: /assets/languages/russian.lang
20:44:24.752 [FXGL Background Thread 1 ] DEBUG GameApplication      - Registering font factories with UI factory
20:44:24.752 [FXGL Background Thread 1 ] DEBUG AssetLoaderService   - Loading from file system: /assets/ui/fonts/VarelaRound-Regular.ttf
20:44:24.780 [FXGL Background Thread 1 ] DEBUG AssetLoaderService   - Loading from file system: /assets/ui/fonts/Abel-Regular.ttf
20:44:24.782 [FXGL Background Thread 1 ] DEBUG AssetLoaderService   - Loading from file system: /assets/ui/fonts/lucida_console.ttf
20:44:24.786 [FXGL Background Thread 1 ] DEBUG AssetLoaderService   - Loading from file system: /assets/ui/fonts/Courier-Prime.ttf
20:44:24.793 [JavaFX Application Thread] DEBUG Input                - Registered new binding: Move Right - D
20:44:24.794 [JavaFX Application Thread] DEBUG Input                - Registered new binding: Move Left - A
20:44:24.794 [JavaFX Application Thread] DEBUG Input                - Registered new binding: Move Up - W
20:44:24.794 [JavaFX Application Thread] DEBUG Input                - Registered new binding: Move Down - S
20:44:24.794 [JavaFX Application Thread] DEBUG AssetLoaderService   - Loading from file system: /assets/textures/fxgl_icon.png
20:44:24.805 [JavaFX Application Thread] DEBUG AssetLoaderService   - Loading from file system: /assets/ui/cursors/fxgl_default.png
20:44:24.806 [JavaFX Application Thread] DEBUG Input                - Registered new binding: Screenshot - P
20:44:24.806 [JavaFX Application Thread] DEBUG Input                - Registered new binding: System info dump - CTRL+9
20:44:24.806 [JavaFX Application Thread] DEBUG Input                - Registered new binding: Restart - CTRL+R
20:44:24.807 [JavaFX Application Thread] DEBUG LoopRunner           - Starting loop
20:44:24.814 [JavaFX Application Thread] DEBUG FXGLStartupScene     - STARTUP
20:44:24.815 [JavaFX Application Thread] DEBUG Input                - Clearing active input actions
20:44:24.821 [JavaFX Application Thread] DEBUG WindowService        - Removing overlay from FXGLStartupScene and adding to 
20:44:24.821 [JavaFX Application Thread] DEBUG MainWindow           - FXGLStartupScene -> 
20:44:24.821 [JavaFX Application Thread] DEBUG MainWindow           - Push state: NewfoundlandRacerMainMenu
20:44:24.821 [JavaFX Application Thread] DEBUG Input                - Clearing active input actions
20:44:24.828 [JavaFX Application Thread] DEBUG WindowService        - Removing overlay from  and adding to NewfoundlandRacerMainMenu
20:44:24.828 [JavaFX Application Thread] DEBUG MainWindow           -  -> NewfoundlandRacerMainMenu
20:44:25.855 [JavaFX Application Thread] DEBUG Menu                 - fireNewGame()
20:44:25.855 [JavaFX Application Thread] DEBUG WindowService        - Starting new game
20:44:25.855 [JavaFX Application Thread] DEBUG MainWindow           - Pop state: NewfoundlandRacerMainMenu
20:44:25.855 [JavaFX Application Thread] DEBUG Input                - Clearing active input actions
20:44:25.856 [JavaFX Application Thread] DEBUG WindowService        - Removing overlay from NewfoundlandRacerMainMenu and adding to 
20:44:25.856 [JavaFX Application Thread] DEBUG MainWindow           -  <- NewfoundlandRacerMainMenu
20:44:25.856 [JavaFX Application Thread] DEBUG Input                - Clearing active input actions
20:44:25.861 [JavaFX Application Thread] DEBUG WindowService        - Removing overlay from  and adding to FXGLLoadingScene
20:44:25.861 [JavaFX Application Thread] DEBUG MainWindow           -  -> FXGLLoadingScene
20:44:25.861 [JavaFX Application Thread] DEBUG WindowService        - Clearing previous game
20:44:25.861 [JavaFX Application Thread] DEBUG GameScene            - Clearing game scene
20:44:25.861 [JavaFX Application Thread] DEBUG GameWorld            - Clearing game world
20:44:25.861 [JavaFX Application Thread] DEBUG PhysicsWorld         - Clearing physics world
20:44:25.862 [FXGL Background Thread 1 ] DEBUG GameApplication      - Initializing game
20:44:25.868 [FXGL Background Thread 1 ] DEBUG AssetLoaderService   - Loading from file system: /assets/textures/4lanehighway.png
20:44:25.931 [FXGL Background Thread 1 ] DEBUG AssetLoaderService   - Loading from file system: /assets/textures/player.png
20:44:25.944 [FXGL Background Thread 1 ] INFO  GameApplication      - Game initialization took: 0.081 sec
20:44:25.944 [JavaFX Application Thread] DEBUG Input                - Clearing active input actions
20:44:25.948 [JavaFX Application Thread] DEBUG WindowService        - Removing overlay from FXGLLoadingScene and adding to GameScene
20:44:25.948 [JavaFX Application Thread] DEBUG MainWindow           - FXGLLoadingScene -> GameScene
20:44:27.692 [JavaFX Application Thread] DEBUG AssetLoaderService   - Loading from file system: /assets/textures/driver0.png
20:44:27.737 [FXGL Background Thread 2 ] DEBUG Engine               - Logging environment variables
20:44:27.737 [FXGL Background Thread 2 ] DEBUG Engine               - achievements: []
20:44:27.737 [FXGL Background Thread 2 ] DEBUG Engine               - appIcon: fxgl_icon.png
20:44:27.737 [FXGL Background Thread 2 ] DEBUG Engine               - applicationMode: DEVELOPER
20:44:27.737 [FXGL Background Thread 2 ] DEBUG Engine               - cSSList: [fxgl_dark.css]
20:44:27.737 [FXGL Background Thread 2 ] DEBUG Engine               - configClass: Optional.empty
20:44:27.737 [FXGL Background Thread 2 ] DEBUG Engine               - credits: []
20:44:27.737 [FXGL Background Thread 2 ] DEBUG Engine               - devBBoxColorProperty: ObjectProperty [value: 0xff0000ff]
20:44:27.738 [FXGL Background Thread 2 ] DEBUG Engine               - devSensorColorProperty: ObjectProperty [value: 0xffff00ff]
20:44:27.738 [FXGL Background Thread 2 ] DEBUG Engine               - devShowBBoxProperty: BooleanProperty [value: false]
20:44:27.738 [FXGL Background Thread 2 ] DEBUG Engine               - devShowPositionProperty: BooleanProperty [value: false]
20:44:27.738 [FXGL Background Thread 2 ] DEBUG Engine               - enabledMenuItems: []
20:44:27.738 [FXGL Background Thread 2 ] DEBUG Engine               - engineServices: [class com.almasb.fxgl.app.GameApplication$GameApplicationService, class com.almasb.fxgl.app.services.WindowService, class com.almasb.fxgl.app.services.FXGLDialogService, class com.almasb.fxgl.app.services.IOTaskExecutorService, class com.almasb.fxgl.event.EventBusService, class com.almasb.fxgl.io.FileSystemService, class com.almasb.fxgl.localization.LocalizationService, class com.almasb.fxgl.app.services.AssetLoaderService, class com.almasb.fxgl.app.services.SystemBundleService, class com.almasb.fxgl.profile.SaveLoadService, class com.almasb.fxgl.ui.FXGLUIFactoryServiceProvider, class com.almasb.fxgl.ui.FXGLDialogFactoryServiceProvider, class com.almasb.fxgl.audio.AudioPlayer, class com.almasb.fxgl.notification.impl.NotificationServiceProvider, class com.almasb.fxgl.achievement.AchievementService, class com.almasb.fxgl.cutscene.CutsceneService, class com.almasb.fxgl.minigames.MiniGameService, class com.almasb.fxgl.net.NetService, class com.almasb.fxgl.app.services.UpdaterService, class com.almasb.fxgl.dev.DevService]
20:44:27.738 [FXGL Background Thread 2 ] DEBUG Engine               - fontGame: Abel-Regular.ttf
20:44:27.738 [FXGL Background Thread 2 ] DEBUG Engine               - fontMono: lucida_console.ttf
20:44:27.738 [FXGL Background Thread 2 ] DEBUG Engine               - fontText: Courier-Prime.ttf
20:44:27.738 [FXGL Background Thread 2 ] DEBUG Engine               - fontUI: VarelaRound-Regular.ttf
20:44:27.738 [FXGL Background Thread 2 ] DEBUG Engine               - fullScreen: BooleanProperty [value: false]
20:44:27.738 [FXGL Background Thread 2 ] DEBUG Engine               - gameDifficulty: MEDIUM
20:44:27.738 [FXGL Background Thread 2 ] DEBUG Engine               - gameDifficultyProperty: ObjectProperty [value: MEDIUM]
20:44:27.739 [FXGL Background Thread 2 ] DEBUG Engine               - globalMusicVolume: 0.5
20:44:27.739 [FXGL Background Thread 2 ] DEBUG Engine               - globalMusicVolumeProperty: DoubleProperty [value: 0.5]
20:44:27.739 [FXGL Background Thread 2 ] DEBUG Engine               - globalSoundVolume: 0.5
20:44:27.739 [FXGL Background Thread 2 ] DEBUG Engine               - globalSoundVolumeProperty: DoubleProperty [value: 0.5]
20:44:27.739 [FXGL Background Thread 2 ] DEBUG Engine               - height: 650
20:44:27.739 [FXGL Background Thread 2 ] DEBUG Engine               - isAndroid: false
20:44:27.739 [FXGL Background Thread 2 ] DEBUG Engine               - isBrowser: false
20:44:27.739 [FXGL Background Thread 2 ] DEBUG Engine               - isClickFeedbackEnabled: false
20:44:27.739 [FXGL Background Thread 2 ] DEBUG Engine               - isCloseConfirmation: false
20:44:27.739 [FXGL Background Thread 2 ] DEBUG Engine               - isDesktop: true
20:44:27.739 [FXGL Background Thread 2 ] DEBUG Engine               - isDeveloperMenuEnabled: false
20:44:27.739 [FXGL Background Thread 2 ] DEBUG Engine               - isExperimentalNative: false
20:44:27.739 [FXGL Background Thread 2 ] DEBUG Engine               - isExperimentalTiledLargeMap: false
20:44:27.739 [FXGL Background Thread 2 ] DEBUG Engine               - isFullScreenAllowed: false
20:44:27.739 [FXGL Background Thread 2 ] DEBUG Engine               - isFullScreenFromStart: false
20:44:27.739 [FXGL Background Thread 2 ] DEBUG Engine               - isGameMenuEnabled: true
20:44:27.739 [FXGL Background Thread 2 ] DEBUG Engine               - isIOS: false
20:44:27.739 [FXGL Background Thread 2 ] DEBUG Engine               - isIntroEnabled: false
20:44:27.739 [FXGL Background Thread 2 ] DEBUG Engine               - isLinux: false
20:44:27.739 [FXGL Background Thread 2 ] DEBUG Engine               - isMac: false
20:44:27.740 [FXGL Background Thread 2 ] DEBUG Engine               - isMainMenuEnabled: true
20:44:27.740 [FXGL Background Thread 2 ] DEBUG Engine               - isManualResizeEnabled: false
20:44:27.740 [FXGL Background Thread 2 ] DEBUG Engine               - isMobile: false
20:44:27.740 [FXGL Background Thread 2 ] DEBUG Engine               - isPreserveResizeRatio: false
20:44:27.740 [FXGL Background Thread 2 ] DEBUG Engine               - isProfilingEnabled: false
20:44:27.740 [FXGL Background Thread 2 ] DEBUG Engine               - isSingleStep: false
20:44:27.740 [FXGL Background Thread 2 ] DEBUG Engine               - isUserProfileEnabled: false
20:44:27.740 [FXGL Background Thread 2 ] DEBUG Engine               - isWindows: true
20:44:27.740 [FXGL Background Thread 2 ] DEBUG Engine               - language: ObjectProperty [value: ENGLISH]
20:44:27.740 [FXGL Background Thread 2 ] DEBUG Engine               - mainWindow: com.almasb.fxgl.app.MainWindow@1a3c1f57
20:44:27.740 [FXGL Background Thread 2 ] DEBUG Engine               - menuKey: ESCAPE
20:44:27.740 [FXGL Background Thread 2 ] DEBUG Engine               - notificationViewClass: class com.almasb.fxgl.notification.view.XboxNotificationView
20:44:27.740 [FXGL Background Thread 2 ] DEBUG Engine               - pixelsPerMeter: 50.0
20:44:27.740 [FXGL Background Thread 2 ] DEBUG Engine               - platform: WINDOWS
20:44:27.740 [FXGL Background Thread 2 ] DEBUG Engine               - profileDir: profiles/
20:44:27.740 [FXGL Background Thread 2 ] DEBUG Engine               - profileName: StringProperty [value: DEFAULT]
20:44:27.740 [FXGL Background Thread 2 ] DEBUG Engine               - randomSeed: -1
20:44:27.740 [FXGL Background Thread 2 ] DEBUG Engine               - runtimeInfo: RuntimeInfo(platform=WINDOWS, version=11.9, build=27.05.2020 17.06)
20:44:27.740 [FXGL Background Thread 2 ] DEBUG Engine               - saveFileExt: sav
20:44:27.740 [FXGL Background Thread 2 ] DEBUG Engine               - sceneFactory: MooseGame.NewfoundRacerApp$1@5f3e8274
20:44:27.741 [FXGL Background Thread 2 ] DEBUG Engine               - secondsIn24h: 60
20:44:27.741 [FXGL Background Thread 2 ] DEBUG Engine               - settings: Title: Newfoundland Moose Collision
Version: 0.1
Width: 840
Height: 650
Fullscreen: false
Intro: false
Profiling: false
Single step:false
App Mode: DEVELOPER
Menu Key: ESCAPE
Stage Style: DECORATED
Scene Factory: class MooseGame.NewfoundRacerApp$1

20:44:27.741 [FXGL Background Thread 2 ] DEBUG Engine               - soundMenuBack: menu/back.wav
20:44:27.741 [FXGL Background Thread 2 ] DEBUG Engine               - soundMenuPress: menu/press.wav
20:44:27.741 [FXGL Background Thread 2 ] DEBUG Engine               - soundMenuSelect: menu/select.wav
20:44:27.741 [FXGL Background Thread 2 ] DEBUG Engine               - soundNotification: core/notification.wav
20:44:27.741 [FXGL Background Thread 2 ] DEBUG Engine               - stageStyle: DECORATED
20:44:27.741 [FXGL Background Thread 2 ] DEBUG Engine               - supportedLanguages: [ENGLISH, FRENCH, GERMAN, HUNGARIAN, RUSSIAN]
20:44:27.741 [FXGL Background Thread 2 ] DEBUG Engine               - title: Newfoundland Moose Collision
20:44:27.741 [FXGL Background Thread 2 ] DEBUG Engine               - urlGithub: https://github.com/AlmasB/FXGL
20:44:27.741 [FXGL Background Thread 2 ] DEBUG Engine               - urlLeaderboard: http://fxgl-top.herokuapp.com/
20:44:27.741 [FXGL Background Thread 2 ] DEBUG Engine               - urlPOM: https://raw.githubusercontent.com/AlmasB/FXGL/master/pom.xml
20:44:27.741 [FXGL Background Thread 2 ] DEBUG Engine               - version: 0.1
20:44:27.741 [FXGL Background Thread 2 ] DEBUG Engine               - versionCheckDays: 7
20:44:27.741 [FXGL Background Thread 2 ] DEBUG Engine               - width: 840
20:44:27.741 [FXGL Background Thread 2 ] DEBUG Engine               - Logging services
20:44:27.741 [FXGL Background Thread 2 ] DEBUG Engine               - class com.almasb.fxgl.app.GameApplication$GameApplicationService
20:44:27.741 [FXGL Background Thread 2 ] DEBUG Engine               - class com.almasb.fxgl.app.services.WindowService
20:44:27.741 [FXGL Background Thread 2 ] DEBUG Engine               - class com.almasb.fxgl.app.services.FXGLDialogService
20:44:27.741 [FXGL Background Thread 2 ] DEBUG Engine               - class com.almasb.fxgl.app.services.IOTaskExecutorService
20:44:27.741 [FXGL Background Thread 2 ] DEBUG Engine               - class com.almasb.fxgl.event.EventBusService
20:44:27.741 [FXGL Background Thread 2 ] DEBUG Engine               - class com.almasb.fxgl.io.FileSystemService
20:44:27.741 [FXGL Background Thread 2 ] DEBUG Engine               - class com.almasb.fxgl.localization.LocalizationService
20:44:27.742 [FXGL Background Thread 2 ] DEBUG Engine               - class com.almasb.fxgl.app.services.AssetLoaderService
20:44:27.742 [FXGL Background Thread 2 ] DEBUG Engine               - class com.almasb.fxgl.app.services.SystemBundleService
20:44:27.742 [FXGL Background Thread 2 ] DEBUG Engine               - class com.almasb.fxgl.profile.SaveLoadService
20:44:27.742 [FXGL Background Thread 2 ] DEBUG Engine               - class com.almasb.fxgl.ui.FXGLUIFactoryServiceProvider
20:44:27.742 [FXGL Background Thread 2 ] DEBUG Engine               - class com.almasb.fxgl.ui.FXGLDialogFactoryServiceProvider
20:44:27.742 [FXGL Background Thread 2 ] DEBUG Engine               - class com.almasb.fxgl.audio.AudioPlayer
20:44:27.742 [FXGL Background Thread 2 ] DEBUG Engine               - class com.almasb.fxgl.notification.impl.NotificationServiceProvider
20:44:27.742 [FXGL Background Thread 2 ] DEBUG Engine               - class com.almasb.fxgl.achievement.AchievementService
20:44:27.742 [FXGL Background Thread 2 ] DEBUG Engine               - class com.almasb.fxgl.cutscene.CutsceneService
20:44:27.742 [FXGL Background Thread 2 ] DEBUG Engine               - class com.almasb.fxgl.minigames.MiniGameService
20:44:27.742 [FXGL Background Thread 2 ] DEBUG Engine               - class com.almasb.fxgl.net.NetService
20:44:27.742 [FXGL Background Thread 2 ] DEBUG Engine               - class com.almasb.fxgl.app.services.UpdaterService
20:44:27.742 [FXGL Background Thread 2 ] DEBUG Engine               - class com.almasb.fxgl.dev.DevService
20:44:28.523 [JavaFX Application Thread] DEBUG AssetLoaderService   - Loading from file system: /assets/textures/pothole.png
20:44:28.963 [JavaFX Application Thread] DEBUG AssetLoaderService   - Loading from file system: /assets/textures/driver2.png
20:44:30.216 [JavaFX Application Thread] DEBUG AssetLoaderService   - Loading from file system: /assets/textures/driver3.png
20:44:30.617 [JavaFX Application Thread] DEBUG AssetLoaderService   - Loading from file system: /assets/textures/cowmoosespriterunning.png
20:44:30.630 [JavaFX Application Thread] DEBUG AssetLoaderService   - Loading from cache: /assets/textures/pothole.png
20:44:31.451 [JavaFX Application Thread] DEBUG AssetLoaderService   - Loading from file system: /assets/textures/coin.png
20:44:31.467 [JavaFX Application Thread] DEBUG AssetLoaderService   - Loading from file system: /assets/textures/driver4.png
20:44:31.527 [JavaFX Application Thread] DEBUG MainWindow           - Push state: DialogSubScene
20:44:31.527 [JavaFX Application Thread] DEBUG Input                - Clearing active input actions
20:44:31.529 [JavaFX Application Thread] DEBUG WindowService        - Removing overlay from GameScene and adding to DialogSubScene
20:44:31.529 [JavaFX Application Thread] DEBUG MainWindow           - GameScene -> DialogSubScene
20:44:31.529 [JavaFX Application Thread] DEBUG MainWindow           - Push state: FXGLDefaultMenu
20:44:31.532 [JavaFX Application Thread] DEBUG Input                - Clearing active input actions
20:44:31.533 [JavaFX Application Thread] DEBUG WindowService        - Removing overlay from DialogSubScene and adding to FXGLDefaultMenu
20:44:31.533 [JavaFX Application Thread] DEBUG MainWindow           - DialogSubScene -> FXGLDefaultMenu
20:44:41.187 [JavaFX Application Thread] DEBUG Menu                 - fireResume()
20:44:41.188 [JavaFX Application Thread] DEBUG MainWindow           - Pop state: FXGLDefaultMenu
20:44:41.188 [JavaFX Application Thread] DEBUG Input                - Clearing active input actions
20:44:41.188 [JavaFX Application Thread] DEBUG WindowService        - Removing overlay from FXGLDefaultMenu and adding to DialogSubScene
20:44:41.189 [JavaFX Application Thread] DEBUG MainWindow           - DialogSubScene <- FXGLDefaultMenu
20:44:46.528 [JavaFX Application Thread] DEBUG MainWindow           - Pop state: DialogSubScene
20:44:46.528 [JavaFX Application Thread] DEBUG Input                - Clearing active input actions
20:44:46.528 [JavaFX Application Thread] DEBUG WindowService        - Removing overlay from DialogSubScene and adding to GameScene
20:44:46.528 [JavaFX Application Thread] DEBUG MainWindow           - GameScene <- DialogSubScene
20:44:47.714 [JavaFX Application Thread] DEBUG AssetLoaderService   - Loading from cache: /assets/textures/pothole.png
20:44:47.721 [JavaFX Application Thread] DEBUG AssetLoaderService   - Loading from file system: /assets/textures/driver1.png
20:44:48.981 [JavaFX Application Thread] DEBUG AssetLoaderService   - Loading from cache: /assets/textures/driver4.png
20:44:49.788 [JavaFX Application Thread] DEBUG AssetLoaderService   - Loading from cache: /assets/textures/cowmoosespriterunning.png
20:44:49.803 [JavaFX Application Thread] DEBUG AssetLoaderService   - Loading from cache: /assets/textures/pothole.png
20:44:50.235 [JavaFX Application Thread] DEBUG AssetLoaderService   - Loading from cache: /assets/textures/driver0.png
20:44:51.464 [JavaFX Application Thread] DEBUG AssetLoaderService   - Loading from cache: /assets/textures/coin.png
20:44:51.492 [JavaFX Application Thread] DEBUG AssetLoaderService   - Loading from cache: /assets/textures/driver2.png
20:44:51.896 [JavaFX Application Thread] DEBUG AssetLoaderService   - Loading from cache: /assets/textures/pothole.png
20:44:52.747 [JavaFX Application Thread] DEBUG AssetLoaderService   - Loading from cache: /assets/textures/driver0.png
20:44:53.963 [JavaFX Application Thread] DEBUG AssetLoaderService   - Loading from cache: /assets/textures/cowmoosespriterunning.png
20:44:53.979 [JavaFX Application Thread] DEBUG AssetLoaderService   - Loading from cache: /assets/textures/pothole.png
20:44:54.007 [JavaFX Application Thread] DEBUG AssetLoaderService   - Loading from cache: /assets/textures/driver0.png
20:44:55.259 [JavaFX Application Thread] DEBUG AssetLoaderService   - Loading from cache: /assets/textures/driver4.png
20:44:56.075 [JavaFX Application Thread] DEBUG AssetLoaderService   - Loading from cache: /assets/textures/pothole.png
20:44:56.472 [JavaFX Application Thread] DEBUG AssetLoaderService   - Loading from cache: /assets/textures/coin.png
20:44:56.521 [JavaFX Application Thread] DEBUG AssetLoaderService   - Loading from cache: /assets/textures/driver0.png
20:44:56.667 [JavaFX Application Thread] DEBUG MainWindow           - Push state: DialogSubScene
20:44:56.667 [JavaFX Application Thread] DEBUG Input                - Clearing active input actions
20:44:56.668 [JavaFX Application Thread] DEBUG WindowService        - Removing overlay from GameScene and adding to DialogSubScene
20:44:56.668 [JavaFX Application Thread] DEBUG MainWindow           - GameScene -> DialogSubScene
20:44:57.609 [JavaFX Application Thread] DEBUG MainWindow           - Pop state: DialogSubScene
20:44:57.609 [JavaFX Application Thread] DEBUG Input                - Clearing active input actions
20:44:57.610 [JavaFX Application Thread] DEBUG WindowService        - Removing overlay from DialogSubScene and adding to GameScene
20:44:57.610 [JavaFX Application Thread] DEBUG MainWindow           - GameScene <- DialogSubScene
20:44:57.812 [JavaFX Application Thread] DEBUG MainWindow           - Push state: DialogSubScene
20:44:57.812 [JavaFX Application Thread] DEBUG Input                - Clearing active input actions
20:44:57.813 [JavaFX Application Thread] DEBUG WindowService        - Removing overlay from GameScene and adding to DialogSubScene
20:44:57.813 [JavaFX Application Thread] DEBUG MainWindow           - GameScene -> DialogSubScene
20:44:58.298 [JavaFX Application Thread] DEBUG MainWindow           - Pop state: DialogSubScene
20:44:58.298 [JavaFX Application Thread] DEBUG Input                - Clearing active input actions
20:44:58.298 [JavaFX Application Thread] DEBUG WindowService        - Removing overlay from DialogSubScene and adding to GameScene
20:44:58.298 [JavaFX Application Thread] DEBUG MainWindow           - GameScene <- DialogSubScene
20:44:58.742 [JavaFX Application Thread] DEBUG MainWindow           - Push state: DialogSubScene
20:44:58.742 [JavaFX Application Thread] DEBUG Input                - Clearing active input actions
20:44:58.743 [JavaFX Application Thread] DEBUG WindowService        - Removing overlay from GameScene and adding to DialogSubScene
20:44:58.743 [JavaFX Application Thread] DEBUG MainWindow           - GameScene -> DialogSubScene
20:44:59.204 [JavaFX Application Thread] DEBUG MainWindow           - Pop state: DialogSubScene
20:44:59.204 [JavaFX Application Thread] DEBUG Input                - Clearing active input actions
20:44:59.204 [JavaFX Application Thread] DEBUG WindowService        - Removing overlay from DialogSubScene and adding to GameScene
20:44:59.204 [JavaFX Application Thread] DEBUG MainWindow           - GameScene <- DialogSubScene
20:44:59.418 [JavaFX Application Thread] DEBUG MainWindow           - Push state: DialogSubScene
20:44:59.418 [JavaFX Application Thread] DEBUG Input                - Clearing active input actions
20:44:59.419 [JavaFX Application Thread] DEBUG WindowService        - Removing overlay from GameScene and adding to DialogSubScene
20:44:59.419 [JavaFX Application Thread] DEBUG MainWindow           - GameScene -> DialogSubScene
20:44:59.873 [JavaFX Application Thread] DEBUG MainWindow           - Pop state: DialogSubScene
20:44:59.873 [JavaFX Application Thread] DEBUG Input                - Clearing active input actions
20:44:59.873 [JavaFX Application Thread] DEBUG WindowService        - Removing overlay from DialogSubScene and adding to GameScene
20:44:59.873 [JavaFX Application Thread] DEBUG MainWindow           - GameScene <- DialogSubScene
20:45:00.084 [JavaFX Application Thread] DEBUG AssetLoaderService   - Loading from cache: /assets/textures/driver4.png
20:45:00.263 [JavaFX Application Thread] DEBUG MainWindow           - Push state: DialogSubScene
20:45:00.263 [JavaFX Application Thread] DEBUG Input                - Clearing active input actions
20:45:00.264 [JavaFX Application Thread] DEBUG WindowService        - Removing overlay from GameScene and adding to DialogSubScene
20:45:00.264 [JavaFX Application Thread] DEBUG MainWindow           - GameScene -> DialogSubScene
20:45:00.693 [JavaFX Application Thread] DEBUG MainWindow           - Pop state: DialogSubScene
20:45:00.693 [JavaFX Application Thread] DEBUG Input                - Clearing active input actions
20:45:00.693 [JavaFX Application Thread] DEBUG WindowService        - Removing overlay from DialogSubScene and adding to GameScene
20:45:00.693 [JavaFX Application Thread] DEBUG MainWindow           - GameScene <- DialogSubScene
20:45:00.867 [JavaFX Application Thread] DEBUG AssetLoaderService   - Loading from cache: /assets/textures/cowmoosespriterunning.png
20:45:00.891 [JavaFX Application Thread] DEBUG AssetLoaderService   - Loading from cache: /assets/textures/pothole.png
20:45:00.908 [JavaFX Application Thread] DEBUG MainWindow           - Push state: DialogSubScene
20:45:00.908 [JavaFX Application Thread] DEBUG Input                - Clearing active input actions
20:45:00.911 [JavaFX Application Thread] DEBUG WindowService        - Removing overlay from GameScene and adding to DialogSubScene
20:45:00.912 [JavaFX Application Thread] DEBUG MainWindow           - GameScene -> DialogSubScene
20:45:01.391 [JavaFX Application Thread] DEBUG MainWindow           - Pop state: DialogSubScene
20:45:01.391 [JavaFX Application Thread] DEBUG Input                - Clearing active input actions
20:45:01.391 [JavaFX Application Thread] DEBUG WindowService        - Removing overlay from DialogSubScene and adding to GameScene
20:45:01.391 [JavaFX Application Thread] DEBUG MainWindow           - GameScene <- DialogSubScene
20:45:02.243 [JavaFX Application Thread] DEBUG AssetLoaderService   - Loading from cache: /assets/textures/driver2.png
20:45:02.892 [JavaFX Application Thread] DEBUG GameApplication      - Exiting FXGL
20:45:02.892 [JavaFX Application Thread] DEBUG LoopRunner           - Stopping loop
20:45:02.892 [JavaFX Application Thread] DEBUG SystemBundleService  - Saving FXGL system data
20:45:02.893 [JavaFX Application Thread] DEBUG FileSystemAccess     - Writing to: E:\secondYear\Java\NewfoundlandRacer\system\fxgl.bundle
20:45:02.894 [JavaFX Application Thread] DEBUG GameApplication      - Shutting down background threads
20:45:02.894 [JavaFX Application Thread] DEBUG GameApplication      - Closing logger and exiting JavaFX
