22:06:05.485 [main                     ] DEBUG GameApplication      - Logger initialized
22:06:05.489 [main                     ] DEBUG GameApplication      - Logging settings
Title: Newfoundland Moose Collision
Version: 0.1
Width: 840
Height: 650
Fullscreen: false
Intro: false
Profiling: false
Single step:false
App Mode: DEVELOPER
Menu Key: ESCAPE
Stage Style: DECORATED
Scene Factory: class MooseGame.NewfoundRacerApp$1

22:06:05.883 [JavaFX Application Thread] DEBUG GameApplication      - Initializing FXGL
22:06:05.896 [JavaFX Application Thread] INFO  Engine               - FXGL-11.9 (27.05.2020 17.06) on WINDOWS (J:14.0.1 FX:13.0.2)
22:06:05.896 [JavaFX Application Thread] DEBUG Engine               - JRE Vendor Name: Oracle Corporation
22:06:05.897 [JavaFX Application Thread] DEBUG Engine               - Running on OS: Windows 10 version 10.0
22:06:05.897 [JavaFX Application Thread] DEBUG Engine               - Architecture: amd64
22:06:05.897 [JavaFX Application Thread] INFO  Engine               - Source code and latest versions at: https://github.com/AlmasB/FXGL
22:06:05.897 [JavaFX Application Thread] INFO  Engine               -              Join the FXGL chat at: https://gitter.im/AlmasB/FXGL
22:06:06.018 [JavaFX Application Thread] DEBUG MainWindow           - Creating a JavaFX scene
22:06:06.064 [JavaFX Application Thread] DEBUG MainWindow           - Target settings size: 840.0 x 650.0
22:06:06.064 [JavaFX Application Thread] DEBUG MainWindow           - Scaled scene size:    840.0 x 650.0
22:06:06.064 [JavaFX Application Thread] DEBUG MainWindow           - Scaled ratio: (1.0, 1.0)
22:06:06.065 [JavaFX Application Thread] DEBUG MainWindow           - Set initial scene to FXGLStartupScene
22:06:06.072 [JavaFX Application Thread] DEBUG MainWindow           - Opening main window
22:06:06.160 [JavaFX Application Thread] DEBUG MainWindow           - Window border size: (16.0, 39.0)
22:06:06.161 [JavaFX Application Thread] DEBUG MainWindow           - Scaled size: 840.0 x 650.0
22:06:06.161 [JavaFX Application Thread] DEBUG MainWindow           - Scaled ratio: (1.0, 1.0)
22:06:06.161 [JavaFX Application Thread] DEBUG MainWindow           - Scene size: 840.0 x 650.0
22:06:06.161 [JavaFX Application Thread] DEBUG MainWindow           - Stage size: 856.0 x 689.0
22:06:06.167 [FXGL Background Thread 1 ] DEBUG Engine               - Initializing environment variables
22:06:06.186 [FXGL Background Thread 1 ] DEBUG WindowService        - Applying CSS: fxgl_dark.css
22:06:06.187 [FXGL Background Thread 1 ] DEBUG AssetLoaderService   - Loading from file system: /assets/ui/css/fxgl_dark.css
22:06:06.222 [FXGL Background Thread 1 ] DEBUG WindowService        - Initializing application scenes
22:06:06.249 [FXGL Background Thread 1 ] DEBUG GameWorld            - Game world initialized
22:06:06.282 [FXGL Background Thread 1 ] DEBUG PhysicsWorld         - Physics world initialized: appHeight=650, physics.ppm=50.0
22:06:06.284 [FXGL Background Thread 1 ] DEBUG GameScene            - Game scene initialized: 840x650
22:06:06.309 [FXGL Background Thread 1 ] DEBUG AssetLoaderService   - Loading from file system: /assets/textures/particles/trace_horizontal.png
22:06:06.361 [FXGL Background Thread 1 ] DEBUG FXGL.DefaultMenu     - createMenuBodyGameMenu()
22:06:06.375 [FXGL Background Thread 1 ] DEBUG FXGL.DefaultMenu     - createOptionsMenu()
22:06:06.379 [FXGL Background Thread 1 ] DEBUG AssetLoaderService   - Loading from file system: /assets/textures/particles/smoke.png
22:06:06.430 [FXGL Background Thread 1 ] DEBUG WindowService        - Application scenes initialized
22:06:06.442 [FXGL Background Thread 1 ] DEBUG SystemBundleService  - Loading FXGL system data
22:06:06.446 [FXGL Background Thread 1 ] DEBUG FileSystemAccess     - Reading from: E:\secondYear\Java\NewfoundlandRacer\system\fxgl.bundle
22:06:06.452 [FXGL Background Thread 1 ] DEBUG SystemBundleService  - Bundle FXGL: {}
22:06:06.452 [FXGL Background Thread 1 ] INFO  Engine               - FXGL initialization took: 0.284 sec
22:06:06.454 [FXGL Background Thread 1 ] DEBUG GameApplication      - Loading localizations
22:06:06.455 [FXGL Background Thread 1 ] DEBUG AssetLoaderService   - Loading from file system: /assets/languages/english.lang
22:06:06.464 [FXGL Background Thread 1 ] DEBUG AssetLoaderService   - Loading from file system: /assets/languages/french.lang
22:06:06.466 [FXGL Background Thread 1 ] DEBUG AssetLoaderService   - Loading from file system: /assets/languages/german.lang
22:06:06.467 [FXGL Background Thread 1 ] DEBUG AssetLoaderService   - Loading from file system: /assets/languages/hungarian.lang
22:06:06.470 [FXGL Background Thread 1 ] DEBUG AssetLoaderService   - Loading from file system: /assets/languages/russian.lang
22:06:06.472 [FXGL Background Thread 1 ] DEBUG GameApplication      - Registering font factories with UI factory
22:06:06.472 [FXGL Background Thread 1 ] DEBUG AssetLoaderService   - Loading from file system: /assets/ui/fonts/VarelaRound-Regular.ttf
22:06:06.509 [FXGL Background Thread 1 ] DEBUG AssetLoaderService   - Loading from file system: /assets/ui/fonts/Abel-Regular.ttf
22:06:06.512 [FXGL Background Thread 1 ] DEBUG AssetLoaderService   - Loading from file system: /assets/ui/fonts/lucida_console.ttf
22:06:06.517 [FXGL Background Thread 1 ] DEBUG AssetLoaderService   - Loading from file system: /assets/ui/fonts/Courier-Prime.ttf
22:06:06.526 [JavaFX Application Thread] DEBUG Input                - Registered new binding: Move Right - D
22:06:06.527 [JavaFX Application Thread] DEBUG Input                - Registered new binding: Move Left - A
22:06:06.527 [JavaFX Application Thread] DEBUG Input                - Registered new binding: Move Up - W
22:06:06.527 [JavaFX Application Thread] DEBUG Input                - Registered new binding: Move Down - S
22:06:06.527 [JavaFX Application Thread] DEBUG AssetLoaderService   - Loading from file system: /assets/textures/fxgl_icon.png
22:06:06.541 [JavaFX Application Thread] DEBUG AssetLoaderService   - Loading from file system: /assets/ui/cursors/fxgl_default.png
22:06:06.543 [JavaFX Application Thread] DEBUG Input                - Registered new binding: Screenshot - P
22:06:06.543 [JavaFX Application Thread] DEBUG Input                - Registered new binding: System info dump - CTRL+9
22:06:06.544 [JavaFX Application Thread] DEBUG Input                - Registered new binding: Restart - CTRL+R
22:06:06.544 [JavaFX Application Thread] DEBUG LoopRunner           - Starting loop
22:06:06.572 [JavaFX Application Thread] DEBUG FXGLStartupScene     - STARTUP
22:06:06.573 [JavaFX Application Thread] DEBUG Input                - Clearing active input actions
22:06:06.578 [JavaFX Application Thread] DEBUG WindowService        - Removing overlay from FXGLStartupScene and adding to 
22:06:06.578 [JavaFX Application Thread] DEBUG MainWindow           - FXGLStartupScene -> 
22:06:06.578 [JavaFX Application Thread] DEBUG MainWindow           - Push state: NewfoundlandRacerMainMenu
22:06:06.578 [JavaFX Application Thread] DEBUG Input                - Clearing active input actions
22:06:06.582 [JavaFX Application Thread] DEBUG WindowService        - Removing overlay from  and adding to NewfoundlandRacerMainMenu
22:06:06.582 [JavaFX Application Thread] DEBUG MainWindow           -  -> NewfoundlandRacerMainMenu
22:06:07.123 [JavaFX Application Thread] DEBUG Menu                 - fireNewGame()
22:06:07.123 [JavaFX Application Thread] DEBUG WindowService        - Starting new game
22:06:07.124 [JavaFX Application Thread] DEBUG MainWindow           - Pop state: NewfoundlandRacerMainMenu
22:06:07.124 [JavaFX Application Thread] DEBUG Input                - Clearing active input actions
22:06:07.124 [JavaFX Application Thread] DEBUG WindowService        - Removing overlay from NewfoundlandRacerMainMenu and adding to 
22:06:07.124 [JavaFX Application Thread] DEBUG MainWindow           -  <- NewfoundlandRacerMainMenu
22:06:07.124 [JavaFX Application Thread] DEBUG Input                - Clearing active input actions
22:06:07.130 [JavaFX Application Thread] DEBUG WindowService        - Removing overlay from  and adding to FXGLLoadingScene
22:06:07.130 [JavaFX Application Thread] DEBUG MainWindow           -  -> FXGLLoadingScene
22:06:07.130 [JavaFX Application Thread] DEBUG WindowService        - Clearing previous game
22:06:07.130 [JavaFX Application Thread] DEBUG GameScene            - Clearing game scene
22:06:07.130 [JavaFX Application Thread] DEBUG GameWorld            - Clearing game world
22:06:07.130 [JavaFX Application Thread] DEBUG PhysicsWorld         - Clearing physics world
22:06:07.132 [FXGL Background Thread 1 ] DEBUG GameApplication      - Initializing game
22:06:07.138 [FXGL Background Thread 1 ] DEBUG AssetLoaderService   - Loading from file system: /assets/textures/4lanehighway.png
22:06:07.206 [FXGL Background Thread 1 ] DEBUG AssetLoaderService   - Loading from file system: /assets/textures/player.png
22:06:07.220 [FXGL Background Thread 1 ] INFO  GameApplication      - Game initialization took: 0.088 sec
22:06:07.220 [JavaFX Application Thread] DEBUG Input                - Clearing active input actions
22:06:07.225 [JavaFX Application Thread] DEBUG WindowService        - Removing overlay from FXGLLoadingScene and adding to GameScene
22:06:07.225 [JavaFX Application Thread] DEBUG MainWindow           - FXGLLoadingScene -> GameScene
22:06:07.694 [JavaFX Application Thread] DEBUG AssetLoaderService   - Loading from file system: /assets/textures/driver3.png
22:06:08.157 [JavaFX Application Thread] DEBUG AssetLoaderService   - Loading from file system: /assets/textures/driver0.png
22:06:08.670 [JavaFX Application Thread] DEBUG AssetLoaderService   - Loading from cache: /assets/textures/driver0.png
22:06:09.183 [JavaFX Application Thread] DEBUG AssetLoaderService   - Loading from file system: /assets/textures/cowmoosespriterunning.png
22:06:09.214 [JavaFX Application Thread] DEBUG AssetLoaderService   - Loading from cache: /assets/textures/driver0.png
22:06:09.454 [FXGL Background Thread 2 ] DEBUG Engine               - Logging environment variables
22:06:09.454 [FXGL Background Thread 2 ] DEBUG Engine               - achievements: []
22:06:09.454 [FXGL Background Thread 2 ] DEBUG Engine               - appIcon: fxgl_icon.png
22:06:09.454 [FXGL Background Thread 2 ] DEBUG Engine               - applicationMode: DEVELOPER
22:06:09.454 [FXGL Background Thread 2 ] DEBUG Engine               - cSSList: [fxgl_dark.css]
22:06:09.454 [FXGL Background Thread 2 ] DEBUG Engine               - configClass: Optional.empty
22:06:09.455 [FXGL Background Thread 2 ] DEBUG Engine               - credits: []
22:06:09.455 [FXGL Background Thread 2 ] DEBUG Engine               - devBBoxColorProperty: ObjectProperty [value: 0xff0000ff]
22:06:09.455 [FXGL Background Thread 2 ] DEBUG Engine               - devSensorColorProperty: ObjectProperty [value: 0xffff00ff]
22:06:09.455 [FXGL Background Thread 2 ] DEBUG Engine               - devShowBBoxProperty: BooleanProperty [value: false]
22:06:09.455 [FXGL Background Thread 2 ] DEBUG Engine               - devShowPositionProperty: BooleanProperty [value: false]
22:06:09.455 [FXGL Background Thread 2 ] DEBUG Engine               - enabledMenuItems: []
22:06:09.456 [FXGL Background Thread 2 ] DEBUG Engine               - engineServices: [class com.almasb.fxgl.app.GameApplication$GameApplicationService, class com.almasb.fxgl.app.services.WindowService, class com.almasb.fxgl.app.services.FXGLDialogService, class com.almasb.fxgl.app.services.IOTaskExecutorService, class com.almasb.fxgl.event.EventBusService, class com.almasb.fxgl.io.FileSystemService, class com.almasb.fxgl.localization.LocalizationService, class com.almasb.fxgl.app.services.AssetLoaderService, class com.almasb.fxgl.app.services.SystemBundleService, class com.almasb.fxgl.profile.SaveLoadService, class com.almasb.fxgl.ui.FXGLUIFactoryServiceProvider, class com.almasb.fxgl.ui.FXGLDialogFactoryServiceProvider, class com.almasb.fxgl.audio.AudioPlayer, class com.almasb.fxgl.notification.impl.NotificationServiceProvider, class com.almasb.fxgl.achievement.AchievementService, class com.almasb.fxgl.cutscene.CutsceneService, class com.almasb.fxgl.minigames.MiniGameService, class com.almasb.fxgl.net.NetService, class com.almasb.fxgl.app.services.UpdaterService, class com.almasb.fxgl.dev.DevService]
22:06:09.456 [FXGL Background Thread 2 ] DEBUG Engine               - fontGame: Abel-Regular.ttf
22:06:09.456 [FXGL Background Thread 2 ] DEBUG Engine               - fontMono: lucida_console.ttf
22:06:09.456 [FXGL Background Thread 2 ] DEBUG Engine               - fontText: Courier-Prime.ttf
22:06:09.456 [FXGL Background Thread 2 ] DEBUG Engine               - fontUI: VarelaRound-Regular.ttf
22:06:09.456 [FXGL Background Thread 2 ] DEBUG Engine               - fullScreen: BooleanProperty [value: false]
22:06:09.456 [FXGL Background Thread 2 ] DEBUG Engine               - gameDifficulty: MEDIUM
22:06:09.456 [FXGL Background Thread 2 ] DEBUG Engine               - gameDifficultyProperty: ObjectProperty [value: MEDIUM]
22:06:09.456 [FXGL Background Thread 2 ] DEBUG Engine               - globalMusicVolume: 0.5
22:06:09.456 [FXGL Background Thread 2 ] DEBUG Engine               - globalMusicVolumeProperty: DoubleProperty [value: 0.5]
22:06:09.457 [FXGL Background Thread 2 ] DEBUG Engine               - globalSoundVolume: 0.5
22:06:09.457 [FXGL Background Thread 2 ] DEBUG Engine               - globalSoundVolumeProperty: DoubleProperty [value: 0.5]
22:06:09.457 [FXGL Background Thread 2 ] DEBUG Engine               - height: 650
22:06:09.457 [FXGL Background Thread 2 ] DEBUG Engine               - isAndroid: false
22:06:09.457 [FXGL Background Thread 2 ] DEBUG Engine               - isBrowser: false
22:06:09.457 [FXGL Background Thread 2 ] DEBUG Engine               - isClickFeedbackEnabled: false
22:06:09.457 [FXGL Background Thread 2 ] DEBUG Engine               - isCloseConfirmation: false
22:06:09.457 [FXGL Background Thread 2 ] DEBUG Engine               - isDesktop: true
22:06:09.457 [FXGL Background Thread 2 ] DEBUG Engine               - isDeveloperMenuEnabled: false
22:06:09.457 [FXGL Background Thread 2 ] DEBUG Engine               - isExperimentalNative: false
22:06:09.457 [FXGL Background Thread 2 ] DEBUG Engine               - isExperimentalTiledLargeMap: false
22:06:09.457 [FXGL Background Thread 2 ] DEBUG Engine               - isFullScreenAllowed: false
22:06:09.458 [FXGL Background Thread 2 ] DEBUG Engine               - isFullScreenFromStart: false
22:06:09.458 [FXGL Background Thread 2 ] DEBUG Engine               - isGameMenuEnabled: true
22:06:09.458 [FXGL Background Thread 2 ] DEBUG Engine               - isIOS: false
22:06:09.458 [FXGL Background Thread 2 ] DEBUG Engine               - isIntroEnabled: false
22:06:09.458 [FXGL Background Thread 2 ] DEBUG Engine               - isLinux: false
22:06:09.458 [FXGL Background Thread 2 ] DEBUG Engine               - isMac: false
22:06:09.458 [FXGL Background Thread 2 ] DEBUG Engine               - isMainMenuEnabled: true
22:06:09.458 [FXGL Background Thread 2 ] DEBUG Engine               - isManualResizeEnabled: false
22:06:09.458 [FXGL Background Thread 2 ] DEBUG Engine               - isMobile: false
22:06:09.458 [FXGL Background Thread 2 ] DEBUG Engine               - isPreserveResizeRatio: false
22:06:09.458 [FXGL Background Thread 2 ] DEBUG Engine               - isProfilingEnabled: false
22:06:09.459 [FXGL Background Thread 2 ] DEBUG Engine               - isSingleStep: false
22:06:09.459 [FXGL Background Thread 2 ] DEBUG Engine               - isUserProfileEnabled: false
22:06:09.459 [FXGL Background Thread 2 ] DEBUG Engine               - isWindows: true
22:06:09.459 [FXGL Background Thread 2 ] DEBUG Engine               - language: ObjectProperty [value: ENGLISH]
22:06:09.459 [FXGL Background Thread 2 ] DEBUG Engine               - mainWindow: com.almasb.fxgl.app.MainWindow@f51e7e4
22:06:09.459 [FXGL Background Thread 2 ] DEBUG Engine               - menuKey: ESCAPE
22:06:09.459 [FXGL Background Thread 2 ] DEBUG Engine               - notificationViewClass: class com.almasb.fxgl.notification.view.XboxNotificationView
22:06:09.459 [FXGL Background Thread 2 ] DEBUG Engine               - pixelsPerMeter: 50.0
22:06:09.459 [FXGL Background Thread 2 ] DEBUG Engine               - platform: WINDOWS
22:06:09.459 [FXGL Background Thread 2 ] DEBUG Engine               - profileDir: profiles/
22:06:09.459 [FXGL Background Thread 2 ] DEBUG Engine               - profileName: StringProperty [value: DEFAULT]
22:06:09.459 [FXGL Background Thread 2 ] DEBUG Engine               - randomSeed: -1
22:06:09.459 [FXGL Background Thread 2 ] DEBUG Engine               - runtimeInfo: RuntimeInfo(platform=WINDOWS, version=11.9, build=27.05.2020 17.06)
22:06:09.459 [FXGL Background Thread 2 ] DEBUG Engine               - saveFileExt: sav
22:06:09.459 [FXGL Background Thread 2 ] DEBUG Engine               - sceneFactory: MooseGame.NewfoundRacerApp$1@4a53686a
22:06:09.459 [FXGL Background Thread 2 ] DEBUG Engine               - secondsIn24h: 60
22:06:09.459 [FXGL Background Thread 2 ] DEBUG Engine               - settings: Title: Newfoundland Moose Collision
Version: 0.1
Width: 840
Height: 650
Fullscreen: false
Intro: false
Profiling: false
Single step:false
App Mode: DEVELOPER
Menu Key: ESCAPE
Stage Style: DECORATED
Scene Factory: class MooseGame.NewfoundRacerApp$1

22:06:09.459 [FXGL Background Thread 2 ] DEBUG Engine               - soundMenuBack: menu/back.wav
22:06:09.459 [FXGL Background Thread 2 ] DEBUG Engine               - soundMenuPress: menu/press.wav
22:06:09.459 [FXGL Background Thread 2 ] DEBUG Engine               - soundMenuSelect: menu/select.wav
22:06:09.459 [FXGL Background Thread 2 ] DEBUG Engine               - soundNotification: core/notification.wav
22:06:09.459 [FXGL Background Thread 2 ] DEBUG Engine               - stageStyle: DECORATED
22:06:09.460 [FXGL Background Thread 2 ] DEBUG Engine               - supportedLanguages: [ENGLISH, FRENCH, GERMAN, HUNGARIAN, RUSSIAN]
22:06:09.460 [FXGL Background Thread 2 ] DEBUG Engine               - title: Newfoundland Moose Collision
22:06:09.460 [FXGL Background Thread 2 ] DEBUG Engine               - urlGithub: https://github.com/AlmasB/FXGL
22:06:09.460 [FXGL Background Thread 2 ] DEBUG Engine               - urlLeaderboard: http://fxgl-top.herokuapp.com/
22:06:09.460 [FXGL Background Thread 2 ] DEBUG Engine               - urlPOM: https://raw.githubusercontent.com/AlmasB/FXGL/master/pom.xml
22:06:09.460 [FXGL Background Thread 2 ] DEBUG Engine               - version: 0.1
22:06:09.460 [FXGL Background Thread 2 ] DEBUG Engine               - versionCheckDays: 7
22:06:09.460 [FXGL Background Thread 2 ] DEBUG Engine               - width: 840
22:06:09.460 [FXGL Background Thread 2 ] DEBUG Engine               - Logging services
22:06:09.460 [FXGL Background Thread 2 ] DEBUG Engine               - class com.almasb.fxgl.app.GameApplication$GameApplicationService
22:06:09.460 [FXGL Background Thread 2 ] DEBUG Engine               - class com.almasb.fxgl.app.services.WindowService
22:06:09.460 [FXGL Background Thread 2 ] DEBUG Engine               - class com.almasb.fxgl.app.services.FXGLDialogService
22:06:09.460 [FXGL Background Thread 2 ] DEBUG Engine               - class com.almasb.fxgl.app.services.IOTaskExecutorService
22:06:09.460 [FXGL Background Thread 2 ] DEBUG Engine               - class com.almasb.fxgl.event.EventBusService
22:06:09.460 [FXGL Background Thread 2 ] DEBUG Engine               - class com.almasb.fxgl.io.FileSystemService
22:06:09.460 [FXGL Background Thread 2 ] DEBUG Engine               - class com.almasb.fxgl.localization.LocalizationService
22:06:09.460 [FXGL Background Thread 2 ] DEBUG Engine               - class com.almasb.fxgl.app.services.AssetLoaderService
22:06:09.460 [FXGL Background Thread 2 ] DEBUG Engine               - class com.almasb.fxgl.app.services.SystemBundleService
22:06:09.460 [FXGL Background Thread 2 ] DEBUG Engine               - class com.almasb.fxgl.profile.SaveLoadService
22:06:09.460 [FXGL Background Thread 2 ] DEBUG Engine               - class com.almasb.fxgl.ui.FXGLUIFactoryServiceProvider
22:06:09.460 [FXGL Background Thread 2 ] DEBUG Engine               - class com.almasb.fxgl.ui.FXGLDialogFactoryServiceProvider
22:06:09.460 [FXGL Background Thread 2 ] DEBUG Engine               - class com.almasb.fxgl.audio.AudioPlayer
22:06:09.460 [FXGL Background Thread 2 ] DEBUG Engine               - class com.almasb.fxgl.notification.impl.NotificationServiceProvider
22:06:09.460 [FXGL Background Thread 2 ] DEBUG Engine               - class com.almasb.fxgl.achievement.AchievementService
22:06:09.460 [FXGL Background Thread 2 ] DEBUG Engine               - class com.almasb.fxgl.cutscene.CutsceneService
22:06:09.460 [FXGL Background Thread 2 ] DEBUG Engine               - class com.almasb.fxgl.minigames.MiniGameService
22:06:09.460 [FXGL Background Thread 2 ] DEBUG Engine               - class com.almasb.fxgl.net.NetService
22:06:09.461 [FXGL Background Thread 2 ] DEBUG Engine               - class com.almasb.fxgl.app.services.UpdaterService
22:06:09.461 [FXGL Background Thread 2 ] DEBUG Engine               - class com.almasb.fxgl.dev.DevService
22:06:09.726 [JavaFX Application Thread] DEBUG AssetLoaderService   - Loading from file system: /assets/textures/driver4.png
22:06:10.237 [JavaFX Application Thread] DEBUG AssetLoaderService   - Loading from cache: /assets/textures/driver3.png
22:06:10.767 [JavaFX Application Thread] DEBUG AssetLoaderService   - Loading from file system: /assets/textures/driver1.png
22:06:11.198 [JavaFX Application Thread] DEBUG AssetLoaderService   - Loading from cache: /assets/textures/cowmoosespriterunning.png
22:06:11.277 [JavaFX Application Thread] DEBUG AssetLoaderService   - Loading from cache: /assets/textures/driver3.png
22:06:11.789 [JavaFX Application Thread] DEBUG AssetLoaderService   - Loading from cache: /assets/textures/driver1.png
22:06:12.301 [JavaFX Application Thread] DEBUG AssetLoaderService   - Loading from cache: /assets/textures/driver4.png
22:06:12.829 [JavaFX Application Thread] DEBUG AssetLoaderService   - Loading from cache: /assets/textures/driver0.png
22:06:13.214 [JavaFX Application Thread] DEBUG AssetLoaderService   - Loading from cache: /assets/textures/cowmoosespriterunning.png
22:06:13.341 [JavaFX Application Thread] DEBUG AssetLoaderService   - Loading from file system: /assets/textures/driver2.png
22:06:13.854 [JavaFX Application Thread] DEBUG AssetLoaderService   - Loading from cache: /assets/textures/driver4.png
22:06:14.382 [JavaFX Application Thread] DEBUG AssetLoaderService   - Loading from cache: /assets/textures/driver1.png
22:06:14.894 [JavaFX Application Thread] DEBUG AssetLoaderService   - Loading from cache: /assets/textures/driver2.png
22:06:15.231 [JavaFX Application Thread] DEBUG AssetLoaderService   - Loading from cache: /assets/textures/cowmoosespriterunning.png
22:06:15.389 [JavaFX Application Thread] DEBUG AssetLoaderService   - Loading from cache: /assets/textures/driver3.png
22:06:15.886 [JavaFX Application Thread] DEBUG AssetLoaderService   - Loading from cache: /assets/textures/driver0.png
22:06:16.397 [JavaFX Application Thread] DEBUG AssetLoaderService   - Loading from cache: /assets/textures/driver2.png
22:06:16.894 [JavaFX Application Thread] DEBUG AssetLoaderService   - Loading from cache: /assets/textures/driver1.png
22:06:17.167 [JavaFX Application Thread] DEBUG AssetLoaderService   - Loading from file system: /assets/textures/coin.png
22:06:17.230 [JavaFX Application Thread] DEBUG AssetLoaderService   - Loading from cache: /assets/textures/cowmoosespriterunning.png
22:06:17.390 [JavaFX Application Thread] DEBUG AssetLoaderService   - Loading from cache: /assets/textures/driver4.png
22:06:17.886 [JavaFX Application Thread] DEBUG AssetLoaderService   - Loading from cache: /assets/textures/driver4.png
22:06:18.398 [JavaFX Application Thread] DEBUG AssetLoaderService   - Loading from cache: /assets/textures/driver1.png
22:06:18.895 [JavaFX Application Thread] DEBUG AssetLoaderService   - Loading from cache: /assets/textures/driver4.png
22:06:19.230 [JavaFX Application Thread] DEBUG AssetLoaderService   - Loading from cache: /assets/textures/cowmoosespriterunning.png
22:06:19.390 [JavaFX Application Thread] DEBUG AssetLoaderService   - Loading from cache: /assets/textures/driver0.png
22:06:19.885 [JavaFX Application Thread] DEBUG AssetLoaderService   - Loading from cache: /assets/textures/driver1.png
22:06:20.399 [JavaFX Application Thread] DEBUG AssetLoaderService   - Loading from cache: /assets/textures/driver2.png
22:06:20.893 [JavaFX Application Thread] DEBUG AssetLoaderService   - Loading from cache: /assets/textures/driver3.png
22:06:21.229 [JavaFX Application Thread] DEBUG AssetLoaderService   - Loading from cache: /assets/textures/cowmoosespriterunning.png
22:06:21.389 [JavaFX Application Thread] DEBUG AssetLoaderService   - Loading from cache: /assets/textures/driver4.png
22:06:21.885 [JavaFX Application Thread] DEBUG AssetLoaderService   - Loading from cache: /assets/textures/driver2.png
22:06:22.398 [JavaFX Application Thread] DEBUG AssetLoaderService   - Loading from cache: /assets/textures/driver4.png
22:06:22.893 [JavaFX Application Thread] DEBUG AssetLoaderService   - Loading from cache: /assets/textures/driver3.png
22:06:23.230 [JavaFX Application Thread] DEBUG AssetLoaderService   - Loading from cache: /assets/textures/cowmoosespriterunning.png
22:06:23.405 [JavaFX Application Thread] DEBUG AssetLoaderService   - Loading from cache: /assets/textures/driver3.png
22:06:23.932 [JavaFX Application Thread] DEBUG AssetLoaderService   - Loading from cache: /assets/textures/driver3.png
22:06:24.447 [JavaFX Application Thread] DEBUG AssetLoaderService   - Loading from cache: /assets/textures/driver0.png
22:06:24.958 [JavaFX Application Thread] DEBUG AssetLoaderService   - Loading from cache: /assets/textures/driver1.png
22:06:25.246 [JavaFX Application Thread] DEBUG AssetLoaderService   - Loading from cache: /assets/textures/cowmoosespriterunning.png
22:06:25.471 [JavaFX Application Thread] DEBUG AssetLoaderService   - Loading from cache: /assets/textures/driver3.png
22:06:25.997 [JavaFX Application Thread] DEBUG AssetLoaderService   - Loading from cache: /assets/textures/driver3.png
22:06:26.511 [JavaFX Application Thread] DEBUG AssetLoaderService   - Loading from cache: /assets/textures/driver2.png
22:06:27.021 [JavaFX Application Thread] DEBUG AssetLoaderService   - Loading from cache: /assets/textures/driver0.png
22:06:27.165 [JavaFX Application Thread] DEBUG AssetLoaderService   - Loading from cache: /assets/textures/coin.png
22:06:27.261 [JavaFX Application Thread] DEBUG AssetLoaderService   - Loading from cache: /assets/textures/cowmoosespriterunning.png
22:06:27.549 [JavaFX Application Thread] DEBUG AssetLoaderService   - Loading from cache: /assets/textures/driver4.png
22:06:28.061 [JavaFX Application Thread] DEBUG AssetLoaderService   - Loading from cache: /assets/textures/driver0.png
22:06:28.993 [JavaFX Application Thread] DEBUG GameApplication      - Exiting FXGL
22:06:28.993 [JavaFX Application Thread] DEBUG LoopRunner           - Stopping loop
22:06:28.993 [JavaFX Application Thread] DEBUG SystemBundleService  - Saving FXGL system data
22:06:28.995 [JavaFX Application Thread] DEBUG FileSystemAccess     - Writing to: E:\secondYear\Java\NewfoundlandRacer\system\fxgl.bundle
22:06:28.996 [JavaFX Application Thread] DEBUG GameApplication      - Shutting down background threads
22:06:28.996 [JavaFX Application Thread] DEBUG GameApplication      - Closing logger and exiting JavaFX
