18:49:45.775 [main                     ] DEBUG GameApplication      - Logger initialized
18:49:45.780 [main                     ] DEBUG GameApplication      - Logging settings
Title: Newfoundland Moose Collision
Version: 0.1
Width: 840
Height: 650
Fullscreen: false
Intro: false
Profiling: false
Single step:false
App Mode: DEVELOPER
Menu Key: ESCAPE
Stage Style: DECORATED
Scene Factory: class MooseGame.NewfoundRacerApp$1

18:49:46.097 [JavaFX Application Thread] DEBUG GameApplication      - Initializing FXGL
18:49:46.107 [JavaFX Application Thread] INFO  Engine               - FXGL-11.9 (27.05.2020 17.06) on WINDOWS (J:14.0.1 FX:13.0.2)
18:49:46.107 [JavaFX Application Thread] DEBUG Engine               - JRE Vendor Name: Oracle Corporation
18:49:46.107 [JavaFX Application Thread] DEBUG Engine               - Running on OS: Windows 10 version 10.0
18:49:46.108 [JavaFX Application Thread] DEBUG Engine               - Architecture: amd64
18:49:46.108 [JavaFX Application Thread] INFO  Engine               - Source code and latest versions at: https://github.com/AlmasB/FXGL
18:49:46.108 [JavaFX Application Thread] INFO  Engine               -              Join the FXGL chat at: https://gitter.im/AlmasB/FXGL
18:49:46.188 [JavaFX Application Thread] DEBUG MainWindow           - Creating a JavaFX scene
18:49:46.225 [JavaFX Application Thread] DEBUG MainWindow           - Target settings size: 840.0 x 650.0
18:49:46.225 [JavaFX Application Thread] DEBUG MainWindow           - Scaled scene size:    840.0 x 650.0
18:49:46.225 [JavaFX Application Thread] DEBUG MainWindow           - Scaled ratio: (1.0, 1.0)
18:49:46.227 [JavaFX Application Thread] DEBUG MainWindow           - Set initial scene to FXGLStartupScene
18:49:46.232 [JavaFX Application Thread] DEBUG MainWindow           - Opening main window
18:49:46.306 [JavaFX Application Thread] DEBUG MainWindow           - Window border size: (16.0, 39.0)
18:49:46.306 [JavaFX Application Thread] DEBUG MainWindow           - Scaled size: 840.0 x 650.0
18:49:46.307 [JavaFX Application Thread] DEBUG MainWindow           - Scaled ratio: (1.0, 1.0)
18:49:46.307 [JavaFX Application Thread] DEBUG MainWindow           - Scene size: 840.0 x 650.0
18:49:46.307 [JavaFX Application Thread] DEBUG MainWindow           - Stage size: 856.0 x 689.0
18:49:46.312 [FXGL Background Thread 1 ] DEBUG Engine               - Initializing environment variables
18:49:46.332 [FXGL Background Thread 1 ] DEBUG WindowService        - Applying CSS: fxgl_dark.css
18:49:46.333 [FXGL Background Thread 1 ] DEBUG AssetLoaderService   - Loading from file system: /assets/ui/css/fxgl_dark.css
18:49:46.361 [FXGL Background Thread 1 ] DEBUG WindowService        - Initializing application scenes
18:49:46.382 [FXGL Background Thread 1 ] DEBUG GameWorld            - Game world initialized
18:49:46.414 [FXGL Background Thread 1 ] DEBUG PhysicsWorld         - Physics world initialized: appHeight=650, physics.ppm=50.0
18:49:46.415 [FXGL Background Thread 1 ] DEBUG GameScene            - Game scene initialized: 840x650
18:49:46.437 [FXGL Background Thread 1 ] DEBUG AssetLoaderService   - Loading from file system: /assets/textures/particles/trace_horizontal.png
18:49:46.473 [FXGL Background Thread 1 ] DEBUG FXGL.DefaultMenu     - createMenuBodyGameMenu()
18:49:46.482 [FXGL Background Thread 1 ] DEBUG FXGL.DefaultMenu     - createOptionsMenu()
18:49:46.485 [FXGL Background Thread 1 ] DEBUG AssetLoaderService   - Loading from file system: /assets/textures/particles/smoke.png
18:49:46.522 [FXGL Background Thread 1 ] DEBUG WindowService        - Application scenes initialized
18:49:46.528 [FXGL Background Thread 1 ] DEBUG SystemBundleService  - Loading FXGL system data
18:49:46.530 [FXGL Background Thread 1 ] DEBUG FileSystemAccess     - Reading from: E:\secondYear\Java\NewfoundlandRacer\system\fxgl.bundle
18:49:46.535 [FXGL Background Thread 1 ] DEBUG SystemBundleService  - Bundle FXGL: {}
18:49:46.535 [FXGL Background Thread 1 ] INFO  Engine               - FXGL initialization took: 0.222 sec
18:49:46.536 [FXGL Background Thread 1 ] DEBUG GameApplication      - Loading localizations
18:49:46.537 [FXGL Background Thread 1 ] DEBUG AssetLoaderService   - Loading from file system: /assets/languages/english.lang
18:49:46.545 [FXGL Background Thread 1 ] DEBUG AssetLoaderService   - Loading from file system: /assets/languages/french.lang
18:49:46.546 [FXGL Background Thread 1 ] DEBUG AssetLoaderService   - Loading from file system: /assets/languages/german.lang
18:49:46.547 [FXGL Background Thread 1 ] DEBUG AssetLoaderService   - Loading from file system: /assets/languages/hungarian.lang
18:49:46.549 [FXGL Background Thread 1 ] DEBUG AssetLoaderService   - Loading from file system: /assets/languages/russian.lang
18:49:46.550 [FXGL Background Thread 1 ] DEBUG GameApplication      - Registering font factories with UI factory
18:49:46.550 [FXGL Background Thread 1 ] DEBUG AssetLoaderService   - Loading from file system: /assets/ui/fonts/VarelaRound-Regular.ttf
18:49:46.580 [FXGL Background Thread 1 ] DEBUG AssetLoaderService   - Loading from file system: /assets/ui/fonts/Abel-Regular.ttf
18:49:46.583 [FXGL Background Thread 1 ] DEBUG AssetLoaderService   - Loading from file system: /assets/ui/fonts/lucida_console.ttf
18:49:46.586 [FXGL Background Thread 1 ] DEBUG AssetLoaderService   - Loading from file system: /assets/ui/fonts/Courier-Prime.ttf
18:49:46.596 [JavaFX Application Thread] DEBUG Input                - Registered new binding: Move Right - D
18:49:46.596 [JavaFX Application Thread] DEBUG Input                - Registered new binding: Move Left - A
18:49:46.596 [JavaFX Application Thread] DEBUG Input                - Registered new binding: Move Up - W
18:49:46.597 [JavaFX Application Thread] DEBUG Input                - Registered new binding: Move Down - S
18:49:46.597 [JavaFX Application Thread] DEBUG AssetLoaderService   - Loading from file system: /assets/textures/fxgl_icon.png
18:49:46.613 [JavaFX Application Thread] DEBUG AssetLoaderService   - Loading from file system: /assets/ui/cursors/fxgl_default.png
18:49:46.614 [JavaFX Application Thread] DEBUG Input                - Registered new binding: Screenshot - P
18:49:46.615 [JavaFX Application Thread] DEBUG Input                - Registered new binding: System info dump - CTRL+9
18:49:46.615 [JavaFX Application Thread] DEBUG Input                - Registered new binding: Restart - CTRL+R
18:49:46.616 [JavaFX Application Thread] DEBUG LoopRunner           - Starting loop
18:49:46.634 [JavaFX Application Thread] DEBUG FXGLStartupScene     - STARTUP
18:49:46.635 [JavaFX Application Thread] DEBUG Input                - Clearing active input actions
18:49:46.642 [JavaFX Application Thread] DEBUG WindowService        - Removing overlay from FXGLStartupScene and adding to 
18:49:46.642 [JavaFX Application Thread] DEBUG MainWindow           - FXGLStartupScene -> 
18:49:46.642 [JavaFX Application Thread] DEBUG MainWindow           - Push state: NewfoundlandRacerMainMenu
18:49:46.642 [JavaFX Application Thread] DEBUG Input                - Clearing active input actions
18:49:46.646 [JavaFX Application Thread] DEBUG WindowService        - Removing overlay from  and adding to NewfoundlandRacerMainMenu
18:49:46.646 [JavaFX Application Thread] DEBUG MainWindow           -  -> NewfoundlandRacerMainMenu
18:49:47.189 [JavaFX Application Thread] DEBUG Menu                 - fireNewGame()
18:49:47.189 [JavaFX Application Thread] DEBUG WindowService        - Starting new game
18:49:47.189 [JavaFX Application Thread] DEBUG MainWindow           - Pop state: NewfoundlandRacerMainMenu
18:49:47.190 [JavaFX Application Thread] DEBUG Input                - Clearing active input actions
18:49:47.190 [JavaFX Application Thread] DEBUG WindowService        - Removing overlay from NewfoundlandRacerMainMenu and adding to 
18:49:47.190 [JavaFX Application Thread] DEBUG MainWindow           -  <- NewfoundlandRacerMainMenu
18:49:47.190 [JavaFX Application Thread] DEBUG Input                - Clearing active input actions
18:49:47.196 [JavaFX Application Thread] DEBUG WindowService        - Removing overlay from  and adding to FXGLLoadingScene
18:49:47.196 [JavaFX Application Thread] DEBUG MainWindow           -  -> FXGLLoadingScene
18:49:47.196 [JavaFX Application Thread] DEBUG WindowService        - Clearing previous game
18:49:47.196 [JavaFX Application Thread] DEBUG GameScene            - Clearing game scene
18:49:47.196 [JavaFX Application Thread] DEBUG GameWorld            - Clearing game world
18:49:47.197 [JavaFX Application Thread] DEBUG PhysicsWorld         - Clearing physics world
18:49:47.197 [FXGL Background Thread 1 ] DEBUG GameApplication      - Initializing game
18:49:47.203 [FXGL Background Thread 1 ] DEBUG AssetLoaderService   - Loading from file system: /assets/textures/4lanehighway.png
18:49:47.288 [FXGL Background Thread 1 ] DEBUG AssetLoaderService   - Loading from file system: /assets/textures/player.png
18:49:47.298 [FXGL Background Thread 1 ] INFO  GameApplication      - Game initialization took: 0.101 sec
18:49:47.304 [JavaFX Application Thread] DEBUG Input                - Clearing active input actions
18:49:47.310 [JavaFX Application Thread] DEBUG WindowService        - Removing overlay from FXGLLoadingScene and adding to GameScene
18:49:47.311 [JavaFX Application Thread] DEBUG MainWindow           - FXGLLoadingScene -> GameScene
18:49:49.351 [JavaFX Application Thread] DEBUG AssetLoaderService   - Loading from file system: /assets/textures/driver3.png
18:49:49.537 [FXGL Background Thread 2 ] DEBUG Engine               - Logging environment variables
18:49:49.537 [FXGL Background Thread 2 ] DEBUG Engine               - achievements: []
18:49:49.538 [FXGL Background Thread 2 ] DEBUG Engine               - appIcon: fxgl_icon.png
18:49:49.538 [FXGL Background Thread 2 ] DEBUG Engine               - applicationMode: DEVELOPER
18:49:49.538 [FXGL Background Thread 2 ] DEBUG Engine               - cSSList: [fxgl_dark.css]
18:49:49.538 [FXGL Background Thread 2 ] DEBUG Engine               - configClass: Optional.empty
18:49:49.538 [FXGL Background Thread 2 ] DEBUG Engine               - credits: []
18:49:49.539 [FXGL Background Thread 2 ] DEBUG Engine               - devBBoxColorProperty: ObjectProperty [value: 0xff0000ff]
18:49:49.539 [FXGL Background Thread 2 ] DEBUG Engine               - devSensorColorProperty: ObjectProperty [value: 0xffff00ff]
18:49:49.540 [FXGL Background Thread 2 ] DEBUG Engine               - devShowBBoxProperty: BooleanProperty [value: false]
18:49:49.540 [FXGL Background Thread 2 ] DEBUG Engine               - devShowPositionProperty: BooleanProperty [value: false]
18:49:49.540 [FXGL Background Thread 2 ] DEBUG Engine               - enabledMenuItems: []
18:49:49.540 [FXGL Background Thread 2 ] DEBUG Engine               - engineServices: [class com.almasb.fxgl.app.GameApplication$GameApplicationService, class com.almasb.fxgl.app.services.WindowService, class com.almasb.fxgl.app.services.FXGLDialogService, class com.almasb.fxgl.app.services.IOTaskExecutorService, class com.almasb.fxgl.event.EventBusService, class com.almasb.fxgl.io.FileSystemService, class com.almasb.fxgl.localization.LocalizationService, class com.almasb.fxgl.app.services.AssetLoaderService, class com.almasb.fxgl.app.services.SystemBundleService, class com.almasb.fxgl.profile.SaveLoadService, class com.almasb.fxgl.ui.FXGLUIFactoryServiceProvider, class com.almasb.fxgl.ui.FXGLDialogFactoryServiceProvider, class com.almasb.fxgl.audio.AudioPlayer, class com.almasb.fxgl.notification.impl.NotificationServiceProvider, class com.almasb.fxgl.achievement.AchievementService, class com.almasb.fxgl.cutscene.CutsceneService, class com.almasb.fxgl.minigames.MiniGameService, class com.almasb.fxgl.net.NetService, class com.almasb.fxgl.app.services.UpdaterService, class com.almasb.fxgl.dev.DevService]
18:49:49.541 [FXGL Background Thread 2 ] DEBUG Engine               - fontGame: Abel-Regular.ttf
18:49:49.541 [FXGL Background Thread 2 ] DEBUG Engine               - fontMono: lucida_console.ttf
18:49:49.541 [FXGL Background Thread 2 ] DEBUG Engine               - fontText: Courier-Prime.ttf
18:49:49.541 [FXGL Background Thread 2 ] DEBUG Engine               - fontUI: VarelaRound-Regular.ttf
18:49:49.541 [FXGL Background Thread 2 ] DEBUG Engine               - fullScreen: BooleanProperty [value: false]
18:49:49.542 [FXGL Background Thread 2 ] DEBUG Engine               - gameDifficulty: MEDIUM
18:49:49.542 [FXGL Background Thread 2 ] DEBUG Engine               - gameDifficultyProperty: ObjectProperty [value: MEDIUM]
18:49:49.542 [FXGL Background Thread 2 ] DEBUG Engine               - globalMusicVolume: 0.5
18:49:49.542 [FXGL Background Thread 2 ] DEBUG Engine               - globalMusicVolumeProperty: DoubleProperty [value: 0.5]
18:49:49.542 [FXGL Background Thread 2 ] DEBUG Engine               - globalSoundVolume: 0.5
18:49:49.543 [FXGL Background Thread 2 ] DEBUG Engine               - globalSoundVolumeProperty: DoubleProperty [value: 0.5]
18:49:49.543 [FXGL Background Thread 2 ] DEBUG Engine               - height: 650
18:49:49.543 [FXGL Background Thread 2 ] DEBUG Engine               - isAndroid: false
18:49:49.543 [FXGL Background Thread 2 ] DEBUG Engine               - isBrowser: false
18:49:49.543 [FXGL Background Thread 2 ] DEBUG Engine               - isClickFeedbackEnabled: false
18:49:49.543 [FXGL Background Thread 2 ] DEBUG Engine               - isCloseConfirmation: false
18:49:49.543 [FXGL Background Thread 2 ] DEBUG Engine               - isDesktop: true
18:49:49.544 [FXGL Background Thread 2 ] DEBUG Engine               - isDeveloperMenuEnabled: false
18:49:49.544 [FXGL Background Thread 2 ] DEBUG Engine               - isExperimentalNative: false
18:49:49.544 [FXGL Background Thread 2 ] DEBUG Engine               - isExperimentalTiledLargeMap: false
18:49:49.544 [FXGL Background Thread 2 ] DEBUG Engine               - isFullScreenAllowed: false
18:49:49.544 [FXGL Background Thread 2 ] DEBUG Engine               - isFullScreenFromStart: false
18:49:49.544 [FXGL Background Thread 2 ] DEBUG Engine               - isGameMenuEnabled: true
18:49:49.544 [FXGL Background Thread 2 ] DEBUG Engine               - isIOS: false
18:49:49.545 [FXGL Background Thread 2 ] DEBUG Engine               - isIntroEnabled: false
18:49:49.545 [FXGL Background Thread 2 ] DEBUG Engine               - isLinux: false
18:49:49.545 [FXGL Background Thread 2 ] DEBUG Engine               - isMac: false
18:49:49.545 [FXGL Background Thread 2 ] DEBUG Engine               - isMainMenuEnabled: true
18:49:49.545 [FXGL Background Thread 2 ] DEBUG Engine               - isManualResizeEnabled: false
18:49:49.546 [FXGL Background Thread 2 ] DEBUG Engine               - isMobile: false
18:49:49.546 [FXGL Background Thread 2 ] DEBUG Engine               - isPreserveResizeRatio: false
18:49:49.546 [FXGL Background Thread 2 ] DEBUG Engine               - isProfilingEnabled: false
18:49:49.546 [FXGL Background Thread 2 ] DEBUG Engine               - isSingleStep: false
18:49:49.546 [FXGL Background Thread 2 ] DEBUG Engine               - isUserProfileEnabled: false
18:49:49.546 [FXGL Background Thread 2 ] DEBUG Engine               - isWindows: true
18:49:49.547 [FXGL Background Thread 2 ] DEBUG Engine               - language: ObjectProperty [value: ENGLISH]
18:49:49.547 [FXGL Background Thread 2 ] DEBUG Engine               - mainWindow: com.almasb.fxgl.app.MainWindow@44b1ba26
18:49:49.547 [FXGL Background Thread 2 ] DEBUG Engine               - menuKey: ESCAPE
18:49:49.547 [FXGL Background Thread 2 ] DEBUG Engine               - notificationViewClass: class com.almasb.fxgl.notification.view.XboxNotificationView
18:49:49.547 [FXGL Background Thread 2 ] DEBUG Engine               - pixelsPerMeter: 50.0
18:49:49.547 [FXGL Background Thread 2 ] DEBUG Engine               - platform: WINDOWS
18:49:49.547 [FXGL Background Thread 2 ] DEBUG Engine               - profileDir: profiles/
18:49:49.547 [FXGL Background Thread 2 ] DEBUG Engine               - profileName: StringProperty [value: DEFAULT]
18:49:49.547 [FXGL Background Thread 2 ] DEBUG Engine               - randomSeed: -1
18:49:49.548 [FXGL Background Thread 2 ] DEBUG Engine               - runtimeInfo: RuntimeInfo(platform=WINDOWS, version=11.9, build=27.05.2020 17.06)
18:49:49.548 [FXGL Background Thread 2 ] DEBUG Engine               - saveFileExt: sav
18:49:49.548 [FXGL Background Thread 2 ] DEBUG Engine               - sceneFactory: MooseGame.NewfoundRacerApp$1@1b32cd4
18:49:49.548 [FXGL Background Thread 2 ] DEBUG Engine               - secondsIn24h: 60
18:49:49.548 [FXGL Background Thread 2 ] DEBUG Engine               - settings: Title: Newfoundland Moose Collision
Version: 0.1
Width: 840
Height: 650
Fullscreen: false
Intro: false
Profiling: false
Single step:false
App Mode: DEVELOPER
Menu Key: ESCAPE
Stage Style: DECORATED
Scene Factory: class MooseGame.NewfoundRacerApp$1

18:49:49.548 [FXGL Background Thread 2 ] DEBUG Engine               - soundMenuBack: menu/back.wav
18:49:49.548 [FXGL Background Thread 2 ] DEBUG Engine               - soundMenuPress: menu/press.wav
18:49:49.548 [FXGL Background Thread 2 ] DEBUG Engine               - soundMenuSelect: menu/select.wav
18:49:49.549 [FXGL Background Thread 2 ] DEBUG Engine               - soundNotification: core/notification.wav
18:49:49.549 [FXGL Background Thread 2 ] DEBUG Engine               - stageStyle: DECORATED
18:49:49.549 [FXGL Background Thread 2 ] DEBUG Engine               - supportedLanguages: [ENGLISH, FRENCH, GERMAN, HUNGARIAN, RUSSIAN]
18:49:49.549 [FXGL Background Thread 2 ] DEBUG Engine               - title: Newfoundland Moose Collision
18:49:49.549 [FXGL Background Thread 2 ] DEBUG Engine               - urlGithub: https://github.com/AlmasB/FXGL
18:49:49.549 [FXGL Background Thread 2 ] DEBUG Engine               - urlLeaderboard: http://fxgl-top.herokuapp.com/
18:49:49.549 [FXGL Background Thread 2 ] DEBUG Engine               - urlPOM: https://raw.githubusercontent.com/AlmasB/FXGL/master/pom.xml
18:49:49.549 [FXGL Background Thread 2 ] DEBUG Engine               - version: 0.1
18:49:49.549 [FXGL Background Thread 2 ] DEBUG Engine               - versionCheckDays: 7
18:49:49.549 [FXGL Background Thread 2 ] DEBUG Engine               - width: 840
18:49:49.550 [FXGL Background Thread 2 ] DEBUG Engine               - Logging services
18:49:49.550 [FXGL Background Thread 2 ] DEBUG Engine               - class com.almasb.fxgl.app.GameApplication$GameApplicationService
18:49:49.550 [FXGL Background Thread 2 ] DEBUG Engine               - class com.almasb.fxgl.app.services.WindowService
18:49:49.550 [FXGL Background Thread 2 ] DEBUG Engine               - class com.almasb.fxgl.app.services.FXGLDialogService
18:49:49.550 [FXGL Background Thread 2 ] DEBUG Engine               - class com.almasb.fxgl.app.services.IOTaskExecutorService
18:49:49.550 [FXGL Background Thread 2 ] DEBUG Engine               - class com.almasb.fxgl.event.EventBusService
18:49:49.550 [FXGL Background Thread 2 ] DEBUG Engine               - class com.almasb.fxgl.io.FileSystemService
18:49:49.550 [FXGL Background Thread 2 ] DEBUG Engine               - class com.almasb.fxgl.localization.LocalizationService
18:49:49.550 [FXGL Background Thread 2 ] DEBUG Engine               - class com.almasb.fxgl.app.services.AssetLoaderService
18:49:49.550 [FXGL Background Thread 2 ] DEBUG Engine               - class com.almasb.fxgl.app.services.SystemBundleService
18:49:49.551 [FXGL Background Thread 2 ] DEBUG Engine               - class com.almasb.fxgl.profile.SaveLoadService
18:49:49.551 [FXGL Background Thread 2 ] DEBUG Engine               - class com.almasb.fxgl.ui.FXGLUIFactoryServiceProvider
18:49:49.551 [FXGL Background Thread 2 ] DEBUG Engine               - class com.almasb.fxgl.ui.FXGLDialogFactoryServiceProvider
18:49:49.551 [FXGL Background Thread 2 ] DEBUG Engine               - class com.almasb.fxgl.audio.AudioPlayer
18:49:49.551 [FXGL Background Thread 2 ] DEBUG Engine               - class com.almasb.fxgl.notification.impl.NotificationServiceProvider
18:49:49.552 [FXGL Background Thread 2 ] DEBUG Engine               - class com.almasb.fxgl.achievement.AchievementService
18:49:49.552 [FXGL Background Thread 2 ] DEBUG Engine               - class com.almasb.fxgl.cutscene.CutsceneService
18:49:49.552 [FXGL Background Thread 2 ] DEBUG Engine               - class com.almasb.fxgl.minigames.MiniGameService
18:49:49.552 [FXGL Background Thread 2 ] DEBUG Engine               - class com.almasb.fxgl.net.NetService
18:49:49.552 [FXGL Background Thread 2 ] DEBUG Engine               - class com.almasb.fxgl.app.services.UpdaterService
18:49:49.552 [FXGL Background Thread 2 ] DEBUG Engine               - class com.almasb.fxgl.dev.DevService
18:49:50.930 [JavaFX Application Thread] DEBUG AssetLoaderService   - Loading from file system: /assets/textures/pothole.png
18:49:51.768 [JavaFX Application Thread] DEBUG AssetLoaderService   - Loading from cache: /assets/textures/driver3.png
18:49:54.325 [JavaFX Application Thread] DEBUG AssetLoaderService   - Loading from file system: /assets/textures/driver1.png
18:49:54.983 [JavaFX Application Thread] DEBUG AssetLoaderService   - Loading from file system: /assets/textures/cowmoosespriterunning.png
18:49:54.999 [JavaFX Application Thread] DEBUG AssetLoaderService   - Loading from cache: /assets/textures/pothole.png
18:49:55.832 [JavaFX Application Thread] DEBUG MainWindow           - Push state: DialogSubScene
18:49:55.832 [JavaFX Application Thread] DEBUG Input                - Clearing active input actions
18:49:55.837 [JavaFX Application Thread] DEBUG WindowService        - Removing overlay from GameScene and adding to DialogSubScene
18:49:55.837 [JavaFX Application Thread] DEBUG MainWindow           - GameScene -> DialogSubScene
18:49:56.711 [JavaFX Application Thread] DEBUG MainWindow           - Pop state: DialogSubScene
18:49:56.711 [JavaFX Application Thread] DEBUG Input                - Clearing active input actions
18:49:56.711 [JavaFX Application Thread] DEBUG WindowService        - Removing overlay from DialogSubScene and adding to GameScene
18:49:56.712 [JavaFX Application Thread] DEBUG MainWindow           - GameScene <- DialogSubScene
18:49:57.174 [JavaFX Application Thread] DEBUG AssetLoaderService   - Loading from file system: /assets/textures/coin.png
18:49:57.222 [JavaFX Application Thread] DEBUG AssetLoaderService   - Loading from cache: /assets/textures/driver3.png
18:49:58.916 [JavaFX Application Thread] DEBUG AssetLoaderService   - Loading from cache: /assets/textures/pothole.png
18:49:58.919 [JavaFX Application Thread] DEBUG AssetLoaderService   - Loading from file system: /assets/textures/driver0.png
18:50:01.239 [JavaFX Application Thread] DEBUG AssetLoaderService   - Loading from file system: /assets/textures/driver2.png
18:50:02.500 [JavaFX Application Thread] DEBUG AssetLoaderService   - Loading from cache: /assets/textures/cowmoosespriterunning.png
18:50:02.514 [JavaFX Application Thread] DEBUG AssetLoaderService   - Loading from cache: /assets/textures/pothole.png
18:50:03.191 [JavaFX Application Thread] DEBUG AssetLoaderService   - Loading from cache: /assets/textures/driver1.png
18:50:05.374 [JavaFX Application Thread] DEBUG AssetLoaderService   - Loading from cache: /assets/textures/coin.png
18:50:05.414 [JavaFX Application Thread] DEBUG AssetLoaderService   - Loading from cache: /assets/textures/driver1.png
18:50:06.183 [JavaFX Application Thread] DEBUG AssetLoaderService   - Loading from cache: /assets/textures/pothole.png
18:50:07.493 [JavaFX Application Thread] DEBUG AssetLoaderService   - Loading from file system: /assets/textures/driver4.png
18:50:09.767 [JavaFX Application Thread] DEBUG AssetLoaderService   - Loading from cache: /assets/textures/cowmoosespriterunning.png
18:50:09.784 [JavaFX Application Thread] DEBUG AssetLoaderService   - Loading from cache: /assets/textures/pothole.png
18:50:09.807 [JavaFX Application Thread] DEBUG AssetLoaderService   - Loading from cache: /assets/textures/driver3.png
18:50:10.694 [JavaFX Application Thread] DEBUG MainWindow           - Push state: DialogSubScene
18:50:10.694 [JavaFX Application Thread] DEBUG Input                - Clearing active input actions
18:50:10.695 [JavaFX Application Thread] DEBUG WindowService        - Removing overlay from GameScene and adding to DialogSubScene
18:50:10.695 [JavaFX Application Thread] DEBUG MainWindow           - GameScene -> DialogSubScene
18:50:11.686 [JavaFX Application Thread] DEBUG MainWindow           - Pop state: DialogSubScene
18:50:11.686 [JavaFX Application Thread] DEBUG Input                - Clearing active input actions
18:50:11.686 [JavaFX Application Thread] DEBUG WindowService        - Removing overlay from DialogSubScene and adding to GameScene
18:50:11.686 [JavaFX Application Thread] DEBUG MainWindow           - GameScene <- DialogSubScene
18:50:12.522 [JavaFX Application Thread] DEBUG GameApplication      - Exiting FXGL
18:50:12.522 [JavaFX Application Thread] DEBUG LoopRunner           - Stopping loop
18:50:12.522 [JavaFX Application Thread] DEBUG SystemBundleService  - Saving FXGL system data
18:50:12.524 [JavaFX Application Thread] DEBUG FileSystemAccess     - Writing to: E:\secondYear\Java\NewfoundlandRacer\system\fxgl.bundle
18:50:12.525 [JavaFX Application Thread] DEBUG GameApplication      - Shutting down background threads
18:50:12.525 [JavaFX Application Thread] DEBUG GameApplication      - Closing logger and exiting JavaFX
