23:31:49.572 [main                     ] DEBUG GameApplication      - Logger initialized
23:31:49.576 [main                     ] DEBUG GameApplication      - Logging settings
Title: Newfoundland Moose Collision
Version: 0.1
Width: 840
Height: 650
Fullscreen: false
Intro: false
Profiling: false
Single step:false
App Mode: DEVELOPER
Menu Key: ESCAPE
Stage Style: DECORATED
Scene Factory: class com.almasb.fxgl.app.scene.SceneFactory

23:31:49.951 [JavaFX Application Thread] DEBUG GameApplication      - Initializing FXGL
23:31:49.964 [JavaFX Application Thread] INFO  Engine               - FXGL-11.9 (27.05.2020 17.06) on WINDOWS (J:14.0.1 FX:13.0.2)
23:31:49.964 [JavaFX Application Thread] DEBUG Engine               - JRE Vendor Name: Oracle Corporation
23:31:49.964 [JavaFX Application Thread] DEBUG Engine               - Running on OS: Windows 10 version 10.0
23:31:49.964 [JavaFX Application Thread] DEBUG Engine               - Architecture: amd64
23:31:49.964 [JavaFX Application Thread] INFO  Engine               - Source code and latest versions at: https://github.com/AlmasB/FXGL
23:31:49.964 [JavaFX Application Thread] INFO  Engine               -              Join the FXGL chat at: https://gitter.im/AlmasB/FXGL
23:31:50.077 [JavaFX Application Thread] DEBUG MainWindow           - Creating a JavaFX scene
23:31:50.120 [JavaFX Application Thread] DEBUG MainWindow           - Target settings size: 840.0 x 650.0
23:31:50.120 [JavaFX Application Thread] DEBUG MainWindow           - Scaled scene size:    840.0 x 650.0
23:31:50.120 [JavaFX Application Thread] DEBUG MainWindow           - Scaled ratio: (1.0, 1.0)
23:31:50.122 [JavaFX Application Thread] DEBUG MainWindow           - Set initial scene to FXGLStartupScene
23:31:50.127 [JavaFX Application Thread] DEBUG MainWindow           - Opening main window
23:31:50.209 [JavaFX Application Thread] DEBUG MainWindow           - Window border size: (16.0, 39.0)
23:31:50.209 [JavaFX Application Thread] DEBUG MainWindow           - Scaled size: 840.0 x 650.0
23:31:50.209 [JavaFX Application Thread] DEBUG MainWindow           - Scaled ratio: (1.0, 1.0)
23:31:50.210 [JavaFX Application Thread] DEBUG MainWindow           - Scene size: 840.0 x 650.0
23:31:50.210 [JavaFX Application Thread] DEBUG MainWindow           - Stage size: 856.0 x 689.0
23:31:50.216 [FXGL Background Thread 1 ] DEBUG Engine               - Initializing environment variables
23:31:50.241 [FXGL Background Thread 1 ] DEBUG WindowService        - Applying CSS: fxgl_dark.css
23:31:50.241 [FXGL Background Thread 1 ] DEBUG AssetLoaderService   - Loading from file system: /assets/ui/css/fxgl_dark.css
23:31:50.278 [FXGL Background Thread 1 ] DEBUG WindowService        - Initializing application scenes
23:31:50.304 [FXGL Background Thread 1 ] DEBUG GameWorld            - Game world initialized
23:31:50.336 [FXGL Background Thread 1 ] DEBUG PhysicsWorld         - Physics world initialized: appHeight=650, physics.ppm=50.0
23:31:50.338 [FXGL Background Thread 1 ] DEBUG GameScene            - Game scene initialized: 840x650
23:31:50.361 [FXGL Background Thread 1 ] DEBUG AssetLoaderService   - Loading from file system: /assets/textures/particles/trace_horizontal.png
23:31:50.408 [FXGL Background Thread 1 ] DEBUG FXGL.DefaultMenu     - createMenuBodyGameMenu()
23:31:50.423 [FXGL Background Thread 1 ] DEBUG FXGL.DefaultMenu     - createOptionsMenu()
23:31:50.426 [FXGL Background Thread 1 ] DEBUG AssetLoaderService   - Loading from file system: /assets/textures/particles/smoke.png
23:31:50.468 [FXGL Background Thread 1 ] DEBUG WindowService        - Application scenes initialized
23:31:50.477 [FXGL Background Thread 1 ] DEBUG SystemBundleService  - Loading FXGL system data
23:31:50.480 [FXGL Background Thread 1 ] DEBUG FileSystemAccess     - Reading from: E:\secondYear\Java\NewfoundlandRacer\system\fxgl.bundle
23:31:50.484 [FXGL Background Thread 1 ] DEBUG SystemBundleService  - Bundle FXGL: {}
23:31:50.484 [FXGL Background Thread 1 ] INFO  Engine               - FXGL initialization took: 0.265 sec
23:31:50.485 [FXGL Background Thread 1 ] DEBUG GameApplication      - Loading localizations
23:31:50.486 [FXGL Background Thread 1 ] DEBUG AssetLoaderService   - Loading from file system: /assets/languages/english.lang
23:31:50.493 [FXGL Background Thread 1 ] DEBUG AssetLoaderService   - Loading from file system: /assets/languages/french.lang
23:31:50.494 [FXGL Background Thread 1 ] DEBUG AssetLoaderService   - Loading from file system: /assets/languages/german.lang
23:31:50.495 [FXGL Background Thread 1 ] DEBUG AssetLoaderService   - Loading from file system: /assets/languages/hungarian.lang
23:31:50.498 [FXGL Background Thread 1 ] DEBUG AssetLoaderService   - Loading from file system: /assets/languages/russian.lang
23:31:50.500 [FXGL Background Thread 1 ] DEBUG GameApplication      - Registering font factories with UI factory
23:31:50.500 [FXGL Background Thread 1 ] DEBUG AssetLoaderService   - Loading from file system: /assets/ui/fonts/VarelaRound-Regular.ttf
23:31:50.532 [FXGL Background Thread 1 ] DEBUG AssetLoaderService   - Loading from file system: /assets/ui/fonts/Abel-Regular.ttf
23:31:50.535 [FXGL Background Thread 1 ] DEBUG AssetLoaderService   - Loading from file system: /assets/ui/fonts/lucida_console.ttf
23:31:50.539 [FXGL Background Thread 1 ] DEBUG AssetLoaderService   - Loading from file system: /assets/ui/fonts/Courier-Prime.ttf
23:31:50.549 [JavaFX Application Thread] DEBUG Input                - Registered new binding: Move Right - D
23:31:50.549 [JavaFX Application Thread] DEBUG Input                - Registered new binding: Move Left - A
23:31:50.549 [JavaFX Application Thread] DEBUG Input                - Registered new binding: Move Up - W
23:31:50.549 [JavaFX Application Thread] DEBUG Input                - Registered new binding: Move Down - S
23:31:50.550 [JavaFX Application Thread] DEBUG AssetLoaderService   - Loading from file system: /assets/textures/fxgl_icon.png
23:31:50.564 [JavaFX Application Thread] DEBUG AssetLoaderService   - Loading from file system: /assets/ui/cursors/fxgl_default.png
23:31:50.566 [JavaFX Application Thread] DEBUG Input                - Registered new binding: Screenshot - P
23:31:50.567 [JavaFX Application Thread] DEBUG Input                - Registered new binding: System info dump - CTRL+9
23:31:50.567 [JavaFX Application Thread] DEBUG Input                - Registered new binding: Restart - CTRL+R
23:31:50.568 [JavaFX Application Thread] DEBUG LoopRunner           - Starting loop
23:31:50.581 [JavaFX Application Thread] DEBUG FXGLStartupScene     - STARTUP
23:31:50.582 [JavaFX Application Thread] DEBUG WindowService        - Starting new game
23:31:50.582 [JavaFX Application Thread] DEBUG Input                - Clearing active input actions
23:31:50.590 [JavaFX Application Thread] DEBUG WindowService        - Removing overlay from FXGLStartupScene and adding to FXGLLoadingScene
23:31:50.590 [JavaFX Application Thread] DEBUG MainWindow           - FXGLStartupScene -> FXGLLoadingScene
23:31:50.590 [JavaFX Application Thread] DEBUG WindowService        - Clearing previous game
23:31:50.590 [JavaFX Application Thread] DEBUG GameScene            - Clearing game scene
23:31:50.590 [JavaFX Application Thread] DEBUG GameWorld            - Clearing game world
23:31:50.591 [JavaFX Application Thread] DEBUG PhysicsWorld         - Clearing physics world
23:31:50.592 [FXGL Background Thread 1 ] DEBUG GameApplication      - Initializing game
23:31:50.598 [FXGL Background Thread 1 ] DEBUG AssetLoaderService   - Loading from file system: /assets/textures/4lanehighway.png
23:31:50.668 [FXGL Background Thread 1 ] DEBUG AssetLoaderService   - Loading from file system: /assets/textures/player.png
23:31:50.679 [FXGL Background Thread 1 ] INFO  GameApplication      - Game initialization took: 0.088 sec
23:31:50.685 [JavaFX Application Thread] DEBUG Input                - Clearing active input actions
23:31:50.692 [JavaFX Application Thread] DEBUG WindowService        - Removing overlay from FXGLLoadingScene and adding to GameScene
23:31:50.692 [JavaFX Application Thread] DEBUG MainWindow           - FXGLLoadingScene -> GameScene
23:31:51.153 [JavaFX Application Thread] DEBUG AssetLoaderService   - Loading from file system: /assets/textures/driver0.png
23:31:51.635 [JavaFX Application Thread] DEBUG AssetLoaderService   - Loading from file system: /assets/textures/driver2.png
23:31:52.147 [JavaFX Application Thread] DEBUG AssetLoaderService   - Loading from file system: /assets/textures/driver4.png
23:31:52.627 [JavaFX Application Thread] DEBUG LoopRunner           - Stopping loop
23:31:52.628 [JavaFX Application Thread] FATAL GameApplication      - Uncaught Exception:

Fatal exception occurred: com.almasb.fxgl.core.reflect.ReflectionException : Cannot call newScoreText Error: java.lang.reflect.InvocationTargetException
E: com.almasb.fxgl.core.reflect.ReflectionUtils.call(ReflectionUtils.java:106)
E: com.almasb.fxgl.core.reflect.ReflectionUtils.lambda$mapToFunction$3(ReflectionUtils.java:111)
E: com.almasb.fxgl.entity.GameWorld$create$2.invoke(GameWorld.kt:402)
E: com.almasb.fxgl.entity.GameWorld$create$2.invoke(GameWorld.kt:35)
E: com.almasb.fxgl.core.util.DSLKt.tryCatchRoot(DSL.kt:34)
E: com.almasb.fxgl.entity.GameWorld.create(GameWorld.kt:402)
E: com.almasb.fxgl.entity.GameWorld.spawn(GameWorld.kt:375)
E: com.almasb.fxgl.entity.GameWorld.spawn(GameWorld.kt:363)
E: com.almasb.fxgl.dsl.FXGLForKtKt.spawn(FXGLForKt.kt:159)
E: MooseGame.NewfoundRacerApp.incrementHeight(NewfoundRacerApp.java:175)
E: com.almasb.fxgl.time.TimerAction.update(TimerAction.kt:69)
E: com.almasb.fxgl.time.Timer.update(Timer.kt:38)
E: com.almasb.fxgl.scene.Scene.update(Scene.kt:74)
E: com.almasb.fxgl.app.MainWindow$update$1.invoke(MainWindow.kt:209)
E: com.almasb.fxgl.app.MainWindow$update$1.invoke(MainWindow.kt:39)
E: com.almasb.fxgl.core.fsm.StateMachine.runOnActiveStates(StateMachine.kt:60)
E: com.almasb.fxgl.app.MainWindow.update(MainWindow.kt:209)
E: com.almasb.fxgl.app.services.WindowService.onUpdate(WindowService.kt:123)
E: com.almasb.fxgl.app.Engine.loop(Engine.kt:135)
E: com.almasb.fxgl.app.Engine.access$loop(Engine.kt:25)
E: com.almasb.fxgl.app.Engine$loop$1.invoke(Engine.kt:29)
E: com.almasb.fxgl.app.Engine$loop$1.invoke(Engine.kt:25)
E: com.almasb.fxgl.app.LoopRunner.frame(LoopRunner.kt:86)
E: com.almasb.fxgl.app.LoopRunner.access$frame(LoopRunner.kt:17)
E: com.almasb.fxgl.app.LoopRunner$impl$2$1.handle(LoopRunner.kt:37)
E: javafx.animation.AnimationTimer$AnimationTimerReceiver.lambda$handle$0(AnimationTimer.java:57)
E: java.base/java.security.AccessController.doPrivileged(AccessController.java:391)
E: javafx.animation.AnimationTimer$AnimationTimerReceiver.handle(AnimationTimer.java:56)
E: com.sun.scenario.animation.AbstractMasterTimer.timePulseImpl(AbstractMasterTimer.java:357)
E: com.sun.scenario.animation.AbstractMasterTimer$MainLoop.run(AbstractMasterTimer.java:267)
E: com.sun.javafx.tk.quantum.QuantumToolkit.pulse(QuantumToolkit.java:559)
E: com.sun.javafx.tk.quantum.QuantumToolkit.pulse(QuantumToolkit.java:543)
E: com.sun.javafx.tk.quantum.QuantumToolkit.pulseFromQueue(QuantumToolkit.java:536)
E: com.sun.javafx.tk.quantum.QuantumToolkit.lambda$runToolkit$11(QuantumToolkit.java:342)
E: com.sun.glass.ui.InvokeLaterDispatcher$Future.run(InvokeLaterDispatcher.java:96)
E: com.sun.glass.ui.win.WinApplication._runLoop(Native Method)
E: com.sun.glass.ui.win.WinApplication.lambda$runLoop$3(WinApplication.java:174)
E: java.base/java.lang.Thread.run(Thread.java:832)

23:31:52.628 [JavaFX Application Thread] FATAL GameApplication      - Application will now exit
23:31:52.638 [JavaFX Application Thread] DEBUG MainWindow           - Push state: ErrorSubScene
23:31:52.638 [JavaFX Application Thread] DEBUG Input                - Clearing active input actions
23:31:52.647 [JavaFX Application Thread] DEBUG WindowService        - Removing overlay from GameScene and adding to ErrorSubScene
23:31:52.648 [JavaFX Application Thread] DEBUG MainWindow           - GameScene -> ErrorSubScene
23:31:53.486 [FXGL Background Thread 2 ] DEBUG Engine               - Logging environment variables
23:31:53.487 [FXGL Background Thread 2 ] DEBUG Engine               - achievements: []
23:31:53.487 [FXGL Background Thread 2 ] DEBUG Engine               - appIcon: fxgl_icon.png
23:31:53.488 [FXGL Background Thread 2 ] DEBUG Engine               - applicationMode: DEVELOPER
23:31:53.488 [FXGL Background Thread 2 ] DEBUG Engine               - cSSList: [fxgl_dark.css]
23:31:53.488 [FXGL Background Thread 2 ] DEBUG Engine               - configClass: Optional.empty
23:31:53.488 [FXGL Background Thread 2 ] DEBUG Engine               - credits: []
23:31:53.489 [FXGL Background Thread 2 ] DEBUG Engine               - devBBoxColorProperty: ObjectProperty [value: 0xff0000ff]
23:31:53.489 [FXGL Background Thread 2 ] DEBUG Engine               - devSensorColorProperty: ObjectProperty [value: 0xffff00ff]
23:31:53.490 [FXGL Background Thread 2 ] DEBUG Engine               - devShowBBoxProperty: BooleanProperty [value: false]
23:31:53.490 [FXGL Background Thread 2 ] DEBUG Engine               - devShowPositionProperty: BooleanProperty [value: false]
23:31:53.491 [FXGL Background Thread 2 ] DEBUG Engine               - enabledMenuItems: []
23:31:53.491 [FXGL Background Thread 2 ] DEBUG Engine               - engineServices: [class com.almasb.fxgl.app.GameApplication$GameApplicationService, class com.almasb.fxgl.app.services.WindowService, class com.almasb.fxgl.app.services.FXGLDialogService, class com.almasb.fxgl.app.services.IOTaskExecutorService, class com.almasb.fxgl.event.EventBusService, class com.almasb.fxgl.io.FileSystemService, class com.almasb.fxgl.localization.LocalizationService, class com.almasb.fxgl.app.services.AssetLoaderService, class com.almasb.fxgl.app.services.SystemBundleService, class com.almasb.fxgl.profile.SaveLoadService, class com.almasb.fxgl.ui.FXGLUIFactoryServiceProvider, class com.almasb.fxgl.ui.FXGLDialogFactoryServiceProvider, class com.almasb.fxgl.audio.AudioPlayer, class com.almasb.fxgl.notification.impl.NotificationServiceProvider, class com.almasb.fxgl.achievement.AchievementService, class com.almasb.fxgl.cutscene.CutsceneService, class com.almasb.fxgl.minigames.MiniGameService, class com.almasb.fxgl.net.NetService, class com.almasb.fxgl.app.services.UpdaterService, class com.almasb.fxgl.dev.DevService]
23:31:53.491 [FXGL Background Thread 2 ] DEBUG Engine               - fontGame: Abel-Regular.ttf
23:31:53.491 [FXGL Background Thread 2 ] DEBUG Engine               - fontMono: lucida_console.ttf
23:31:53.492 [FXGL Background Thread 2 ] DEBUG Engine               - fontText: Courier-Prime.ttf
23:31:53.492 [FXGL Background Thread 2 ] DEBUG Engine               - fontUI: VarelaRound-Regular.ttf
23:31:53.492 [FXGL Background Thread 2 ] DEBUG Engine               - fullScreen: BooleanProperty [value: false]
23:31:53.492 [FXGL Background Thread 2 ] DEBUG Engine               - gameDifficulty: MEDIUM
23:31:53.493 [FXGL Background Thread 2 ] DEBUG Engine               - gameDifficultyProperty: ObjectProperty [value: MEDIUM]
23:31:53.493 [FXGL Background Thread 2 ] DEBUG Engine               - globalMusicVolume: 0.5
23:31:53.493 [FXGL Background Thread 2 ] DEBUG Engine               - globalMusicVolumeProperty: DoubleProperty [value: 0.5]
23:31:53.493 [FXGL Background Thread 2 ] DEBUG Engine               - globalSoundVolume: 0.5
23:31:53.493 [FXGL Background Thread 2 ] DEBUG Engine               - globalSoundVolumeProperty: DoubleProperty [value: 0.5]
23:31:53.493 [FXGL Background Thread 2 ] DEBUG Engine               - height: 650
23:31:53.493 [FXGL Background Thread 2 ] DEBUG Engine               - isAndroid: false
23:31:53.493 [FXGL Background Thread 2 ] DEBUG Engine               - isBrowser: false
23:31:53.493 [FXGL Background Thread 2 ] DEBUG Engine               - isClickFeedbackEnabled: false
23:31:53.493 [FXGL Background Thread 2 ] DEBUG Engine               - isCloseConfirmation: false
23:31:53.493 [FXGL Background Thread 2 ] DEBUG Engine               - isDesktop: true
23:31:53.493 [FXGL Background Thread 2 ] DEBUG Engine               - isDeveloperMenuEnabled: false
23:31:53.493 [FXGL Background Thread 2 ] DEBUG Engine               - isExperimentalNative: false
23:31:53.493 [FXGL Background Thread 2 ] DEBUG Engine               - isExperimentalTiledLargeMap: false
23:31:53.493 [FXGL Background Thread 2 ] DEBUG Engine               - isFullScreenAllowed: false
23:31:53.493 [FXGL Background Thread 2 ] DEBUG Engine               - isFullScreenFromStart: false
23:31:53.493 [FXGL Background Thread 2 ] DEBUG Engine               - isGameMenuEnabled: true
23:31:53.494 [FXGL Background Thread 2 ] DEBUG Engine               - isIOS: false
23:31:53.494 [FXGL Background Thread 2 ] DEBUG Engine               - isIntroEnabled: false
23:31:53.494 [FXGL Background Thread 2 ] DEBUG Engine               - isLinux: false
23:31:53.494 [FXGL Background Thread 2 ] DEBUG Engine               - isMac: false
23:31:53.494 [FXGL Background Thread 2 ] DEBUG Engine               - isMainMenuEnabled: false
23:31:53.494 [FXGL Background Thread 2 ] DEBUG Engine               - isManualResizeEnabled: false
23:31:53.494 [FXGL Background Thread 2 ] DEBUG Engine               - isMobile: false
23:31:53.494 [FXGL Background Thread 2 ] DEBUG Engine               - isPreserveResizeRatio: false
23:31:53.494 [FXGL Background Thread 2 ] DEBUG Engine               - isProfilingEnabled: false
23:31:53.494 [FXGL Background Thread 2 ] DEBUG Engine               - isSingleStep: false
23:31:53.494 [FXGL Background Thread 2 ] DEBUG Engine               - isUserProfileEnabled: false
23:31:53.494 [FXGL Background Thread 2 ] DEBUG Engine               - isWindows: true
23:31:53.494 [FXGL Background Thread 2 ] DEBUG Engine               - language: ObjectProperty [value: ENGLISH]
23:31:53.494 [FXGL Background Thread 2 ] DEBUG Engine               - mainWindow: com.almasb.fxgl.app.MainWindow@613802cd
23:31:53.494 [FXGL Background Thread 2 ] DEBUG Engine               - menuKey: ESCAPE
23:31:53.494 [FXGL Background Thread 2 ] DEBUG Engine               - notificationViewClass: class com.almasb.fxgl.notification.view.XboxNotificationView
23:31:53.494 [FXGL Background Thread 2 ] DEBUG Engine               - pixelsPerMeter: 50.0
23:31:53.494 [FXGL Background Thread 2 ] DEBUG Engine               - platform: WINDOWS
23:31:53.494 [FXGL Background Thread 2 ] DEBUG Engine               - profileDir: profiles/
23:31:53.494 [FXGL Background Thread 2 ] DEBUG Engine               - profileName: StringProperty [value: DEFAULT]
23:31:53.494 [FXGL Background Thread 2 ] DEBUG Engine               - randomSeed: -1
23:31:53.495 [FXGL Background Thread 2 ] DEBUG Engine               - runtimeInfo: RuntimeInfo(platform=WINDOWS, version=11.9, build=27.05.2020 17.06)
23:31:53.495 [FXGL Background Thread 2 ] DEBUG Engine               - saveFileExt: sav
23:31:53.495 [FXGL Background Thread 2 ] DEBUG Engine               - sceneFactory: com.almasb.fxgl.app.scene.SceneFactory@243a908e
23:31:53.495 [FXGL Background Thread 2 ] DEBUG Engine               - secondsIn24h: 60
23:31:53.495 [FXGL Background Thread 2 ] DEBUG Engine               - settings: Title: Newfoundland Moose Collision
Version: 0.1
Width: 840
Height: 650
Fullscreen: false
Intro: false
Profiling: false
Single step:false
App Mode: DEVELOPER
Menu Key: ESCAPE
Stage Style: DECORATED
Scene Factory: class com.almasb.fxgl.app.scene.SceneFactory

23:31:53.495 [FXGL Background Thread 2 ] DEBUG Engine               - soundMenuBack: menu/back.wav
23:31:53.495 [FXGL Background Thread 2 ] DEBUG Engine               - soundMenuPress: menu/press.wav
23:31:53.495 [FXGL Background Thread 2 ] DEBUG Engine               - soundMenuSelect: menu/select.wav
23:31:53.495 [FXGL Background Thread 2 ] DEBUG Engine               - soundNotification: core/notification.wav
23:31:53.495 [FXGL Background Thread 2 ] DEBUG Engine               - stageStyle: DECORATED
23:31:53.495 [FXGL Background Thread 2 ] DEBUG Engine               - supportedLanguages: [ENGLISH, FRENCH, GERMAN, HUNGARIAN, RUSSIAN]
23:31:53.495 [FXGL Background Thread 2 ] DEBUG Engine               - title: Newfoundland Moose Collision
23:31:53.495 [FXGL Background Thread 2 ] DEBUG Engine               - urlGithub: https://github.com/AlmasB/FXGL
23:31:53.495 [FXGL Background Thread 2 ] DEBUG Engine               - urlLeaderboard: http://fxgl-top.herokuapp.com/
23:31:53.495 [FXGL Background Thread 2 ] DEBUG Engine               - urlPOM: https://raw.githubusercontent.com/AlmasB/FXGL/master/pom.xml
23:31:53.495 [FXGL Background Thread 2 ] DEBUG Engine               - version: 0.1
23:31:53.495 [FXGL Background Thread 2 ] DEBUG Engine               - versionCheckDays: 7
23:31:53.495 [FXGL Background Thread 2 ] DEBUG Engine               - width: 840
23:31:53.495 [FXGL Background Thread 2 ] DEBUG Engine               - Logging services
23:31:53.495 [FXGL Background Thread 2 ] DEBUG Engine               - class com.almasb.fxgl.app.GameApplication$GameApplicationService
23:31:53.495 [FXGL Background Thread 2 ] DEBUG Engine               - class com.almasb.fxgl.app.services.WindowService
23:31:53.495 [FXGL Background Thread 2 ] DEBUG Engine               - class com.almasb.fxgl.app.services.FXGLDialogService
23:31:53.495 [FXGL Background Thread 2 ] DEBUG Engine               - class com.almasb.fxgl.app.services.IOTaskExecutorService
23:31:53.495 [FXGL Background Thread 2 ] DEBUG Engine               - class com.almasb.fxgl.event.EventBusService
23:31:53.495 [FXGL Background Thread 2 ] DEBUG Engine               - class com.almasb.fxgl.io.FileSystemService
23:31:53.496 [FXGL Background Thread 2 ] DEBUG Engine               - class com.almasb.fxgl.localization.LocalizationService
23:31:53.496 [FXGL Background Thread 2 ] DEBUG Engine               - class com.almasb.fxgl.app.services.AssetLoaderService
23:31:53.496 [FXGL Background Thread 2 ] DEBUG Engine               - class com.almasb.fxgl.app.services.SystemBundleService
23:31:53.496 [FXGL Background Thread 2 ] DEBUG Engine               - class com.almasb.fxgl.profile.SaveLoadService
23:31:53.496 [FXGL Background Thread 2 ] DEBUG Engine               - class com.almasb.fxgl.ui.FXGLUIFactoryServiceProvider
23:31:53.496 [FXGL Background Thread 2 ] DEBUG Engine               - class com.almasb.fxgl.ui.FXGLDialogFactoryServiceProvider
23:31:53.496 [FXGL Background Thread 2 ] DEBUG Engine               - class com.almasb.fxgl.audio.AudioPlayer
23:31:53.496 [FXGL Background Thread 2 ] DEBUG Engine               - class com.almasb.fxgl.notification.impl.NotificationServiceProvider
23:31:53.496 [FXGL Background Thread 2 ] DEBUG Engine               - class com.almasb.fxgl.achievement.AchievementService
23:31:53.496 [FXGL Background Thread 2 ] DEBUG Engine               - class com.almasb.fxgl.cutscene.CutsceneService
23:31:53.496 [FXGL Background Thread 2 ] DEBUG Engine               - class com.almasb.fxgl.minigames.MiniGameService
23:31:53.496 [FXGL Background Thread 2 ] DEBUG Engine               - class com.almasb.fxgl.net.NetService
23:31:53.496 [FXGL Background Thread 2 ] DEBUG Engine               - class com.almasb.fxgl.app.services.UpdaterService
23:31:53.496 [FXGL Background Thread 2 ] DEBUG Engine               - class com.almasb.fxgl.dev.DevService
23:31:56.081 [JavaFX Application Thread] DEBUG GameApplication      - Exiting FXGL
23:31:56.081 [JavaFX Application Thread] DEBUG GameApplication      - Shutting down background threads
23:31:56.081 [JavaFX Application Thread] DEBUG GameApplication      - Closing logger and exiting JavaFX
