17:18:50.682 [main                     ] DEBUG GameApplication      - Logger initialized
17:18:50.686 [main                     ] DEBUG GameApplication      - Logging settings
Title: Newfoundland Moose Collision
Version: 0.1
Width: 840
Height: 650
Fullscreen: false
Intro: false
Profiling: false
Single step:false
App Mode: DEVELOPER
Menu Key: ESCAPE
Stage Style: DECORATED
Scene Factory: class com.almasb.fxgl.app.scene.SceneFactory

17:18:51.082 [JavaFX Application Thread] DEBUG GameApplication      - Initializing FXGL
17:18:51.096 [JavaFX Application Thread] INFO  Engine               - FXGL-11.9 (27.05.2020 17.06) on WINDOWS (J:14.0.1 FX:13.0.2)
17:18:51.096 [JavaFX Application Thread] DEBUG Engine               - JRE Vendor Name: Oracle Corporation
17:18:51.096 [JavaFX Application Thread] DEBUG Engine               - Running on OS: Windows 10 version 10.0
17:18:51.096 [JavaFX Application Thread] DEBUG Engine               - Architecture: amd64
17:18:51.097 [JavaFX Application Thread] INFO  Engine               - Source code and latest versions at: https://github.com/AlmasB/FXGL
17:18:51.097 [JavaFX Application Thread] INFO  Engine               -              Join the FXGL chat at: https://gitter.im/AlmasB/FXGL
17:18:51.208 [JavaFX Application Thread] DEBUG MainWindow           - Creating a JavaFX scene
17:18:51.251 [JavaFX Application Thread] DEBUG MainWindow           - Target settings size: 840.0 x 650.0
17:18:51.251 [JavaFX Application Thread] DEBUG MainWindow           - Scaled scene size:    840.0 x 650.0
17:18:51.251 [JavaFX Application Thread] DEBUG MainWindow           - Scaled ratio: (1.0, 1.0)
17:18:51.252 [JavaFX Application Thread] DEBUG MainWindow           - Set initial scene to FXGLStartupScene
17:18:51.258 [JavaFX Application Thread] DEBUG MainWindow           - Opening main window
17:18:51.347 [JavaFX Application Thread] DEBUG MainWindow           - Window border size: (16.0, 39.0)
17:18:51.347 [JavaFX Application Thread] DEBUG MainWindow           - Scaled size: 840.0 x 650.0
17:18:51.347 [JavaFX Application Thread] DEBUG MainWindow           - Scaled ratio: (1.0, 1.0)
17:18:51.347 [JavaFX Application Thread] DEBUG MainWindow           - Scene size: 840.0 x 650.0
17:18:51.347 [JavaFX Application Thread] DEBUG MainWindow           - Stage size: 856.0 x 689.0
17:18:51.356 [FXGL Background Thread 1 ] DEBUG Engine               - Initializing environment variables
17:18:51.375 [FXGL Background Thread 1 ] DEBUG WindowService        - Applying CSS: fxgl_dark.css
17:18:51.376 [FXGL Background Thread 1 ] DEBUG AssetLoaderService   - Loading from file system: /assets/ui/css/fxgl_dark.css
17:18:51.411 [FXGL Background Thread 1 ] DEBUG WindowService        - Initializing application scenes
17:18:51.443 [FXGL Background Thread 1 ] DEBUG GameWorld            - Game world initialized
17:18:51.479 [FXGL Background Thread 1 ] DEBUG PhysicsWorld         - Physics world initialized: appHeight=650, physics.ppm=50.0
17:18:51.481 [FXGL Background Thread 1 ] DEBUG GameScene            - Game scene initialized: 840x650
17:18:51.504 [FXGL Background Thread 1 ] DEBUG AssetLoaderService   - Loading from file system: /assets/textures/particles/trace_horizontal.png
17:18:51.549 [FXGL Background Thread 1 ] DEBUG FXGL.DefaultMenu     - createMenuBodyGameMenu()
17:18:51.564 [FXGL Background Thread 1 ] DEBUG FXGL.DefaultMenu     - createOptionsMenu()
17:18:51.568 [FXGL Background Thread 1 ] DEBUG AssetLoaderService   - Loading from file system: /assets/textures/particles/smoke.png
17:18:51.605 [FXGL Background Thread 1 ] DEBUG WindowService        - Application scenes initialized
17:18:51.614 [FXGL Background Thread 1 ] DEBUG SystemBundleService  - Loading FXGL system data
17:18:51.617 [FXGL Background Thread 1 ] DEBUG FileSystemAccess     - Reading from: E:\secondYear\Java\NewfoundlandRacer\system\fxgl.bundle
17:18:51.621 [FXGL Background Thread 1 ] DEBUG SystemBundleService  - Bundle FXGL: {}
17:18:51.621 [FXGL Background Thread 1 ] INFO  Engine               - FXGL initialization took: 0.264 sec
17:18:51.622 [FXGL Background Thread 1 ] DEBUG GameApplication      - Loading localizations
17:18:51.623 [FXGL Background Thread 1 ] DEBUG AssetLoaderService   - Loading from file system: /assets/languages/english.lang
17:18:51.630 [FXGL Background Thread 1 ] DEBUG AssetLoaderService   - Loading from file system: /assets/languages/french.lang
17:18:51.631 [FXGL Background Thread 1 ] DEBUG AssetLoaderService   - Loading from file system: /assets/languages/german.lang
17:18:51.633 [FXGL Background Thread 1 ] DEBUG AssetLoaderService   - Loading from file system: /assets/languages/hungarian.lang
17:18:51.636 [FXGL Background Thread 1 ] DEBUG AssetLoaderService   - Loading from file system: /assets/languages/russian.lang
17:18:51.638 [FXGL Background Thread 1 ] DEBUG GameApplication      - Registering font factories with UI factory
17:18:51.638 [FXGL Background Thread 1 ] DEBUG AssetLoaderService   - Loading from file system: /assets/ui/fonts/VarelaRound-Regular.ttf
17:18:51.670 [FXGL Background Thread 1 ] DEBUG AssetLoaderService   - Loading from file system: /assets/ui/fonts/Abel-Regular.ttf
17:18:51.673 [FXGL Background Thread 1 ] DEBUG AssetLoaderService   - Loading from file system: /assets/ui/fonts/lucida_console.ttf
17:18:51.677 [FXGL Background Thread 1 ] DEBUG AssetLoaderService   - Loading from file system: /assets/ui/fonts/Courier-Prime.ttf
17:18:51.687 [JavaFX Application Thread] DEBUG Input                - Registered new binding: Move Right - D
17:18:51.687 [JavaFX Application Thread] DEBUG Input                - Registered new binding: Move Left - A
17:18:51.687 [JavaFX Application Thread] DEBUG Input                - Registered new binding: Move Up - W
17:18:51.687 [JavaFX Application Thread] DEBUG Input                - Registered new binding: Move Down - S
17:18:51.687 [JavaFX Application Thread] DEBUG AssetLoaderService   - Loading from file system: /assets/textures/fxgl_icon.png
17:18:51.700 [JavaFX Application Thread] DEBUG AssetLoaderService   - Loading from file system: /assets/ui/cursors/fxgl_default.png
17:18:51.702 [JavaFX Application Thread] DEBUG Input                - Registered new binding: Screenshot - P
17:18:51.703 [JavaFX Application Thread] DEBUG Input                - Registered new binding: System info dump - CTRL+9
17:18:51.704 [JavaFX Application Thread] DEBUG Input                - Registered new binding: Restart - CTRL+R
17:18:51.706 [JavaFX Application Thread] DEBUG LoopRunner           - Starting loop
17:18:51.712 [JavaFX Application Thread] DEBUG FXGLStartupScene     - STARTUP
17:18:51.713 [JavaFX Application Thread] DEBUG WindowService        - Starting new game
17:18:51.713 [JavaFX Application Thread] DEBUG Input                - Clearing active input actions
17:18:51.723 [JavaFX Application Thread] DEBUG WindowService        - Removing overlay from FXGLStartupScene and adding to FXGLLoadingScene
17:18:51.723 [JavaFX Application Thread] DEBUG MainWindow           - FXGLStartupScene -> FXGLLoadingScene
17:18:51.723 [JavaFX Application Thread] DEBUG WindowService        - Clearing previous game
17:18:51.723 [JavaFX Application Thread] DEBUG GameScene            - Clearing game scene
17:18:51.723 [JavaFX Application Thread] DEBUG GameWorld            - Clearing game world
17:18:51.724 [JavaFX Application Thread] DEBUG PhysicsWorld         - Clearing physics world
17:18:51.725 [FXGL Background Thread 1 ] DEBUG GameApplication      - Initializing game
17:18:51.731 [FXGL Background Thread 1 ] DEBUG AssetLoaderService   - Loading from file system: /assets/textures/4lanehighway.png
17:18:51.817 [FXGL Background Thread 1 ] DEBUG AssetLoaderService   - Loading from file system: /assets/textures/player.png
17:18:51.828 [FXGL Background Thread 1 ] DEBUG AssetLoaderService   - Loading from file system: /assets/textures/coin.png
17:18:51.836 [FXGL Background Thread 1 ] INFO  GameApplication      - Game initialization took: 0.111 sec
17:18:51.844 [JavaFX Application Thread] DEBUG Input                - Clearing active input actions
17:18:51.850 [JavaFX Application Thread] DEBUG WindowService        - Removing overlay from FXGLLoadingScene and adding to GameScene
17:18:51.851 [JavaFX Application Thread] DEBUG MainWindow           - FXGLLoadingScene -> GameScene
17:18:53.853 [JavaFX Application Thread] DEBUG AssetLoaderService   - Loading from file system: /assets/textures/driver.png
17:18:54.624 [FXGL Background Thread 2 ] DEBUG Engine               - Logging environment variables
17:18:54.625 [FXGL Background Thread 2 ] DEBUG Engine               - achievements: []
17:18:54.625 [FXGL Background Thread 2 ] DEBUG Engine               - appIcon: fxgl_icon.png
17:18:54.626 [FXGL Background Thread 2 ] DEBUG Engine               - applicationMode: DEVELOPER
17:18:54.626 [FXGL Background Thread 2 ] DEBUG Engine               - cSSList: [fxgl_dark.css]
17:18:54.626 [FXGL Background Thread 2 ] DEBUG Engine               - configClass: Optional.empty
17:18:54.626 [FXGL Background Thread 2 ] DEBUG Engine               - credits: []
17:18:54.627 [FXGL Background Thread 2 ] DEBUG Engine               - devBBoxColorProperty: ObjectProperty [value: 0xff0000ff]
17:18:54.627 [FXGL Background Thread 2 ] DEBUG Engine               - devSensorColorProperty: ObjectProperty [value: 0xffff00ff]
17:18:54.628 [FXGL Background Thread 2 ] DEBUG Engine               - devShowBBoxProperty: BooleanProperty [value: false]
17:18:54.628 [FXGL Background Thread 2 ] DEBUG Engine               - devShowPositionProperty: BooleanProperty [value: false]
17:18:54.629 [FXGL Background Thread 2 ] DEBUG Engine               - enabledMenuItems: []
17:18:54.629 [FXGL Background Thread 2 ] DEBUG Engine               - engineServices: [class com.almasb.fxgl.app.GameApplication$GameApplicationService, class com.almasb.fxgl.app.services.WindowService, class com.almasb.fxgl.app.services.FXGLDialogService, class com.almasb.fxgl.app.services.IOTaskExecutorService, class com.almasb.fxgl.event.EventBusService, class com.almasb.fxgl.io.FileSystemService, class com.almasb.fxgl.localization.LocalizationService, class com.almasb.fxgl.app.services.AssetLoaderService, class com.almasb.fxgl.app.services.SystemBundleService, class com.almasb.fxgl.profile.SaveLoadService, class com.almasb.fxgl.ui.FXGLUIFactoryServiceProvider, class com.almasb.fxgl.ui.FXGLDialogFactoryServiceProvider, class com.almasb.fxgl.audio.AudioPlayer, class com.almasb.fxgl.notification.impl.NotificationServiceProvider, class com.almasb.fxgl.achievement.AchievementService, class com.almasb.fxgl.cutscene.CutsceneService, class com.almasb.fxgl.minigames.MiniGameService, class com.almasb.fxgl.net.NetService, class com.almasb.fxgl.app.services.UpdaterService, class com.almasb.fxgl.dev.DevService]
17:18:54.629 [FXGL Background Thread 2 ] DEBUG Engine               - fontGame: Abel-Regular.ttf
17:18:54.629 [FXGL Background Thread 2 ] DEBUG Engine               - fontMono: lucida_console.ttf
17:18:54.629 [FXGL Background Thread 2 ] DEBUG Engine               - fontText: Courier-Prime.ttf
17:18:54.629 [FXGL Background Thread 2 ] DEBUG Engine               - fontUI: VarelaRound-Regular.ttf
17:18:54.629 [FXGL Background Thread 2 ] DEBUG Engine               - fullScreen: BooleanProperty [value: false]
17:18:54.629 [FXGL Background Thread 2 ] DEBUG Engine               - gameDifficulty: MEDIUM
17:18:54.629 [FXGL Background Thread 2 ] DEBUG Engine               - gameDifficultyProperty: ObjectProperty [value: MEDIUM]
17:18:54.629 [FXGL Background Thread 2 ] DEBUG Engine               - globalMusicVolume: 0.5
17:18:54.629 [FXGL Background Thread 2 ] DEBUG Engine               - globalMusicVolumeProperty: DoubleProperty [value: 0.5]
17:18:54.629 [FXGL Background Thread 2 ] DEBUG Engine               - globalSoundVolume: 0.5
17:18:54.629 [FXGL Background Thread 2 ] DEBUG Engine               - globalSoundVolumeProperty: DoubleProperty [value: 0.5]
17:18:54.629 [FXGL Background Thread 2 ] DEBUG Engine               - height: 650
17:18:54.629 [FXGL Background Thread 2 ] DEBUG Engine               - isAndroid: false
17:18:54.629 [FXGL Background Thread 2 ] DEBUG Engine               - isBrowser: false
17:18:54.630 [FXGL Background Thread 2 ] DEBUG Engine               - isClickFeedbackEnabled: false
17:18:54.630 [FXGL Background Thread 2 ] DEBUG Engine               - isCloseConfirmation: false
17:18:54.630 [FXGL Background Thread 2 ] DEBUG Engine               - isDesktop: true
17:18:54.630 [FXGL Background Thread 2 ] DEBUG Engine               - isDeveloperMenuEnabled: false
17:18:54.630 [FXGL Background Thread 2 ] DEBUG Engine               - isExperimentalNative: false
17:18:54.630 [FXGL Background Thread 2 ] DEBUG Engine               - isExperimentalTiledLargeMap: false
17:18:54.630 [FXGL Background Thread 2 ] DEBUG Engine               - isFullScreenAllowed: false
17:18:54.630 [FXGL Background Thread 2 ] DEBUG Engine               - isFullScreenFromStart: false
17:18:54.630 [FXGL Background Thread 2 ] DEBUG Engine               - isGameMenuEnabled: true
17:18:54.630 [FXGL Background Thread 2 ] DEBUG Engine               - isIOS: false
17:18:54.630 [FXGL Background Thread 2 ] DEBUG Engine               - isIntroEnabled: false
17:18:54.630 [FXGL Background Thread 2 ] DEBUG Engine               - isLinux: false
17:18:54.630 [FXGL Background Thread 2 ] DEBUG Engine               - isMac: false
17:18:54.630 [FXGL Background Thread 2 ] DEBUG Engine               - isMainMenuEnabled: false
17:18:54.630 [FXGL Background Thread 2 ] DEBUG Engine               - isManualResizeEnabled: false
17:18:54.630 [FXGL Background Thread 2 ] DEBUG Engine               - isMobile: false
17:18:54.630 [FXGL Background Thread 2 ] DEBUG Engine               - isPreserveResizeRatio: false
17:18:54.630 [FXGL Background Thread 2 ] DEBUG Engine               - isProfilingEnabled: false
17:18:54.630 [FXGL Background Thread 2 ] DEBUG Engine               - isSingleStep: false
17:18:54.630 [FXGL Background Thread 2 ] DEBUG Engine               - isUserProfileEnabled: false
17:18:54.630 [FXGL Background Thread 2 ] DEBUG Engine               - isWindows: true
17:18:54.631 [FXGL Background Thread 2 ] DEBUG Engine               - language: ObjectProperty [value: ENGLISH]
17:18:54.631 [FXGL Background Thread 2 ] DEBUG Engine               - mainWindow: com.almasb.fxgl.app.MainWindow@20c6190b
17:18:54.631 [FXGL Background Thread 2 ] DEBUG Engine               - menuKey: ESCAPE
17:18:54.631 [FXGL Background Thread 2 ] DEBUG Engine               - notificationViewClass: class com.almasb.fxgl.notification.view.XboxNotificationView
17:18:54.631 [FXGL Background Thread 2 ] DEBUG Engine               - pixelsPerMeter: 50.0
17:18:54.631 [FXGL Background Thread 2 ] DEBUG Engine               - platform: WINDOWS
17:18:54.631 [FXGL Background Thread 2 ] DEBUG Engine               - profileDir: profiles/
17:18:54.631 [FXGL Background Thread 2 ] DEBUG Engine               - profileName: StringProperty [value: DEFAULT]
17:18:54.631 [FXGL Background Thread 2 ] DEBUG Engine               - randomSeed: -1
17:18:54.631 [FXGL Background Thread 2 ] DEBUG Engine               - runtimeInfo: RuntimeInfo(platform=WINDOWS, version=11.9, build=27.05.2020 17.06)
17:18:54.631 [FXGL Background Thread 2 ] DEBUG Engine               - saveFileExt: sav
17:18:54.631 [FXGL Background Thread 2 ] DEBUG Engine               - sceneFactory: com.almasb.fxgl.app.scene.SceneFactory@65c49377
17:18:54.631 [FXGL Background Thread 2 ] DEBUG Engine               - secondsIn24h: 60
17:18:54.631 [FXGL Background Thread 2 ] DEBUG Engine               - settings: Title: Newfoundland Moose Collision
Version: 0.1
Width: 840
Height: 650
Fullscreen: false
Intro: false
Profiling: false
Single step:false
App Mode: DEVELOPER
Menu Key: ESCAPE
Stage Style: DECORATED
Scene Factory: class com.almasb.fxgl.app.scene.SceneFactory

17:18:54.631 [FXGL Background Thread 2 ] DEBUG Engine               - soundMenuBack: menu/back.wav
17:18:54.631 [FXGL Background Thread 2 ] DEBUG Engine               - soundMenuPress: menu/press.wav
17:18:54.631 [FXGL Background Thread 2 ] DEBUG Engine               - soundMenuSelect: menu/select.wav
17:18:54.631 [FXGL Background Thread 2 ] DEBUG Engine               - soundNotification: core/notification.wav
17:18:54.631 [FXGL Background Thread 2 ] DEBUG Engine               - stageStyle: DECORATED
17:18:54.631 [FXGL Background Thread 2 ] DEBUG Engine               - supportedLanguages: [ENGLISH, FRENCH, GERMAN, HUNGARIAN, RUSSIAN]
17:18:54.632 [FXGL Background Thread 2 ] DEBUG Engine               - title: Newfoundland Moose Collision
17:18:54.632 [FXGL Background Thread 2 ] DEBUG Engine               - urlGithub: https://github.com/AlmasB/FXGL
17:18:54.632 [FXGL Background Thread 2 ] DEBUG Engine               - urlLeaderboard: http://fxgl-top.herokuapp.com/
17:18:54.632 [FXGL Background Thread 2 ] DEBUG Engine               - urlPOM: https://raw.githubusercontent.com/AlmasB/FXGL/master/pom.xml
17:18:54.632 [FXGL Background Thread 2 ] DEBUG Engine               - version: 0.1
17:18:54.632 [FXGL Background Thread 2 ] DEBUG Engine               - versionCheckDays: 7
17:18:54.632 [FXGL Background Thread 2 ] DEBUG Engine               - width: 840
17:18:54.632 [FXGL Background Thread 2 ] DEBUG Engine               - Logging services
17:18:54.632 [FXGL Background Thread 2 ] DEBUG Engine               - class com.almasb.fxgl.app.GameApplication$GameApplicationService
17:18:54.632 [FXGL Background Thread 2 ] DEBUG Engine               - class com.almasb.fxgl.app.services.WindowService
17:18:54.632 [FXGL Background Thread 2 ] DEBUG Engine               - class com.almasb.fxgl.app.services.FXGLDialogService
17:18:54.632 [FXGL Background Thread 2 ] DEBUG Engine               - class com.almasb.fxgl.app.services.IOTaskExecutorService
17:18:54.632 [FXGL Background Thread 2 ] DEBUG Engine               - class com.almasb.fxgl.event.EventBusService
17:18:54.632 [FXGL Background Thread 2 ] DEBUG Engine               - class com.almasb.fxgl.io.FileSystemService
17:18:54.632 [FXGL Background Thread 2 ] DEBUG Engine               - class com.almasb.fxgl.localization.LocalizationService
17:18:54.632 [FXGL Background Thread 2 ] DEBUG Engine               - class com.almasb.fxgl.app.services.AssetLoaderService
17:18:54.632 [FXGL Background Thread 2 ] DEBUG Engine               - class com.almasb.fxgl.app.services.SystemBundleService
17:18:54.632 [FXGL Background Thread 2 ] DEBUG Engine               - class com.almasb.fxgl.profile.SaveLoadService
17:18:54.632 [FXGL Background Thread 2 ] DEBUG Engine               - class com.almasb.fxgl.ui.FXGLUIFactoryServiceProvider
17:18:54.632 [FXGL Background Thread 2 ] DEBUG Engine               - class com.almasb.fxgl.ui.FXGLDialogFactoryServiceProvider
17:18:54.632 [FXGL Background Thread 2 ] DEBUG Engine               - class com.almasb.fxgl.audio.AudioPlayer
17:18:54.632 [FXGL Background Thread 2 ] DEBUG Engine               - class com.almasb.fxgl.notification.impl.NotificationServiceProvider
17:18:54.632 [FXGL Background Thread 2 ] DEBUG Engine               - class com.almasb.fxgl.achievement.AchievementService
17:18:54.632 [FXGL Background Thread 2 ] DEBUG Engine               - class com.almasb.fxgl.cutscene.CutsceneService
17:18:54.633 [FXGL Background Thread 2 ] DEBUG Engine               - class com.almasb.fxgl.minigames.MiniGameService
17:18:54.633 [FXGL Background Thread 2 ] DEBUG Engine               - class com.almasb.fxgl.net.NetService
17:18:54.633 [FXGL Background Thread 2 ] DEBUG Engine               - class com.almasb.fxgl.app.services.UpdaterService
17:18:54.633 [FXGL Background Thread 2 ] DEBUG Engine               - class com.almasb.fxgl.dev.DevService
17:18:55.549 [JavaFX Application Thread] DEBUG AssetLoaderService   - Loading from file system: /assets/music/coincollect.mp3
17:18:55.550 [JavaFX Application Thread] WARN  AssetLoaderService   - Failed to load music coincollect.mp3 Error: java.lang.IllegalArgumentException: Asset "/assets/music/coincollect.mp3" was not found!
17:18:55.551 [JavaFX Application Thread] DEBUG AudioPlayer          - Playing music com.almasb.fxgl.audio.Music@5b415c2a
17:18:55.869 [JavaFX Application Thread] DEBUG AssetLoaderService   - Loading from cache: /assets/textures/driver.png
17:18:57.886 [JavaFX Application Thread] DEBUG AssetLoaderService   - Loading from cache: /assets/textures/driver.png
17:18:59.172 [JavaFX Application Thread] DEBUG GameApplication      - Exiting FXGL
17:18:59.172 [JavaFX Application Thread] DEBUG LoopRunner           - Stopping loop
17:18:59.172 [JavaFX Application Thread] DEBUG SystemBundleService  - Saving FXGL system data
17:18:59.174 [JavaFX Application Thread] DEBUG FileSystemAccess     - Writing to: E:\secondYear\Java\NewfoundlandRacer\system\fxgl.bundle
17:18:59.175 [JavaFX Application Thread] DEBUG GameApplication      - Shutting down background threads
17:18:59.175 [JavaFX Application Thread] DEBUG GameApplication      - Closing logger and exiting JavaFX
