15:00:58.787 [main                     ] DEBUG GameApplication      - Logger initialized
15:00:58.791 [main                     ] DEBUG GameApplication      - Logging settings
Title: Newfoundland Moose Collision
Version: 0.1
Width: 840
Height: 650
Fullscreen: false
Intro: false
Profiling: false
Single step:false
App Mode: DEVELOPER
Menu Key: ESCAPE
Stage Style: DECORATED
Scene Factory: class MooseGame.NewfoundRacerApp$1

15:00:59.166 [JavaFX Application Thread] DEBUG GameApplication      - Initializing FXGL
15:00:59.178 [JavaFX Application Thread] INFO  Engine               - FXGL-11.9 (27.05.2020 17.06) on WINDOWS (J:14.0.1 FX:13.0.2)
15:00:59.179 [JavaFX Application Thread] DEBUG Engine               - JRE Vendor Name: Oracle Corporation
15:00:59.179 [JavaFX Application Thread] DEBUG Engine               - Running on OS: Windows 10 version 10.0
15:00:59.179 [JavaFX Application Thread] DEBUG Engine               - Architecture: amd64
15:00:59.179 [JavaFX Application Thread] INFO  Engine               - Source code and latest versions at: https://github.com/AlmasB/FXGL
15:00:59.179 [JavaFX Application Thread] INFO  Engine               -              Join the FXGL chat at: https://gitter.im/AlmasB/FXGL
15:00:59.289 [JavaFX Application Thread] DEBUG MainWindow           - Creating a JavaFX scene
15:00:59.331 [JavaFX Application Thread] DEBUG MainWindow           - Target settings size: 840.0 x 650.0
15:00:59.332 [JavaFX Application Thread] DEBUG MainWindow           - Scaled scene size:    840.0 x 650.0
15:00:59.332 [JavaFX Application Thread] DEBUG MainWindow           - Scaled ratio: (1.0, 1.0)
15:00:59.333 [JavaFX Application Thread] DEBUG MainWindow           - Set initial scene to FXGLStartupScene
15:00:59.339 [JavaFX Application Thread] DEBUG MainWindow           - Opening main window
15:00:59.422 [JavaFX Application Thread] DEBUG MainWindow           - Window border size: (16.0, 39.0)
15:00:59.422 [JavaFX Application Thread] DEBUG MainWindow           - Scaled size: 840.0 x 650.0
15:00:59.423 [JavaFX Application Thread] DEBUG MainWindow           - Scaled ratio: (1.0, 1.0)
15:00:59.423 [JavaFX Application Thread] DEBUG MainWindow           - Scene size: 840.0 x 650.0
15:00:59.423 [JavaFX Application Thread] DEBUG MainWindow           - Stage size: 856.0 x 689.0
15:00:59.431 [FXGL Background Thread 1 ] DEBUG Engine               - Initializing environment variables
15:00:59.455 [FXGL Background Thread 1 ] DEBUG WindowService        - Applying CSS: fxgl_dark.css
15:00:59.456 [FXGL Background Thread 1 ] DEBUG AssetLoaderService   - Loading from file system: /assets/ui/css/fxgl_dark.css
15:00:59.491 [FXGL Background Thread 1 ] DEBUG WindowService        - Initializing application scenes
15:00:59.517 [FXGL Background Thread 1 ] DEBUG GameWorld            - Game world initialized
15:00:59.550 [FXGL Background Thread 1 ] DEBUG PhysicsWorld         - Physics world initialized: appHeight=650, physics.ppm=50.0
15:00:59.551 [FXGL Background Thread 1 ] DEBUG GameScene            - Game scene initialized: 840x650
15:00:59.576 [FXGL Background Thread 1 ] DEBUG AssetLoaderService   - Loading from file system: /assets/textures/particles/trace_horizontal.png
15:00:59.619 [FXGL Background Thread 1 ] DEBUG FXGL.DefaultMenu     - createMenuBodyGameMenu()
15:00:59.632 [FXGL Background Thread 1 ] DEBUG FXGL.DefaultMenu     - createOptionsMenu()
15:00:59.636 [FXGL Background Thread 1 ] DEBUG AssetLoaderService   - Loading from file system: /assets/textures/particles/smoke.png
15:00:59.675 [FXGL Background Thread 1 ] DEBUG WindowService        - Application scenes initialized
15:00:59.684 [FXGL Background Thread 1 ] DEBUG SystemBundleService  - Loading FXGL system data
15:00:59.687 [FXGL Background Thread 1 ] DEBUG FileSystemAccess     - Reading from: E:\secondYear\Java\NewfoundlandRacer\system\fxgl.bundle
15:00:59.690 [FXGL Background Thread 1 ] DEBUG SystemBundleService  - Bundle FXGL: {}
15:00:59.690 [FXGL Background Thread 1 ] INFO  Engine               - FXGL initialization took: 0.259 sec
15:00:59.692 [FXGL Background Thread 1 ] DEBUG GameApplication      - Loading localizations
15:00:59.692 [FXGL Background Thread 1 ] DEBUG AssetLoaderService   - Loading from file system: /assets/languages/english.lang
15:00:59.699 [FXGL Background Thread 1 ] DEBUG AssetLoaderService   - Loading from file system: /assets/languages/french.lang
15:00:59.700 [FXGL Background Thread 1 ] DEBUG AssetLoaderService   - Loading from file system: /assets/languages/german.lang
15:00:59.701 [FXGL Background Thread 1 ] DEBUG AssetLoaderService   - Loading from file system: /assets/languages/hungarian.lang
15:00:59.704 [FXGL Background Thread 1 ] DEBUG AssetLoaderService   - Loading from file system: /assets/languages/russian.lang
15:00:59.705 [FXGL Background Thread 1 ] DEBUG GameApplication      - Registering font factories with UI factory
15:00:59.705 [FXGL Background Thread 1 ] DEBUG AssetLoaderService   - Loading from file system: /assets/ui/fonts/VarelaRound-Regular.ttf
15:00:59.737 [FXGL Background Thread 1 ] DEBUG AssetLoaderService   - Loading from file system: /assets/ui/fonts/Abel-Regular.ttf
15:00:59.739 [FXGL Background Thread 1 ] DEBUG AssetLoaderService   - Loading from file system: /assets/ui/fonts/lucida_console.ttf
15:00:59.743 [FXGL Background Thread 1 ] DEBUG AssetLoaderService   - Loading from file system: /assets/ui/fonts/Courier-Prime.ttf
15:00:59.752 [JavaFX Application Thread] DEBUG Input                - Registered new binding: Move Right - D
15:00:59.753 [JavaFX Application Thread] DEBUG Input                - Registered new binding: Move Left - A
15:00:59.753 [JavaFX Application Thread] DEBUG Input                - Registered new binding: Move Up - W
15:00:59.753 [JavaFX Application Thread] DEBUG Input                - Registered new binding: Move Down - S
15:00:59.753 [JavaFX Application Thread] DEBUG AssetLoaderService   - Loading from file system: /assets/textures/fxgl_icon.png
15:00:59.767 [JavaFX Application Thread] DEBUG AssetLoaderService   - Loading from file system: /assets/ui/cursors/fxgl_default.png
15:00:59.770 [JavaFX Application Thread] DEBUG Input                - Registered new binding: Screenshot - P
15:00:59.770 [JavaFX Application Thread] DEBUG Input                - Registered new binding: System info dump - CTRL+9
15:00:59.770 [JavaFX Application Thread] DEBUG Input                - Registered new binding: Restart - CTRL+R
15:00:59.771 [JavaFX Application Thread] DEBUG LoopRunner           - Starting loop
15:00:59.781 [JavaFX Application Thread] DEBUG FXGLStartupScene     - STARTUP
15:00:59.782 [JavaFX Application Thread] DEBUG Input                - Clearing active input actions
15:00:59.787 [JavaFX Application Thread] DEBUG WindowService        - Removing overlay from FXGLStartupScene and adding to 
15:00:59.788 [JavaFX Application Thread] DEBUG MainWindow           - FXGLStartupScene -> 
15:00:59.788 [JavaFX Application Thread] DEBUG MainWindow           - Push state: NewfoundlandRacerMainMenu
15:00:59.788 [JavaFX Application Thread] DEBUG Input                - Clearing active input actions
15:00:59.792 [JavaFX Application Thread] DEBUG WindowService        - Removing overlay from  and adding to NewfoundlandRacerMainMenu
15:00:59.792 [JavaFX Application Thread] DEBUG MainWindow           -  -> NewfoundlandRacerMainMenu
15:01:00.967 [JavaFX Application Thread] DEBUG GameApplication      - Exiting FXGL
15:01:00.967 [JavaFX Application Thread] DEBUG LoopRunner           - Stopping loop
15:01:00.968 [JavaFX Application Thread] DEBUG SystemBundleService  - Saving FXGL system data
15:01:00.969 [JavaFX Application Thread] DEBUG FileSystemAccess     - Writing to: E:\secondYear\Java\NewfoundlandRacer\system\fxgl.bundle
15:01:00.970 [JavaFX Application Thread] DEBUG GameApplication      - Shutting down background threads
15:01:00.970 [JavaFX Application Thread] DEBUG GameApplication      - Closing logger and exiting JavaFX
