11:13:36.081 [main                     ] DEBUG GameApplication      - Logger initialized
11:13:36.087 [main                     ] DEBUG GameApplication      - Logging settings
Title: Newfoundland Moose Collision
Version: 1.0
Width: 840
Height: 650
Fullscreen: false
Intro: false
Profiling: false
Single step:false
App Mode: DEVELOPER
Menu Key: ESCAPE
Stage Style: DECORATED
Scene Factory: class MooseGame.NewfoundRacerApp$1

11:13:36.540 [JavaFX Application Thread] DEBUG GameApplication      - Initializing FXGL
11:13:36.554 [JavaFX Application Thread] INFO  Engine               - FXGL-11.9 (27.05.2020 17.06) on WINDOWS (J:14.0.1 FX:13.0.2)
11:13:36.555 [JavaFX Application Thread] DEBUG Engine               - JRE Vendor Name: Oracle Corporation
11:13:36.555 [JavaFX Application Thread] DEBUG Engine               - Running on OS: Windows 10 version 10.0
11:13:36.556 [JavaFX Application Thread] DEBUG Engine               - Architecture: amd64
11:13:36.556 [JavaFX Application Thread] INFO  Engine               - Source code and latest versions at: https://github.com/AlmasB/FXGL
11:13:36.557 [JavaFX Application Thread] INFO  Engine               -              Join the FXGL chat at: https://gitter.im/AlmasB/FXGL
11:13:36.698 [JavaFX Application Thread] DEBUG MainWindow           - Creating a JavaFX scene
11:13:36.782 [JavaFX Application Thread] DEBUG MainWindow           - Target settings size: 840.0 x 650.0
11:13:36.783 [JavaFX Application Thread] DEBUG MainWindow           - Scaled scene size:    840.0 x 650.0
11:13:36.783 [JavaFX Application Thread] DEBUG MainWindow           - Scaled ratio: (1.0, 1.0)
11:13:36.784 [JavaFX Application Thread] DEBUG MainWindow           - Set initial scene to FXGLStartupScene
11:13:36.798 [JavaFX Application Thread] DEBUG MainWindow           - Opening main window
11:13:36.950 [JavaFX Application Thread] DEBUG MainWindow           - Window border size: (16.0, 39.0)
11:13:36.950 [JavaFX Application Thread] DEBUG MainWindow           - Scaled size: 840.0 x 650.0
11:13:36.950 [JavaFX Application Thread] DEBUG MainWindow           - Scaled ratio: (1.0, 1.0)
11:13:36.951 [JavaFX Application Thread] DEBUG MainWindow           - Scene size: 840.0 x 650.0
11:13:36.951 [JavaFX Application Thread] DEBUG MainWindow           - Stage size: 856.0 x 689.0
11:13:36.962 [FXGL Background Thread 1 ] DEBUG Engine               - Initializing environment variables
11:13:36.989 [FXGL Background Thread 1 ] DEBUG WindowService        - Applying CSS: fxgl_dark.css
11:13:36.990 [FXGL Background Thread 1 ] DEBUG AssetLoaderService   - Loading from file system: /assets/ui/css/fxgl_dark.css
11:13:37.032 [FXGL Background Thread 1 ] DEBUG WindowService        - Initializing application scenes
11:13:37.070 [FXGL Background Thread 1 ] DEBUG GameWorld            - Game world initialized
11:13:37.113 [FXGL Background Thread 1 ] DEBUG PhysicsWorld         - Physics world initialized: appHeight=650, physics.ppm=50.0
11:13:37.115 [FXGL Background Thread 1 ] DEBUG GameScene            - Game scene initialized: 840x650
11:13:37.132 [FXGL Background Thread 1 ] DEBUG AssetLoaderService   - Loading from file system: /assets/music/8-Bit-Perplexion.mp3
11:13:37.303 [FXGL Background Thread 1 ] DEBUG AssetLoaderService   - Loading from file system: /assets/music/Caffeine-Crazed-Coin-Op-Kids.mp3
11:13:37.320 [FXGL Background Thread 1 ] DEBUG AudioPlayer          - Stopping music com.almasb.fxgl.audio.Music@4a99e6d2
11:13:37.320 [FXGL Background Thread 1 ] DEBUG AudioPlayer          - Playing music com.almasb.fxgl.audio.Music@33064b45
11:13:37.402 [FXGL Background Thread 1 ] DEBUG AssetLoaderService   - Loading from file system: /assets/textures/particles/trace_horizontal.png
11:13:37.438 [FXGL Background Thread 1 ] DEBUG FXGL.DefaultMenu     - createMenuBodyGameMenu()
11:13:37.450 [FXGL Background Thread 1 ] DEBUG FXGL.DefaultMenu     - createOptionsMenu()
11:13:37.455 [FXGL Background Thread 1 ] DEBUG AssetLoaderService   - Loading from file system: /assets/textures/particles/smoke.png
11:13:37.506 [FXGL Background Thread 1 ] DEBUG WindowService        - Application scenes initialized
11:13:37.526 [FXGL Background Thread 1 ] DEBUG SystemBundleService  - Loading FXGL system data
11:13:37.530 [FXGL Background Thread 1 ] DEBUG FileSystemAccess     - Reading from: E:\secondYear\Java\NewfoundlandRacer\system\fxgl.bundle
11:13:37.535 [FXGL Background Thread 1 ] DEBUG SystemBundleService  - Bundle FXGL: {}
11:13:37.536 [FXGL Background Thread 1 ] INFO  Engine               - FXGL initialization took: 0.571 sec
11:13:37.537 [FXGL Background Thread 1 ] DEBUG GameApplication      - Loading localizations
11:13:37.538 [FXGL Background Thread 1 ] DEBUG AssetLoaderService   - Loading from file system: /assets/languages/english.lang
11:13:37.550 [FXGL Background Thread 1 ] DEBUG AssetLoaderService   - Loading from file system: /assets/languages/french.lang
11:13:37.553 [FXGL Background Thread 1 ] DEBUG AssetLoaderService   - Loading from file system: /assets/languages/german.lang
11:13:37.555 [FXGL Background Thread 1 ] DEBUG AssetLoaderService   - Loading from file system: /assets/languages/hungarian.lang
11:13:37.557 [FXGL Background Thread 1 ] DEBUG AssetLoaderService   - Loading from file system: /assets/languages/russian.lang
11:13:37.559 [FXGL Background Thread 1 ] DEBUG GameApplication      - Registering font factories with UI factory
11:13:37.559 [FXGL Background Thread 1 ] DEBUG AssetLoaderService   - Loading from file system: /assets/ui/fonts/VarelaRound-Regular.ttf
11:13:37.597 [FXGL Background Thread 1 ] DEBUG AssetLoaderService   - Loading from file system: /assets/ui/fonts/Abel-Regular.ttf
11:13:37.601 [FXGL Background Thread 1 ] DEBUG AssetLoaderService   - Loading from file system: /assets/ui/fonts/lucida_console.ttf
11:13:37.608 [FXGL Background Thread 1 ] DEBUG AssetLoaderService   - Loading from file system: /assets/ui/fonts/Courier-Prime.ttf
11:13:37.621 [JavaFX Application Thread] DEBUG Input                - Registered new binding: Move Right - D
11:13:37.622 [JavaFX Application Thread] DEBUG Input                - Registered new binding: Move Left - A
11:13:37.622 [JavaFX Application Thread] DEBUG Input                - Registered new binding: Move Up - W
11:13:37.622 [JavaFX Application Thread] DEBUG Input                - Registered new binding: Move Down - S
11:13:37.622 [JavaFX Application Thread] DEBUG AssetLoaderService   - Loading from file system: /assets/textures/fxgl_icon.png
11:13:37.645 [JavaFX Application Thread] DEBUG AssetLoaderService   - Loading from file system: /assets/ui/cursors/fxgl_default.png
11:13:37.648 [JavaFX Application Thread] DEBUG Input                - Registered new binding: Screenshot - P
11:13:37.649 [JavaFX Application Thread] DEBUG Input                - Registered new binding: System info dump - CTRL+9
11:13:37.649 [JavaFX Application Thread] DEBUG Input                - Registered new binding: Restart - CTRL+R
11:13:37.650 [JavaFX Application Thread] DEBUG LoopRunner           - Starting loop
11:13:37.666 [JavaFX Application Thread] DEBUG FXGLStartupScene     - STARTUP
11:13:37.668 [JavaFX Application Thread] DEBUG Input                - Clearing active input actions
11:13:37.678 [JavaFX Application Thread] DEBUG WindowService        - Removing overlay from FXGLStartupScene and adding to 
11:13:37.678 [JavaFX Application Thread] DEBUG MainWindow           - FXGLStartupScene -> 
11:13:37.678 [JavaFX Application Thread] DEBUG MainWindow           - Push state: NewfoundlandRacerMainMenu
11:13:37.678 [JavaFX Application Thread] DEBUG Input                - Clearing active input actions
11:13:37.690 [JavaFX Application Thread] DEBUG WindowService        - Removing overlay from  and adding to NewfoundlandRacerMainMenu
11:13:37.691 [JavaFX Application Thread] DEBUG MainWindow           -  -> NewfoundlandRacerMainMenu
11:13:40.539 [FXGL Background Thread 2 ] DEBUG Engine               - Logging environment variables
11:13:40.539 [FXGL Background Thread 2 ] DEBUG Engine               - achievements: []
11:13:40.539 [FXGL Background Thread 2 ] DEBUG Engine               - appIcon: fxgl_icon.png
11:13:40.539 [FXGL Background Thread 2 ] DEBUG Engine               - applicationMode: DEVELOPER
11:13:40.539 [FXGL Background Thread 2 ] DEBUG Engine               - cSSList: [fxgl_dark.css]
11:13:40.539 [FXGL Background Thread 2 ] DEBUG Engine               - configClass: Optional.empty
11:13:40.539 [FXGL Background Thread 2 ] DEBUG Engine               - credits: []
11:13:40.540 [FXGL Background Thread 2 ] DEBUG Engine               - devBBoxColorProperty: ObjectProperty [value: 0xff0000ff]
11:13:40.540 [FXGL Background Thread 2 ] DEBUG Engine               - devSensorColorProperty: ObjectProperty [value: 0xffff00ff]
11:13:40.540 [FXGL Background Thread 2 ] DEBUG Engine               - devShowBBoxProperty: BooleanProperty [value: false]
11:13:40.540 [FXGL Background Thread 2 ] DEBUG Engine               - devShowPositionProperty: BooleanProperty [value: false]
11:13:40.540 [FXGL Background Thread 2 ] DEBUG Engine               - enabledMenuItems: []
11:13:40.540 [FXGL Background Thread 2 ] DEBUG Engine               - engineServices: [class com.almasb.fxgl.app.GameApplication$GameApplicationService, class com.almasb.fxgl.app.services.WindowService, class com.almasb.fxgl.app.services.FXGLDialogService, class com.almasb.fxgl.app.services.IOTaskExecutorService, class com.almasb.fxgl.event.EventBusService, class com.almasb.fxgl.io.FileSystemService, class com.almasb.fxgl.localization.LocalizationService, class com.almasb.fxgl.app.services.AssetLoaderService, class com.almasb.fxgl.app.services.SystemBundleService, class com.almasb.fxgl.profile.SaveLoadService, class com.almasb.fxgl.ui.FXGLUIFactoryServiceProvider, class com.almasb.fxgl.ui.FXGLDialogFactoryServiceProvider, class com.almasb.fxgl.audio.AudioPlayer, class com.almasb.fxgl.notification.impl.NotificationServiceProvider, class com.almasb.fxgl.achievement.AchievementService, class com.almasb.fxgl.cutscene.CutsceneService, class com.almasb.fxgl.minigames.MiniGameService, class com.almasb.fxgl.net.NetService, class com.almasb.fxgl.app.services.UpdaterService, class com.almasb.fxgl.dev.DevService]
11:13:40.540 [FXGL Background Thread 2 ] DEBUG Engine               - fontGame: Abel-Regular.ttf
11:13:40.540 [FXGL Background Thread 2 ] DEBUG Engine               - fontMono: lucida_console.ttf
11:13:40.540 [FXGL Background Thread 2 ] DEBUG Engine               - fontText: Courier-Prime.ttf
11:13:40.540 [FXGL Background Thread 2 ] DEBUG Engine               - fontUI: VarelaRound-Regular.ttf
11:13:40.541 [FXGL Background Thread 2 ] DEBUG Engine               - fullScreen: BooleanProperty [value: false]
11:13:40.541 [FXGL Background Thread 2 ] DEBUG Engine               - gameDifficulty: MEDIUM
11:13:40.541 [FXGL Background Thread 2 ] DEBUG Engine               - gameDifficultyProperty: ObjectProperty [value: MEDIUM]
11:13:40.541 [FXGL Background Thread 2 ] DEBUG Engine               - globalMusicVolume: 0.5
11:13:40.541 [FXGL Background Thread 2 ] DEBUG Engine               - globalMusicVolumeProperty: DoubleProperty [value: 0.5]
11:13:40.541 [FXGL Background Thread 2 ] DEBUG Engine               - globalSoundVolume: 0.5
11:13:40.541 [FXGL Background Thread 2 ] DEBUG Engine               - globalSoundVolumeProperty: DoubleProperty [value: 0.5]
11:13:40.541 [FXGL Background Thread 2 ] DEBUG Engine               - height: 650
11:13:40.541 [FXGL Background Thread 2 ] DEBUG Engine               - isAndroid: false
11:13:40.541 [FXGL Background Thread 2 ] DEBUG Engine               - isBrowser: false
11:13:40.541 [FXGL Background Thread 2 ] DEBUG Engine               - isClickFeedbackEnabled: false
11:13:40.541 [FXGL Background Thread 2 ] DEBUG Engine               - isCloseConfirmation: false
11:13:40.541 [FXGL Background Thread 2 ] DEBUG Engine               - isDesktop: true
11:13:40.541 [FXGL Background Thread 2 ] DEBUG Engine               - isDeveloperMenuEnabled: false
11:13:40.541 [FXGL Background Thread 2 ] DEBUG Engine               - isExperimentalNative: false
11:13:40.542 [FXGL Background Thread 2 ] DEBUG Engine               - isExperimentalTiledLargeMap: false
11:13:40.542 [FXGL Background Thread 2 ] DEBUG Engine               - isFullScreenAllowed: false
11:13:40.542 [FXGL Background Thread 2 ] DEBUG Engine               - isFullScreenFromStart: false
11:13:40.542 [FXGL Background Thread 2 ] DEBUG Engine               - isGameMenuEnabled: true
11:13:40.542 [FXGL Background Thread 2 ] DEBUG Engine               - isIOS: false
11:13:40.542 [FXGL Background Thread 2 ] DEBUG Engine               - isIntroEnabled: false
11:13:40.542 [FXGL Background Thread 2 ] DEBUG Engine               - isLinux: false
11:13:40.542 [FXGL Background Thread 2 ] DEBUG Engine               - isMac: false
11:13:40.542 [FXGL Background Thread 2 ] DEBUG Engine               - isMainMenuEnabled: true
11:13:40.542 [FXGL Background Thread 2 ] DEBUG Engine               - isManualResizeEnabled: false
11:13:40.542 [FXGL Background Thread 2 ] DEBUG Engine               - isMobile: false
11:13:40.542 [FXGL Background Thread 2 ] DEBUG Engine               - isPreserveResizeRatio: false
11:13:40.542 [FXGL Background Thread 2 ] DEBUG Engine               - isProfilingEnabled: false
11:13:40.542 [FXGL Background Thread 2 ] DEBUG Engine               - isSingleStep: false
11:13:40.542 [FXGL Background Thread 2 ] DEBUG Engine               - isUserProfileEnabled: false
11:13:40.542 [FXGL Background Thread 2 ] DEBUG Engine               - isWindows: true
11:13:40.543 [FXGL Background Thread 2 ] DEBUG Engine               - language: ObjectProperty [value: ENGLISH]
11:13:40.543 [FXGL Background Thread 2 ] DEBUG Engine               - mainWindow: com.almasb.fxgl.app.MainWindow@75741f23
11:13:40.543 [FXGL Background Thread 2 ] DEBUG Engine               - menuKey: ESCAPE
11:13:40.543 [FXGL Background Thread 2 ] DEBUG Engine               - notificationViewClass: class com.almasb.fxgl.notification.view.XboxNotificationView
11:13:40.543 [FXGL Background Thread 2 ] DEBUG Engine               - pixelsPerMeter: 50.0
11:13:40.543 [FXGL Background Thread 2 ] DEBUG Engine               - platform: WINDOWS
11:13:40.543 [FXGL Background Thread 2 ] DEBUG Engine               - profileDir: profiles/
11:13:40.543 [FXGL Background Thread 2 ] DEBUG Engine               - profileName: StringProperty [value: DEFAULT]
11:13:40.543 [FXGL Background Thread 2 ] DEBUG Engine               - randomSeed: -1
11:13:40.543 [FXGL Background Thread 2 ] DEBUG Engine               - runtimeInfo: RuntimeInfo(platform=WINDOWS, version=11.9, build=27.05.2020 17.06)
11:13:40.543 [FXGL Background Thread 2 ] DEBUG Engine               - saveFileExt: sav
11:13:40.543 [FXGL Background Thread 2 ] DEBUG Engine               - sceneFactory: MooseGame.NewfoundRacerApp$1@30769fe9
11:13:40.543 [FXGL Background Thread 2 ] DEBUG Engine               - secondsIn24h: 60
11:13:40.543 [FXGL Background Thread 2 ] DEBUG Engine               - settings: Title: Newfoundland Moose Collision
Version: 1.0
Width: 840
Height: 650
Fullscreen: false
Intro: false
Profiling: false
Single step:false
App Mode: DEVELOPER
Menu Key: ESCAPE
Stage Style: DECORATED
Scene Factory: class MooseGame.NewfoundRacerApp$1

11:13:40.543 [FXGL Background Thread 2 ] DEBUG Engine               - soundMenuBack: menu/back.wav
11:13:40.544 [FXGL Background Thread 2 ] DEBUG Engine               - soundMenuPress: menu/press.wav
11:13:40.544 [FXGL Background Thread 2 ] DEBUG Engine               - soundMenuSelect: menu/select.wav
11:13:40.544 [FXGL Background Thread 2 ] DEBUG Engine               - soundNotification: core/notification.wav
11:13:40.544 [FXGL Background Thread 2 ] DEBUG Engine               - stageStyle: DECORATED
11:13:40.544 [FXGL Background Thread 2 ] DEBUG Engine               - supportedLanguages: [ENGLISH, FRENCH, GERMAN, HUNGARIAN, RUSSIAN]
11:13:40.544 [FXGL Background Thread 2 ] DEBUG Engine               - title: Newfoundland Moose Collision
11:13:40.544 [FXGL Background Thread 2 ] DEBUG Engine               - urlGithub: https://github.com/AlmasB/FXGL
11:13:40.544 [FXGL Background Thread 2 ] DEBUG Engine               - urlLeaderboard: http://fxgl-top.herokuapp.com/
11:13:40.544 [FXGL Background Thread 2 ] DEBUG Engine               - urlPOM: https://raw.githubusercontent.com/AlmasB/FXGL/master/pom.xml
11:13:40.544 [FXGL Background Thread 2 ] DEBUG Engine               - version: 1.0
11:13:40.544 [FXGL Background Thread 2 ] DEBUG Engine               - versionCheckDays: 7
11:13:40.544 [FXGL Background Thread 2 ] DEBUG Engine               - width: 840
11:13:40.544 [FXGL Background Thread 2 ] DEBUG Engine               - Logging services
11:13:40.544 [FXGL Background Thread 2 ] DEBUG Engine               - class com.almasb.fxgl.app.GameApplication$GameApplicationService
11:13:40.544 [FXGL Background Thread 2 ] DEBUG Engine               - class com.almasb.fxgl.app.services.WindowService
11:13:40.544 [FXGL Background Thread 2 ] DEBUG Engine               - class com.almasb.fxgl.app.services.FXGLDialogService
11:13:40.544 [FXGL Background Thread 2 ] DEBUG Engine               - class com.almasb.fxgl.app.services.IOTaskExecutorService
11:13:40.544 [FXGL Background Thread 2 ] DEBUG Engine               - class com.almasb.fxgl.event.EventBusService
11:13:40.545 [FXGL Background Thread 2 ] DEBUG Engine               - class com.almasb.fxgl.io.FileSystemService
11:13:40.545 [FXGL Background Thread 2 ] DEBUG Engine               - class com.almasb.fxgl.localization.LocalizationService
11:13:40.545 [FXGL Background Thread 2 ] DEBUG Engine               - class com.almasb.fxgl.app.services.AssetLoaderService
11:13:40.545 [FXGL Background Thread 2 ] DEBUG Engine               - class com.almasb.fxgl.app.services.SystemBundleService
11:13:40.545 [FXGL Background Thread 2 ] DEBUG Engine               - class com.almasb.fxgl.profile.SaveLoadService
11:13:40.545 [FXGL Background Thread 2 ] DEBUG Engine               - class com.almasb.fxgl.ui.FXGLUIFactoryServiceProvider
11:13:40.545 [FXGL Background Thread 2 ] DEBUG Engine               - class com.almasb.fxgl.ui.FXGLDialogFactoryServiceProvider
11:13:40.545 [FXGL Background Thread 2 ] DEBUG Engine               - class com.almasb.fxgl.audio.AudioPlayer
11:13:40.545 [FXGL Background Thread 2 ] DEBUG Engine               - class com.almasb.fxgl.notification.impl.NotificationServiceProvider
11:13:40.545 [FXGL Background Thread 2 ] DEBUG Engine               - class com.almasb.fxgl.achievement.AchievementService
11:13:40.545 [FXGL Background Thread 2 ] DEBUG Engine               - class com.almasb.fxgl.cutscene.CutsceneService
11:13:40.545 [FXGL Background Thread 2 ] DEBUG Engine               - class com.almasb.fxgl.minigames.MiniGameService
11:13:40.545 [FXGL Background Thread 2 ] DEBUG Engine               - class com.almasb.fxgl.net.NetService
11:13:40.545 [FXGL Background Thread 2 ] DEBUG Engine               - class com.almasb.fxgl.app.services.UpdaterService
11:13:40.545 [FXGL Background Thread 2 ] DEBUG Engine               - class com.almasb.fxgl.dev.DevService
11:13:48.009 [JavaFX Application Thread] DEBUG GameApplication      - Exiting FXGL
11:13:48.009 [JavaFX Application Thread] DEBUG LoopRunner           - Stopping loop
11:13:48.009 [JavaFX Application Thread] DEBUG SystemBundleService  - Saving FXGL system data
11:13:48.010 [JavaFX Application Thread] DEBUG FileSystemAccess     - Writing to: E:\secondYear\Java\NewfoundlandRacer\system\fxgl.bundle
11:13:48.011 [JavaFX Application Thread] DEBUG GameApplication      - Shutting down background threads
11:13:48.011 [JavaFX Application Thread] DEBUG GameApplication      - Closing logger and exiting JavaFX
