19:58:58.286 [main                     ] DEBUG GameApplication      - Logger initialized
19:58:58.291 [main                     ] DEBUG GameApplication      - Logging settings
Title: Newfoundland Moose Collision
Version: 0.1
Width: 840
Height: 650
Fullscreen: false
Intro: false
Profiling: false
Single step:false
App Mode: DEVELOPER
Menu Key: ESCAPE
Stage Style: DECORATED
Scene Factory: class MooseGame.NewfoundRacerApp$1

19:58:58.621 [JavaFX Application Thread] DEBUG GameApplication      - Initializing FXGL
19:58:58.628 [JavaFX Application Thread] INFO  Engine               - FXGL-11.9 (27.05.2020 17.06) on WINDOWS (J:14.0.1 FX:13.0.2)
19:58:58.628 [JavaFX Application Thread] DEBUG Engine               - JRE Vendor Name: Oracle Corporation
19:58:58.628 [JavaFX Application Thread] DEBUG Engine               - Running on OS: Windows 10 version 10.0
19:58:58.629 [JavaFX Application Thread] DEBUG Engine               - Architecture: amd64
19:58:58.629 [JavaFX Application Thread] INFO  Engine               - Source code and latest versions at: https://github.com/AlmasB/FXGL
19:58:58.629 [JavaFX Application Thread] INFO  Engine               -              Join the FXGL chat at: https://gitter.im/AlmasB/FXGL
19:58:58.711 [JavaFX Application Thread] DEBUG MainWindow           - Creating a JavaFX scene
19:58:58.750 [JavaFX Application Thread] DEBUG MainWindow           - Target settings size: 840.0 x 650.0
19:58:58.750 [JavaFX Application Thread] DEBUG MainWindow           - Scaled scene size:    840.0 x 650.0
19:58:58.750 [JavaFX Application Thread] DEBUG MainWindow           - Scaled ratio: (1.0, 1.0)
19:58:58.751 [JavaFX Application Thread] DEBUG MainWindow           - Set initial scene to FXGLStartupScene
19:58:58.757 [JavaFX Application Thread] DEBUG MainWindow           - Opening main window
19:58:58.832 [JavaFX Application Thread] DEBUG MainWindow           - Window border size: (16.0, 39.0)
19:58:58.833 [JavaFX Application Thread] DEBUG MainWindow           - Scaled size: 840.0 x 650.0
19:58:58.833 [JavaFX Application Thread] DEBUG MainWindow           - Scaled ratio: (1.0, 1.0)
19:58:58.833 [JavaFX Application Thread] DEBUG MainWindow           - Scene size: 840.0 x 650.0
19:58:58.833 [JavaFX Application Thread] DEBUG MainWindow           - Stage size: 856.0 x 689.0
19:58:58.840 [FXGL Background Thread 1 ] DEBUG Engine               - Initializing environment variables
19:58:58.863 [FXGL Background Thread 1 ] DEBUG WindowService        - Applying CSS: fxgl_dark.css
19:58:58.863 [FXGL Background Thread 1 ] DEBUG AssetLoaderService   - Loading from file system: /assets/ui/css/fxgl_dark.css
19:58:58.897 [FXGL Background Thread 1 ] DEBUG WindowService        - Initializing application scenes
19:58:58.919 [FXGL Background Thread 1 ] DEBUG GameWorld            - Game world initialized
19:58:58.946 [FXGL Background Thread 1 ] DEBUG PhysicsWorld         - Physics world initialized: appHeight=650, physics.ppm=50.0
19:58:58.947 [FXGL Background Thread 1 ] DEBUG GameScene            - Game scene initialized: 840x650
19:58:59.003 [FXGL Background Thread 1 ] DEBUG AssetLoaderService   - Loading from file system: /assets/textures/particles/trace_horizontal.png
19:58:59.033 [FXGL Background Thread 1 ] DEBUG FXGL.DefaultMenu     - createMenuBodyGameMenu()
19:58:59.040 [FXGL Background Thread 1 ] DEBUG FXGL.DefaultMenu     - createOptionsMenu()
19:58:59.043 [FXGL Background Thread 1 ] DEBUG AssetLoaderService   - Loading from file system: /assets/textures/particles/smoke.png
19:58:59.090 [FXGL Background Thread 1 ] DEBUG WindowService        - Application scenes initialized
19:58:59.098 [FXGL Background Thread 1 ] DEBUG SystemBundleService  - Loading FXGL system data
19:58:59.100 [FXGL Background Thread 1 ] DEBUG FileSystemAccess     - Reading from: E:\secondYear\Java\NewfoundlandRacer\system\fxgl.bundle
19:58:59.106 [FXGL Background Thread 1 ] DEBUG SystemBundleService  - Bundle FXGL: {}
19:58:59.107 [FXGL Background Thread 1 ] INFO  Engine               - FXGL initialization took: 0.265 sec
19:58:59.108 [FXGL Background Thread 1 ] DEBUG GameApplication      - Loading localizations
19:58:59.109 [FXGL Background Thread 1 ] DEBUG AssetLoaderService   - Loading from file system: /assets/languages/english.lang
19:58:59.118 [FXGL Background Thread 1 ] DEBUG AssetLoaderService   - Loading from file system: /assets/languages/french.lang
19:58:59.120 [FXGL Background Thread 1 ] DEBUG AssetLoaderService   - Loading from file system: /assets/languages/german.lang
19:58:59.122 [FXGL Background Thread 1 ] DEBUG AssetLoaderService   - Loading from file system: /assets/languages/hungarian.lang
19:58:59.126 [FXGL Background Thread 1 ] DEBUG AssetLoaderService   - Loading from file system: /assets/languages/russian.lang
19:58:59.127 [FXGL Background Thread 1 ] DEBUG GameApplication      - Registering font factories with UI factory
19:58:59.127 [FXGL Background Thread 1 ] DEBUG AssetLoaderService   - Loading from file system: /assets/ui/fonts/VarelaRound-Regular.ttf
19:58:59.157 [FXGL Background Thread 1 ] DEBUG AssetLoaderService   - Loading from file system: /assets/ui/fonts/Abel-Regular.ttf
19:58:59.159 [FXGL Background Thread 1 ] DEBUG AssetLoaderService   - Loading from file system: /assets/ui/fonts/lucida_console.ttf
19:58:59.163 [FXGL Background Thread 1 ] DEBUG AssetLoaderService   - Loading from file system: /assets/ui/fonts/Courier-Prime.ttf
19:58:59.170 [JavaFX Application Thread] DEBUG Input                - Registered new binding: Move Right - D
19:58:59.171 [JavaFX Application Thread] DEBUG Input                - Registered new binding: Move Left - A
19:58:59.171 [JavaFX Application Thread] DEBUG Input                - Registered new binding: Move Up - W
19:58:59.171 [JavaFX Application Thread] DEBUG Input                - Registered new binding: Move Down - S
19:58:59.171 [JavaFX Application Thread] DEBUG AssetLoaderService   - Loading from file system: /assets/textures/fxgl_icon.png
19:58:59.184 [JavaFX Application Thread] DEBUG AssetLoaderService   - Loading from file system: /assets/ui/cursors/fxgl_default.png
19:58:59.186 [JavaFX Application Thread] DEBUG Input                - Registered new binding: Screenshot - P
19:58:59.186 [JavaFX Application Thread] DEBUG Input                - Registered new binding: System info dump - CTRL+9
19:58:59.187 [JavaFX Application Thread] DEBUG Input                - Registered new binding: Restart - CTRL+R
19:58:59.187 [JavaFX Application Thread] DEBUG LoopRunner           - Starting loop
19:58:59.204 [JavaFX Application Thread] DEBUG FXGLStartupScene     - STARTUP
19:58:59.205 [JavaFX Application Thread] DEBUG Input                - Clearing active input actions
19:58:59.209 [JavaFX Application Thread] DEBUG WindowService        - Removing overlay from FXGLStartupScene and adding to 
19:58:59.210 [JavaFX Application Thread] DEBUG MainWindow           - FXGLStartupScene -> 
19:58:59.210 [JavaFX Application Thread] DEBUG MainWindow           - Push state: NewfoundlandRacerMainMenu
19:58:59.210 [JavaFX Application Thread] DEBUG Input                - Clearing active input actions
19:58:59.218 [JavaFX Application Thread] DEBUG WindowService        - Removing overlay from  and adding to NewfoundlandRacerMainMenu
19:58:59.218 [JavaFX Application Thread] DEBUG MainWindow           -  -> NewfoundlandRacerMainMenu
19:59:01.652 [JavaFX Application Thread] DEBUG GameApplication      - Exiting FXGL
19:59:01.652 [JavaFX Application Thread] DEBUG LoopRunner           - Stopping loop
19:59:01.652 [JavaFX Application Thread] DEBUG SystemBundleService  - Saving FXGL system data
19:59:01.653 [JavaFX Application Thread] DEBUG FileSystemAccess     - Writing to: E:\secondYear\Java\NewfoundlandRacer\system\fxgl.bundle
19:59:01.654 [JavaFX Application Thread] DEBUG GameApplication      - Shutting down background threads
19:59:01.654 [JavaFX Application Thread] DEBUG GameApplication      - Closing logger and exiting JavaFX
