13:23:07.969 [main                     ] DEBUG GameApplication      - Logger initialized
13:23:07.974 [main                     ] DEBUG GameApplication      - Logging settings
Title: Newfoundland Moose Collision
Version: 0.1
Width: 840
Height: 650
Fullscreen: false
Intro: false
Profiling: false
Single step:false
App Mode: DEVELOPER
Menu Key: ESCAPE
Stage Style: DECORATED
Scene Factory: class MooseGame.NewfoundRacerApp$1

13:23:08.289 [JavaFX Application Thread] DEBUG GameApplication      - Initializing FXGL
13:23:08.296 [JavaFX Application Thread] INFO  Engine               - FXGL-11.9 (27.05.2020 17.06) on WINDOWS (J:14.0.1 FX:13.0.2)
13:23:08.296 [JavaFX Application Thread] DEBUG Engine               - JRE Vendor Name: Oracle Corporation
13:23:08.296 [JavaFX Application Thread] DEBUG Engine               - Running on OS: Windows 10 version 10.0
13:23:08.296 [JavaFX Application Thread] DEBUG Engine               - Architecture: amd64
13:23:08.296 [JavaFX Application Thread] INFO  Engine               - Source code and latest versions at: https://github.com/AlmasB/FXGL
13:23:08.297 [JavaFX Application Thread] INFO  Engine               -              Join the FXGL chat at: https://gitter.im/AlmasB/FXGL
13:23:08.380 [JavaFX Application Thread] DEBUG MainWindow           - Creating a JavaFX scene
13:23:08.426 [JavaFX Application Thread] DEBUG MainWindow           - Target settings size: 840.0 x 650.0
13:23:08.426 [JavaFX Application Thread] DEBUG MainWindow           - Scaled scene size:    840.0 x 650.0
13:23:08.426 [JavaFX Application Thread] DEBUG MainWindow           - Scaled ratio: (1.0, 1.0)
13:23:08.427 [JavaFX Application Thread] DEBUG MainWindow           - Set initial scene to FXGLStartupScene
13:23:08.433 [JavaFX Application Thread] DEBUG MainWindow           - Opening main window
13:23:08.517 [JavaFX Application Thread] DEBUG MainWindow           - Window border size: (16.0, 39.0)
13:23:08.517 [JavaFX Application Thread] DEBUG MainWindow           - Scaled size: 840.0 x 650.0
13:23:08.518 [JavaFX Application Thread] DEBUG MainWindow           - Scaled ratio: (1.0, 1.0)
13:23:08.518 [JavaFX Application Thread] DEBUG MainWindow           - Scene size: 840.0 x 650.0
13:23:08.518 [JavaFX Application Thread] DEBUG MainWindow           - Stage size: 856.0 x 689.0
13:23:08.524 [FXGL Background Thread 1 ] DEBUG Engine               - Initializing environment variables
13:23:08.545 [FXGL Background Thread 1 ] DEBUG WindowService        - Applying CSS: fxgl_dark.css
13:23:08.545 [FXGL Background Thread 1 ] DEBUG AssetLoaderService   - Loading from file system: /assets/ui/css/fxgl_dark.css
13:23:08.577 [FXGL Background Thread 1 ] DEBUG WindowService        - Initializing application scenes
13:23:08.599 [FXGL Background Thread 1 ] DEBUG GameWorld            - Game world initialized
13:23:08.628 [FXGL Background Thread 1 ] DEBUG PhysicsWorld         - Physics world initialized: appHeight=650, physics.ppm=50.0
13:23:08.629 [FXGL Background Thread 1 ] DEBUG GameScene            - Game scene initialized: 840x650
13:23:08.695 [FXGL Background Thread 1 ] DEBUG AssetLoaderService   - Loading from file system: /assets/textures/particles/trace_horizontal.png
13:23:08.719 [FXGL Background Thread 1 ] DEBUG FXGL.DefaultMenu     - createMenuBodyGameMenu()
13:23:08.725 [FXGL Background Thread 1 ] DEBUG FXGL.DefaultMenu     - createOptionsMenu()
13:23:08.728 [FXGL Background Thread 1 ] DEBUG AssetLoaderService   - Loading from file system: /assets/textures/particles/smoke.png
13:23:08.765 [FXGL Background Thread 1 ] DEBUG WindowService        - Application scenes initialized
13:23:08.772 [FXGL Background Thread 1 ] DEBUG SystemBundleService  - Loading FXGL system data
13:23:08.774 [FXGL Background Thread 1 ] DEBUG FileSystemAccess     - Reading from: E:\secondYear\Java\NewfoundlandRacer\system\fxgl.bundle
13:23:08.779 [FXGL Background Thread 1 ] DEBUG SystemBundleService  - Bundle FXGL: {}
13:23:08.779 [FXGL Background Thread 1 ] INFO  Engine               - FXGL initialization took: 0.253 sec
13:23:08.780 [FXGL Background Thread 1 ] DEBUG GameApplication      - Loading localizations
13:23:08.781 [FXGL Background Thread 1 ] DEBUG AssetLoaderService   - Loading from file system: /assets/languages/english.lang
13:23:08.789 [FXGL Background Thread 1 ] DEBUG AssetLoaderService   - Loading from file system: /assets/languages/french.lang
13:23:08.790 [FXGL Background Thread 1 ] DEBUG AssetLoaderService   - Loading from file system: /assets/languages/german.lang
13:23:08.792 [FXGL Background Thread 1 ] DEBUG AssetLoaderService   - Loading from file system: /assets/languages/hungarian.lang
13:23:08.794 [FXGL Background Thread 1 ] DEBUG AssetLoaderService   - Loading from file system: /assets/languages/russian.lang
13:23:08.795 [FXGL Background Thread 1 ] DEBUG GameApplication      - Registering font factories with UI factory
13:23:08.795 [FXGL Background Thread 1 ] DEBUG AssetLoaderService   - Loading from file system: /assets/ui/fonts/VarelaRound-Regular.ttf
13:23:08.825 [FXGL Background Thread 1 ] DEBUG AssetLoaderService   - Loading from file system: /assets/ui/fonts/Abel-Regular.ttf
13:23:08.828 [FXGL Background Thread 1 ] DEBUG AssetLoaderService   - Loading from file system: /assets/ui/fonts/lucida_console.ttf
13:23:08.831 [FXGL Background Thread 1 ] DEBUG AssetLoaderService   - Loading from file system: /assets/ui/fonts/Courier-Prime.ttf
13:23:08.840 [JavaFX Application Thread] DEBUG Input                - Registered new binding: Move Right - D
13:23:08.840 [JavaFX Application Thread] DEBUG Input                - Registered new binding: Move Left - A
13:23:08.840 [JavaFX Application Thread] DEBUG Input                - Registered new binding: Move Up - W
13:23:08.840 [JavaFX Application Thread] DEBUG Input                - Registered new binding: Move Down - S
13:23:08.840 [JavaFX Application Thread] DEBUG AssetLoaderService   - Loading from file system: /assets/textures/fxgl_icon.png
13:23:08.857 [JavaFX Application Thread] DEBUG AssetLoaderService   - Loading from file system: /assets/ui/cursors/fxgl_default.png
13:23:08.858 [JavaFX Application Thread] DEBUG Input                - Registered new binding: Screenshot - P
13:23:08.858 [JavaFX Application Thread] DEBUG Input                - Registered new binding: System info dump - CTRL+9
13:23:08.858 [JavaFX Application Thread] DEBUG Input                - Registered new binding: Restart - CTRL+R
13:23:08.859 [JavaFX Application Thread] DEBUG LoopRunner           - Starting loop
13:23:08.874 [JavaFX Application Thread] DEBUG FXGLStartupScene     - STARTUP
13:23:08.875 [JavaFX Application Thread] DEBUG Input                - Clearing active input actions
13:23:08.882 [JavaFX Application Thread] DEBUG WindowService        - Removing overlay from FXGLStartupScene and adding to 
13:23:08.882 [JavaFX Application Thread] DEBUG MainWindow           - FXGLStartupScene -> 
13:23:08.882 [JavaFX Application Thread] DEBUG MainWindow           - Push state: NewfoundlandRacerMainMenu
13:23:08.883 [JavaFX Application Thread] DEBUG Input                - Clearing active input actions
13:23:08.892 [JavaFX Application Thread] DEBUG WindowService        - Removing overlay from  and adding to NewfoundlandRacerMainMenu
13:23:08.893 [JavaFX Application Thread] DEBUG MainWindow           -  -> NewfoundlandRacerMainMenu
13:23:11.781 [FXGL Background Thread 2 ] DEBUG Engine               - Logging environment variables
13:23:11.782 [FXGL Background Thread 2 ] DEBUG Engine               - achievements: []
13:23:11.782 [FXGL Background Thread 2 ] DEBUG Engine               - appIcon: fxgl_icon.png
13:23:11.783 [FXGL Background Thread 2 ] DEBUG Engine               - applicationMode: DEVELOPER
13:23:11.783 [FXGL Background Thread 2 ] DEBUG Engine               - cSSList: [fxgl_dark.css]
13:23:11.783 [FXGL Background Thread 2 ] DEBUG Engine               - configClass: Optional.empty
13:23:11.784 [FXGL Background Thread 2 ] DEBUG Engine               - credits: []
13:23:11.784 [FXGL Background Thread 2 ] DEBUG Engine               - devBBoxColorProperty: ObjectProperty [value: 0xff0000ff]
13:23:11.785 [FXGL Background Thread 2 ] DEBUG Engine               - devSensorColorProperty: ObjectProperty [value: 0xffff00ff]
13:23:11.785 [FXGL Background Thread 2 ] DEBUG Engine               - devShowBBoxProperty: BooleanProperty [value: false]
13:23:11.786 [FXGL Background Thread 2 ] DEBUG Engine               - devShowPositionProperty: BooleanProperty [value: false]
13:23:11.786 [FXGL Background Thread 2 ] DEBUG Engine               - enabledMenuItems: []
13:23:11.787 [FXGL Background Thread 2 ] DEBUG Engine               - engineServices: [class com.almasb.fxgl.app.GameApplication$GameApplicationService, class com.almasb.fxgl.app.services.WindowService, class com.almasb.fxgl.app.services.FXGLDialogService, class com.almasb.fxgl.app.services.IOTaskExecutorService, class com.almasb.fxgl.event.EventBusService, class com.almasb.fxgl.io.FileSystemService, class com.almasb.fxgl.localization.LocalizationService, class com.almasb.fxgl.app.services.AssetLoaderService, class com.almasb.fxgl.app.services.SystemBundleService, class com.almasb.fxgl.profile.SaveLoadService, class com.almasb.fxgl.ui.FXGLUIFactoryServiceProvider, class com.almasb.fxgl.ui.FXGLDialogFactoryServiceProvider, class com.almasb.fxgl.audio.AudioPlayer, class com.almasb.fxgl.notification.impl.NotificationServiceProvider, class com.almasb.fxgl.achievement.AchievementService, class com.almasb.fxgl.cutscene.CutsceneService, class com.almasb.fxgl.minigames.MiniGameService, class com.almasb.fxgl.net.NetService, class com.almasb.fxgl.app.services.UpdaterService, class com.almasb.fxgl.dev.DevService]
13:23:11.787 [FXGL Background Thread 2 ] DEBUG Engine               - fontGame: Abel-Regular.ttf
13:23:11.787 [FXGL Background Thread 2 ] DEBUG Engine               - fontMono: lucida_console.ttf
13:23:11.788 [FXGL Background Thread 2 ] DEBUG Engine               - fontText: Courier-Prime.ttf
13:23:11.788 [FXGL Background Thread 2 ] DEBUG Engine               - fontUI: VarelaRound-Regular.ttf
13:23:11.788 [FXGL Background Thread 2 ] DEBUG Engine               - fullScreen: BooleanProperty [value: false]
13:23:11.789 [FXGL Background Thread 2 ] DEBUG Engine               - gameDifficulty: MEDIUM
13:23:11.789 [FXGL Background Thread 2 ] DEBUG Engine               - gameDifficultyProperty: ObjectProperty [value: MEDIUM]
13:23:11.789 [FXGL Background Thread 2 ] DEBUG Engine               - globalMusicVolume: 0.5
13:23:11.790 [FXGL Background Thread 2 ] DEBUG Engine               - globalMusicVolumeProperty: DoubleProperty [value: 0.5]
13:23:11.790 [FXGL Background Thread 2 ] DEBUG Engine               - globalSoundVolume: 0.5
13:23:11.790 [FXGL Background Thread 2 ] DEBUG Engine               - globalSoundVolumeProperty: DoubleProperty [value: 0.5]
13:23:11.791 [FXGL Background Thread 2 ] DEBUG Engine               - height: 650
13:23:11.791 [FXGL Background Thread 2 ] DEBUG Engine               - isAndroid: false
13:23:11.791 [FXGL Background Thread 2 ] DEBUG Engine               - isBrowser: false
13:23:11.791 [FXGL Background Thread 2 ] DEBUG Engine               - isClickFeedbackEnabled: false
13:23:11.791 [FXGL Background Thread 2 ] DEBUG Engine               - isCloseConfirmation: false
13:23:11.791 [FXGL Background Thread 2 ] DEBUG Engine               - isDesktop: true
13:23:11.791 [FXGL Background Thread 2 ] DEBUG Engine               - isDeveloperMenuEnabled: false
13:23:11.791 [FXGL Background Thread 2 ] DEBUG Engine               - isExperimentalNative: false
13:23:11.791 [FXGL Background Thread 2 ] DEBUG Engine               - isExperimentalTiledLargeMap: false
13:23:11.791 [FXGL Background Thread 2 ] DEBUG Engine               - isFullScreenAllowed: false
13:23:11.791 [FXGL Background Thread 2 ] DEBUG Engine               - isFullScreenFromStart: false
13:23:11.791 [FXGL Background Thread 2 ] DEBUG Engine               - isGameMenuEnabled: true
13:23:11.791 [FXGL Background Thread 2 ] DEBUG Engine               - isIOS: false
13:23:11.792 [FXGL Background Thread 2 ] DEBUG Engine               - isIntroEnabled: false
13:23:11.792 [FXGL Background Thread 2 ] DEBUG Engine               - isLinux: false
13:23:11.792 [FXGL Background Thread 2 ] DEBUG Engine               - isMac: false
13:23:11.792 [FXGL Background Thread 2 ] DEBUG Engine               - isMainMenuEnabled: true
13:23:11.792 [FXGL Background Thread 2 ] DEBUG Engine               - isManualResizeEnabled: false
13:23:11.792 [FXGL Background Thread 2 ] DEBUG Engine               - isMobile: false
13:23:11.792 [FXGL Background Thread 2 ] DEBUG Engine               - isPreserveResizeRatio: false
13:23:11.792 [FXGL Background Thread 2 ] DEBUG Engine               - isProfilingEnabled: false
13:23:11.792 [FXGL Background Thread 2 ] DEBUG Engine               - isSingleStep: false
13:23:11.792 [FXGL Background Thread 2 ] DEBUG Engine               - isUserProfileEnabled: false
13:23:11.792 [FXGL Background Thread 2 ] DEBUG Engine               - isWindows: true
13:23:11.792 [FXGL Background Thread 2 ] DEBUG Engine               - language: ObjectProperty [value: ENGLISH]
13:23:11.792 [FXGL Background Thread 2 ] DEBUG Engine               - mainWindow: com.almasb.fxgl.app.MainWindow@48bc2712
13:23:11.792 [FXGL Background Thread 2 ] DEBUG Engine               - menuKey: ESCAPE
13:23:11.792 [FXGL Background Thread 2 ] DEBUG Engine               - notificationViewClass: class com.almasb.fxgl.notification.view.XboxNotificationView
13:23:11.792 [FXGL Background Thread 2 ] DEBUG Engine               - pixelsPerMeter: 50.0
13:23:11.792 [FXGL Background Thread 2 ] DEBUG Engine               - platform: WINDOWS
13:23:11.792 [FXGL Background Thread 2 ] DEBUG Engine               - profileDir: profiles/
13:23:11.792 [FXGL Background Thread 2 ] DEBUG Engine               - profileName: StringProperty [value: DEFAULT]
13:23:11.792 [FXGL Background Thread 2 ] DEBUG Engine               - randomSeed: -1
13:23:11.792 [FXGL Background Thread 2 ] DEBUG Engine               - runtimeInfo: RuntimeInfo(platform=WINDOWS, version=11.9, build=27.05.2020 17.06)
13:23:11.793 [FXGL Background Thread 2 ] DEBUG Engine               - saveFileExt: sav
13:23:11.793 [FXGL Background Thread 2 ] DEBUG Engine               - sceneFactory: MooseGame.NewfoundRacerApp$1@dbeb061
13:23:11.793 [FXGL Background Thread 2 ] DEBUG Engine               - secondsIn24h: 60
13:23:11.793 [FXGL Background Thread 2 ] DEBUG Engine               - settings: Title: Newfoundland Moose Collision
Version: 0.1
Width: 840
Height: 650
Fullscreen: false
Intro: false
Profiling: false
Single step:false
App Mode: DEVELOPER
Menu Key: ESCAPE
Stage Style: DECORATED
Scene Factory: class MooseGame.NewfoundRacerApp$1

13:23:11.793 [FXGL Background Thread 2 ] DEBUG Engine               - soundMenuBack: menu/back.wav
13:23:11.793 [FXGL Background Thread 2 ] DEBUG Engine               - soundMenuPress: menu/press.wav
13:23:11.793 [FXGL Background Thread 2 ] DEBUG Engine               - soundMenuSelect: menu/select.wav
13:23:11.793 [FXGL Background Thread 2 ] DEBUG Engine               - soundNotification: core/notification.wav
13:23:11.793 [FXGL Background Thread 2 ] DEBUG Engine               - stageStyle: DECORATED
13:23:11.793 [FXGL Background Thread 2 ] DEBUG Engine               - supportedLanguages: [ENGLISH, FRENCH, GERMAN, HUNGARIAN, RUSSIAN]
13:23:11.793 [FXGL Background Thread 2 ] DEBUG Engine               - title: Newfoundland Moose Collision
13:23:11.793 [FXGL Background Thread 2 ] DEBUG Engine               - urlGithub: https://github.com/AlmasB/FXGL
13:23:11.793 [FXGL Background Thread 2 ] DEBUG Engine               - urlLeaderboard: http://fxgl-top.herokuapp.com/
13:23:11.793 [FXGL Background Thread 2 ] DEBUG Engine               - urlPOM: https://raw.githubusercontent.com/AlmasB/FXGL/master/pom.xml
13:23:11.793 [FXGL Background Thread 2 ] DEBUG Engine               - version: 0.1
13:23:11.793 [FXGL Background Thread 2 ] DEBUG Engine               - versionCheckDays: 7
13:23:11.793 [FXGL Background Thread 2 ] DEBUG Engine               - width: 840
13:23:11.793 [FXGL Background Thread 2 ] DEBUG Engine               - Logging services
13:23:11.793 [FXGL Background Thread 2 ] DEBUG Engine               - class com.almasb.fxgl.app.GameApplication$GameApplicationService
13:23:11.793 [FXGL Background Thread 2 ] DEBUG Engine               - class com.almasb.fxgl.app.services.WindowService
13:23:11.793 [FXGL Background Thread 2 ] DEBUG Engine               - class com.almasb.fxgl.app.services.FXGLDialogService
13:23:11.793 [FXGL Background Thread 2 ] DEBUG Engine               - class com.almasb.fxgl.app.services.IOTaskExecutorService
13:23:11.794 [FXGL Background Thread 2 ] DEBUG Engine               - class com.almasb.fxgl.event.EventBusService
13:23:11.794 [FXGL Background Thread 2 ] DEBUG Engine               - class com.almasb.fxgl.io.FileSystemService
13:23:11.794 [FXGL Background Thread 2 ] DEBUG Engine               - class com.almasb.fxgl.localization.LocalizationService
13:23:11.794 [FXGL Background Thread 2 ] DEBUG Engine               - class com.almasb.fxgl.app.services.AssetLoaderService
13:23:11.794 [FXGL Background Thread 2 ] DEBUG Engine               - class com.almasb.fxgl.app.services.SystemBundleService
13:23:11.794 [FXGL Background Thread 2 ] DEBUG Engine               - class com.almasb.fxgl.profile.SaveLoadService
13:23:11.794 [FXGL Background Thread 2 ] DEBUG Engine               - class com.almasb.fxgl.ui.FXGLUIFactoryServiceProvider
13:23:11.794 [FXGL Background Thread 2 ] DEBUG Engine               - class com.almasb.fxgl.ui.FXGLDialogFactoryServiceProvider
13:23:11.794 [FXGL Background Thread 2 ] DEBUG Engine               - class com.almasb.fxgl.audio.AudioPlayer
13:23:11.794 [FXGL Background Thread 2 ] DEBUG Engine               - class com.almasb.fxgl.notification.impl.NotificationServiceProvider
13:23:11.794 [FXGL Background Thread 2 ] DEBUG Engine               - class com.almasb.fxgl.achievement.AchievementService
13:23:11.794 [FXGL Background Thread 2 ] DEBUG Engine               - class com.almasb.fxgl.cutscene.CutsceneService
13:23:11.794 [FXGL Background Thread 2 ] DEBUG Engine               - class com.almasb.fxgl.minigames.MiniGameService
13:23:11.794 [FXGL Background Thread 2 ] DEBUG Engine               - class com.almasb.fxgl.net.NetService
13:23:11.794 [FXGL Background Thread 2 ] DEBUG Engine               - class com.almasb.fxgl.app.services.UpdaterService
13:23:11.794 [FXGL Background Thread 2 ] DEBUG Engine               - class com.almasb.fxgl.dev.DevService
13:42:32.683 [JavaFX Application Thread] DEBUG GameApplication      - Exiting FXGL
13:42:32.683 [JavaFX Application Thread] DEBUG LoopRunner           - Stopping loop
13:42:32.684 [JavaFX Application Thread] DEBUG SystemBundleService  - Saving FXGL system data
13:42:32.685 [JavaFX Application Thread] DEBUG FileSystemAccess     - Writing to: E:\secondYear\Java\NewfoundlandRacer\system\fxgl.bundle
13:42:32.686 [JavaFX Application Thread] DEBUG GameApplication      - Shutting down background threads
13:42:32.686 [JavaFX Application Thread] DEBUG GameApplication      - Closing logger and exiting JavaFX
