23:29:46.826 [main                     ] DEBUG GameApplication      - Logger initialized
23:29:46.830 [main                     ] DEBUG GameApplication      - Logging settings
Title: Newfoundland Moose Collision
Version: 0.1
Width: 840
Height: 650
Fullscreen: false
Intro: false
Profiling: false
Single step:false
App Mode: DEVELOPER
Menu Key: ESCAPE
Stage Style: DECORATED
Scene Factory: class com.almasb.fxgl.app.scene.SceneFactory

23:29:47.208 [JavaFX Application Thread] DEBUG GameApplication      - Initializing FXGL
23:29:47.221 [JavaFX Application Thread] INFO  Engine               - FXGL-11.9 (27.05.2020 17.06) on WINDOWS (J:14.0.1 FX:13.0.2)
23:29:47.221 [JavaFX Application Thread] DEBUG Engine               - JRE Vendor Name: Oracle Corporation
23:29:47.221 [JavaFX Application Thread] DEBUG Engine               - Running on OS: Windows 10 version 10.0
23:29:47.222 [JavaFX Application Thread] DEBUG Engine               - Architecture: amd64
23:29:47.222 [JavaFX Application Thread] INFO  Engine               - Source code and latest versions at: https://github.com/AlmasB/FXGL
23:29:47.222 [JavaFX Application Thread] INFO  Engine               -              Join the FXGL chat at: https://gitter.im/AlmasB/FXGL
23:29:47.334 [JavaFX Application Thread] DEBUG MainWindow           - Creating a JavaFX scene
23:29:47.378 [JavaFX Application Thread] DEBUG MainWindow           - Target settings size: 840.0 x 650.0
23:29:47.379 [JavaFX Application Thread] DEBUG MainWindow           - Scaled scene size:    840.0 x 650.0
23:29:47.379 [JavaFX Application Thread] DEBUG MainWindow           - Scaled ratio: (1.0, 1.0)
23:29:47.380 [JavaFX Application Thread] DEBUG MainWindow           - Set initial scene to FXGLStartupScene
23:29:47.386 [JavaFX Application Thread] DEBUG MainWindow           - Opening main window
23:29:47.470 [JavaFX Application Thread] DEBUG MainWindow           - Window border size: (16.0, 39.0)
23:29:47.470 [JavaFX Application Thread] DEBUG MainWindow           - Scaled size: 840.0 x 650.0
23:29:47.470 [JavaFX Application Thread] DEBUG MainWindow           - Scaled ratio: (1.0, 1.0)
23:29:47.470 [JavaFX Application Thread] DEBUG MainWindow           - Scene size: 840.0 x 650.0
23:29:47.470 [JavaFX Application Thread] DEBUG MainWindow           - Stage size: 856.0 x 689.0
23:29:47.477 [FXGL Background Thread 1 ] DEBUG Engine               - Initializing environment variables
23:29:47.497 [FXGL Background Thread 1 ] DEBUG WindowService        - Applying CSS: fxgl_dark.css
23:29:47.498 [FXGL Background Thread 1 ] DEBUG AssetLoaderService   - Loading from file system: /assets/ui/css/fxgl_dark.css
23:29:47.532 [FXGL Background Thread 1 ] DEBUG WindowService        - Initializing application scenes
23:29:47.560 [FXGL Background Thread 1 ] DEBUG GameWorld            - Game world initialized
23:29:47.593 [FXGL Background Thread 1 ] DEBUG PhysicsWorld         - Physics world initialized: appHeight=650, physics.ppm=50.0
23:29:47.594 [FXGL Background Thread 1 ] DEBUG GameScene            - Game scene initialized: 840x650
23:29:47.617 [FXGL Background Thread 1 ] DEBUG AssetLoaderService   - Loading from file system: /assets/textures/particles/trace_horizontal.png
23:29:47.661 [FXGL Background Thread 1 ] DEBUG FXGL.DefaultMenu     - createMenuBodyGameMenu()
23:29:47.676 [FXGL Background Thread 1 ] DEBUG FXGL.DefaultMenu     - createOptionsMenu()
23:29:47.679 [FXGL Background Thread 1 ] DEBUG AssetLoaderService   - Loading from file system: /assets/textures/particles/smoke.png
23:29:47.717 [FXGL Background Thread 1 ] DEBUG WindowService        - Application scenes initialized
23:29:47.725 [FXGL Background Thread 1 ] DEBUG SystemBundleService  - Loading FXGL system data
23:29:47.728 [FXGL Background Thread 1 ] DEBUG FileSystemAccess     - Reading from: E:\secondYear\Java\NewfoundlandRacer\system\fxgl.bundle
23:29:47.732 [FXGL Background Thread 1 ] DEBUG SystemBundleService  - Bundle FXGL: {}
23:29:47.732 [FXGL Background Thread 1 ] INFO  Engine               - FXGL initialization took: 0.254 sec
23:29:47.733 [FXGL Background Thread 1 ] DEBUG GameApplication      - Loading localizations
23:29:47.734 [FXGL Background Thread 1 ] DEBUG AssetLoaderService   - Loading from file system: /assets/languages/english.lang
23:29:47.741 [FXGL Background Thread 1 ] DEBUG AssetLoaderService   - Loading from file system: /assets/languages/french.lang
23:29:47.742 [FXGL Background Thread 1 ] DEBUG AssetLoaderService   - Loading from file system: /assets/languages/german.lang
23:29:47.743 [FXGL Background Thread 1 ] DEBUG AssetLoaderService   - Loading from file system: /assets/languages/hungarian.lang
23:29:47.746 [FXGL Background Thread 1 ] DEBUG AssetLoaderService   - Loading from file system: /assets/languages/russian.lang
23:29:47.747 [FXGL Background Thread 1 ] DEBUG GameApplication      - Registering font factories with UI factory
23:29:47.747 [FXGL Background Thread 1 ] DEBUG AssetLoaderService   - Loading from file system: /assets/ui/fonts/VarelaRound-Regular.ttf
23:29:47.778 [FXGL Background Thread 1 ] DEBUG AssetLoaderService   - Loading from file system: /assets/ui/fonts/Abel-Regular.ttf
23:29:47.780 [FXGL Background Thread 1 ] DEBUG AssetLoaderService   - Loading from file system: /assets/ui/fonts/lucida_console.ttf
23:29:47.785 [FXGL Background Thread 1 ] DEBUG AssetLoaderService   - Loading from file system: /assets/ui/fonts/Courier-Prime.ttf
23:29:47.794 [JavaFX Application Thread] DEBUG Input                - Registered new binding: Move Right - D
23:29:47.794 [JavaFX Application Thread] DEBUG Input                - Registered new binding: Move Left - A
23:29:47.794 [JavaFX Application Thread] DEBUG Input                - Registered new binding: Move Up - W
23:29:47.795 [JavaFX Application Thread] DEBUG Input                - Registered new binding: Move Down - S
23:29:47.795 [JavaFX Application Thread] DEBUG AssetLoaderService   - Loading from file system: /assets/textures/fxgl_icon.png
23:29:47.809 [JavaFX Application Thread] DEBUG AssetLoaderService   - Loading from file system: /assets/ui/cursors/fxgl_default.png
23:29:47.811 [JavaFX Application Thread] DEBUG Input                - Registered new binding: Screenshot - P
23:29:47.811 [JavaFX Application Thread] DEBUG Input                - Registered new binding: System info dump - CTRL+9
23:29:47.812 [JavaFX Application Thread] DEBUG Input                - Registered new binding: Restart - CTRL+R
23:29:47.812 [JavaFX Application Thread] DEBUG LoopRunner           - Starting loop
23:29:47.821 [JavaFX Application Thread] DEBUG FXGLStartupScene     - STARTUP
23:29:47.822 [JavaFX Application Thread] DEBUG WindowService        - Starting new game
23:29:47.822 [JavaFX Application Thread] DEBUG Input                - Clearing active input actions
23:29:47.831 [JavaFX Application Thread] DEBUG WindowService        - Removing overlay from FXGLStartupScene and adding to FXGLLoadingScene
23:29:47.831 [JavaFX Application Thread] DEBUG MainWindow           - FXGLStartupScene -> FXGLLoadingScene
23:29:47.831 [JavaFX Application Thread] DEBUG WindowService        - Clearing previous game
23:29:47.831 [JavaFX Application Thread] DEBUG GameScene            - Clearing game scene
23:29:47.831 [JavaFX Application Thread] DEBUG GameWorld            - Clearing game world
23:29:47.831 [JavaFX Application Thread] DEBUG PhysicsWorld         - Clearing physics world
23:29:47.832 [FXGL Background Thread 1 ] DEBUG GameApplication      - Initializing game
23:29:47.838 [FXGL Background Thread 1 ] DEBUG AssetLoaderService   - Loading from file system: /assets/textures/4lanehighway.png
23:29:47.898 [FXGL Background Thread 1 ] DEBUG AssetLoaderService   - Loading from file system: /assets/textures/player.png
23:29:47.910 [FXGL Background Thread 1 ] INFO  GameApplication      - Game initialization took: 0.078 sec
23:29:47.911 [JavaFX Application Thread] DEBUG Input                - Clearing active input actions
23:29:47.919 [JavaFX Application Thread] DEBUG WindowService        - Removing overlay from FXGLLoadingScene and adding to GameScene
23:29:47.920 [JavaFX Application Thread] DEBUG MainWindow           - FXGLLoadingScene -> GameScene
23:29:48.362 [JavaFX Application Thread] DEBUG AssetLoaderService   - Loading from file system: /assets/textures/driver1.png
23:29:48.858 [JavaFX Application Thread] DEBUG AssetLoaderService   - Loading from cache: /assets/textures/driver1.png
23:29:49.370 [JavaFX Application Thread] DEBUG AssetLoaderService   - Loading from file system: /assets/textures/driver2.png
23:29:49.882 [JavaFX Application Thread] DEBUG AssetLoaderService   - Loading from file system: /assets/textures/driver3.png
23:29:50.409 [JavaFX Application Thread] DEBUG AssetLoaderService   - Loading from cache: /assets/textures/driver3.png
23:29:50.735 [FXGL Background Thread 2 ] DEBUG Engine               - Logging environment variables
23:29:50.736 [FXGL Background Thread 2 ] DEBUG Engine               - achievements: []
23:29:50.736 [FXGL Background Thread 2 ] DEBUG Engine               - appIcon: fxgl_icon.png
23:29:50.736 [FXGL Background Thread 2 ] DEBUG Engine               - applicationMode: DEVELOPER
23:29:50.737 [FXGL Background Thread 2 ] DEBUG Engine               - cSSList: [fxgl_dark.css]
23:29:50.737 [FXGL Background Thread 2 ] DEBUG Engine               - configClass: Optional.empty
23:29:50.737 [FXGL Background Thread 2 ] DEBUG Engine               - credits: []
23:29:50.738 [FXGL Background Thread 2 ] DEBUG Engine               - devBBoxColorProperty: ObjectProperty [value: 0xff0000ff]
23:29:50.738 [FXGL Background Thread 2 ] DEBUG Engine               - devSensorColorProperty: ObjectProperty [value: 0xffff00ff]
23:29:50.739 [FXGL Background Thread 2 ] DEBUG Engine               - devShowBBoxProperty: BooleanProperty [value: false]
23:29:50.739 [FXGL Background Thread 2 ] DEBUG Engine               - devShowPositionProperty: BooleanProperty [value: false]
23:29:50.739 [FXGL Background Thread 2 ] DEBUG Engine               - enabledMenuItems: []
23:29:50.740 [FXGL Background Thread 2 ] DEBUG Engine               - engineServices: [class com.almasb.fxgl.app.GameApplication$GameApplicationService, class com.almasb.fxgl.app.services.WindowService, class com.almasb.fxgl.app.services.FXGLDialogService, class com.almasb.fxgl.app.services.IOTaskExecutorService, class com.almasb.fxgl.event.EventBusService, class com.almasb.fxgl.io.FileSystemService, class com.almasb.fxgl.localization.LocalizationService, class com.almasb.fxgl.app.services.AssetLoaderService, class com.almasb.fxgl.app.services.SystemBundleService, class com.almasb.fxgl.profile.SaveLoadService, class com.almasb.fxgl.ui.FXGLUIFactoryServiceProvider, class com.almasb.fxgl.ui.FXGLDialogFactoryServiceProvider, class com.almasb.fxgl.audio.AudioPlayer, class com.almasb.fxgl.notification.impl.NotificationServiceProvider, class com.almasb.fxgl.achievement.AchievementService, class com.almasb.fxgl.cutscene.CutsceneService, class com.almasb.fxgl.minigames.MiniGameService, class com.almasb.fxgl.net.NetService, class com.almasb.fxgl.app.services.UpdaterService, class com.almasb.fxgl.dev.DevService]
23:29:50.740 [FXGL Background Thread 2 ] DEBUG Engine               - fontGame: Abel-Regular.ttf
23:29:50.740 [FXGL Background Thread 2 ] DEBUG Engine               - fontMono: lucida_console.ttf
23:29:50.740 [FXGL Background Thread 2 ] DEBUG Engine               - fontText: Courier-Prime.ttf
23:29:50.741 [FXGL Background Thread 2 ] DEBUG Engine               - fontUI: VarelaRound-Regular.ttf
23:29:50.741 [FXGL Background Thread 2 ] DEBUG Engine               - fullScreen: BooleanProperty [value: false]
23:29:50.741 [FXGL Background Thread 2 ] DEBUG Engine               - gameDifficulty: MEDIUM
23:29:50.741 [FXGL Background Thread 2 ] DEBUG Engine               - gameDifficultyProperty: ObjectProperty [value: MEDIUM]
23:29:50.742 [FXGL Background Thread 2 ] DEBUG Engine               - globalMusicVolume: 0.5
23:29:50.742 [FXGL Background Thread 2 ] DEBUG Engine               - globalMusicVolumeProperty: DoubleProperty [value: 0.5]
23:29:50.742 [FXGL Background Thread 2 ] DEBUG Engine               - globalSoundVolume: 0.5
23:29:50.742 [FXGL Background Thread 2 ] DEBUG Engine               - globalSoundVolumeProperty: DoubleProperty [value: 0.5]
23:29:50.742 [FXGL Background Thread 2 ] DEBUG Engine               - height: 650
23:29:50.743 [FXGL Background Thread 2 ] DEBUG Engine               - isAndroid: false
23:29:50.743 [FXGL Background Thread 2 ] DEBUG Engine               - isBrowser: false
23:29:50.743 [FXGL Background Thread 2 ] DEBUG Engine               - isClickFeedbackEnabled: false
23:29:50.743 [FXGL Background Thread 2 ] DEBUG Engine               - isCloseConfirmation: false
23:29:50.743 [FXGL Background Thread 2 ] DEBUG Engine               - isDesktop: true
23:29:50.743 [FXGL Background Thread 2 ] DEBUG Engine               - isDeveloperMenuEnabled: false
23:29:50.744 [FXGL Background Thread 2 ] DEBUG Engine               - isExperimentalNative: false
23:29:50.744 [FXGL Background Thread 2 ] DEBUG Engine               - isExperimentalTiledLargeMap: false
23:29:50.744 [FXGL Background Thread 2 ] DEBUG Engine               - isFullScreenAllowed: false
23:29:50.744 [FXGL Background Thread 2 ] DEBUG Engine               - isFullScreenFromStart: false
23:29:50.745 [FXGL Background Thread 2 ] DEBUG Engine               - isGameMenuEnabled: true
23:29:50.745 [FXGL Background Thread 2 ] DEBUG Engine               - isIOS: false
23:29:50.745 [FXGL Background Thread 2 ] DEBUG Engine               - isIntroEnabled: false
23:29:50.745 [FXGL Background Thread 2 ] DEBUG Engine               - isLinux: false
23:29:50.745 [FXGL Background Thread 2 ] DEBUG Engine               - isMac: false
23:29:50.746 [FXGL Background Thread 2 ] DEBUG Engine               - isMainMenuEnabled: false
23:29:50.746 [FXGL Background Thread 2 ] DEBUG Engine               - isManualResizeEnabled: false
23:29:50.746 [FXGL Background Thread 2 ] DEBUG Engine               - isMobile: false
23:29:50.746 [FXGL Background Thread 2 ] DEBUG Engine               - isPreserveResizeRatio: false
23:29:50.746 [FXGL Background Thread 2 ] DEBUG Engine               - isProfilingEnabled: false
23:29:50.746 [FXGL Background Thread 2 ] DEBUG Engine               - isSingleStep: false
23:29:50.746 [FXGL Background Thread 2 ] DEBUG Engine               - isUserProfileEnabled: false
23:29:50.747 [FXGL Background Thread 2 ] DEBUG Engine               - isWindows: true
23:29:50.747 [FXGL Background Thread 2 ] DEBUG Engine               - language: ObjectProperty [value: ENGLISH]
23:29:50.747 [FXGL Background Thread 2 ] DEBUG Engine               - mainWindow: com.almasb.fxgl.app.MainWindow@6aa458a9
23:29:50.747 [FXGL Background Thread 2 ] DEBUG Engine               - menuKey: ESCAPE
23:29:50.748 [FXGL Background Thread 2 ] DEBUG Engine               - notificationViewClass: class com.almasb.fxgl.notification.view.XboxNotificationView
23:29:50.748 [FXGL Background Thread 2 ] DEBUG Engine               - pixelsPerMeter: 50.0
23:29:50.748 [FXGL Background Thread 2 ] DEBUG Engine               - platform: WINDOWS
23:29:50.748 [FXGL Background Thread 2 ] DEBUG Engine               - profileDir: profiles/
23:29:50.748 [FXGL Background Thread 2 ] DEBUG Engine               - profileName: StringProperty [value: DEFAULT]
23:29:50.748 [FXGL Background Thread 2 ] DEBUG Engine               - randomSeed: -1
23:29:50.748 [FXGL Background Thread 2 ] DEBUG Engine               - runtimeInfo: RuntimeInfo(platform=WINDOWS, version=11.9, build=27.05.2020 17.06)
23:29:50.749 [FXGL Background Thread 2 ] DEBUG Engine               - saveFileExt: sav
23:29:50.749 [FXGL Background Thread 2 ] DEBUG Engine               - sceneFactory: com.almasb.fxgl.app.scene.SceneFactory@2fa6db99
23:29:50.749 [FXGL Background Thread 2 ] DEBUG Engine               - secondsIn24h: 60
23:29:50.749 [FXGL Background Thread 2 ] DEBUG Engine               - settings: Title: Newfoundland Moose Collision
Version: 0.1
Width: 840
Height: 650
Fullscreen: false
Intro: false
Profiling: false
Single step:false
App Mode: DEVELOPER
Menu Key: ESCAPE
Stage Style: DECORATED
Scene Factory: class com.almasb.fxgl.app.scene.SceneFactory

23:29:50.749 [FXGL Background Thread 2 ] DEBUG Engine               - soundMenuBack: menu/back.wav
23:29:50.749 [FXGL Background Thread 2 ] DEBUG Engine               - soundMenuPress: menu/press.wav
23:29:50.749 [FXGL Background Thread 2 ] DEBUG Engine               - soundMenuSelect: menu/select.wav
23:29:50.750 [FXGL Background Thread 2 ] DEBUG Engine               - soundNotification: core/notification.wav
23:29:50.750 [FXGL Background Thread 2 ] DEBUG Engine               - stageStyle: DECORATED
23:29:50.750 [FXGL Background Thread 2 ] DEBUG Engine               - supportedLanguages: [ENGLISH, FRENCH, GERMAN, HUNGARIAN, RUSSIAN]
23:29:50.750 [FXGL Background Thread 2 ] DEBUG Engine               - title: Newfoundland Moose Collision
23:29:50.750 [FXGL Background Thread 2 ] DEBUG Engine               - urlGithub: https://github.com/AlmasB/FXGL
23:29:50.750 [FXGL Background Thread 2 ] DEBUG Engine               - urlLeaderboard: http://fxgl-top.herokuapp.com/
23:29:50.750 [FXGL Background Thread 2 ] DEBUG Engine               - urlPOM: https://raw.githubusercontent.com/AlmasB/FXGL/master/pom.xml
23:29:50.750 [FXGL Background Thread 2 ] DEBUG Engine               - version: 0.1
23:29:50.750 [FXGL Background Thread 2 ] DEBUG Engine               - versionCheckDays: 7
23:29:50.750 [FXGL Background Thread 2 ] DEBUG Engine               - width: 840
23:29:50.751 [FXGL Background Thread 2 ] DEBUG Engine               - Logging services
23:29:50.751 [FXGL Background Thread 2 ] DEBUG Engine               - class com.almasb.fxgl.app.GameApplication$GameApplicationService
23:29:50.751 [FXGL Background Thread 2 ] DEBUG Engine               - class com.almasb.fxgl.app.services.WindowService
23:29:50.751 [FXGL Background Thread 2 ] DEBUG Engine               - class com.almasb.fxgl.app.services.FXGLDialogService
23:29:50.751 [FXGL Background Thread 2 ] DEBUG Engine               - class com.almasb.fxgl.app.services.IOTaskExecutorService
23:29:50.751 [FXGL Background Thread 2 ] DEBUG Engine               - class com.almasb.fxgl.event.EventBusService
23:29:50.751 [FXGL Background Thread 2 ] DEBUG Engine               - class com.almasb.fxgl.io.FileSystemService
23:29:50.751 [FXGL Background Thread 2 ] DEBUG Engine               - class com.almasb.fxgl.localization.LocalizationService
23:29:50.751 [FXGL Background Thread 2 ] DEBUG Engine               - class com.almasb.fxgl.app.services.AssetLoaderService
23:29:50.751 [FXGL Background Thread 2 ] DEBUG Engine               - class com.almasb.fxgl.app.services.SystemBundleService
23:29:50.752 [FXGL Background Thread 2 ] DEBUG Engine               - class com.almasb.fxgl.profile.SaveLoadService
23:29:50.752 [FXGL Background Thread 2 ] DEBUG Engine               - class com.almasb.fxgl.ui.FXGLUIFactoryServiceProvider
23:29:50.752 [FXGL Background Thread 2 ] DEBUG Engine               - class com.almasb.fxgl.ui.FXGLDialogFactoryServiceProvider
23:29:50.752 [FXGL Background Thread 2 ] DEBUG Engine               - class com.almasb.fxgl.audio.AudioPlayer
23:29:50.752 [FXGL Background Thread 2 ] DEBUG Engine               - class com.almasb.fxgl.notification.impl.NotificationServiceProvider
23:29:50.752 [FXGL Background Thread 2 ] DEBUG Engine               - class com.almasb.fxgl.achievement.AchievementService
23:29:50.752 [FXGL Background Thread 2 ] DEBUG Engine               - class com.almasb.fxgl.cutscene.CutsceneService
23:29:50.752 [FXGL Background Thread 2 ] DEBUG Engine               - class com.almasb.fxgl.minigames.MiniGameService
23:29:50.752 [FXGL Background Thread 2 ] DEBUG Engine               - class com.almasb.fxgl.net.NetService
23:29:50.752 [FXGL Background Thread 2 ] DEBUG Engine               - class com.almasb.fxgl.app.services.UpdaterService
23:29:50.752 [FXGL Background Thread 2 ] DEBUG Engine               - class com.almasb.fxgl.dev.DevService
23:29:50.922 [JavaFX Application Thread] DEBUG AssetLoaderService   - Loading from cache: /assets/textures/driver3.png
23:29:51.435 [JavaFX Application Thread] DEBUG AssetLoaderService   - Loading from cache: /assets/textures/driver1.png
23:29:51.963 [JavaFX Application Thread] DEBUG AssetLoaderService   - Loading from cache: /assets/textures/driver2.png
23:29:52.474 [JavaFX Application Thread] DEBUG AssetLoaderService   - Loading from cache: /assets/textures/driver1.png
23:29:52.986 [JavaFX Application Thread] DEBUG AssetLoaderService   - Loading from cache: /assets/textures/driver1.png
23:29:53.498 [JavaFX Application Thread] DEBUG AssetLoaderService   - Loading from cache: /assets/textures/driver2.png
23:29:54.026 [JavaFX Application Thread] DEBUG AssetLoaderService   - Loading from cache: /assets/textures/driver1.png
23:29:54.538 [JavaFX Application Thread] DEBUG AssetLoaderService   - Loading from file system: /assets/textures/driver0.png
23:29:55.050 [JavaFX Application Thread] DEBUG AssetLoaderService   - Loading from cache: /assets/textures/driver1.png
23:29:55.578 [JavaFX Application Thread] DEBUG AssetLoaderService   - Loading from cache: /assets/textures/driver1.png
23:29:56.075 [JavaFX Application Thread] DEBUG AssetLoaderService   - Loading from cache: /assets/textures/driver1.png
23:29:56.571 [JavaFX Application Thread] DEBUG AssetLoaderService   - Loading from file system: /assets/textures/driver4.png
23:29:57.066 [JavaFX Application Thread] DEBUG AssetLoaderService   - Loading from cache: /assets/textures/driver1.png
23:29:57.578 [JavaFX Application Thread] DEBUG AssetLoaderService   - Loading from cache: /assets/textures/driver1.png
23:29:57.834 [JavaFX Application Thread] DEBUG AssetLoaderService   - Loading from file system: /assets/textures/coin.png
23:29:58.074 [JavaFX Application Thread] DEBUG AssetLoaderService   - Loading from cache: /assets/textures/driver2.png
23:29:58.571 [JavaFX Application Thread] DEBUG AssetLoaderService   - Loading from cache: /assets/textures/driver2.png
23:29:59.082 [JavaFX Application Thread] DEBUG AssetLoaderService   - Loading from cache: /assets/textures/driver2.png
23:29:59.578 [JavaFX Application Thread] DEBUG AssetLoaderService   - Loading from cache: /assets/textures/driver0.png
23:30:00.074 [JavaFX Application Thread] DEBUG AssetLoaderService   - Loading from cache: /assets/textures/driver3.png
23:30:00.570 [JavaFX Application Thread] DEBUG AssetLoaderService   - Loading from cache: /assets/textures/driver1.png
23:30:01.066 [JavaFX Application Thread] DEBUG AssetLoaderService   - Loading from cache: /assets/textures/driver4.png
23:30:01.579 [JavaFX Application Thread] DEBUG AssetLoaderService   - Loading from cache: /assets/textures/driver1.png
23:30:01.675 [JavaFX Application Thread] DEBUG AssetLoaderService   - Loading from file system: /assets/sounds/coincollect.wav
23:30:02.122 [JavaFX Application Thread] DEBUG AssetLoaderService   - Loading from cache: /assets/textures/driver2.png
23:30:02.619 [JavaFX Application Thread] DEBUG AssetLoaderService   - Loading from cache: /assets/textures/driver3.png
23:30:03.131 [JavaFX Application Thread] DEBUG AssetLoaderService   - Loading from cache: /assets/textures/driver2.png
23:30:03.626 [JavaFX Application Thread] DEBUG AssetLoaderService   - Loading from cache: /assets/textures/driver0.png
23:30:04.138 [JavaFX Application Thread] DEBUG AssetLoaderService   - Loading from cache: /assets/textures/driver1.png
23:30:04.650 [JavaFX Application Thread] DEBUG AssetLoaderService   - Loading from cache: /assets/textures/driver3.png
23:30:05.146 [JavaFX Application Thread] DEBUG GameApplication      - Exiting FXGL
23:30:05.146 [JavaFX Application Thread] DEBUG LoopRunner           - Stopping loop
23:30:05.146 [JavaFX Application Thread] DEBUG SystemBundleService  - Saving FXGL system data
23:30:05.148 [JavaFX Application Thread] DEBUG FileSystemAccess     - Writing to: E:\secondYear\Java\NewfoundlandRacer\system\fxgl.bundle
23:30:05.149 [JavaFX Application Thread] DEBUG GameApplication      - Shutting down background threads
23:30:05.149 [JavaFX Application Thread] DEBUG GameApplication      - Closing logger and exiting JavaFX
