21:27:33.831 [main                     ] DEBUG GameApplication      - Logger initialized
21:27:33.835 [main                     ] DEBUG GameApplication      - Logging settings
Title: Newfoundland Moose Collision
Version: 0.1
Width: 840
Height: 650
Fullscreen: false
Intro: false
Profiling: false
Single step:false
App Mode: DEVELOPER
Menu Key: ESCAPE
Stage Style: DECORATED
Scene Factory: class MooseGame.NewfoundRacerApp$1

21:27:34.152 [JavaFX Application Thread] DEBUG GameApplication      - Initializing FXGL
21:27:34.162 [JavaFX Application Thread] INFO  Engine               - FXGL-11.9 (27.05.2020 17.06) on WINDOWS (J:14.0.1 FX:13.0.2)
21:27:34.162 [JavaFX Application Thread] DEBUG Engine               - JRE Vendor Name: Oracle Corporation
21:27:34.162 [JavaFX Application Thread] DEBUG Engine               - Running on OS: Windows 10 version 10.0
21:27:34.163 [JavaFX Application Thread] DEBUG Engine               - Architecture: amd64
21:27:34.163 [JavaFX Application Thread] INFO  Engine               - Source code and latest versions at: https://github.com/AlmasB/FXGL
21:27:34.163 [JavaFX Application Thread] INFO  Engine               -              Join the FXGL chat at: https://gitter.im/AlmasB/FXGL
21:27:34.242 [JavaFX Application Thread] DEBUG MainWindow           - Creating a JavaFX scene
21:27:34.280 [JavaFX Application Thread] DEBUG MainWindow           - Target settings size: 840.0 x 650.0
21:27:34.281 [JavaFX Application Thread] DEBUG MainWindow           - Scaled scene size:    840.0 x 650.0
21:27:34.281 [JavaFX Application Thread] DEBUG MainWindow           - Scaled ratio: (1.0, 1.0)
21:27:34.282 [JavaFX Application Thread] DEBUG MainWindow           - Set initial scene to FXGLStartupScene
21:27:34.288 [JavaFX Application Thread] DEBUG MainWindow           - Opening main window
21:27:34.365 [JavaFX Application Thread] DEBUG MainWindow           - Window border size: (16.0, 39.0)
21:27:34.365 [JavaFX Application Thread] DEBUG MainWindow           - Scaled size: 840.0 x 650.0
21:27:34.365 [JavaFX Application Thread] DEBUG MainWindow           - Scaled ratio: (1.0, 1.0)
21:27:34.366 [JavaFX Application Thread] DEBUG MainWindow           - Scene size: 840.0 x 650.0
21:27:34.366 [JavaFX Application Thread] DEBUG MainWindow           - Stage size: 856.0 x 689.0
21:27:34.372 [FXGL Background Thread 1 ] DEBUG Engine               - Initializing environment variables
21:27:34.393 [FXGL Background Thread 1 ] DEBUG WindowService        - Applying CSS: fxgl_dark.css
21:27:34.393 [FXGL Background Thread 1 ] DEBUG AssetLoaderService   - Loading from file system: /assets/ui/css/fxgl_dark.css
21:27:34.424 [FXGL Background Thread 1 ] DEBUG WindowService        - Initializing application scenes
21:27:34.444 [FXGL Background Thread 1 ] DEBUG GameWorld            - Game world initialized
21:27:34.469 [FXGL Background Thread 1 ] DEBUG PhysicsWorld         - Physics world initialized: appHeight=650, physics.ppm=50.0
21:27:34.471 [FXGL Background Thread 1 ] DEBUG GameScene            - Game scene initialized: 840x650
21:27:34.494 [FXGL Background Thread 1 ] DEBUG AssetLoaderService   - Loading from file system: /assets/textures/particles/trace_horizontal.png
21:27:34.531 [FXGL Background Thread 1 ] DEBUG FXGL.DefaultMenu     - createMenuBodyGameMenu()
21:27:34.542 [FXGL Background Thread 1 ] DEBUG FXGL.DefaultMenu     - createOptionsMenu()
21:27:34.544 [FXGL Background Thread 1 ] DEBUG AssetLoaderService   - Loading from file system: /assets/textures/particles/smoke.png
21:27:34.582 [FXGL Background Thread 1 ] DEBUG WindowService        - Application scenes initialized
21:27:34.588 [FXGL Background Thread 1 ] DEBUG SystemBundleService  - Loading FXGL system data
21:27:34.591 [FXGL Background Thread 1 ] DEBUG FileSystemAccess     - Reading from: E:\secondYear\Java\NewfoundlandRacer\system\fxgl.bundle
21:27:34.595 [FXGL Background Thread 1 ] DEBUG SystemBundleService  - Bundle FXGL: {}
21:27:34.595 [FXGL Background Thread 1 ] INFO  Engine               - FXGL initialization took: 0.222 sec
21:27:34.596 [FXGL Background Thread 1 ] DEBUG GameApplication      - Loading localizations
21:27:34.597 [FXGL Background Thread 1 ] DEBUG AssetLoaderService   - Loading from file system: /assets/languages/english.lang
21:27:34.604 [FXGL Background Thread 1 ] DEBUG AssetLoaderService   - Loading from file system: /assets/languages/french.lang
21:27:34.605 [FXGL Background Thread 1 ] DEBUG AssetLoaderService   - Loading from file system: /assets/languages/german.lang
21:27:34.606 [FXGL Background Thread 1 ] DEBUG AssetLoaderService   - Loading from file system: /assets/languages/hungarian.lang
21:27:34.608 [FXGL Background Thread 1 ] DEBUG AssetLoaderService   - Loading from file system: /assets/languages/russian.lang
21:27:34.609 [FXGL Background Thread 1 ] DEBUG GameApplication      - Registering font factories with UI factory
21:27:34.610 [FXGL Background Thread 1 ] DEBUG AssetLoaderService   - Loading from file system: /assets/ui/fonts/VarelaRound-Regular.ttf
21:27:34.638 [FXGL Background Thread 1 ] DEBUG AssetLoaderService   - Loading from file system: /assets/ui/fonts/Abel-Regular.ttf
21:27:34.640 [FXGL Background Thread 1 ] DEBUG AssetLoaderService   - Loading from file system: /assets/ui/fonts/lucida_console.ttf
21:27:34.643 [FXGL Background Thread 1 ] DEBUG AssetLoaderService   - Loading from file system: /assets/ui/fonts/Courier-Prime.ttf
21:27:34.651 [JavaFX Application Thread] DEBUG Input                - Registered new binding: Move Right - D
21:27:34.651 [JavaFX Application Thread] DEBUG Input                - Registered new binding: Move Left - A
21:27:34.651 [JavaFX Application Thread] DEBUG Input                - Registered new binding: Move Up - W
21:27:34.651 [JavaFX Application Thread] DEBUG Input                - Registered new binding: Move Down - S
21:27:34.651 [JavaFX Application Thread] DEBUG AssetLoaderService   - Loading from file system: /assets/textures/fxgl_icon.png
21:27:34.664 [JavaFX Application Thread] DEBUG AssetLoaderService   - Loading from file system: /assets/ui/cursors/fxgl_default.png
21:27:34.665 [JavaFX Application Thread] DEBUG Input                - Registered new binding: Screenshot - P
21:27:34.666 [JavaFX Application Thread] DEBUG Input                - Registered new binding: System info dump - CTRL+9
21:27:34.666 [JavaFX Application Thread] DEBUG Input                - Registered new binding: Restart - CTRL+R
21:27:34.666 [JavaFX Application Thread] DEBUG LoopRunner           - Starting loop
21:27:34.672 [JavaFX Application Thread] DEBUG FXGLStartupScene     - STARTUP
21:27:34.672 [JavaFX Application Thread] DEBUG Input                - Clearing active input actions
21:27:34.678 [JavaFX Application Thread] DEBUG WindowService        - Removing overlay from FXGLStartupScene and adding to 
21:27:34.678 [JavaFX Application Thread] DEBUG MainWindow           - FXGLStartupScene -> 
21:27:34.678 [JavaFX Application Thread] DEBUG MainWindow           - Push state: NewfoundlandRacerMainMenu
21:27:34.678 [JavaFX Application Thread] DEBUG Input                - Clearing active input actions
21:27:34.681 [JavaFX Application Thread] DEBUG WindowService        - Removing overlay from  and adding to NewfoundlandRacerMainMenu
21:27:34.681 [JavaFX Application Thread] DEBUG MainWindow           -  -> NewfoundlandRacerMainMenu
21:27:35.120 [JavaFX Application Thread] DEBUG Menu                 - fireNewGame()
21:27:35.120 [JavaFX Application Thread] DEBUG WindowService        - Starting new game
21:27:35.120 [JavaFX Application Thread] DEBUG MainWindow           - Pop state: NewfoundlandRacerMainMenu
21:27:35.120 [JavaFX Application Thread] DEBUG Input                - Clearing active input actions
21:27:35.121 [JavaFX Application Thread] DEBUG WindowService        - Removing overlay from NewfoundlandRacerMainMenu and adding to 
21:27:35.121 [JavaFX Application Thread] DEBUG MainWindow           -  <- NewfoundlandRacerMainMenu
21:27:35.121 [JavaFX Application Thread] DEBUG Input                - Clearing active input actions
21:27:35.127 [JavaFX Application Thread] DEBUG WindowService        - Removing overlay from  and adding to FXGLLoadingScene
21:27:35.127 [JavaFX Application Thread] DEBUG MainWindow           -  -> FXGLLoadingScene
21:27:35.127 [JavaFX Application Thread] DEBUG WindowService        - Clearing previous game
21:27:35.127 [JavaFX Application Thread] DEBUG GameScene            - Clearing game scene
21:27:35.127 [JavaFX Application Thread] DEBUG GameWorld            - Clearing game world
21:27:35.127 [JavaFX Application Thread] DEBUG PhysicsWorld         - Clearing physics world
21:27:35.128 [FXGL Background Thread 1 ] DEBUG GameApplication      - Initializing game
21:27:35.133 [FXGL Background Thread 1 ] DEBUG AssetLoaderService   - Loading from file system: /assets/textures/4lanehighway.png
21:27:35.196 [FXGL Background Thread 1 ] DEBUG AssetLoaderService   - Loading from file system: /assets/textures/player.png
21:27:35.206 [FXGL Background Thread 1 ] INFO  GameApplication      - Game initialization took: 0.078 sec
21:27:35.207 [JavaFX Application Thread] DEBUG Input                - Clearing active input actions
21:27:35.213 [JavaFX Application Thread] DEBUG WindowService        - Removing overlay from FXGLLoadingScene and adding to GameScene
21:27:35.213 [JavaFX Application Thread] DEBUG MainWindow           - FXGLLoadingScene -> GameScene
21:27:36.263 [JavaFX Application Thread] DEBUG AssetLoaderService   - Loading from file system: /assets/textures/cowmoosespriterunning.png
21:27:36.268 [JavaFX Application Thread] DEBUG AssetLoaderService   - Loading from cache: /assets/textures/cowmoosespriterunning.png
21:27:36.680 [JavaFX Application Thread] DEBUG AssetLoaderService   - Loading from file system: /assets/textures/driver3.png
21:27:37.101 [JavaFX Application Thread] DEBUG AssetLoaderService   - Loading from cache: /assets/textures/cowmoosespriterunning.png
21:27:37.102 [JavaFX Application Thread] DEBUG AssetLoaderService   - Loading from cache: /assets/textures/cowmoosespriterunning.png
21:27:37.514 [JavaFX Application Thread] DEBUG AssetLoaderService   - Loading from file system: /assets/textures/pothole.png
21:27:37.596 [FXGL Background Thread 2 ] DEBUG Engine               - Logging environment variables
21:27:37.597 [FXGL Background Thread 2 ] DEBUG Engine               - achievements: []
21:27:37.597 [FXGL Background Thread 2 ] DEBUG Engine               - appIcon: fxgl_icon.png
21:27:37.598 [FXGL Background Thread 2 ] DEBUG Engine               - applicationMode: DEVELOPER
21:27:37.598 [FXGL Background Thread 2 ] DEBUG Engine               - cSSList: [fxgl_dark.css]
21:27:37.598 [FXGL Background Thread 2 ] DEBUG Engine               - configClass: Optional.empty
21:27:37.599 [FXGL Background Thread 2 ] DEBUG Engine               - credits: []
21:27:37.599 [FXGL Background Thread 2 ] DEBUG Engine               - devBBoxColorProperty: ObjectProperty [value: 0xff0000ff]
21:27:37.600 [FXGL Background Thread 2 ] DEBUG Engine               - devSensorColorProperty: ObjectProperty [value: 0xffff00ff]
21:27:37.600 [FXGL Background Thread 2 ] DEBUG Engine               - devShowBBoxProperty: BooleanProperty [value: false]
21:27:37.600 [FXGL Background Thread 2 ] DEBUG Engine               - devShowPositionProperty: BooleanProperty [value: false]
21:27:37.601 [FXGL Background Thread 2 ] DEBUG Engine               - enabledMenuItems: []
21:27:37.601 [FXGL Background Thread 2 ] DEBUG Engine               - engineServices: [class com.almasb.fxgl.app.GameApplication$GameApplicationService, class com.almasb.fxgl.app.services.WindowService, class com.almasb.fxgl.app.services.FXGLDialogService, class com.almasb.fxgl.app.services.IOTaskExecutorService, class com.almasb.fxgl.event.EventBusService, class com.almasb.fxgl.io.FileSystemService, class com.almasb.fxgl.localization.LocalizationService, class com.almasb.fxgl.app.services.AssetLoaderService, class com.almasb.fxgl.app.services.SystemBundleService, class com.almasb.fxgl.profile.SaveLoadService, class com.almasb.fxgl.ui.FXGLUIFactoryServiceProvider, class com.almasb.fxgl.ui.FXGLDialogFactoryServiceProvider, class com.almasb.fxgl.audio.AudioPlayer, class com.almasb.fxgl.notification.impl.NotificationServiceProvider, class com.almasb.fxgl.achievement.AchievementService, class com.almasb.fxgl.cutscene.CutsceneService, class com.almasb.fxgl.minigames.MiniGameService, class com.almasb.fxgl.net.NetService, class com.almasb.fxgl.app.services.UpdaterService, class com.almasb.fxgl.dev.DevService]
21:27:37.602 [FXGL Background Thread 2 ] DEBUG Engine               - fontGame: Abel-Regular.ttf
21:27:37.602 [FXGL Background Thread 2 ] DEBUG Engine               - fontMono: lucida_console.ttf
21:27:37.602 [FXGL Background Thread 2 ] DEBUG Engine               - fontText: Courier-Prime.ttf
21:27:37.602 [FXGL Background Thread 2 ] DEBUG Engine               - fontUI: VarelaRound-Regular.ttf
21:27:37.602 [FXGL Background Thread 2 ] DEBUG Engine               - fullScreen: BooleanProperty [value: false]
21:27:37.602 [FXGL Background Thread 2 ] DEBUG Engine               - gameDifficulty: MEDIUM
21:27:37.602 [FXGL Background Thread 2 ] DEBUG Engine               - gameDifficultyProperty: ObjectProperty [value: MEDIUM]
21:27:37.602 [FXGL Background Thread 2 ] DEBUG Engine               - globalMusicVolume: 0.5
21:27:37.602 [FXGL Background Thread 2 ] DEBUG Engine               - globalMusicVolumeProperty: DoubleProperty [value: 0.5]
21:27:37.602 [FXGL Background Thread 2 ] DEBUG Engine               - globalSoundVolume: 0.5
21:27:37.602 [FXGL Background Thread 2 ] DEBUG Engine               - globalSoundVolumeProperty: DoubleProperty [value: 0.5]
21:27:37.602 [FXGL Background Thread 2 ] DEBUG Engine               - height: 650
21:27:37.602 [FXGL Background Thread 2 ] DEBUG Engine               - isAndroid: false
21:27:37.602 [FXGL Background Thread 2 ] DEBUG Engine               - isBrowser: false
21:27:37.602 [FXGL Background Thread 2 ] DEBUG Engine               - isClickFeedbackEnabled: false
21:27:37.602 [FXGL Background Thread 2 ] DEBUG Engine               - isCloseConfirmation: false
21:27:37.603 [FXGL Background Thread 2 ] DEBUG Engine               - isDesktop: true
21:27:37.603 [FXGL Background Thread 2 ] DEBUG Engine               - isDeveloperMenuEnabled: false
21:27:37.603 [FXGL Background Thread 2 ] DEBUG Engine               - isExperimentalNative: false
21:27:37.603 [FXGL Background Thread 2 ] DEBUG Engine               - isExperimentalTiledLargeMap: false
21:27:37.603 [FXGL Background Thread 2 ] DEBUG Engine               - isFullScreenAllowed: false
21:27:37.603 [FXGL Background Thread 2 ] DEBUG Engine               - isFullScreenFromStart: false
21:27:37.603 [FXGL Background Thread 2 ] DEBUG Engine               - isGameMenuEnabled: true
21:27:37.603 [FXGL Background Thread 2 ] DEBUG Engine               - isIOS: false
21:27:37.603 [FXGL Background Thread 2 ] DEBUG Engine               - isIntroEnabled: false
21:27:37.603 [FXGL Background Thread 2 ] DEBUG Engine               - isLinux: false
21:27:37.603 [FXGL Background Thread 2 ] DEBUG Engine               - isMac: false
21:27:37.603 [FXGL Background Thread 2 ] DEBUG Engine               - isMainMenuEnabled: true
21:27:37.603 [FXGL Background Thread 2 ] DEBUG Engine               - isManualResizeEnabled: false
21:27:37.603 [FXGL Background Thread 2 ] DEBUG Engine               - isMobile: false
21:27:37.603 [FXGL Background Thread 2 ] DEBUG Engine               - isPreserveResizeRatio: false
21:27:37.603 [FXGL Background Thread 2 ] DEBUG Engine               - isProfilingEnabled: false
21:27:37.604 [FXGL Background Thread 2 ] DEBUG Engine               - isSingleStep: false
21:27:37.604 [FXGL Background Thread 2 ] DEBUG Engine               - isUserProfileEnabled: false
21:27:37.604 [FXGL Background Thread 2 ] DEBUG Engine               - isWindows: true
21:27:37.604 [FXGL Background Thread 2 ] DEBUG Engine               - language: ObjectProperty [value: ENGLISH]
21:27:37.604 [FXGL Background Thread 2 ] DEBUG Engine               - mainWindow: com.almasb.fxgl.app.MainWindow@571c32b0
21:27:37.604 [FXGL Background Thread 2 ] DEBUG Engine               - menuKey: ESCAPE
21:27:37.604 [FXGL Background Thread 2 ] DEBUG Engine               - notificationViewClass: class com.almasb.fxgl.notification.view.XboxNotificationView
21:27:37.604 [FXGL Background Thread 2 ] DEBUG Engine               - pixelsPerMeter: 50.0
21:27:37.604 [FXGL Background Thread 2 ] DEBUG Engine               - platform: WINDOWS
21:27:37.604 [FXGL Background Thread 2 ] DEBUG Engine               - profileDir: profiles/
21:27:37.604 [FXGL Background Thread 2 ] DEBUG Engine               - profileName: StringProperty [value: DEFAULT]
21:27:37.604 [FXGL Background Thread 2 ] DEBUG Engine               - randomSeed: -1
21:27:37.604 [FXGL Background Thread 2 ] DEBUG Engine               - runtimeInfo: RuntimeInfo(platform=WINDOWS, version=11.9, build=27.05.2020 17.06)
21:27:37.604 [FXGL Background Thread 2 ] DEBUG Engine               - saveFileExt: sav
21:27:37.604 [FXGL Background Thread 2 ] DEBUG Engine               - sceneFactory: MooseGame.NewfoundRacerApp$1@121ea637
21:27:37.604 [FXGL Background Thread 2 ] DEBUG Engine               - secondsIn24h: 60
21:27:37.604 [FXGL Background Thread 2 ] DEBUG Engine               - settings: Title: Newfoundland Moose Collision
Version: 0.1
Width: 840
Height: 650
Fullscreen: false
Intro: false
Profiling: false
Single step:false
App Mode: DEVELOPER
Menu Key: ESCAPE
Stage Style: DECORATED
Scene Factory: class MooseGame.NewfoundRacerApp$1

21:27:37.604 [FXGL Background Thread 2 ] DEBUG Engine               - soundMenuBack: menu/back.wav
21:27:37.604 [FXGL Background Thread 2 ] DEBUG Engine               - soundMenuPress: menu/press.wav
21:27:37.604 [FXGL Background Thread 2 ] DEBUG Engine               - soundMenuSelect: menu/select.wav
21:27:37.604 [FXGL Background Thread 2 ] DEBUG Engine               - soundNotification: core/notification.wav
21:27:37.605 [FXGL Background Thread 2 ] DEBUG Engine               - stageStyle: DECORATED
21:27:37.605 [FXGL Background Thread 2 ] DEBUG Engine               - supportedLanguages: [ENGLISH, FRENCH, GERMAN, HUNGARIAN, RUSSIAN]
21:27:37.605 [FXGL Background Thread 2 ] DEBUG Engine               - title: Newfoundland Moose Collision
21:27:37.605 [FXGL Background Thread 2 ] DEBUG Engine               - urlGithub: https://github.com/AlmasB/FXGL
21:27:37.605 [FXGL Background Thread 2 ] DEBUG Engine               - urlLeaderboard: http://fxgl-top.herokuapp.com/
21:27:37.605 [FXGL Background Thread 2 ] DEBUG Engine               - urlPOM: https://raw.githubusercontent.com/AlmasB/FXGL/master/pom.xml
21:27:37.605 [FXGL Background Thread 2 ] DEBUG Engine               - version: 0.1
21:27:37.605 [FXGL Background Thread 2 ] DEBUG Engine               - versionCheckDays: 7
21:27:37.605 [FXGL Background Thread 2 ] DEBUG Engine               - width: 840
21:27:37.605 [FXGL Background Thread 2 ] DEBUG Engine               - Logging services
21:27:37.605 [FXGL Background Thread 2 ] DEBUG Engine               - class com.almasb.fxgl.app.GameApplication$GameApplicationService
21:27:37.605 [FXGL Background Thread 2 ] DEBUG Engine               - class com.almasb.fxgl.app.services.WindowService
21:27:37.605 [FXGL Background Thread 2 ] DEBUG Engine               - class com.almasb.fxgl.app.services.FXGLDialogService
21:27:37.605 [FXGL Background Thread 2 ] DEBUG Engine               - class com.almasb.fxgl.app.services.IOTaskExecutorService
21:27:37.605 [FXGL Background Thread 2 ] DEBUG Engine               - class com.almasb.fxgl.event.EventBusService
21:27:37.605 [FXGL Background Thread 2 ] DEBUG Engine               - class com.almasb.fxgl.io.FileSystemService
21:27:37.605 [FXGL Background Thread 2 ] DEBUG Engine               - class com.almasb.fxgl.localization.LocalizationService
21:27:37.605 [FXGL Background Thread 2 ] DEBUG Engine               - class com.almasb.fxgl.app.services.AssetLoaderService
21:27:37.605 [FXGL Background Thread 2 ] DEBUG Engine               - class com.almasb.fxgl.app.services.SystemBundleService
21:27:37.605 [FXGL Background Thread 2 ] DEBUG Engine               - class com.almasb.fxgl.profile.SaveLoadService
21:27:37.606 [FXGL Background Thread 2 ] DEBUG Engine               - class com.almasb.fxgl.ui.FXGLUIFactoryServiceProvider
21:27:37.606 [FXGL Background Thread 2 ] DEBUG Engine               - class com.almasb.fxgl.ui.FXGLDialogFactoryServiceProvider
21:27:37.606 [FXGL Background Thread 2 ] DEBUG Engine               - class com.almasb.fxgl.audio.AudioPlayer
21:27:37.606 [FXGL Background Thread 2 ] DEBUG Engine               - class com.almasb.fxgl.notification.impl.NotificationServiceProvider
21:27:37.606 [FXGL Background Thread 2 ] DEBUG Engine               - class com.almasb.fxgl.achievement.AchievementService
21:27:37.606 [FXGL Background Thread 2 ] DEBUG Engine               - class com.almasb.fxgl.cutscene.CutsceneService
21:27:37.606 [FXGL Background Thread 2 ] DEBUG Engine               - class com.almasb.fxgl.minigames.MiniGameService
21:27:37.606 [FXGL Background Thread 2 ] DEBUG Engine               - class com.almasb.fxgl.net.NetService
21:27:37.606 [FXGL Background Thread 2 ] DEBUG Engine               - class com.almasb.fxgl.app.services.UpdaterService
21:27:37.606 [FXGL Background Thread 2 ] DEBUG Engine               - class com.almasb.fxgl.dev.DevService
21:27:37.964 [JavaFX Application Thread] DEBUG AssetLoaderService   - Loading from file system: /assets/textures/driver0.png
21:27:37.972 [JavaFX Application Thread] DEBUG AssetLoaderService   - Loading from cache: /assets/textures/cowmoosespriterunning.png
21:27:37.973 [JavaFX Application Thread] DEBUG AssetLoaderService   - Loading from cache: /assets/textures/cowmoosespriterunning.png
21:27:38.811 [JavaFX Application Thread] DEBUG AssetLoaderService   - Loading from cache: /assets/textures/cowmoosespriterunning.png
21:27:38.812 [JavaFX Application Thread] DEBUG AssetLoaderService   - Loading from cache: /assets/textures/cowmoosespriterunning.png
21:27:39.213 [JavaFX Application Thread] DEBUG AssetLoaderService   - Loading from file system: /assets/textures/driver1.png
21:27:39.390 [JavaFX Application Thread] DEBUG MainWindow           - Push state: DialogSubScene
21:27:39.390 [JavaFX Application Thread] DEBUG Input                - Clearing active input actions
21:27:39.395 [JavaFX Application Thread] DEBUG WindowService        - Removing overlay from GameScene and adding to DialogSubScene
21:27:39.395 [JavaFX Application Thread] DEBUG MainWindow           - GameScene -> DialogSubScene
21:27:40.398 [JavaFX Application Thread] DEBUG MainWindow           - Pop state: DialogSubScene
21:27:40.398 [JavaFX Application Thread] DEBUG Input                - Clearing active input actions
21:27:40.399 [JavaFX Application Thread] DEBUG WindowService        - Removing overlay from DialogSubScene and adding to GameScene
21:27:40.399 [JavaFX Application Thread] DEBUG MainWindow           - GameScene <- DialogSubScene
21:27:40.620 [JavaFX Application Thread] DEBUG AssetLoaderService   - Loading from file system: /assets/textures/coin.png
21:27:40.653 [JavaFX Application Thread] DEBUG AssetLoaderService   - Loading from cache: /assets/textures/pothole.png
21:27:40.669 [JavaFX Application Thread] DEBUG AssetLoaderService   - Loading from cache: /assets/textures/cowmoosespriterunning.png
21:27:40.669 [JavaFX Application Thread] DEBUG AssetLoaderService   - Loading from cache: /assets/textures/cowmoosespriterunning.png
21:27:41.492 [JavaFX Application Thread] DEBUG AssetLoaderService   - Loading from cache: /assets/textures/driver0.png
21:27:41.501 [JavaFX Application Thread] DEBUG AssetLoaderService   - Loading from cache: /assets/textures/cowmoosespriterunning.png
21:27:41.502 [JavaFX Application Thread] DEBUG AssetLoaderService   - Loading from cache: /assets/textures/cowmoosespriterunning.png
21:27:42.341 [JavaFX Application Thread] DEBUG AssetLoaderService   - Loading from cache: /assets/textures/cowmoosespriterunning.png
21:27:42.342 [JavaFX Application Thread] DEBUG AssetLoaderService   - Loading from cache: /assets/textures/cowmoosespriterunning.png
21:27:42.652 [JavaFX Application Thread] DEBUG MainWindow           - Push state: DialogSubScene
21:27:42.652 [JavaFX Application Thread] DEBUG Input                - Clearing active input actions
21:27:42.653 [JavaFX Application Thread] DEBUG WindowService        - Removing overlay from GameScene and adding to DialogSubScene
21:27:42.653 [JavaFX Application Thread] DEBUG MainWindow           - GameScene -> DialogSubScene
21:27:43.114 [JavaFX Application Thread] DEBUG MainWindow           - Pop state: DialogSubScene
21:27:43.114 [JavaFX Application Thread] DEBUG Input                - Clearing active input actions
21:27:43.115 [JavaFX Application Thread] DEBUG WindowService        - Removing overlay from DialogSubScene and adding to GameScene
21:27:43.115 [JavaFX Application Thread] DEBUG MainWindow           - GameScene <- DialogSubScene
21:27:43.181 [JavaFX Application Thread] DEBUG AssetLoaderService   - Loading from cache: /assets/textures/pothole.png
21:27:43.194 [JavaFX Application Thread] DEBUG AssetLoaderService   - Loading from cache: /assets/textures/driver0.png
21:27:43.625 [JavaFX Application Thread] DEBUG AssetLoaderService   - Loading from cache: /assets/textures/cowmoosespriterunning.png
21:27:43.626 [JavaFX Application Thread] DEBUG AssetLoaderService   - Loading from cache: /assets/textures/cowmoosespriterunning.png
21:27:44.453 [JavaFX Application Thread] DEBUG AssetLoaderService   - Loading from cache: /assets/textures/driver0.png
21:27:44.462 [JavaFX Application Thread] DEBUG AssetLoaderService   - Loading from cache: /assets/textures/cowmoosespriterunning.png
21:27:44.463 [JavaFX Application Thread] DEBUG AssetLoaderService   - Loading from cache: /assets/textures/cowmoosespriterunning.png
21:27:45.261 [JavaFX Application Thread] DEBUG AssetLoaderService   - Loading from cache: /assets/textures/coin.png
21:27:45.277 [JavaFX Application Thread] DEBUG AssetLoaderService   - Loading from cache: /assets/textures/pothole.png
21:27:45.306 [JavaFX Application Thread] DEBUG AssetLoaderService   - Loading from cache: /assets/textures/cowmoosespriterunning.png
21:27:45.306 [JavaFX Application Thread] DEBUG AssetLoaderService   - Loading from cache: /assets/textures/cowmoosespriterunning.png
21:27:45.709 [JavaFX Application Thread] DEBUG AssetLoaderService   - Loading from cache: /assets/textures/driver1.png
21:27:46.141 [JavaFX Application Thread] DEBUG AssetLoaderService   - Loading from cache: /assets/textures/cowmoosespriterunning.png
21:27:46.141 [JavaFX Application Thread] DEBUG AssetLoaderService   - Loading from cache: /assets/textures/cowmoosespriterunning.png
21:27:46.967 [JavaFX Application Thread] DEBUG AssetLoaderService   - Loading from file system: /assets/textures/driver2.png
21:27:46.987 [JavaFX Application Thread] DEBUG AssetLoaderService   - Loading from cache: /assets/textures/cowmoosespriterunning.png
21:27:46.989 [JavaFX Application Thread] DEBUG AssetLoaderService   - Loading from cache: /assets/textures/cowmoosespriterunning.png
21:27:47.310 [JavaFX Application Thread] DEBUG MainWindow           - Push state: DialogSubScene
21:27:47.310 [JavaFX Application Thread] DEBUG Input                - Clearing active input actions
21:27:47.311 [JavaFX Application Thread] DEBUG WindowService        - Removing overlay from GameScene and adding to DialogSubScene
21:27:47.312 [JavaFX Application Thread] DEBUG MainWindow           - GameScene -> DialogSubScene
21:27:47.874 [JavaFX Application Thread] DEBUG MainWindow           - Pop state: DialogSubScene
21:27:47.874 [JavaFX Application Thread] DEBUG Input                - Clearing active input actions
21:27:47.875 [JavaFX Application Thread] DEBUG WindowService        - Removing overlay from DialogSubScene and adding to GameScene
21:27:47.875 [JavaFX Application Thread] DEBUG MainWindow           - GameScene <- DialogSubScene
21:27:47.923 [JavaFX Application Thread] DEBUG AssetLoaderService   - Loading from cache: /assets/textures/pothole.png
21:27:47.981 [JavaFX Application Thread] DEBUG MainWindow           - Push state: DialogSubScene
21:27:47.981 [JavaFX Application Thread] DEBUG Input                - Clearing active input actions
21:27:47.984 [JavaFX Application Thread] DEBUG WindowService        - Removing overlay from GameScene and adding to DialogSubScene
21:27:47.984 [JavaFX Application Thread] DEBUG MainWindow           - GameScene -> DialogSubScene
21:27:48.576 [JavaFX Application Thread] DEBUG MainWindow           - Pop state: DialogSubScene
21:27:48.576 [JavaFX Application Thread] DEBUG Input                - Clearing active input actions
21:27:48.577 [JavaFX Application Thread] DEBUG WindowService        - Removing overlay from DialogSubScene and adding to GameScene
21:27:48.577 [JavaFX Application Thread] DEBUG MainWindow           - GameScene <- DialogSubScene
21:27:48.981 [JavaFX Application Thread] DEBUG AssetLoaderService   - Loading from cache: /assets/textures/cowmoosespriterunning.png
21:27:48.983 [JavaFX Application Thread] DEBUG AssetLoaderService   - Loading from cache: /assets/textures/cowmoosespriterunning.png
21:27:49.373 [JavaFX Application Thread] DEBUG AssetLoaderService   - Loading from cache: /assets/textures/driver3.png
21:27:49.819 [JavaFX Application Thread] DEBUG AssetLoaderService   - Loading from cache: /assets/textures/cowmoosespriterunning.png
21:27:49.820 [JavaFX Application Thread] DEBUG AssetLoaderService   - Loading from cache: /assets/textures/cowmoosespriterunning.png
21:27:50.590 [JavaFX Application Thread] DEBUG AssetLoaderService   - Loading from cache: /assets/textures/coin.png
21:27:50.613 [JavaFX Application Thread] DEBUG AssetLoaderService   - Loading from cache: /assets/textures/pothole.png
21:27:50.634 [JavaFX Application Thread] DEBUG AssetLoaderService   - Loading from cache: /assets/textures/driver2.png
21:27:50.662 [JavaFX Application Thread] DEBUG AssetLoaderService   - Loading from cache: /assets/textures/cowmoosespriterunning.png
21:27:50.664 [JavaFX Application Thread] DEBUG AssetLoaderService   - Loading from cache: /assets/textures/cowmoosespriterunning.png
21:27:50.862 [JavaFX Application Thread] DEBUG AssetLoaderService   - Loading from file system: /assets/sounds/coincollect.wav
21:27:51.190 [JavaFX Application Thread] DEBUG MainWindow           - Push state: DialogSubScene
21:27:51.190 [JavaFX Application Thread] DEBUG Input                - Clearing active input actions
21:27:51.192 [JavaFX Application Thread] DEBUG WindowService        - Removing overlay from GameScene and adding to DialogSubScene
21:27:51.193 [JavaFX Application Thread] DEBUG MainWindow           - GameScene -> DialogSubScene
21:27:52.494 [JavaFX Application Thread] DEBUG MainWindow           - Pop state: DialogSubScene
21:27:52.494 [JavaFX Application Thread] DEBUG Input                - Clearing active input actions
21:27:52.495 [JavaFX Application Thread] DEBUG WindowService        - Removing overlay from DialogSubScene and adding to GameScene
21:27:52.495 [JavaFX Application Thread] DEBUG MainWindow           - GameScene <- DialogSubScene
21:27:52.815 [JavaFX Application Thread] DEBUG MainWindow           - Push state: DialogSubScene
21:27:52.815 [JavaFX Application Thread] DEBUG Input                - Clearing active input actions
21:27:52.817 [JavaFX Application Thread] DEBUG WindowService        - Removing overlay from GameScene and adding to DialogSubScene
21:27:52.818 [JavaFX Application Thread] DEBUG MainWindow           - GameScene -> DialogSubScene
21:27:53.325 [JavaFX Application Thread] DEBUG MainWindow           - Pop state: DialogSubScene
21:27:53.325 [JavaFX Application Thread] DEBUG Input                - Clearing active input actions
21:27:53.325 [JavaFX Application Thread] DEBUG WindowService        - Removing overlay from DialogSubScene and adding to GameScene
21:27:53.325 [JavaFX Application Thread] DEBUG MainWindow           - GameScene <- DialogSubScene
21:27:53.357 [JavaFX Application Thread] DEBUG AssetLoaderService   - Loading from cache: /assets/textures/cowmoosespriterunning.png
21:27:53.357 [JavaFX Application Thread] DEBUG AssetLoaderService   - Loading from cache: /assets/textures/cowmoosespriterunning.png
21:27:53.750 [JavaFX Application Thread] DEBUG AssetLoaderService   - Loading from cache: /assets/textures/driver2.png
21:27:54.169 [JavaFX Application Thread] DEBUG MainWindow           - Push state: DialogSubScene
21:27:54.169 [JavaFX Application Thread] DEBUG Input                - Clearing active input actions
21:27:54.171 [JavaFX Application Thread] DEBUG WindowService        - Removing overlay from GameScene and adding to DialogSubScene
21:27:54.172 [JavaFX Application Thread] DEBUG MainWindow           - GameScene -> DialogSubScene
21:27:54.654 [JavaFX Application Thread] DEBUG MainWindow           - Pop state: DialogSubScene
21:27:54.654 [JavaFX Application Thread] DEBUG Input                - Clearing active input actions
21:27:54.654 [JavaFX Application Thread] DEBUG WindowService        - Removing overlay from DialogSubScene and adding to GameScene
21:27:54.655 [JavaFX Application Thread] DEBUG MainWindow           - GameScene <- DialogSubScene
21:27:54.685 [JavaFX Application Thread] DEBUG AssetLoaderService   - Loading from cache: /assets/textures/cowmoosespriterunning.png
21:27:54.685 [JavaFX Application Thread] DEBUG AssetLoaderService   - Loading from cache: /assets/textures/cowmoosespriterunning.png
21:27:55.050 [JavaFX Application Thread] DEBUG AssetLoaderService   - Loading from cache: /assets/textures/pothole.png
21:27:55.495 [JavaFX Application Thread] DEBUG AssetLoaderService   - Loading from file system: /assets/textures/driver4.png
21:27:55.528 [JavaFX Application Thread] DEBUG AssetLoaderService   - Loading from cache: /assets/textures/cowmoosespriterunning.png
21:27:55.528 [JavaFX Application Thread] DEBUG AssetLoaderService   - Loading from cache: /assets/textures/cowmoosespriterunning.png
21:27:56.365 [JavaFX Application Thread] DEBUG AssetLoaderService   - Loading from cache: /assets/textures/cowmoosespriterunning.png
21:27:56.365 [JavaFX Application Thread] DEBUG AssetLoaderService   - Loading from cache: /assets/textures/cowmoosespriterunning.png
21:27:56.472 [JavaFX Application Thread] DEBUG AssetLoaderService   - Loading from cache: /assets/sounds/coincollect.wav
21:27:56.749 [JavaFX Application Thread] DEBUG AssetLoaderService   - Loading from cache: /assets/textures/driver4.png
21:27:57.077 [JavaFX Application Thread] DEBUG MainWindow           - Push state: DialogSubScene
21:27:57.077 [JavaFX Application Thread] DEBUG Input                - Clearing active input actions
21:27:57.078 [JavaFX Application Thread] DEBUG WindowService        - Removing overlay from GameScene and adding to DialogSubScene
21:27:57.078 [JavaFX Application Thread] DEBUG MainWindow           - GameScene -> DialogSubScene
21:27:57.498 [JavaFX Application Thread] DEBUG MainWindow           - Pop state: DialogSubScene
21:27:57.498 [JavaFX Application Thread] DEBUG Input                - Clearing active input actions
21:27:57.498 [JavaFX Application Thread] DEBUG WindowService        - Removing overlay from DialogSubScene and adding to GameScene
21:27:57.498 [JavaFX Application Thread] DEBUG MainWindow           - GameScene <- DialogSubScene
21:27:57.517 [JavaFX Application Thread] DEBUG AssetLoaderService   - Loading from cache: /assets/textures/coin.png
21:27:57.548 [JavaFX Application Thread] DEBUG AssetLoaderService   - Loading from cache: /assets/textures/pothole.png
21:27:57.619 [JavaFX Application Thread] DEBUG AssetLoaderService   - Loading from cache: /assets/textures/cowmoosespriterunning.png
21:27:57.621 [JavaFX Application Thread] DEBUG AssetLoaderService   - Loading from cache: /assets/textures/cowmoosespriterunning.png
21:27:57.688 [JavaFX Application Thread] DEBUG MainWindow           - Push state: DialogSubScene
21:27:57.688 [JavaFX Application Thread] DEBUG Input                - Clearing active input actions
21:27:57.689 [JavaFX Application Thread] DEBUG WindowService        - Removing overlay from GameScene and adding to DialogSubScene
21:27:57.690 [JavaFX Application Thread] DEBUG MainWindow           - GameScene -> DialogSubScene
21:27:58.174 [JavaFX Application Thread] DEBUG MainWindow           - Pop state: DialogSubScene
21:27:58.174 [JavaFX Application Thread] DEBUG Input                - Clearing active input actions
21:27:58.174 [JavaFX Application Thread] DEBUG WindowService        - Removing overlay from DialogSubScene and adding to GameScene
21:27:58.174 [JavaFX Application Thread] DEBUG MainWindow           - GameScene <- DialogSubScene
21:27:58.903 [JavaFX Application Thread] DEBUG AssetLoaderService   - Loading from cache: /assets/textures/driver0.png
21:27:58.941 [JavaFX Application Thread] DEBUG AssetLoaderService   - Loading from cache: /assets/textures/cowmoosespriterunning.png
21:27:58.941 [JavaFX Application Thread] DEBUG AssetLoaderService   - Loading from cache: /assets/textures/cowmoosespriterunning.png
21:27:59.785 [JavaFX Application Thread] DEBUG AssetLoaderService   - Loading from cache: /assets/textures/cowmoosespriterunning.png
21:27:59.785 [JavaFX Application Thread] DEBUG AssetLoaderService   - Loading from cache: /assets/textures/cowmoosespriterunning.png
21:28:00.124 [JavaFX Application Thread] DEBUG AssetLoaderService   - Loading from cache: /assets/textures/pothole.png
21:28:00.156 [JavaFX Application Thread] DEBUG AssetLoaderService   - Loading from cache: /assets/textures/driver2.png
21:28:00.299 [JavaFX Application Thread] DEBUG MainWindow           - Push state: DialogSubScene
21:28:00.299 [JavaFX Application Thread] DEBUG Input                - Clearing active input actions
21:28:00.299 [JavaFX Application Thread] DEBUG WindowService        - Removing overlay from GameScene and adding to DialogSubScene
21:28:00.300 [JavaFX Application Thread] DEBUG MainWindow           - GameScene -> DialogSubScene
21:28:01.259 [JavaFX Application Thread] DEBUG MainWindow           - Pop state: DialogSubScene
21:28:01.259 [JavaFX Application Thread] DEBUG Input                - Clearing active input actions
21:28:01.259 [JavaFX Application Thread] DEBUG WindowService        - Removing overlay from DialogSubScene and adding to GameScene
21:28:01.259 [JavaFX Application Thread] DEBUG MainWindow           - GameScene <- DialogSubScene
21:28:01.501 [JavaFX Application Thread] DEBUG MainWindow           - Push state: DialogSubScene
21:28:01.501 [JavaFX Application Thread] DEBUG Input                - Clearing active input actions
21:28:01.502 [JavaFX Application Thread] DEBUG WindowService        - Removing overlay from GameScene and adding to DialogSubScene
21:28:01.502 [JavaFX Application Thread] DEBUG MainWindow           - GameScene -> DialogSubScene
21:28:01.952 [JavaFX Application Thread] DEBUG MainWindow           - Pop state: DialogSubScene
21:28:01.952 [JavaFX Application Thread] DEBUG Input                - Clearing active input actions
21:28:01.952 [JavaFX Application Thread] DEBUG WindowService        - Removing overlay from DialogSubScene and adding to GameScene
21:28:01.952 [JavaFX Application Thread] DEBUG MainWindow           - GameScene <- DialogSubScene
21:28:02.013 [JavaFX Application Thread] DEBUG AssetLoaderService   - Loading from cache: /assets/textures/cowmoosespriterunning.png
21:28:02.014 [JavaFX Application Thread] DEBUG AssetLoaderService   - Loading from cache: /assets/textures/cowmoosespriterunning.png
21:28:02.605 [JavaFX Application Thread] DEBUG MainWindow           - Push state: DialogSubScene
21:28:02.606 [JavaFX Application Thread] DEBUG Input                - Clearing active input actions
21:28:02.607 [JavaFX Application Thread] DEBUG WindowService        - Removing overlay from GameScene and adding to DialogSubScene
21:28:02.607 [JavaFX Application Thread] DEBUG MainWindow           - GameScene -> DialogSubScene
21:28:03.042 [JavaFX Application Thread] DEBUG MainWindow           - Pop state: DialogSubScene
21:28:03.042 [JavaFX Application Thread] DEBUG Input                - Clearing active input actions
21:28:03.042 [JavaFX Application Thread] DEBUG WindowService        - Removing overlay from DialogSubScene and adding to GameScene
21:28:03.043 [JavaFX Application Thread] DEBUG MainWindow           - GameScene <- DialogSubScene
21:28:03.197 [JavaFX Application Thread] DEBUG MainWindow           - Push state: DialogSubScene
21:28:03.198 [JavaFX Application Thread] DEBUG Input                - Clearing active input actions
21:28:03.199 [JavaFX Application Thread] DEBUG WindowService        - Removing overlay from GameScene and adding to DialogSubScene
21:28:03.199 [JavaFX Application Thread] DEBUG MainWindow           - GameScene -> DialogSubScene
21:28:03.628 [JavaFX Application Thread] DEBUG MainWindow           - Pop state: DialogSubScene
21:28:03.628 [JavaFX Application Thread] DEBUG Input                - Clearing active input actions
21:28:03.629 [JavaFX Application Thread] DEBUG WindowService        - Removing overlay from DialogSubScene and adding to GameScene
21:28:03.629 [JavaFX Application Thread] DEBUG MainWindow           - GameScene <- DialogSubScene
21:28:03.674 [JavaFX Application Thread] DEBUG AssetLoaderService   - Loading from cache: /assets/textures/driver2.png
21:28:03.722 [JavaFX Application Thread] DEBUG AssetLoaderService   - Loading from cache: /assets/textures/cowmoosespriterunning.png
21:28:03.723 [JavaFX Application Thread] DEBUG AssetLoaderService   - Loading from cache: /assets/textures/cowmoosespriterunning.png
21:28:04.439 [JavaFX Application Thread] DEBUG AssetLoaderService   - Loading from cache: /assets/textures/coin.png
21:28:04.474 [JavaFX Application Thread] DEBUG AssetLoaderService   - Loading from cache: /assets/textures/pothole.png
21:28:04.564 [JavaFX Application Thread] DEBUG AssetLoaderService   - Loading from cache: /assets/textures/cowmoosespriterunning.png
21:28:04.564 [JavaFX Application Thread] DEBUG AssetLoaderService   - Loading from cache: /assets/textures/cowmoosespriterunning.png
21:28:04.585 [JavaFX Application Thread] DEBUG MainWindow           - Push state: DialogSubScene
21:28:04.585 [JavaFX Application Thread] DEBUG Input                - Clearing active input actions
21:28:04.586 [JavaFX Application Thread] DEBUG WindowService        - Removing overlay from GameScene and adding to DialogSubScene
21:28:04.586 [JavaFX Application Thread] DEBUG MainWindow           - GameScene -> DialogSubScene
21:28:05.023 [JavaFX Application Thread] DEBUG MainWindow           - Pop state: DialogSubScene
21:28:05.023 [JavaFX Application Thread] DEBUG Input                - Clearing active input actions
21:28:05.024 [JavaFX Application Thread] DEBUG WindowService        - Removing overlay from DialogSubScene and adding to GameScene
21:28:05.024 [JavaFX Application Thread] DEBUG MainWindow           - GameScene <- DialogSubScene
21:28:05.370 [JavaFX Application Thread] DEBUG AssetLoaderService   - Loading from cache: /assets/textures/driver2.png
21:28:05.842 [JavaFX Application Thread] DEBUG AssetLoaderService   - Loading from cache: /assets/textures/cowmoosespriterunning.png
21:28:05.844 [JavaFX Application Thread] DEBUG AssetLoaderService   - Loading from cache: /assets/textures/cowmoosespriterunning.png
21:28:06.621 [JavaFX Application Thread] DEBUG AssetLoaderService   - Loading from cache: /assets/textures/driver1.png
21:28:06.683 [JavaFX Application Thread] DEBUG AssetLoaderService   - Loading from cache: /assets/textures/cowmoosespriterunning.png
21:28:06.684 [JavaFX Application Thread] DEBUG AssetLoaderService   - Loading from cache: /assets/textures/cowmoosespriterunning.png
21:28:07.000 [JavaFX Application Thread] DEBUG AssetLoaderService   - Loading from cache: /assets/textures/pothole.png
21:28:07.356 [JavaFX Application Thread] DEBUG MainWindow           - Push state: DialogSubScene
21:28:07.356 [JavaFX Application Thread] DEBUG Input                - Clearing active input actions
21:28:07.356 [JavaFX Application Thread] DEBUG WindowService        - Removing overlay from GameScene and adding to DialogSubScene
21:28:07.356 [JavaFX Application Thread] DEBUG MainWindow           - GameScene -> DialogSubScene
21:28:08.355 [JavaFX Application Thread] DEBUG MainWindow           - Pop state: DialogSubScene
21:28:08.355 [JavaFX Application Thread] DEBUG Input                - Clearing active input actions
21:28:08.355 [JavaFX Application Thread] DEBUG WindowService        - Removing overlay from DialogSubScene and adding to GameScene
21:28:08.355 [JavaFX Application Thread] DEBUG MainWindow           - GameScene <- DialogSubScene
21:28:08.509 [JavaFX Application Thread] DEBUG AssetLoaderService   - Loading from cache: /assets/textures/cowmoosespriterunning.png
21:28:08.511 [JavaFX Application Thread] DEBUG AssetLoaderService   - Loading from cache: /assets/textures/cowmoosespriterunning.png
21:28:08.536 [JavaFX Application Thread] DEBUG MainWindow           - Push state: DialogSubScene
21:28:08.536 [JavaFX Application Thread] DEBUG Input                - Clearing active input actions
21:28:08.537 [JavaFX Application Thread] DEBUG WindowService        - Removing overlay from GameScene and adding to DialogSubScene
21:28:08.538 [JavaFX Application Thread] DEBUG MainWindow           - GameScene -> DialogSubScene
21:28:08.941 [JavaFX Application Thread] DEBUG MainWindow           - Pop state: DialogSubScene
21:28:08.942 [JavaFX Application Thread] DEBUG Input                - Clearing active input actions
21:28:08.942 [JavaFX Application Thread] DEBUG WindowService        - Removing overlay from DialogSubScene and adding to GameScene
21:28:08.942 [JavaFX Application Thread] DEBUG MainWindow           - GameScene <- DialogSubScene
21:28:09.272 [JavaFX Application Thread] DEBUG AssetLoaderService   - Loading from cache: /assets/textures/driver4.png
21:28:09.751 [JavaFX Application Thread] DEBUG AssetLoaderService   - Loading from cache: /assets/textures/cowmoosespriterunning.png
21:28:09.752 [JavaFX Application Thread] DEBUG AssetLoaderService   - Loading from cache: /assets/textures/cowmoosespriterunning.png
21:28:10.042 [JavaFX Application Thread] DEBUG MainWindow           - Push state: DialogSubScene
21:28:10.042 [JavaFX Application Thread] DEBUG Input                - Clearing active input actions
21:28:10.043 [JavaFX Application Thread] DEBUG WindowService        - Removing overlay from GameScene and adding to DialogSubScene
21:28:10.043 [JavaFX Application Thread] DEBUG MainWindow           - GameScene -> DialogSubScene
21:28:10.509 [JavaFX Application Thread] DEBUG MainWindow           - Pop state: DialogSubScene
21:28:10.509 [JavaFX Application Thread] DEBUG Input                - Clearing active input actions
21:28:10.509 [JavaFX Application Thread] DEBUG WindowService        - Removing overlay from DialogSubScene and adding to GameScene
21:28:10.510 [JavaFX Application Thread] DEBUG MainWindow           - GameScene <- DialogSubScene
21:28:10.891 [JavaFX Application Thread] DEBUG AssetLoaderService   - Loading from cache: /assets/textures/coin.png
21:28:10.932 [JavaFX Application Thread] DEBUG AssetLoaderService   - Loading from cache: /assets/textures/pothole.png
21:28:10.981 [JavaFX Application Thread] DEBUG AssetLoaderService   - Loading from cache: /assets/textures/driver2.png
21:28:11.037 [JavaFX Application Thread] DEBUG AssetLoaderService   - Loading from cache: /assets/textures/cowmoosespriterunning.png
21:28:11.037 [JavaFX Application Thread] DEBUG AssetLoaderService   - Loading from cache: /assets/textures/cowmoosespriterunning.png
21:28:11.883 [JavaFX Application Thread] DEBUG AssetLoaderService   - Loading from cache: /assets/textures/cowmoosespriterunning.png
21:28:11.884 [JavaFX Application Thread] DEBUG AssetLoaderService   - Loading from cache: /assets/textures/cowmoosespriterunning.png
21:28:12.236 [JavaFX Application Thread] DEBUG AssetLoaderService   - Loading from cache: /assets/textures/driver4.png
21:28:12.269 [JavaFX Application Thread] DEBUG MainWindow           - Push state: DialogSubScene
21:28:12.269 [JavaFX Application Thread] DEBUG Input                - Clearing active input actions
21:28:12.269 [JavaFX Application Thread] DEBUG WindowService        - Removing overlay from GameScene and adding to DialogSubScene
21:28:12.269 [JavaFX Application Thread] DEBUG MainWindow           - GameScene -> DialogSubScene
21:28:12.734 [JavaFX Application Thread] DEBUG MainWindow           - Pop state: DialogSubScene
21:28:12.734 [JavaFX Application Thread] DEBUG Input                - Clearing active input actions
21:28:12.734 [JavaFX Application Thread] DEBUG WindowService        - Removing overlay from DialogSubScene and adding to GameScene
21:28:12.734 [JavaFX Application Thread] DEBUG MainWindow           - GameScene <- DialogSubScene
21:28:13.181 [JavaFX Application Thread] DEBUG AssetLoaderService   - Loading from cache: /assets/textures/cowmoosespriterunning.png
21:28:13.182 [JavaFX Application Thread] DEBUG AssetLoaderService   - Loading from cache: /assets/textures/cowmoosespriterunning.png
21:28:13.480 [JavaFX Application Thread] DEBUG AssetLoaderService   - Loading from cache: /assets/textures/pothole.png
21:28:13.794 [JavaFX Application Thread] DEBUG GameApplication      - Exiting FXGL
21:28:13.794 [JavaFX Application Thread] DEBUG LoopRunner           - Stopping loop
21:28:13.794 [JavaFX Application Thread] DEBUG SystemBundleService  - Saving FXGL system data
21:28:13.795 [JavaFX Application Thread] DEBUG FileSystemAccess     - Writing to: E:\secondYear\Java\NewfoundlandRacer\system\fxgl.bundle
21:28:13.796 [JavaFX Application Thread] DEBUG GameApplication      - Shutting down background threads
21:28:13.796 [JavaFX Application Thread] DEBUG GameApplication      - Closing logger and exiting JavaFX
