23:34:54.959 [main                     ] DEBUG GameApplication      - Logger initialized
23:34:54.963 [main                     ] DEBUG GameApplication      - Logging settings
Title: Newfoundland Moose Collision
Version: 0.1
Width: 840
Height: 650
Fullscreen: false
Intro: false
Profiling: false
Single step:false
App Mode: DEVELOPER
Menu Key: ESCAPE
Stage Style: DECORATED
Scene Factory: class com.almasb.fxgl.app.scene.SceneFactory

23:34:55.357 [JavaFX Application Thread] DEBUG GameApplication      - Initializing FXGL
23:34:55.370 [JavaFX Application Thread] INFO  Engine               - FXGL-11.9 (27.05.2020 17.06) on WINDOWS (J:14.0.1 FX:13.0.2)
23:34:55.370 [JavaFX Application Thread] DEBUG Engine               - JRE Vendor Name: Oracle Corporation
23:34:55.371 [JavaFX Application Thread] DEBUG Engine               - Running on OS: Windows 10 version 10.0
23:34:55.371 [JavaFX Application Thread] DEBUG Engine               - Architecture: amd64
23:34:55.371 [JavaFX Application Thread] INFO  Engine               - Source code and latest versions at: https://github.com/AlmasB/FXGL
23:34:55.371 [JavaFX Application Thread] INFO  Engine               -              Join the FXGL chat at: https://gitter.im/AlmasB/FXGL
23:34:55.491 [JavaFX Application Thread] DEBUG MainWindow           - Creating a JavaFX scene
23:34:55.535 [JavaFX Application Thread] DEBUG MainWindow           - Target settings size: 840.0 x 650.0
23:34:55.536 [JavaFX Application Thread] DEBUG MainWindow           - Scaled scene size:    840.0 x 650.0
23:34:55.536 [JavaFX Application Thread] DEBUG MainWindow           - Scaled ratio: (1.0, 1.0)
23:34:55.537 [JavaFX Application Thread] DEBUG MainWindow           - Set initial scene to FXGLStartupScene
23:34:55.544 [JavaFX Application Thread] DEBUG MainWindow           - Opening main window
23:34:55.629 [JavaFX Application Thread] DEBUG MainWindow           - Window border size: (16.0, 39.0)
23:34:55.629 [JavaFX Application Thread] DEBUG MainWindow           - Scaled size: 840.0 x 650.0
23:34:55.629 [JavaFX Application Thread] DEBUG MainWindow           - Scaled ratio: (1.0, 1.0)
23:34:55.629 [JavaFX Application Thread] DEBUG MainWindow           - Scene size: 840.0 x 650.0
23:34:55.630 [JavaFX Application Thread] DEBUG MainWindow           - Stage size: 856.0 x 689.0
23:34:55.638 [FXGL Background Thread 1 ] DEBUG Engine               - Initializing environment variables
23:34:55.660 [FXGL Background Thread 1 ] DEBUG WindowService        - Applying CSS: fxgl_dark.css
23:34:55.661 [FXGL Background Thread 1 ] DEBUG AssetLoaderService   - Loading from file system: /assets/ui/css/fxgl_dark.css
23:34:55.701 [FXGL Background Thread 1 ] DEBUG WindowService        - Initializing application scenes
23:34:55.740 [FXGL Background Thread 1 ] DEBUG GameWorld            - Game world initialized
23:34:55.775 [FXGL Background Thread 1 ] DEBUG PhysicsWorld         - Physics world initialized: appHeight=650, physics.ppm=50.0
23:34:55.777 [FXGL Background Thread 1 ] DEBUG GameScene            - Game scene initialized: 840x650
23:34:55.801 [FXGL Background Thread 1 ] DEBUG AssetLoaderService   - Loading from file system: /assets/textures/particles/trace_horizontal.png
23:34:55.847 [FXGL Background Thread 1 ] DEBUG FXGL.DefaultMenu     - createMenuBodyGameMenu()
23:34:55.863 [FXGL Background Thread 1 ] DEBUG FXGL.DefaultMenu     - createOptionsMenu()
23:34:55.867 [FXGL Background Thread 1 ] DEBUG AssetLoaderService   - Loading from file system: /assets/textures/particles/smoke.png
23:34:55.906 [FXGL Background Thread 1 ] DEBUG WindowService        - Application scenes initialized
23:34:55.915 [FXGL Background Thread 1 ] DEBUG SystemBundleService  - Loading FXGL system data
23:34:55.918 [FXGL Background Thread 1 ] DEBUG FileSystemAccess     - Reading from: E:\secondYear\Java\NewfoundlandRacer\system\fxgl.bundle
23:34:55.922 [FXGL Background Thread 1 ] DEBUG SystemBundleService  - Bundle FXGL: {}
23:34:55.922 [FXGL Background Thread 1 ] INFO  Engine               - FXGL initialization took: 0.283 sec
23:34:55.924 [FXGL Background Thread 1 ] DEBUG GameApplication      - Loading localizations
23:34:55.924 [FXGL Background Thread 1 ] DEBUG AssetLoaderService   - Loading from file system: /assets/languages/english.lang
23:34:55.931 [FXGL Background Thread 1 ] DEBUG AssetLoaderService   - Loading from file system: /assets/languages/french.lang
23:34:55.932 [FXGL Background Thread 1 ] DEBUG AssetLoaderService   - Loading from file system: /assets/languages/german.lang
23:34:55.933 [FXGL Background Thread 1 ] DEBUG AssetLoaderService   - Loading from file system: /assets/languages/hungarian.lang
23:34:55.935 [FXGL Background Thread 1 ] DEBUG AssetLoaderService   - Loading from file system: /assets/languages/russian.lang
23:34:55.937 [FXGL Background Thread 1 ] DEBUG GameApplication      - Registering font factories with UI factory
23:34:55.937 [FXGL Background Thread 1 ] DEBUG AssetLoaderService   - Loading from file system: /assets/ui/fonts/VarelaRound-Regular.ttf
23:34:55.968 [FXGL Background Thread 1 ] DEBUG AssetLoaderService   - Loading from file system: /assets/ui/fonts/Abel-Regular.ttf
23:34:55.971 [FXGL Background Thread 1 ] DEBUG AssetLoaderService   - Loading from file system: /assets/ui/fonts/lucida_console.ttf
23:34:55.976 [FXGL Background Thread 1 ] DEBUG AssetLoaderService   - Loading from file system: /assets/ui/fonts/Courier-Prime.ttf
23:34:55.987 [JavaFX Application Thread] DEBUG Input                - Registered new binding: Move Right - D
23:34:55.987 [JavaFX Application Thread] DEBUG Input                - Registered new binding: Move Left - A
23:34:55.987 [JavaFX Application Thread] DEBUG Input                - Registered new binding: Move Up - W
23:34:55.987 [JavaFX Application Thread] DEBUG Input                - Registered new binding: Move Down - S
23:34:55.987 [JavaFX Application Thread] DEBUG AssetLoaderService   - Loading from file system: /assets/textures/fxgl_icon.png
23:34:56.006 [JavaFX Application Thread] DEBUG AssetLoaderService   - Loading from file system: /assets/ui/cursors/fxgl_default.png
23:34:56.008 [JavaFX Application Thread] DEBUG Input                - Registered new binding: Screenshot - P
23:34:56.009 [JavaFX Application Thread] DEBUG Input                - Registered new binding: System info dump - CTRL+9
23:34:56.009 [JavaFX Application Thread] DEBUG Input                - Registered new binding: Restart - CTRL+R
23:34:56.010 [JavaFX Application Thread] DEBUG LoopRunner           - Starting loop
23:34:56.020 [JavaFX Application Thread] DEBUG FXGLStartupScene     - STARTUP
23:34:56.020 [JavaFX Application Thread] DEBUG WindowService        - Starting new game
23:34:56.020 [JavaFX Application Thread] DEBUG Input                - Clearing active input actions
23:34:56.030 [JavaFX Application Thread] DEBUG WindowService        - Removing overlay from FXGLStartupScene and adding to FXGLLoadingScene
23:34:56.030 [JavaFX Application Thread] DEBUG MainWindow           - FXGLStartupScene -> FXGLLoadingScene
23:34:56.030 [JavaFX Application Thread] DEBUG WindowService        - Clearing previous game
23:34:56.030 [JavaFX Application Thread] DEBUG GameScene            - Clearing game scene
23:34:56.030 [JavaFX Application Thread] DEBUG GameWorld            - Clearing game world
23:34:56.030 [JavaFX Application Thread] DEBUG PhysicsWorld         - Clearing physics world
23:34:56.032 [FXGL Background Thread 1 ] DEBUG GameApplication      - Initializing game
23:34:56.038 [FXGL Background Thread 1 ] DEBUG AssetLoaderService   - Loading from file system: /assets/textures/4lanehighway.png
23:34:56.104 [FXGL Background Thread 1 ] DEBUG AssetLoaderService   - Loading from file system: /assets/textures/player.png
23:34:56.119 [FXGL Background Thread 1 ] INFO  GameApplication      - Game initialization took: 0.087 sec
23:34:56.120 [JavaFX Application Thread] DEBUG Input                - Clearing active input actions
23:34:56.130 [JavaFX Application Thread] DEBUG WindowService        - Removing overlay from FXGLLoadingScene and adding to GameScene
23:34:56.130 [JavaFX Application Thread] DEBUG MainWindow           - FXGLLoadingScene -> GameScene
23:34:56.608 [JavaFX Application Thread] DEBUG AssetLoaderService   - Loading from file system: /assets/textures/driver1.png
23:34:57.072 [JavaFX Application Thread] DEBUG AssetLoaderService   - Loading from file system: /assets/textures/driver0.png
23:34:57.600 [JavaFX Application Thread] DEBUG AssetLoaderService   - Loading from file system: /assets/textures/driver3.png
23:34:58.112 [JavaFX Application Thread] DEBUG AssetLoaderService   - Loading from file system: /assets/textures/driver4.png
23:34:58.624 [JavaFX Application Thread] DEBUG AssetLoaderService   - Loading from file system: /assets/textures/driver2.png
23:34:58.924 [FXGL Background Thread 2 ] DEBUG Engine               - Logging environment variables
23:34:58.924 [FXGL Background Thread 2 ] DEBUG Engine               - achievements: []
23:34:58.924 [FXGL Background Thread 2 ] DEBUG Engine               - appIcon: fxgl_icon.png
23:34:58.924 [FXGL Background Thread 2 ] DEBUG Engine               - applicationMode: DEVELOPER
23:34:58.924 [FXGL Background Thread 2 ] DEBUG Engine               - cSSList: [fxgl_dark.css]
23:34:58.924 [FXGL Background Thread 2 ] DEBUG Engine               - configClass: Optional.empty
23:34:58.924 [FXGL Background Thread 2 ] DEBUG Engine               - credits: []
23:34:58.924 [FXGL Background Thread 2 ] DEBUG Engine               - devBBoxColorProperty: ObjectProperty [value: 0xff0000ff]
23:34:58.924 [FXGL Background Thread 2 ] DEBUG Engine               - devSensorColorProperty: ObjectProperty [value: 0xffff00ff]
23:34:58.924 [FXGL Background Thread 2 ] DEBUG Engine               - devShowBBoxProperty: BooleanProperty [value: false]
23:34:58.924 [FXGL Background Thread 2 ] DEBUG Engine               - devShowPositionProperty: BooleanProperty [value: false]
23:34:58.925 [FXGL Background Thread 2 ] DEBUG Engine               - enabledMenuItems: []
23:34:58.925 [FXGL Background Thread 2 ] DEBUG Engine               - engineServices: [class com.almasb.fxgl.app.GameApplication$GameApplicationService, class com.almasb.fxgl.app.services.WindowService, class com.almasb.fxgl.app.services.FXGLDialogService, class com.almasb.fxgl.app.services.IOTaskExecutorService, class com.almasb.fxgl.event.EventBusService, class com.almasb.fxgl.io.FileSystemService, class com.almasb.fxgl.localization.LocalizationService, class com.almasb.fxgl.app.services.AssetLoaderService, class com.almasb.fxgl.app.services.SystemBundleService, class com.almasb.fxgl.profile.SaveLoadService, class com.almasb.fxgl.ui.FXGLUIFactoryServiceProvider, class com.almasb.fxgl.ui.FXGLDialogFactoryServiceProvider, class com.almasb.fxgl.audio.AudioPlayer, class com.almasb.fxgl.notification.impl.NotificationServiceProvider, class com.almasb.fxgl.achievement.AchievementService, class com.almasb.fxgl.cutscene.CutsceneService, class com.almasb.fxgl.minigames.MiniGameService, class com.almasb.fxgl.net.NetService, class com.almasb.fxgl.app.services.UpdaterService, class com.almasb.fxgl.dev.DevService]
23:34:58.925 [FXGL Background Thread 2 ] DEBUG Engine               - fontGame: Abel-Regular.ttf
23:34:58.925 [FXGL Background Thread 2 ] DEBUG Engine               - fontMono: lucida_console.ttf
23:34:58.925 [FXGL Background Thread 2 ] DEBUG Engine               - fontText: Courier-Prime.ttf
23:34:58.925 [FXGL Background Thread 2 ] DEBUG Engine               - fontUI: VarelaRound-Regular.ttf
23:34:58.925 [FXGL Background Thread 2 ] DEBUG Engine               - fullScreen: BooleanProperty [value: false]
23:34:58.925 [FXGL Background Thread 2 ] DEBUG Engine               - gameDifficulty: MEDIUM
23:34:58.925 [FXGL Background Thread 2 ] DEBUG Engine               - gameDifficultyProperty: ObjectProperty [value: MEDIUM]
23:34:58.925 [FXGL Background Thread 2 ] DEBUG Engine               - globalMusicVolume: 0.5
23:34:58.925 [FXGL Background Thread 2 ] DEBUG Engine               - globalMusicVolumeProperty: DoubleProperty [value: 0.5]
23:34:58.925 [FXGL Background Thread 2 ] DEBUG Engine               - globalSoundVolume: 0.5
23:34:58.925 [FXGL Background Thread 2 ] DEBUG Engine               - globalSoundVolumeProperty: DoubleProperty [value: 0.5]
23:34:58.925 [FXGL Background Thread 2 ] DEBUG Engine               - height: 650
23:34:58.925 [FXGL Background Thread 2 ] DEBUG Engine               - isAndroid: false
23:34:58.925 [FXGL Background Thread 2 ] DEBUG Engine               - isBrowser: false
23:34:58.925 [FXGL Background Thread 2 ] DEBUG Engine               - isClickFeedbackEnabled: false
23:34:58.925 [FXGL Background Thread 2 ] DEBUG Engine               - isCloseConfirmation: false
23:34:58.925 [FXGL Background Thread 2 ] DEBUG Engine               - isDesktop: true
23:34:58.925 [FXGL Background Thread 2 ] DEBUG Engine               - isDeveloperMenuEnabled: false
23:34:58.926 [FXGL Background Thread 2 ] DEBUG Engine               - isExperimentalNative: false
23:34:58.926 [FXGL Background Thread 2 ] DEBUG Engine               - isExperimentalTiledLargeMap: false
23:34:58.926 [FXGL Background Thread 2 ] DEBUG Engine               - isFullScreenAllowed: false
23:34:58.926 [FXGL Background Thread 2 ] DEBUG Engine               - isFullScreenFromStart: false
23:34:58.926 [FXGL Background Thread 2 ] DEBUG Engine               - isGameMenuEnabled: true
23:34:58.926 [FXGL Background Thread 2 ] DEBUG Engine               - isIOS: false
23:34:58.926 [FXGL Background Thread 2 ] DEBUG Engine               - isIntroEnabled: false
23:34:58.926 [FXGL Background Thread 2 ] DEBUG Engine               - isLinux: false
23:34:58.926 [FXGL Background Thread 2 ] DEBUG Engine               - isMac: false
23:34:58.926 [FXGL Background Thread 2 ] DEBUG Engine               - isMainMenuEnabled: false
23:34:58.926 [FXGL Background Thread 2 ] DEBUG Engine               - isManualResizeEnabled: false
23:34:58.926 [FXGL Background Thread 2 ] DEBUG Engine               - isMobile: false
23:34:58.926 [FXGL Background Thread 2 ] DEBUG Engine               - isPreserveResizeRatio: false
23:34:58.926 [FXGL Background Thread 2 ] DEBUG Engine               - isProfilingEnabled: false
23:34:58.926 [FXGL Background Thread 2 ] DEBUG Engine               - isSingleStep: false
23:34:58.926 [FXGL Background Thread 2 ] DEBUG Engine               - isUserProfileEnabled: false
23:34:58.926 [FXGL Background Thread 2 ] DEBUG Engine               - isWindows: true
23:34:58.926 [FXGL Background Thread 2 ] DEBUG Engine               - language: ObjectProperty [value: ENGLISH]
23:34:58.926 [FXGL Background Thread 2 ] DEBUG Engine               - mainWindow: com.almasb.fxgl.app.MainWindow@6410abec
23:34:58.926 [FXGL Background Thread 2 ] DEBUG Engine               - menuKey: ESCAPE
23:34:58.926 [FXGL Background Thread 2 ] DEBUG Engine               - notificationViewClass: class com.almasb.fxgl.notification.view.XboxNotificationView
23:34:58.927 [FXGL Background Thread 2 ] DEBUG Engine               - pixelsPerMeter: 50.0
23:34:58.927 [FXGL Background Thread 2 ] DEBUG Engine               - platform: WINDOWS
23:34:58.927 [FXGL Background Thread 2 ] DEBUG Engine               - profileDir: profiles/
23:34:58.927 [FXGL Background Thread 2 ] DEBUG Engine               - profileName: StringProperty [value: DEFAULT]
23:34:58.927 [FXGL Background Thread 2 ] DEBUG Engine               - randomSeed: -1
23:34:58.927 [FXGL Background Thread 2 ] DEBUG Engine               - runtimeInfo: RuntimeInfo(platform=WINDOWS, version=11.9, build=27.05.2020 17.06)
23:34:58.927 [FXGL Background Thread 2 ] DEBUG Engine               - saveFileExt: sav
23:34:58.927 [FXGL Background Thread 2 ] DEBUG Engine               - sceneFactory: com.almasb.fxgl.app.scene.SceneFactory@2112390a
23:34:58.927 [FXGL Background Thread 2 ] DEBUG Engine               - secondsIn24h: 60
23:34:58.927 [FXGL Background Thread 2 ] DEBUG Engine               - settings: Title: Newfoundland Moose Collision
Version: 0.1
Width: 840
Height: 650
Fullscreen: false
Intro: false
Profiling: false
Single step:false
App Mode: DEVELOPER
Menu Key: ESCAPE
Stage Style: DECORATED
Scene Factory: class com.almasb.fxgl.app.scene.SceneFactory

23:34:58.927 [FXGL Background Thread 2 ] DEBUG Engine               - soundMenuBack: menu/back.wav
23:34:58.927 [FXGL Background Thread 2 ] DEBUG Engine               - soundMenuPress: menu/press.wav
23:34:58.927 [FXGL Background Thread 2 ] DEBUG Engine               - soundMenuSelect: menu/select.wav
23:34:58.927 [FXGL Background Thread 2 ] DEBUG Engine               - soundNotification: core/notification.wav
23:34:58.927 [FXGL Background Thread 2 ] DEBUG Engine               - stageStyle: DECORATED
23:34:58.927 [FXGL Background Thread 2 ] DEBUG Engine               - supportedLanguages: [ENGLISH, FRENCH, GERMAN, HUNGARIAN, RUSSIAN]
23:34:58.927 [FXGL Background Thread 2 ] DEBUG Engine               - title: Newfoundland Moose Collision
23:34:58.927 [FXGL Background Thread 2 ] DEBUG Engine               - urlGithub: https://github.com/AlmasB/FXGL
23:34:58.927 [FXGL Background Thread 2 ] DEBUG Engine               - urlLeaderboard: http://fxgl-top.herokuapp.com/
23:34:58.927 [FXGL Background Thread 2 ] DEBUG Engine               - urlPOM: https://raw.githubusercontent.com/AlmasB/FXGL/master/pom.xml
23:34:58.927 [FXGL Background Thread 2 ] DEBUG Engine               - version: 0.1
23:34:58.927 [FXGL Background Thread 2 ] DEBUG Engine               - versionCheckDays: 7
23:34:58.927 [FXGL Background Thread 2 ] DEBUG Engine               - width: 840
23:34:58.927 [FXGL Background Thread 2 ] DEBUG Engine               - Logging services
23:34:58.928 [FXGL Background Thread 2 ] DEBUG Engine               - class com.almasb.fxgl.app.GameApplication$GameApplicationService
23:34:58.928 [FXGL Background Thread 2 ] DEBUG Engine               - class com.almasb.fxgl.app.services.WindowService
23:34:58.928 [FXGL Background Thread 2 ] DEBUG Engine               - class com.almasb.fxgl.app.services.FXGLDialogService
23:34:58.928 [FXGL Background Thread 2 ] DEBUG Engine               - class com.almasb.fxgl.app.services.IOTaskExecutorService
23:34:58.928 [FXGL Background Thread 2 ] DEBUG Engine               - class com.almasb.fxgl.event.EventBusService
23:34:58.928 [FXGL Background Thread 2 ] DEBUG Engine               - class com.almasb.fxgl.io.FileSystemService
23:34:58.928 [FXGL Background Thread 2 ] DEBUG Engine               - class com.almasb.fxgl.localization.LocalizationService
23:34:58.928 [FXGL Background Thread 2 ] DEBUG Engine               - class com.almasb.fxgl.app.services.AssetLoaderService
23:34:58.928 [FXGL Background Thread 2 ] DEBUG Engine               - class com.almasb.fxgl.app.services.SystemBundleService
23:34:58.928 [FXGL Background Thread 2 ] DEBUG Engine               - class com.almasb.fxgl.profile.SaveLoadService
23:34:58.928 [FXGL Background Thread 2 ] DEBUG Engine               - class com.almasb.fxgl.ui.FXGLUIFactoryServiceProvider
23:34:58.928 [FXGL Background Thread 2 ] DEBUG Engine               - class com.almasb.fxgl.ui.FXGLDialogFactoryServiceProvider
23:34:58.928 [FXGL Background Thread 2 ] DEBUG Engine               - class com.almasb.fxgl.audio.AudioPlayer
23:34:58.928 [FXGL Background Thread 2 ] DEBUG Engine               - class com.almasb.fxgl.notification.impl.NotificationServiceProvider
23:34:58.928 [FXGL Background Thread 2 ] DEBUG Engine               - class com.almasb.fxgl.achievement.AchievementService
23:34:58.928 [FXGL Background Thread 2 ] DEBUG Engine               - class com.almasb.fxgl.cutscene.CutsceneService
23:34:58.928 [FXGL Background Thread 2 ] DEBUG Engine               - class com.almasb.fxgl.minigames.MiniGameService
23:34:58.928 [FXGL Background Thread 2 ] DEBUG Engine               - class com.almasb.fxgl.net.NetService
23:34:58.928 [FXGL Background Thread 2 ] DEBUG Engine               - class com.almasb.fxgl.app.services.UpdaterService
23:34:58.928 [FXGL Background Thread 2 ] DEBUG Engine               - class com.almasb.fxgl.dev.DevService
23:34:59.152 [JavaFX Application Thread] DEBUG AssetLoaderService   - Loading from cache: /assets/textures/driver1.png
23:34:59.664 [JavaFX Application Thread] DEBUG AssetLoaderService   - Loading from cache: /assets/textures/driver3.png
23:35:00.176 [JavaFX Application Thread] DEBUG AssetLoaderService   - Loading from cache: /assets/textures/driver1.png
23:35:00.704 [JavaFX Application Thread] DEBUG AssetLoaderService   - Loading from cache: /assets/textures/driver2.png
23:35:01.216 [JavaFX Application Thread] DEBUG AssetLoaderService   - Loading from cache: /assets/textures/driver3.png
23:35:01.728 [JavaFX Application Thread] DEBUG AssetLoaderService   - Loading from cache: /assets/textures/driver4.png
23:35:02.240 [JavaFX Application Thread] DEBUG AssetLoaderService   - Loading from cache: /assets/textures/driver4.png
23:35:02.768 [JavaFX Application Thread] DEBUG AssetLoaderService   - Loading from cache: /assets/textures/driver3.png
23:35:03.280 [JavaFX Application Thread] DEBUG AssetLoaderService   - Loading from cache: /assets/textures/driver4.png
23:35:03.793 [JavaFX Application Thread] DEBUG AssetLoaderService   - Loading from cache: /assets/textures/driver3.png
23:35:04.305 [JavaFX Application Thread] DEBUG AssetLoaderService   - Loading from cache: /assets/textures/driver2.png
23:35:04.800 [JavaFX Application Thread] DEBUG AssetLoaderService   - Loading from cache: /assets/textures/driver1.png
23:35:05.297 [JavaFX Application Thread] DEBUG AssetLoaderService   - Loading from cache: /assets/textures/driver2.png
23:35:05.793 [JavaFX Application Thread] DEBUG AssetLoaderService   - Loading from cache: /assets/textures/driver3.png
23:35:06.064 [JavaFX Application Thread] DEBUG AssetLoaderService   - Loading from file system: /assets/textures/coin.png
23:35:06.288 [JavaFX Application Thread] DEBUG AssetLoaderService   - Loading from cache: /assets/textures/driver2.png
23:35:06.800 [JavaFX Application Thread] DEBUG AssetLoaderService   - Loading from cache: /assets/textures/driver2.png
23:35:07.296 [JavaFX Application Thread] DEBUG AssetLoaderService   - Loading from cache: /assets/textures/driver3.png
23:35:07.792 [JavaFX Application Thread] DEBUG AssetLoaderService   - Loading from cache: /assets/textures/driver1.png
23:35:08.303 [JavaFX Application Thread] DEBUG AssetLoaderService   - Loading from cache: /assets/textures/driver3.png
23:35:08.800 [JavaFX Application Thread] DEBUG AssetLoaderService   - Loading from cache: /assets/textures/driver0.png
23:35:09.296 [JavaFX Application Thread] DEBUG AssetLoaderService   - Loading from cache: /assets/textures/driver3.png
23:35:09.793 [JavaFX Application Thread] DEBUG AssetLoaderService   - Loading from cache: /assets/textures/driver0.png
23:35:10.305 [JavaFX Application Thread] DEBUG AssetLoaderService   - Loading from cache: /assets/textures/driver2.png
23:35:10.801 [JavaFX Application Thread] DEBUG AssetLoaderService   - Loading from cache: /assets/textures/driver1.png
23:35:11.296 [JavaFX Application Thread] DEBUG AssetLoaderService   - Loading from cache: /assets/textures/driver1.png
23:35:11.792 [JavaFX Application Thread] DEBUG AssetLoaderService   - Loading from cache: /assets/textures/driver2.png
23:35:12.321 [JavaFX Application Thread] DEBUG AssetLoaderService   - Loading from cache: /assets/textures/driver1.png
23:35:12.833 [JavaFX Application Thread] DEBUG AssetLoaderService   - Loading from cache: /assets/textures/driver1.png
23:35:13.344 [JavaFX Application Thread] DEBUG AssetLoaderService   - Loading from cache: /assets/textures/driver0.png
23:35:13.873 [JavaFX Application Thread] DEBUG AssetLoaderService   - Loading from cache: /assets/textures/driver4.png
23:35:14.384 [JavaFX Application Thread] DEBUG AssetLoaderService   - Loading from cache: /assets/textures/driver1.png
23:35:14.897 [JavaFX Application Thread] DEBUG AssetLoaderService   - Loading from cache: /assets/textures/driver3.png
23:35:15.408 [JavaFX Application Thread] DEBUG AssetLoaderService   - Loading from cache: /assets/textures/driver0.png
23:35:15.937 [JavaFX Application Thread] DEBUG AssetLoaderService   - Loading from cache: /assets/textures/driver2.png
23:35:16.064 [JavaFX Application Thread] DEBUG AssetLoaderService   - Loading from cache: /assets/textures/coin.png
23:35:16.449 [JavaFX Application Thread] DEBUG AssetLoaderService   - Loading from cache: /assets/textures/driver2.png
23:35:16.961 [JavaFX Application Thread] DEBUG AssetLoaderService   - Loading from cache: /assets/textures/driver4.png
23:35:17.489 [JavaFX Application Thread] DEBUG AssetLoaderService   - Loading from cache: /assets/textures/driver3.png
23:35:18.001 [JavaFX Application Thread] DEBUG AssetLoaderService   - Loading from cache: /assets/textures/driver0.png
23:35:18.512 [JavaFX Application Thread] DEBUG AssetLoaderService   - Loading from cache: /assets/textures/driver4.png
23:35:19.025 [JavaFX Application Thread] DEBUG AssetLoaderService   - Loading from cache: /assets/textures/driver2.png
23:35:19.057 [JavaFX Application Thread] DEBUG AssetLoaderService   - Loading from file system: /assets/sounds/coincollect.wav
23:35:19.600 [JavaFX Application Thread] DEBUG AssetLoaderService   - Loading from cache: /assets/textures/driver3.png
23:35:20.112 [JavaFX Application Thread] DEBUG AssetLoaderService   - Loading from cache: /assets/textures/driver2.png
23:35:20.625 [JavaFX Application Thread] DEBUG AssetLoaderService   - Loading from cache: /assets/textures/driver0.png
23:35:21.151 [JavaFX Application Thread] DEBUG AssetLoaderService   - Loading from cache: /assets/textures/driver2.png
23:35:21.665 [JavaFX Application Thread] DEBUG AssetLoaderService   - Loading from cache: /assets/textures/driver0.png
23:35:22.176 [JavaFX Application Thread] DEBUG AssetLoaderService   - Loading from cache: /assets/textures/driver2.png
23:35:22.705 [JavaFX Application Thread] DEBUG AssetLoaderService   - Loading from cache: /assets/textures/driver3.png
23:35:23.216 [JavaFX Application Thread] DEBUG AssetLoaderService   - Loading from cache: /assets/textures/driver1.png
23:35:23.728 [JavaFX Application Thread] DEBUG AssetLoaderService   - Loading from cache: /assets/textures/driver4.png
23:35:24.240 [JavaFX Application Thread] DEBUG AssetLoaderService   - Loading from cache: /assets/textures/driver2.png
23:35:24.767 [JavaFX Application Thread] DEBUG AssetLoaderService   - Loading from cache: /assets/textures/driver3.png
23:35:25.280 [JavaFX Application Thread] DEBUG AssetLoaderService   - Loading from cache: /assets/textures/driver4.png
23:35:25.792 [JavaFX Application Thread] DEBUG AssetLoaderService   - Loading from cache: /assets/textures/driver4.png
23:35:26.128 [JavaFX Application Thread] DEBUG AssetLoaderService   - Loading from cache: /assets/textures/coin.png
23:35:26.320 [JavaFX Application Thread] DEBUG AssetLoaderService   - Loading from cache: /assets/textures/driver4.png
23:35:26.833 [JavaFX Application Thread] DEBUG AssetLoaderService   - Loading from cache: /assets/textures/driver4.png
23:35:27.344 [JavaFX Application Thread] DEBUG AssetLoaderService   - Loading from cache: /assets/textures/driver3.png
23:35:27.873 [JavaFX Application Thread] DEBUG AssetLoaderService   - Loading from cache: /assets/textures/driver2.png
23:35:28.384 [JavaFX Application Thread] DEBUG AssetLoaderService   - Loading from cache: /assets/textures/driver4.png
23:35:28.897 [JavaFX Application Thread] DEBUG AssetLoaderService   - Loading from cache: /assets/textures/driver4.png
23:35:29.105 [JavaFX Application Thread] DEBUG GameApplication      - Exiting FXGL
23:35:29.105 [JavaFX Application Thread] DEBUG LoopRunner           - Stopping loop
23:35:29.105 [JavaFX Application Thread] DEBUG SystemBundleService  - Saving FXGL system data
23:35:29.107 [JavaFX Application Thread] DEBUG FileSystemAccess     - Writing to: E:\secondYear\Java\NewfoundlandRacer\system\fxgl.bundle
23:35:29.108 [JavaFX Application Thread] DEBUG GameApplication      - Shutting down background threads
23:35:29.108 [JavaFX Application Thread] DEBUG GameApplication      - Closing logger and exiting JavaFX
