16:59:48.306 [main                     ] DEBUG GameApplication      - Logger initialized
16:59:48.309 [main                     ] DEBUG GameApplication      - Logging settings
Title: Newfoundland Moose Collision
Version: 0.1
Width: 840
Height: 650
Fullscreen: false
Intro: false
Profiling: false
Single step:false
App Mode: DEVELOPER
Menu Key: ESCAPE
Stage Style: DECORATED
Scene Factory: class com.almasb.fxgl.app.scene.SceneFactory

16:59:48.701 [JavaFX Application Thread] DEBUG GameApplication      - Initializing FXGL
16:59:48.716 [JavaFX Application Thread] INFO  Engine               - FXGL-11.9 (27.05.2020 17.06) on WINDOWS (J:14.0.1 FX:13.0.2)
16:59:48.716 [JavaFX Application Thread] DEBUG Engine               - JRE Vendor Name: Oracle Corporation
16:59:48.716 [JavaFX Application Thread] DEBUG Engine               - Running on OS: Windows 10 version 10.0
16:59:48.716 [JavaFX Application Thread] DEBUG Engine               - Architecture: amd64
16:59:48.717 [JavaFX Application Thread] INFO  Engine               - Source code and latest versions at: https://github.com/AlmasB/FXGL
16:59:48.717 [JavaFX Application Thread] INFO  Engine               -              Join the FXGL chat at: https://gitter.im/AlmasB/FXGL
16:59:48.833 [JavaFX Application Thread] DEBUG MainWindow           - Creating a JavaFX scene
16:59:48.880 [JavaFX Application Thread] DEBUG MainWindow           - Target settings size: 840.0 x 650.0
16:59:48.880 [JavaFX Application Thread] DEBUG MainWindow           - Scaled scene size:    840.0 x 650.0
16:59:48.881 [JavaFX Application Thread] DEBUG MainWindow           - Scaled ratio: (1.0, 1.0)
16:59:48.882 [JavaFX Application Thread] DEBUG MainWindow           - Set initial scene to FXGLStartupScene
16:59:48.888 [JavaFX Application Thread] DEBUG MainWindow           - Opening main window
16:59:48.969 [JavaFX Application Thread] DEBUG MainWindow           - Window border size: (16.0, 39.0)
16:59:48.970 [JavaFX Application Thread] DEBUG MainWindow           - Scaled size: 840.0 x 650.0
16:59:48.970 [JavaFX Application Thread] DEBUG MainWindow           - Scaled ratio: (1.0, 1.0)
16:59:48.970 [JavaFX Application Thread] DEBUG MainWindow           - Scene size: 840.0 x 650.0
16:59:48.970 [JavaFX Application Thread] DEBUG MainWindow           - Stage size: 856.0 x 689.0
16:59:48.976 [FXGL Background Thread 1 ] DEBUG Engine               - Initializing environment variables
16:59:48.995 [FXGL Background Thread 1 ] DEBUG WindowService        - Applying CSS: fxgl_dark.css
16:59:48.995 [FXGL Background Thread 1 ] DEBUG AssetLoaderService   - Loading from file system: /assets/ui/css/fxgl_dark.css
16:59:49.029 [FXGL Background Thread 1 ] DEBUG WindowService        - Initializing application scenes
16:59:49.057 [FXGL Background Thread 1 ] DEBUG GameWorld            - Game world initialized
16:59:49.090 [FXGL Background Thread 1 ] DEBUG PhysicsWorld         - Physics world initialized: appHeight=650, physics.ppm=50.0
16:59:49.092 [FXGL Background Thread 1 ] DEBUG GameScene            - Game scene initialized: 840x650
16:59:49.114 [FXGL Background Thread 1 ] DEBUG AssetLoaderService   - Loading from file system: /assets/textures/particles/trace_horizontal.png
16:59:49.164 [FXGL Background Thread 1 ] DEBUG FXGL.DefaultMenu     - createMenuBodyGameMenu()
16:59:49.179 [FXGL Background Thread 1 ] DEBUG FXGL.DefaultMenu     - createOptionsMenu()
16:59:49.182 [FXGL Background Thread 1 ] DEBUG AssetLoaderService   - Loading from file system: /assets/textures/particles/smoke.png
16:59:49.223 [FXGL Background Thread 1 ] DEBUG WindowService        - Application scenes initialized
16:59:49.232 [FXGL Background Thread 1 ] DEBUG SystemBundleService  - Loading FXGL system data
16:59:49.235 [FXGL Background Thread 1 ] DEBUG FileSystemAccess     - Reading from: E:\secondYear\Java\NewfoundlandRacer\system\fxgl.bundle
16:59:49.240 [FXGL Background Thread 1 ] DEBUG SystemBundleService  - Bundle FXGL: {}
16:59:49.240 [FXGL Background Thread 1 ] INFO  Engine               - FXGL initialization took: 0.263 sec
16:59:49.241 [FXGL Background Thread 1 ] DEBUG GameApplication      - Loading localizations
16:59:49.242 [FXGL Background Thread 1 ] DEBUG AssetLoaderService   - Loading from file system: /assets/languages/english.lang
16:59:49.249 [FXGL Background Thread 1 ] DEBUG AssetLoaderService   - Loading from file system: /assets/languages/french.lang
16:59:49.250 [FXGL Background Thread 1 ] DEBUG AssetLoaderService   - Loading from file system: /assets/languages/german.lang
16:59:49.251 [FXGL Background Thread 1 ] DEBUG AssetLoaderService   - Loading from file system: /assets/languages/hungarian.lang
16:59:49.254 [FXGL Background Thread 1 ] DEBUG AssetLoaderService   - Loading from file system: /assets/languages/russian.lang
16:59:49.255 [FXGL Background Thread 1 ] DEBUG GameApplication      - Registering font factories with UI factory
16:59:49.256 [FXGL Background Thread 1 ] DEBUG AssetLoaderService   - Loading from file system: /assets/ui/fonts/VarelaRound-Regular.ttf
16:59:49.287 [FXGL Background Thread 1 ] DEBUG AssetLoaderService   - Loading from file system: /assets/ui/fonts/Abel-Regular.ttf
16:59:49.290 [FXGL Background Thread 1 ] DEBUG AssetLoaderService   - Loading from file system: /assets/ui/fonts/lucida_console.ttf
16:59:49.293 [FXGL Background Thread 1 ] DEBUG AssetLoaderService   - Loading from file system: /assets/ui/fonts/Courier-Prime.ttf
16:59:49.303 [JavaFX Application Thread] DEBUG Input                - Registered new binding: Move Right - D
16:59:49.303 [JavaFX Application Thread] DEBUG Input                - Registered new binding: Move Left - A
16:59:49.303 [JavaFX Application Thread] DEBUG Input                - Registered new binding: Move Up - W
16:59:49.304 [JavaFX Application Thread] DEBUG Input                - Registered new binding: Move Down - S
16:59:49.304 [JavaFX Application Thread] DEBUG AssetLoaderService   - Loading from file system: /assets/textures/fxgl_icon.png
16:59:49.318 [JavaFX Application Thread] DEBUG AssetLoaderService   - Loading from file system: /assets/ui/cursors/fxgl_default.png
16:59:49.321 [JavaFX Application Thread] DEBUG Input                - Registered new binding: Screenshot - P
16:59:49.321 [JavaFX Application Thread] DEBUG Input                - Registered new binding: System info dump - CTRL+9
16:59:49.322 [JavaFX Application Thread] DEBUG Input                - Registered new binding: Restart - CTRL+R
16:59:49.322 [JavaFX Application Thread] DEBUG LoopRunner           - Starting loop
16:59:49.332 [JavaFX Application Thread] DEBUG FXGLStartupScene     - STARTUP
16:59:49.332 [JavaFX Application Thread] DEBUG WindowService        - Starting new game
16:59:49.332 [JavaFX Application Thread] DEBUG Input                - Clearing active input actions
16:59:49.342 [JavaFX Application Thread] DEBUG WindowService        - Removing overlay from FXGLStartupScene and adding to FXGLLoadingScene
16:59:49.343 [JavaFX Application Thread] DEBUG MainWindow           - FXGLStartupScene -> FXGLLoadingScene
16:59:49.343 [JavaFX Application Thread] DEBUG WindowService        - Clearing previous game
16:59:49.343 [JavaFX Application Thread] DEBUG GameScene            - Clearing game scene
16:59:49.343 [JavaFX Application Thread] DEBUG GameWorld            - Clearing game world
16:59:49.343 [JavaFX Application Thread] DEBUG PhysicsWorld         - Clearing physics world
16:59:49.344 [FXGL Background Thread 1 ] DEBUG GameApplication      - Initializing game
16:59:49.350 [FXGL Background Thread 1 ] DEBUG AssetLoaderService   - Loading from file system: /assets/textures/4lanehighway.png
16:59:49.425 [FXGL Background Thread 1 ] DEBUG AssetLoaderService   - Loading from file system: /assets/textures/player.png
16:59:49.434 [FXGL Background Thread 1 ] DEBUG AssetLoaderService   - Loading from file system: /assets/textures/coin.png
16:59:49.443 [FXGL Background Thread 1 ] INFO  GameApplication      - Game initialization took: 0.099 sec
16:59:49.452 [JavaFX Application Thread] DEBUG Input                - Clearing active input actions
16:59:49.460 [JavaFX Application Thread] DEBUG WindowService        - Removing overlay from FXGLLoadingScene and adding to GameScene
16:59:49.460 [JavaFX Application Thread] DEBUG MainWindow           - FXGLLoadingScene -> GameScene
16:59:51.456 [JavaFX Application Thread] DEBUG AssetLoaderService   - Loading from file system: /assets/textures/driver.png
16:59:52.242 [FXGL Background Thread 2 ] DEBUG Engine               - Logging environment variables
16:59:52.243 [FXGL Background Thread 2 ] DEBUG Engine               - achievements: []
16:59:52.243 [FXGL Background Thread 2 ] DEBUG Engine               - appIcon: fxgl_icon.png
16:59:52.243 [FXGL Background Thread 2 ] DEBUG Engine               - applicationMode: DEVELOPER
16:59:52.243 [FXGL Background Thread 2 ] DEBUG Engine               - cSSList: [fxgl_dark.css]
16:59:52.243 [FXGL Background Thread 2 ] DEBUG Engine               - configClass: Optional.empty
16:59:52.243 [FXGL Background Thread 2 ] DEBUG Engine               - credits: []
16:59:52.244 [FXGL Background Thread 2 ] DEBUG Engine               - devBBoxColorProperty: ObjectProperty [value: 0xff0000ff]
16:59:52.244 [FXGL Background Thread 2 ] DEBUG Engine               - devSensorColorProperty: ObjectProperty [value: 0xffff00ff]
16:59:52.244 [FXGL Background Thread 2 ] DEBUG Engine               - devShowBBoxProperty: BooleanProperty [value: false]
16:59:52.244 [FXGL Background Thread 2 ] DEBUG Engine               - devShowPositionProperty: BooleanProperty [value: false]
16:59:52.245 [FXGL Background Thread 2 ] DEBUG Engine               - enabledMenuItems: []
16:59:52.245 [FXGL Background Thread 2 ] DEBUG Engine               - engineServices: [class com.almasb.fxgl.app.GameApplication$GameApplicationService, class com.almasb.fxgl.app.services.WindowService, class com.almasb.fxgl.app.services.FXGLDialogService, class com.almasb.fxgl.app.services.IOTaskExecutorService, class com.almasb.fxgl.event.EventBusService, class com.almasb.fxgl.io.FileSystemService, class com.almasb.fxgl.localization.LocalizationService, class com.almasb.fxgl.app.services.AssetLoaderService, class com.almasb.fxgl.app.services.SystemBundleService, class com.almasb.fxgl.profile.SaveLoadService, class com.almasb.fxgl.ui.FXGLUIFactoryServiceProvider, class com.almasb.fxgl.ui.FXGLDialogFactoryServiceProvider, class com.almasb.fxgl.audio.AudioPlayer, class com.almasb.fxgl.notification.impl.NotificationServiceProvider, class com.almasb.fxgl.achievement.AchievementService, class com.almasb.fxgl.cutscene.CutsceneService, class com.almasb.fxgl.minigames.MiniGameService, class com.almasb.fxgl.net.NetService, class com.almasb.fxgl.app.services.UpdaterService, class com.almasb.fxgl.dev.DevService]
16:59:52.245 [FXGL Background Thread 2 ] DEBUG Engine               - fontGame: Abel-Regular.ttf
16:59:52.245 [FXGL Background Thread 2 ] DEBUG Engine               - fontMono: lucida_console.ttf
16:59:52.245 [FXGL Background Thread 2 ] DEBUG Engine               - fontText: Courier-Prime.ttf
16:59:52.246 [FXGL Background Thread 2 ] DEBUG Engine               - fontUI: VarelaRound-Regular.ttf
16:59:52.246 [FXGL Background Thread 2 ] DEBUG Engine               - fullScreen: BooleanProperty [value: false]
16:59:52.246 [FXGL Background Thread 2 ] DEBUG Engine               - gameDifficulty: MEDIUM
16:59:52.246 [FXGL Background Thread 2 ] DEBUG Engine               - gameDifficultyProperty: ObjectProperty [value: MEDIUM]
16:59:52.246 [FXGL Background Thread 2 ] DEBUG Engine               - globalMusicVolume: 0.5
16:59:52.246 [FXGL Background Thread 2 ] DEBUG Engine               - globalMusicVolumeProperty: DoubleProperty [value: 0.5]
16:59:52.247 [FXGL Background Thread 2 ] DEBUG Engine               - globalSoundVolume: 0.5
16:59:52.247 [FXGL Background Thread 2 ] DEBUG Engine               - globalSoundVolumeProperty: DoubleProperty [value: 0.5]
16:59:52.247 [FXGL Background Thread 2 ] DEBUG Engine               - height: 650
16:59:52.247 [FXGL Background Thread 2 ] DEBUG Engine               - isAndroid: false
16:59:52.247 [FXGL Background Thread 2 ] DEBUG Engine               - isBrowser: false
16:59:52.247 [FXGL Background Thread 2 ] DEBUG Engine               - isClickFeedbackEnabled: false
16:59:52.247 [FXGL Background Thread 2 ] DEBUG Engine               - isCloseConfirmation: false
16:59:52.248 [FXGL Background Thread 2 ] DEBUG Engine               - isDesktop: true
16:59:52.248 [FXGL Background Thread 2 ] DEBUG Engine               - isDeveloperMenuEnabled: false
16:59:52.248 [FXGL Background Thread 2 ] DEBUG Engine               - isExperimentalNative: false
16:59:52.248 [FXGL Background Thread 2 ] DEBUG Engine               - isExperimentalTiledLargeMap: false
16:59:52.248 [FXGL Background Thread 2 ] DEBUG Engine               - isFullScreenAllowed: false
16:59:52.248 [FXGL Background Thread 2 ] DEBUG Engine               - isFullScreenFromStart: false
16:59:52.248 [FXGL Background Thread 2 ] DEBUG Engine               - isGameMenuEnabled: true
16:59:52.248 [FXGL Background Thread 2 ] DEBUG Engine               - isIOS: false
16:59:52.249 [FXGL Background Thread 2 ] DEBUG Engine               - isIntroEnabled: false
16:59:52.249 [FXGL Background Thread 2 ] DEBUG Engine               - isLinux: false
16:59:52.249 [FXGL Background Thread 2 ] DEBUG Engine               - isMac: false
16:59:52.249 [FXGL Background Thread 2 ] DEBUG Engine               - isMainMenuEnabled: false
16:59:52.249 [FXGL Background Thread 2 ] DEBUG Engine               - isManualResizeEnabled: false
16:59:52.249 [FXGL Background Thread 2 ] DEBUG Engine               - isMobile: false
16:59:52.249 [FXGL Background Thread 2 ] DEBUG Engine               - isPreserveResizeRatio: false
16:59:52.249 [FXGL Background Thread 2 ] DEBUG Engine               - isProfilingEnabled: false
16:59:52.249 [FXGL Background Thread 2 ] DEBUG Engine               - isSingleStep: false
16:59:52.249 [FXGL Background Thread 2 ] DEBUG Engine               - isUserProfileEnabled: false
16:59:52.250 [FXGL Background Thread 2 ] DEBUG Engine               - isWindows: true
16:59:52.250 [FXGL Background Thread 2 ] DEBUG Engine               - language: ObjectProperty [value: ENGLISH]
16:59:52.250 [FXGL Background Thread 2 ] DEBUG Engine               - mainWindow: com.almasb.fxgl.app.MainWindow@9a597d8
16:59:52.250 [FXGL Background Thread 2 ] DEBUG Engine               - menuKey: ESCAPE
16:59:52.250 [FXGL Background Thread 2 ] DEBUG Engine               - notificationViewClass: class com.almasb.fxgl.notification.view.XboxNotificationView
16:59:52.250 [FXGL Background Thread 2 ] DEBUG Engine               - pixelsPerMeter: 50.0
16:59:52.250 [FXGL Background Thread 2 ] DEBUG Engine               - platform: WINDOWS
16:59:52.251 [FXGL Background Thread 2 ] DEBUG Engine               - profileDir: profiles/
16:59:52.251 [FXGL Background Thread 2 ] DEBUG Engine               - profileName: StringProperty [value: DEFAULT]
16:59:52.251 [FXGL Background Thread 2 ] DEBUG Engine               - randomSeed: -1
16:59:52.251 [FXGL Background Thread 2 ] DEBUG Engine               - runtimeInfo: RuntimeInfo(platform=WINDOWS, version=11.9, build=27.05.2020 17.06)
16:59:52.252 [FXGL Background Thread 2 ] DEBUG Engine               - saveFileExt: sav
16:59:52.252 [FXGL Background Thread 2 ] DEBUG Engine               - sceneFactory: com.almasb.fxgl.app.scene.SceneFactory@4ca71888
16:59:52.252 [FXGL Background Thread 2 ] DEBUG Engine               - secondsIn24h: 60
16:59:52.252 [FXGL Background Thread 2 ] DEBUG Engine               - settings: Title: Newfoundland Moose Collision
Version: 0.1
Width: 840
Height: 650
Fullscreen: false
Intro: false
Profiling: false
Single step:false
App Mode: DEVELOPER
Menu Key: ESCAPE
Stage Style: DECORATED
Scene Factory: class com.almasb.fxgl.app.scene.SceneFactory

16:59:52.252 [FXGL Background Thread 2 ] DEBUG Engine               - soundMenuBack: menu/back.wav
16:59:52.252 [FXGL Background Thread 2 ] DEBUG Engine               - soundMenuPress: menu/press.wav
16:59:52.252 [FXGL Background Thread 2 ] DEBUG Engine               - soundMenuSelect: menu/select.wav
16:59:52.252 [FXGL Background Thread 2 ] DEBUG Engine               - soundNotification: core/notification.wav
16:59:52.253 [FXGL Background Thread 2 ] DEBUG Engine               - stageStyle: DECORATED
16:59:52.253 [FXGL Background Thread 2 ] DEBUG Engine               - supportedLanguages: [ENGLISH, FRENCH, GERMAN, HUNGARIAN, RUSSIAN]
16:59:52.253 [FXGL Background Thread 2 ] DEBUG Engine               - title: Newfoundland Moose Collision
16:59:52.253 [FXGL Background Thread 2 ] DEBUG Engine               - urlGithub: https://github.com/AlmasB/FXGL
16:59:52.253 [FXGL Background Thread 2 ] DEBUG Engine               - urlLeaderboard: http://fxgl-top.herokuapp.com/
16:59:52.253 [FXGL Background Thread 2 ] DEBUG Engine               - urlPOM: https://raw.githubusercontent.com/AlmasB/FXGL/master/pom.xml
16:59:52.253 [FXGL Background Thread 2 ] DEBUG Engine               - version: 0.1
16:59:52.253 [FXGL Background Thread 2 ] DEBUG Engine               - versionCheckDays: 7
16:59:52.253 [FXGL Background Thread 2 ] DEBUG Engine               - width: 840
16:59:52.253 [FXGL Background Thread 2 ] DEBUG Engine               - Logging services
16:59:52.254 [FXGL Background Thread 2 ] DEBUG Engine               - class com.almasb.fxgl.app.GameApplication$GameApplicationService
16:59:52.254 [FXGL Background Thread 2 ] DEBUG Engine               - class com.almasb.fxgl.app.services.WindowService
16:59:52.254 [FXGL Background Thread 2 ] DEBUG Engine               - class com.almasb.fxgl.app.services.FXGLDialogService
16:59:52.254 [FXGL Background Thread 2 ] DEBUG Engine               - class com.almasb.fxgl.app.services.IOTaskExecutorService
16:59:52.254 [FXGL Background Thread 2 ] DEBUG Engine               - class com.almasb.fxgl.event.EventBusService
16:59:52.254 [FXGL Background Thread 2 ] DEBUG Engine               - class com.almasb.fxgl.io.FileSystemService
16:59:52.254 [FXGL Background Thread 2 ] DEBUG Engine               - class com.almasb.fxgl.localization.LocalizationService
16:59:52.254 [FXGL Background Thread 2 ] DEBUG Engine               - class com.almasb.fxgl.app.services.AssetLoaderService
16:59:52.254 [FXGL Background Thread 2 ] DEBUG Engine               - class com.almasb.fxgl.app.services.SystemBundleService
16:59:52.254 [FXGL Background Thread 2 ] DEBUG Engine               - class com.almasb.fxgl.profile.SaveLoadService
16:59:52.254 [FXGL Background Thread 2 ] DEBUG Engine               - class com.almasb.fxgl.ui.FXGLUIFactoryServiceProvider
16:59:52.254 [FXGL Background Thread 2 ] DEBUG Engine               - class com.almasb.fxgl.ui.FXGLDialogFactoryServiceProvider
16:59:52.254 [FXGL Background Thread 2 ] DEBUG Engine               - class com.almasb.fxgl.audio.AudioPlayer
16:59:52.254 [FXGL Background Thread 2 ] DEBUG Engine               - class com.almasb.fxgl.notification.impl.NotificationServiceProvider
16:59:52.255 [FXGL Background Thread 2 ] DEBUG Engine               - class com.almasb.fxgl.achievement.AchievementService
16:59:52.255 [FXGL Background Thread 2 ] DEBUG Engine               - class com.almasb.fxgl.cutscene.CutsceneService
16:59:52.255 [FXGL Background Thread 2 ] DEBUG Engine               - class com.almasb.fxgl.minigames.MiniGameService
16:59:52.255 [FXGL Background Thread 2 ] DEBUG Engine               - class com.almasb.fxgl.net.NetService
16:59:52.255 [FXGL Background Thread 2 ] DEBUG Engine               - class com.almasb.fxgl.app.services.UpdaterService
16:59:52.255 [FXGL Background Thread 2 ] DEBUG Engine               - class com.almasb.fxgl.dev.DevService
16:59:53.472 [JavaFX Application Thread] DEBUG AssetLoaderService   - Loading from cache: /assets/textures/driver.png
16:59:55.488 [JavaFX Application Thread] DEBUG AssetLoaderService   - Loading from cache: /assets/textures/driver.png
16:59:57.504 [JavaFX Application Thread] DEBUG AssetLoaderService   - Loading from cache: /assets/textures/driver.png
16:59:59.505 [JavaFX Application Thread] DEBUG AssetLoaderService   - Loading from cache: /assets/textures/driver.png
17:00:01.519 [JavaFX Application Thread] DEBUG AssetLoaderService   - Loading from cache: /assets/textures/driver.png
17:00:03.505 [JavaFX Application Thread] DEBUG AssetLoaderService   - Loading from cache: /assets/textures/driver.png
17:00:04.304 [JavaFX Application Thread] DEBUG GameApplication      - Exiting FXGL
17:00:04.305 [JavaFX Application Thread] DEBUG LoopRunner           - Stopping loop
17:00:04.305 [JavaFX Application Thread] DEBUG SystemBundleService  - Saving FXGL system data
17:00:04.306 [JavaFX Application Thread] DEBUG FileSystemAccess     - Writing to: E:\secondYear\Java\NewfoundlandRacer\system\fxgl.bundle
17:00:04.307 [JavaFX Application Thread] DEBUG GameApplication      - Shutting down background threads
17:00:04.308 [JavaFX Application Thread] DEBUG GameApplication      - Closing logger and exiting JavaFX
